[2023-07-26T21:23:41.652+0000] {taskinstance.py:1103} INFO - Dependencies all met for dep_context=non-requeueable deps ti=<TaskInstance: empower_to_ggdrive.scraping scheduled__2023-07-07T00:00:00+00:00 [queued]>
[2023-07-26T21:23:41.679+0000] {taskinstance.py:1103} INFO - Dependencies all met for dep_context=requeueable deps ti=<TaskInstance: empower_to_ggdrive.scraping scheduled__2023-07-07T00:00:00+00:00 [queued]>
[2023-07-26T21:23:41.685+0000] {taskinstance.py:1308} INFO - Starting attempt 1 of 2
[2023-07-26T21:23:41.753+0000] {taskinstance.py:1327} INFO - Executing <Task(PythonOperator): scraping> on 2023-07-07 00:00:00+00:00
[2023-07-26T21:23:41.773+0000] {standard_task_runner.py:57} INFO - Started process 100 to run task
[2023-07-26T21:23:41.784+0000] {standard_task_runner.py:84} INFO - Running: ['***', 'tasks', 'run', 'empower_to_ggdrive', 'scraping', 'scheduled__2023-07-07T00:00:00+00:00', '--job-id', '71', '--raw', '--subdir', 'DAGS_FOLDER/empower_to_ggdrive.py', '--cfg-path', '/tmp/tmp3uicnrkg']
[2023-07-26T21:23:41.810+0000] {standard_task_runner.py:85} INFO - Job 71: Subtask scraping
[2023-07-26T21:23:42.086+0000] {task_command.py:410} INFO - Running <TaskInstance: empower_to_ggdrive.scraping scheduled__2023-07-07T00:00:00+00:00 [running]> on host 4139e27af0e6
[2023-07-26T21:23:42.610+0000] {taskinstance.py:1547} INFO - Exporting env vars: AIRFLOW_CTX_DAG_OWNER='***' AIRFLOW_CTX_DAG_ID='empower_to_ggdrive' AIRFLOW_CTX_TASK_ID='scraping' AIRFLOW_CTX_EXECUTION_DATE='2023-07-07T00:00:00+00:00' AIRFLOW_CTX_TRY_NUMBER='1' AIRFLOW_CTX_DAG_RUN_ID='scheduled__2023-07-07T00:00:00+00:00'
[2023-07-26T21:23:43.121+0000] {python.py:183} INFO - Done. Returned value was: None
[2023-07-26T21:23:43.172+0000] {taskinstance.py:1350} INFO - Marking task as SUCCESS. dag_id=empower_to_ggdrive, task_id=scraping, execution_date=20230707T000000, start_date=20230726T212341, end_date=20230726T212343
[2023-07-26T21:23:43.303+0000] {local_task_job_runner.py:225} INFO - Task exited with return code 0
[2023-07-26T21:23:43.384+0000] {taskinstance.py:2653} INFO - 1 downstream tasks scheduled from follow-on schedule check
[2023-07-26T21:58:10.006+0000] {taskinstance.py:1103} INFO - Dependencies all met for dep_context=non-requeueable deps ti=<TaskInstance: empower_to_ggdrive.scraping scheduled__2023-07-07T00:00:00+00:00 [queued]>
[2023-07-26T21:58:10.029+0000] {taskinstance.py:1103} INFO - Dependencies all met for dep_context=requeueable deps ti=<TaskInstance: empower_to_ggdrive.scraping scheduled__2023-07-07T00:00:00+00:00 [queued]>
[2023-07-26T21:58:10.032+0000] {taskinstance.py:1308} INFO - Starting attempt 1 of 2
[2023-07-26T21:58:10.084+0000] {taskinstance.py:1327} INFO - Executing <Task(PythonOperator): scraping> on 2023-07-07 00:00:00+00:00
[2023-07-26T21:58:10.092+0000] {standard_task_runner.py:57} INFO - Started process 90 to run task
[2023-07-26T21:58:10.119+0000] {standard_task_runner.py:84} INFO - Running: ['***', 'tasks', 'run', 'empower_to_ggdrive', 'scraping', 'scheduled__2023-07-07T00:00:00+00:00', '--job-id', '154', '--raw', '--subdir', 'DAGS_FOLDER/empower_to_ggdrive.py', '--cfg-path', '/tmp/tmperre7e0e']
[2023-07-26T21:58:10.135+0000] {standard_task_runner.py:85} INFO - Job 154: Subtask scraping
[2023-07-26T21:58:10.381+0000] {task_command.py:410} INFO - Running <TaskInstance: empower_to_ggdrive.scraping scheduled__2023-07-07T00:00:00+00:00 [running]> on host bdafa43ae894
[2023-07-26T21:58:10.746+0000] {taskinstance.py:1547} INFO - Exporting env vars: AIRFLOW_CTX_DAG_OWNER='***' AIRFLOW_CTX_DAG_ID='empower_to_ggdrive' AIRFLOW_CTX_TASK_ID='scraping' AIRFLOW_CTX_EXECUTION_DATE='2023-07-07T00:00:00+00:00' AIRFLOW_CTX_TRY_NUMBER='1' AIRFLOW_CTX_DAG_RUN_ID='scheduled__2023-07-07T00:00:00+00:00'
[2023-07-26T21:58:11.260+0000] {logging_mixin.py:150} INFO - current dir/opt/***
[2023-07-26T21:58:11.261+0000] {python.py:183} INFO - Done. Returned value was: None
[2023-07-26T21:58:11.304+0000] {taskinstance.py:1350} INFO - Marking task as SUCCESS. dag_id=empower_to_ggdrive, task_id=scraping, execution_date=20230707T000000, start_date=20230726T215810, end_date=20230726T215811
[2023-07-26T21:58:11.417+0000] {local_task_job_runner.py:225} INFO - Task exited with return code 0
[2023-07-26T21:58:11.487+0000] {taskinstance.py:2653} INFO - 1 downstream tasks scheduled from follow-on schedule check
