[2023-07-26T21:23:59.066+0000] {taskinstance.py:1103} INFO - Dependencies all met for dep_context=non-requeueable deps ti=<TaskInstance: empower_to_ggdrive.scraping scheduled__2023-07-23T00:00:00+00:00 [queued]>
[2023-07-26T21:23:59.079+0000] {taskinstance.py:1103} INFO - Dependencies all met for dep_context=requeueable deps ti=<TaskInstance: empower_to_ggdrive.scraping scheduled__2023-07-23T00:00:00+00:00 [queued]>
[2023-07-26T21:23:59.081+0000] {taskinstance.py:1308} INFO - Starting attempt 1 of 2
[2023-07-26T21:23:59.135+0000] {taskinstance.py:1327} INFO - Executing <Task(PythonOperator): scraping> on 2023-07-23 00:00:00+00:00
[2023-07-26T21:23:59.144+0000] {standard_task_runner.py:57} INFO - Started process 229 to run task
[2023-07-26T21:23:59.165+0000] {standard_task_runner.py:84} INFO - Running: ['***', 'tasks', 'run', 'empower_to_ggdrive', 'scraping', 'scheduled__2023-07-23T00:00:00+00:00', '--job-id', '103', '--raw', '--subdir', 'DAGS_FOLDER/empower_to_ggdrive.py', '--cfg-path', '/tmp/tmpu7__kfqf']
[2023-07-26T21:23:59.171+0000] {standard_task_runner.py:85} INFO - Job 103: Subtask scraping
[2023-07-26T21:23:59.270+0000] {task_command.py:410} INFO - Running <TaskInstance: empower_to_ggdrive.scraping scheduled__2023-07-23T00:00:00+00:00 [running]> on host 4139e27af0e6
[2023-07-26T21:23:59.478+0000] {taskinstance.py:1547} INFO - Exporting env vars: AIRFLOW_CTX_DAG_OWNER='***' AIRFLOW_CTX_DAG_ID='empower_to_ggdrive' AIRFLOW_CTX_TASK_ID='scraping' AIRFLOW_CTX_EXECUTION_DATE='2023-07-23T00:00:00+00:00' AIRFLOW_CTX_TRY_NUMBER='1' AIRFLOW_CTX_DAG_RUN_ID='scheduled__2023-07-23T00:00:00+00:00'
[2023-07-26T21:23:59.657+0000] {python.py:183} INFO - Done. Returned value was: None
[2023-07-26T21:23:59.703+0000] {taskinstance.py:1350} INFO - Marking task as SUCCESS. dag_id=empower_to_ggdrive, task_id=scraping, execution_date=20230723T000000, start_date=20230726T212359, end_date=20230726T212359
[2023-07-26T21:23:59.810+0000] {local_task_job_runner.py:225} INFO - Task exited with return code 0
[2023-07-26T21:23:59.863+0000] {taskinstance.py:2653} INFO - 1 downstream tasks scheduled from follow-on schedule check
[2023-07-26T21:58:35.135+0000] {taskinstance.py:1103} INFO - Dependencies all met for dep_context=non-requeueable deps ti=<TaskInstance: empower_to_ggdrive.scraping scheduled__2023-07-23T00:00:00+00:00 [queued]>
[2023-07-26T21:58:35.164+0000] {taskinstance.py:1103} INFO - Dependencies all met for dep_context=requeueable deps ti=<TaskInstance: empower_to_ggdrive.scraping scheduled__2023-07-23T00:00:00+00:00 [queued]>
[2023-07-26T21:58:35.171+0000] {taskinstance.py:1308} INFO - Starting attempt 1 of 2
[2023-07-26T21:58:35.208+0000] {taskinstance.py:1327} INFO - Executing <Task(PythonOperator): scraping> on 2023-07-23 00:00:00+00:00
[2023-07-26T21:58:35.230+0000] {standard_task_runner.py:57} INFO - Started process 347 to run task
[2023-07-26T21:58:35.245+0000] {standard_task_runner.py:84} INFO - Running: ['***', 'tasks', 'run', 'empower_to_ggdrive', 'scraping', 'scheduled__2023-07-23T00:00:00+00:00', '--job-id', '181', '--raw', '--subdir', 'DAGS_FOLDER/empower_to_ggdrive.py', '--cfg-path', '/tmp/tmp2zv6v3ln']
[2023-07-26T21:58:35.249+0000] {standard_task_runner.py:85} INFO - Job 181: Subtask scraping
[2023-07-26T21:58:35.390+0000] {task_command.py:410} INFO - Running <TaskInstance: empower_to_ggdrive.scraping scheduled__2023-07-23T00:00:00+00:00 [running]> on host bdafa43ae894
[2023-07-26T21:58:35.724+0000] {taskinstance.py:1547} INFO - Exporting env vars: AIRFLOW_CTX_DAG_OWNER='***' AIRFLOW_CTX_DAG_ID='empower_to_ggdrive' AIRFLOW_CTX_TASK_ID='scraping' AIRFLOW_CTX_EXECUTION_DATE='2023-07-23T00:00:00+00:00' AIRFLOW_CTX_TRY_NUMBER='1' AIRFLOW_CTX_DAG_RUN_ID='scheduled__2023-07-23T00:00:00+00:00'
[2023-07-26T21:58:36.121+0000] {logging_mixin.py:150} INFO - current dir/opt/***
[2023-07-26T21:58:36.122+0000] {python.py:183} INFO - Done. Returned value was: None
[2023-07-26T21:58:36.161+0000] {taskinstance.py:1350} INFO - Marking task as SUCCESS. dag_id=empower_to_ggdrive, task_id=scraping, execution_date=20230723T000000, start_date=20230726T215835, end_date=20230726T215836
[2023-07-26T21:58:36.263+0000] {local_task_job_runner.py:225} INFO - Task exited with return code 0
[2023-07-26T21:58:36.320+0000] {taskinstance.py:2653} INFO - 1 downstream tasks scheduled from follow-on schedule check
