[2023-07-26T21:23:51.200+0000] {taskinstance.py:1103} INFO - Dependencies all met for dep_context=non-requeueable deps ti=<TaskInstance: empower_to_ggdrive.cleaning scheduled__2023-07-11T00:00:00+00:00 [queued]>
[2023-07-26T21:23:51.224+0000] {taskinstance.py:1103} INFO - Dependencies all met for dep_context=requeueable deps ti=<TaskInstance: empower_to_ggdrive.cleaning scheduled__2023-07-11T00:00:00+00:00 [queued]>
[2023-07-26T21:23:51.227+0000] {taskinstance.py:1308} INFO - Starting attempt 1 of 2
[2023-07-26T21:23:51.263+0000] {taskinstance.py:1327} INFO - Executing <Task(PythonOperator): cleaning> on 2023-07-11 00:00:00+00:00
[2023-07-26T21:23:51.280+0000] {standard_task_runner.py:57} INFO - Started process 178 to run task
[2023-07-26T21:23:51.285+0000] {standard_task_runner.py:84} INFO - Running: ['***', 'tasks', 'run', 'empower_to_ggdrive', 'cleaning', 'scheduled__2023-07-11T00:00:00+00:00', '--job-id', '92', '--raw', '--subdir', 'DAGS_FOLDER/empower_to_ggdrive.py', '--cfg-path', '/tmp/tmpl1zitpvy']
[2023-07-26T21:23:51.289+0000] {standard_task_runner.py:85} INFO - Job 92: Subtask cleaning
[2023-07-26T21:23:51.394+0000] {task_command.py:410} INFO - Running <TaskInstance: empower_to_ggdrive.cleaning scheduled__2023-07-11T00:00:00+00:00 [running]> on host 4139e27af0e6
[2023-07-26T21:23:51.537+0000] {taskinstance.py:1547} INFO - Exporting env vars: AIRFLOW_CTX_DAG_OWNER='***' AIRFLOW_CTX_DAG_ID='empower_to_ggdrive' AIRFLOW_CTX_TASK_ID='cleaning' AIRFLOW_CTX_EXECUTION_DATE='2023-07-11T00:00:00+00:00' AIRFLOW_CTX_TRY_NUMBER='1' AIRFLOW_CTX_DAG_RUN_ID='scheduled__2023-07-11T00:00:00+00:00'
[2023-07-26T21:23:51.682+0000] {python.py:183} INFO - Done. Returned value was: None
[2023-07-26T21:23:51.702+0000] {taskinstance.py:1350} INFO - Marking task as SUCCESS. dag_id=empower_to_ggdrive, task_id=cleaning, execution_date=20230711T000000, start_date=20230726T212351, end_date=20230726T212351
[2023-07-26T21:23:51.748+0000] {local_task_job_runner.py:225} INFO - Task exited with return code 0
[2023-07-26T21:23:51.778+0000] {taskinstance.py:2653} INFO - 0 downstream tasks scheduled from follow-on schedule check
[2023-07-26T21:58:17.757+0000] {taskinstance.py:1103} INFO - Dependencies all met for dep_context=non-requeueable deps ti=<TaskInstance: empower_to_ggdrive.cleaning scheduled__2023-07-11T00:00:00+00:00 [queued]>
[2023-07-26T21:58:17.820+0000] {taskinstance.py:1103} INFO - Dependencies all met for dep_context=requeueable deps ti=<TaskInstance: empower_to_ggdrive.cleaning scheduled__2023-07-11T00:00:00+00:00 [queued]>
[2023-07-26T21:58:17.825+0000] {taskinstance.py:1308} INFO - Starting attempt 1 of 2
[2023-07-26T21:58:17.926+0000] {taskinstance.py:1327} INFO - Executing <Task(PythonOperator): cleaning> on 2023-07-11 00:00:00+00:00
[2023-07-26T21:58:17.933+0000] {standard_task_runner.py:57} INFO - Started process 184 to run task
[2023-07-26T21:58:17.993+0000] {standard_task_runner.py:84} INFO - Running: ['***', 'tasks', 'run', 'empower_to_ggdrive', 'cleaning', 'scheduled__2023-07-11T00:00:00+00:00', '--job-id', '172', '--raw', '--subdir', 'DAGS_FOLDER/empower_to_ggdrive.py', '--cfg-path', '/tmp/tmp547bqnhs']
[2023-07-26T21:58:18.030+0000] {standard_task_runner.py:85} INFO - Job 172: Subtask cleaning
[2023-07-26T21:58:18.367+0000] {task_command.py:410} INFO - Running <TaskInstance: empower_to_ggdrive.cleaning scheduled__2023-07-11T00:00:00+00:00 [running]> on host bdafa43ae894
[2023-07-26T21:58:18.555+0000] {taskinstance.py:1547} INFO - Exporting env vars: AIRFLOW_CTX_DAG_OWNER='***' AIRFLOW_CTX_DAG_ID='empower_to_ggdrive' AIRFLOW_CTX_TASK_ID='cleaning' AIRFLOW_CTX_EXECUTION_DATE='2023-07-11T00:00:00+00:00' AIRFLOW_CTX_TRY_NUMBER='1' AIRFLOW_CTX_DAG_RUN_ID='scheduled__2023-07-11T00:00:00+00:00'
[2023-07-26T21:58:22.030+0000] {python.py:183} INFO - Done. Returned value was: None
[2023-07-26T21:58:22.047+0000] {taskinstance.py:1350} INFO - Marking task as SUCCESS. dag_id=empower_to_ggdrive, task_id=cleaning, execution_date=20230711T000000, start_date=20230726T215817, end_date=20230726T215822
[2023-07-26T21:58:22.109+0000] {local_task_job_runner.py:225} INFO - Task exited with return code 0
[2023-07-26T21:58:22.129+0000] {taskinstance.py:2653} INFO - 0 downstream tasks scheduled from follow-on schedule check
