[2023-07-26T21:23:39.713+0000] {taskinstance.py:1103} INFO - Dependencies all met for dep_context=non-requeueable deps ti=<TaskInstance: empower_to_ggdrive.scraping scheduled__2023-07-04T00:00:00+00:00 [queued]>
[2023-07-26T21:23:39.780+0000] {taskinstance.py:1103} INFO - Dependencies all met for dep_context=requeueable deps ti=<TaskInstance: empower_to_ggdrive.scraping scheduled__2023-07-04T00:00:00+00:00 [queued]>
[2023-07-26T21:23:39.789+0000] {taskinstance.py:1308} INFO - Starting attempt 1 of 2
[2023-07-26T21:23:39.887+0000] {taskinstance.py:1327} INFO - Executing <Task(PythonOperator): scraping> on 2023-07-04 00:00:00+00:00
[2023-07-26T21:23:39.904+0000] {standard_task_runner.py:57} INFO - Started process 83 to run task
[2023-07-26T21:23:39.923+0000] {standard_task_runner.py:84} INFO - Running: ['***', 'tasks', 'run', 'empower_to_ggdrive', 'scraping', 'scheduled__2023-07-04T00:00:00+00:00', '--job-id', '65', '--raw', '--subdir', 'DAGS_FOLDER/empower_to_ggdrive.py', '--cfg-path', '/tmp/tmpqoan7sfc']
[2023-07-26T21:23:39.941+0000] {standard_task_runner.py:85} INFO - Job 65: Subtask scraping
[2023-07-26T21:23:40.232+0000] {task_command.py:410} INFO - Running <TaskInstance: empower_to_ggdrive.scraping scheduled__2023-07-04T00:00:00+00:00 [running]> on host 4139e27af0e6
[2023-07-26T21:23:40.613+0000] {taskinstance.py:1547} INFO - Exporting env vars: AIRFLOW_CTX_DAG_OWNER='***' AIRFLOW_CTX_DAG_ID='empower_to_ggdrive' AIRFLOW_CTX_TASK_ID='scraping' AIRFLOW_CTX_EXECUTION_DATE='2023-07-04T00:00:00+00:00' AIRFLOW_CTX_TRY_NUMBER='1' AIRFLOW_CTX_DAG_RUN_ID='scheduled__2023-07-04T00:00:00+00:00'
[2023-07-26T21:23:41.048+0000] {python.py:183} INFO - Done. Returned value was: None
[2023-07-26T21:23:41.092+0000] {taskinstance.py:1350} INFO - Marking task as SUCCESS. dag_id=empower_to_ggdrive, task_id=scraping, execution_date=20230704T000000, start_date=20230726T212339, end_date=20230726T212341
[2023-07-26T21:23:41.199+0000] {local_task_job_runner.py:225} INFO - Task exited with return code 0
[2023-07-26T21:23:41.320+0000] {taskinstance.py:2653} INFO - 1 downstream tasks scheduled from follow-on schedule check
[2023-07-26T21:58:10.426+0000] {taskinstance.py:1103} INFO - Dependencies all met for dep_context=non-requeueable deps ti=<TaskInstance: empower_to_ggdrive.scraping scheduled__2023-07-04T00:00:00+00:00 [queued]>
[2023-07-26T21:58:10.498+0000] {taskinstance.py:1103} INFO - Dependencies all met for dep_context=requeueable deps ti=<TaskInstance: empower_to_ggdrive.scraping scheduled__2023-07-04T00:00:00+00:00 [queued]>
[2023-07-26T21:58:10.499+0000] {taskinstance.py:1308} INFO - Starting attempt 1 of 2
[2023-07-26T21:58:10.540+0000] {taskinstance.py:1327} INFO - Executing <Task(PythonOperator): scraping> on 2023-07-04 00:00:00+00:00
[2023-07-26T21:58:10.567+0000] {standard_task_runner.py:57} INFO - Started process 102 to run task
[2023-07-26T21:58:10.580+0000] {standard_task_runner.py:84} INFO - Running: ['***', 'tasks', 'run', 'empower_to_ggdrive', 'scraping', 'scheduled__2023-07-04T00:00:00+00:00', '--job-id', '153', '--raw', '--subdir', 'DAGS_FOLDER/empower_to_ggdrive.py', '--cfg-path', '/tmp/tmp09m6hoph']
[2023-07-26T21:58:10.599+0000] {standard_task_runner.py:85} INFO - Job 153: Subtask scraping
[2023-07-26T21:58:10.799+0000] {task_command.py:410} INFO - Running <TaskInstance: empower_to_ggdrive.scraping scheduled__2023-07-04T00:00:00+00:00 [running]> on host bdafa43ae894
[2023-07-26T21:58:11.232+0000] {taskinstance.py:1547} INFO - Exporting env vars: AIRFLOW_CTX_DAG_OWNER='***' AIRFLOW_CTX_DAG_ID='empower_to_ggdrive' AIRFLOW_CTX_TASK_ID='scraping' AIRFLOW_CTX_EXECUTION_DATE='2023-07-04T00:00:00+00:00' AIRFLOW_CTX_TRY_NUMBER='1' AIRFLOW_CTX_DAG_RUN_ID='scheduled__2023-07-04T00:00:00+00:00'
[2023-07-26T21:58:11.861+0000] {logging_mixin.py:150} INFO - current dir/opt/***
[2023-07-26T21:58:11.862+0000] {python.py:183} INFO - Done. Returned value was: None
[2023-07-26T21:58:11.887+0000] {taskinstance.py:1350} INFO - Marking task as SUCCESS. dag_id=empower_to_ggdrive, task_id=scraping, execution_date=20230704T000000, start_date=20230726T215810, end_date=20230726T215811
[2023-07-26T21:58:11.959+0000] {local_task_job_runner.py:225} INFO - Task exited with return code 0
[2023-07-26T21:58:11.990+0000] {taskinstance.py:2653} INFO - 1 downstream tasks scheduled from follow-on schedule check
