[2023-07-26T21:23:47.160+0000] {taskinstance.py:1103} INFO - Dependencies all met for dep_context=non-requeueable deps ti=<TaskInstance: empower_to_ggdrive.scraping scheduled__2023-07-14T00:00:00+00:00 [queued]>
[2023-07-26T21:23:47.224+0000] {taskinstance.py:1103} INFO - Dependencies all met for dep_context=requeueable deps ti=<TaskInstance: empower_to_ggdrive.scraping scheduled__2023-07-14T00:00:00+00:00 [queued]>
[2023-07-26T21:23:47.228+0000] {taskinstance.py:1308} INFO - Starting attempt 1 of 2
[2023-07-26T21:23:47.340+0000] {taskinstance.py:1327} INFO - Executing <Task(PythonOperator): scraping> on 2023-07-14 00:00:00+00:00
[2023-07-26T21:23:47.348+0000] {standard_task_runner.py:57} INFO - Started process 147 to run task
[2023-07-26T21:23:47.413+0000] {standard_task_runner.py:84} INFO - Running: ['***', 'tasks', 'run', 'empower_to_ggdrive', 'scraping', 'scheduled__2023-07-14T00:00:00+00:00', '--job-id', '83', '--raw', '--subdir', 'DAGS_FOLDER/empower_to_ggdrive.py', '--cfg-path', '/tmp/tmpjg1uvemg']
[2023-07-26T21:23:47.418+0000] {standard_task_runner.py:85} INFO - Job 83: Subtask scraping
[2023-07-26T21:23:47.798+0000] {task_command.py:410} INFO - Running <TaskInstance: empower_to_ggdrive.scraping scheduled__2023-07-14T00:00:00+00:00 [running]> on host 4139e27af0e6
[2023-07-26T21:23:48.315+0000] {taskinstance.py:1547} INFO - Exporting env vars: AIRFLOW_CTX_DAG_OWNER='***' AIRFLOW_CTX_DAG_ID='empower_to_ggdrive' AIRFLOW_CTX_TASK_ID='scraping' AIRFLOW_CTX_EXECUTION_DATE='2023-07-14T00:00:00+00:00' AIRFLOW_CTX_TRY_NUMBER='1' AIRFLOW_CTX_DAG_RUN_ID='scheduled__2023-07-14T00:00:00+00:00'
[2023-07-26T21:23:49.116+0000] {python.py:183} INFO - Done. Returned value was: None
[2023-07-26T21:23:49.145+0000] {taskinstance.py:1350} INFO - Marking task as SUCCESS. dag_id=empower_to_ggdrive, task_id=scraping, execution_date=20230714T000000, start_date=20230726T212347, end_date=20230726T212349
[2023-07-26T21:23:49.279+0000] {local_task_job_runner.py:225} INFO - Task exited with return code 0
[2023-07-26T21:23:49.370+0000] {taskinstance.py:2653} INFO - 1 downstream tasks scheduled from follow-on schedule check
[2023-07-26T21:58:10.274+0000] {taskinstance.py:1103} INFO - Dependencies all met for dep_context=non-requeueable deps ti=<TaskInstance: empower_to_ggdrive.scraping scheduled__2023-07-14T00:00:00+00:00 [queued]>
[2023-07-26T21:58:10.323+0000] {taskinstance.py:1103} INFO - Dependencies all met for dep_context=requeueable deps ti=<TaskInstance: empower_to_ggdrive.scraping scheduled__2023-07-14T00:00:00+00:00 [queued]>
[2023-07-26T21:58:10.325+0000] {taskinstance.py:1308} INFO - Starting attempt 1 of 2
[2023-07-26T21:58:10.391+0000] {taskinstance.py:1327} INFO - Executing <Task(PythonOperator): scraping> on 2023-07-14 00:00:00+00:00
[2023-07-26T21:58:10.408+0000] {standard_task_runner.py:57} INFO - Started process 99 to run task
[2023-07-26T21:58:10.421+0000] {standard_task_runner.py:84} INFO - Running: ['***', 'tasks', 'run', 'empower_to_ggdrive', 'scraping', 'scheduled__2023-07-14T00:00:00+00:00', '--job-id', '148', '--raw', '--subdir', 'DAGS_FOLDER/empower_to_ggdrive.py', '--cfg-path', '/tmp/tmphx4x7xyj']
[2023-07-26T21:58:10.462+0000] {standard_task_runner.py:85} INFO - Job 148: Subtask scraping
[2023-07-26T21:58:10.705+0000] {task_command.py:410} INFO - Running <TaskInstance: empower_to_ggdrive.scraping scheduled__2023-07-14T00:00:00+00:00 [running]> on host bdafa43ae894
[2023-07-26T21:58:11.151+0000] {taskinstance.py:1547} INFO - Exporting env vars: AIRFLOW_CTX_DAG_OWNER='***' AIRFLOW_CTX_DAG_ID='empower_to_ggdrive' AIRFLOW_CTX_TASK_ID='scraping' AIRFLOW_CTX_EXECUTION_DATE='2023-07-14T00:00:00+00:00' AIRFLOW_CTX_TRY_NUMBER='1' AIRFLOW_CTX_DAG_RUN_ID='scheduled__2023-07-14T00:00:00+00:00'
[2023-07-26T21:58:11.662+0000] {logging_mixin.py:150} INFO - current dir/opt/***
[2023-07-26T21:58:11.663+0000] {python.py:183} INFO - Done. Returned value was: None
[2023-07-26T21:58:11.702+0000] {taskinstance.py:1350} INFO - Marking task as SUCCESS. dag_id=empower_to_ggdrive, task_id=scraping, execution_date=20230714T000000, start_date=20230726T215810, end_date=20230726T215811
[2023-07-26T21:58:11.786+0000] {local_task_job_runner.py:225} INFO - Task exited with return code 0
[2023-07-26T21:58:11.883+0000] {taskinstance.py:2653} INFO - 1 downstream tasks scheduled from follow-on schedule check
