[2023-07-26T21:24:03.196+0000] {taskinstance.py:1103} INFO - Dependencies all met for dep_context=non-requeueable deps ti=<TaskInstance: empower_to_ggdrive.cleaning scheduled__2023-07-22T00:00:00+00:00 [queued]>
[2023-07-26T21:24:03.210+0000] {taskinstance.py:1103} INFO - Dependencies all met for dep_context=requeueable deps ti=<TaskInstance: empower_to_ggdrive.cleaning scheduled__2023-07-22T00:00:00+00:00 [queued]>
[2023-07-26T21:24:03.211+0000] {taskinstance.py:1308} INFO - Starting attempt 1 of 2
[2023-07-26T21:24:03.235+0000] {taskinstance.py:1327} INFO - Executing <Task(PythonOperator): cleaning> on 2023-07-22 00:00:00+00:00
[2023-07-26T21:24:03.243+0000] {standard_task_runner.py:57} INFO - Started process 270 to run task
[2023-07-26T21:24:03.251+0000] {standard_task_runner.py:84} INFO - Running: ['***', 'tasks', 'run', 'empower_to_ggdrive', 'cleaning', 'scheduled__2023-07-22T00:00:00+00:00', '--job-id', '113', '--raw', '--subdir', 'DAGS_FOLDER/empower_to_ggdrive.py', '--cfg-path', '/tmp/tmprs6r0mrf']
[2023-07-26T21:24:03.255+0000] {standard_task_runner.py:85} INFO - Job 113: Subtask cleaning
[2023-07-26T21:24:03.334+0000] {task_command.py:410} INFO - Running <TaskInstance: empower_to_ggdrive.cleaning scheduled__2023-07-22T00:00:00+00:00 [running]> on host 4139e27af0e6
[2023-07-26T21:24:03.527+0000] {taskinstance.py:1547} INFO - Exporting env vars: AIRFLOW_CTX_DAG_OWNER='***' AIRFLOW_CTX_DAG_ID='empower_to_ggdrive' AIRFLOW_CTX_TASK_ID='cleaning' AIRFLOW_CTX_EXECUTION_DATE='2023-07-22T00:00:00+00:00' AIRFLOW_CTX_TRY_NUMBER='1' AIRFLOW_CTX_DAG_RUN_ID='scheduled__2023-07-22T00:00:00+00:00'
[2023-07-26T21:24:03.664+0000] {python.py:183} INFO - Done. Returned value was: None
[2023-07-26T21:24:03.679+0000] {taskinstance.py:1350} INFO - Marking task as SUCCESS. dag_id=empower_to_ggdrive, task_id=cleaning, execution_date=20230722T000000, start_date=20230726T212403, end_date=20230726T212403
[2023-07-26T21:24:03.745+0000] {local_task_job_runner.py:225} INFO - Task exited with return code 0
[2023-07-26T21:24:03.768+0000] {taskinstance.py:2653} INFO - 0 downstream tasks scheduled from follow-on schedule check
[2023-07-26T21:58:38.319+0000] {taskinstance.py:1103} INFO - Dependencies all met for dep_context=non-requeueable deps ti=<TaskInstance: empower_to_ggdrive.cleaning scheduled__2023-07-22T00:00:00+00:00 [queued]>
[2023-07-26T21:58:38.340+0000] {taskinstance.py:1103} INFO - Dependencies all met for dep_context=requeueable deps ti=<TaskInstance: empower_to_ggdrive.cleaning scheduled__2023-07-22T00:00:00+00:00 [queued]>
[2023-07-26T21:58:38.340+0000] {taskinstance.py:1308} INFO - Starting attempt 1 of 2
[2023-07-26T21:58:38.371+0000] {taskinstance.py:1327} INFO - Executing <Task(PythonOperator): cleaning> on 2023-07-22 00:00:00+00:00
[2023-07-26T21:58:38.379+0000] {standard_task_runner.py:57} INFO - Started process 380 to run task
[2023-07-26T21:58:38.394+0000] {standard_task_runner.py:84} INFO - Running: ['***', 'tasks', 'run', 'empower_to_ggdrive', 'cleaning', 'scheduled__2023-07-22T00:00:00+00:00', '--job-id', '187', '--raw', '--subdir', 'DAGS_FOLDER/empower_to_ggdrive.py', '--cfg-path', '/tmp/tmpbfxpuw5n']
[2023-07-26T21:58:38.409+0000] {standard_task_runner.py:85} INFO - Job 187: Subtask cleaning
[2023-07-26T21:58:38.532+0000] {task_command.py:410} INFO - Running <TaskInstance: empower_to_ggdrive.cleaning scheduled__2023-07-22T00:00:00+00:00 [running]> on host bdafa43ae894
[2023-07-26T21:58:38.786+0000] {taskinstance.py:1547} INFO - Exporting env vars: AIRFLOW_CTX_DAG_OWNER='***' AIRFLOW_CTX_DAG_ID='empower_to_ggdrive' AIRFLOW_CTX_TASK_ID='cleaning' AIRFLOW_CTX_EXECUTION_DATE='2023-07-22T00:00:00+00:00' AIRFLOW_CTX_TRY_NUMBER='1' AIRFLOW_CTX_DAG_RUN_ID='scheduled__2023-07-22T00:00:00+00:00'
[2023-07-26T21:58:40.315+0000] {python.py:183} INFO - Done. Returned value was: None
[2023-07-26T21:58:40.331+0000] {taskinstance.py:1350} INFO - Marking task as SUCCESS. dag_id=empower_to_ggdrive, task_id=cleaning, execution_date=20230722T000000, start_date=20230726T215838, end_date=20230726T215840
[2023-07-26T21:58:40.379+0000] {local_task_job_runner.py:225} INFO - Task exited with return code 0
[2023-07-26T21:58:40.409+0000] {taskinstance.py:2653} INFO - 0 downstream tasks scheduled from follow-on schedule check
