[2023-07-26T21:23:57.201+0000] {taskinstance.py:1103} INFO - Dependencies all met for dep_context=non-requeueable deps ti=<TaskInstance: empower_to_ggdrive.scraping scheduled__2023-07-19T00:00:00+00:00 [queued]>
[2023-07-26T21:23:57.240+0000] {taskinstance.py:1103} INFO - Dependencies all met for dep_context=requeueable deps ti=<TaskInstance: empower_to_ggdrive.scraping scheduled__2023-07-19T00:00:00+00:00 [queued]>
[2023-07-26T21:23:57.241+0000] {taskinstance.py:1308} INFO - Starting attempt 1 of 2
[2023-07-26T21:23:57.399+0000] {taskinstance.py:1327} INFO - Executing <Task(PythonOperator): scraping> on 2023-07-19 00:00:00+00:00
[2023-07-26T21:23:57.416+0000] {standard_task_runner.py:57} INFO - Started process 212 to run task
[2023-07-26T21:23:57.433+0000] {standard_task_runner.py:84} INFO - Running: ['***', 'tasks', 'run', 'empower_to_ggdrive', 'scraping', 'scheduled__2023-07-19T00:00:00+00:00', '--job-id', '99', '--raw', '--subdir', 'DAGS_FOLDER/empower_to_ggdrive.py', '--cfg-path', '/tmp/tmpoan_qvqd']
[2023-07-26T21:23:57.437+0000] {standard_task_runner.py:85} INFO - Job 99: Subtask scraping
[2023-07-26T21:23:57.606+0000] {task_command.py:410} INFO - Running <TaskInstance: empower_to_ggdrive.scraping scheduled__2023-07-19T00:00:00+00:00 [running]> on host 4139e27af0e6
[2023-07-26T21:23:57.852+0000] {taskinstance.py:1547} INFO - Exporting env vars: AIRFLOW_CTX_DAG_OWNER='***' AIRFLOW_CTX_DAG_ID='empower_to_ggdrive' AIRFLOW_CTX_TASK_ID='scraping' AIRFLOW_CTX_EXECUTION_DATE='2023-07-19T00:00:00+00:00' AIRFLOW_CTX_TRY_NUMBER='1' AIRFLOW_CTX_DAG_RUN_ID='scheduled__2023-07-19T00:00:00+00:00'
[2023-07-26T21:23:58.110+0000] {python.py:183} INFO - Done. Returned value was: None
[2023-07-26T21:23:58.137+0000] {taskinstance.py:1350} INFO - Marking task as SUCCESS. dag_id=empower_to_ggdrive, task_id=scraping, execution_date=20230719T000000, start_date=20230726T212357, end_date=20230726T212358
[2023-07-26T21:23:58.210+0000] {local_task_job_runner.py:225} INFO - Task exited with return code 0
[2023-07-26T21:23:58.247+0000] {taskinstance.py:2653} INFO - 1 downstream tasks scheduled from follow-on schedule check
[2023-07-26T21:58:34.735+0000] {taskinstance.py:1103} INFO - Dependencies all met for dep_context=non-requeueable deps ti=<TaskInstance: empower_to_ggdrive.scraping scheduled__2023-07-19T00:00:00+00:00 [queued]>
[2023-07-26T21:58:34.761+0000] {taskinstance.py:1103} INFO - Dependencies all met for dep_context=requeueable deps ti=<TaskInstance: empower_to_ggdrive.scraping scheduled__2023-07-19T00:00:00+00:00 [queued]>
[2023-07-26T21:58:34.761+0000] {taskinstance.py:1308} INFO - Starting attempt 1 of 2
[2023-07-26T21:58:34.791+0000] {taskinstance.py:1327} INFO - Executing <Task(PythonOperator): scraping> on 2023-07-19 00:00:00+00:00
[2023-07-26T21:58:34.802+0000] {standard_task_runner.py:57} INFO - Started process 343 to run task
[2023-07-26T21:58:34.841+0000] {standard_task_runner.py:84} INFO - Running: ['***', 'tasks', 'run', 'empower_to_ggdrive', 'scraping', 'scheduled__2023-07-19T00:00:00+00:00', '--job-id', '180', '--raw', '--subdir', 'DAGS_FOLDER/empower_to_ggdrive.py', '--cfg-path', '/tmp/tmpttj633je']
[2023-07-26T21:58:34.852+0000] {standard_task_runner.py:85} INFO - Job 180: Subtask scraping
[2023-07-26T21:58:35.042+0000] {task_command.py:410} INFO - Running <TaskInstance: empower_to_ggdrive.scraping scheduled__2023-07-19T00:00:00+00:00 [running]> on host bdafa43ae894
[2023-07-26T21:58:35.375+0000] {taskinstance.py:1547} INFO - Exporting env vars: AIRFLOW_CTX_DAG_OWNER='***' AIRFLOW_CTX_DAG_ID='empower_to_ggdrive' AIRFLOW_CTX_TASK_ID='scraping' AIRFLOW_CTX_EXECUTION_DATE='2023-07-19T00:00:00+00:00' AIRFLOW_CTX_TRY_NUMBER='1' AIRFLOW_CTX_DAG_RUN_ID='scheduled__2023-07-19T00:00:00+00:00'
[2023-07-26T21:58:35.759+0000] {logging_mixin.py:150} INFO - current dir/opt/***
[2023-07-26T21:58:35.760+0000] {python.py:183} INFO - Done. Returned value was: None
[2023-07-26T21:58:35.818+0000] {taskinstance.py:1350} INFO - Marking task as SUCCESS. dag_id=empower_to_ggdrive, task_id=scraping, execution_date=20230719T000000, start_date=20230726T215834, end_date=20230726T215835
[2023-07-26T21:58:35.996+0000] {local_task_job_runner.py:225} INFO - Task exited with return code 0
[2023-07-26T21:58:36.044+0000] {taskinstance.py:2653} INFO - 1 downstream tasks scheduled from follow-on schedule check
