[2023-07-26T21:23:59.393+0000] {taskinstance.py:1103} INFO - Dependencies all met for dep_context=non-requeueable deps ti=<TaskInstance: empower_to_ggdrive.scraping scheduled__2023-07-25T00:00:00+00:00 [queued]>
[2023-07-26T21:23:59.418+0000] {taskinstance.py:1103} INFO - Dependencies all met for dep_context=requeueable deps ti=<TaskInstance: empower_to_ggdrive.scraping scheduled__2023-07-25T00:00:00+00:00 [queued]>
[2023-07-26T21:23:59.419+0000] {taskinstance.py:1308} INFO - Starting attempt 1 of 2
[2023-07-26T21:23:59.481+0000] {taskinstance.py:1327} INFO - Executing <Task(PythonOperator): scraping> on 2023-07-25 00:00:00+00:00
[2023-07-26T21:23:59.503+0000] {standard_task_runner.py:57} INFO - Started process 241 to run task
[2023-07-26T21:23:59.515+0000] {standard_task_runner.py:84} INFO - Running: ['***', 'tasks', 'run', 'empower_to_ggdrive', 'scraping', 'scheduled__2023-07-25T00:00:00+00:00', '--job-id', '106', '--raw', '--subdir', 'DAGS_FOLDER/empower_to_ggdrive.py', '--cfg-path', '/tmp/tmpcnux_gkh']
[2023-07-26T21:23:59.523+0000] {standard_task_runner.py:85} INFO - Job 106: Subtask scraping
[2023-07-26T21:23:59.654+0000] {task_command.py:410} INFO - Running <TaskInstance: empower_to_ggdrive.scraping scheduled__2023-07-25T00:00:00+00:00 [running]> on host 4139e27af0e6
[2023-07-26T21:24:00.002+0000] {taskinstance.py:1547} INFO - Exporting env vars: AIRFLOW_CTX_DAG_OWNER='***' AIRFLOW_CTX_DAG_ID='empower_to_ggdrive' AIRFLOW_CTX_TASK_ID='scraping' AIRFLOW_CTX_EXECUTION_DATE='2023-07-25T00:00:00+00:00' AIRFLOW_CTX_TRY_NUMBER='1' AIRFLOW_CTX_DAG_RUN_ID='scheduled__2023-07-25T00:00:00+00:00'
[2023-07-26T21:24:00.251+0000] {python.py:183} INFO - Done. Returned value was: None
[2023-07-26T21:24:00.314+0000] {taskinstance.py:1350} INFO - Marking task as SUCCESS. dag_id=empower_to_ggdrive, task_id=scraping, execution_date=20230725T000000, start_date=20230726T212359, end_date=20230726T212400
[2023-07-26T21:24:00.387+0000] {local_task_job_runner.py:225} INFO - Task exited with return code 0
[2023-07-26T21:24:00.531+0000] {taskinstance.py:2653} INFO - 0 downstream tasks scheduled from follow-on schedule check
[2023-07-26T21:58:36.260+0000] {taskinstance.py:1103} INFO - Dependencies all met for dep_context=non-requeueable deps ti=<TaskInstance: empower_to_ggdrive.scraping scheduled__2023-07-25T00:00:00+00:00 [queued]>
[2023-07-26T21:58:36.296+0000] {taskinstance.py:1103} INFO - Dependencies all met for dep_context=requeueable deps ti=<TaskInstance: empower_to_ggdrive.scraping scheduled__2023-07-25T00:00:00+00:00 [queued]>
[2023-07-26T21:58:36.297+0000] {taskinstance.py:1308} INFO - Starting attempt 1 of 2
[2023-07-26T21:58:36.358+0000] {taskinstance.py:1327} INFO - Executing <Task(PythonOperator): scraping> on 2023-07-25 00:00:00+00:00
[2023-07-26T21:58:36.366+0000] {standard_task_runner.py:57} INFO - Started process 357 to run task
[2023-07-26T21:58:36.406+0000] {standard_task_runner.py:84} INFO - Running: ['***', 'tasks', 'run', 'empower_to_ggdrive', 'scraping', 'scheduled__2023-07-25T00:00:00+00:00', '--job-id', '183', '--raw', '--subdir', 'DAGS_FOLDER/empower_to_ggdrive.py', '--cfg-path', '/tmp/tmp78ky3hoo']
[2023-07-26T21:58:36.414+0000] {standard_task_runner.py:85} INFO - Job 183: Subtask scraping
[2023-07-26T21:58:36.598+0000] {task_command.py:410} INFO - Running <TaskInstance: empower_to_ggdrive.scraping scheduled__2023-07-25T00:00:00+00:00 [running]> on host bdafa43ae894
[2023-07-26T21:58:36.852+0000] {taskinstance.py:1547} INFO - Exporting env vars: AIRFLOW_CTX_DAG_OWNER='***' AIRFLOW_CTX_DAG_ID='empower_to_ggdrive' AIRFLOW_CTX_TASK_ID='scraping' AIRFLOW_CTX_EXECUTION_DATE='2023-07-25T00:00:00+00:00' AIRFLOW_CTX_TRY_NUMBER='1' AIRFLOW_CTX_DAG_RUN_ID='scheduled__2023-07-25T00:00:00+00:00'
[2023-07-26T21:58:37.257+0000] {logging_mixin.py:150} INFO - current dir/opt/***
[2023-07-26T21:58:37.258+0000] {python.py:183} INFO - Done. Returned value was: None
[2023-07-26T21:58:37.307+0000] {taskinstance.py:1350} INFO - Marking task as SUCCESS. dag_id=empower_to_ggdrive, task_id=scraping, execution_date=20230725T000000, start_date=20230726T215836, end_date=20230726T215837
[2023-07-26T21:58:37.400+0000] {local_task_job_runner.py:225} INFO - Task exited with return code 0
[2023-07-26T21:58:37.435+0000] {taskinstance.py:2653} INFO - 1 downstream tasks scheduled from follow-on schedule check
