[2023-07-26T21:23:46.669+0000] {taskinstance.py:1103} INFO - Dependencies all met for dep_context=non-requeueable deps ti=<TaskInstance: empower_to_ggdrive.cleaning scheduled__2023-07-01T00:00:00+00:00 [queued]>
[2023-07-26T21:23:46.736+0000] {taskinstance.py:1103} INFO - Dependencies all met for dep_context=requeueable deps ti=<TaskInstance: empower_to_ggdrive.cleaning scheduled__2023-07-01T00:00:00+00:00 [queued]>
[2023-07-26T21:23:46.737+0000] {taskinstance.py:1308} INFO - Starting attempt 1 of 2
[2023-07-26T21:23:47.100+0000] {taskinstance.py:1327} INFO - Executing <Task(PythonOperator): cleaning> on 2023-07-01 00:00:00+00:00
[2023-07-26T21:23:47.113+0000] {standard_task_runner.py:57} INFO - Started process 141 to run task
[2023-07-26T21:23:47.147+0000] {standard_task_runner.py:84} INFO - Running: ['***', 'tasks', 'run', 'empower_to_ggdrive', 'cleaning', 'scheduled__2023-07-01T00:00:00+00:00', '--job-id', '82', '--raw', '--subdir', 'DAGS_FOLDER/empower_to_ggdrive.py', '--cfg-path', '/tmp/tmpx6ljtdok']
[2023-07-26T21:23:47.159+0000] {standard_task_runner.py:85} INFO - Job 82: Subtask cleaning
[2023-07-26T21:23:47.481+0000] {task_command.py:410} INFO - Running <TaskInstance: empower_to_ggdrive.cleaning scheduled__2023-07-01T00:00:00+00:00 [running]> on host 4139e27af0e6
[2023-07-26T21:23:47.953+0000] {taskinstance.py:1547} INFO - Exporting env vars: AIRFLOW_CTX_DAG_OWNER='***' AIRFLOW_CTX_DAG_ID='empower_to_ggdrive' AIRFLOW_CTX_TASK_ID='cleaning' AIRFLOW_CTX_EXECUTION_DATE='2023-07-01T00:00:00+00:00' AIRFLOW_CTX_TRY_NUMBER='1' AIRFLOW_CTX_DAG_RUN_ID='scheduled__2023-07-01T00:00:00+00:00'
[2023-07-26T21:23:48.388+0000] {python.py:183} INFO - Done. Returned value was: None
[2023-07-26T21:23:48.437+0000] {taskinstance.py:1350} INFO - Marking task as SUCCESS. dag_id=empower_to_ggdrive, task_id=cleaning, execution_date=20230701T000000, start_date=20230726T212346, end_date=20230726T212348
[2023-07-26T21:23:48.520+0000] {local_task_job_runner.py:225} INFO - Task exited with return code 0
[2023-07-26T21:23:48.615+0000] {taskinstance.py:2653} INFO - 0 downstream tasks scheduled from follow-on schedule check
[2023-07-26T21:58:16.437+0000] {taskinstance.py:1103} INFO - Dependencies all met for dep_context=non-requeueable deps ti=<TaskInstance: empower_to_ggdrive.cleaning scheduled__2023-07-01T00:00:00+00:00 [queued]>
[2023-07-26T21:58:16.491+0000] {taskinstance.py:1103} INFO - Dependencies all met for dep_context=requeueable deps ti=<TaskInstance: empower_to_ggdrive.cleaning scheduled__2023-07-01T00:00:00+00:00 [queued]>
[2023-07-26T21:58:16.493+0000] {taskinstance.py:1308} INFO - Starting attempt 1 of 2
[2023-07-26T21:58:16.601+0000] {taskinstance.py:1327} INFO - Executing <Task(PythonOperator): cleaning> on 2023-07-01 00:00:00+00:00
[2023-07-26T21:58:16.608+0000] {standard_task_runner.py:57} INFO - Started process 152 to run task
[2023-07-26T21:58:16.742+0000] {standard_task_runner.py:84} INFO - Running: ['***', 'tasks', 'run', 'empower_to_ggdrive', 'cleaning', 'scheduled__2023-07-01T00:00:00+00:00', '--job-id', '163', '--raw', '--subdir', 'DAGS_FOLDER/empower_to_ggdrive.py', '--cfg-path', '/tmp/tmp59vanb8k']
[2023-07-26T21:58:16.812+0000] {standard_task_runner.py:85} INFO - Job 163: Subtask cleaning
[2023-07-26T21:58:17.290+0000] {task_command.py:410} INFO - Running <TaskInstance: empower_to_ggdrive.cleaning scheduled__2023-07-01T00:00:00+00:00 [running]> on host bdafa43ae894
[2023-07-26T21:58:17.709+0000] {taskinstance.py:1547} INFO - Exporting env vars: AIRFLOW_CTX_DAG_OWNER='***' AIRFLOW_CTX_DAG_ID='empower_to_ggdrive' AIRFLOW_CTX_TASK_ID='cleaning' AIRFLOW_CTX_EXECUTION_DATE='2023-07-01T00:00:00+00:00' AIRFLOW_CTX_TRY_NUMBER='1' AIRFLOW_CTX_DAG_RUN_ID='scheduled__2023-07-01T00:00:00+00:00'
[2023-07-26T21:58:21.095+0000] {python.py:183} INFO - Done. Returned value was: None
[2023-07-26T21:58:21.115+0000] {taskinstance.py:1350} INFO - Marking task as SUCCESS. dag_id=empower_to_ggdrive, task_id=cleaning, execution_date=20230701T000000, start_date=20230726T215816, end_date=20230726T215821
[2023-07-26T21:58:21.376+0000] {local_task_job_runner.py:225} INFO - Task exited with return code 0
[2023-07-26T21:58:21.436+0000] {taskinstance.py:2653} INFO - 0 downstream tasks scheduled from follow-on schedule check
