[2023-07-26T21:23:48.463+0000] {taskinstance.py:1103} INFO - Dependencies all met for dep_context=non-requeueable deps ti=<TaskInstance: empower_to_ggdrive.cleaning scheduled__2023-07-08T00:00:00+00:00 [queued]>
[2023-07-26T21:23:48.530+0000] {taskinstance.py:1103} INFO - Dependencies all met for dep_context=requeueable deps ti=<TaskInstance: empower_to_ggdrive.cleaning scheduled__2023-07-08T00:00:00+00:00 [queued]>
[2023-07-26T21:23:48.533+0000] {taskinstance.py:1308} INFO - Starting attempt 1 of 2
[2023-07-26T21:23:48.629+0000] {taskinstance.py:1327} INFO - Executing <Task(PythonOperator): cleaning> on 2023-07-08 00:00:00+00:00
[2023-07-26T21:23:48.641+0000] {standard_task_runner.py:57} INFO - Started process 158 to run task
[2023-07-26T21:23:48.667+0000] {standard_task_runner.py:84} INFO - Running: ['***', 'tasks', 'run', 'empower_to_ggdrive', 'cleaning', 'scheduled__2023-07-08T00:00:00+00:00', '--job-id', '85', '--raw', '--subdir', 'DAGS_FOLDER/empower_to_ggdrive.py', '--cfg-path', '/tmp/tmpdmbrf0zj']
[2023-07-26T21:23:48.711+0000] {standard_task_runner.py:85} INFO - Job 85: Subtask cleaning
[2023-07-26T21:23:49.046+0000] {task_command.py:410} INFO - Running <TaskInstance: empower_to_ggdrive.cleaning scheduled__2023-07-08T00:00:00+00:00 [running]> on host 4139e27af0e6
[2023-07-26T21:23:49.493+0000] {taskinstance.py:1547} INFO - Exporting env vars: AIRFLOW_CTX_DAG_OWNER='***' AIRFLOW_CTX_DAG_ID='empower_to_ggdrive' AIRFLOW_CTX_TASK_ID='cleaning' AIRFLOW_CTX_EXECUTION_DATE='2023-07-08T00:00:00+00:00' AIRFLOW_CTX_TRY_NUMBER='1' AIRFLOW_CTX_DAG_RUN_ID='scheduled__2023-07-08T00:00:00+00:00'
[2023-07-26T21:23:49.805+0000] {python.py:183} INFO - Done. Returned value was: None
[2023-07-26T21:23:49.853+0000] {taskinstance.py:1350} INFO - Marking task as SUCCESS. dag_id=empower_to_ggdrive, task_id=cleaning, execution_date=20230708T000000, start_date=20230726T212348, end_date=20230726T212349
[2023-07-26T21:23:49.940+0000] {local_task_job_runner.py:225} INFO - Task exited with return code 0
[2023-07-26T21:23:49.987+0000] {taskinstance.py:2653} INFO - 0 downstream tasks scheduled from follow-on schedule check
[2023-07-26T21:58:17.813+0000] {taskinstance.py:1103} INFO - Dependencies all met for dep_context=non-requeueable deps ti=<TaskInstance: empower_to_ggdrive.cleaning scheduled__2023-07-08T00:00:00+00:00 [queued]>
[2023-07-26T21:58:17.833+0000] {taskinstance.py:1103} INFO - Dependencies all met for dep_context=requeueable deps ti=<TaskInstance: empower_to_ggdrive.cleaning scheduled__2023-07-08T00:00:00+00:00 [queued]>
[2023-07-26T21:58:17.842+0000] {taskinstance.py:1308} INFO - Starting attempt 1 of 2
[2023-07-26T21:58:17.948+0000] {taskinstance.py:1327} INFO - Executing <Task(PythonOperator): cleaning> on 2023-07-08 00:00:00+00:00
[2023-07-26T21:58:17.956+0000] {standard_task_runner.py:57} INFO - Started process 186 to run task
[2023-07-26T21:58:18.004+0000] {standard_task_runner.py:84} INFO - Running: ['***', 'tasks', 'run', 'empower_to_ggdrive', 'cleaning', 'scheduled__2023-07-08T00:00:00+00:00', '--job-id', '173', '--raw', '--subdir', 'DAGS_FOLDER/empower_to_ggdrive.py', '--cfg-path', '/tmp/tmpm4ds6iyn']
[2023-07-26T21:58:18.082+0000] {standard_task_runner.py:85} INFO - Job 173: Subtask cleaning
[2023-07-26T21:58:18.484+0000] {task_command.py:410} INFO - Running <TaskInstance: empower_to_ggdrive.cleaning scheduled__2023-07-08T00:00:00+00:00 [running]> on host bdafa43ae894
[2023-07-26T21:58:18.758+0000] {taskinstance.py:1547} INFO - Exporting env vars: AIRFLOW_CTX_DAG_OWNER='***' AIRFLOW_CTX_DAG_ID='empower_to_ggdrive' AIRFLOW_CTX_TASK_ID='cleaning' AIRFLOW_CTX_EXECUTION_DATE='2023-07-08T00:00:00+00:00' AIRFLOW_CTX_TRY_NUMBER='1' AIRFLOW_CTX_DAG_RUN_ID='scheduled__2023-07-08T00:00:00+00:00'
[2023-07-26T21:58:22.047+0000] {python.py:183} INFO - Done. Returned value was: None
[2023-07-26T21:58:22.064+0000] {taskinstance.py:1350} INFO - Marking task as SUCCESS. dag_id=empower_to_ggdrive, task_id=cleaning, execution_date=20230708T000000, start_date=20230726T215817, end_date=20230726T215822
[2023-07-26T21:58:22.094+0000] {local_task_job_runner.py:225} INFO - Task exited with return code 0
[2023-07-26T21:58:22.115+0000] {taskinstance.py:2653} INFO - 0 downstream tasks scheduled from follow-on schedule check
