[2023-07-26T21:23:39.398+0000] {taskinstance.py:1103} INFO - Dependencies all met for dep_context=non-requeueable deps ti=<TaskInstance: empower_to_ggdrive.scraping scheduled__2023-07-01T00:00:00+00:00 [queued]>
[2023-07-26T21:23:39.434+0000] {taskinstance.py:1103} INFO - Dependencies all met for dep_context=requeueable deps ti=<TaskInstance: empower_to_ggdrive.scraping scheduled__2023-07-01T00:00:00+00:00 [queued]>
[2023-07-26T21:23:39.444+0000] {taskinstance.py:1308} INFO - Starting attempt 1 of 2
[2023-07-26T21:23:39.553+0000] {taskinstance.py:1327} INFO - Executing <Task(PythonOperator): scraping> on 2023-07-01 00:00:00+00:00
[2023-07-26T21:23:39.580+0000] {standard_task_runner.py:57} INFO - Started process 79 to run task
[2023-07-26T21:23:39.596+0000] {standard_task_runner.py:84} INFO - Running: ['***', 'tasks', 'run', 'empower_to_ggdrive', 'scraping', 'scheduled__2023-07-01T00:00:00+00:00', '--job-id', '67', '--raw', '--subdir', 'DAGS_FOLDER/empower_to_ggdrive.py', '--cfg-path', '/tmp/tmpfynl30kr']
[2023-07-26T21:23:39.630+0000] {standard_task_runner.py:85} INFO - Job 67: Subtask scraping
[2023-07-26T21:23:39.859+0000] {task_command.py:410} INFO - Running <TaskInstance: empower_to_ggdrive.scraping scheduled__2023-07-01T00:00:00+00:00 [running]> on host 4139e27af0e6
[2023-07-26T21:23:40.208+0000] {taskinstance.py:1547} INFO - Exporting env vars: AIRFLOW_CTX_DAG_OWNER='***' AIRFLOW_CTX_DAG_ID='empower_to_ggdrive' AIRFLOW_CTX_TASK_ID='scraping' AIRFLOW_CTX_EXECUTION_DATE='2023-07-01T00:00:00+00:00' AIRFLOW_CTX_TRY_NUMBER='1' AIRFLOW_CTX_DAG_RUN_ID='scheduled__2023-07-01T00:00:00+00:00'
[2023-07-26T21:23:40.498+0000] {python.py:183} INFO - Done. Returned value was: None
[2023-07-26T21:23:40.520+0000] {taskinstance.py:1350} INFO - Marking task as SUCCESS. dag_id=empower_to_ggdrive, task_id=scraping, execution_date=20230701T000000, start_date=20230726T212339, end_date=20230726T212340
[2023-07-26T21:23:40.954+0000] {local_task_job_runner.py:225} INFO - Task exited with return code 0
[2023-07-26T21:23:41.096+0000] {taskinstance.py:2653} INFO - 1 downstream tasks scheduled from follow-on schedule check
[2023-07-26T21:58:10.288+0000] {taskinstance.py:1103} INFO - Dependencies all met for dep_context=non-requeueable deps ti=<TaskInstance: empower_to_ggdrive.scraping scheduled__2023-07-01T00:00:00+00:00 [queued]>
[2023-07-26T21:58:10.336+0000] {taskinstance.py:1103} INFO - Dependencies all met for dep_context=requeueable deps ti=<TaskInstance: empower_to_ggdrive.scraping scheduled__2023-07-01T00:00:00+00:00 [queued]>
[2023-07-26T21:58:10.350+0000] {taskinstance.py:1308} INFO - Starting attempt 1 of 2
[2023-07-26T21:58:10.432+0000] {taskinstance.py:1327} INFO - Executing <Task(PythonOperator): scraping> on 2023-07-01 00:00:00+00:00
[2023-07-26T21:58:10.441+0000] {standard_task_runner.py:57} INFO - Started process 101 to run task
[2023-07-26T21:58:10.474+0000] {standard_task_runner.py:84} INFO - Running: ['***', 'tasks', 'run', 'empower_to_ggdrive', 'scraping', 'scheduled__2023-07-01T00:00:00+00:00', '--job-id', '150', '--raw', '--subdir', 'DAGS_FOLDER/empower_to_ggdrive.py', '--cfg-path', '/tmp/tmpin04hwvd']
[2023-07-26T21:58:10.506+0000] {standard_task_runner.py:85} INFO - Job 150: Subtask scraping
[2023-07-26T21:58:10.775+0000] {task_command.py:410} INFO - Running <TaskInstance: empower_to_ggdrive.scraping scheduled__2023-07-01T00:00:00+00:00 [running]> on host bdafa43ae894
[2023-07-26T21:58:11.255+0000] {taskinstance.py:1547} INFO - Exporting env vars: AIRFLOW_CTX_DAG_OWNER='***' AIRFLOW_CTX_DAG_ID='empower_to_ggdrive' AIRFLOW_CTX_TASK_ID='scraping' AIRFLOW_CTX_EXECUTION_DATE='2023-07-01T00:00:00+00:00' AIRFLOW_CTX_TRY_NUMBER='1' AIRFLOW_CTX_DAG_RUN_ID='scheduled__2023-07-01T00:00:00+00:00'
[2023-07-26T21:58:11.821+0000] {logging_mixin.py:150} INFO - current dir/opt/***
[2023-07-26T21:58:11.822+0000] {python.py:183} INFO - Done. Returned value was: None
[2023-07-26T21:58:11.880+0000] {taskinstance.py:1350} INFO - Marking task as SUCCESS. dag_id=empower_to_ggdrive, task_id=scraping, execution_date=20230701T000000, start_date=20230726T215810, end_date=20230726T215811
[2023-07-26T21:58:11.948+0000] {local_task_job_runner.py:225} INFO - Task exited with return code 0
[2023-07-26T21:58:11.977+0000] {taskinstance.py:2653} INFO - 1 downstream tasks scheduled from follow-on schedule check
