[2023-07-26T21:23:59.234+0000] {taskinstance.py:1103} INFO - Dependencies all met for dep_context=non-requeueable deps ti=<TaskInstance: empower_to_ggdrive.scraping scheduled__2023-07-24T00:00:00+00:00 [queued]>
[2023-07-26T21:23:59.279+0000] {taskinstance.py:1103} INFO - Dependencies all met for dep_context=requeueable deps ti=<TaskInstance: empower_to_ggdrive.scraping scheduled__2023-07-24T00:00:00+00:00 [queued]>
[2023-07-26T21:23:59.287+0000] {taskinstance.py:1308} INFO - Starting attempt 1 of 2
[2023-07-26T21:23:59.335+0000] {taskinstance.py:1327} INFO - Executing <Task(PythonOperator): scraping> on 2023-07-24 00:00:00+00:00
[2023-07-26T21:23:59.342+0000] {standard_task_runner.py:57} INFO - Started process 230 to run task
[2023-07-26T21:23:59.366+0000] {standard_task_runner.py:84} INFO - Running: ['***', 'tasks', 'run', 'empower_to_ggdrive', 'scraping', 'scheduled__2023-07-24T00:00:00+00:00', '--job-id', '104', '--raw', '--subdir', 'DAGS_FOLDER/empower_to_ggdrive.py', '--cfg-path', '/tmp/tmpc7wjk3gw']
[2023-07-26T21:23:59.377+0000] {standard_task_runner.py:85} INFO - Job 104: Subtask scraping
[2023-07-26T21:23:59.509+0000] {task_command.py:410} INFO - Running <TaskInstance: empower_to_ggdrive.scraping scheduled__2023-07-24T00:00:00+00:00 [running]> on host 4139e27af0e6
[2023-07-26T21:23:59.813+0000] {taskinstance.py:1547} INFO - Exporting env vars: AIRFLOW_CTX_DAG_OWNER='***' AIRFLOW_CTX_DAG_ID='empower_to_ggdrive' AIRFLOW_CTX_TASK_ID='scraping' AIRFLOW_CTX_EXECUTION_DATE='2023-07-24T00:00:00+00:00' AIRFLOW_CTX_TRY_NUMBER='1' AIRFLOW_CTX_DAG_RUN_ID='scheduled__2023-07-24T00:00:00+00:00'
[2023-07-26T21:23:59.993+0000] {python.py:183} INFO - Done. Returned value was: None
[2023-07-26T21:24:00.021+0000] {taskinstance.py:1350} INFO - Marking task as SUCCESS. dag_id=empower_to_ggdrive, task_id=scraping, execution_date=20230724T000000, start_date=20230726T212359, end_date=20230726T212400
[2023-07-26T21:24:00.091+0000] {local_task_job_runner.py:225} INFO - Task exited with return code 0
[2023-07-26T21:24:00.140+0000] {taskinstance.py:2653} INFO - 1 downstream tasks scheduled from follow-on schedule check
[2023-07-26T21:58:35.619+0000] {taskinstance.py:1103} INFO - Dependencies all met for dep_context=non-requeueable deps ti=<TaskInstance: empower_to_ggdrive.scraping scheduled__2023-07-24T00:00:00+00:00 [queued]>
[2023-07-26T21:58:35.668+0000] {taskinstance.py:1103} INFO - Dependencies all met for dep_context=requeueable deps ti=<TaskInstance: empower_to_ggdrive.scraping scheduled__2023-07-24T00:00:00+00:00 [queued]>
[2023-07-26T21:58:35.669+0000] {taskinstance.py:1308} INFO - Starting attempt 1 of 2
[2023-07-26T21:58:35.725+0000] {taskinstance.py:1327} INFO - Executing <Task(PythonOperator): scraping> on 2023-07-24 00:00:00+00:00
[2023-07-26T21:58:35.734+0000] {standard_task_runner.py:57} INFO - Started process 352 to run task
[2023-07-26T21:58:35.744+0000] {standard_task_runner.py:84} INFO - Running: ['***', 'tasks', 'run', 'empower_to_ggdrive', 'scraping', 'scheduled__2023-07-24T00:00:00+00:00', '--job-id', '182', '--raw', '--subdir', 'DAGS_FOLDER/empower_to_ggdrive.py', '--cfg-path', '/tmp/tmpxdads1kj']
[2023-07-26T21:58:35.749+0000] {standard_task_runner.py:85} INFO - Job 182: Subtask scraping
[2023-07-26T21:58:35.895+0000] {task_command.py:410} INFO - Running <TaskInstance: empower_to_ggdrive.scraping scheduled__2023-07-24T00:00:00+00:00 [running]> on host bdafa43ae894
[2023-07-26T21:58:36.141+0000] {taskinstance.py:1547} INFO - Exporting env vars: AIRFLOW_CTX_DAG_OWNER='***' AIRFLOW_CTX_DAG_ID='empower_to_ggdrive' AIRFLOW_CTX_TASK_ID='scraping' AIRFLOW_CTX_EXECUTION_DATE='2023-07-24T00:00:00+00:00' AIRFLOW_CTX_TRY_NUMBER='1' AIRFLOW_CTX_DAG_RUN_ID='scheduled__2023-07-24T00:00:00+00:00'
[2023-07-26T21:58:36.446+0000] {logging_mixin.py:150} INFO - current dir/opt/***
[2023-07-26T21:58:36.450+0000] {python.py:183} INFO - Done. Returned value was: None
[2023-07-26T21:58:36.497+0000] {taskinstance.py:1350} INFO - Marking task as SUCCESS. dag_id=empower_to_ggdrive, task_id=scraping, execution_date=20230724T000000, start_date=20230726T215835, end_date=20230726T215836
[2023-07-26T21:58:36.602+0000] {local_task_job_runner.py:225} INFO - Task exited with return code 0
[2023-07-26T21:58:36.705+0000] {taskinstance.py:2653} INFO - 0 downstream tasks scheduled from follow-on schedule check
