[2023-07-26T21:23:56.490+0000] {taskinstance.py:1103} INFO - Dependencies all met for dep_context=non-requeueable deps ti=<TaskInstance: empower_to_ggdrive.scraping scheduled__2023-07-17T00:00:00+00:00 [queued]>
[2023-07-26T21:23:56.507+0000] {taskinstance.py:1103} INFO - Dependencies all met for dep_context=requeueable deps ti=<TaskInstance: empower_to_ggdrive.scraping scheduled__2023-07-17T00:00:00+00:00 [queued]>
[2023-07-26T21:23:56.507+0000] {taskinstance.py:1308} INFO - Starting attempt 1 of 2
[2023-07-26T21:23:56.540+0000] {taskinstance.py:1327} INFO - Executing <Task(PythonOperator): scraping> on 2023-07-17 00:00:00+00:00
[2023-07-26T21:23:56.555+0000] {standard_task_runner.py:57} INFO - Started process 203 to run task
[2023-07-26T21:23:56.560+0000] {standard_task_runner.py:84} INFO - Running: ['***', 'tasks', 'run', 'empower_to_ggdrive', 'scraping', 'scheduled__2023-07-17T00:00:00+00:00', '--job-id', '97', '--raw', '--subdir', 'DAGS_FOLDER/empower_to_ggdrive.py', '--cfg-path', '/tmp/tmplqxgl6xy']
[2023-07-26T21:23:56.569+0000] {standard_task_runner.py:85} INFO - Job 97: Subtask scraping
[2023-07-26T21:23:56.690+0000] {task_command.py:410} INFO - Running <TaskInstance: empower_to_ggdrive.scraping scheduled__2023-07-17T00:00:00+00:00 [running]> on host 4139e27af0e6
[2023-07-26T21:23:56.932+0000] {taskinstance.py:1547} INFO - Exporting env vars: AIRFLOW_CTX_DAG_OWNER='***' AIRFLOW_CTX_DAG_ID='empower_to_ggdrive' AIRFLOW_CTX_TASK_ID='scraping' AIRFLOW_CTX_EXECUTION_DATE='2023-07-17T00:00:00+00:00' AIRFLOW_CTX_TRY_NUMBER='1' AIRFLOW_CTX_DAG_RUN_ID='scheduled__2023-07-17T00:00:00+00:00'
[2023-07-26T21:23:57.217+0000] {python.py:183} INFO - Done. Returned value was: None
[2023-07-26T21:23:57.251+0000] {taskinstance.py:1350} INFO - Marking task as SUCCESS. dag_id=empower_to_ggdrive, task_id=scraping, execution_date=20230717T000000, start_date=20230726T212356, end_date=20230726T212357
[2023-07-26T21:23:57.445+0000] {local_task_job_runner.py:225} INFO - Task exited with return code 0
[2023-07-26T21:23:57.513+0000] {taskinstance.py:2653} INFO - 1 downstream tasks scheduled from follow-on schedule check
[2023-07-26T21:58:32.702+0000] {taskinstance.py:1103} INFO - Dependencies all met for dep_context=non-requeueable deps ti=<TaskInstance: empower_to_ggdrive.scraping scheduled__2023-07-17T00:00:00+00:00 [queued]>
[2023-07-26T21:58:32.733+0000] {taskinstance.py:1103} INFO - Dependencies all met for dep_context=requeueable deps ti=<TaskInstance: empower_to_ggdrive.scraping scheduled__2023-07-17T00:00:00+00:00 [queued]>
[2023-07-26T21:58:32.733+0000] {taskinstance.py:1308} INFO - Starting attempt 1 of 2
[2023-07-26T21:58:32.818+0000] {taskinstance.py:1327} INFO - Executing <Task(PythonOperator): scraping> on 2023-07-17 00:00:00+00:00
[2023-07-26T21:58:32.825+0000] {standard_task_runner.py:57} INFO - Started process 329 to run task
[2023-07-26T21:58:32.853+0000] {standard_task_runner.py:84} INFO - Running: ['***', 'tasks', 'run', 'empower_to_ggdrive', 'scraping', 'scheduled__2023-07-17T00:00:00+00:00', '--job-id', '175', '--raw', '--subdir', 'DAGS_FOLDER/empower_to_ggdrive.py', '--cfg-path', '/tmp/tmpny60g8wr']
[2023-07-26T21:58:32.858+0000] {standard_task_runner.py:85} INFO - Job 175: Subtask scraping
[2023-07-26T21:58:33.061+0000] {task_command.py:410} INFO - Running <TaskInstance: empower_to_ggdrive.scraping scheduled__2023-07-17T00:00:00+00:00 [running]> on host bdafa43ae894
[2023-07-26T21:58:33.329+0000] {taskinstance.py:1547} INFO - Exporting env vars: AIRFLOW_CTX_DAG_OWNER='***' AIRFLOW_CTX_DAG_ID='empower_to_ggdrive' AIRFLOW_CTX_TASK_ID='scraping' AIRFLOW_CTX_EXECUTION_DATE='2023-07-17T00:00:00+00:00' AIRFLOW_CTX_TRY_NUMBER='1' AIRFLOW_CTX_DAG_RUN_ID='scheduled__2023-07-17T00:00:00+00:00'
[2023-07-26T21:58:33.807+0000] {logging_mixin.py:150} INFO - current dir/opt/***
[2023-07-26T21:58:33.809+0000] {python.py:183} INFO - Done. Returned value was: None
[2023-07-26T21:58:33.890+0000] {taskinstance.py:1350} INFO - Marking task as SUCCESS. dag_id=empower_to_ggdrive, task_id=scraping, execution_date=20230717T000000, start_date=20230726T215832, end_date=20230726T215833
[2023-07-26T21:58:34.108+0000] {local_task_job_runner.py:225} INFO - Task exited with return code 0
[2023-07-26T21:58:34.185+0000] {taskinstance.py:2653} INFO - 1 downstream tasks scheduled from follow-on schedule check
