[2023-07-26T21:23:48.927+0000] {taskinstance.py:1103} INFO - Dependencies all met for dep_context=non-requeueable deps ti=<TaskInstance: empower_to_ggdrive.cleaning scheduled__2023-07-07T00:00:00+00:00 [queued]>
[2023-07-26T21:23:48.969+0000] {taskinstance.py:1103} INFO - Dependencies all met for dep_context=requeueable deps ti=<TaskInstance: empower_to_ggdrive.cleaning scheduled__2023-07-07T00:00:00+00:00 [queued]>
[2023-07-26T21:23:48.972+0000] {taskinstance.py:1308} INFO - Starting attempt 1 of 2
[2023-07-26T21:23:49.077+0000] {taskinstance.py:1327} INFO - Executing <Task(PythonOperator): cleaning> on 2023-07-07 00:00:00+00:00
[2023-07-26T21:23:49.113+0000] {standard_task_runner.py:57} INFO - Started process 160 to run task
[2023-07-26T21:23:49.119+0000] {standard_task_runner.py:84} INFO - Running: ['***', 'tasks', 'run', 'empower_to_ggdrive', 'cleaning', 'scheduled__2023-07-07T00:00:00+00:00', '--job-id', '88', '--raw', '--subdir', 'DAGS_FOLDER/empower_to_ggdrive.py', '--cfg-path', '/tmp/tmpkai4ejm9']
[2023-07-26T21:23:49.136+0000] {standard_task_runner.py:85} INFO - Job 88: Subtask cleaning
[2023-07-26T21:23:49.445+0000] {task_command.py:410} INFO - Running <TaskInstance: empower_to_ggdrive.cleaning scheduled__2023-07-07T00:00:00+00:00 [running]> on host 4139e27af0e6
[2023-07-26T21:23:49.799+0000] {taskinstance.py:1547} INFO - Exporting env vars: AIRFLOW_CTX_DAG_OWNER='***' AIRFLOW_CTX_DAG_ID='empower_to_ggdrive' AIRFLOW_CTX_TASK_ID='cleaning' AIRFLOW_CTX_EXECUTION_DATE='2023-07-07T00:00:00+00:00' AIRFLOW_CTX_TRY_NUMBER='1' AIRFLOW_CTX_DAG_RUN_ID='scheduled__2023-07-07T00:00:00+00:00'
[2023-07-26T21:23:50.111+0000] {python.py:183} INFO - Done. Returned value was: None
[2023-07-26T21:23:50.176+0000] {taskinstance.py:1350} INFO - Marking task as SUCCESS. dag_id=empower_to_ggdrive, task_id=cleaning, execution_date=20230707T000000, start_date=20230726T212348, end_date=20230726T212350
[2023-07-26T21:23:50.283+0000] {local_task_job_runner.py:225} INFO - Task exited with return code 0
[2023-07-26T21:23:50.441+0000] {taskinstance.py:2653} INFO - 0 downstream tasks scheduled from follow-on schedule check
[2023-07-26T21:58:17.511+0000] {taskinstance.py:1103} INFO - Dependencies all met for dep_context=non-requeueable deps ti=<TaskInstance: empower_to_ggdrive.cleaning scheduled__2023-07-07T00:00:00+00:00 [queued]>
[2023-07-26T21:58:17.545+0000] {taskinstance.py:1103} INFO - Dependencies all met for dep_context=requeueable deps ti=<TaskInstance: empower_to_ggdrive.cleaning scheduled__2023-07-07T00:00:00+00:00 [queued]>
[2023-07-26T21:58:17.547+0000] {taskinstance.py:1308} INFO - Starting attempt 1 of 2
[2023-07-26T21:58:17.624+0000] {taskinstance.py:1327} INFO - Executing <Task(PythonOperator): cleaning> on 2023-07-07 00:00:00+00:00
[2023-07-26T21:58:17.633+0000] {standard_task_runner.py:57} INFO - Started process 170 to run task
[2023-07-26T21:58:17.670+0000] {standard_task_runner.py:84} INFO - Running: ['***', 'tasks', 'run', 'empower_to_ggdrive', 'cleaning', 'scheduled__2023-07-07T00:00:00+00:00', '--job-id', '171', '--raw', '--subdir', 'DAGS_FOLDER/empower_to_ggdrive.py', '--cfg-path', '/tmp/tmptfa9c8q5']
[2023-07-26T21:58:17.682+0000] {standard_task_runner.py:85} INFO - Job 171: Subtask cleaning
[2023-07-26T21:58:17.888+0000] {task_command.py:410} INFO - Running <TaskInstance: empower_to_ggdrive.cleaning scheduled__2023-07-07T00:00:00+00:00 [running]> on host bdafa43ae894
[2023-07-26T21:58:18.205+0000] {taskinstance.py:1547} INFO - Exporting env vars: AIRFLOW_CTX_DAG_OWNER='***' AIRFLOW_CTX_DAG_ID='empower_to_ggdrive' AIRFLOW_CTX_TASK_ID='cleaning' AIRFLOW_CTX_EXECUTION_DATE='2023-07-07T00:00:00+00:00' AIRFLOW_CTX_TRY_NUMBER='1' AIRFLOW_CTX_DAG_RUN_ID='scheduled__2023-07-07T00:00:00+00:00'
[2023-07-26T21:58:21.624+0000] {python.py:183} INFO - Done. Returned value was: None
[2023-07-26T21:58:21.690+0000] {taskinstance.py:1350} INFO - Marking task as SUCCESS. dag_id=empower_to_ggdrive, task_id=cleaning, execution_date=20230707T000000, start_date=20230726T215817, end_date=20230726T215821
[2023-07-26T21:58:21.805+0000] {local_task_job_runner.py:225} INFO - Task exited with return code 0
[2023-07-26T21:58:21.848+0000] {taskinstance.py:2653} INFO - 0 downstream tasks scheduled from follow-on schedule check
