[2023-07-26T21:24:03.676+0000] {taskinstance.py:1103} INFO - Dependencies all met for dep_context=non-requeueable deps ti=<TaskInstance: empower_to_ggdrive.cleaning scheduled__2023-07-25T00:00:00+00:00 [queued]>
[2023-07-26T21:24:03.688+0000] {taskinstance.py:1103} INFO - Dependencies all met for dep_context=requeueable deps ti=<TaskInstance: empower_to_ggdrive.cleaning scheduled__2023-07-25T00:00:00+00:00 [queued]>
[2023-07-26T21:24:03.689+0000] {taskinstance.py:1308} INFO - Starting attempt 1 of 2
[2023-07-26T21:24:03.713+0000] {taskinstance.py:1327} INFO - Executing <Task(PythonOperator): cleaning> on 2023-07-25 00:00:00+00:00
[2023-07-26T21:24:03.720+0000] {standard_task_runner.py:57} INFO - Started process 275 to run task
[2023-07-26T21:24:03.724+0000] {standard_task_runner.py:84} INFO - Running: ['***', 'tasks', 'run', 'empower_to_ggdrive', 'cleaning', 'scheduled__2023-07-25T00:00:00+00:00', '--job-id', '115', '--raw', '--subdir', 'DAGS_FOLDER/empower_to_ggdrive.py', '--cfg-path', '/tmp/tmp2smupzgy']
[2023-07-26T21:24:03.727+0000] {standard_task_runner.py:85} INFO - Job 115: Subtask cleaning
[2023-07-26T21:24:03.805+0000] {task_command.py:410} INFO - Running <TaskInstance: empower_to_ggdrive.cleaning scheduled__2023-07-25T00:00:00+00:00 [running]> on host 4139e27af0e6
[2023-07-26T21:24:03.909+0000] {taskinstance.py:1547} INFO - Exporting env vars: AIRFLOW_CTX_DAG_OWNER='***' AIRFLOW_CTX_DAG_ID='empower_to_ggdrive' AIRFLOW_CTX_TASK_ID='cleaning' AIRFLOW_CTX_EXECUTION_DATE='2023-07-25T00:00:00+00:00' AIRFLOW_CTX_TRY_NUMBER='1' AIRFLOW_CTX_DAG_RUN_ID='scheduled__2023-07-25T00:00:00+00:00'
[2023-07-26T21:24:04.014+0000] {python.py:183} INFO - Done. Returned value was: None
[2023-07-26T21:24:04.029+0000] {taskinstance.py:1350} INFO - Marking task as SUCCESS. dag_id=empower_to_ggdrive, task_id=cleaning, execution_date=20230725T000000, start_date=20230726T212403, end_date=20230726T212404
[2023-07-26T21:24:04.057+0000] {local_task_job_runner.py:225} INFO - Task exited with return code 0
[2023-07-26T21:24:04.077+0000] {taskinstance.py:2653} INFO - 0 downstream tasks scheduled from follow-on schedule check
[2023-07-26T21:58:40.386+0000] {taskinstance.py:1103} INFO - Dependencies all met for dep_context=non-requeueable deps ti=<TaskInstance: empower_to_ggdrive.cleaning scheduled__2023-07-25T00:00:00+00:00 [queued]>
[2023-07-26T21:58:40.399+0000] {taskinstance.py:1103} INFO - Dependencies all met for dep_context=requeueable deps ti=<TaskInstance: empower_to_ggdrive.cleaning scheduled__2023-07-25T00:00:00+00:00 [queued]>
[2023-07-26T21:58:40.400+0000] {taskinstance.py:1308} INFO - Starting attempt 1 of 2
[2023-07-26T21:58:40.424+0000] {taskinstance.py:1327} INFO - Executing <Task(PythonOperator): cleaning> on 2023-07-25 00:00:00+00:00
[2023-07-26T21:58:40.432+0000] {standard_task_runner.py:57} INFO - Started process 452 to run task
[2023-07-26T21:58:40.445+0000] {standard_task_runner.py:84} INFO - Running: ['***', 'tasks', 'run', 'empower_to_ggdrive', 'cleaning', 'scheduled__2023-07-25T00:00:00+00:00', '--job-id', '192', '--raw', '--subdir', 'DAGS_FOLDER/empower_to_ggdrive.py', '--cfg-path', '/tmp/tmp6qyy7a0f']
[2023-07-26T21:58:40.449+0000] {standard_task_runner.py:85} INFO - Job 192: Subtask cleaning
[2023-07-26T21:58:40.517+0000] {task_command.py:410} INFO - Running <TaskInstance: empower_to_ggdrive.cleaning scheduled__2023-07-25T00:00:00+00:00 [running]> on host bdafa43ae894
[2023-07-26T21:58:40.667+0000] {taskinstance.py:1547} INFO - Exporting env vars: AIRFLOW_CTX_DAG_OWNER='***' AIRFLOW_CTX_DAG_ID='empower_to_ggdrive' AIRFLOW_CTX_TASK_ID='cleaning' AIRFLOW_CTX_EXECUTION_DATE='2023-07-25T00:00:00+00:00' AIRFLOW_CTX_TRY_NUMBER='1' AIRFLOW_CTX_DAG_RUN_ID='scheduled__2023-07-25T00:00:00+00:00'
[2023-07-26T21:58:41.475+0000] {python.py:183} INFO - Done. Returned value was: None
[2023-07-26T21:58:41.488+0000] {taskinstance.py:1350} INFO - Marking task as SUCCESS. dag_id=empower_to_ggdrive, task_id=cleaning, execution_date=20230725T000000, start_date=20230726T215840, end_date=20230726T215841
[2023-07-26T21:58:41.540+0000] {local_task_job_runner.py:225} INFO - Task exited with return code 0
[2023-07-26T21:58:41.589+0000] {taskinstance.py:2653} INFO - 0 downstream tasks scheduled from follow-on schedule check
