[2023-07-27T01:39:06.585+0000] {processor.py:157} INFO - Started process (PID=2354) to work on /home/airflow/.local/lib/python3.7/site-packages/airflow/example_dags/example_latest_only_with_trigger.py
[2023-07-27T01:39:06.586+0000] {processor.py:826} INFO - Processing file /home/airflow/.local/lib/python3.7/site-packages/airflow/example_dags/example_latest_only_with_trigger.py for tasks to queue
[2023-07-27T01:39:06.587+0000] {logging_mixin.py:150} INFO - [2023-07-27T01:39:06.587+0000] {dagbag.py:541} INFO - Filling up the DagBag from /home/airflow/.local/lib/python3.7/site-packages/airflow/example_dags/example_latest_only_with_trigger.py
[2023-07-27T01:39:06.604+0000] {processor.py:836} INFO - DAG(s) dict_keys(['latest_only_with_trigger']) retrieved from /home/airflow/.local/lib/python3.7/site-packages/airflow/example_dags/example_latest_only_with_trigger.py
[2023-07-27T01:39:06.649+0000] {logging_mixin.py:150} INFO - [2023-07-27T01:39:06.649+0000] {dag.py:2742} INFO - Sync 1 DAGs
[2023-07-27T01:39:06.711+0000] {logging_mixin.py:150} INFO - [2023-07-27T01:39:06.710+0000] {dag.py:3508} INFO - Setting next_dagrun for latest_only_with_trigger to 2023-07-26T21:39:06.710290+00:00, run_after=2023-07-27T01:39:06.710290+00:00
[2023-07-27T01:39:06.765+0000] {processor.py:179} INFO - Processing /home/airflow/.local/lib/python3.7/site-packages/airflow/example_dags/example_latest_only_with_trigger.py took 0.185 seconds
[2023-07-27T01:39:37.106+0000] {processor.py:157} INFO - Started process (PID=2414) to work on /home/airflow/.local/lib/python3.7/site-packages/airflow/example_dags/example_latest_only_with_trigger.py
[2023-07-27T01:39:37.108+0000] {processor.py:826} INFO - Processing file /home/airflow/.local/lib/python3.7/site-packages/airflow/example_dags/example_latest_only_with_trigger.py for tasks to queue
[2023-07-27T01:39:37.109+0000] {logging_mixin.py:150} INFO - [2023-07-27T01:39:37.108+0000] {dagbag.py:541} INFO - Filling up the DagBag from /home/airflow/.local/lib/python3.7/site-packages/airflow/example_dags/example_latest_only_with_trigger.py
[2023-07-27T01:39:37.116+0000] {processor.py:836} INFO - DAG(s) dict_keys(['latest_only_with_trigger']) retrieved from /home/airflow/.local/lib/python3.7/site-packages/airflow/example_dags/example_latest_only_with_trigger.py
[2023-07-27T01:39:37.142+0000] {logging_mixin.py:150} INFO - [2023-07-27T01:39:37.142+0000] {dag.py:2742} INFO - Sync 1 DAGs
[2023-07-27T01:39:37.170+0000] {logging_mixin.py:150} INFO - [2023-07-27T01:39:37.170+0000] {dag.py:3508} INFO - Setting next_dagrun for latest_only_with_trigger to 2023-07-26T21:39:37.170023+00:00, run_after=2023-07-27T01:39:37.170023+00:00
[2023-07-27T01:39:37.193+0000] {processor.py:179} INFO - Processing /home/airflow/.local/lib/python3.7/site-packages/airflow/example_dags/example_latest_only_with_trigger.py took 0.090 seconds
[2023-07-27T01:40:08.011+0000] {processor.py:157} INFO - Started process (PID=2474) to work on /home/airflow/.local/lib/python3.7/site-packages/airflow/example_dags/example_latest_only_with_trigger.py
[2023-07-27T01:40:08.013+0000] {processor.py:826} INFO - Processing file /home/airflow/.local/lib/python3.7/site-packages/airflow/example_dags/example_latest_only_with_trigger.py for tasks to queue
[2023-07-27T01:40:08.014+0000] {logging_mixin.py:150} INFO - [2023-07-27T01:40:08.014+0000] {dagbag.py:541} INFO - Filling up the DagBag from /home/airflow/.local/lib/python3.7/site-packages/airflow/example_dags/example_latest_only_with_trigger.py
[2023-07-27T01:40:08.027+0000] {processor.py:836} INFO - DAG(s) dict_keys(['latest_only_with_trigger']) retrieved from /home/airflow/.local/lib/python3.7/site-packages/airflow/example_dags/example_latest_only_with_trigger.py
[2023-07-27T01:40:08.075+0000] {logging_mixin.py:150} INFO - [2023-07-27T01:40:08.075+0000] {dag.py:2742} INFO - Sync 1 DAGs
[2023-07-27T01:40:08.117+0000] {logging_mixin.py:150} INFO - [2023-07-27T01:40:08.117+0000] {dag.py:3508} INFO - Setting next_dagrun for latest_only_with_trigger to 2023-07-26T21:40:08.117251+00:00, run_after=2023-07-27T01:40:08.117251+00:00
[2023-07-27T01:40:08.150+0000] {processor.py:179} INFO - Processing /home/airflow/.local/lib/python3.7/site-packages/airflow/example_dags/example_latest_only_with_trigger.py took 0.143 seconds
[2023-07-27T01:40:38.709+0000] {processor.py:157} INFO - Started process (PID=2535) to work on /home/airflow/.local/lib/python3.7/site-packages/airflow/example_dags/example_latest_only_with_trigger.py
[2023-07-27T01:40:38.711+0000] {processor.py:826} INFO - Processing file /home/airflow/.local/lib/python3.7/site-packages/airflow/example_dags/example_latest_only_with_trigger.py for tasks to queue
[2023-07-27T01:40:38.712+0000] {logging_mixin.py:150} INFO - [2023-07-27T01:40:38.712+0000] {dagbag.py:541} INFO - Filling up the DagBag from /home/airflow/.local/lib/python3.7/site-packages/airflow/example_dags/example_latest_only_with_trigger.py
[2023-07-27T01:40:38.720+0000] {processor.py:836} INFO - DAG(s) dict_keys(['latest_only_with_trigger']) retrieved from /home/airflow/.local/lib/python3.7/site-packages/airflow/example_dags/example_latest_only_with_trigger.py
[2023-07-27T01:40:38.747+0000] {logging_mixin.py:150} INFO - [2023-07-27T01:40:38.747+0000] {dag.py:2742} INFO - Sync 1 DAGs
[2023-07-27T01:40:38.779+0000] {logging_mixin.py:150} INFO - [2023-07-27T01:40:38.779+0000] {dag.py:3508} INFO - Setting next_dagrun for latest_only_with_trigger to 2023-07-26T21:40:38.778855+00:00, run_after=2023-07-27T01:40:38.778855+00:00
[2023-07-27T01:40:38.808+0000] {processor.py:179} INFO - Processing /home/airflow/.local/lib/python3.7/site-packages/airflow/example_dags/example_latest_only_with_trigger.py took 0.102 seconds
[2023-07-27T01:41:09.661+0000] {processor.py:157} INFO - Started process (PID=2595) to work on /home/airflow/.local/lib/python3.7/site-packages/airflow/example_dags/example_latest_only_with_trigger.py
[2023-07-27T01:41:09.663+0000] {processor.py:826} INFO - Processing file /home/airflow/.local/lib/python3.7/site-packages/airflow/example_dags/example_latest_only_with_trigger.py for tasks to queue
[2023-07-27T01:41:09.664+0000] {logging_mixin.py:150} INFO - [2023-07-27T01:41:09.664+0000] {dagbag.py:541} INFO - Filling up the DagBag from /home/airflow/.local/lib/python3.7/site-packages/airflow/example_dags/example_latest_only_with_trigger.py
[2023-07-27T01:41:09.671+0000] {processor.py:836} INFO - DAG(s) dict_keys(['latest_only_with_trigger']) retrieved from /home/airflow/.local/lib/python3.7/site-packages/airflow/example_dags/example_latest_only_with_trigger.py
[2023-07-27T01:41:09.698+0000] {logging_mixin.py:150} INFO - [2023-07-27T01:41:09.698+0000] {dag.py:2742} INFO - Sync 1 DAGs
[2023-07-27T01:41:09.726+0000] {logging_mixin.py:150} INFO - [2023-07-27T01:41:09.726+0000] {dag.py:3508} INFO - Setting next_dagrun for latest_only_with_trigger to 2023-07-26T21:41:09.725948+00:00, run_after=2023-07-27T01:41:09.725948+00:00
[2023-07-27T01:41:09.750+0000] {processor.py:179} INFO - Processing /home/airflow/.local/lib/python3.7/site-packages/airflow/example_dags/example_latest_only_with_trigger.py took 0.092 seconds
[2023-07-27T01:41:40.053+0000] {processor.py:157} INFO - Started process (PID=2655) to work on /home/airflow/.local/lib/python3.7/site-packages/airflow/example_dags/example_latest_only_with_trigger.py
[2023-07-27T01:41:40.054+0000] {processor.py:826} INFO - Processing file /home/airflow/.local/lib/python3.7/site-packages/airflow/example_dags/example_latest_only_with_trigger.py for tasks to queue
[2023-07-27T01:41:40.055+0000] {logging_mixin.py:150} INFO - [2023-07-27T01:41:40.055+0000] {dagbag.py:541} INFO - Filling up the DagBag from /home/airflow/.local/lib/python3.7/site-packages/airflow/example_dags/example_latest_only_with_trigger.py
[2023-07-27T01:41:40.062+0000] {processor.py:836} INFO - DAG(s) dict_keys(['latest_only_with_trigger']) retrieved from /home/airflow/.local/lib/python3.7/site-packages/airflow/example_dags/example_latest_only_with_trigger.py
[2023-07-27T01:41:40.094+0000] {logging_mixin.py:150} INFO - [2023-07-27T01:41:40.094+0000] {dag.py:2742} INFO - Sync 1 DAGs
[2023-07-27T01:41:40.122+0000] {logging_mixin.py:150} INFO - [2023-07-27T01:41:40.122+0000] {dag.py:3508} INFO - Setting next_dagrun for latest_only_with_trigger to 2023-07-26T21:41:40.121849+00:00, run_after=2023-07-27T01:41:40.121849+00:00
[2023-07-27T01:41:40.155+0000] {processor.py:179} INFO - Processing /home/airflow/.local/lib/python3.7/site-packages/airflow/example_dags/example_latest_only_with_trigger.py took 0.105 seconds
[2023-07-27T01:42:10.884+0000] {processor.py:157} INFO - Started process (PID=2715) to work on /home/airflow/.local/lib/python3.7/site-packages/airflow/example_dags/example_latest_only_with_trigger.py
[2023-07-27T01:42:10.885+0000] {processor.py:826} INFO - Processing file /home/airflow/.local/lib/python3.7/site-packages/airflow/example_dags/example_latest_only_with_trigger.py for tasks to queue
[2023-07-27T01:42:10.886+0000] {logging_mixin.py:150} INFO - [2023-07-27T01:42:10.886+0000] {dagbag.py:541} INFO - Filling up the DagBag from /home/airflow/.local/lib/python3.7/site-packages/airflow/example_dags/example_latest_only_with_trigger.py
[2023-07-27T01:42:10.896+0000] {processor.py:836} INFO - DAG(s) dict_keys(['latest_only_with_trigger']) retrieved from /home/airflow/.local/lib/python3.7/site-packages/airflow/example_dags/example_latest_only_with_trigger.py
[2023-07-27T01:42:10.922+0000] {logging_mixin.py:150} INFO - [2023-07-27T01:42:10.922+0000] {dag.py:2742} INFO - Sync 1 DAGs
[2023-07-27T01:42:10.950+0000] {logging_mixin.py:150} INFO - [2023-07-27T01:42:10.950+0000] {dag.py:3508} INFO - Setting next_dagrun for latest_only_with_trigger to 2023-07-26T21:42:10.950416+00:00, run_after=2023-07-27T01:42:10.950416+00:00
[2023-07-27T01:42:10.974+0000] {processor.py:179} INFO - Processing /home/airflow/.local/lib/python3.7/site-packages/airflow/example_dags/example_latest_only_with_trigger.py took 0.094 seconds
[2023-07-27T01:42:41.749+0000] {processor.py:157} INFO - Started process (PID=2776) to work on /home/airflow/.local/lib/python3.7/site-packages/airflow/example_dags/example_latest_only_with_trigger.py
[2023-07-27T01:42:41.751+0000] {processor.py:826} INFO - Processing file /home/airflow/.local/lib/python3.7/site-packages/airflow/example_dags/example_latest_only_with_trigger.py for tasks to queue
[2023-07-27T01:42:41.752+0000] {logging_mixin.py:150} INFO - [2023-07-27T01:42:41.752+0000] {dagbag.py:541} INFO - Filling up the DagBag from /home/airflow/.local/lib/python3.7/site-packages/airflow/example_dags/example_latest_only_with_trigger.py
[2023-07-27T01:42:41.759+0000] {processor.py:836} INFO - DAG(s) dict_keys(['latest_only_with_trigger']) retrieved from /home/airflow/.local/lib/python3.7/site-packages/airflow/example_dags/example_latest_only_with_trigger.py
[2023-07-27T01:42:41.785+0000] {logging_mixin.py:150} INFO - [2023-07-27T01:42:41.785+0000] {dag.py:2742} INFO - Sync 1 DAGs
[2023-07-27T01:42:41.812+0000] {logging_mixin.py:150} INFO - [2023-07-27T01:42:41.812+0000] {dag.py:3508} INFO - Setting next_dagrun for latest_only_with_trigger to 2023-07-26T21:42:41.812394+00:00, run_after=2023-07-27T01:42:41.812394+00:00
[2023-07-27T01:42:41.837+0000] {processor.py:179} INFO - Processing /home/airflow/.local/lib/python3.7/site-packages/airflow/example_dags/example_latest_only_with_trigger.py took 0.091 seconds
[2023-07-27T01:43:12.029+0000] {processor.py:157} INFO - Started process (PID=2837) to work on /home/airflow/.local/lib/python3.7/site-packages/airflow/example_dags/example_latest_only_with_trigger.py
[2023-07-27T01:43:12.030+0000] {processor.py:826} INFO - Processing file /home/airflow/.local/lib/python3.7/site-packages/airflow/example_dags/example_latest_only_with_trigger.py for tasks to queue
[2023-07-27T01:43:12.031+0000] {logging_mixin.py:150} INFO - [2023-07-27T01:43:12.031+0000] {dagbag.py:541} INFO - Filling up the DagBag from /home/airflow/.local/lib/python3.7/site-packages/airflow/example_dags/example_latest_only_with_trigger.py
[2023-07-27T01:43:12.038+0000] {processor.py:836} INFO - DAG(s) dict_keys(['latest_only_with_trigger']) retrieved from /home/airflow/.local/lib/python3.7/site-packages/airflow/example_dags/example_latest_only_with_trigger.py
[2023-07-27T01:43:12.064+0000] {logging_mixin.py:150} INFO - [2023-07-27T01:43:12.064+0000] {dag.py:2742} INFO - Sync 1 DAGs
[2023-07-27T01:43:12.092+0000] {logging_mixin.py:150} INFO - [2023-07-27T01:43:12.092+0000] {dag.py:3508} INFO - Setting next_dagrun for latest_only_with_trigger to 2023-07-26T21:43:12.091843+00:00, run_after=2023-07-27T01:43:12.091843+00:00
[2023-07-27T01:43:12.114+0000] {processor.py:179} INFO - Processing /home/airflow/.local/lib/python3.7/site-packages/airflow/example_dags/example_latest_only_with_trigger.py took 0.089 seconds
[2023-07-27T01:43:42.429+0000] {processor.py:157} INFO - Started process (PID=2897) to work on /home/airflow/.local/lib/python3.7/site-packages/airflow/example_dags/example_latest_only_with_trigger.py
[2023-07-27T01:43:42.430+0000] {processor.py:826} INFO - Processing file /home/airflow/.local/lib/python3.7/site-packages/airflow/example_dags/example_latest_only_with_trigger.py for tasks to queue
[2023-07-27T01:43:42.431+0000] {logging_mixin.py:150} INFO - [2023-07-27T01:43:42.431+0000] {dagbag.py:541} INFO - Filling up the DagBag from /home/airflow/.local/lib/python3.7/site-packages/airflow/example_dags/example_latest_only_with_trigger.py
[2023-07-27T01:43:42.438+0000] {processor.py:836} INFO - DAG(s) dict_keys(['latest_only_with_trigger']) retrieved from /home/airflow/.local/lib/python3.7/site-packages/airflow/example_dags/example_latest_only_with_trigger.py
[2023-07-27T01:43:42.463+0000] {logging_mixin.py:150} INFO - [2023-07-27T01:43:42.463+0000] {dag.py:2742} INFO - Sync 1 DAGs
[2023-07-27T01:43:42.490+0000] {logging_mixin.py:150} INFO - [2023-07-27T01:43:42.490+0000] {dag.py:3508} INFO - Setting next_dagrun for latest_only_with_trigger to 2023-07-26T21:43:42.490348+00:00, run_after=2023-07-27T01:43:42.490348+00:00
[2023-07-27T01:43:42.526+0000] {processor.py:179} INFO - Processing /home/airflow/.local/lib/python3.7/site-packages/airflow/example_dags/example_latest_only_with_trigger.py took 0.100 seconds
[2023-07-27T01:44:13.083+0000] {processor.py:157} INFO - Started process (PID=2950) to work on /home/airflow/.local/lib/python3.7/site-packages/airflow/example_dags/example_latest_only_with_trigger.py
[2023-07-27T01:44:13.084+0000] {processor.py:826} INFO - Processing file /home/airflow/.local/lib/python3.7/site-packages/airflow/example_dags/example_latest_only_with_trigger.py for tasks to queue
[2023-07-27T01:44:13.085+0000] {logging_mixin.py:150} INFO - [2023-07-27T01:44:13.084+0000] {dagbag.py:541} INFO - Filling up the DagBag from /home/airflow/.local/lib/python3.7/site-packages/airflow/example_dags/example_latest_only_with_trigger.py
[2023-07-27T01:44:13.092+0000] {processor.py:836} INFO - DAG(s) dict_keys(['latest_only_with_trigger']) retrieved from /home/airflow/.local/lib/python3.7/site-packages/airflow/example_dags/example_latest_only_with_trigger.py
[2023-07-27T01:44:13.118+0000] {logging_mixin.py:150} INFO - [2023-07-27T01:44:13.118+0000] {dag.py:2742} INFO - Sync 1 DAGs
[2023-07-27T01:44:13.147+0000] {logging_mixin.py:150} INFO - [2023-07-27T01:44:13.147+0000] {dag.py:3508} INFO - Setting next_dagrun for latest_only_with_trigger to 2023-07-26T21:44:13.147308+00:00, run_after=2023-07-27T01:44:13.147308+00:00
[2023-07-27T01:44:13.173+0000] {processor.py:179} INFO - Processing /home/airflow/.local/lib/python3.7/site-packages/airflow/example_dags/example_latest_only_with_trigger.py took 0.094 seconds
[2023-07-27T01:44:43.808+0000] {processor.py:157} INFO - Started process (PID=3010) to work on /home/airflow/.local/lib/python3.7/site-packages/airflow/example_dags/example_latest_only_with_trigger.py
[2023-07-27T01:44:43.809+0000] {processor.py:826} INFO - Processing file /home/airflow/.local/lib/python3.7/site-packages/airflow/example_dags/example_latest_only_with_trigger.py for tasks to queue
[2023-07-27T01:44:43.810+0000] {logging_mixin.py:150} INFO - [2023-07-27T01:44:43.810+0000] {dagbag.py:541} INFO - Filling up the DagBag from /home/airflow/.local/lib/python3.7/site-packages/airflow/example_dags/example_latest_only_with_trigger.py
[2023-07-27T01:44:43.817+0000] {processor.py:836} INFO - DAG(s) dict_keys(['latest_only_with_trigger']) retrieved from /home/airflow/.local/lib/python3.7/site-packages/airflow/example_dags/example_latest_only_with_trigger.py
[2023-07-27T01:44:43.843+0000] {logging_mixin.py:150} INFO - [2023-07-27T01:44:43.843+0000] {dag.py:2742} INFO - Sync 1 DAGs
[2023-07-27T01:44:43.870+0000] {logging_mixin.py:150} INFO - [2023-07-27T01:44:43.870+0000] {dag.py:3508} INFO - Setting next_dagrun for latest_only_with_trigger to 2023-07-26T21:44:43.870279+00:00, run_after=2023-07-27T01:44:43.870279+00:00
[2023-07-27T01:44:43.894+0000] {processor.py:179} INFO - Processing /home/airflow/.local/lib/python3.7/site-packages/airflow/example_dags/example_latest_only_with_trigger.py took 0.090 seconds
[2023-07-27T01:45:14.321+0000] {processor.py:157} INFO - Started process (PID=3070) to work on /home/airflow/.local/lib/python3.7/site-packages/airflow/example_dags/example_latest_only_with_trigger.py
[2023-07-27T01:45:14.323+0000] {processor.py:826} INFO - Processing file /home/airflow/.local/lib/python3.7/site-packages/airflow/example_dags/example_latest_only_with_trigger.py for tasks to queue
[2023-07-27T01:45:14.324+0000] {logging_mixin.py:150} INFO - [2023-07-27T01:45:14.323+0000] {dagbag.py:541} INFO - Filling up the DagBag from /home/airflow/.local/lib/python3.7/site-packages/airflow/example_dags/example_latest_only_with_trigger.py
[2023-07-27T01:45:14.334+0000] {processor.py:836} INFO - DAG(s) dict_keys(['latest_only_with_trigger']) retrieved from /home/airflow/.local/lib/python3.7/site-packages/airflow/example_dags/example_latest_only_with_trigger.py
[2023-07-27T01:45:14.367+0000] {logging_mixin.py:150} INFO - [2023-07-27T01:45:14.367+0000] {dag.py:2742} INFO - Sync 1 DAGs
[2023-07-27T01:45:14.396+0000] {logging_mixin.py:150} INFO - [2023-07-27T01:45:14.396+0000] {dag.py:3508} INFO - Setting next_dagrun for latest_only_with_trigger to 2023-07-26T21:45:14.395846+00:00, run_after=2023-07-27T01:45:14.395846+00:00
[2023-07-27T01:45:14.425+0000] {processor.py:179} INFO - Processing /home/airflow/.local/lib/python3.7/site-packages/airflow/example_dags/example_latest_only_with_trigger.py took 0.107 seconds
[2023-07-27T01:45:44.670+0000] {processor.py:157} INFO - Started process (PID=3138) to work on /home/airflow/.local/lib/python3.7/site-packages/airflow/example_dags/example_latest_only_with_trigger.py
[2023-07-27T01:45:44.671+0000] {processor.py:826} INFO - Processing file /home/airflow/.local/lib/python3.7/site-packages/airflow/example_dags/example_latest_only_with_trigger.py for tasks to queue
[2023-07-27T01:45:44.672+0000] {logging_mixin.py:150} INFO - [2023-07-27T01:45:44.672+0000] {dagbag.py:541} INFO - Filling up the DagBag from /home/airflow/.local/lib/python3.7/site-packages/airflow/example_dags/example_latest_only_with_trigger.py
[2023-07-27T01:45:44.679+0000] {processor.py:836} INFO - DAG(s) dict_keys(['latest_only_with_trigger']) retrieved from /home/airflow/.local/lib/python3.7/site-packages/airflow/example_dags/example_latest_only_with_trigger.py
[2023-07-27T01:45:44.706+0000] {logging_mixin.py:150} INFO - [2023-07-27T01:45:44.706+0000] {dag.py:2742} INFO - Sync 1 DAGs
[2023-07-27T01:45:44.734+0000] {logging_mixin.py:150} INFO - [2023-07-27T01:45:44.734+0000] {dag.py:3508} INFO - Setting next_dagrun for latest_only_with_trigger to 2023-07-26T21:45:44.734353+00:00, run_after=2023-07-27T01:45:44.734353+00:00
[2023-07-27T01:45:44.762+0000] {processor.py:179} INFO - Processing /home/airflow/.local/lib/python3.7/site-packages/airflow/example_dags/example_latest_only_with_trigger.py took 0.096 seconds
[2023-07-27T01:46:14.871+0000] {processor.py:157} INFO - Started process (PID=3197) to work on /home/airflow/.local/lib/python3.7/site-packages/airflow/example_dags/example_latest_only_with_trigger.py
[2023-07-27T01:46:14.872+0000] {processor.py:826} INFO - Processing file /home/airflow/.local/lib/python3.7/site-packages/airflow/example_dags/example_latest_only_with_trigger.py for tasks to queue
[2023-07-27T01:46:14.873+0000] {logging_mixin.py:150} INFO - [2023-07-27T01:46:14.873+0000] {dagbag.py:541} INFO - Filling up the DagBag from /home/airflow/.local/lib/python3.7/site-packages/airflow/example_dags/example_latest_only_with_trigger.py
[2023-07-27T01:46:14.880+0000] {processor.py:836} INFO - DAG(s) dict_keys(['latest_only_with_trigger']) retrieved from /home/airflow/.local/lib/python3.7/site-packages/airflow/example_dags/example_latest_only_with_trigger.py
[2023-07-27T01:46:14.906+0000] {logging_mixin.py:150} INFO - [2023-07-27T01:46:14.906+0000] {dag.py:2742} INFO - Sync 1 DAGs
[2023-07-27T01:46:14.933+0000] {logging_mixin.py:150} INFO - [2023-07-27T01:46:14.933+0000] {dag.py:3508} INFO - Setting next_dagrun for latest_only_with_trigger to 2023-07-26T21:46:14.932767+00:00, run_after=2023-07-27T01:46:14.932767+00:00
[2023-07-27T01:46:14.955+0000] {processor.py:179} INFO - Processing /home/airflow/.local/lib/python3.7/site-packages/airflow/example_dags/example_latest_only_with_trigger.py took 0.088 seconds
[2023-07-27T01:46:46.046+0000] {processor.py:157} INFO - Started process (PID=3258) to work on /home/airflow/.local/lib/python3.7/site-packages/airflow/example_dags/example_latest_only_with_trigger.py
[2023-07-27T01:46:46.047+0000] {processor.py:826} INFO - Processing file /home/airflow/.local/lib/python3.7/site-packages/airflow/example_dags/example_latest_only_with_trigger.py for tasks to queue
[2023-07-27T01:46:46.048+0000] {logging_mixin.py:150} INFO - [2023-07-27T01:46:46.048+0000] {dagbag.py:541} INFO - Filling up the DagBag from /home/airflow/.local/lib/python3.7/site-packages/airflow/example_dags/example_latest_only_with_trigger.py
[2023-07-27T01:46:46.056+0000] {processor.py:836} INFO - DAG(s) dict_keys(['latest_only_with_trigger']) retrieved from /home/airflow/.local/lib/python3.7/site-packages/airflow/example_dags/example_latest_only_with_trigger.py
[2023-07-27T01:46:46.081+0000] {logging_mixin.py:150} INFO - [2023-07-27T01:46:46.081+0000] {dag.py:2742} INFO - Sync 1 DAGs
[2023-07-27T01:46:46.110+0000] {logging_mixin.py:150} INFO - [2023-07-27T01:46:46.110+0000] {dag.py:3508} INFO - Setting next_dagrun for latest_only_with_trigger to 2023-07-26T21:46:46.110096+00:00, run_after=2023-07-27T01:46:46.110096+00:00
[2023-07-27T01:46:46.134+0000] {processor.py:179} INFO - Processing /home/airflow/.local/lib/python3.7/site-packages/airflow/example_dags/example_latest_only_with_trigger.py took 0.092 seconds
[2023-07-27T01:47:16.564+0000] {processor.py:157} INFO - Started process (PID=3318) to work on /home/airflow/.local/lib/python3.7/site-packages/airflow/example_dags/example_latest_only_with_trigger.py
[2023-07-27T01:47:16.566+0000] {processor.py:826} INFO - Processing file /home/airflow/.local/lib/python3.7/site-packages/airflow/example_dags/example_latest_only_with_trigger.py for tasks to queue
[2023-07-27T01:47:16.567+0000] {logging_mixin.py:150} INFO - [2023-07-27T01:47:16.566+0000] {dagbag.py:541} INFO - Filling up the DagBag from /home/airflow/.local/lib/python3.7/site-packages/airflow/example_dags/example_latest_only_with_trigger.py
[2023-07-27T01:47:16.574+0000] {processor.py:836} INFO - DAG(s) dict_keys(['latest_only_with_trigger']) retrieved from /home/airflow/.local/lib/python3.7/site-packages/airflow/example_dags/example_latest_only_with_trigger.py
[2023-07-27T01:47:16.600+0000] {logging_mixin.py:150} INFO - [2023-07-27T01:47:16.599+0000] {dag.py:2742} INFO - Sync 1 DAGs
[2023-07-27T01:47:16.627+0000] {logging_mixin.py:150} INFO - [2023-07-27T01:47:16.626+0000] {dag.py:3508} INFO - Setting next_dagrun for latest_only_with_trigger to 2023-07-26T21:47:16.626701+00:00, run_after=2023-07-27T01:47:16.626701+00:00
[2023-07-27T01:47:16.650+0000] {processor.py:179} INFO - Processing /home/airflow/.local/lib/python3.7/site-packages/airflow/example_dags/example_latest_only_with_trigger.py took 0.090 seconds
[2023-07-27T01:47:47.500+0000] {processor.py:157} INFO - Started process (PID=3378) to work on /home/airflow/.local/lib/python3.7/site-packages/airflow/example_dags/example_latest_only_with_trigger.py
[2023-07-27T01:47:47.502+0000] {processor.py:826} INFO - Processing file /home/airflow/.local/lib/python3.7/site-packages/airflow/example_dags/example_latest_only_with_trigger.py for tasks to queue
[2023-07-27T01:47:47.503+0000] {logging_mixin.py:150} INFO - [2023-07-27T01:47:47.503+0000] {dagbag.py:541} INFO - Filling up the DagBag from /home/airflow/.local/lib/python3.7/site-packages/airflow/example_dags/example_latest_only_with_trigger.py
[2023-07-27T01:47:47.510+0000] {processor.py:836} INFO - DAG(s) dict_keys(['latest_only_with_trigger']) retrieved from /home/airflow/.local/lib/python3.7/site-packages/airflow/example_dags/example_latest_only_with_trigger.py
[2023-07-27T01:47:47.535+0000] {logging_mixin.py:150} INFO - [2023-07-27T01:47:47.535+0000] {dag.py:2742} INFO - Sync 1 DAGs
[2023-07-27T01:47:47.564+0000] {logging_mixin.py:150} INFO - [2023-07-27T01:47:47.564+0000] {dag.py:3508} INFO - Setting next_dagrun for latest_only_with_trigger to 2023-07-26T21:47:47.564110+00:00, run_after=2023-07-27T01:47:47.564110+00:00
[2023-07-27T01:47:47.588+0000] {processor.py:179} INFO - Processing /home/airflow/.local/lib/python3.7/site-packages/airflow/example_dags/example_latest_only_with_trigger.py took 0.091 seconds
[2023-07-27T01:48:17.971+0000] {processor.py:157} INFO - Started process (PID=3438) to work on /home/airflow/.local/lib/python3.7/site-packages/airflow/example_dags/example_latest_only_with_trigger.py
[2023-07-27T01:48:17.972+0000] {processor.py:826} INFO - Processing file /home/airflow/.local/lib/python3.7/site-packages/airflow/example_dags/example_latest_only_with_trigger.py for tasks to queue
[2023-07-27T01:48:17.973+0000] {logging_mixin.py:150} INFO - [2023-07-27T01:48:17.973+0000] {dagbag.py:541} INFO - Filling up the DagBag from /home/airflow/.local/lib/python3.7/site-packages/airflow/example_dags/example_latest_only_with_trigger.py
[2023-07-27T01:48:17.980+0000] {processor.py:836} INFO - DAG(s) dict_keys(['latest_only_with_trigger']) retrieved from /home/airflow/.local/lib/python3.7/site-packages/airflow/example_dags/example_latest_only_with_trigger.py
[2023-07-27T01:48:18.005+0000] {logging_mixin.py:150} INFO - [2023-07-27T01:48:18.005+0000] {dag.py:2742} INFO - Sync 1 DAGs
[2023-07-27T01:48:18.034+0000] {logging_mixin.py:150} INFO - [2023-07-27T01:48:18.034+0000] {dag.py:3508} INFO - Setting next_dagrun for latest_only_with_trigger to 2023-07-26T21:48:18.034484+00:00, run_after=2023-07-27T01:48:18.034484+00:00
[2023-07-27T01:48:18.058+0000] {processor.py:179} INFO - Processing /home/airflow/.local/lib/python3.7/site-packages/airflow/example_dags/example_latest_only_with_trigger.py took 0.091 seconds
[2023-07-27T01:48:48.282+0000] {processor.py:157} INFO - Started process (PID=3498) to work on /home/airflow/.local/lib/python3.7/site-packages/airflow/example_dags/example_latest_only_with_trigger.py
[2023-07-27T01:48:48.284+0000] {processor.py:826} INFO - Processing file /home/airflow/.local/lib/python3.7/site-packages/airflow/example_dags/example_latest_only_with_trigger.py for tasks to queue
[2023-07-27T01:48:48.285+0000] {logging_mixin.py:150} INFO - [2023-07-27T01:48:48.285+0000] {dagbag.py:541} INFO - Filling up the DagBag from /home/airflow/.local/lib/python3.7/site-packages/airflow/example_dags/example_latest_only_with_trigger.py
[2023-07-27T01:48:48.292+0000] {processor.py:836} INFO - DAG(s) dict_keys(['latest_only_with_trigger']) retrieved from /home/airflow/.local/lib/python3.7/site-packages/airflow/example_dags/example_latest_only_with_trigger.py
[2023-07-27T01:48:48.319+0000] {logging_mixin.py:150} INFO - [2023-07-27T01:48:48.319+0000] {dag.py:2742} INFO - Sync 1 DAGs
[2023-07-27T01:48:48.347+0000] {logging_mixin.py:150} INFO - [2023-07-27T01:48:48.347+0000] {dag.py:3508} INFO - Setting next_dagrun for latest_only_with_trigger to 2023-07-26T21:48:48.346972+00:00, run_after=2023-07-27T01:48:48.346972+00:00
[2023-07-27T01:48:48.371+0000] {processor.py:179} INFO - Processing /home/airflow/.local/lib/python3.7/site-packages/airflow/example_dags/example_latest_only_with_trigger.py took 0.092 seconds
[2023-07-27T01:49:18.664+0000] {processor.py:157} INFO - Started process (PID=3559) to work on /home/airflow/.local/lib/python3.7/site-packages/airflow/example_dags/example_latest_only_with_trigger.py
[2023-07-27T01:49:18.666+0000] {processor.py:826} INFO - Processing file /home/airflow/.local/lib/python3.7/site-packages/airflow/example_dags/example_latest_only_with_trigger.py for tasks to queue
[2023-07-27T01:49:18.667+0000] {logging_mixin.py:150} INFO - [2023-07-27T01:49:18.667+0000] {dagbag.py:541} INFO - Filling up the DagBag from /home/airflow/.local/lib/python3.7/site-packages/airflow/example_dags/example_latest_only_with_trigger.py
[2023-07-27T01:49:18.674+0000] {processor.py:836} INFO - DAG(s) dict_keys(['latest_only_with_trigger']) retrieved from /home/airflow/.local/lib/python3.7/site-packages/airflow/example_dags/example_latest_only_with_trigger.py
[2023-07-27T01:49:18.699+0000] {logging_mixin.py:150} INFO - [2023-07-27T01:49:18.699+0000] {dag.py:2742} INFO - Sync 1 DAGs
[2023-07-27T01:49:18.727+0000] {logging_mixin.py:150} INFO - [2023-07-27T01:49:18.727+0000] {dag.py:3508} INFO - Setting next_dagrun for latest_only_with_trigger to 2023-07-26T21:49:18.727455+00:00, run_after=2023-07-27T01:49:18.727455+00:00
[2023-07-27T01:49:18.753+0000] {processor.py:179} INFO - Processing /home/airflow/.local/lib/python3.7/site-packages/airflow/example_dags/example_latest_only_with_trigger.py took 0.092 seconds
[2023-07-27T01:49:49.078+0000] {processor.py:157} INFO - Started process (PID=3618) to work on /home/airflow/.local/lib/python3.7/site-packages/airflow/example_dags/example_latest_only_with_trigger.py
[2023-07-27T01:49:49.080+0000] {processor.py:826} INFO - Processing file /home/airflow/.local/lib/python3.7/site-packages/airflow/example_dags/example_latest_only_with_trigger.py for tasks to queue
[2023-07-27T01:49:49.081+0000] {logging_mixin.py:150} INFO - [2023-07-27T01:49:49.081+0000] {dagbag.py:541} INFO - Filling up the DagBag from /home/airflow/.local/lib/python3.7/site-packages/airflow/example_dags/example_latest_only_with_trigger.py
[2023-07-27T01:49:49.089+0000] {processor.py:836} INFO - DAG(s) dict_keys(['latest_only_with_trigger']) retrieved from /home/airflow/.local/lib/python3.7/site-packages/airflow/example_dags/example_latest_only_with_trigger.py
[2023-07-27T01:49:49.117+0000] {logging_mixin.py:150} INFO - [2023-07-27T01:49:49.117+0000] {dag.py:2742} INFO - Sync 1 DAGs
[2023-07-27T01:49:49.147+0000] {logging_mixin.py:150} INFO - [2023-07-27T01:49:49.147+0000] {dag.py:3508} INFO - Setting next_dagrun for latest_only_with_trigger to 2023-07-26T21:49:49.146976+00:00, run_after=2023-07-27T01:49:49.146976+00:00
[2023-07-27T01:49:49.174+0000] {processor.py:179} INFO - Processing /home/airflow/.local/lib/python3.7/site-packages/airflow/example_dags/example_latest_only_with_trigger.py took 0.099 seconds
[2023-07-27T01:50:19.494+0000] {processor.py:157} INFO - Started process (PID=3678) to work on /home/airflow/.local/lib/python3.7/site-packages/airflow/example_dags/example_latest_only_with_trigger.py
[2023-07-27T01:50:19.495+0000] {processor.py:826} INFO - Processing file /home/airflow/.local/lib/python3.7/site-packages/airflow/example_dags/example_latest_only_with_trigger.py for tasks to queue
[2023-07-27T01:50:19.496+0000] {logging_mixin.py:150} INFO - [2023-07-27T01:50:19.496+0000] {dagbag.py:541} INFO - Filling up the DagBag from /home/airflow/.local/lib/python3.7/site-packages/airflow/example_dags/example_latest_only_with_trigger.py
[2023-07-27T01:50:19.504+0000] {processor.py:836} INFO - DAG(s) dict_keys(['latest_only_with_trigger']) retrieved from /home/airflow/.local/lib/python3.7/site-packages/airflow/example_dags/example_latest_only_with_trigger.py
[2023-07-27T01:50:19.529+0000] {logging_mixin.py:150} INFO - [2023-07-27T01:50:19.529+0000] {dag.py:2742} INFO - Sync 1 DAGs
[2023-07-27T01:50:19.557+0000] {logging_mixin.py:150} INFO - [2023-07-27T01:50:19.557+0000] {dag.py:3508} INFO - Setting next_dagrun for latest_only_with_trigger to 2023-07-26T21:50:19.557484+00:00, run_after=2023-07-27T01:50:19.557484+00:00
[2023-07-27T01:50:19.583+0000] {processor.py:179} INFO - Processing /home/airflow/.local/lib/python3.7/site-packages/airflow/example_dags/example_latest_only_with_trigger.py took 0.092 seconds
[2023-07-27T01:50:49.764+0000] {processor.py:157} INFO - Started process (PID=3738) to work on /home/airflow/.local/lib/python3.7/site-packages/airflow/example_dags/example_latest_only_with_trigger.py
[2023-07-27T01:50:49.766+0000] {processor.py:826} INFO - Processing file /home/airflow/.local/lib/python3.7/site-packages/airflow/example_dags/example_latest_only_with_trigger.py for tasks to queue
[2023-07-27T01:50:49.767+0000] {logging_mixin.py:150} INFO - [2023-07-27T01:50:49.767+0000] {dagbag.py:541} INFO - Filling up the DagBag from /home/airflow/.local/lib/python3.7/site-packages/airflow/example_dags/example_latest_only_with_trigger.py
[2023-07-27T01:50:49.774+0000] {processor.py:836} INFO - DAG(s) dict_keys(['latest_only_with_trigger']) retrieved from /home/airflow/.local/lib/python3.7/site-packages/airflow/example_dags/example_latest_only_with_trigger.py
[2023-07-27T01:50:49.801+0000] {logging_mixin.py:150} INFO - [2023-07-27T01:50:49.801+0000] {dag.py:2742} INFO - Sync 1 DAGs
[2023-07-27T01:50:49.830+0000] {logging_mixin.py:150} INFO - [2023-07-27T01:50:49.829+0000] {dag.py:3508} INFO - Setting next_dagrun for latest_only_with_trigger to 2023-07-26T21:50:49.829671+00:00, run_after=2023-07-27T01:50:49.829671+00:00
[2023-07-27T01:50:49.865+0000] {processor.py:179} INFO - Processing /home/airflow/.local/lib/python3.7/site-packages/airflow/example_dags/example_latest_only_with_trigger.py took 0.105 seconds
[2023-07-27T01:51:20.225+0000] {processor.py:157} INFO - Started process (PID=3798) to work on /home/airflow/.local/lib/python3.7/site-packages/airflow/example_dags/example_latest_only_with_trigger.py
[2023-07-27T01:51:20.226+0000] {processor.py:826} INFO - Processing file /home/airflow/.local/lib/python3.7/site-packages/airflow/example_dags/example_latest_only_with_trigger.py for tasks to queue
[2023-07-27T01:51:20.227+0000] {logging_mixin.py:150} INFO - [2023-07-27T01:51:20.227+0000] {dagbag.py:541} INFO - Filling up the DagBag from /home/airflow/.local/lib/python3.7/site-packages/airflow/example_dags/example_latest_only_with_trigger.py
[2023-07-27T01:51:20.234+0000] {processor.py:836} INFO - DAG(s) dict_keys(['latest_only_with_trigger']) retrieved from /home/airflow/.local/lib/python3.7/site-packages/airflow/example_dags/example_latest_only_with_trigger.py
[2023-07-27T01:51:20.263+0000] {logging_mixin.py:150} INFO - [2023-07-27T01:51:20.263+0000] {dag.py:2742} INFO - Sync 1 DAGs
[2023-07-27T01:51:20.294+0000] {logging_mixin.py:150} INFO - [2023-07-27T01:51:20.294+0000] {dag.py:3508} INFO - Setting next_dagrun for latest_only_with_trigger to 2023-07-26T21:51:20.293677+00:00, run_after=2023-07-27T01:51:20.293677+00:00
[2023-07-27T01:51:20.320+0000] {processor.py:179} INFO - Processing /home/airflow/.local/lib/python3.7/site-packages/airflow/example_dags/example_latest_only_with_trigger.py took 0.099 seconds
[2023-07-27T01:51:50.593+0000] {processor.py:157} INFO - Started process (PID=3858) to work on /home/airflow/.local/lib/python3.7/site-packages/airflow/example_dags/example_latest_only_with_trigger.py
[2023-07-27T01:51:50.594+0000] {processor.py:826} INFO - Processing file /home/airflow/.local/lib/python3.7/site-packages/airflow/example_dags/example_latest_only_with_trigger.py for tasks to queue
[2023-07-27T01:51:50.595+0000] {logging_mixin.py:150} INFO - [2023-07-27T01:51:50.595+0000] {dagbag.py:541} INFO - Filling up the DagBag from /home/airflow/.local/lib/python3.7/site-packages/airflow/example_dags/example_latest_only_with_trigger.py
[2023-07-27T01:51:50.602+0000] {processor.py:836} INFO - DAG(s) dict_keys(['latest_only_with_trigger']) retrieved from /home/airflow/.local/lib/python3.7/site-packages/airflow/example_dags/example_latest_only_with_trigger.py
[2023-07-27T01:51:50.629+0000] {logging_mixin.py:150} INFO - [2023-07-27T01:51:50.628+0000] {dag.py:2742} INFO - Sync 1 DAGs
[2023-07-27T01:51:50.656+0000] {logging_mixin.py:150} INFO - [2023-07-27T01:51:50.656+0000] {dag.py:3508} INFO - Setting next_dagrun for latest_only_with_trigger to 2023-07-26T21:51:50.656499+00:00, run_after=2023-07-27T01:51:50.656499+00:00
[2023-07-27T01:51:50.681+0000] {processor.py:179} INFO - Processing /home/airflow/.local/lib/python3.7/site-packages/airflow/example_dags/example_latest_only_with_trigger.py took 0.092 seconds
[2023-07-27T01:52:21.241+0000] {processor.py:157} INFO - Started process (PID=3917) to work on /home/airflow/.local/lib/python3.7/site-packages/airflow/example_dags/example_latest_only_with_trigger.py
[2023-07-27T01:52:21.251+0000] {processor.py:826} INFO - Processing file /home/airflow/.local/lib/python3.7/site-packages/airflow/example_dags/example_latest_only_with_trigger.py for tasks to queue
[2023-07-27T01:52:21.252+0000] {logging_mixin.py:150} INFO - [2023-07-27T01:52:21.252+0000] {dagbag.py:541} INFO - Filling up the DagBag from /home/airflow/.local/lib/python3.7/site-packages/airflow/example_dags/example_latest_only_with_trigger.py
[2023-07-27T01:52:21.259+0000] {processor.py:836} INFO - DAG(s) dict_keys(['latest_only_with_trigger']) retrieved from /home/airflow/.local/lib/python3.7/site-packages/airflow/example_dags/example_latest_only_with_trigger.py
[2023-07-27T01:52:21.286+0000] {logging_mixin.py:150} INFO - [2023-07-27T01:52:21.285+0000] {dag.py:2742} INFO - Sync 1 DAGs
[2023-07-27T01:52:21.313+0000] {logging_mixin.py:150} INFO - [2023-07-27T01:52:21.313+0000] {dag.py:3508} INFO - Setting next_dagrun for latest_only_with_trigger to 2023-07-26T21:52:21.313429+00:00, run_after=2023-07-27T01:52:21.313429+00:00
[2023-07-27T01:52:21.342+0000] {processor.py:179} INFO - Processing /home/airflow/.local/lib/python3.7/site-packages/airflow/example_dags/example_latest_only_with_trigger.py took 0.105 seconds
[2023-07-27T01:52:51.895+0000] {processor.py:157} INFO - Started process (PID=3977) to work on /home/airflow/.local/lib/python3.7/site-packages/airflow/example_dags/example_latest_only_with_trigger.py
[2023-07-27T01:52:51.896+0000] {processor.py:826} INFO - Processing file /home/airflow/.local/lib/python3.7/site-packages/airflow/example_dags/example_latest_only_with_trigger.py for tasks to queue
[2023-07-27T01:52:51.897+0000] {logging_mixin.py:150} INFO - [2023-07-27T01:52:51.897+0000] {dagbag.py:541} INFO - Filling up the DagBag from /home/airflow/.local/lib/python3.7/site-packages/airflow/example_dags/example_latest_only_with_trigger.py
[2023-07-27T01:52:51.905+0000] {processor.py:836} INFO - DAG(s) dict_keys(['latest_only_with_trigger']) retrieved from /home/airflow/.local/lib/python3.7/site-packages/airflow/example_dags/example_latest_only_with_trigger.py
[2023-07-27T01:52:51.931+0000] {logging_mixin.py:150} INFO - [2023-07-27T01:52:51.931+0000] {dag.py:2742} INFO - Sync 1 DAGs
[2023-07-27T01:52:51.961+0000] {logging_mixin.py:150} INFO - [2023-07-27T01:52:51.961+0000] {dag.py:3508} INFO - Setting next_dagrun for latest_only_with_trigger to 2023-07-26T21:52:51.961307+00:00, run_after=2023-07-27T01:52:51.961307+00:00
[2023-07-27T01:52:51.989+0000] {processor.py:179} INFO - Processing /home/airflow/.local/lib/python3.7/site-packages/airflow/example_dags/example_latest_only_with_trigger.py took 0.098 seconds
[2023-07-27T01:53:22.282+0000] {processor.py:157} INFO - Started process (PID=4037) to work on /home/airflow/.local/lib/python3.7/site-packages/airflow/example_dags/example_latest_only_with_trigger.py
[2023-07-27T01:53:22.283+0000] {processor.py:826} INFO - Processing file /home/airflow/.local/lib/python3.7/site-packages/airflow/example_dags/example_latest_only_with_trigger.py for tasks to queue
[2023-07-27T01:53:22.284+0000] {logging_mixin.py:150} INFO - [2023-07-27T01:53:22.284+0000] {dagbag.py:541} INFO - Filling up the DagBag from /home/airflow/.local/lib/python3.7/site-packages/airflow/example_dags/example_latest_only_with_trigger.py
[2023-07-27T01:53:22.292+0000] {processor.py:836} INFO - DAG(s) dict_keys(['latest_only_with_trigger']) retrieved from /home/airflow/.local/lib/python3.7/site-packages/airflow/example_dags/example_latest_only_with_trigger.py
[2023-07-27T01:53:22.318+0000] {logging_mixin.py:150} INFO - [2023-07-27T01:53:22.318+0000] {dag.py:2742} INFO - Sync 1 DAGs
[2023-07-27T01:53:22.346+0000] {logging_mixin.py:150} INFO - [2023-07-27T01:53:22.345+0000] {dag.py:3508} INFO - Setting next_dagrun for latest_only_with_trigger to 2023-07-26T21:53:22.345667+00:00, run_after=2023-07-27T01:53:22.345667+00:00
[2023-07-27T01:53:22.380+0000] {processor.py:179} INFO - Processing /home/airflow/.local/lib/python3.7/site-packages/airflow/example_dags/example_latest_only_with_trigger.py took 0.102 seconds
[2023-07-27T01:53:52.448+0000] {processor.py:157} INFO - Started process (PID=4097) to work on /home/airflow/.local/lib/python3.7/site-packages/airflow/example_dags/example_latest_only_with_trigger.py
[2023-07-27T01:53:52.449+0000] {processor.py:826} INFO - Processing file /home/airflow/.local/lib/python3.7/site-packages/airflow/example_dags/example_latest_only_with_trigger.py for tasks to queue
[2023-07-27T01:53:52.450+0000] {logging_mixin.py:150} INFO - [2023-07-27T01:53:52.450+0000] {dagbag.py:541} INFO - Filling up the DagBag from /home/airflow/.local/lib/python3.7/site-packages/airflow/example_dags/example_latest_only_with_trigger.py
[2023-07-27T01:53:52.458+0000] {processor.py:836} INFO - DAG(s) dict_keys(['latest_only_with_trigger']) retrieved from /home/airflow/.local/lib/python3.7/site-packages/airflow/example_dags/example_latest_only_with_trigger.py
[2023-07-27T01:53:52.483+0000] {logging_mixin.py:150} INFO - [2023-07-27T01:53:52.483+0000] {dag.py:2742} INFO - Sync 1 DAGs
[2023-07-27T01:53:52.510+0000] {logging_mixin.py:150} INFO - [2023-07-27T01:53:52.509+0000] {dag.py:3508} INFO - Setting next_dagrun for latest_only_with_trigger to 2023-07-26T21:53:52.509696+00:00, run_after=2023-07-27T01:53:52.509696+00:00
[2023-07-27T01:53:52.543+0000] {processor.py:179} INFO - Processing /home/airflow/.local/lib/python3.7/site-packages/airflow/example_dags/example_latest_only_with_trigger.py took 0.099 seconds
[2023-07-27T01:54:22.701+0000] {processor.py:157} INFO - Started process (PID=4157) to work on /home/airflow/.local/lib/python3.7/site-packages/airflow/example_dags/example_latest_only_with_trigger.py
[2023-07-27T01:54:22.703+0000] {processor.py:826} INFO - Processing file /home/airflow/.local/lib/python3.7/site-packages/airflow/example_dags/example_latest_only_with_trigger.py for tasks to queue
[2023-07-27T01:54:22.704+0000] {logging_mixin.py:150} INFO - [2023-07-27T01:54:22.703+0000] {dagbag.py:541} INFO - Filling up the DagBag from /home/airflow/.local/lib/python3.7/site-packages/airflow/example_dags/example_latest_only_with_trigger.py
[2023-07-27T01:54:22.711+0000] {processor.py:836} INFO - DAG(s) dict_keys(['latest_only_with_trigger']) retrieved from /home/airflow/.local/lib/python3.7/site-packages/airflow/example_dags/example_latest_only_with_trigger.py
[2023-07-27T01:54:22.736+0000] {logging_mixin.py:150} INFO - [2023-07-27T01:54:22.736+0000] {dag.py:2742} INFO - Sync 1 DAGs
[2023-07-27T01:54:22.766+0000] {logging_mixin.py:150} INFO - [2023-07-27T01:54:22.766+0000] {dag.py:3508} INFO - Setting next_dagrun for latest_only_with_trigger to 2023-07-26T21:54:22.766160+00:00, run_after=2023-07-27T01:54:22.766160+00:00
[2023-07-27T01:54:22.788+0000] {processor.py:179} INFO - Processing /home/airflow/.local/lib/python3.7/site-packages/airflow/example_dags/example_latest_only_with_trigger.py took 0.091 seconds
[2023-07-27T01:54:52.937+0000] {processor.py:157} INFO - Started process (PID=4217) to work on /home/airflow/.local/lib/python3.7/site-packages/airflow/example_dags/example_latest_only_with_trigger.py
[2023-07-27T01:54:52.938+0000] {processor.py:826} INFO - Processing file /home/airflow/.local/lib/python3.7/site-packages/airflow/example_dags/example_latest_only_with_trigger.py for tasks to queue
[2023-07-27T01:54:52.939+0000] {logging_mixin.py:150} INFO - [2023-07-27T01:54:52.939+0000] {dagbag.py:541} INFO - Filling up the DagBag from /home/airflow/.local/lib/python3.7/site-packages/airflow/example_dags/example_latest_only_with_trigger.py
[2023-07-27T01:54:52.947+0000] {processor.py:836} INFO - DAG(s) dict_keys(['latest_only_with_trigger']) retrieved from /home/airflow/.local/lib/python3.7/site-packages/airflow/example_dags/example_latest_only_with_trigger.py
[2023-07-27T01:54:52.973+0000] {logging_mixin.py:150} INFO - [2023-07-27T01:54:52.973+0000] {dag.py:2742} INFO - Sync 1 DAGs
[2023-07-27T01:54:53.004+0000] {logging_mixin.py:150} INFO - [2023-07-27T01:54:53.003+0000] {dag.py:3508} INFO - Setting next_dagrun for latest_only_with_trigger to 2023-07-26T21:54:53.003727+00:00, run_after=2023-07-27T01:54:53.003727+00:00
[2023-07-27T01:54:53.026+0000] {processor.py:179} INFO - Processing /home/airflow/.local/lib/python3.7/site-packages/airflow/example_dags/example_latest_only_with_trigger.py took 0.093 seconds
[2023-07-27T01:55:23.381+0000] {processor.py:157} INFO - Started process (PID=4277) to work on /home/airflow/.local/lib/python3.7/site-packages/airflow/example_dags/example_latest_only_with_trigger.py
[2023-07-27T01:55:23.382+0000] {processor.py:826} INFO - Processing file /home/airflow/.local/lib/python3.7/site-packages/airflow/example_dags/example_latest_only_with_trigger.py for tasks to queue
[2023-07-27T01:55:23.383+0000] {logging_mixin.py:150} INFO - [2023-07-27T01:55:23.383+0000] {dagbag.py:541} INFO - Filling up the DagBag from /home/airflow/.local/lib/python3.7/site-packages/airflow/example_dags/example_latest_only_with_trigger.py
[2023-07-27T01:55:23.390+0000] {processor.py:836} INFO - DAG(s) dict_keys(['latest_only_with_trigger']) retrieved from /home/airflow/.local/lib/python3.7/site-packages/airflow/example_dags/example_latest_only_with_trigger.py
[2023-07-27T01:55:23.416+0000] {logging_mixin.py:150} INFO - [2023-07-27T01:55:23.416+0000] {dag.py:2742} INFO - Sync 1 DAGs
[2023-07-27T01:55:23.444+0000] {logging_mixin.py:150} INFO - [2023-07-27T01:55:23.444+0000] {dag.py:3508} INFO - Setting next_dagrun for latest_only_with_trigger to 2023-07-26T21:55:23.444012+00:00, run_after=2023-07-27T01:55:23.444012+00:00
[2023-07-27T01:55:23.469+0000] {processor.py:179} INFO - Processing /home/airflow/.local/lib/python3.7/site-packages/airflow/example_dags/example_latest_only_with_trigger.py took 0.092 seconds
[2023-07-27T01:55:53.687+0000] {processor.py:157} INFO - Started process (PID=4336) to work on /home/airflow/.local/lib/python3.7/site-packages/airflow/example_dags/example_latest_only_with_trigger.py
[2023-07-27T01:55:53.688+0000] {processor.py:826} INFO - Processing file /home/airflow/.local/lib/python3.7/site-packages/airflow/example_dags/example_latest_only_with_trigger.py for tasks to queue
[2023-07-27T01:55:53.690+0000] {logging_mixin.py:150} INFO - [2023-07-27T01:55:53.689+0000] {dagbag.py:541} INFO - Filling up the DagBag from /home/airflow/.local/lib/python3.7/site-packages/airflow/example_dags/example_latest_only_with_trigger.py
[2023-07-27T01:55:53.697+0000] {processor.py:836} INFO - DAG(s) dict_keys(['latest_only_with_trigger']) retrieved from /home/airflow/.local/lib/python3.7/site-packages/airflow/example_dags/example_latest_only_with_trigger.py
[2023-07-27T01:55:53.724+0000] {logging_mixin.py:150} INFO - [2023-07-27T01:55:53.724+0000] {dag.py:2742} INFO - Sync 1 DAGs
[2023-07-27T01:55:53.752+0000] {logging_mixin.py:150} INFO - [2023-07-27T01:55:53.752+0000] {dag.py:3508} INFO - Setting next_dagrun for latest_only_with_trigger to 2023-07-26T21:55:53.752395+00:00, run_after=2023-07-27T01:55:53.752395+00:00
[2023-07-27T01:55:53.774+0000] {processor.py:179} INFO - Processing /home/airflow/.local/lib/python3.7/site-packages/airflow/example_dags/example_latest_only_with_trigger.py took 0.090 seconds
[2023-07-27T01:56:24.221+0000] {processor.py:157} INFO - Started process (PID=4397) to work on /home/airflow/.local/lib/python3.7/site-packages/airflow/example_dags/example_latest_only_with_trigger.py
[2023-07-27T01:56:24.222+0000] {processor.py:826} INFO - Processing file /home/airflow/.local/lib/python3.7/site-packages/airflow/example_dags/example_latest_only_with_trigger.py for tasks to queue
[2023-07-27T01:56:24.223+0000] {logging_mixin.py:150} INFO - [2023-07-27T01:56:24.223+0000] {dagbag.py:541} INFO - Filling up the DagBag from /home/airflow/.local/lib/python3.7/site-packages/airflow/example_dags/example_latest_only_with_trigger.py
[2023-07-27T01:56:24.231+0000] {processor.py:836} INFO - DAG(s) dict_keys(['latest_only_with_trigger']) retrieved from /home/airflow/.local/lib/python3.7/site-packages/airflow/example_dags/example_latest_only_with_trigger.py
[2023-07-27T01:56:24.256+0000] {logging_mixin.py:150} INFO - [2023-07-27T01:56:24.256+0000] {dag.py:2742} INFO - Sync 1 DAGs
[2023-07-27T01:56:24.286+0000] {logging_mixin.py:150} INFO - [2023-07-27T01:56:24.286+0000] {dag.py:3508} INFO - Setting next_dagrun for latest_only_with_trigger to 2023-07-26T21:56:24.285945+00:00, run_after=2023-07-27T01:56:24.285945+00:00
[2023-07-27T01:56:24.310+0000] {processor.py:179} INFO - Processing /home/airflow/.local/lib/python3.7/site-packages/airflow/example_dags/example_latest_only_with_trigger.py took 0.092 seconds
[2023-07-27T01:56:54.763+0000] {processor.py:157} INFO - Started process (PID=4458) to work on /home/airflow/.local/lib/python3.7/site-packages/airflow/example_dags/example_latest_only_with_trigger.py
[2023-07-27T01:56:54.764+0000] {processor.py:826} INFO - Processing file /home/airflow/.local/lib/python3.7/site-packages/airflow/example_dags/example_latest_only_with_trigger.py for tasks to queue
[2023-07-27T01:56:54.765+0000] {logging_mixin.py:150} INFO - [2023-07-27T01:56:54.765+0000] {dagbag.py:541} INFO - Filling up the DagBag from /home/airflow/.local/lib/python3.7/site-packages/airflow/example_dags/example_latest_only_with_trigger.py
[2023-07-27T01:56:54.772+0000] {processor.py:836} INFO - DAG(s) dict_keys(['latest_only_with_trigger']) retrieved from /home/airflow/.local/lib/python3.7/site-packages/airflow/example_dags/example_latest_only_with_trigger.py
[2023-07-27T01:56:54.798+0000] {logging_mixin.py:150} INFO - [2023-07-27T01:56:54.798+0000] {dag.py:2742} INFO - Sync 1 DAGs
[2023-07-27T01:56:54.831+0000] {logging_mixin.py:150} INFO - [2023-07-27T01:56:54.830+0000] {dag.py:3508} INFO - Setting next_dagrun for latest_only_with_trigger to 2023-07-26T21:56:54.830559+00:00, run_after=2023-07-27T01:56:54.830559+00:00
[2023-07-27T01:56:54.865+0000] {processor.py:179} INFO - Processing /home/airflow/.local/lib/python3.7/site-packages/airflow/example_dags/example_latest_only_with_trigger.py took 0.106 seconds
[2023-07-27T01:57:24.992+0000] {processor.py:157} INFO - Started process (PID=4519) to work on /home/airflow/.local/lib/python3.7/site-packages/airflow/example_dags/example_latest_only_with_trigger.py
[2023-07-27T01:57:24.993+0000] {processor.py:826} INFO - Processing file /home/airflow/.local/lib/python3.7/site-packages/airflow/example_dags/example_latest_only_with_trigger.py for tasks to queue
[2023-07-27T01:57:24.995+0000] {logging_mixin.py:150} INFO - [2023-07-27T01:57:24.994+0000] {dagbag.py:541} INFO - Filling up the DagBag from /home/airflow/.local/lib/python3.7/site-packages/airflow/example_dags/example_latest_only_with_trigger.py
[2023-07-27T01:57:25.002+0000] {processor.py:836} INFO - DAG(s) dict_keys(['latest_only_with_trigger']) retrieved from /home/airflow/.local/lib/python3.7/site-packages/airflow/example_dags/example_latest_only_with_trigger.py
[2023-07-27T01:57:25.027+0000] {logging_mixin.py:150} INFO - [2023-07-27T01:57:25.027+0000] {dag.py:2742} INFO - Sync 1 DAGs
[2023-07-27T01:57:25.055+0000] {logging_mixin.py:150} INFO - [2023-07-27T01:57:25.054+0000] {dag.py:3508} INFO - Setting next_dagrun for latest_only_with_trigger to 2023-07-26T21:57:25.054632+00:00, run_after=2023-07-27T01:57:25.054632+00:00
[2023-07-27T01:57:25.078+0000] {processor.py:179} INFO - Processing /home/airflow/.local/lib/python3.7/site-packages/airflow/example_dags/example_latest_only_with_trigger.py took 0.089 seconds
[2023-07-27T01:57:55.267+0000] {processor.py:157} INFO - Started process (PID=4579) to work on /home/airflow/.local/lib/python3.7/site-packages/airflow/example_dags/example_latest_only_with_trigger.py
[2023-07-27T01:57:55.268+0000] {processor.py:826} INFO - Processing file /home/airflow/.local/lib/python3.7/site-packages/airflow/example_dags/example_latest_only_with_trigger.py for tasks to queue
[2023-07-27T01:57:55.270+0000] {logging_mixin.py:150} INFO - [2023-07-27T01:57:55.269+0000] {dagbag.py:541} INFO - Filling up the DagBag from /home/airflow/.local/lib/python3.7/site-packages/airflow/example_dags/example_latest_only_with_trigger.py
[2023-07-27T01:57:55.277+0000] {processor.py:836} INFO - DAG(s) dict_keys(['latest_only_with_trigger']) retrieved from /home/airflow/.local/lib/python3.7/site-packages/airflow/example_dags/example_latest_only_with_trigger.py
[2023-07-27T01:57:55.303+0000] {logging_mixin.py:150} INFO - [2023-07-27T01:57:55.303+0000] {dag.py:2742} INFO - Sync 1 DAGs
[2023-07-27T01:57:55.332+0000] {logging_mixin.py:150} INFO - [2023-07-27T01:57:55.331+0000] {dag.py:3508} INFO - Setting next_dagrun for latest_only_with_trigger to 2023-07-26T21:57:55.331459+00:00, run_after=2023-07-27T01:57:55.331459+00:00
[2023-07-27T01:57:55.355+0000] {processor.py:179} INFO - Processing /home/airflow/.local/lib/python3.7/site-packages/airflow/example_dags/example_latest_only_with_trigger.py took 0.092 seconds
[2023-07-27T01:58:25.608+0000] {processor.py:157} INFO - Started process (PID=4639) to work on /home/airflow/.local/lib/python3.7/site-packages/airflow/example_dags/example_latest_only_with_trigger.py
[2023-07-27T01:58:25.609+0000] {processor.py:826} INFO - Processing file /home/airflow/.local/lib/python3.7/site-packages/airflow/example_dags/example_latest_only_with_trigger.py for tasks to queue
[2023-07-27T01:58:25.610+0000] {logging_mixin.py:150} INFO - [2023-07-27T01:58:25.610+0000] {dagbag.py:541} INFO - Filling up the DagBag from /home/airflow/.local/lib/python3.7/site-packages/airflow/example_dags/example_latest_only_with_trigger.py
[2023-07-27T01:58:25.618+0000] {processor.py:836} INFO - DAG(s) dict_keys(['latest_only_with_trigger']) retrieved from /home/airflow/.local/lib/python3.7/site-packages/airflow/example_dags/example_latest_only_with_trigger.py
[2023-07-27T01:58:25.644+0000] {logging_mixin.py:150} INFO - [2023-07-27T01:58:25.644+0000] {dag.py:2742} INFO - Sync 1 DAGs
[2023-07-27T01:58:25.673+0000] {logging_mixin.py:150} INFO - [2023-07-27T01:58:25.673+0000] {dag.py:3508} INFO - Setting next_dagrun for latest_only_with_trigger to 2023-07-26T21:58:25.673006+00:00, run_after=2023-07-27T01:58:25.673006+00:00
[2023-07-27T01:58:25.697+0000] {processor.py:179} INFO - Processing /home/airflow/.local/lib/python3.7/site-packages/airflow/example_dags/example_latest_only_with_trigger.py took 0.093 seconds
[2023-07-27T01:58:55.817+0000] {processor.py:157} INFO - Started process (PID=4698) to work on /home/airflow/.local/lib/python3.7/site-packages/airflow/example_dags/example_latest_only_with_trigger.py
[2023-07-27T01:58:55.818+0000] {processor.py:826} INFO - Processing file /home/airflow/.local/lib/python3.7/site-packages/airflow/example_dags/example_latest_only_with_trigger.py for tasks to queue
[2023-07-27T01:58:55.820+0000] {logging_mixin.py:150} INFO - [2023-07-27T01:58:55.819+0000] {dagbag.py:541} INFO - Filling up the DagBag from /home/airflow/.local/lib/python3.7/site-packages/airflow/example_dags/example_latest_only_with_trigger.py
[2023-07-27T01:58:55.828+0000] {processor.py:836} INFO - DAG(s) dict_keys(['latest_only_with_trigger']) retrieved from /home/airflow/.local/lib/python3.7/site-packages/airflow/example_dags/example_latest_only_with_trigger.py
[2023-07-27T01:58:55.856+0000] {logging_mixin.py:150} INFO - [2023-07-27T01:58:55.856+0000] {dag.py:2742} INFO - Sync 1 DAGs
[2023-07-27T01:58:55.883+0000] {logging_mixin.py:150} INFO - [2023-07-27T01:58:55.883+0000] {dag.py:3508} INFO - Setting next_dagrun for latest_only_with_trigger to 2023-07-26T21:58:55.882899+00:00, run_after=2023-07-27T01:58:55.882899+00:00
[2023-07-27T01:58:55.905+0000] {processor.py:179} INFO - Processing /home/airflow/.local/lib/python3.7/site-packages/airflow/example_dags/example_latest_only_with_trigger.py took 0.092 seconds
[2023-07-27T01:59:26.153+0000] {processor.py:157} INFO - Started process (PID=4758) to work on /home/airflow/.local/lib/python3.7/site-packages/airflow/example_dags/example_latest_only_with_trigger.py
[2023-07-27T01:59:26.155+0000] {processor.py:826} INFO - Processing file /home/airflow/.local/lib/python3.7/site-packages/airflow/example_dags/example_latest_only_with_trigger.py for tasks to queue
[2023-07-27T01:59:26.156+0000] {logging_mixin.py:150} INFO - [2023-07-27T01:59:26.155+0000] {dagbag.py:541} INFO - Filling up the DagBag from /home/airflow/.local/lib/python3.7/site-packages/airflow/example_dags/example_latest_only_with_trigger.py
[2023-07-27T01:59:26.163+0000] {processor.py:836} INFO - DAG(s) dict_keys(['latest_only_with_trigger']) retrieved from /home/airflow/.local/lib/python3.7/site-packages/airflow/example_dags/example_latest_only_with_trigger.py
[2023-07-27T01:59:26.188+0000] {logging_mixin.py:150} INFO - [2023-07-27T01:59:26.188+0000] {dag.py:2742} INFO - Sync 1 DAGs
[2023-07-27T01:59:26.215+0000] {logging_mixin.py:150} INFO - [2023-07-27T01:59:26.215+0000] {dag.py:3508} INFO - Setting next_dagrun for latest_only_with_trigger to 2023-07-26T21:59:26.215530+00:00, run_after=2023-07-27T01:59:26.215530+00:00
[2023-07-27T01:59:26.238+0000] {processor.py:179} INFO - Processing /home/airflow/.local/lib/python3.7/site-packages/airflow/example_dags/example_latest_only_with_trigger.py took 0.088 seconds
[2023-07-27T01:59:56.644+0000] {processor.py:157} INFO - Started process (PID=4818) to work on /home/airflow/.local/lib/python3.7/site-packages/airflow/example_dags/example_latest_only_with_trigger.py
[2023-07-27T01:59:56.645+0000] {processor.py:826} INFO - Processing file /home/airflow/.local/lib/python3.7/site-packages/airflow/example_dags/example_latest_only_with_trigger.py for tasks to queue
[2023-07-27T01:59:56.646+0000] {logging_mixin.py:150} INFO - [2023-07-27T01:59:56.646+0000] {dagbag.py:541} INFO - Filling up the DagBag from /home/airflow/.local/lib/python3.7/site-packages/airflow/example_dags/example_latest_only_with_trigger.py
[2023-07-27T01:59:56.654+0000] {processor.py:836} INFO - DAG(s) dict_keys(['latest_only_with_trigger']) retrieved from /home/airflow/.local/lib/python3.7/site-packages/airflow/example_dags/example_latest_only_with_trigger.py
[2023-07-27T01:59:56.679+0000] {logging_mixin.py:150} INFO - [2023-07-27T01:59:56.678+0000] {dag.py:2742} INFO - Sync 1 DAGs
[2023-07-27T01:59:56.705+0000] {logging_mixin.py:150} INFO - [2023-07-27T01:59:56.705+0000] {dag.py:3508} INFO - Setting next_dagrun for latest_only_with_trigger to 2023-07-26T21:59:56.705152+00:00, run_after=2023-07-27T01:59:56.705152+00:00
[2023-07-27T01:59:56.739+0000] {processor.py:179} INFO - Processing /home/airflow/.local/lib/python3.7/site-packages/airflow/example_dags/example_latest_only_with_trigger.py took 0.099 seconds
[2023-07-27T02:00:26.884+0000] {processor.py:157} INFO - Started process (PID=4878) to work on /home/airflow/.local/lib/python3.7/site-packages/airflow/example_dags/example_latest_only_with_trigger.py
[2023-07-27T02:00:26.885+0000] {processor.py:826} INFO - Processing file /home/airflow/.local/lib/python3.7/site-packages/airflow/example_dags/example_latest_only_with_trigger.py for tasks to queue
[2023-07-27T02:00:26.886+0000] {logging_mixin.py:150} INFO - [2023-07-27T02:00:26.885+0000] {dagbag.py:541} INFO - Filling up the DagBag from /home/airflow/.local/lib/python3.7/site-packages/airflow/example_dags/example_latest_only_with_trigger.py
[2023-07-27T02:00:26.893+0000] {processor.py:836} INFO - DAG(s) dict_keys(['latest_only_with_trigger']) retrieved from /home/airflow/.local/lib/python3.7/site-packages/airflow/example_dags/example_latest_only_with_trigger.py
[2023-07-27T02:00:26.917+0000] {logging_mixin.py:150} INFO - [2023-07-27T02:00:26.917+0000] {dag.py:2742} INFO - Sync 1 DAGs
[2023-07-27T02:00:26.946+0000] {logging_mixin.py:150} INFO - [2023-07-27T02:00:26.946+0000] {dag.py:3508} INFO - Setting next_dagrun for latest_only_with_trigger to 2023-07-26T22:00:26.946396+00:00, run_after=2023-07-27T02:00:26.946396+00:00
[2023-07-27T02:00:26.983+0000] {processor.py:179} INFO - Processing /home/airflow/.local/lib/python3.7/site-packages/airflow/example_dags/example_latest_only_with_trigger.py took 0.103 seconds
[2023-07-27T02:00:57.054+0000] {processor.py:157} INFO - Started process (PID=4938) to work on /home/airflow/.local/lib/python3.7/site-packages/airflow/example_dags/example_latest_only_with_trigger.py
[2023-07-27T02:00:57.055+0000] {processor.py:826} INFO - Processing file /home/airflow/.local/lib/python3.7/site-packages/airflow/example_dags/example_latest_only_with_trigger.py for tasks to queue
[2023-07-27T02:00:57.056+0000] {logging_mixin.py:150} INFO - [2023-07-27T02:00:57.056+0000] {dagbag.py:541} INFO - Filling up the DagBag from /home/airflow/.local/lib/python3.7/site-packages/airflow/example_dags/example_latest_only_with_trigger.py
[2023-07-27T02:00:57.063+0000] {processor.py:836} INFO - DAG(s) dict_keys(['latest_only_with_trigger']) retrieved from /home/airflow/.local/lib/python3.7/site-packages/airflow/example_dags/example_latest_only_with_trigger.py
[2023-07-27T02:00:57.088+0000] {logging_mixin.py:150} INFO - [2023-07-27T02:00:57.088+0000] {dag.py:2742} INFO - Sync 1 DAGs
[2023-07-27T02:00:57.116+0000] {logging_mixin.py:150} INFO - [2023-07-27T02:00:57.116+0000] {dag.py:3508} INFO - Setting next_dagrun for latest_only_with_trigger to 2023-07-26T22:00:57.115946+00:00, run_after=2023-07-27T02:00:57.115946+00:00
[2023-07-27T02:00:57.138+0000] {processor.py:179} INFO - Processing /home/airflow/.local/lib/python3.7/site-packages/airflow/example_dags/example_latest_only_with_trigger.py took 0.088 seconds
[2023-07-27T02:01:27.185+0000] {processor.py:157} INFO - Started process (PID=4998) to work on /home/airflow/.local/lib/python3.7/site-packages/airflow/example_dags/example_latest_only_with_trigger.py
[2023-07-27T02:01:27.186+0000] {processor.py:826} INFO - Processing file /home/airflow/.local/lib/python3.7/site-packages/airflow/example_dags/example_latest_only_with_trigger.py for tasks to queue
[2023-07-27T02:01:27.187+0000] {logging_mixin.py:150} INFO - [2023-07-27T02:01:27.187+0000] {dagbag.py:541} INFO - Filling up the DagBag from /home/airflow/.local/lib/python3.7/site-packages/airflow/example_dags/example_latest_only_with_trigger.py
[2023-07-27T02:01:27.195+0000] {processor.py:836} INFO - DAG(s) dict_keys(['latest_only_with_trigger']) retrieved from /home/airflow/.local/lib/python3.7/site-packages/airflow/example_dags/example_latest_only_with_trigger.py
[2023-07-27T02:01:27.220+0000] {logging_mixin.py:150} INFO - [2023-07-27T02:01:27.220+0000] {dag.py:2742} INFO - Sync 1 DAGs
[2023-07-27T02:01:27.247+0000] {logging_mixin.py:150} INFO - [2023-07-27T02:01:27.247+0000] {dag.py:3508} INFO - Setting next_dagrun for latest_only_with_trigger to 2023-07-26T22:01:27.247371+00:00, run_after=2023-07-27T02:01:27.247371+00:00
[2023-07-27T02:01:27.272+0000] {processor.py:179} INFO - Processing /home/airflow/.local/lib/python3.7/site-packages/airflow/example_dags/example_latest_only_with_trigger.py took 0.091 seconds
[2023-07-27T02:01:57.702+0000] {processor.py:157} INFO - Started process (PID=5058) to work on /home/airflow/.local/lib/python3.7/site-packages/airflow/example_dags/example_latest_only_with_trigger.py
[2023-07-27T02:01:57.704+0000] {processor.py:826} INFO - Processing file /home/airflow/.local/lib/python3.7/site-packages/airflow/example_dags/example_latest_only_with_trigger.py for tasks to queue
[2023-07-27T02:01:57.705+0000] {logging_mixin.py:150} INFO - [2023-07-27T02:01:57.705+0000] {dagbag.py:541} INFO - Filling up the DagBag from /home/airflow/.local/lib/python3.7/site-packages/airflow/example_dags/example_latest_only_with_trigger.py
[2023-07-27T02:01:57.711+0000] {processor.py:836} INFO - DAG(s) dict_keys(['latest_only_with_trigger']) retrieved from /home/airflow/.local/lib/python3.7/site-packages/airflow/example_dags/example_latest_only_with_trigger.py
[2023-07-27T02:01:57.737+0000] {logging_mixin.py:150} INFO - [2023-07-27T02:01:57.736+0000] {dag.py:2742} INFO - Sync 1 DAGs
[2023-07-27T02:01:57.765+0000] {logging_mixin.py:150} INFO - [2023-07-27T02:01:57.764+0000] {dag.py:3508} INFO - Setting next_dagrun for latest_only_with_trigger to 2023-07-26T22:01:57.764622+00:00, run_after=2023-07-27T02:01:57.764622+00:00
[2023-07-27T02:01:57.797+0000] {processor.py:179} INFO - Processing /home/airflow/.local/lib/python3.7/site-packages/airflow/example_dags/example_latest_only_with_trigger.py took 0.098 seconds
[2023-07-27T02:02:28.774+0000] {processor.py:157} INFO - Started process (PID=5119) to work on /home/airflow/.local/lib/python3.7/site-packages/airflow/example_dags/example_latest_only_with_trigger.py
[2023-07-27T02:02:28.775+0000] {processor.py:826} INFO - Processing file /home/airflow/.local/lib/python3.7/site-packages/airflow/example_dags/example_latest_only_with_trigger.py for tasks to queue
[2023-07-27T02:02:28.777+0000] {logging_mixin.py:150} INFO - [2023-07-27T02:02:28.777+0000] {dagbag.py:541} INFO - Filling up the DagBag from /home/airflow/.local/lib/python3.7/site-packages/airflow/example_dags/example_latest_only_with_trigger.py
[2023-07-27T02:02:28.784+0000] {processor.py:836} INFO - DAG(s) dict_keys(['latest_only_with_trigger']) retrieved from /home/airflow/.local/lib/python3.7/site-packages/airflow/example_dags/example_latest_only_with_trigger.py
[2023-07-27T02:02:28.810+0000] {logging_mixin.py:150} INFO - [2023-07-27T02:02:28.810+0000] {dag.py:2742} INFO - Sync 1 DAGs
[2023-07-27T02:02:28.838+0000] {logging_mixin.py:150} INFO - [2023-07-27T02:02:28.837+0000] {dag.py:3508} INFO - Setting next_dagrun for latest_only_with_trigger to 2023-07-26T22:02:28.837652+00:00, run_after=2023-07-27T02:02:28.837652+00:00
[2023-07-27T02:02:28.863+0000] {processor.py:179} INFO - Processing /home/airflow/.local/lib/python3.7/site-packages/airflow/example_dags/example_latest_only_with_trigger.py took 0.093 seconds
[2023-07-27T02:02:59.058+0000] {processor.py:157} INFO - Started process (PID=5179) to work on /home/airflow/.local/lib/python3.7/site-packages/airflow/example_dags/example_latest_only_with_trigger.py
[2023-07-27T02:02:59.059+0000] {processor.py:826} INFO - Processing file /home/airflow/.local/lib/python3.7/site-packages/airflow/example_dags/example_latest_only_with_trigger.py for tasks to queue
[2023-07-27T02:02:59.061+0000] {logging_mixin.py:150} INFO - [2023-07-27T02:02:59.060+0000] {dagbag.py:541} INFO - Filling up the DagBag from /home/airflow/.local/lib/python3.7/site-packages/airflow/example_dags/example_latest_only_with_trigger.py
[2023-07-27T02:02:59.068+0000] {processor.py:836} INFO - DAG(s) dict_keys(['latest_only_with_trigger']) retrieved from /home/airflow/.local/lib/python3.7/site-packages/airflow/example_dags/example_latest_only_with_trigger.py
[2023-07-27T02:02:59.093+0000] {logging_mixin.py:150} INFO - [2023-07-27T02:02:59.093+0000] {dag.py:2742} INFO - Sync 1 DAGs
[2023-07-27T02:02:59.121+0000] {logging_mixin.py:150} INFO - [2023-07-27T02:02:59.120+0000] {dag.py:3508} INFO - Setting next_dagrun for latest_only_with_trigger to 2023-07-26T22:02:59.120713+00:00, run_after=2023-07-27T02:02:59.120713+00:00
[2023-07-27T02:02:59.149+0000] {processor.py:179} INFO - Processing /home/airflow/.local/lib/python3.7/site-packages/airflow/example_dags/example_latest_only_with_trigger.py took 0.094 seconds
[2023-07-27T02:03:29.298+0000] {processor.py:157} INFO - Started process (PID=5239) to work on /home/airflow/.local/lib/python3.7/site-packages/airflow/example_dags/example_latest_only_with_trigger.py
[2023-07-27T02:03:29.299+0000] {processor.py:826} INFO - Processing file /home/airflow/.local/lib/python3.7/site-packages/airflow/example_dags/example_latest_only_with_trigger.py for tasks to queue
[2023-07-27T02:03:29.300+0000] {logging_mixin.py:150} INFO - [2023-07-27T02:03:29.300+0000] {dagbag.py:541} INFO - Filling up the DagBag from /home/airflow/.local/lib/python3.7/site-packages/airflow/example_dags/example_latest_only_with_trigger.py
[2023-07-27T02:03:29.307+0000] {processor.py:836} INFO - DAG(s) dict_keys(['latest_only_with_trigger']) retrieved from /home/airflow/.local/lib/python3.7/site-packages/airflow/example_dags/example_latest_only_with_trigger.py
[2023-07-27T02:03:29.333+0000] {logging_mixin.py:150} INFO - [2023-07-27T02:03:29.333+0000] {dag.py:2742} INFO - Sync 1 DAGs
[2023-07-27T02:03:29.364+0000] {logging_mixin.py:150} INFO - [2023-07-27T02:03:29.364+0000] {dag.py:3508} INFO - Setting next_dagrun for latest_only_with_trigger to 2023-07-26T22:03:29.364195+00:00, run_after=2023-07-27T02:03:29.364195+00:00
[2023-07-27T02:03:29.388+0000] {processor.py:179} INFO - Processing /home/airflow/.local/lib/python3.7/site-packages/airflow/example_dags/example_latest_only_with_trigger.py took 0.094 seconds
[2023-07-27T02:03:59.749+0000] {processor.py:157} INFO - Started process (PID=5299) to work on /home/airflow/.local/lib/python3.7/site-packages/airflow/example_dags/example_latest_only_with_trigger.py
[2023-07-27T02:03:59.750+0000] {processor.py:826} INFO - Processing file /home/airflow/.local/lib/python3.7/site-packages/airflow/example_dags/example_latest_only_with_trigger.py for tasks to queue
[2023-07-27T02:03:59.751+0000] {logging_mixin.py:150} INFO - [2023-07-27T02:03:59.751+0000] {dagbag.py:541} INFO - Filling up the DagBag from /home/airflow/.local/lib/python3.7/site-packages/airflow/example_dags/example_latest_only_with_trigger.py
[2023-07-27T02:03:59.759+0000] {processor.py:836} INFO - DAG(s) dict_keys(['latest_only_with_trigger']) retrieved from /home/airflow/.local/lib/python3.7/site-packages/airflow/example_dags/example_latest_only_with_trigger.py
[2023-07-27T02:03:59.786+0000] {logging_mixin.py:150} INFO - [2023-07-27T02:03:59.785+0000] {dag.py:2742} INFO - Sync 1 DAGs
[2023-07-27T02:03:59.819+0000] {logging_mixin.py:150} INFO - [2023-07-27T02:03:59.818+0000] {dag.py:3508} INFO - Setting next_dagrun for latest_only_with_trigger to 2023-07-26T22:03:59.818626+00:00, run_after=2023-07-27T02:03:59.818626+00:00
[2023-07-27T02:03:59.846+0000] {processor.py:179} INFO - Processing /home/airflow/.local/lib/python3.7/site-packages/airflow/example_dags/example_latest_only_with_trigger.py took 0.101 seconds
[2023-07-27T02:04:29.920+0000] {processor.py:157} INFO - Started process (PID=5359) to work on /home/airflow/.local/lib/python3.7/site-packages/airflow/example_dags/example_latest_only_with_trigger.py
[2023-07-27T02:04:29.921+0000] {processor.py:826} INFO - Processing file /home/airflow/.local/lib/python3.7/site-packages/airflow/example_dags/example_latest_only_with_trigger.py for tasks to queue
[2023-07-27T02:04:29.922+0000] {logging_mixin.py:150} INFO - [2023-07-27T02:04:29.922+0000] {dagbag.py:541} INFO - Filling up the DagBag from /home/airflow/.local/lib/python3.7/site-packages/airflow/example_dags/example_latest_only_with_trigger.py
[2023-07-27T02:04:29.929+0000] {processor.py:836} INFO - DAG(s) dict_keys(['latest_only_with_trigger']) retrieved from /home/airflow/.local/lib/python3.7/site-packages/airflow/example_dags/example_latest_only_with_trigger.py
[2023-07-27T02:04:29.954+0000] {logging_mixin.py:150} INFO - [2023-07-27T02:04:29.954+0000] {dag.py:2742} INFO - Sync 1 DAGs
[2023-07-27T02:04:29.983+0000] {logging_mixin.py:150} INFO - [2023-07-27T02:04:29.983+0000] {dag.py:3508} INFO - Setting next_dagrun for latest_only_with_trigger to 2023-07-26T22:04:29.983212+00:00, run_after=2023-07-27T02:04:29.983212+00:00
[2023-07-27T02:04:30.006+0000] {processor.py:179} INFO - Processing /home/airflow/.local/lib/python3.7/site-packages/airflow/example_dags/example_latest_only_with_trigger.py took 0.090 seconds
[2023-07-27T02:05:00.409+0000] {processor.py:157} INFO - Started process (PID=5419) to work on /home/airflow/.local/lib/python3.7/site-packages/airflow/example_dags/example_latest_only_with_trigger.py
[2023-07-27T02:05:00.411+0000] {processor.py:826} INFO - Processing file /home/airflow/.local/lib/python3.7/site-packages/airflow/example_dags/example_latest_only_with_trigger.py for tasks to queue
[2023-07-27T02:05:00.412+0000] {logging_mixin.py:150} INFO - [2023-07-27T02:05:00.412+0000] {dagbag.py:541} INFO - Filling up the DagBag from /home/airflow/.local/lib/python3.7/site-packages/airflow/example_dags/example_latest_only_with_trigger.py
[2023-07-27T02:05:00.419+0000] {processor.py:836} INFO - DAG(s) dict_keys(['latest_only_with_trigger']) retrieved from /home/airflow/.local/lib/python3.7/site-packages/airflow/example_dags/example_latest_only_with_trigger.py
[2023-07-27T02:05:00.444+0000] {logging_mixin.py:150} INFO - [2023-07-27T02:05:00.444+0000] {dag.py:2742} INFO - Sync 1 DAGs
[2023-07-27T02:05:00.472+0000] {logging_mixin.py:150} INFO - [2023-07-27T02:05:00.471+0000] {dag.py:3508} INFO - Setting next_dagrun for latest_only_with_trigger to 2023-07-26T22:05:00.471660+00:00, run_after=2023-07-27T02:05:00.471660+00:00
[2023-07-27T02:05:00.508+0000] {processor.py:179} INFO - Processing /home/airflow/.local/lib/python3.7/site-packages/airflow/example_dags/example_latest_only_with_trigger.py took 0.102 seconds
[2023-07-27T02:05:30.870+0000] {processor.py:157} INFO - Started process (PID=5480) to work on /home/airflow/.local/lib/python3.7/site-packages/airflow/example_dags/example_latest_only_with_trigger.py
[2023-07-27T02:05:30.871+0000] {processor.py:826} INFO - Processing file /home/airflow/.local/lib/python3.7/site-packages/airflow/example_dags/example_latest_only_with_trigger.py for tasks to queue
[2023-07-27T02:05:30.872+0000] {logging_mixin.py:150} INFO - [2023-07-27T02:05:30.872+0000] {dagbag.py:541} INFO - Filling up the DagBag from /home/airflow/.local/lib/python3.7/site-packages/airflow/example_dags/example_latest_only_with_trigger.py
[2023-07-27T02:05:30.879+0000] {processor.py:836} INFO - DAG(s) dict_keys(['latest_only_with_trigger']) retrieved from /home/airflow/.local/lib/python3.7/site-packages/airflow/example_dags/example_latest_only_with_trigger.py
[2023-07-27T02:05:30.909+0000] {logging_mixin.py:150} INFO - [2023-07-27T02:05:30.908+0000] {dag.py:2742} INFO - Sync 1 DAGs
[2023-07-27T02:05:30.937+0000] {logging_mixin.py:150} INFO - [2023-07-27T02:05:30.937+0000] {dag.py:3508} INFO - Setting next_dagrun for latest_only_with_trigger to 2023-07-26T22:05:30.937096+00:00, run_after=2023-07-27T02:05:30.937096+00:00
[2023-07-27T02:05:30.960+0000] {processor.py:179} INFO - Processing /home/airflow/.local/lib/python3.7/site-packages/airflow/example_dags/example_latest_only_with_trigger.py took 0.094 seconds
[2023-07-27T02:06:01.464+0000] {processor.py:157} INFO - Started process (PID=5539) to work on /home/airflow/.local/lib/python3.7/site-packages/airflow/example_dags/example_latest_only_with_trigger.py
[2023-07-27T02:06:01.465+0000] {processor.py:826} INFO - Processing file /home/airflow/.local/lib/python3.7/site-packages/airflow/example_dags/example_latest_only_with_trigger.py for tasks to queue
[2023-07-27T02:06:01.466+0000] {logging_mixin.py:150} INFO - [2023-07-27T02:06:01.466+0000] {dagbag.py:541} INFO - Filling up the DagBag from /home/airflow/.local/lib/python3.7/site-packages/airflow/example_dags/example_latest_only_with_trigger.py
[2023-07-27T02:06:01.474+0000] {processor.py:836} INFO - DAG(s) dict_keys(['latest_only_with_trigger']) retrieved from /home/airflow/.local/lib/python3.7/site-packages/airflow/example_dags/example_latest_only_with_trigger.py
[2023-07-27T02:06:01.499+0000] {logging_mixin.py:150} INFO - [2023-07-27T02:06:01.498+0000] {dag.py:2742} INFO - Sync 1 DAGs
[2023-07-27T02:06:01.525+0000] {logging_mixin.py:150} INFO - [2023-07-27T02:06:01.525+0000] {dag.py:3508} INFO - Setting next_dagrun for latest_only_with_trigger to 2023-07-26T22:06:01.525384+00:00, run_after=2023-07-27T02:06:01.525384+00:00
[2023-07-27T02:06:01.561+0000] {processor.py:179} INFO - Processing /home/airflow/.local/lib/python3.7/site-packages/airflow/example_dags/example_latest_only_with_trigger.py took 0.101 seconds
[2023-07-27T02:06:32.014+0000] {processor.py:157} INFO - Started process (PID=5599) to work on /home/airflow/.local/lib/python3.7/site-packages/airflow/example_dags/example_latest_only_with_trigger.py
[2023-07-27T02:06:32.015+0000] {processor.py:826} INFO - Processing file /home/airflow/.local/lib/python3.7/site-packages/airflow/example_dags/example_latest_only_with_trigger.py for tasks to queue
[2023-07-27T02:06:32.017+0000] {logging_mixin.py:150} INFO - [2023-07-27T02:06:32.016+0000] {dagbag.py:541} INFO - Filling up the DagBag from /home/airflow/.local/lib/python3.7/site-packages/airflow/example_dags/example_latest_only_with_trigger.py
[2023-07-27T02:06:32.023+0000] {processor.py:836} INFO - DAG(s) dict_keys(['latest_only_with_trigger']) retrieved from /home/airflow/.local/lib/python3.7/site-packages/airflow/example_dags/example_latest_only_with_trigger.py
[2023-07-27T02:06:32.052+0000] {logging_mixin.py:150} INFO - [2023-07-27T02:06:32.052+0000] {dag.py:2742} INFO - Sync 1 DAGs
[2023-07-27T02:06:32.081+0000] {logging_mixin.py:150} INFO - [2023-07-27T02:06:32.081+0000] {dag.py:3508} INFO - Setting next_dagrun for latest_only_with_trigger to 2023-07-26T22:06:32.081015+00:00, run_after=2023-07-27T02:06:32.081015+00:00
[2023-07-27T02:06:32.108+0000] {processor.py:179} INFO - Processing /home/airflow/.local/lib/python3.7/site-packages/airflow/example_dags/example_latest_only_with_trigger.py took 0.097 seconds
[2023-07-27T02:07:02.809+0000] {processor.py:157} INFO - Started process (PID=5659) to work on /home/airflow/.local/lib/python3.7/site-packages/airflow/example_dags/example_latest_only_with_trigger.py
[2023-07-27T02:07:02.811+0000] {processor.py:826} INFO - Processing file /home/airflow/.local/lib/python3.7/site-packages/airflow/example_dags/example_latest_only_with_trigger.py for tasks to queue
[2023-07-27T02:07:02.812+0000] {logging_mixin.py:150} INFO - [2023-07-27T02:07:02.812+0000] {dagbag.py:541} INFO - Filling up the DagBag from /home/airflow/.local/lib/python3.7/site-packages/airflow/example_dags/example_latest_only_with_trigger.py
[2023-07-27T02:07:02.823+0000] {processor.py:836} INFO - DAG(s) dict_keys(['latest_only_with_trigger']) retrieved from /home/airflow/.local/lib/python3.7/site-packages/airflow/example_dags/example_latest_only_with_trigger.py
[2023-07-27T02:07:02.853+0000] {logging_mixin.py:150} INFO - [2023-07-27T02:07:02.853+0000] {dag.py:2742} INFO - Sync 1 DAGs
[2023-07-27T02:07:02.883+0000] {logging_mixin.py:150} INFO - [2023-07-27T02:07:02.883+0000] {dag.py:3508} INFO - Setting next_dagrun for latest_only_with_trigger to 2023-07-26T22:07:02.883044+00:00, run_after=2023-07-27T02:07:02.883044+00:00
[2023-07-27T02:07:03.025+0000] {processor.py:179} INFO - Processing /home/airflow/.local/lib/python3.7/site-packages/airflow/example_dags/example_latest_only_with_trigger.py took 0.219 seconds
[2023-07-27T02:07:33.266+0000] {processor.py:157} INFO - Started process (PID=5719) to work on /home/airflow/.local/lib/python3.7/site-packages/airflow/example_dags/example_latest_only_with_trigger.py
[2023-07-27T02:07:33.268+0000] {processor.py:826} INFO - Processing file /home/airflow/.local/lib/python3.7/site-packages/airflow/example_dags/example_latest_only_with_trigger.py for tasks to queue
[2023-07-27T02:07:33.269+0000] {logging_mixin.py:150} INFO - [2023-07-27T02:07:33.269+0000] {dagbag.py:541} INFO - Filling up the DagBag from /home/airflow/.local/lib/python3.7/site-packages/airflow/example_dags/example_latest_only_with_trigger.py
[2023-07-27T02:07:33.276+0000] {processor.py:836} INFO - DAG(s) dict_keys(['latest_only_with_trigger']) retrieved from /home/airflow/.local/lib/python3.7/site-packages/airflow/example_dags/example_latest_only_with_trigger.py
[2023-07-27T02:07:33.303+0000] {logging_mixin.py:150} INFO - [2023-07-27T02:07:33.303+0000] {dag.py:2742} INFO - Sync 1 DAGs
[2023-07-27T02:07:33.331+0000] {logging_mixin.py:150} INFO - [2023-07-27T02:07:33.331+0000] {dag.py:3508} INFO - Setting next_dagrun for latest_only_with_trigger to 2023-07-26T22:07:33.331563+00:00, run_after=2023-07-27T02:07:33.331563+00:00
[2023-07-27T02:07:33.359+0000] {processor.py:179} INFO - Processing /home/airflow/.local/lib/python3.7/site-packages/airflow/example_dags/example_latest_only_with_trigger.py took 0.097 seconds
[2023-07-27T02:08:03.687+0000] {processor.py:157} INFO - Started process (PID=5772) to work on /home/airflow/.local/lib/python3.7/site-packages/airflow/example_dags/example_latest_only_with_trigger.py
[2023-07-27T02:08:03.688+0000] {processor.py:826} INFO - Processing file /home/airflow/.local/lib/python3.7/site-packages/airflow/example_dags/example_latest_only_with_trigger.py for tasks to queue
[2023-07-27T02:08:03.689+0000] {logging_mixin.py:150} INFO - [2023-07-27T02:08:03.689+0000] {dagbag.py:541} INFO - Filling up the DagBag from /home/airflow/.local/lib/python3.7/site-packages/airflow/example_dags/example_latest_only_with_trigger.py
[2023-07-27T02:08:03.697+0000] {processor.py:836} INFO - DAG(s) dict_keys(['latest_only_with_trigger']) retrieved from /home/airflow/.local/lib/python3.7/site-packages/airflow/example_dags/example_latest_only_with_trigger.py
[2023-07-27T02:08:03.725+0000] {logging_mixin.py:150} INFO - [2023-07-27T02:08:03.724+0000] {dag.py:2742} INFO - Sync 1 DAGs
[2023-07-27T02:08:03.752+0000] {logging_mixin.py:150} INFO - [2023-07-27T02:08:03.752+0000] {dag.py:3508} INFO - Setting next_dagrun for latest_only_with_trigger to 2023-07-26T22:08:03.752267+00:00, run_after=2023-07-27T02:08:03.752267+00:00
[2023-07-27T02:08:03.787+0000] {processor.py:179} INFO - Processing /home/airflow/.local/lib/python3.7/site-packages/airflow/example_dags/example_latest_only_with_trigger.py took 0.106 seconds
[2023-07-27T02:08:34.578+0000] {processor.py:157} INFO - Started process (PID=5833) to work on /home/airflow/.local/lib/python3.7/site-packages/airflow/example_dags/example_latest_only_with_trigger.py
[2023-07-27T02:08:34.579+0000] {processor.py:826} INFO - Processing file /home/airflow/.local/lib/python3.7/site-packages/airflow/example_dags/example_latest_only_with_trigger.py for tasks to queue
[2023-07-27T02:08:34.581+0000] {logging_mixin.py:150} INFO - [2023-07-27T02:08:34.580+0000] {dagbag.py:541} INFO - Filling up the DagBag from /home/airflow/.local/lib/python3.7/site-packages/airflow/example_dags/example_latest_only_with_trigger.py
[2023-07-27T02:08:34.588+0000] {processor.py:836} INFO - DAG(s) dict_keys(['latest_only_with_trigger']) retrieved from /home/airflow/.local/lib/python3.7/site-packages/airflow/example_dags/example_latest_only_with_trigger.py
[2023-07-27T02:08:34.613+0000] {logging_mixin.py:150} INFO - [2023-07-27T02:08:34.612+0000] {dag.py:2742} INFO - Sync 1 DAGs
[2023-07-27T02:08:34.756+0000] {logging_mixin.py:150} INFO - [2023-07-27T02:08:34.756+0000] {dag.py:3508} INFO - Setting next_dagrun for latest_only_with_trigger to 2023-07-26T22:08:34.756258+00:00, run_after=2023-07-27T02:08:34.756258+00:00
[2023-07-27T02:08:34.784+0000] {processor.py:179} INFO - Processing /home/airflow/.local/lib/python3.7/site-packages/airflow/example_dags/example_latest_only_with_trigger.py took 0.209 seconds
[2023-07-27T02:09:04.979+0000] {processor.py:157} INFO - Started process (PID=5893) to work on /home/airflow/.local/lib/python3.7/site-packages/airflow/example_dags/example_latest_only_with_trigger.py
[2023-07-27T02:09:04.980+0000] {processor.py:826} INFO - Processing file /home/airflow/.local/lib/python3.7/site-packages/airflow/example_dags/example_latest_only_with_trigger.py for tasks to queue
[2023-07-27T02:09:04.982+0000] {logging_mixin.py:150} INFO - [2023-07-27T02:09:04.981+0000] {dagbag.py:541} INFO - Filling up the DagBag from /home/airflow/.local/lib/python3.7/site-packages/airflow/example_dags/example_latest_only_with_trigger.py
[2023-07-27T02:09:04.989+0000] {processor.py:836} INFO - DAG(s) dict_keys(['latest_only_with_trigger']) retrieved from /home/airflow/.local/lib/python3.7/site-packages/airflow/example_dags/example_latest_only_with_trigger.py
[2023-07-27T02:09:05.015+0000] {logging_mixin.py:150} INFO - [2023-07-27T02:09:05.014+0000] {dag.py:2742} INFO - Sync 1 DAGs
[2023-07-27T02:09:05.042+0000] {logging_mixin.py:150} INFO - [2023-07-27T02:09:05.042+0000] {dag.py:3508} INFO - Setting next_dagrun for latest_only_with_trigger to 2023-07-26T22:09:05.042285+00:00, run_after=2023-07-27T02:09:05.042285+00:00
[2023-07-27T02:09:05.074+0000] {processor.py:179} INFO - Processing /home/airflow/.local/lib/python3.7/site-packages/airflow/example_dags/example_latest_only_with_trigger.py took 0.098 seconds
[2023-07-27T02:09:35.121+0000] {processor.py:157} INFO - Started process (PID=5953) to work on /home/airflow/.local/lib/python3.7/site-packages/airflow/example_dags/example_latest_only_with_trigger.py
[2023-07-27T02:09:35.122+0000] {processor.py:826} INFO - Processing file /home/airflow/.local/lib/python3.7/site-packages/airflow/example_dags/example_latest_only_with_trigger.py for tasks to queue
[2023-07-27T02:09:35.123+0000] {logging_mixin.py:150} INFO - [2023-07-27T02:09:35.123+0000] {dagbag.py:541} INFO - Filling up the DagBag from /home/airflow/.local/lib/python3.7/site-packages/airflow/example_dags/example_latest_only_with_trigger.py
[2023-07-27T02:09:35.130+0000] {processor.py:836} INFO - DAG(s) dict_keys(['latest_only_with_trigger']) retrieved from /home/airflow/.local/lib/python3.7/site-packages/airflow/example_dags/example_latest_only_with_trigger.py
[2023-07-27T02:09:35.156+0000] {logging_mixin.py:150} INFO - [2023-07-27T02:09:35.156+0000] {dag.py:2742} INFO - Sync 1 DAGs
[2023-07-27T02:09:35.185+0000] {logging_mixin.py:150} INFO - [2023-07-27T02:09:35.185+0000] {dag.py:3508} INFO - Setting next_dagrun for latest_only_with_trigger to 2023-07-26T22:09:35.184993+00:00, run_after=2023-07-27T02:09:35.184993+00:00
[2023-07-27T02:09:35.213+0000] {processor.py:179} INFO - Processing /home/airflow/.local/lib/python3.7/site-packages/airflow/example_dags/example_latest_only_with_trigger.py took 0.095 seconds
[2023-07-27T02:10:06.139+0000] {processor.py:157} INFO - Started process (PID=6013) to work on /home/airflow/.local/lib/python3.7/site-packages/airflow/example_dags/example_latest_only_with_trigger.py
[2023-07-27T02:10:06.141+0000] {processor.py:826} INFO - Processing file /home/airflow/.local/lib/python3.7/site-packages/airflow/example_dags/example_latest_only_with_trigger.py for tasks to queue
[2023-07-27T02:10:06.142+0000] {logging_mixin.py:150} INFO - [2023-07-27T02:10:06.142+0000] {dagbag.py:541} INFO - Filling up the DagBag from /home/airflow/.local/lib/python3.7/site-packages/airflow/example_dags/example_latest_only_with_trigger.py
[2023-07-27T02:10:06.149+0000] {processor.py:836} INFO - DAG(s) dict_keys(['latest_only_with_trigger']) retrieved from /home/airflow/.local/lib/python3.7/site-packages/airflow/example_dags/example_latest_only_with_trigger.py
[2023-07-27T02:10:06.176+0000] {logging_mixin.py:150} INFO - [2023-07-27T02:10:06.176+0000] {dag.py:2742} INFO - Sync 1 DAGs
[2023-07-27T02:10:06.328+0000] {logging_mixin.py:150} INFO - [2023-07-27T02:10:06.328+0000] {dag.py:3508} INFO - Setting next_dagrun for latest_only_with_trigger to 2023-07-26T22:10:06.328394+00:00, run_after=2023-07-27T02:10:06.328394+00:00
[2023-07-27T02:10:06.352+0000] {processor.py:179} INFO - Processing /home/airflow/.local/lib/python3.7/site-packages/airflow/example_dags/example_latest_only_with_trigger.py took 0.216 seconds
[2023-07-27T02:10:36.514+0000] {processor.py:157} INFO - Started process (PID=6074) to work on /home/airflow/.local/lib/python3.7/site-packages/airflow/example_dags/example_latest_only_with_trigger.py
[2023-07-27T02:10:36.515+0000] {processor.py:826} INFO - Processing file /home/airflow/.local/lib/python3.7/site-packages/airflow/example_dags/example_latest_only_with_trigger.py for tasks to queue
[2023-07-27T02:10:36.517+0000] {logging_mixin.py:150} INFO - [2023-07-27T02:10:36.516+0000] {dagbag.py:541} INFO - Filling up the DagBag from /home/airflow/.local/lib/python3.7/site-packages/airflow/example_dags/example_latest_only_with_trigger.py
[2023-07-27T02:10:36.524+0000] {processor.py:836} INFO - DAG(s) dict_keys(['latest_only_with_trigger']) retrieved from /home/airflow/.local/lib/python3.7/site-packages/airflow/example_dags/example_latest_only_with_trigger.py
[2023-07-27T02:10:36.553+0000] {logging_mixin.py:150} INFO - [2023-07-27T02:10:36.552+0000] {dag.py:2742} INFO - Sync 1 DAGs
[2023-07-27T02:10:36.584+0000] {logging_mixin.py:150} INFO - [2023-07-27T02:10:36.584+0000] {dag.py:3508} INFO - Setting next_dagrun for latest_only_with_trigger to 2023-07-26T22:10:36.582986+00:00, run_after=2023-07-27T02:10:36.582986+00:00
[2023-07-27T02:10:36.611+0000] {processor.py:179} INFO - Processing /home/airflow/.local/lib/python3.7/site-packages/airflow/example_dags/example_latest_only_with_trigger.py took 0.100 seconds
