[2023-07-27T01:39:06.274+0000] {processor.py:157} INFO - Started process (PID=2353) to work on /home/airflow/.local/lib/python3.7/site-packages/airflow/example_dags/example_sensor_decorator.py
[2023-07-27T01:39:06.275+0000] {processor.py:826} INFO - Processing file /home/airflow/.local/lib/python3.7/site-packages/airflow/example_dags/example_sensor_decorator.py for tasks to queue
[2023-07-27T01:39:06.277+0000] {logging_mixin.py:150} INFO - [2023-07-27T01:39:06.276+0000] {dagbag.py:541} INFO - Filling up the DagBag from /home/airflow/.local/lib/python3.7/site-packages/airflow/example_dags/example_sensor_decorator.py
[2023-07-27T01:39:06.287+0000] {processor.py:836} INFO - DAG(s) dict_keys(['example_sensor_decorator']) retrieved from /home/airflow/.local/lib/python3.7/site-packages/airflow/example_dags/example_sensor_decorator.py
[2023-07-27T01:39:06.349+0000] {logging_mixin.py:150} INFO - [2023-07-27T01:39:06.349+0000] {dag.py:2742} INFO - Sync 1 DAGs
[2023-07-27T01:39:06.422+0000] {logging_mixin.py:150} INFO - [2023-07-27T01:39:06.422+0000] {dag.py:3508} INFO - Setting next_dagrun for example_sensor_decorator to None, run_after=None
[2023-07-27T01:39:06.474+0000] {processor.py:179} INFO - Processing /home/airflow/.local/lib/python3.7/site-packages/airflow/example_dags/example_sensor_decorator.py took 0.209 seconds
[2023-07-27T01:39:36.979+0000] {processor.py:157} INFO - Started process (PID=2413) to work on /home/airflow/.local/lib/python3.7/site-packages/airflow/example_dags/example_sensor_decorator.py
[2023-07-27T01:39:36.980+0000] {processor.py:826} INFO - Processing file /home/airflow/.local/lib/python3.7/site-packages/airflow/example_dags/example_sensor_decorator.py for tasks to queue
[2023-07-27T01:39:36.981+0000] {logging_mixin.py:150} INFO - [2023-07-27T01:39:36.981+0000] {dagbag.py:541} INFO - Filling up the DagBag from /home/airflow/.local/lib/python3.7/site-packages/airflow/example_dags/example_sensor_decorator.py
[2023-07-27T01:39:36.989+0000] {processor.py:836} INFO - DAG(s) dict_keys(['example_sensor_decorator']) retrieved from /home/airflow/.local/lib/python3.7/site-packages/airflow/example_dags/example_sensor_decorator.py
[2023-07-27T01:39:37.014+0000] {logging_mixin.py:150} INFO - [2023-07-27T01:39:37.014+0000] {dag.py:2742} INFO - Sync 1 DAGs
[2023-07-27T01:39:37.043+0000] {logging_mixin.py:150} INFO - [2023-07-27T01:39:37.042+0000] {dag.py:3508} INFO - Setting next_dagrun for example_sensor_decorator to None, run_after=None
[2023-07-27T01:39:37.067+0000] {processor.py:179} INFO - Processing /home/airflow/.local/lib/python3.7/site-packages/airflow/example_dags/example_sensor_decorator.py took 0.091 seconds
[2023-07-27T01:40:07.890+0000] {processor.py:157} INFO - Started process (PID=2473) to work on /home/airflow/.local/lib/python3.7/site-packages/airflow/example_dags/example_sensor_decorator.py
[2023-07-27T01:40:07.891+0000] {processor.py:826} INFO - Processing file /home/airflow/.local/lib/python3.7/site-packages/airflow/example_dags/example_sensor_decorator.py for tasks to queue
[2023-07-27T01:40:07.892+0000] {logging_mixin.py:150} INFO - [2023-07-27T01:40:07.892+0000] {dagbag.py:541} INFO - Filling up the DagBag from /home/airflow/.local/lib/python3.7/site-packages/airflow/example_dags/example_sensor_decorator.py
[2023-07-27T01:40:07.906+0000] {processor.py:836} INFO - DAG(s) dict_keys(['example_sensor_decorator']) retrieved from /home/airflow/.local/lib/python3.7/site-packages/airflow/example_dags/example_sensor_decorator.py
[2023-07-27T01:40:07.942+0000] {logging_mixin.py:150} INFO - [2023-07-27T01:40:07.942+0000] {dag.py:2742} INFO - Sync 1 DAGs
[2023-07-27T01:40:07.998+0000] {logging_mixin.py:150} INFO - [2023-07-27T01:40:07.998+0000] {dag.py:3508} INFO - Setting next_dagrun for example_sensor_decorator to None, run_after=None
[2023-07-27T01:40:08.044+0000] {processor.py:179} INFO - Processing /home/airflow/.local/lib/python3.7/site-packages/airflow/example_dags/example_sensor_decorator.py took 0.164 seconds
[2023-07-27T01:40:38.687+0000] {processor.py:157} INFO - Started process (PID=2534) to work on /home/airflow/.local/lib/python3.7/site-packages/airflow/example_dags/example_sensor_decorator.py
[2023-07-27T01:40:38.688+0000] {processor.py:826} INFO - Processing file /home/airflow/.local/lib/python3.7/site-packages/airflow/example_dags/example_sensor_decorator.py for tasks to queue
[2023-07-27T01:40:38.690+0000] {logging_mixin.py:150} INFO - [2023-07-27T01:40:38.689+0000] {dagbag.py:541} INFO - Filling up the DagBag from /home/airflow/.local/lib/python3.7/site-packages/airflow/example_dags/example_sensor_decorator.py
[2023-07-27T01:40:38.699+0000] {processor.py:836} INFO - DAG(s) dict_keys(['example_sensor_decorator']) retrieved from /home/airflow/.local/lib/python3.7/site-packages/airflow/example_dags/example_sensor_decorator.py
[2023-07-27T01:40:38.725+0000] {logging_mixin.py:150} INFO - [2023-07-27T01:40:38.725+0000] {dag.py:2742} INFO - Sync 1 DAGs
[2023-07-27T01:40:38.756+0000] {logging_mixin.py:150} INFO - [2023-07-27T01:40:38.755+0000] {dag.py:3508} INFO - Setting next_dagrun for example_sensor_decorator to None, run_after=None
[2023-07-27T01:40:38.786+0000] {processor.py:179} INFO - Processing /home/airflow/.local/lib/python3.7/site-packages/airflow/example_dags/example_sensor_decorator.py took 0.102 seconds
[2023-07-27T01:41:09.640+0000] {processor.py:157} INFO - Started process (PID=2594) to work on /home/airflow/.local/lib/python3.7/site-packages/airflow/example_dags/example_sensor_decorator.py
[2023-07-27T01:41:09.642+0000] {processor.py:826} INFO - Processing file /home/airflow/.local/lib/python3.7/site-packages/airflow/example_dags/example_sensor_decorator.py for tasks to queue
[2023-07-27T01:41:09.643+0000] {logging_mixin.py:150} INFO - [2023-07-27T01:41:09.643+0000] {dagbag.py:541} INFO - Filling up the DagBag from /home/airflow/.local/lib/python3.7/site-packages/airflow/example_dags/example_sensor_decorator.py
[2023-07-27T01:41:09.650+0000] {processor.py:836} INFO - DAG(s) dict_keys(['example_sensor_decorator']) retrieved from /home/airflow/.local/lib/python3.7/site-packages/airflow/example_dags/example_sensor_decorator.py
[2023-07-27T01:41:09.679+0000] {logging_mixin.py:150} INFO - [2023-07-27T01:41:09.679+0000] {dag.py:2742} INFO - Sync 1 DAGs
[2023-07-27T01:41:09.706+0000] {logging_mixin.py:150} INFO - [2023-07-27T01:41:09.706+0000] {dag.py:3508} INFO - Setting next_dagrun for example_sensor_decorator to None, run_after=None
[2023-07-27T01:41:09.727+0000] {processor.py:179} INFO - Processing /home/airflow/.local/lib/python3.7/site-packages/airflow/example_dags/example_sensor_decorator.py took 0.090 seconds
[2023-07-27T01:41:39.930+0000] {processor.py:157} INFO - Started process (PID=2654) to work on /home/airflow/.local/lib/python3.7/site-packages/airflow/example_dags/example_sensor_decorator.py
[2023-07-27T01:41:39.931+0000] {processor.py:826} INFO - Processing file /home/airflow/.local/lib/python3.7/site-packages/airflow/example_dags/example_sensor_decorator.py for tasks to queue
[2023-07-27T01:41:39.932+0000] {logging_mixin.py:150} INFO - [2023-07-27T01:41:39.932+0000] {dagbag.py:541} INFO - Filling up the DagBag from /home/airflow/.local/lib/python3.7/site-packages/airflow/example_dags/example_sensor_decorator.py
[2023-07-27T01:41:39.939+0000] {processor.py:836} INFO - DAG(s) dict_keys(['example_sensor_decorator']) retrieved from /home/airflow/.local/lib/python3.7/site-packages/airflow/example_dags/example_sensor_decorator.py
[2023-07-27T01:41:39.964+0000] {logging_mixin.py:150} INFO - [2023-07-27T01:41:39.964+0000] {dag.py:2742} INFO - Sync 1 DAGs
[2023-07-27T01:41:39.990+0000] {logging_mixin.py:150} INFO - [2023-07-27T01:41:39.990+0000] {dag.py:3508} INFO - Setting next_dagrun for example_sensor_decorator to None, run_after=None
[2023-07-27T01:41:40.016+0000] {processor.py:179} INFO - Processing /home/airflow/.local/lib/python3.7/site-packages/airflow/example_dags/example_sensor_decorator.py took 0.090 seconds
[2023-07-27T01:42:10.859+0000] {processor.py:157} INFO - Started process (PID=2714) to work on /home/airflow/.local/lib/python3.7/site-packages/airflow/example_dags/example_sensor_decorator.py
[2023-07-27T01:42:10.860+0000] {processor.py:826} INFO - Processing file /home/airflow/.local/lib/python3.7/site-packages/airflow/example_dags/example_sensor_decorator.py for tasks to queue
[2023-07-27T01:42:10.861+0000] {logging_mixin.py:150} INFO - [2023-07-27T01:42:10.861+0000] {dagbag.py:541} INFO - Filling up the DagBag from /home/airflow/.local/lib/python3.7/site-packages/airflow/example_dags/example_sensor_decorator.py
[2023-07-27T01:42:10.868+0000] {processor.py:836} INFO - DAG(s) dict_keys(['example_sensor_decorator']) retrieved from /home/airflow/.local/lib/python3.7/site-packages/airflow/example_dags/example_sensor_decorator.py
[2023-07-27T01:42:10.893+0000] {logging_mixin.py:150} INFO - [2023-07-27T01:42:10.893+0000] {dag.py:2742} INFO - Sync 1 DAGs
[2023-07-27T01:42:10.922+0000] {logging_mixin.py:150} INFO - [2023-07-27T01:42:10.922+0000] {dag.py:3508} INFO - Setting next_dagrun for example_sensor_decorator to None, run_after=None
[2023-07-27T01:42:10.943+0000] {processor.py:179} INFO - Processing /home/airflow/.local/lib/python3.7/site-packages/airflow/example_dags/example_sensor_decorator.py took 0.088 seconds
[2023-07-27T01:42:41.730+0000] {processor.py:157} INFO - Started process (PID=2775) to work on /home/airflow/.local/lib/python3.7/site-packages/airflow/example_dags/example_sensor_decorator.py
[2023-07-27T01:42:41.731+0000] {processor.py:826} INFO - Processing file /home/airflow/.local/lib/python3.7/site-packages/airflow/example_dags/example_sensor_decorator.py for tasks to queue
[2023-07-27T01:42:41.732+0000] {logging_mixin.py:150} INFO - [2023-07-27T01:42:41.732+0000] {dagbag.py:541} INFO - Filling up the DagBag from /home/airflow/.local/lib/python3.7/site-packages/airflow/example_dags/example_sensor_decorator.py
[2023-07-27T01:42:41.739+0000] {processor.py:836} INFO - DAG(s) dict_keys(['example_sensor_decorator']) retrieved from /home/airflow/.local/lib/python3.7/site-packages/airflow/example_dags/example_sensor_decorator.py
[2023-07-27T01:42:41.764+0000] {logging_mixin.py:150} INFO - [2023-07-27T01:42:41.764+0000] {dag.py:2742} INFO - Sync 1 DAGs
[2023-07-27T01:42:41.791+0000] {logging_mixin.py:150} INFO - [2023-07-27T01:42:41.791+0000] {dag.py:3508} INFO - Setting next_dagrun for example_sensor_decorator to None, run_after=None
[2023-07-27T01:42:41.815+0000] {processor.py:179} INFO - Processing /home/airflow/.local/lib/python3.7/site-packages/airflow/example_dags/example_sensor_decorator.py took 0.088 seconds
[2023-07-27T01:43:11.907+0000] {processor.py:157} INFO - Started process (PID=2836) to work on /home/airflow/.local/lib/python3.7/site-packages/airflow/example_dags/example_sensor_decorator.py
[2023-07-27T01:43:11.908+0000] {processor.py:826} INFO - Processing file /home/airflow/.local/lib/python3.7/site-packages/airflow/example_dags/example_sensor_decorator.py for tasks to queue
[2023-07-27T01:43:11.909+0000] {logging_mixin.py:150} INFO - [2023-07-27T01:43:11.909+0000] {dagbag.py:541} INFO - Filling up the DagBag from /home/airflow/.local/lib/python3.7/site-packages/airflow/example_dags/example_sensor_decorator.py
[2023-07-27T01:43:11.915+0000] {processor.py:836} INFO - DAG(s) dict_keys(['example_sensor_decorator']) retrieved from /home/airflow/.local/lib/python3.7/site-packages/airflow/example_dags/example_sensor_decorator.py
[2023-07-27T01:43:11.940+0000] {logging_mixin.py:150} INFO - [2023-07-27T01:43:11.940+0000] {dag.py:2742} INFO - Sync 1 DAGs
[2023-07-27T01:43:11.967+0000] {logging_mixin.py:150} INFO - [2023-07-27T01:43:11.967+0000] {dag.py:3508} INFO - Setting next_dagrun for example_sensor_decorator to None, run_after=None
[2023-07-27T01:43:11.991+0000] {processor.py:179} INFO - Processing /home/airflow/.local/lib/python3.7/site-packages/airflow/example_dags/example_sensor_decorator.py took 0.088 seconds
[2023-07-27T01:43:42.300+0000] {processor.py:157} INFO - Started process (PID=2896) to work on /home/airflow/.local/lib/python3.7/site-packages/airflow/example_dags/example_sensor_decorator.py
[2023-07-27T01:43:42.301+0000] {processor.py:826} INFO - Processing file /home/airflow/.local/lib/python3.7/site-packages/airflow/example_dags/example_sensor_decorator.py for tasks to queue
[2023-07-27T01:43:42.302+0000] {logging_mixin.py:150} INFO - [2023-07-27T01:43:42.302+0000] {dagbag.py:541} INFO - Filling up the DagBag from /home/airflow/.local/lib/python3.7/site-packages/airflow/example_dags/example_sensor_decorator.py
[2023-07-27T01:43:42.309+0000] {processor.py:836} INFO - DAG(s) dict_keys(['example_sensor_decorator']) retrieved from /home/airflow/.local/lib/python3.7/site-packages/airflow/example_dags/example_sensor_decorator.py
[2023-07-27T01:43:42.334+0000] {logging_mixin.py:150} INFO - [2023-07-27T01:43:42.333+0000] {dag.py:2742} INFO - Sync 1 DAGs
[2023-07-27T01:43:42.360+0000] {logging_mixin.py:150} INFO - [2023-07-27T01:43:42.360+0000] {dag.py:3508} INFO - Setting next_dagrun for example_sensor_decorator to None, run_after=None
[2023-07-27T01:43:42.393+0000] {processor.py:179} INFO - Processing /home/airflow/.local/lib/python3.7/site-packages/airflow/example_dags/example_sensor_decorator.py took 0.097 seconds
[2023-07-27T01:44:13.052+0000] {processor.py:157} INFO - Started process (PID=2949) to work on /home/airflow/.local/lib/python3.7/site-packages/airflow/example_dags/example_sensor_decorator.py
[2023-07-27T01:44:13.053+0000] {processor.py:826} INFO - Processing file /home/airflow/.local/lib/python3.7/site-packages/airflow/example_dags/example_sensor_decorator.py for tasks to queue
[2023-07-27T01:44:13.054+0000] {logging_mixin.py:150} INFO - [2023-07-27T01:44:13.054+0000] {dagbag.py:541} INFO - Filling up the DagBag from /home/airflow/.local/lib/python3.7/site-packages/airflow/example_dags/example_sensor_decorator.py
[2023-07-27T01:44:13.061+0000] {processor.py:836} INFO - DAG(s) dict_keys(['example_sensor_decorator']) retrieved from /home/airflow/.local/lib/python3.7/site-packages/airflow/example_dags/example_sensor_decorator.py
[2023-07-27T01:44:13.086+0000] {logging_mixin.py:150} INFO - [2023-07-27T01:44:13.086+0000] {dag.py:2742} INFO - Sync 1 DAGs
[2023-07-27T01:44:13.113+0000] {logging_mixin.py:150} INFO - [2023-07-27T01:44:13.113+0000] {dag.py:3508} INFO - Setting next_dagrun for example_sensor_decorator to None, run_after=None
[2023-07-27T01:44:13.136+0000] {processor.py:179} INFO - Processing /home/airflow/.local/lib/python3.7/site-packages/airflow/example_dags/example_sensor_decorator.py took 0.088 seconds
[2023-07-27T01:44:43.775+0000] {processor.py:157} INFO - Started process (PID=3009) to work on /home/airflow/.local/lib/python3.7/site-packages/airflow/example_dags/example_sensor_decorator.py
[2023-07-27T01:44:43.777+0000] {processor.py:826} INFO - Processing file /home/airflow/.local/lib/python3.7/site-packages/airflow/example_dags/example_sensor_decorator.py for tasks to queue
[2023-07-27T01:44:43.778+0000] {logging_mixin.py:150} INFO - [2023-07-27T01:44:43.777+0000] {dagbag.py:541} INFO - Filling up the DagBag from /home/airflow/.local/lib/python3.7/site-packages/airflow/example_dags/example_sensor_decorator.py
[2023-07-27T01:44:43.784+0000] {processor.py:836} INFO - DAG(s) dict_keys(['example_sensor_decorator']) retrieved from /home/airflow/.local/lib/python3.7/site-packages/airflow/example_dags/example_sensor_decorator.py
[2023-07-27T01:44:43.811+0000] {logging_mixin.py:150} INFO - [2023-07-27T01:44:43.811+0000] {dag.py:2742} INFO - Sync 1 DAGs
[2023-07-27T01:44:43.840+0000] {logging_mixin.py:150} INFO - [2023-07-27T01:44:43.839+0000] {dag.py:3508} INFO - Setting next_dagrun for example_sensor_decorator to None, run_after=None
[2023-07-27T01:44:43.861+0000] {processor.py:179} INFO - Processing /home/airflow/.local/lib/python3.7/site-packages/airflow/example_dags/example_sensor_decorator.py took 0.090 seconds
[2023-07-27T01:45:14.284+0000] {processor.py:157} INFO - Started process (PID=3069) to work on /home/airflow/.local/lib/python3.7/site-packages/airflow/example_dags/example_sensor_decorator.py
[2023-07-27T01:45:14.285+0000] {processor.py:826} INFO - Processing file /home/airflow/.local/lib/python3.7/site-packages/airflow/example_dags/example_sensor_decorator.py for tasks to queue
[2023-07-27T01:45:14.287+0000] {logging_mixin.py:150} INFO - [2023-07-27T01:45:14.286+0000] {dagbag.py:541} INFO - Filling up the DagBag from /home/airflow/.local/lib/python3.7/site-packages/airflow/example_dags/example_sensor_decorator.py
[2023-07-27T01:45:14.293+0000] {processor.py:836} INFO - DAG(s) dict_keys(['example_sensor_decorator']) retrieved from /home/airflow/.local/lib/python3.7/site-packages/airflow/example_dags/example_sensor_decorator.py
[2023-07-27T01:45:14.320+0000] {logging_mixin.py:150} INFO - [2023-07-27T01:45:14.320+0000] {dag.py:2742} INFO - Sync 1 DAGs
[2023-07-27T01:45:14.358+0000] {logging_mixin.py:150} INFO - [2023-07-27T01:45:14.358+0000] {dag.py:3508} INFO - Setting next_dagrun for example_sensor_decorator to None, run_after=None
[2023-07-27T01:45:14.380+0000] {processor.py:179} INFO - Processing /home/airflow/.local/lib/python3.7/site-packages/airflow/example_dags/example_sensor_decorator.py took 0.100 seconds
[2023-07-27T01:45:44.549+0000] {processor.py:157} INFO - Started process (PID=3133) to work on /home/airflow/.local/lib/python3.7/site-packages/airflow/example_dags/example_sensor_decorator.py
[2023-07-27T01:45:44.551+0000] {processor.py:826} INFO - Processing file /home/airflow/.local/lib/python3.7/site-packages/airflow/example_dags/example_sensor_decorator.py for tasks to queue
[2023-07-27T01:45:44.552+0000] {logging_mixin.py:150} INFO - [2023-07-27T01:45:44.552+0000] {dagbag.py:541} INFO - Filling up the DagBag from /home/airflow/.local/lib/python3.7/site-packages/airflow/example_dags/example_sensor_decorator.py
[2023-07-27T01:45:44.559+0000] {processor.py:836} INFO - DAG(s) dict_keys(['example_sensor_decorator']) retrieved from /home/airflow/.local/lib/python3.7/site-packages/airflow/example_dags/example_sensor_decorator.py
[2023-07-27T01:45:44.592+0000] {logging_mixin.py:150} INFO - [2023-07-27T01:45:44.592+0000] {dag.py:2742} INFO - Sync 1 DAGs
[2023-07-27T01:45:44.620+0000] {logging_mixin.py:150} INFO - [2023-07-27T01:45:44.620+0000] {dag.py:3508} INFO - Setting next_dagrun for example_sensor_decorator to None, run_after=None
[2023-07-27T01:45:44.644+0000] {processor.py:179} INFO - Processing /home/airflow/.local/lib/python3.7/site-packages/airflow/example_dags/example_sensor_decorator.py took 0.098 seconds
[2023-07-27T01:46:14.746+0000] {processor.py:157} INFO - Started process (PID=3196) to work on /home/airflow/.local/lib/python3.7/site-packages/airflow/example_dags/example_sensor_decorator.py
[2023-07-27T01:46:14.747+0000] {processor.py:826} INFO - Processing file /home/airflow/.local/lib/python3.7/site-packages/airflow/example_dags/example_sensor_decorator.py for tasks to queue
[2023-07-27T01:46:14.748+0000] {logging_mixin.py:150} INFO - [2023-07-27T01:46:14.748+0000] {dagbag.py:541} INFO - Filling up the DagBag from /home/airflow/.local/lib/python3.7/site-packages/airflow/example_dags/example_sensor_decorator.py
[2023-07-27T01:46:14.755+0000] {processor.py:836} INFO - DAG(s) dict_keys(['example_sensor_decorator']) retrieved from /home/airflow/.local/lib/python3.7/site-packages/airflow/example_dags/example_sensor_decorator.py
[2023-07-27T01:46:14.780+0000] {logging_mixin.py:150} INFO - [2023-07-27T01:46:14.780+0000] {dag.py:2742} INFO - Sync 1 DAGs
[2023-07-27T01:46:14.809+0000] {logging_mixin.py:150} INFO - [2023-07-27T01:46:14.809+0000] {dag.py:3508} INFO - Setting next_dagrun for example_sensor_decorator to None, run_after=None
[2023-07-27T01:46:14.830+0000] {processor.py:179} INFO - Processing /home/airflow/.local/lib/python3.7/site-packages/airflow/example_dags/example_sensor_decorator.py took 0.088 seconds
[2023-07-27T01:46:46.001+0000] {processor.py:157} INFO - Started process (PID=3257) to work on /home/airflow/.local/lib/python3.7/site-packages/airflow/example_dags/example_sensor_decorator.py
[2023-07-27T01:46:46.003+0000] {processor.py:826} INFO - Processing file /home/airflow/.local/lib/python3.7/site-packages/airflow/example_dags/example_sensor_decorator.py for tasks to queue
[2023-07-27T01:46:46.004+0000] {logging_mixin.py:150} INFO - [2023-07-27T01:46:46.003+0000] {dagbag.py:541} INFO - Filling up the DagBag from /home/airflow/.local/lib/python3.7/site-packages/airflow/example_dags/example_sensor_decorator.py
[2023-07-27T01:46:46.010+0000] {processor.py:836} INFO - DAG(s) dict_keys(['example_sensor_decorator']) retrieved from /home/airflow/.local/lib/python3.7/site-packages/airflow/example_dags/example_sensor_decorator.py
[2023-07-27T01:46:46.036+0000] {logging_mixin.py:150} INFO - [2023-07-27T01:46:46.036+0000] {dag.py:2742} INFO - Sync 1 DAGs
[2023-07-27T01:46:46.064+0000] {logging_mixin.py:150} INFO - [2023-07-27T01:46:46.064+0000] {dag.py:3508} INFO - Setting next_dagrun for example_sensor_decorator to None, run_after=None
[2023-07-27T01:46:46.088+0000] {processor.py:179} INFO - Processing /home/airflow/.local/lib/python3.7/site-packages/airflow/example_dags/example_sensor_decorator.py took 0.090 seconds
[2023-07-27T01:47:16.453+0000] {processor.py:157} INFO - Started process (PID=3317) to work on /home/airflow/.local/lib/python3.7/site-packages/airflow/example_dags/example_sensor_decorator.py
[2023-07-27T01:47:16.454+0000] {processor.py:826} INFO - Processing file /home/airflow/.local/lib/python3.7/site-packages/airflow/example_dags/example_sensor_decorator.py for tasks to queue
[2023-07-27T01:47:16.455+0000] {logging_mixin.py:150} INFO - [2023-07-27T01:47:16.455+0000] {dagbag.py:541} INFO - Filling up the DagBag from /home/airflow/.local/lib/python3.7/site-packages/airflow/example_dags/example_sensor_decorator.py
[2023-07-27T01:47:16.462+0000] {processor.py:836} INFO - DAG(s) dict_keys(['example_sensor_decorator']) retrieved from /home/airflow/.local/lib/python3.7/site-packages/airflow/example_dags/example_sensor_decorator.py
[2023-07-27T01:47:16.488+0000] {logging_mixin.py:150} INFO - [2023-07-27T01:47:16.487+0000] {dag.py:2742} INFO - Sync 1 DAGs
[2023-07-27T01:47:16.515+0000] {logging_mixin.py:150} INFO - [2023-07-27T01:47:16.515+0000] {dag.py:3508} INFO - Setting next_dagrun for example_sensor_decorator to None, run_after=None
[2023-07-27T01:47:16.538+0000] {processor.py:179} INFO - Processing /home/airflow/.local/lib/python3.7/site-packages/airflow/example_dags/example_sensor_decorator.py took 0.089 seconds
[2023-07-27T01:47:47.467+0000] {processor.py:157} INFO - Started process (PID=3377) to work on /home/airflow/.local/lib/python3.7/site-packages/airflow/example_dags/example_sensor_decorator.py
[2023-07-27T01:47:47.468+0000] {processor.py:826} INFO - Processing file /home/airflow/.local/lib/python3.7/site-packages/airflow/example_dags/example_sensor_decorator.py for tasks to queue
[2023-07-27T01:47:47.469+0000] {logging_mixin.py:150} INFO - [2023-07-27T01:47:47.469+0000] {dagbag.py:541} INFO - Filling up the DagBag from /home/airflow/.local/lib/python3.7/site-packages/airflow/example_dags/example_sensor_decorator.py
[2023-07-27T01:47:47.476+0000] {processor.py:836} INFO - DAG(s) dict_keys(['example_sensor_decorator']) retrieved from /home/airflow/.local/lib/python3.7/site-packages/airflow/example_dags/example_sensor_decorator.py
[2023-07-27T01:47:47.502+0000] {logging_mixin.py:150} INFO - [2023-07-27T01:47:47.502+0000] {dag.py:2742} INFO - Sync 1 DAGs
[2023-07-27T01:47:47.531+0000] {logging_mixin.py:150} INFO - [2023-07-27T01:47:47.531+0000] {dag.py:3508} INFO - Setting next_dagrun for example_sensor_decorator to None, run_after=None
[2023-07-27T01:47:47.554+0000] {processor.py:179} INFO - Processing /home/airflow/.local/lib/python3.7/site-packages/airflow/example_dags/example_sensor_decorator.py took 0.091 seconds
[2023-07-27T01:48:17.923+0000] {processor.py:157} INFO - Started process (PID=3437) to work on /home/airflow/.local/lib/python3.7/site-packages/airflow/example_dags/example_sensor_decorator.py
[2023-07-27T01:48:17.924+0000] {processor.py:826} INFO - Processing file /home/airflow/.local/lib/python3.7/site-packages/airflow/example_dags/example_sensor_decorator.py for tasks to queue
[2023-07-27T01:48:17.925+0000] {logging_mixin.py:150} INFO - [2023-07-27T01:48:17.925+0000] {dagbag.py:541} INFO - Filling up the DagBag from /home/airflow/.local/lib/python3.7/site-packages/airflow/example_dags/example_sensor_decorator.py
[2023-07-27T01:48:17.932+0000] {processor.py:836} INFO - DAG(s) dict_keys(['example_sensor_decorator']) retrieved from /home/airflow/.local/lib/python3.7/site-packages/airflow/example_dags/example_sensor_decorator.py
[2023-07-27T01:48:17.959+0000] {logging_mixin.py:150} INFO - [2023-07-27T01:48:17.959+0000] {dag.py:2742} INFO - Sync 1 DAGs
[2023-07-27T01:48:17.987+0000] {logging_mixin.py:150} INFO - [2023-07-27T01:48:17.987+0000] {dag.py:3508} INFO - Setting next_dagrun for example_sensor_decorator to None, run_after=None
[2023-07-27T01:48:18.010+0000] {processor.py:179} INFO - Processing /home/airflow/.local/lib/python3.7/site-packages/airflow/example_dags/example_sensor_decorator.py took 0.091 seconds
[2023-07-27T01:48:48.168+0000] {processor.py:157} INFO - Started process (PID=3497) to work on /home/airflow/.local/lib/python3.7/site-packages/airflow/example_dags/example_sensor_decorator.py
[2023-07-27T01:48:48.170+0000] {processor.py:826} INFO - Processing file /home/airflow/.local/lib/python3.7/site-packages/airflow/example_dags/example_sensor_decorator.py for tasks to queue
[2023-07-27T01:48:48.171+0000] {logging_mixin.py:150} INFO - [2023-07-27T01:48:48.171+0000] {dagbag.py:541} INFO - Filling up the DagBag from /home/airflow/.local/lib/python3.7/site-packages/airflow/example_dags/example_sensor_decorator.py
[2023-07-27T01:48:48.178+0000] {processor.py:836} INFO - DAG(s) dict_keys(['example_sensor_decorator']) retrieved from /home/airflow/.local/lib/python3.7/site-packages/airflow/example_dags/example_sensor_decorator.py
[2023-07-27T01:48:48.204+0000] {logging_mixin.py:150} INFO - [2023-07-27T01:48:48.203+0000] {dag.py:2742} INFO - Sync 1 DAGs
[2023-07-27T01:48:48.232+0000] {logging_mixin.py:150} INFO - [2023-07-27T01:48:48.231+0000] {dag.py:3508} INFO - Setting next_dagrun for example_sensor_decorator to None, run_after=None
[2023-07-27T01:48:48.256+0000] {processor.py:179} INFO - Processing /home/airflow/.local/lib/python3.7/site-packages/airflow/example_dags/example_sensor_decorator.py took 0.091 seconds
[2023-07-27T01:49:18.549+0000] {processor.py:157} INFO - Started process (PID=3558) to work on /home/airflow/.local/lib/python3.7/site-packages/airflow/example_dags/example_sensor_decorator.py
[2023-07-27T01:49:18.550+0000] {processor.py:826} INFO - Processing file /home/airflow/.local/lib/python3.7/site-packages/airflow/example_dags/example_sensor_decorator.py for tasks to queue
[2023-07-27T01:49:18.551+0000] {logging_mixin.py:150} INFO - [2023-07-27T01:49:18.551+0000] {dagbag.py:541} INFO - Filling up the DagBag from /home/airflow/.local/lib/python3.7/site-packages/airflow/example_dags/example_sensor_decorator.py
[2023-07-27T01:49:18.558+0000] {processor.py:836} INFO - DAG(s) dict_keys(['example_sensor_decorator']) retrieved from /home/airflow/.local/lib/python3.7/site-packages/airflow/example_dags/example_sensor_decorator.py
[2023-07-27T01:49:18.583+0000] {logging_mixin.py:150} INFO - [2023-07-27T01:49:18.583+0000] {dag.py:2742} INFO - Sync 1 DAGs
[2023-07-27T01:49:18.611+0000] {logging_mixin.py:150} INFO - [2023-07-27T01:49:18.611+0000] {dag.py:3508} INFO - Setting next_dagrun for example_sensor_decorator to None, run_after=None
[2023-07-27T01:49:18.636+0000] {processor.py:179} INFO - Processing /home/airflow/.local/lib/python3.7/site-packages/airflow/example_dags/example_sensor_decorator.py took 0.090 seconds
[2023-07-27T01:49:49.058+0000] {processor.py:157} INFO - Started process (PID=3617) to work on /home/airflow/.local/lib/python3.7/site-packages/airflow/example_dags/example_sensor_decorator.py
[2023-07-27T01:49:49.060+0000] {processor.py:826} INFO - Processing file /home/airflow/.local/lib/python3.7/site-packages/airflow/example_dags/example_sensor_decorator.py for tasks to queue
[2023-07-27T01:49:49.061+0000] {logging_mixin.py:150} INFO - [2023-07-27T01:49:49.061+0000] {dagbag.py:541} INFO - Filling up the DagBag from /home/airflow/.local/lib/python3.7/site-packages/airflow/example_dags/example_sensor_decorator.py
[2023-07-27T01:49:49.068+0000] {processor.py:836} INFO - DAG(s) dict_keys(['example_sensor_decorator']) retrieved from /home/airflow/.local/lib/python3.7/site-packages/airflow/example_dags/example_sensor_decorator.py
[2023-07-27T01:49:49.095+0000] {logging_mixin.py:150} INFO - [2023-07-27T01:49:49.095+0000] {dag.py:2742} INFO - Sync 1 DAGs
[2023-07-27T01:49:49.125+0000] {logging_mixin.py:150} INFO - [2023-07-27T01:49:49.125+0000] {dag.py:3508} INFO - Setting next_dagrun for example_sensor_decorator to None, run_after=None
[2023-07-27T01:49:49.151+0000] {processor.py:179} INFO - Processing /home/airflow/.local/lib/python3.7/site-packages/airflow/example_dags/example_sensor_decorator.py took 0.096 seconds
[2023-07-27T01:50:19.469+0000] {processor.py:157} INFO - Started process (PID=3677) to work on /home/airflow/.local/lib/python3.7/site-packages/airflow/example_dags/example_sensor_decorator.py
[2023-07-27T01:50:19.470+0000] {processor.py:826} INFO - Processing file /home/airflow/.local/lib/python3.7/site-packages/airflow/example_dags/example_sensor_decorator.py for tasks to queue
[2023-07-27T01:50:19.471+0000] {logging_mixin.py:150} INFO - [2023-07-27T01:50:19.471+0000] {dagbag.py:541} INFO - Filling up the DagBag from /home/airflow/.local/lib/python3.7/site-packages/airflow/example_dags/example_sensor_decorator.py
[2023-07-27T01:50:19.478+0000] {processor.py:836} INFO - DAG(s) dict_keys(['example_sensor_decorator']) retrieved from /home/airflow/.local/lib/python3.7/site-packages/airflow/example_dags/example_sensor_decorator.py
[2023-07-27T01:50:19.502+0000] {logging_mixin.py:150} INFO - [2023-07-27T01:50:19.502+0000] {dag.py:2742} INFO - Sync 1 DAGs
[2023-07-27T01:50:19.530+0000] {logging_mixin.py:150} INFO - [2023-07-27T01:50:19.529+0000] {dag.py:3508} INFO - Setting next_dagrun for example_sensor_decorator to None, run_after=None
[2023-07-27T01:50:19.553+0000] {processor.py:179} INFO - Processing /home/airflow/.local/lib/python3.7/site-packages/airflow/example_dags/example_sensor_decorator.py took 0.087 seconds
[2023-07-27T01:50:49.666+0000] {processor.py:157} INFO - Started process (PID=3737) to work on /home/airflow/.local/lib/python3.7/site-packages/airflow/example_dags/example_sensor_decorator.py
[2023-07-27T01:50:49.667+0000] {processor.py:826} INFO - Processing file /home/airflow/.local/lib/python3.7/site-packages/airflow/example_dags/example_sensor_decorator.py for tasks to queue
[2023-07-27T01:50:49.669+0000] {logging_mixin.py:150} INFO - [2023-07-27T01:50:49.668+0000] {dagbag.py:541} INFO - Filling up the DagBag from /home/airflow/.local/lib/python3.7/site-packages/airflow/example_dags/example_sensor_decorator.py
[2023-07-27T01:50:49.676+0000] {processor.py:836} INFO - DAG(s) dict_keys(['example_sensor_decorator']) retrieved from /home/airflow/.local/lib/python3.7/site-packages/airflow/example_dags/example_sensor_decorator.py
[2023-07-27T01:50:49.702+0000] {logging_mixin.py:150} INFO - [2023-07-27T01:50:49.702+0000] {dag.py:2742} INFO - Sync 1 DAGs
[2023-07-27T01:50:49.729+0000] {logging_mixin.py:150} INFO - [2023-07-27T01:50:49.729+0000] {dag.py:3508} INFO - Setting next_dagrun for example_sensor_decorator to None, run_after=None
[2023-07-27T01:50:49.762+0000] {processor.py:179} INFO - Processing /home/airflow/.local/lib/python3.7/site-packages/airflow/example_dags/example_sensor_decorator.py took 0.099 seconds
[2023-07-27T01:51:20.206+0000] {processor.py:157} INFO - Started process (PID=3797) to work on /home/airflow/.local/lib/python3.7/site-packages/airflow/example_dags/example_sensor_decorator.py
[2023-07-27T01:51:20.207+0000] {processor.py:826} INFO - Processing file /home/airflow/.local/lib/python3.7/site-packages/airflow/example_dags/example_sensor_decorator.py for tasks to queue
[2023-07-27T01:51:20.208+0000] {logging_mixin.py:150} INFO - [2023-07-27T01:51:20.208+0000] {dagbag.py:541} INFO - Filling up the DagBag from /home/airflow/.local/lib/python3.7/site-packages/airflow/example_dags/example_sensor_decorator.py
[2023-07-27T01:51:20.215+0000] {processor.py:836} INFO - DAG(s) dict_keys(['example_sensor_decorator']) retrieved from /home/airflow/.local/lib/python3.7/site-packages/airflow/example_dags/example_sensor_decorator.py
[2023-07-27T01:51:20.241+0000] {logging_mixin.py:150} INFO - [2023-07-27T01:51:20.241+0000] {dag.py:2742} INFO - Sync 1 DAGs
[2023-07-27T01:51:20.273+0000] {logging_mixin.py:150} INFO - [2023-07-27T01:51:20.272+0000] {dag.py:3508} INFO - Setting next_dagrun for example_sensor_decorator to None, run_after=None
[2023-07-27T01:51:20.300+0000] {processor.py:179} INFO - Processing /home/airflow/.local/lib/python3.7/site-packages/airflow/example_dags/example_sensor_decorator.py took 0.098 seconds
[2023-07-27T01:51:50.460+0000] {processor.py:157} INFO - Started process (PID=3857) to work on /home/airflow/.local/lib/python3.7/site-packages/airflow/example_dags/example_sensor_decorator.py
[2023-07-27T01:51:50.461+0000] {processor.py:826} INFO - Processing file /home/airflow/.local/lib/python3.7/site-packages/airflow/example_dags/example_sensor_decorator.py for tasks to queue
[2023-07-27T01:51:50.462+0000] {logging_mixin.py:150} INFO - [2023-07-27T01:51:50.462+0000] {dagbag.py:541} INFO - Filling up the DagBag from /home/airflow/.local/lib/python3.7/site-packages/airflow/example_dags/example_sensor_decorator.py
[2023-07-27T01:51:50.469+0000] {processor.py:836} INFO - DAG(s) dict_keys(['example_sensor_decorator']) retrieved from /home/airflow/.local/lib/python3.7/site-packages/airflow/example_dags/example_sensor_decorator.py
[2023-07-27T01:51:50.497+0000] {logging_mixin.py:150} INFO - [2023-07-27T01:51:50.497+0000] {dag.py:2742} INFO - Sync 1 DAGs
[2023-07-27T01:51:50.525+0000] {logging_mixin.py:150} INFO - [2023-07-27T01:51:50.525+0000] {dag.py:3508} INFO - Setting next_dagrun for example_sensor_decorator to None, run_after=None
[2023-07-27T01:51:50.549+0000] {processor.py:179} INFO - Processing /home/airflow/.local/lib/python3.7/site-packages/airflow/example_dags/example_sensor_decorator.py took 0.093 seconds
[2023-07-27T01:52:21.220+0000] {processor.py:157} INFO - Started process (PID=3916) to work on /home/airflow/.local/lib/python3.7/site-packages/airflow/example_dags/example_sensor_decorator.py
[2023-07-27T01:52:21.222+0000] {processor.py:826} INFO - Processing file /home/airflow/.local/lib/python3.7/site-packages/airflow/example_dags/example_sensor_decorator.py for tasks to queue
[2023-07-27T01:52:21.223+0000] {logging_mixin.py:150} INFO - [2023-07-27T01:52:21.223+0000] {dagbag.py:541} INFO - Filling up the DagBag from /home/airflow/.local/lib/python3.7/site-packages/airflow/example_dags/example_sensor_decorator.py
[2023-07-27T01:52:21.230+0000] {processor.py:836} INFO - DAG(s) dict_keys(['example_sensor_decorator']) retrieved from /home/airflow/.local/lib/python3.7/site-packages/airflow/example_dags/example_sensor_decorator.py
[2023-07-27T01:52:21.256+0000] {logging_mixin.py:150} INFO - [2023-07-27T01:52:21.255+0000] {dag.py:2742} INFO - Sync 1 DAGs
[2023-07-27T01:52:21.283+0000] {logging_mixin.py:150} INFO - [2023-07-27T01:52:21.282+0000] {dag.py:3508} INFO - Setting next_dagrun for example_sensor_decorator to None, run_after=None
[2023-07-27T01:52:21.305+0000] {processor.py:179} INFO - Processing /home/airflow/.local/lib/python3.7/site-packages/airflow/example_dags/example_sensor_decorator.py took 0.088 seconds
[2023-07-27T01:52:51.875+0000] {processor.py:157} INFO - Started process (PID=3976) to work on /home/airflow/.local/lib/python3.7/site-packages/airflow/example_dags/example_sensor_decorator.py
[2023-07-27T01:52:51.876+0000] {processor.py:826} INFO - Processing file /home/airflow/.local/lib/python3.7/site-packages/airflow/example_dags/example_sensor_decorator.py for tasks to queue
[2023-07-27T01:52:51.877+0000] {logging_mixin.py:150} INFO - [2023-07-27T01:52:51.877+0000] {dagbag.py:541} INFO - Filling up the DagBag from /home/airflow/.local/lib/python3.7/site-packages/airflow/example_dags/example_sensor_decorator.py
[2023-07-27T01:52:51.884+0000] {processor.py:836} INFO - DAG(s) dict_keys(['example_sensor_decorator']) retrieved from /home/airflow/.local/lib/python3.7/site-packages/airflow/example_dags/example_sensor_decorator.py
[2023-07-27T01:52:51.908+0000] {logging_mixin.py:150} INFO - [2023-07-27T01:52:51.908+0000] {dag.py:2742} INFO - Sync 1 DAGs
[2023-07-27T01:52:51.938+0000] {logging_mixin.py:150} INFO - [2023-07-27T01:52:51.937+0000] {dag.py:3508} INFO - Setting next_dagrun for example_sensor_decorator to None, run_after=None
[2023-07-27T01:52:51.962+0000] {processor.py:179} INFO - Processing /home/airflow/.local/lib/python3.7/site-packages/airflow/example_dags/example_sensor_decorator.py took 0.091 seconds
[2023-07-27T01:53:22.157+0000] {processor.py:157} INFO - Started process (PID=4036) to work on /home/airflow/.local/lib/python3.7/site-packages/airflow/example_dags/example_sensor_decorator.py
[2023-07-27T01:53:22.158+0000] {processor.py:826} INFO - Processing file /home/airflow/.local/lib/python3.7/site-packages/airflow/example_dags/example_sensor_decorator.py for tasks to queue
[2023-07-27T01:53:22.159+0000] {logging_mixin.py:150} INFO - [2023-07-27T01:53:22.159+0000] {dagbag.py:541} INFO - Filling up the DagBag from /home/airflow/.local/lib/python3.7/site-packages/airflow/example_dags/example_sensor_decorator.py
[2023-07-27T01:53:22.166+0000] {processor.py:836} INFO - DAG(s) dict_keys(['example_sensor_decorator']) retrieved from /home/airflow/.local/lib/python3.7/site-packages/airflow/example_dags/example_sensor_decorator.py
[2023-07-27T01:53:22.189+0000] {logging_mixin.py:150} INFO - [2023-07-27T01:53:22.189+0000] {dag.py:2742} INFO - Sync 1 DAGs
[2023-07-27T01:53:22.217+0000] {logging_mixin.py:150} INFO - [2023-07-27T01:53:22.216+0000] {dag.py:3508} INFO - Setting next_dagrun for example_sensor_decorator to None, run_after=None
[2023-07-27T01:53:22.242+0000] {processor.py:179} INFO - Processing /home/airflow/.local/lib/python3.7/site-packages/airflow/example_dags/example_sensor_decorator.py took 0.089 seconds
[2023-07-27T01:53:52.364+0000] {processor.py:157} INFO - Started process (PID=4096) to work on /home/airflow/.local/lib/python3.7/site-packages/airflow/example_dags/example_sensor_decorator.py
[2023-07-27T01:53:52.365+0000] {processor.py:826} INFO - Processing file /home/airflow/.local/lib/python3.7/site-packages/airflow/example_dags/example_sensor_decorator.py for tasks to queue
[2023-07-27T01:53:52.366+0000] {logging_mixin.py:150} INFO - [2023-07-27T01:53:52.366+0000] {dagbag.py:541} INFO - Filling up the DagBag from /home/airflow/.local/lib/python3.7/site-packages/airflow/example_dags/example_sensor_decorator.py
[2023-07-27T01:53:52.373+0000] {processor.py:836} INFO - DAG(s) dict_keys(['example_sensor_decorator']) retrieved from /home/airflow/.local/lib/python3.7/site-packages/airflow/example_dags/example_sensor_decorator.py
[2023-07-27T01:53:52.398+0000] {logging_mixin.py:150} INFO - [2023-07-27T01:53:52.397+0000] {dag.py:2742} INFO - Sync 1 DAGs
[2023-07-27T01:53:52.425+0000] {logging_mixin.py:150} INFO - [2023-07-27T01:53:52.425+0000] {dag.py:3508} INFO - Setting next_dagrun for example_sensor_decorator to None, run_after=None
[2023-07-27T01:53:52.448+0000] {processor.py:179} INFO - Processing /home/airflow/.local/lib/python3.7/site-packages/airflow/example_dags/example_sensor_decorator.py took 0.088 seconds
[2023-07-27T01:54:22.656+0000] {processor.py:157} INFO - Started process (PID=4156) to work on /home/airflow/.local/lib/python3.7/site-packages/airflow/example_dags/example_sensor_decorator.py
[2023-07-27T01:54:22.657+0000] {processor.py:826} INFO - Processing file /home/airflow/.local/lib/python3.7/site-packages/airflow/example_dags/example_sensor_decorator.py for tasks to queue
[2023-07-27T01:54:22.658+0000] {logging_mixin.py:150} INFO - [2023-07-27T01:54:22.658+0000] {dagbag.py:541} INFO - Filling up the DagBag from /home/airflow/.local/lib/python3.7/site-packages/airflow/example_dags/example_sensor_decorator.py
[2023-07-27T01:54:22.665+0000] {processor.py:836} INFO - DAG(s) dict_keys(['example_sensor_decorator']) retrieved from /home/airflow/.local/lib/python3.7/site-packages/airflow/example_dags/example_sensor_decorator.py
[2023-07-27T01:54:22.690+0000] {logging_mixin.py:150} INFO - [2023-07-27T01:54:22.690+0000] {dag.py:2742} INFO - Sync 1 DAGs
[2023-07-27T01:54:22.719+0000] {logging_mixin.py:150} INFO - [2023-07-27T01:54:22.718+0000] {dag.py:3508} INFO - Setting next_dagrun for example_sensor_decorator to None, run_after=None
[2023-07-27T01:54:22.742+0000] {processor.py:179} INFO - Processing /home/airflow/.local/lib/python3.7/site-packages/airflow/example_dags/example_sensor_decorator.py took 0.090 seconds
[2023-07-27T01:54:52.891+0000] {processor.py:157} INFO - Started process (PID=4216) to work on /home/airflow/.local/lib/python3.7/site-packages/airflow/example_dags/example_sensor_decorator.py
[2023-07-27T01:54:52.892+0000] {processor.py:826} INFO - Processing file /home/airflow/.local/lib/python3.7/site-packages/airflow/example_dags/example_sensor_decorator.py for tasks to queue
[2023-07-27T01:54:52.894+0000] {logging_mixin.py:150} INFO - [2023-07-27T01:54:52.893+0000] {dagbag.py:541} INFO - Filling up the DagBag from /home/airflow/.local/lib/python3.7/site-packages/airflow/example_dags/example_sensor_decorator.py
[2023-07-27T01:54:52.901+0000] {processor.py:836} INFO - DAG(s) dict_keys(['example_sensor_decorator']) retrieved from /home/airflow/.local/lib/python3.7/site-packages/airflow/example_dags/example_sensor_decorator.py
[2023-07-27T01:54:52.927+0000] {logging_mixin.py:150} INFO - [2023-07-27T01:54:52.927+0000] {dag.py:2742} INFO - Sync 1 DAGs
[2023-07-27T01:54:52.957+0000] {logging_mixin.py:150} INFO - [2023-07-27T01:54:52.956+0000] {dag.py:3508} INFO - Setting next_dagrun for example_sensor_decorator to None, run_after=None
[2023-07-27T01:54:52.982+0000] {processor.py:179} INFO - Processing /home/airflow/.local/lib/python3.7/site-packages/airflow/example_dags/example_sensor_decorator.py took 0.094 seconds
[2023-07-27T01:55:23.361+0000] {processor.py:157} INFO - Started process (PID=4276) to work on /home/airflow/.local/lib/python3.7/site-packages/airflow/example_dags/example_sensor_decorator.py
[2023-07-27T01:55:23.363+0000] {processor.py:826} INFO - Processing file /home/airflow/.local/lib/python3.7/site-packages/airflow/example_dags/example_sensor_decorator.py for tasks to queue
[2023-07-27T01:55:23.364+0000] {logging_mixin.py:150} INFO - [2023-07-27T01:55:23.364+0000] {dagbag.py:541} INFO - Filling up the DagBag from /home/airflow/.local/lib/python3.7/site-packages/airflow/example_dags/example_sensor_decorator.py
[2023-07-27T01:55:23.371+0000] {processor.py:836} INFO - DAG(s) dict_keys(['example_sensor_decorator']) retrieved from /home/airflow/.local/lib/python3.7/site-packages/airflow/example_dags/example_sensor_decorator.py
[2023-07-27T01:55:23.395+0000] {logging_mixin.py:150} INFO - [2023-07-27T01:55:23.395+0000] {dag.py:2742} INFO - Sync 1 DAGs
[2023-07-27T01:55:23.423+0000] {logging_mixin.py:150} INFO - [2023-07-27T01:55:23.422+0000] {dag.py:3508} INFO - Setting next_dagrun for example_sensor_decorator to None, run_after=None
[2023-07-27T01:55:23.445+0000] {processor.py:179} INFO - Processing /home/airflow/.local/lib/python3.7/site-packages/airflow/example_dags/example_sensor_decorator.py took 0.087 seconds
[2023-07-27T01:55:53.611+0000] {processor.py:157} INFO - Started process (PID=4335) to work on /home/airflow/.local/lib/python3.7/site-packages/airflow/example_dags/example_sensor_decorator.py
[2023-07-27T01:55:53.613+0000] {processor.py:826} INFO - Processing file /home/airflow/.local/lib/python3.7/site-packages/airflow/example_dags/example_sensor_decorator.py for tasks to queue
[2023-07-27T01:55:53.614+0000] {logging_mixin.py:150} INFO - [2023-07-27T01:55:53.614+0000] {dagbag.py:541} INFO - Filling up the DagBag from /home/airflow/.local/lib/python3.7/site-packages/airflow/example_dags/example_sensor_decorator.py
[2023-07-27T01:55:53.621+0000] {processor.py:836} INFO - DAG(s) dict_keys(['example_sensor_decorator']) retrieved from /home/airflow/.local/lib/python3.7/site-packages/airflow/example_dags/example_sensor_decorator.py
[2023-07-27T01:55:53.646+0000] {logging_mixin.py:150} INFO - [2023-07-27T01:55:53.646+0000] {dag.py:2742} INFO - Sync 1 DAGs
[2023-07-27T01:55:53.675+0000] {logging_mixin.py:150} INFO - [2023-07-27T01:55:53.674+0000] {dag.py:3508} INFO - Setting next_dagrun for example_sensor_decorator to None, run_after=None
[2023-07-27T01:55:53.699+0000] {processor.py:179} INFO - Processing /home/airflow/.local/lib/python3.7/site-packages/airflow/example_dags/example_sensor_decorator.py took 0.091 seconds
[2023-07-27T01:56:24.206+0000] {processor.py:157} INFO - Started process (PID=4396) to work on /home/airflow/.local/lib/python3.7/site-packages/airflow/example_dags/example_sensor_decorator.py
[2023-07-27T01:56:24.207+0000] {processor.py:826} INFO - Processing file /home/airflow/.local/lib/python3.7/site-packages/airflow/example_dags/example_sensor_decorator.py for tasks to queue
[2023-07-27T01:56:24.208+0000] {logging_mixin.py:150} INFO - [2023-07-27T01:56:24.208+0000] {dagbag.py:541} INFO - Filling up the DagBag from /home/airflow/.local/lib/python3.7/site-packages/airflow/example_dags/example_sensor_decorator.py
[2023-07-27T01:56:24.215+0000] {processor.py:836} INFO - DAG(s) dict_keys(['example_sensor_decorator']) retrieved from /home/airflow/.local/lib/python3.7/site-packages/airflow/example_dags/example_sensor_decorator.py
[2023-07-27T01:56:24.239+0000] {logging_mixin.py:150} INFO - [2023-07-27T01:56:24.239+0000] {dag.py:2742} INFO - Sync 1 DAGs
[2023-07-27T01:56:24.268+0000] {logging_mixin.py:150} INFO - [2023-07-27T01:56:24.268+0000] {dag.py:3508} INFO - Setting next_dagrun for example_sensor_decorator to None, run_after=None
[2023-07-27T01:56:24.292+0000] {processor.py:179} INFO - Processing /home/airflow/.local/lib/python3.7/site-packages/airflow/example_dags/example_sensor_decorator.py took 0.089 seconds
[2023-07-27T01:56:54.733+0000] {processor.py:157} INFO - Started process (PID=4457) to work on /home/airflow/.local/lib/python3.7/site-packages/airflow/example_dags/example_sensor_decorator.py
[2023-07-27T01:56:54.734+0000] {processor.py:826} INFO - Processing file /home/airflow/.local/lib/python3.7/site-packages/airflow/example_dags/example_sensor_decorator.py for tasks to queue
[2023-07-27T01:56:54.735+0000] {logging_mixin.py:150} INFO - [2023-07-27T01:56:54.735+0000] {dagbag.py:541} INFO - Filling up the DagBag from /home/airflow/.local/lib/python3.7/site-packages/airflow/example_dags/example_sensor_decorator.py
[2023-07-27T01:56:54.742+0000] {processor.py:836} INFO - DAG(s) dict_keys(['example_sensor_decorator']) retrieved from /home/airflow/.local/lib/python3.7/site-packages/airflow/example_dags/example_sensor_decorator.py
[2023-07-27T01:56:54.768+0000] {logging_mixin.py:150} INFO - [2023-07-27T01:56:54.768+0000] {dag.py:2742} INFO - Sync 1 DAGs
[2023-07-27T01:56:54.795+0000] {logging_mixin.py:150} INFO - [2023-07-27T01:56:54.795+0000] {dag.py:3508} INFO - Setting next_dagrun for example_sensor_decorator to None, run_after=None
[2023-07-27T01:56:54.827+0000] {processor.py:179} INFO - Processing /home/airflow/.local/lib/python3.7/site-packages/airflow/example_dags/example_sensor_decorator.py took 0.098 seconds
[2023-07-27T01:57:24.978+0000] {processor.py:157} INFO - Started process (PID=4518) to work on /home/airflow/.local/lib/python3.7/site-packages/airflow/example_dags/example_sensor_decorator.py
[2023-07-27T01:57:24.979+0000] {processor.py:826} INFO - Processing file /home/airflow/.local/lib/python3.7/site-packages/airflow/example_dags/example_sensor_decorator.py for tasks to queue
[2023-07-27T01:57:24.980+0000] {logging_mixin.py:150} INFO - [2023-07-27T01:57:24.980+0000] {dagbag.py:541} INFO - Filling up the DagBag from /home/airflow/.local/lib/python3.7/site-packages/airflow/example_dags/example_sensor_decorator.py
[2023-07-27T01:57:24.987+0000] {processor.py:836} INFO - DAG(s) dict_keys(['example_sensor_decorator']) retrieved from /home/airflow/.local/lib/python3.7/site-packages/airflow/example_dags/example_sensor_decorator.py
[2023-07-27T01:57:25.012+0000] {logging_mixin.py:150} INFO - [2023-07-27T01:57:25.012+0000] {dag.py:2742} INFO - Sync 1 DAGs
[2023-07-27T01:57:25.039+0000] {logging_mixin.py:150} INFO - [2023-07-27T01:57:25.039+0000] {dag.py:3508} INFO - Setting next_dagrun for example_sensor_decorator to None, run_after=None
[2023-07-27T01:57:25.063+0000] {processor.py:179} INFO - Processing /home/airflow/.local/lib/python3.7/site-packages/airflow/example_dags/example_sensor_decorator.py took 0.088 seconds
[2023-07-27T01:57:55.146+0000] {processor.py:157} INFO - Started process (PID=4578) to work on /home/airflow/.local/lib/python3.7/site-packages/airflow/example_dags/example_sensor_decorator.py
[2023-07-27T01:57:55.147+0000] {processor.py:826} INFO - Processing file /home/airflow/.local/lib/python3.7/site-packages/airflow/example_dags/example_sensor_decorator.py for tasks to queue
[2023-07-27T01:57:55.148+0000] {logging_mixin.py:150} INFO - [2023-07-27T01:57:55.148+0000] {dagbag.py:541} INFO - Filling up the DagBag from /home/airflow/.local/lib/python3.7/site-packages/airflow/example_dags/example_sensor_decorator.py
[2023-07-27T01:57:55.155+0000] {processor.py:836} INFO - DAG(s) dict_keys(['example_sensor_decorator']) retrieved from /home/airflow/.local/lib/python3.7/site-packages/airflow/example_dags/example_sensor_decorator.py
[2023-07-27T01:57:55.182+0000] {logging_mixin.py:150} INFO - [2023-07-27T01:57:55.181+0000] {dag.py:2742} INFO - Sync 1 DAGs
[2023-07-27T01:57:55.212+0000] {logging_mixin.py:150} INFO - [2023-07-27T01:57:55.212+0000] {dag.py:3508} INFO - Setting next_dagrun for example_sensor_decorator to None, run_after=None
[2023-07-27T01:57:55.237+0000] {processor.py:179} INFO - Processing /home/airflow/.local/lib/python3.7/site-packages/airflow/example_dags/example_sensor_decorator.py took 0.095 seconds
[2023-07-27T01:58:25.488+0000] {processor.py:157} INFO - Started process (PID=4637) to work on /home/airflow/.local/lib/python3.7/site-packages/airflow/example_dags/example_sensor_decorator.py
[2023-07-27T01:58:25.489+0000] {processor.py:826} INFO - Processing file /home/airflow/.local/lib/python3.7/site-packages/airflow/example_dags/example_sensor_decorator.py for tasks to queue
[2023-07-27T01:58:25.490+0000] {logging_mixin.py:150} INFO - [2023-07-27T01:58:25.489+0000] {dagbag.py:541} INFO - Filling up the DagBag from /home/airflow/.local/lib/python3.7/site-packages/airflow/example_dags/example_sensor_decorator.py
[2023-07-27T01:58:25.497+0000] {processor.py:836} INFO - DAG(s) dict_keys(['example_sensor_decorator']) retrieved from /home/airflow/.local/lib/python3.7/site-packages/airflow/example_dags/example_sensor_decorator.py
[2023-07-27T01:58:25.523+0000] {logging_mixin.py:150} INFO - [2023-07-27T01:58:25.522+0000] {dag.py:2742} INFO - Sync 1 DAGs
[2023-07-27T01:58:25.550+0000] {logging_mixin.py:150} INFO - [2023-07-27T01:58:25.550+0000] {dag.py:3508} INFO - Setting next_dagrun for example_sensor_decorator to None, run_after=None
[2023-07-27T01:58:25.573+0000] {processor.py:179} INFO - Processing /home/airflow/.local/lib/python3.7/site-packages/airflow/example_dags/example_sensor_decorator.py took 0.089 seconds
[2023-07-27T01:58:55.696+0000] {processor.py:157} INFO - Started process (PID=4697) to work on /home/airflow/.local/lib/python3.7/site-packages/airflow/example_dags/example_sensor_decorator.py
[2023-07-27T01:58:55.697+0000] {processor.py:826} INFO - Processing file /home/airflow/.local/lib/python3.7/site-packages/airflow/example_dags/example_sensor_decorator.py for tasks to queue
[2023-07-27T01:58:55.698+0000] {logging_mixin.py:150} INFO - [2023-07-27T01:58:55.698+0000] {dagbag.py:541} INFO - Filling up the DagBag from /home/airflow/.local/lib/python3.7/site-packages/airflow/example_dags/example_sensor_decorator.py
[2023-07-27T01:58:55.704+0000] {processor.py:836} INFO - DAG(s) dict_keys(['example_sensor_decorator']) retrieved from /home/airflow/.local/lib/python3.7/site-packages/airflow/example_dags/example_sensor_decorator.py
[2023-07-27T01:58:55.728+0000] {logging_mixin.py:150} INFO - [2023-07-27T01:58:55.728+0000] {dag.py:2742} INFO - Sync 1 DAGs
[2023-07-27T01:58:55.754+0000] {logging_mixin.py:150} INFO - [2023-07-27T01:58:55.754+0000] {dag.py:3508} INFO - Setting next_dagrun for example_sensor_decorator to None, run_after=None
[2023-07-27T01:58:55.777+0000] {processor.py:179} INFO - Processing /home/airflow/.local/lib/python3.7/site-packages/airflow/example_dags/example_sensor_decorator.py took 0.084 seconds
[2023-07-27T01:59:26.035+0000] {processor.py:157} INFO - Started process (PID=4757) to work on /home/airflow/.local/lib/python3.7/site-packages/airflow/example_dags/example_sensor_decorator.py
[2023-07-27T01:59:26.036+0000] {processor.py:826} INFO - Processing file /home/airflow/.local/lib/python3.7/site-packages/airflow/example_dags/example_sensor_decorator.py for tasks to queue
[2023-07-27T01:59:26.037+0000] {logging_mixin.py:150} INFO - [2023-07-27T01:59:26.037+0000] {dagbag.py:541} INFO - Filling up the DagBag from /home/airflow/.local/lib/python3.7/site-packages/airflow/example_dags/example_sensor_decorator.py
[2023-07-27T01:59:26.044+0000] {processor.py:836} INFO - DAG(s) dict_keys(['example_sensor_decorator']) retrieved from /home/airflow/.local/lib/python3.7/site-packages/airflow/example_dags/example_sensor_decorator.py
[2023-07-27T01:59:26.069+0000] {logging_mixin.py:150} INFO - [2023-07-27T01:59:26.068+0000] {dag.py:2742} INFO - Sync 1 DAGs
[2023-07-27T01:59:26.096+0000] {logging_mixin.py:150} INFO - [2023-07-27T01:59:26.096+0000] {dag.py:3508} INFO - Setting next_dagrun for example_sensor_decorator to None, run_after=None
[2023-07-27T01:59:26.118+0000] {processor.py:179} INFO - Processing /home/airflow/.local/lib/python3.7/site-packages/airflow/example_dags/example_sensor_decorator.py took 0.086 seconds
[2023-07-27T01:59:56.517+0000] {processor.py:157} INFO - Started process (PID=4817) to work on /home/airflow/.local/lib/python3.7/site-packages/airflow/example_dags/example_sensor_decorator.py
[2023-07-27T01:59:56.518+0000] {processor.py:826} INFO - Processing file /home/airflow/.local/lib/python3.7/site-packages/airflow/example_dags/example_sensor_decorator.py for tasks to queue
[2023-07-27T01:59:56.519+0000] {logging_mixin.py:150} INFO - [2023-07-27T01:59:56.519+0000] {dagbag.py:541} INFO - Filling up the DagBag from /home/airflow/.local/lib/python3.7/site-packages/airflow/example_dags/example_sensor_decorator.py
[2023-07-27T01:59:56.525+0000] {processor.py:836} INFO - DAG(s) dict_keys(['example_sensor_decorator']) retrieved from /home/airflow/.local/lib/python3.7/site-packages/airflow/example_dags/example_sensor_decorator.py
[2023-07-27T01:59:56.549+0000] {logging_mixin.py:150} INFO - [2023-07-27T01:59:56.549+0000] {dag.py:2742} INFO - Sync 1 DAGs
[2023-07-27T01:59:56.575+0000] {logging_mixin.py:150} INFO - [2023-07-27T01:59:56.575+0000] {dag.py:3508} INFO - Setting next_dagrun for example_sensor_decorator to None, run_after=None
[2023-07-27T01:59:56.609+0000] {processor.py:179} INFO - Processing /home/airflow/.local/lib/python3.7/site-packages/airflow/example_dags/example_sensor_decorator.py took 0.095 seconds
[2023-07-27T02:00:26.749+0000] {processor.py:157} INFO - Started process (PID=4877) to work on /home/airflow/.local/lib/python3.7/site-packages/airflow/example_dags/example_sensor_decorator.py
[2023-07-27T02:00:26.751+0000] {processor.py:826} INFO - Processing file /home/airflow/.local/lib/python3.7/site-packages/airflow/example_dags/example_sensor_decorator.py for tasks to queue
[2023-07-27T02:00:26.752+0000] {logging_mixin.py:150} INFO - [2023-07-27T02:00:26.751+0000] {dagbag.py:541} INFO - Filling up the DagBag from /home/airflow/.local/lib/python3.7/site-packages/airflow/example_dags/example_sensor_decorator.py
[2023-07-27T02:00:26.758+0000] {processor.py:836} INFO - DAG(s) dict_keys(['example_sensor_decorator']) retrieved from /home/airflow/.local/lib/python3.7/site-packages/airflow/example_dags/example_sensor_decorator.py
[2023-07-27T02:00:26.782+0000] {logging_mixin.py:150} INFO - [2023-07-27T02:00:26.782+0000] {dag.py:2742} INFO - Sync 1 DAGs
[2023-07-27T02:00:26.825+0000] {logging_mixin.py:150} INFO - [2023-07-27T02:00:26.825+0000] {dag.py:3508} INFO - Setting next_dagrun for example_sensor_decorator to None, run_after=None
[2023-07-27T02:00:26.849+0000] {processor.py:179} INFO - Processing /home/airflow/.local/lib/python3.7/site-packages/airflow/example_dags/example_sensor_decorator.py took 0.104 seconds
[2023-07-27T02:00:56.939+0000] {processor.py:157} INFO - Started process (PID=4937) to work on /home/airflow/.local/lib/python3.7/site-packages/airflow/example_dags/example_sensor_decorator.py
[2023-07-27T02:00:56.940+0000] {processor.py:826} INFO - Processing file /home/airflow/.local/lib/python3.7/site-packages/airflow/example_dags/example_sensor_decorator.py for tasks to queue
[2023-07-27T02:00:56.941+0000] {logging_mixin.py:150} INFO - [2023-07-27T02:00:56.941+0000] {dagbag.py:541} INFO - Filling up the DagBag from /home/airflow/.local/lib/python3.7/site-packages/airflow/example_dags/example_sensor_decorator.py
[2023-07-27T02:00:56.947+0000] {processor.py:836} INFO - DAG(s) dict_keys(['example_sensor_decorator']) retrieved from /home/airflow/.local/lib/python3.7/site-packages/airflow/example_dags/example_sensor_decorator.py
[2023-07-27T02:00:56.970+0000] {logging_mixin.py:150} INFO - [2023-07-27T02:00:56.970+0000] {dag.py:2742} INFO - Sync 1 DAGs
[2023-07-27T02:00:56.997+0000] {logging_mixin.py:150} INFO - [2023-07-27T02:00:56.996+0000] {dag.py:3508} INFO - Setting next_dagrun for example_sensor_decorator to None, run_after=None
[2023-07-27T02:00:57.020+0000] {processor.py:179} INFO - Processing /home/airflow/.local/lib/python3.7/site-packages/airflow/example_dags/example_sensor_decorator.py took 0.084 seconds
[2023-07-27T02:01:27.178+0000] {processor.py:157} INFO - Started process (PID=4997) to work on /home/airflow/.local/lib/python3.7/site-packages/airflow/example_dags/example_sensor_decorator.py
[2023-07-27T02:01:27.179+0000] {processor.py:826} INFO - Processing file /home/airflow/.local/lib/python3.7/site-packages/airflow/example_dags/example_sensor_decorator.py for tasks to queue
[2023-07-27T02:01:27.180+0000] {logging_mixin.py:150} INFO - [2023-07-27T02:01:27.180+0000] {dagbag.py:541} INFO - Filling up the DagBag from /home/airflow/.local/lib/python3.7/site-packages/airflow/example_dags/example_sensor_decorator.py
[2023-07-27T02:01:27.187+0000] {processor.py:836} INFO - DAG(s) dict_keys(['example_sensor_decorator']) retrieved from /home/airflow/.local/lib/python3.7/site-packages/airflow/example_dags/example_sensor_decorator.py
[2023-07-27T02:01:27.211+0000] {logging_mixin.py:150} INFO - [2023-07-27T02:01:27.211+0000] {dag.py:2742} INFO - Sync 1 DAGs
[2023-07-27T02:01:27.239+0000] {logging_mixin.py:150} INFO - [2023-07-27T02:01:27.238+0000] {dag.py:3508} INFO - Setting next_dagrun for example_sensor_decorator to None, run_after=None
[2023-07-27T02:01:27.261+0000] {processor.py:179} INFO - Processing /home/airflow/.local/lib/python3.7/site-packages/airflow/example_dags/example_sensor_decorator.py took 0.086 seconds
[2023-07-27T02:01:57.573+0000] {processor.py:157} INFO - Started process (PID=5057) to work on /home/airflow/.local/lib/python3.7/site-packages/airflow/example_dags/example_sensor_decorator.py
[2023-07-27T02:01:57.574+0000] {processor.py:826} INFO - Processing file /home/airflow/.local/lib/python3.7/site-packages/airflow/example_dags/example_sensor_decorator.py for tasks to queue
[2023-07-27T02:01:57.576+0000] {logging_mixin.py:150} INFO - [2023-07-27T02:01:57.575+0000] {dagbag.py:541} INFO - Filling up the DagBag from /home/airflow/.local/lib/python3.7/site-packages/airflow/example_dags/example_sensor_decorator.py
[2023-07-27T02:01:57.582+0000] {processor.py:836} INFO - DAG(s) dict_keys(['example_sensor_decorator']) retrieved from /home/airflow/.local/lib/python3.7/site-packages/airflow/example_dags/example_sensor_decorator.py
[2023-07-27T02:01:57.607+0000] {logging_mixin.py:150} INFO - [2023-07-27T02:01:57.607+0000] {dag.py:2742} INFO - Sync 1 DAGs
[2023-07-27T02:01:57.634+0000] {logging_mixin.py:150} INFO - [2023-07-27T02:01:57.633+0000] {dag.py:3508} INFO - Setting next_dagrun for example_sensor_decorator to None, run_after=None
[2023-07-27T02:01:57.666+0000] {processor.py:179} INFO - Processing /home/airflow/.local/lib/python3.7/site-packages/airflow/example_dags/example_sensor_decorator.py took 0.096 seconds
[2023-07-27T02:02:27.701+0000] {processor.py:157} INFO - Started process (PID=5118) to work on /home/airflow/.local/lib/python3.7/site-packages/airflow/example_dags/example_sensor_decorator.py
[2023-07-27T02:02:27.702+0000] {processor.py:826} INFO - Processing file /home/airflow/.local/lib/python3.7/site-packages/airflow/example_dags/example_sensor_decorator.py for tasks to queue
[2023-07-27T02:02:27.703+0000] {logging_mixin.py:150} INFO - [2023-07-27T02:02:27.703+0000] {dagbag.py:541} INFO - Filling up the DagBag from /home/airflow/.local/lib/python3.7/site-packages/airflow/example_dags/example_sensor_decorator.py
[2023-07-27T02:02:27.710+0000] {processor.py:836} INFO - DAG(s) dict_keys(['example_sensor_decorator']) retrieved from /home/airflow/.local/lib/python3.7/site-packages/airflow/example_dags/example_sensor_decorator.py
[2023-07-27T02:02:27.736+0000] {logging_mixin.py:150} INFO - [2023-07-27T02:02:27.736+0000] {dag.py:2742} INFO - Sync 1 DAGs
[2023-07-27T02:02:27.765+0000] {logging_mixin.py:150} INFO - [2023-07-27T02:02:27.765+0000] {dag.py:3508} INFO - Setting next_dagrun for example_sensor_decorator to None, run_after=None
[2023-07-27T02:02:27.793+0000] {processor.py:179} INFO - Processing /home/airflow/.local/lib/python3.7/site-packages/airflow/example_dags/example_sensor_decorator.py took 0.096 seconds
[2023-07-27T02:02:58.032+0000] {processor.py:157} INFO - Started process (PID=5178) to work on /home/airflow/.local/lib/python3.7/site-packages/airflow/example_dags/example_sensor_decorator.py
[2023-07-27T02:02:58.033+0000] {processor.py:826} INFO - Processing file /home/airflow/.local/lib/python3.7/site-packages/airflow/example_dags/example_sensor_decorator.py for tasks to queue
[2023-07-27T02:02:58.034+0000] {logging_mixin.py:150} INFO - [2023-07-27T02:02:58.034+0000] {dagbag.py:541} INFO - Filling up the DagBag from /home/airflow/.local/lib/python3.7/site-packages/airflow/example_dags/example_sensor_decorator.py
[2023-07-27T02:02:58.040+0000] {processor.py:836} INFO - DAG(s) dict_keys(['example_sensor_decorator']) retrieved from /home/airflow/.local/lib/python3.7/site-packages/airflow/example_dags/example_sensor_decorator.py
[2023-07-27T02:02:58.064+0000] {logging_mixin.py:150} INFO - [2023-07-27T02:02:58.064+0000] {dag.py:2742} INFO - Sync 1 DAGs
[2023-07-27T02:02:58.091+0000] {logging_mixin.py:150} INFO - [2023-07-27T02:02:58.091+0000] {dag.py:3508} INFO - Setting next_dagrun for example_sensor_decorator to None, run_after=None
[2023-07-27T02:02:58.126+0000] {processor.py:179} INFO - Processing /home/airflow/.local/lib/python3.7/site-packages/airflow/example_dags/example_sensor_decorator.py took 0.098 seconds
[2023-07-27T02:03:28.270+0000] {processor.py:157} INFO - Started process (PID=5238) to work on /home/airflow/.local/lib/python3.7/site-packages/airflow/example_dags/example_sensor_decorator.py
[2023-07-27T02:03:28.271+0000] {processor.py:826} INFO - Processing file /home/airflow/.local/lib/python3.7/site-packages/airflow/example_dags/example_sensor_decorator.py for tasks to queue
[2023-07-27T02:03:28.272+0000] {logging_mixin.py:150} INFO - [2023-07-27T02:03:28.272+0000] {dagbag.py:541} INFO - Filling up the DagBag from /home/airflow/.local/lib/python3.7/site-packages/airflow/example_dags/example_sensor_decorator.py
[2023-07-27T02:03:28.279+0000] {processor.py:836} INFO - DAG(s) dict_keys(['example_sensor_decorator']) retrieved from /home/airflow/.local/lib/python3.7/site-packages/airflow/example_dags/example_sensor_decorator.py
[2023-07-27T02:03:28.303+0000] {logging_mixin.py:150} INFO - [2023-07-27T02:03:28.303+0000] {dag.py:2742} INFO - Sync 1 DAGs
[2023-07-27T02:03:28.330+0000] {logging_mixin.py:150} INFO - [2023-07-27T02:03:28.329+0000] {dag.py:3508} INFO - Setting next_dagrun for example_sensor_decorator to None, run_after=None
[2023-07-27T02:03:28.352+0000] {processor.py:179} INFO - Processing /home/airflow/.local/lib/python3.7/site-packages/airflow/example_dags/example_sensor_decorator.py took 0.085 seconds
[2023-07-27T02:03:58.735+0000] {processor.py:157} INFO - Started process (PID=5298) to work on /home/airflow/.local/lib/python3.7/site-packages/airflow/example_dags/example_sensor_decorator.py
[2023-07-27T02:03:58.736+0000] {processor.py:826} INFO - Processing file /home/airflow/.local/lib/python3.7/site-packages/airflow/example_dags/example_sensor_decorator.py for tasks to queue
[2023-07-27T02:03:58.737+0000] {logging_mixin.py:150} INFO - [2023-07-27T02:03:58.737+0000] {dagbag.py:541} INFO - Filling up the DagBag from /home/airflow/.local/lib/python3.7/site-packages/airflow/example_dags/example_sensor_decorator.py
[2023-07-27T02:03:58.744+0000] {processor.py:836} INFO - DAG(s) dict_keys(['example_sensor_decorator']) retrieved from /home/airflow/.local/lib/python3.7/site-packages/airflow/example_dags/example_sensor_decorator.py
[2023-07-27T02:03:58.769+0000] {logging_mixin.py:150} INFO - [2023-07-27T02:03:58.769+0000] {dag.py:2742} INFO - Sync 1 DAGs
[2023-07-27T02:03:58.796+0000] {logging_mixin.py:150} INFO - [2023-07-27T02:03:58.796+0000] {dag.py:3508} INFO - Setting next_dagrun for example_sensor_decorator to None, run_after=None
[2023-07-27T02:03:58.818+0000] {processor.py:179} INFO - Processing /home/airflow/.local/lib/python3.7/site-packages/airflow/example_dags/example_sensor_decorator.py took 0.087 seconds
[2023-07-27T02:04:28.914+0000] {processor.py:157} INFO - Started process (PID=5358) to work on /home/airflow/.local/lib/python3.7/site-packages/airflow/example_dags/example_sensor_decorator.py
[2023-07-27T02:04:28.915+0000] {processor.py:826} INFO - Processing file /home/airflow/.local/lib/python3.7/site-packages/airflow/example_dags/example_sensor_decorator.py for tasks to queue
[2023-07-27T02:04:28.917+0000] {logging_mixin.py:150} INFO - [2023-07-27T02:04:28.916+0000] {dagbag.py:541} INFO - Filling up the DagBag from /home/airflow/.local/lib/python3.7/site-packages/airflow/example_dags/example_sensor_decorator.py
[2023-07-27T02:04:28.923+0000] {processor.py:836} INFO - DAG(s) dict_keys(['example_sensor_decorator']) retrieved from /home/airflow/.local/lib/python3.7/site-packages/airflow/example_dags/example_sensor_decorator.py
[2023-07-27T02:04:28.948+0000] {logging_mixin.py:150} INFO - [2023-07-27T02:04:28.948+0000] {dag.py:2742} INFO - Sync 1 DAGs
[2023-07-27T02:04:28.977+0000] {logging_mixin.py:150} INFO - [2023-07-27T02:04:28.977+0000] {dag.py:3508} INFO - Setting next_dagrun for example_sensor_decorator to None, run_after=None
[2023-07-27T02:04:29.000+0000] {processor.py:179} INFO - Processing /home/airflow/.local/lib/python3.7/site-packages/airflow/example_dags/example_sensor_decorator.py took 0.090 seconds
[2023-07-27T02:04:59.400+0000] {processor.py:157} INFO - Started process (PID=5418) to work on /home/airflow/.local/lib/python3.7/site-packages/airflow/example_dags/example_sensor_decorator.py
[2023-07-27T02:04:59.401+0000] {processor.py:826} INFO - Processing file /home/airflow/.local/lib/python3.7/site-packages/airflow/example_dags/example_sensor_decorator.py for tasks to queue
[2023-07-27T02:04:59.402+0000] {logging_mixin.py:150} INFO - [2023-07-27T02:04:59.402+0000] {dagbag.py:541} INFO - Filling up the DagBag from /home/airflow/.local/lib/python3.7/site-packages/airflow/example_dags/example_sensor_decorator.py
[2023-07-27T02:04:59.408+0000] {processor.py:836} INFO - DAG(s) dict_keys(['example_sensor_decorator']) retrieved from /home/airflow/.local/lib/python3.7/site-packages/airflow/example_dags/example_sensor_decorator.py
[2023-07-27T02:04:59.433+0000] {logging_mixin.py:150} INFO - [2023-07-27T02:04:59.432+0000] {dag.py:2742} INFO - Sync 1 DAGs
[2023-07-27T02:04:59.461+0000] {logging_mixin.py:150} INFO - [2023-07-27T02:04:59.460+0000] {dag.py:3508} INFO - Setting next_dagrun for example_sensor_decorator to None, run_after=None
[2023-07-27T02:04:59.483+0000] {processor.py:179} INFO - Processing /home/airflow/.local/lib/python3.7/site-packages/airflow/example_dags/example_sensor_decorator.py took 0.087 seconds
[2023-07-27T02:05:29.839+0000] {processor.py:157} INFO - Started process (PID=5479) to work on /home/airflow/.local/lib/python3.7/site-packages/airflow/example_dags/example_sensor_decorator.py
[2023-07-27T02:05:29.840+0000] {processor.py:826} INFO - Processing file /home/airflow/.local/lib/python3.7/site-packages/airflow/example_dags/example_sensor_decorator.py for tasks to queue
[2023-07-27T02:05:29.842+0000] {logging_mixin.py:150} INFO - [2023-07-27T02:05:29.841+0000] {dagbag.py:541} INFO - Filling up the DagBag from /home/airflow/.local/lib/python3.7/site-packages/airflow/example_dags/example_sensor_decorator.py
[2023-07-27T02:05:29.849+0000] {processor.py:836} INFO - DAG(s) dict_keys(['example_sensor_decorator']) retrieved from /home/airflow/.local/lib/python3.7/site-packages/airflow/example_dags/example_sensor_decorator.py
[2023-07-27T02:05:29.877+0000] {logging_mixin.py:150} INFO - [2023-07-27T02:05:29.877+0000] {dag.py:2742} INFO - Sync 1 DAGs
[2023-07-27T02:05:29.906+0000] {logging_mixin.py:150} INFO - [2023-07-27T02:05:29.906+0000] {dag.py:3508} INFO - Setting next_dagrun for example_sensor_decorator to None, run_after=None
[2023-07-27T02:05:29.930+0000] {processor.py:179} INFO - Processing /home/airflow/.local/lib/python3.7/site-packages/airflow/example_dags/example_sensor_decorator.py took 0.095 seconds
[2023-07-27T02:06:00.416+0000] {processor.py:157} INFO - Started process (PID=5538) to work on /home/airflow/.local/lib/python3.7/site-packages/airflow/example_dags/example_sensor_decorator.py
[2023-07-27T02:06:00.417+0000] {processor.py:826} INFO - Processing file /home/airflow/.local/lib/python3.7/site-packages/airflow/example_dags/example_sensor_decorator.py for tasks to queue
[2023-07-27T02:06:00.418+0000] {logging_mixin.py:150} INFO - [2023-07-27T02:06:00.418+0000] {dagbag.py:541} INFO - Filling up the DagBag from /home/airflow/.local/lib/python3.7/site-packages/airflow/example_dags/example_sensor_decorator.py
[2023-07-27T02:06:00.424+0000] {processor.py:836} INFO - DAG(s) dict_keys(['example_sensor_decorator']) retrieved from /home/airflow/.local/lib/python3.7/site-packages/airflow/example_dags/example_sensor_decorator.py
[2023-07-27T02:06:00.448+0000] {logging_mixin.py:150} INFO - [2023-07-27T02:06:00.448+0000] {dag.py:2742} INFO - Sync 1 DAGs
[2023-07-27T02:06:00.474+0000] {logging_mixin.py:150} INFO - [2023-07-27T02:06:00.474+0000] {dag.py:3508} INFO - Setting next_dagrun for example_sensor_decorator to None, run_after=None
[2023-07-27T02:06:00.495+0000] {processor.py:179} INFO - Processing /home/airflow/.local/lib/python3.7/site-packages/airflow/example_dags/example_sensor_decorator.py took 0.082 seconds
[2023-07-27T02:06:31.001+0000] {processor.py:157} INFO - Started process (PID=5598) to work on /home/airflow/.local/lib/python3.7/site-packages/airflow/example_dags/example_sensor_decorator.py
[2023-07-27T02:06:31.002+0000] {processor.py:826} INFO - Processing file /home/airflow/.local/lib/python3.7/site-packages/airflow/example_dags/example_sensor_decorator.py for tasks to queue
[2023-07-27T02:06:31.003+0000] {logging_mixin.py:150} INFO - [2023-07-27T02:06:31.003+0000] {dagbag.py:541} INFO - Filling up the DagBag from /home/airflow/.local/lib/python3.7/site-packages/airflow/example_dags/example_sensor_decorator.py
[2023-07-27T02:06:31.009+0000] {processor.py:836} INFO - DAG(s) dict_keys(['example_sensor_decorator']) retrieved from /home/airflow/.local/lib/python3.7/site-packages/airflow/example_dags/example_sensor_decorator.py
[2023-07-27T02:06:31.035+0000] {logging_mixin.py:150} INFO - [2023-07-27T02:06:31.034+0000] {dag.py:2742} INFO - Sync 1 DAGs
[2023-07-27T02:06:31.062+0000] {logging_mixin.py:150} INFO - [2023-07-27T02:06:31.062+0000] {dag.py:3508} INFO - Setting next_dagrun for example_sensor_decorator to None, run_after=None
[2023-07-27T02:06:31.084+0000] {processor.py:179} INFO - Processing /home/airflow/.local/lib/python3.7/site-packages/airflow/example_dags/example_sensor_decorator.py took 0.086 seconds
[2023-07-27T02:07:01.556+0000] {processor.py:157} INFO - Started process (PID=5651) to work on /home/airflow/.local/lib/python3.7/site-packages/airflow/example_dags/example_sensor_decorator.py
[2023-07-27T02:07:01.558+0000] {processor.py:826} INFO - Processing file /home/airflow/.local/lib/python3.7/site-packages/airflow/example_dags/example_sensor_decorator.py for tasks to queue
[2023-07-27T02:07:01.559+0000] {logging_mixin.py:150} INFO - [2023-07-27T02:07:01.558+0000] {dagbag.py:541} INFO - Filling up the DagBag from /home/airflow/.local/lib/python3.7/site-packages/airflow/example_dags/example_sensor_decorator.py
[2023-07-27T02:07:01.565+0000] {processor.py:836} INFO - DAG(s) dict_keys(['example_sensor_decorator']) retrieved from /home/airflow/.local/lib/python3.7/site-packages/airflow/example_dags/example_sensor_decorator.py
[2023-07-27T02:07:01.596+0000] {logging_mixin.py:150} INFO - [2023-07-27T02:07:01.596+0000] {dag.py:2742} INFO - Sync 1 DAGs
[2023-07-27T02:07:01.627+0000] {logging_mixin.py:150} INFO - [2023-07-27T02:07:01.627+0000] {dag.py:3508} INFO - Setting next_dagrun for example_sensor_decorator to None, run_after=None
[2023-07-27T02:07:01.763+0000] {processor.py:179} INFO - Processing /home/airflow/.local/lib/python3.7/site-packages/airflow/example_dags/example_sensor_decorator.py took 0.210 seconds
[2023-07-27T02:07:32.715+0000] {processor.py:157} INFO - Started process (PID=5711) to work on /home/airflow/.local/lib/python3.7/site-packages/airflow/example_dags/example_sensor_decorator.py
[2023-07-27T02:07:32.716+0000] {processor.py:826} INFO - Processing file /home/airflow/.local/lib/python3.7/site-packages/airflow/example_dags/example_sensor_decorator.py for tasks to queue
[2023-07-27T02:07:32.718+0000] {logging_mixin.py:150} INFO - [2023-07-27T02:07:32.717+0000] {dagbag.py:541} INFO - Filling up the DagBag from /home/airflow/.local/lib/python3.7/site-packages/airflow/example_dags/example_sensor_decorator.py
[2023-07-27T02:07:32.724+0000] {processor.py:836} INFO - DAG(s) dict_keys(['example_sensor_decorator']) retrieved from /home/airflow/.local/lib/python3.7/site-packages/airflow/example_dags/example_sensor_decorator.py
[2023-07-27T02:07:32.756+0000] {logging_mixin.py:150} INFO - [2023-07-27T02:07:32.755+0000] {dag.py:2742} INFO - Sync 1 DAGs
[2023-07-27T02:07:32.810+0000] {logging_mixin.py:150} INFO - [2023-07-27T02:07:32.810+0000] {dag.py:3508} INFO - Setting next_dagrun for example_sensor_decorator to None, run_after=None
[2023-07-27T02:07:32.833+0000] {processor.py:179} INFO - Processing /home/airflow/.local/lib/python3.7/site-packages/airflow/example_dags/example_sensor_decorator.py took 0.122 seconds
[2023-07-27T02:08:03.685+0000] {processor.py:157} INFO - Started process (PID=5771) to work on /home/airflow/.local/lib/python3.7/site-packages/airflow/example_dags/example_sensor_decorator.py
[2023-07-27T02:08:03.686+0000] {processor.py:826} INFO - Processing file /home/airflow/.local/lib/python3.7/site-packages/airflow/example_dags/example_sensor_decorator.py for tasks to queue
[2023-07-27T02:08:03.688+0000] {logging_mixin.py:150} INFO - [2023-07-27T02:08:03.687+0000] {dagbag.py:541} INFO - Filling up the DagBag from /home/airflow/.local/lib/python3.7/site-packages/airflow/example_dags/example_sensor_decorator.py
[2023-07-27T02:08:03.697+0000] {processor.py:836} INFO - DAG(s) dict_keys(['example_sensor_decorator']) retrieved from /home/airflow/.local/lib/python3.7/site-packages/airflow/example_dags/example_sensor_decorator.py
[2023-07-27T02:08:03.724+0000] {logging_mixin.py:150} INFO - [2023-07-27T02:08:03.724+0000] {dag.py:2742} INFO - Sync 1 DAGs
[2023-07-27T02:08:03.752+0000] {logging_mixin.py:150} INFO - [2023-07-27T02:08:03.752+0000] {dag.py:3508} INFO - Setting next_dagrun for example_sensor_decorator to None, run_after=None
[2023-07-27T02:08:03.787+0000] {processor.py:179} INFO - Processing /home/airflow/.local/lib/python3.7/site-packages/airflow/example_dags/example_sensor_decorator.py took 0.106 seconds
[2023-07-27T02:08:34.578+0000] {processor.py:157} INFO - Started process (PID=5832) to work on /home/airflow/.local/lib/python3.7/site-packages/airflow/example_dags/example_sensor_decorator.py
[2023-07-27T02:08:34.579+0000] {processor.py:826} INFO - Processing file /home/airflow/.local/lib/python3.7/site-packages/airflow/example_dags/example_sensor_decorator.py for tasks to queue
[2023-07-27T02:08:34.581+0000] {logging_mixin.py:150} INFO - [2023-07-27T02:08:34.580+0000] {dagbag.py:541} INFO - Filling up the DagBag from /home/airflow/.local/lib/python3.7/site-packages/airflow/example_dags/example_sensor_decorator.py
[2023-07-27T02:08:34.587+0000] {processor.py:836} INFO - DAG(s) dict_keys(['example_sensor_decorator']) retrieved from /home/airflow/.local/lib/python3.7/site-packages/airflow/example_dags/example_sensor_decorator.py
[2023-07-27T02:08:34.613+0000] {logging_mixin.py:150} INFO - [2023-07-27T02:08:34.612+0000] {dag.py:2742} INFO - Sync 1 DAGs
[2023-07-27T02:08:34.756+0000] {logging_mixin.py:150} INFO - [2023-07-27T02:08:34.756+0000] {dag.py:3508} INFO - Setting next_dagrun for example_sensor_decorator to None, run_after=None
[2023-07-27T02:08:34.781+0000] {processor.py:179} INFO - Processing /home/airflow/.local/lib/python3.7/site-packages/airflow/example_dags/example_sensor_decorator.py took 0.206 seconds
[2023-07-27T02:09:04.979+0000] {processor.py:157} INFO - Started process (PID=5892) to work on /home/airflow/.local/lib/python3.7/site-packages/airflow/example_dags/example_sensor_decorator.py
[2023-07-27T02:09:04.980+0000] {processor.py:826} INFO - Processing file /home/airflow/.local/lib/python3.7/site-packages/airflow/example_dags/example_sensor_decorator.py for tasks to queue
[2023-07-27T02:09:04.982+0000] {logging_mixin.py:150} INFO - [2023-07-27T02:09:04.981+0000] {dagbag.py:541} INFO - Filling up the DagBag from /home/airflow/.local/lib/python3.7/site-packages/airflow/example_dags/example_sensor_decorator.py
[2023-07-27T02:09:04.988+0000] {processor.py:836} INFO - DAG(s) dict_keys(['example_sensor_decorator']) retrieved from /home/airflow/.local/lib/python3.7/site-packages/airflow/example_dags/example_sensor_decorator.py
[2023-07-27T02:09:05.014+0000] {logging_mixin.py:150} INFO - [2023-07-27T02:09:05.014+0000] {dag.py:2742} INFO - Sync 1 DAGs
[2023-07-27T02:09:05.042+0000] {logging_mixin.py:150} INFO - [2023-07-27T02:09:05.042+0000] {dag.py:3508} INFO - Setting next_dagrun for example_sensor_decorator to None, run_after=None
[2023-07-27T02:09:05.070+0000] {processor.py:179} INFO - Processing /home/airflow/.local/lib/python3.7/site-packages/airflow/example_dags/example_sensor_decorator.py took 0.095 seconds
[2023-07-27T02:09:35.121+0000] {processor.py:157} INFO - Started process (PID=5952) to work on /home/airflow/.local/lib/python3.7/site-packages/airflow/example_dags/example_sensor_decorator.py
[2023-07-27T02:09:35.122+0000] {processor.py:826} INFO - Processing file /home/airflow/.local/lib/python3.7/site-packages/airflow/example_dags/example_sensor_decorator.py for tasks to queue
[2023-07-27T02:09:35.123+0000] {logging_mixin.py:150} INFO - [2023-07-27T02:09:35.123+0000] {dagbag.py:541} INFO - Filling up the DagBag from /home/airflow/.local/lib/python3.7/site-packages/airflow/example_dags/example_sensor_decorator.py
[2023-07-27T02:09:35.130+0000] {processor.py:836} INFO - DAG(s) dict_keys(['example_sensor_decorator']) retrieved from /home/airflow/.local/lib/python3.7/site-packages/airflow/example_dags/example_sensor_decorator.py
[2023-07-27T02:09:35.156+0000] {logging_mixin.py:150} INFO - [2023-07-27T02:09:35.156+0000] {dag.py:2742} INFO - Sync 1 DAGs
[2023-07-27T02:09:35.185+0000] {logging_mixin.py:150} INFO - [2023-07-27T02:09:35.184+0000] {dag.py:3508} INFO - Setting next_dagrun for example_sensor_decorator to None, run_after=None
[2023-07-27T02:09:35.211+0000] {processor.py:179} INFO - Processing /home/airflow/.local/lib/python3.7/site-packages/airflow/example_dags/example_sensor_decorator.py took 0.094 seconds
[2023-07-27T02:10:06.139+0000] {processor.py:157} INFO - Started process (PID=6012) to work on /home/airflow/.local/lib/python3.7/site-packages/airflow/example_dags/example_sensor_decorator.py
[2023-07-27T02:10:06.141+0000] {processor.py:826} INFO - Processing file /home/airflow/.local/lib/python3.7/site-packages/airflow/example_dags/example_sensor_decorator.py for tasks to queue
[2023-07-27T02:10:06.142+0000] {logging_mixin.py:150} INFO - [2023-07-27T02:10:06.142+0000] {dagbag.py:541} INFO - Filling up the DagBag from /home/airflow/.local/lib/python3.7/site-packages/airflow/example_dags/example_sensor_decorator.py
[2023-07-27T02:10:06.149+0000] {processor.py:836} INFO - DAG(s) dict_keys(['example_sensor_decorator']) retrieved from /home/airflow/.local/lib/python3.7/site-packages/airflow/example_dags/example_sensor_decorator.py
[2023-07-27T02:10:06.176+0000] {logging_mixin.py:150} INFO - [2023-07-27T02:10:06.176+0000] {dag.py:2742} INFO - Sync 1 DAGs
[2023-07-27T02:10:06.328+0000] {logging_mixin.py:150} INFO - [2023-07-27T02:10:06.328+0000] {dag.py:3508} INFO - Setting next_dagrun for example_sensor_decorator to None, run_after=None
[2023-07-27T02:10:06.352+0000] {processor.py:179} INFO - Processing /home/airflow/.local/lib/python3.7/site-packages/airflow/example_dags/example_sensor_decorator.py took 0.217 seconds
[2023-07-27T02:10:36.514+0000] {processor.py:157} INFO - Started process (PID=6073) to work on /home/airflow/.local/lib/python3.7/site-packages/airflow/example_dags/example_sensor_decorator.py
[2023-07-27T02:10:36.515+0000] {processor.py:826} INFO - Processing file /home/airflow/.local/lib/python3.7/site-packages/airflow/example_dags/example_sensor_decorator.py for tasks to queue
[2023-07-27T02:10:36.516+0000] {logging_mixin.py:150} INFO - [2023-07-27T02:10:36.516+0000] {dagbag.py:541} INFO - Filling up the DagBag from /home/airflow/.local/lib/python3.7/site-packages/airflow/example_dags/example_sensor_decorator.py
[2023-07-27T02:10:36.525+0000] {processor.py:836} INFO - DAG(s) dict_keys(['example_sensor_decorator']) retrieved from /home/airflow/.local/lib/python3.7/site-packages/airflow/example_dags/example_sensor_decorator.py
[2023-07-27T02:10:36.553+0000] {logging_mixin.py:150} INFO - [2023-07-27T02:10:36.553+0000] {dag.py:2742} INFO - Sync 1 DAGs
[2023-07-27T02:10:36.582+0000] {logging_mixin.py:150} INFO - [2023-07-27T02:10:36.582+0000] {dag.py:3508} INFO - Setting next_dagrun for example_sensor_decorator to None, run_after=None
[2023-07-27T02:10:36.609+0000] {processor.py:179} INFO - Processing /home/airflow/.local/lib/python3.7/site-packages/airflow/example_dags/example_sensor_decorator.py took 0.099 seconds
