[2023-07-27T01:39:10.727+0000] {processor.py:157} INFO - Started process (PID=2380) to work on /home/airflow/.local/lib/python3.7/site-packages/airflow/example_dags/example_branch_python_dop_operator_3.py
[2023-07-27T01:39:10.729+0000] {processor.py:826} INFO - Processing file /home/airflow/.local/lib/python3.7/site-packages/airflow/example_dags/example_branch_python_dop_operator_3.py for tasks to queue
[2023-07-27T01:39:10.730+0000] {logging_mixin.py:150} INFO - [2023-07-27T01:39:10.730+0000] {dagbag.py:541} INFO - Filling up the DagBag from /home/airflow/.local/lib/python3.7/site-packages/airflow/example_dags/example_branch_python_dop_operator_3.py
[2023-07-27T01:39:10.747+0000] {processor.py:836} INFO - DAG(s) dict_keys(['example_branch_dop_operator_v3']) retrieved from /home/airflow/.local/lib/python3.7/site-packages/airflow/example_dags/example_branch_python_dop_operator_3.py
[2023-07-27T01:39:10.808+0000] {logging_mixin.py:150} INFO - [2023-07-27T01:39:10.808+0000] {dag.py:2742} INFO - Sync 1 DAGs
[2023-07-27T01:39:10.896+0000] {logging_mixin.py:150} INFO - [2023-07-27T01:39:10.896+0000] {dag.py:3508} INFO - Setting next_dagrun for example_branch_dop_operator_v3 to 2023-07-27T01:38:00+00:00, run_after=2023-07-27T01:39:00+00:00
[2023-07-27T01:39:10.952+0000] {processor.py:179} INFO - Processing /home/airflow/.local/lib/python3.7/site-packages/airflow/example_dags/example_branch_python_dop_operator_3.py took 0.228 seconds
[2023-07-27T01:39:41.506+0000] {processor.py:157} INFO - Started process (PID=2440) to work on /home/airflow/.local/lib/python3.7/site-packages/airflow/example_dags/example_branch_python_dop_operator_3.py
[2023-07-27T01:39:41.508+0000] {processor.py:826} INFO - Processing file /home/airflow/.local/lib/python3.7/site-packages/airflow/example_dags/example_branch_python_dop_operator_3.py for tasks to queue
[2023-07-27T01:39:41.509+0000] {logging_mixin.py:150} INFO - [2023-07-27T01:39:41.508+0000] {dagbag.py:541} INFO - Filling up the DagBag from /home/airflow/.local/lib/python3.7/site-packages/airflow/example_dags/example_branch_python_dop_operator_3.py
[2023-07-27T01:39:41.526+0000] {processor.py:836} INFO - DAG(s) dict_keys(['example_branch_dop_operator_v3']) retrieved from /home/airflow/.local/lib/python3.7/site-packages/airflow/example_dags/example_branch_python_dop_operator_3.py
[2023-07-27T01:39:41.553+0000] {logging_mixin.py:150} INFO - [2023-07-27T01:39:41.552+0000] {dag.py:2742} INFO - Sync 1 DAGs
[2023-07-27T01:39:41.591+0000] {logging_mixin.py:150} INFO - [2023-07-27T01:39:41.591+0000] {dag.py:3508} INFO - Setting next_dagrun for example_branch_dop_operator_v3 to 2023-07-27T01:38:00+00:00, run_after=2023-07-27T01:39:00+00:00
[2023-07-27T01:39:41.617+0000] {processor.py:179} INFO - Processing /home/airflow/.local/lib/python3.7/site-packages/airflow/example_dags/example_branch_python_dop_operator_3.py took 0.115 seconds
[2023-07-27T01:40:12.433+0000] {processor.py:157} INFO - Started process (PID=2500) to work on /home/airflow/.local/lib/python3.7/site-packages/airflow/example_dags/example_branch_python_dop_operator_3.py
[2023-07-27T01:40:12.435+0000] {processor.py:826} INFO - Processing file /home/airflow/.local/lib/python3.7/site-packages/airflow/example_dags/example_branch_python_dop_operator_3.py for tasks to queue
[2023-07-27T01:40:12.436+0000] {logging_mixin.py:150} INFO - [2023-07-27T01:40:12.435+0000] {dagbag.py:541} INFO - Filling up the DagBag from /home/airflow/.local/lib/python3.7/site-packages/airflow/example_dags/example_branch_python_dop_operator_3.py
[2023-07-27T01:40:12.445+0000] {processor.py:836} INFO - DAG(s) dict_keys(['example_branch_dop_operator_v3']) retrieved from /home/airflow/.local/lib/python3.7/site-packages/airflow/example_dags/example_branch_python_dop_operator_3.py
[2023-07-27T01:40:12.471+0000] {logging_mixin.py:150} INFO - [2023-07-27T01:40:12.470+0000] {dag.py:2742} INFO - Sync 1 DAGs
[2023-07-27T01:40:12.507+0000] {logging_mixin.py:150} INFO - [2023-07-27T01:40:12.507+0000] {dag.py:3508} INFO - Setting next_dagrun for example_branch_dop_operator_v3 to 2023-07-27T01:39:00+00:00, run_after=2023-07-27T01:40:00+00:00
[2023-07-27T01:40:12.530+0000] {processor.py:179} INFO - Processing /home/airflow/.local/lib/python3.7/site-packages/airflow/example_dags/example_branch_python_dop_operator_3.py took 0.100 seconds
[2023-07-27T01:40:42.640+0000] {processor.py:157} INFO - Started process (PID=2561) to work on /home/airflow/.local/lib/python3.7/site-packages/airflow/example_dags/example_branch_python_dop_operator_3.py
[2023-07-27T01:40:42.641+0000] {processor.py:826} INFO - Processing file /home/airflow/.local/lib/python3.7/site-packages/airflow/example_dags/example_branch_python_dop_operator_3.py for tasks to queue
[2023-07-27T01:40:42.643+0000] {logging_mixin.py:150} INFO - [2023-07-27T01:40:42.643+0000] {dagbag.py:541} INFO - Filling up the DagBag from /home/airflow/.local/lib/python3.7/site-packages/airflow/example_dags/example_branch_python_dop_operator_3.py
[2023-07-27T01:40:42.652+0000] {processor.py:836} INFO - DAG(s) dict_keys(['example_branch_dop_operator_v3']) retrieved from /home/airflow/.local/lib/python3.7/site-packages/airflow/example_dags/example_branch_python_dop_operator_3.py
[2023-07-27T01:40:42.678+0000] {logging_mixin.py:150} INFO - [2023-07-27T01:40:42.677+0000] {dag.py:2742} INFO - Sync 1 DAGs
[2023-07-27T01:40:42.711+0000] {logging_mixin.py:150} INFO - [2023-07-27T01:40:42.710+0000] {dag.py:3508} INFO - Setting next_dagrun for example_branch_dop_operator_v3 to 2023-07-27T01:39:00+00:00, run_after=2023-07-27T01:40:00+00:00
[2023-07-27T01:40:42.735+0000] {processor.py:179} INFO - Processing /home/airflow/.local/lib/python3.7/site-packages/airflow/example_dags/example_branch_python_dop_operator_3.py took 0.098 seconds
[2023-07-27T01:41:13.663+0000] {processor.py:157} INFO - Started process (PID=2628) to work on /home/airflow/.local/lib/python3.7/site-packages/airflow/example_dags/example_branch_python_dop_operator_3.py
[2023-07-27T01:41:13.664+0000] {processor.py:826} INFO - Processing file /home/airflow/.local/lib/python3.7/site-packages/airflow/example_dags/example_branch_python_dop_operator_3.py for tasks to queue
[2023-07-27T01:41:13.665+0000] {logging_mixin.py:150} INFO - [2023-07-27T01:41:13.665+0000] {dagbag.py:541} INFO - Filling up the DagBag from /home/airflow/.local/lib/python3.7/site-packages/airflow/example_dags/example_branch_python_dop_operator_3.py
[2023-07-27T01:41:13.674+0000] {processor.py:836} INFO - DAG(s) dict_keys(['example_branch_dop_operator_v3']) retrieved from /home/airflow/.local/lib/python3.7/site-packages/airflow/example_dags/example_branch_python_dop_operator_3.py
[2023-07-27T01:41:13.699+0000] {logging_mixin.py:150} INFO - [2023-07-27T01:41:13.698+0000] {dag.py:2742} INFO - Sync 1 DAGs
[2023-07-27T01:41:13.730+0000] {logging_mixin.py:150} INFO - [2023-07-27T01:41:13.729+0000] {dag.py:3508} INFO - Setting next_dagrun for example_branch_dop_operator_v3 to 2023-07-27T01:40:00+00:00, run_after=2023-07-27T01:41:00+00:00
[2023-07-27T01:41:13.762+0000] {processor.py:179} INFO - Processing /home/airflow/.local/lib/python3.7/site-packages/airflow/example_dags/example_branch_python_dop_operator_3.py took 0.102 seconds
[2023-07-27T01:41:44.091+0000] {processor.py:157} INFO - Started process (PID=2688) to work on /home/airflow/.local/lib/python3.7/site-packages/airflow/example_dags/example_branch_python_dop_operator_3.py
[2023-07-27T01:41:44.092+0000] {processor.py:826} INFO - Processing file /home/airflow/.local/lib/python3.7/site-packages/airflow/example_dags/example_branch_python_dop_operator_3.py for tasks to queue
[2023-07-27T01:41:44.093+0000] {logging_mixin.py:150} INFO - [2023-07-27T01:41:44.093+0000] {dagbag.py:541} INFO - Filling up the DagBag from /home/airflow/.local/lib/python3.7/site-packages/airflow/example_dags/example_branch_python_dop_operator_3.py
[2023-07-27T01:41:44.102+0000] {processor.py:836} INFO - DAG(s) dict_keys(['example_branch_dop_operator_v3']) retrieved from /home/airflow/.local/lib/python3.7/site-packages/airflow/example_dags/example_branch_python_dop_operator_3.py
[2023-07-27T01:41:44.127+0000] {logging_mixin.py:150} INFO - [2023-07-27T01:41:44.127+0000] {dag.py:2742} INFO - Sync 1 DAGs
[2023-07-27T01:41:44.160+0000] {logging_mixin.py:150} INFO - [2023-07-27T01:41:44.160+0000] {dag.py:3508} INFO - Setting next_dagrun for example_branch_dop_operator_v3 to 2023-07-27T01:40:00+00:00, run_after=2023-07-27T01:41:00+00:00
[2023-07-27T01:41:44.182+0000] {processor.py:179} INFO - Processing /home/airflow/.local/lib/python3.7/site-packages/airflow/example_dags/example_branch_python_dop_operator_3.py took 0.094 seconds
[2023-07-27T01:42:14.767+0000] {processor.py:157} INFO - Started process (PID=2749) to work on /home/airflow/.local/lib/python3.7/site-packages/airflow/example_dags/example_branch_python_dop_operator_3.py
[2023-07-27T01:42:14.768+0000] {processor.py:826} INFO - Processing file /home/airflow/.local/lib/python3.7/site-packages/airflow/example_dags/example_branch_python_dop_operator_3.py for tasks to queue
[2023-07-27T01:42:14.769+0000] {logging_mixin.py:150} INFO - [2023-07-27T01:42:14.769+0000] {dagbag.py:541} INFO - Filling up the DagBag from /home/airflow/.local/lib/python3.7/site-packages/airflow/example_dags/example_branch_python_dop_operator_3.py
[2023-07-27T01:42:14.778+0000] {processor.py:836} INFO - DAG(s) dict_keys(['example_branch_dop_operator_v3']) retrieved from /home/airflow/.local/lib/python3.7/site-packages/airflow/example_dags/example_branch_python_dop_operator_3.py
[2023-07-27T01:42:14.804+0000] {logging_mixin.py:150} INFO - [2023-07-27T01:42:14.804+0000] {dag.py:2742} INFO - Sync 1 DAGs
[2023-07-27T01:42:14.838+0000] {logging_mixin.py:150} INFO - [2023-07-27T01:42:14.838+0000] {dag.py:3508} INFO - Setting next_dagrun for example_branch_dop_operator_v3 to 2023-07-27T01:41:00+00:00, run_after=2023-07-27T01:42:00+00:00
[2023-07-27T01:42:14.861+0000] {processor.py:179} INFO - Processing /home/airflow/.local/lib/python3.7/site-packages/airflow/example_dags/example_branch_python_dop_operator_3.py took 0.098 seconds
[2023-07-27T01:42:45.659+0000] {processor.py:157} INFO - Started process (PID=2810) to work on /home/airflow/.local/lib/python3.7/site-packages/airflow/example_dags/example_branch_python_dop_operator_3.py
[2023-07-27T01:42:45.661+0000] {processor.py:826} INFO - Processing file /home/airflow/.local/lib/python3.7/site-packages/airflow/example_dags/example_branch_python_dop_operator_3.py for tasks to queue
[2023-07-27T01:42:45.662+0000] {logging_mixin.py:150} INFO - [2023-07-27T01:42:45.662+0000] {dagbag.py:541} INFO - Filling up the DagBag from /home/airflow/.local/lib/python3.7/site-packages/airflow/example_dags/example_branch_python_dop_operator_3.py
[2023-07-27T01:42:45.671+0000] {processor.py:836} INFO - DAG(s) dict_keys(['example_branch_dop_operator_v3']) retrieved from /home/airflow/.local/lib/python3.7/site-packages/airflow/example_dags/example_branch_python_dop_operator_3.py
[2023-07-27T01:42:45.697+0000] {logging_mixin.py:150} INFO - [2023-07-27T01:42:45.697+0000] {dag.py:2742} INFO - Sync 1 DAGs
[2023-07-27T01:42:45.731+0000] {logging_mixin.py:150} INFO - [2023-07-27T01:42:45.731+0000] {dag.py:3508} INFO - Setting next_dagrun for example_branch_dop_operator_v3 to 2023-07-27T01:41:00+00:00, run_after=2023-07-27T01:42:00+00:00
[2023-07-27T01:42:45.759+0000] {processor.py:179} INFO - Processing /home/airflow/.local/lib/python3.7/site-packages/airflow/example_dags/example_branch_python_dop_operator_3.py took 0.103 seconds
[2023-07-27T01:43:16.071+0000] {processor.py:157} INFO - Started process (PID=2870) to work on /home/airflow/.local/lib/python3.7/site-packages/airflow/example_dags/example_branch_python_dop_operator_3.py
[2023-07-27T01:43:16.072+0000] {processor.py:826} INFO - Processing file /home/airflow/.local/lib/python3.7/site-packages/airflow/example_dags/example_branch_python_dop_operator_3.py for tasks to queue
[2023-07-27T01:43:16.073+0000] {logging_mixin.py:150} INFO - [2023-07-27T01:43:16.073+0000] {dagbag.py:541} INFO - Filling up the DagBag from /home/airflow/.local/lib/python3.7/site-packages/airflow/example_dags/example_branch_python_dop_operator_3.py
[2023-07-27T01:43:16.082+0000] {processor.py:836} INFO - DAG(s) dict_keys(['example_branch_dop_operator_v3']) retrieved from /home/airflow/.local/lib/python3.7/site-packages/airflow/example_dags/example_branch_python_dop_operator_3.py
[2023-07-27T01:43:16.108+0000] {logging_mixin.py:150} INFO - [2023-07-27T01:43:16.107+0000] {dag.py:2742} INFO - Sync 1 DAGs
[2023-07-27T01:43:16.141+0000] {logging_mixin.py:150} INFO - [2023-07-27T01:43:16.140+0000] {dag.py:3508} INFO - Setting next_dagrun for example_branch_dop_operator_v3 to 2023-07-27T01:42:00+00:00, run_after=2023-07-27T01:43:00+00:00
[2023-07-27T01:43:16.166+0000] {processor.py:179} INFO - Processing /home/airflow/.local/lib/python3.7/site-packages/airflow/example_dags/example_branch_python_dop_operator_3.py took 0.099 seconds
[2023-07-27T01:43:46.390+0000] {processor.py:157} INFO - Started process (PID=2930) to work on /home/airflow/.local/lib/python3.7/site-packages/airflow/example_dags/example_branch_python_dop_operator_3.py
[2023-07-27T01:43:46.391+0000] {processor.py:826} INFO - Processing file /home/airflow/.local/lib/python3.7/site-packages/airflow/example_dags/example_branch_python_dop_operator_3.py for tasks to queue
[2023-07-27T01:43:46.393+0000] {logging_mixin.py:150} INFO - [2023-07-27T01:43:46.392+0000] {dagbag.py:541} INFO - Filling up the DagBag from /home/airflow/.local/lib/python3.7/site-packages/airflow/example_dags/example_branch_python_dop_operator_3.py
[2023-07-27T01:43:46.401+0000] {processor.py:836} INFO - DAG(s) dict_keys(['example_branch_dop_operator_v3']) retrieved from /home/airflow/.local/lib/python3.7/site-packages/airflow/example_dags/example_branch_python_dop_operator_3.py
[2023-07-27T01:43:46.427+0000] {logging_mixin.py:150} INFO - [2023-07-27T01:43:46.426+0000] {dag.py:2742} INFO - Sync 1 DAGs
[2023-07-27T01:43:46.458+0000] {logging_mixin.py:150} INFO - [2023-07-27T01:43:46.458+0000] {dag.py:3508} INFO - Setting next_dagrun for example_branch_dop_operator_v3 to 2023-07-27T01:42:00+00:00, run_after=2023-07-27T01:43:00+00:00
[2023-07-27T01:43:46.500+0000] {processor.py:179} INFO - Processing /home/airflow/.local/lib/python3.7/site-packages/airflow/example_dags/example_branch_python_dop_operator_3.py took 0.113 seconds
[2023-07-27T01:44:17.302+0000] {processor.py:157} INFO - Started process (PID=2990) to work on /home/airflow/.local/lib/python3.7/site-packages/airflow/example_dags/example_branch_python_dop_operator_3.py
[2023-07-27T01:44:17.303+0000] {processor.py:826} INFO - Processing file /home/airflow/.local/lib/python3.7/site-packages/airflow/example_dags/example_branch_python_dop_operator_3.py for tasks to queue
[2023-07-27T01:44:17.305+0000] {logging_mixin.py:150} INFO - [2023-07-27T01:44:17.304+0000] {dagbag.py:541} INFO - Filling up the DagBag from /home/airflow/.local/lib/python3.7/site-packages/airflow/example_dags/example_branch_python_dop_operator_3.py
[2023-07-27T01:44:17.314+0000] {processor.py:836} INFO - DAG(s) dict_keys(['example_branch_dop_operator_v3']) retrieved from /home/airflow/.local/lib/python3.7/site-packages/airflow/example_dags/example_branch_python_dop_operator_3.py
[2023-07-27T01:44:17.339+0000] {logging_mixin.py:150} INFO - [2023-07-27T01:44:17.339+0000] {dag.py:2742} INFO - Sync 1 DAGs
[2023-07-27T01:44:17.372+0000] {logging_mixin.py:150} INFO - [2023-07-27T01:44:17.371+0000] {dag.py:3508} INFO - Setting next_dagrun for example_branch_dop_operator_v3 to 2023-07-27T01:43:00+00:00, run_after=2023-07-27T01:44:00+00:00
[2023-07-27T01:44:17.396+0000] {processor.py:179} INFO - Processing /home/airflow/.local/lib/python3.7/site-packages/airflow/example_dags/example_branch_python_dop_operator_3.py took 0.097 seconds
[2023-07-27T01:44:47.794+0000] {processor.py:157} INFO - Started process (PID=3051) to work on /home/airflow/.local/lib/python3.7/site-packages/airflow/example_dags/example_branch_python_dop_operator_3.py
[2023-07-27T01:44:47.796+0000] {processor.py:826} INFO - Processing file /home/airflow/.local/lib/python3.7/site-packages/airflow/example_dags/example_branch_python_dop_operator_3.py for tasks to queue
[2023-07-27T01:44:47.797+0000] {logging_mixin.py:150} INFO - [2023-07-27T01:44:47.797+0000] {dagbag.py:541} INFO - Filling up the DagBag from /home/airflow/.local/lib/python3.7/site-packages/airflow/example_dags/example_branch_python_dop_operator_3.py
[2023-07-27T01:44:47.806+0000] {processor.py:836} INFO - DAG(s) dict_keys(['example_branch_dop_operator_v3']) retrieved from /home/airflow/.local/lib/python3.7/site-packages/airflow/example_dags/example_branch_python_dop_operator_3.py
[2023-07-27T01:44:47.834+0000] {logging_mixin.py:150} INFO - [2023-07-27T01:44:47.834+0000] {dag.py:2742} INFO - Sync 1 DAGs
[2023-07-27T01:44:47.867+0000] {logging_mixin.py:150} INFO - [2023-07-27T01:44:47.867+0000] {dag.py:3508} INFO - Setting next_dagrun for example_branch_dop_operator_v3 to 2023-07-27T01:43:00+00:00, run_after=2023-07-27T01:44:00+00:00
[2023-07-27T01:44:47.891+0000] {processor.py:179} INFO - Processing /home/airflow/.local/lib/python3.7/site-packages/airflow/example_dags/example_branch_python_dop_operator_3.py took 0.100 seconds
[2023-07-27T01:45:18.095+0000] {processor.py:157} INFO - Started process (PID=3111) to work on /home/airflow/.local/lib/python3.7/site-packages/airflow/example_dags/example_branch_python_dop_operator_3.py
[2023-07-27T01:45:18.096+0000] {processor.py:826} INFO - Processing file /home/airflow/.local/lib/python3.7/site-packages/airflow/example_dags/example_branch_python_dop_operator_3.py for tasks to queue
[2023-07-27T01:45:18.097+0000] {logging_mixin.py:150} INFO - [2023-07-27T01:45:18.097+0000] {dagbag.py:541} INFO - Filling up the DagBag from /home/airflow/.local/lib/python3.7/site-packages/airflow/example_dags/example_branch_python_dop_operator_3.py
[2023-07-27T01:45:18.108+0000] {processor.py:836} INFO - DAG(s) dict_keys(['example_branch_dop_operator_v3']) retrieved from /home/airflow/.local/lib/python3.7/site-packages/airflow/example_dags/example_branch_python_dop_operator_3.py
[2023-07-27T01:45:18.133+0000] {logging_mixin.py:150} INFO - [2023-07-27T01:45:18.133+0000] {dag.py:2742} INFO - Sync 1 DAGs
[2023-07-27T01:45:18.168+0000] {logging_mixin.py:150} INFO - [2023-07-27T01:45:18.168+0000] {dag.py:3508} INFO - Setting next_dagrun for example_branch_dop_operator_v3 to 2023-07-27T01:44:00+00:00, run_after=2023-07-27T01:45:00+00:00
[2023-07-27T01:45:18.193+0000] {processor.py:179} INFO - Processing /home/airflow/.local/lib/python3.7/site-packages/airflow/example_dags/example_branch_python_dop_operator_3.py took 0.101 seconds
[2023-07-27T01:45:49.037+0000] {processor.py:157} INFO - Started process (PID=3171) to work on /home/airflow/.local/lib/python3.7/site-packages/airflow/example_dags/example_branch_python_dop_operator_3.py
[2023-07-27T01:45:49.038+0000] {processor.py:826} INFO - Processing file /home/airflow/.local/lib/python3.7/site-packages/airflow/example_dags/example_branch_python_dop_operator_3.py for tasks to queue
[2023-07-27T01:45:49.040+0000] {logging_mixin.py:150} INFO - [2023-07-27T01:45:49.039+0000] {dagbag.py:541} INFO - Filling up the DagBag from /home/airflow/.local/lib/python3.7/site-packages/airflow/example_dags/example_branch_python_dop_operator_3.py
[2023-07-27T01:45:49.048+0000] {processor.py:836} INFO - DAG(s) dict_keys(['example_branch_dop_operator_v3']) retrieved from /home/airflow/.local/lib/python3.7/site-packages/airflow/example_dags/example_branch_python_dop_operator_3.py
[2023-07-27T01:45:49.075+0000] {logging_mixin.py:150} INFO - [2023-07-27T01:45:49.075+0000] {dag.py:2742} INFO - Sync 1 DAGs
[2023-07-27T01:45:49.111+0000] {logging_mixin.py:150} INFO - [2023-07-27T01:45:49.110+0000] {dag.py:3508} INFO - Setting next_dagrun for example_branch_dop_operator_v3 to 2023-07-27T01:44:00+00:00, run_after=2023-07-27T01:45:00+00:00
[2023-07-27T01:45:49.133+0000] {processor.py:179} INFO - Processing /home/airflow/.local/lib/python3.7/site-packages/airflow/example_dags/example_branch_python_dop_operator_3.py took 0.100 seconds
[2023-07-27T01:46:19.497+0000] {processor.py:157} INFO - Started process (PID=3231) to work on /home/airflow/.local/lib/python3.7/site-packages/airflow/example_dags/example_branch_python_dop_operator_3.py
[2023-07-27T01:46:19.498+0000] {processor.py:826} INFO - Processing file /home/airflow/.local/lib/python3.7/site-packages/airflow/example_dags/example_branch_python_dop_operator_3.py for tasks to queue
[2023-07-27T01:46:19.499+0000] {logging_mixin.py:150} INFO - [2023-07-27T01:46:19.499+0000] {dagbag.py:541} INFO - Filling up the DagBag from /home/airflow/.local/lib/python3.7/site-packages/airflow/example_dags/example_branch_python_dop_operator_3.py
[2023-07-27T01:46:19.510+0000] {processor.py:836} INFO - DAG(s) dict_keys(['example_branch_dop_operator_v3']) retrieved from /home/airflow/.local/lib/python3.7/site-packages/airflow/example_dags/example_branch_python_dop_operator_3.py
[2023-07-27T01:46:19.537+0000] {logging_mixin.py:150} INFO - [2023-07-27T01:46:19.536+0000] {dag.py:2742} INFO - Sync 1 DAGs
[2023-07-27T01:46:19.568+0000] {logging_mixin.py:150} INFO - [2023-07-27T01:46:19.568+0000] {dag.py:3508} INFO - Setting next_dagrun for example_branch_dop_operator_v3 to 2023-07-27T01:45:00+00:00, run_after=2023-07-27T01:46:00+00:00
[2023-07-27T01:46:19.602+0000] {processor.py:179} INFO - Processing /home/airflow/.local/lib/python3.7/site-packages/airflow/example_dags/example_branch_python_dop_operator_3.py took 0.110 seconds
[2023-07-27T01:46:49.766+0000] {processor.py:157} INFO - Started process (PID=3291) to work on /home/airflow/.local/lib/python3.7/site-packages/airflow/example_dags/example_branch_python_dop_operator_3.py
[2023-07-27T01:46:49.767+0000] {processor.py:826} INFO - Processing file /home/airflow/.local/lib/python3.7/site-packages/airflow/example_dags/example_branch_python_dop_operator_3.py for tasks to queue
[2023-07-27T01:46:49.768+0000] {logging_mixin.py:150} INFO - [2023-07-27T01:46:49.768+0000] {dagbag.py:541} INFO - Filling up the DagBag from /home/airflow/.local/lib/python3.7/site-packages/airflow/example_dags/example_branch_python_dop_operator_3.py
[2023-07-27T01:46:49.777+0000] {processor.py:836} INFO - DAG(s) dict_keys(['example_branch_dop_operator_v3']) retrieved from /home/airflow/.local/lib/python3.7/site-packages/airflow/example_dags/example_branch_python_dop_operator_3.py
[2023-07-27T01:46:49.802+0000] {logging_mixin.py:150} INFO - [2023-07-27T01:46:49.802+0000] {dag.py:2742} INFO - Sync 1 DAGs
[2023-07-27T01:46:49.834+0000] {logging_mixin.py:150} INFO - [2023-07-27T01:46:49.834+0000] {dag.py:3508} INFO - Setting next_dagrun for example_branch_dop_operator_v3 to 2023-07-27T01:45:00+00:00, run_after=2023-07-27T01:46:00+00:00
[2023-07-27T01:46:49.867+0000] {processor.py:179} INFO - Processing /home/airflow/.local/lib/python3.7/site-packages/airflow/example_dags/example_branch_python_dop_operator_3.py took 0.104 seconds
[2023-07-27T01:47:20.468+0000] {processor.py:157} INFO - Started process (PID=3344) to work on /home/airflow/.local/lib/python3.7/site-packages/airflow/example_dags/example_branch_python_dop_operator_3.py
[2023-07-27T01:47:20.469+0000] {processor.py:826} INFO - Processing file /home/airflow/.local/lib/python3.7/site-packages/airflow/example_dags/example_branch_python_dop_operator_3.py for tasks to queue
[2023-07-27T01:47:20.470+0000] {logging_mixin.py:150} INFO - [2023-07-27T01:47:20.470+0000] {dagbag.py:541} INFO - Filling up the DagBag from /home/airflow/.local/lib/python3.7/site-packages/airflow/example_dags/example_branch_python_dop_operator_3.py
[2023-07-27T01:47:20.479+0000] {processor.py:836} INFO - DAG(s) dict_keys(['example_branch_dop_operator_v3']) retrieved from /home/airflow/.local/lib/python3.7/site-packages/airflow/example_dags/example_branch_python_dop_operator_3.py
[2023-07-27T01:47:20.504+0000] {logging_mixin.py:150} INFO - [2023-07-27T01:47:20.504+0000] {dag.py:2742} INFO - Sync 1 DAGs
[2023-07-27T01:47:20.535+0000] {logging_mixin.py:150} INFO - [2023-07-27T01:47:20.535+0000] {dag.py:3508} INFO - Setting next_dagrun for example_branch_dop_operator_v3 to 2023-07-27T01:46:00+00:00, run_after=2023-07-27T01:47:00+00:00
[2023-07-27T01:47:20.558+0000] {processor.py:179} INFO - Processing /home/airflow/.local/lib/python3.7/site-packages/airflow/example_dags/example_branch_python_dop_operator_3.py took 0.094 seconds
[2023-07-27T01:47:51.380+0000] {processor.py:157} INFO - Started process (PID=3404) to work on /home/airflow/.local/lib/python3.7/site-packages/airflow/example_dags/example_branch_python_dop_operator_3.py
[2023-07-27T01:47:51.381+0000] {processor.py:826} INFO - Processing file /home/airflow/.local/lib/python3.7/site-packages/airflow/example_dags/example_branch_python_dop_operator_3.py for tasks to queue
[2023-07-27T01:47:51.383+0000] {logging_mixin.py:150} INFO - [2023-07-27T01:47:51.382+0000] {dagbag.py:541} INFO - Filling up the DagBag from /home/airflow/.local/lib/python3.7/site-packages/airflow/example_dags/example_branch_python_dop_operator_3.py
[2023-07-27T01:47:51.394+0000] {processor.py:836} INFO - DAG(s) dict_keys(['example_branch_dop_operator_v3']) retrieved from /home/airflow/.local/lib/python3.7/site-packages/airflow/example_dags/example_branch_python_dop_operator_3.py
[2023-07-27T01:47:51.420+0000] {logging_mixin.py:150} INFO - [2023-07-27T01:47:51.419+0000] {dag.py:2742} INFO - Sync 1 DAGs
[2023-07-27T01:47:51.455+0000] {logging_mixin.py:150} INFO - [2023-07-27T01:47:51.455+0000] {dag.py:3508} INFO - Setting next_dagrun for example_branch_dop_operator_v3 to 2023-07-27T01:46:00+00:00, run_after=2023-07-27T01:47:00+00:00
[2023-07-27T01:47:51.481+0000] {processor.py:179} INFO - Processing /home/airflow/.local/lib/python3.7/site-packages/airflow/example_dags/example_branch_python_dop_operator_3.py took 0.104 seconds
[2023-07-27T01:48:21.859+0000] {processor.py:157} INFO - Started process (PID=3465) to work on /home/airflow/.local/lib/python3.7/site-packages/airflow/example_dags/example_branch_python_dop_operator_3.py
[2023-07-27T01:48:21.863+0000] {processor.py:826} INFO - Processing file /home/airflow/.local/lib/python3.7/site-packages/airflow/example_dags/example_branch_python_dop_operator_3.py for tasks to queue
[2023-07-27T01:48:21.864+0000] {logging_mixin.py:150} INFO - [2023-07-27T01:48:21.864+0000] {dagbag.py:541} INFO - Filling up the DagBag from /home/airflow/.local/lib/python3.7/site-packages/airflow/example_dags/example_branch_python_dop_operator_3.py
[2023-07-27T01:48:21.873+0000] {processor.py:836} INFO - DAG(s) dict_keys(['example_branch_dop_operator_v3']) retrieved from /home/airflow/.local/lib/python3.7/site-packages/airflow/example_dags/example_branch_python_dop_operator_3.py
[2023-07-27T01:48:21.900+0000] {logging_mixin.py:150} INFO - [2023-07-27T01:48:21.900+0000] {dag.py:2742} INFO - Sync 1 DAGs
[2023-07-27T01:48:21.933+0000] {logging_mixin.py:150} INFO - [2023-07-27T01:48:21.933+0000] {dag.py:3508} INFO - Setting next_dagrun for example_branch_dop_operator_v3 to 2023-07-27T01:47:00+00:00, run_after=2023-07-27T01:48:00+00:00
[2023-07-27T01:48:21.958+0000] {processor.py:179} INFO - Processing /home/airflow/.local/lib/python3.7/site-packages/airflow/example_dags/example_branch_python_dop_operator_3.py took 0.102 seconds
[2023-07-27T01:48:52.200+0000] {processor.py:157} INFO - Started process (PID=3524) to work on /home/airflow/.local/lib/python3.7/site-packages/airflow/example_dags/example_branch_python_dop_operator_3.py
[2023-07-27T01:48:52.201+0000] {processor.py:826} INFO - Processing file /home/airflow/.local/lib/python3.7/site-packages/airflow/example_dags/example_branch_python_dop_operator_3.py for tasks to queue
[2023-07-27T01:48:52.202+0000] {logging_mixin.py:150} INFO - [2023-07-27T01:48:52.202+0000] {dagbag.py:541} INFO - Filling up the DagBag from /home/airflow/.local/lib/python3.7/site-packages/airflow/example_dags/example_branch_python_dop_operator_3.py
[2023-07-27T01:48:52.210+0000] {processor.py:836} INFO - DAG(s) dict_keys(['example_branch_dop_operator_v3']) retrieved from /home/airflow/.local/lib/python3.7/site-packages/airflow/example_dags/example_branch_python_dop_operator_3.py
[2023-07-27T01:48:52.235+0000] {logging_mixin.py:150} INFO - [2023-07-27T01:48:52.235+0000] {dag.py:2742} INFO - Sync 1 DAGs
[2023-07-27T01:48:52.266+0000] {logging_mixin.py:150} INFO - [2023-07-27T01:48:52.266+0000] {dag.py:3508} INFO - Setting next_dagrun for example_branch_dop_operator_v3 to 2023-07-27T01:47:00+00:00, run_after=2023-07-27T01:48:00+00:00
[2023-07-27T01:48:52.300+0000] {processor.py:179} INFO - Processing /home/airflow/.local/lib/python3.7/site-packages/airflow/example_dags/example_branch_python_dop_operator_3.py took 0.103 seconds
[2023-07-27T01:49:22.655+0000] {processor.py:157} INFO - Started process (PID=3585) to work on /home/airflow/.local/lib/python3.7/site-packages/airflow/example_dags/example_branch_python_dop_operator_3.py
[2023-07-27T01:49:22.656+0000] {processor.py:826} INFO - Processing file /home/airflow/.local/lib/python3.7/site-packages/airflow/example_dags/example_branch_python_dop_operator_3.py for tasks to queue
[2023-07-27T01:49:22.657+0000] {logging_mixin.py:150} INFO - [2023-07-27T01:49:22.657+0000] {dagbag.py:541} INFO - Filling up the DagBag from /home/airflow/.local/lib/python3.7/site-packages/airflow/example_dags/example_branch_python_dop_operator_3.py
[2023-07-27T01:49:22.667+0000] {processor.py:836} INFO - DAG(s) dict_keys(['example_branch_dop_operator_v3']) retrieved from /home/airflow/.local/lib/python3.7/site-packages/airflow/example_dags/example_branch_python_dop_operator_3.py
[2023-07-27T01:49:22.694+0000] {logging_mixin.py:150} INFO - [2023-07-27T01:49:22.694+0000] {dag.py:2742} INFO - Sync 1 DAGs
[2023-07-27T01:49:22.728+0000] {logging_mixin.py:150} INFO - [2023-07-27T01:49:22.728+0000] {dag.py:3508} INFO - Setting next_dagrun for example_branch_dop_operator_v3 to 2023-07-27T01:48:00+00:00, run_after=2023-07-27T01:49:00+00:00
[2023-07-27T01:49:22.755+0000] {processor.py:179} INFO - Processing /home/airflow/.local/lib/python3.7/site-packages/airflow/example_dags/example_branch_python_dop_operator_3.py took 0.104 seconds
[2023-07-27T01:49:53.129+0000] {processor.py:157} INFO - Started process (PID=3645) to work on /home/airflow/.local/lib/python3.7/site-packages/airflow/example_dags/example_branch_python_dop_operator_3.py
[2023-07-27T01:49:53.131+0000] {processor.py:826} INFO - Processing file /home/airflow/.local/lib/python3.7/site-packages/airflow/example_dags/example_branch_python_dop_operator_3.py for tasks to queue
[2023-07-27T01:49:53.132+0000] {logging_mixin.py:150} INFO - [2023-07-27T01:49:53.131+0000] {dagbag.py:541} INFO - Filling up the DagBag from /home/airflow/.local/lib/python3.7/site-packages/airflow/example_dags/example_branch_python_dop_operator_3.py
[2023-07-27T01:49:53.140+0000] {processor.py:836} INFO - DAG(s) dict_keys(['example_branch_dop_operator_v3']) retrieved from /home/airflow/.local/lib/python3.7/site-packages/airflow/example_dags/example_branch_python_dop_operator_3.py
[2023-07-27T01:49:53.165+0000] {logging_mixin.py:150} INFO - [2023-07-27T01:49:53.165+0000] {dag.py:2742} INFO - Sync 1 DAGs
[2023-07-27T01:49:53.196+0000] {logging_mixin.py:150} INFO - [2023-07-27T01:49:53.196+0000] {dag.py:3508} INFO - Setting next_dagrun for example_branch_dop_operator_v3 to 2023-07-27T01:48:00+00:00, run_after=2023-07-27T01:49:00+00:00
[2023-07-27T01:49:53.220+0000] {processor.py:179} INFO - Processing /home/airflow/.local/lib/python3.7/site-packages/airflow/example_dags/example_branch_python_dop_operator_3.py took 0.094 seconds
[2023-07-27T01:50:23.745+0000] {processor.py:157} INFO - Started process (PID=3705) to work on /home/airflow/.local/lib/python3.7/site-packages/airflow/example_dags/example_branch_python_dop_operator_3.py
[2023-07-27T01:50:23.747+0000] {processor.py:826} INFO - Processing file /home/airflow/.local/lib/python3.7/site-packages/airflow/example_dags/example_branch_python_dop_operator_3.py for tasks to queue
[2023-07-27T01:50:23.747+0000] {logging_mixin.py:150} INFO - [2023-07-27T01:50:23.747+0000] {dagbag.py:541} INFO - Filling up the DagBag from /home/airflow/.local/lib/python3.7/site-packages/airflow/example_dags/example_branch_python_dop_operator_3.py
[2023-07-27T01:50:23.756+0000] {processor.py:836} INFO - DAG(s) dict_keys(['example_branch_dop_operator_v3']) retrieved from /home/airflow/.local/lib/python3.7/site-packages/airflow/example_dags/example_branch_python_dop_operator_3.py
[2023-07-27T01:50:23.781+0000] {logging_mixin.py:150} INFO - [2023-07-27T01:50:23.781+0000] {dag.py:2742} INFO - Sync 1 DAGs
[2023-07-27T01:50:23.813+0000] {logging_mixin.py:150} INFO - [2023-07-27T01:50:23.813+0000] {dag.py:3508} INFO - Setting next_dagrun for example_branch_dop_operator_v3 to 2023-07-27T01:49:00+00:00, run_after=2023-07-27T01:50:00+00:00
[2023-07-27T01:50:23.836+0000] {processor.py:179} INFO - Processing /home/airflow/.local/lib/python3.7/site-packages/airflow/example_dags/example_branch_python_dop_operator_3.py took 0.094 seconds
[2023-07-27T01:50:54.370+0000] {processor.py:157} INFO - Started process (PID=3765) to work on /home/airflow/.local/lib/python3.7/site-packages/airflow/example_dags/example_branch_python_dop_operator_3.py
[2023-07-27T01:50:54.371+0000] {processor.py:826} INFO - Processing file /home/airflow/.local/lib/python3.7/site-packages/airflow/example_dags/example_branch_python_dop_operator_3.py for tasks to queue
[2023-07-27T01:50:54.372+0000] {logging_mixin.py:150} INFO - [2023-07-27T01:50:54.372+0000] {dagbag.py:541} INFO - Filling up the DagBag from /home/airflow/.local/lib/python3.7/site-packages/airflow/example_dags/example_branch_python_dop_operator_3.py
[2023-07-27T01:50:54.381+0000] {processor.py:836} INFO - DAG(s) dict_keys(['example_branch_dop_operator_v3']) retrieved from /home/airflow/.local/lib/python3.7/site-packages/airflow/example_dags/example_branch_python_dop_operator_3.py
[2023-07-27T01:50:54.406+0000] {logging_mixin.py:150} INFO - [2023-07-27T01:50:54.406+0000] {dag.py:2742} INFO - Sync 1 DAGs
[2023-07-27T01:50:54.437+0000] {logging_mixin.py:150} INFO - [2023-07-27T01:50:54.437+0000] {dag.py:3508} INFO - Setting next_dagrun for example_branch_dop_operator_v3 to 2023-07-27T01:49:00+00:00, run_after=2023-07-27T01:50:00+00:00
[2023-07-27T01:50:54.485+0000] {processor.py:179} INFO - Processing /home/airflow/.local/lib/python3.7/site-packages/airflow/example_dags/example_branch_python_dop_operator_3.py took 0.119 seconds
[2023-07-27T01:51:25.248+0000] {processor.py:157} INFO - Started process (PID=3825) to work on /home/airflow/.local/lib/python3.7/site-packages/airflow/example_dags/example_branch_python_dop_operator_3.py
[2023-07-27T01:51:25.249+0000] {processor.py:826} INFO - Processing file /home/airflow/.local/lib/python3.7/site-packages/airflow/example_dags/example_branch_python_dop_operator_3.py for tasks to queue
[2023-07-27T01:51:25.250+0000] {logging_mixin.py:150} INFO - [2023-07-27T01:51:25.250+0000] {dagbag.py:541} INFO - Filling up the DagBag from /home/airflow/.local/lib/python3.7/site-packages/airflow/example_dags/example_branch_python_dop_operator_3.py
[2023-07-27T01:51:25.260+0000] {processor.py:836} INFO - DAG(s) dict_keys(['example_branch_dop_operator_v3']) retrieved from /home/airflow/.local/lib/python3.7/site-packages/airflow/example_dags/example_branch_python_dop_operator_3.py
[2023-07-27T01:51:25.291+0000] {logging_mixin.py:150} INFO - [2023-07-27T01:51:25.291+0000] {dag.py:2742} INFO - Sync 1 DAGs
[2023-07-27T01:51:25.332+0000] {logging_mixin.py:150} INFO - [2023-07-27T01:51:25.332+0000] {dag.py:3508} INFO - Setting next_dagrun for example_branch_dop_operator_v3 to 2023-07-27T01:50:00+00:00, run_after=2023-07-27T01:51:00+00:00
[2023-07-27T01:51:25.378+0000] {processor.py:179} INFO - Processing /home/airflow/.local/lib/python3.7/site-packages/airflow/example_dags/example_branch_python_dop_operator_3.py took 0.135 seconds
[2023-07-27T01:51:55.881+0000] {processor.py:157} INFO - Started process (PID=3885) to work on /home/airflow/.local/lib/python3.7/site-packages/airflow/example_dags/example_branch_python_dop_operator_3.py
[2023-07-27T01:51:55.882+0000] {processor.py:826} INFO - Processing file /home/airflow/.local/lib/python3.7/site-packages/airflow/example_dags/example_branch_python_dop_operator_3.py for tasks to queue
[2023-07-27T01:51:55.883+0000] {logging_mixin.py:150} INFO - [2023-07-27T01:51:55.883+0000] {dagbag.py:541} INFO - Filling up the DagBag from /home/airflow/.local/lib/python3.7/site-packages/airflow/example_dags/example_branch_python_dop_operator_3.py
[2023-07-27T01:51:55.892+0000] {processor.py:836} INFO - DAG(s) dict_keys(['example_branch_dop_operator_v3']) retrieved from /home/airflow/.local/lib/python3.7/site-packages/airflow/example_dags/example_branch_python_dop_operator_3.py
[2023-07-27T01:51:55.918+0000] {logging_mixin.py:150} INFO - [2023-07-27T01:51:55.917+0000] {dag.py:2742} INFO - Sync 1 DAGs
[2023-07-27T01:51:55.949+0000] {logging_mixin.py:150} INFO - [2023-07-27T01:51:55.949+0000] {dag.py:3508} INFO - Setting next_dagrun for example_branch_dop_operator_v3 to 2023-07-27T01:50:00+00:00, run_after=2023-07-27T01:51:00+00:00
[2023-07-27T01:51:55.971+0000] {processor.py:179} INFO - Processing /home/airflow/.local/lib/python3.7/site-packages/airflow/example_dags/example_branch_python_dop_operator_3.py took 0.093 seconds
[2023-07-27T01:52:26.454+0000] {processor.py:157} INFO - Started process (PID=3944) to work on /home/airflow/.local/lib/python3.7/site-packages/airflow/example_dags/example_branch_python_dop_operator_3.py
[2023-07-27T01:52:26.455+0000] {processor.py:826} INFO - Processing file /home/airflow/.local/lib/python3.7/site-packages/airflow/example_dags/example_branch_python_dop_operator_3.py for tasks to queue
[2023-07-27T01:52:26.456+0000] {logging_mixin.py:150} INFO - [2023-07-27T01:52:26.456+0000] {dagbag.py:541} INFO - Filling up the DagBag from /home/airflow/.local/lib/python3.7/site-packages/airflow/example_dags/example_branch_python_dop_operator_3.py
[2023-07-27T01:52:26.465+0000] {processor.py:836} INFO - DAG(s) dict_keys(['example_branch_dop_operator_v3']) retrieved from /home/airflow/.local/lib/python3.7/site-packages/airflow/example_dags/example_branch_python_dop_operator_3.py
[2023-07-27T01:52:26.490+0000] {logging_mixin.py:150} INFO - [2023-07-27T01:52:26.490+0000] {dag.py:2742} INFO - Sync 1 DAGs
[2023-07-27T01:52:26.521+0000] {logging_mixin.py:150} INFO - [2023-07-27T01:52:26.521+0000] {dag.py:3508} INFO - Setting next_dagrun for example_branch_dop_operator_v3 to 2023-07-27T01:51:00+00:00, run_after=2023-07-27T01:52:00+00:00
[2023-07-27T01:52:26.558+0000] {processor.py:179} INFO - Processing /home/airflow/.local/lib/python3.7/site-packages/airflow/example_dags/example_branch_python_dop_operator_3.py took 0.108 seconds
[2023-07-27T01:52:56.693+0000] {processor.py:157} INFO - Started process (PID=4004) to work on /home/airflow/.local/lib/python3.7/site-packages/airflow/example_dags/example_branch_python_dop_operator_3.py
[2023-07-27T01:52:56.694+0000] {processor.py:826} INFO - Processing file /home/airflow/.local/lib/python3.7/site-packages/airflow/example_dags/example_branch_python_dop_operator_3.py for tasks to queue
[2023-07-27T01:52:56.696+0000] {logging_mixin.py:150} INFO - [2023-07-27T01:52:56.695+0000] {dagbag.py:541} INFO - Filling up the DagBag from /home/airflow/.local/lib/python3.7/site-packages/airflow/example_dags/example_branch_python_dop_operator_3.py
[2023-07-27T01:52:56.705+0000] {processor.py:836} INFO - DAG(s) dict_keys(['example_branch_dop_operator_v3']) retrieved from /home/airflow/.local/lib/python3.7/site-packages/airflow/example_dags/example_branch_python_dop_operator_3.py
[2023-07-27T01:52:56.732+0000] {logging_mixin.py:150} INFO - [2023-07-27T01:52:56.731+0000] {dag.py:2742} INFO - Sync 1 DAGs
[2023-07-27T01:52:56.766+0000] {logging_mixin.py:150} INFO - [2023-07-27T01:52:56.765+0000] {dag.py:3508} INFO - Setting next_dagrun for example_branch_dop_operator_v3 to 2023-07-27T01:51:00+00:00, run_after=2023-07-27T01:52:00+00:00
[2023-07-27T01:52:56.789+0000] {processor.py:179} INFO - Processing /home/airflow/.local/lib/python3.7/site-packages/airflow/example_dags/example_branch_python_dop_operator_3.py took 0.099 seconds
[2023-07-27T01:53:27.380+0000] {processor.py:157} INFO - Started process (PID=4064) to work on /home/airflow/.local/lib/python3.7/site-packages/airflow/example_dags/example_branch_python_dop_operator_3.py
[2023-07-27T01:53:27.381+0000] {processor.py:826} INFO - Processing file /home/airflow/.local/lib/python3.7/site-packages/airflow/example_dags/example_branch_python_dop_operator_3.py for tasks to queue
[2023-07-27T01:53:27.382+0000] {logging_mixin.py:150} INFO - [2023-07-27T01:53:27.382+0000] {dagbag.py:541} INFO - Filling up the DagBag from /home/airflow/.local/lib/python3.7/site-packages/airflow/example_dags/example_branch_python_dop_operator_3.py
[2023-07-27T01:53:27.391+0000] {processor.py:836} INFO - DAG(s) dict_keys(['example_branch_dop_operator_v3']) retrieved from /home/airflow/.local/lib/python3.7/site-packages/airflow/example_dags/example_branch_python_dop_operator_3.py
[2023-07-27T01:53:27.418+0000] {logging_mixin.py:150} INFO - [2023-07-27T01:53:27.417+0000] {dag.py:2742} INFO - Sync 1 DAGs
[2023-07-27T01:53:27.451+0000] {logging_mixin.py:150} INFO - [2023-07-27T01:53:27.451+0000] {dag.py:3508} INFO - Setting next_dagrun for example_branch_dop_operator_v3 to 2023-07-27T01:52:00+00:00, run_after=2023-07-27T01:53:00+00:00
[2023-07-27T01:53:27.476+0000] {processor.py:179} INFO - Processing /home/airflow/.local/lib/python3.7/site-packages/airflow/example_dags/example_branch_python_dop_operator_3.py took 0.100 seconds
[2023-07-27T01:53:57.805+0000] {processor.py:157} INFO - Started process (PID=4125) to work on /home/airflow/.local/lib/python3.7/site-packages/airflow/example_dags/example_branch_python_dop_operator_3.py
[2023-07-27T01:53:57.806+0000] {processor.py:826} INFO - Processing file /home/airflow/.local/lib/python3.7/site-packages/airflow/example_dags/example_branch_python_dop_operator_3.py for tasks to queue
[2023-07-27T01:53:57.807+0000] {logging_mixin.py:150} INFO - [2023-07-27T01:53:57.807+0000] {dagbag.py:541} INFO - Filling up the DagBag from /home/airflow/.local/lib/python3.7/site-packages/airflow/example_dags/example_branch_python_dop_operator_3.py
[2023-07-27T01:53:57.817+0000] {processor.py:836} INFO - DAG(s) dict_keys(['example_branch_dop_operator_v3']) retrieved from /home/airflow/.local/lib/python3.7/site-packages/airflow/example_dags/example_branch_python_dop_operator_3.py
[2023-07-27T01:53:57.842+0000] {logging_mixin.py:150} INFO - [2023-07-27T01:53:57.842+0000] {dag.py:2742} INFO - Sync 1 DAGs
[2023-07-27T01:53:57.877+0000] {logging_mixin.py:150} INFO - [2023-07-27T01:53:57.877+0000] {dag.py:3508} INFO - Setting next_dagrun for example_branch_dop_operator_v3 to 2023-07-27T01:52:00+00:00, run_after=2023-07-27T01:53:00+00:00
[2023-07-27T01:53:57.902+0000] {processor.py:179} INFO - Processing /home/airflow/.local/lib/python3.7/site-packages/airflow/example_dags/example_branch_python_dop_operator_3.py took 0.100 seconds
[2023-07-27T01:54:28.212+0000] {processor.py:157} INFO - Started process (PID=4184) to work on /home/airflow/.local/lib/python3.7/site-packages/airflow/example_dags/example_branch_python_dop_operator_3.py
[2023-07-27T01:54:28.213+0000] {processor.py:826} INFO - Processing file /home/airflow/.local/lib/python3.7/site-packages/airflow/example_dags/example_branch_python_dop_operator_3.py for tasks to queue
[2023-07-27T01:54:28.214+0000] {logging_mixin.py:150} INFO - [2023-07-27T01:54:28.214+0000] {dagbag.py:541} INFO - Filling up the DagBag from /home/airflow/.local/lib/python3.7/site-packages/airflow/example_dags/example_branch_python_dop_operator_3.py
[2023-07-27T01:54:28.222+0000] {processor.py:836} INFO - DAG(s) dict_keys(['example_branch_dop_operator_v3']) retrieved from /home/airflow/.local/lib/python3.7/site-packages/airflow/example_dags/example_branch_python_dop_operator_3.py
[2023-07-27T01:54:28.248+0000] {logging_mixin.py:150} INFO - [2023-07-27T01:54:28.247+0000] {dag.py:2742} INFO - Sync 1 DAGs
[2023-07-27T01:54:28.279+0000] {logging_mixin.py:150} INFO - [2023-07-27T01:54:28.278+0000] {dag.py:3508} INFO - Setting next_dagrun for example_branch_dop_operator_v3 to 2023-07-27T01:53:00+00:00, run_after=2023-07-27T01:54:00+00:00
[2023-07-27T01:54:28.300+0000] {processor.py:179} INFO - Processing /home/airflow/.local/lib/python3.7/site-packages/airflow/example_dags/example_branch_python_dop_operator_3.py took 0.092 seconds
[2023-07-27T01:54:58.643+0000] {processor.py:157} INFO - Started process (PID=4244) to work on /home/airflow/.local/lib/python3.7/site-packages/airflow/example_dags/example_branch_python_dop_operator_3.py
[2023-07-27T01:54:58.644+0000] {processor.py:826} INFO - Processing file /home/airflow/.local/lib/python3.7/site-packages/airflow/example_dags/example_branch_python_dop_operator_3.py for tasks to queue
[2023-07-27T01:54:58.645+0000] {logging_mixin.py:150} INFO - [2023-07-27T01:54:58.645+0000] {dagbag.py:541} INFO - Filling up the DagBag from /home/airflow/.local/lib/python3.7/site-packages/airflow/example_dags/example_branch_python_dop_operator_3.py
[2023-07-27T01:54:58.654+0000] {processor.py:836} INFO - DAG(s) dict_keys(['example_branch_dop_operator_v3']) retrieved from /home/airflow/.local/lib/python3.7/site-packages/airflow/example_dags/example_branch_python_dop_operator_3.py
[2023-07-27T01:54:58.681+0000] {logging_mixin.py:150} INFO - [2023-07-27T01:54:58.680+0000] {dag.py:2742} INFO - Sync 1 DAGs
[2023-07-27T01:54:58.715+0000] {logging_mixin.py:150} INFO - [2023-07-27T01:54:58.714+0000] {dag.py:3508} INFO - Setting next_dagrun for example_branch_dop_operator_v3 to 2023-07-27T01:53:00+00:00, run_after=2023-07-27T01:54:00+00:00
[2023-07-27T01:54:58.740+0000] {processor.py:179} INFO - Processing /home/airflow/.local/lib/python3.7/site-packages/airflow/example_dags/example_branch_python_dop_operator_3.py took 0.101 seconds
[2023-07-27T01:55:29.385+0000] {processor.py:157} INFO - Started process (PID=4304) to work on /home/airflow/.local/lib/python3.7/site-packages/airflow/example_dags/example_branch_python_dop_operator_3.py
[2023-07-27T01:55:29.387+0000] {processor.py:826} INFO - Processing file /home/airflow/.local/lib/python3.7/site-packages/airflow/example_dags/example_branch_python_dop_operator_3.py for tasks to queue
[2023-07-27T01:55:29.388+0000] {logging_mixin.py:150} INFO - [2023-07-27T01:55:29.388+0000] {dagbag.py:541} INFO - Filling up the DagBag from /home/airflow/.local/lib/python3.7/site-packages/airflow/example_dags/example_branch_python_dop_operator_3.py
[2023-07-27T01:55:29.397+0000] {processor.py:836} INFO - DAG(s) dict_keys(['example_branch_dop_operator_v3']) retrieved from /home/airflow/.local/lib/python3.7/site-packages/airflow/example_dags/example_branch_python_dop_operator_3.py
[2023-07-27T01:55:29.429+0000] {logging_mixin.py:150} INFO - [2023-07-27T01:55:29.429+0000] {dag.py:2742} INFO - Sync 1 DAGs
[2023-07-27T01:55:29.465+0000] {logging_mixin.py:150} INFO - [2023-07-27T01:55:29.464+0000] {dag.py:3508} INFO - Setting next_dagrun for example_branch_dop_operator_v3 to 2023-07-27T01:54:00+00:00, run_after=2023-07-27T01:55:00+00:00
[2023-07-27T01:55:29.491+0000] {processor.py:179} INFO - Processing /home/airflow/.local/lib/python3.7/site-packages/airflow/example_dags/example_branch_python_dop_operator_3.py took 0.110 seconds
[2023-07-27T01:55:59.924+0000] {processor.py:157} INFO - Started process (PID=4363) to work on /home/airflow/.local/lib/python3.7/site-packages/airflow/example_dags/example_branch_python_dop_operator_3.py
[2023-07-27T01:55:59.925+0000] {processor.py:826} INFO - Processing file /home/airflow/.local/lib/python3.7/site-packages/airflow/example_dags/example_branch_python_dop_operator_3.py for tasks to queue
[2023-07-27T01:55:59.927+0000] {logging_mixin.py:150} INFO - [2023-07-27T01:55:59.927+0000] {dagbag.py:541} INFO - Filling up the DagBag from /home/airflow/.local/lib/python3.7/site-packages/airflow/example_dags/example_branch_python_dop_operator_3.py
[2023-07-27T01:55:59.937+0000] {processor.py:836} INFO - DAG(s) dict_keys(['example_branch_dop_operator_v3']) retrieved from /home/airflow/.local/lib/python3.7/site-packages/airflow/example_dags/example_branch_python_dop_operator_3.py
[2023-07-27T01:55:59.973+0000] {logging_mixin.py:150} INFO - [2023-07-27T01:55:59.973+0000] {dag.py:2742} INFO - Sync 1 DAGs
[2023-07-27T01:56:00.021+0000] {logging_mixin.py:150} INFO - [2023-07-27T01:56:00.020+0000] {dag.py:3508} INFO - Setting next_dagrun for example_branch_dop_operator_v3 to 2023-07-27T01:55:00+00:00, run_after=2023-07-27T01:56:00+00:00
[2023-07-27T01:56:00.052+0000] {processor.py:179} INFO - Processing /home/airflow/.local/lib/python3.7/site-packages/airflow/example_dags/example_branch_python_dop_operator_3.py took 0.133 seconds
[2023-07-27T01:56:30.272+0000] {processor.py:157} INFO - Started process (PID=4424) to work on /home/airflow/.local/lib/python3.7/site-packages/airflow/example_dags/example_branch_python_dop_operator_3.py
[2023-07-27T01:56:30.273+0000] {processor.py:826} INFO - Processing file /home/airflow/.local/lib/python3.7/site-packages/airflow/example_dags/example_branch_python_dop_operator_3.py for tasks to queue
[2023-07-27T01:56:30.275+0000] {logging_mixin.py:150} INFO - [2023-07-27T01:56:30.274+0000] {dagbag.py:541} INFO - Filling up the DagBag from /home/airflow/.local/lib/python3.7/site-packages/airflow/example_dags/example_branch_python_dop_operator_3.py
[2023-07-27T01:56:30.283+0000] {processor.py:836} INFO - DAG(s) dict_keys(['example_branch_dop_operator_v3']) retrieved from /home/airflow/.local/lib/python3.7/site-packages/airflow/example_dags/example_branch_python_dop_operator_3.py
[2023-07-27T01:56:30.312+0000] {logging_mixin.py:150} INFO - [2023-07-27T01:56:30.311+0000] {dag.py:2742} INFO - Sync 1 DAGs
[2023-07-27T01:56:30.345+0000] {logging_mixin.py:150} INFO - [2023-07-27T01:56:30.345+0000] {dag.py:3508} INFO - Setting next_dagrun for example_branch_dop_operator_v3 to 2023-07-27T01:55:00+00:00, run_after=2023-07-27T01:56:00+00:00
[2023-07-27T01:56:30.372+0000] {processor.py:179} INFO - Processing /home/airflow/.local/lib/python3.7/site-packages/airflow/example_dags/example_branch_python_dop_operator_3.py took 0.104 seconds
[2023-07-27T01:57:00.959+0000] {processor.py:157} INFO - Started process (PID=4485) to work on /home/airflow/.local/lib/python3.7/site-packages/airflow/example_dags/example_branch_python_dop_operator_3.py
[2023-07-27T01:57:00.960+0000] {processor.py:826} INFO - Processing file /home/airflow/.local/lib/python3.7/site-packages/airflow/example_dags/example_branch_python_dop_operator_3.py for tasks to queue
[2023-07-27T01:57:00.961+0000] {logging_mixin.py:150} INFO - [2023-07-27T01:57:00.961+0000] {dagbag.py:541} INFO - Filling up the DagBag from /home/airflow/.local/lib/python3.7/site-packages/airflow/example_dags/example_branch_python_dop_operator_3.py
[2023-07-27T01:57:00.970+0000] {processor.py:836} INFO - DAG(s) dict_keys(['example_branch_dop_operator_v3']) retrieved from /home/airflow/.local/lib/python3.7/site-packages/airflow/example_dags/example_branch_python_dop_operator_3.py
[2023-07-27T01:57:00.996+0000] {logging_mixin.py:150} INFO - [2023-07-27T01:57:00.996+0000] {dag.py:2742} INFO - Sync 1 DAGs
[2023-07-27T01:57:01.031+0000] {logging_mixin.py:150} INFO - [2023-07-27T01:57:01.031+0000] {dag.py:3508} INFO - Setting next_dagrun for example_branch_dop_operator_v3 to 2023-07-27T01:56:00+00:00, run_after=2023-07-27T01:57:00+00:00
[2023-07-27T01:57:01.053+0000] {processor.py:179} INFO - Processing /home/airflow/.local/lib/python3.7/site-packages/airflow/example_dags/example_branch_python_dop_operator_3.py took 0.098 seconds
[2023-07-27T01:57:32.204+0000] {processor.py:157} INFO - Started process (PID=4546) to work on /home/airflow/.local/lib/python3.7/site-packages/airflow/example_dags/example_branch_python_dop_operator_3.py
[2023-07-27T01:57:32.205+0000] {processor.py:826} INFO - Processing file /home/airflow/.local/lib/python3.7/site-packages/airflow/example_dags/example_branch_python_dop_operator_3.py for tasks to queue
[2023-07-27T01:57:32.206+0000] {logging_mixin.py:150} INFO - [2023-07-27T01:57:32.206+0000] {dagbag.py:541} INFO - Filling up the DagBag from /home/airflow/.local/lib/python3.7/site-packages/airflow/example_dags/example_branch_python_dop_operator_3.py
[2023-07-27T01:57:32.215+0000] {processor.py:836} INFO - DAG(s) dict_keys(['example_branch_dop_operator_v3']) retrieved from /home/airflow/.local/lib/python3.7/site-packages/airflow/example_dags/example_branch_python_dop_operator_3.py
[2023-07-27T01:57:32.246+0000] {logging_mixin.py:150} INFO - [2023-07-27T01:57:32.246+0000] {dag.py:2742} INFO - Sync 1 DAGs
[2023-07-27T01:57:32.280+0000] {logging_mixin.py:150} INFO - [2023-07-27T01:57:32.280+0000] {dag.py:3508} INFO - Setting next_dagrun for example_branch_dop_operator_v3 to 2023-07-27T01:56:00+00:00, run_after=2023-07-27T01:57:00+00:00
[2023-07-27T01:57:32.313+0000] {processor.py:179} INFO - Processing /home/airflow/.local/lib/python3.7/site-packages/airflow/example_dags/example_branch_python_dop_operator_3.py took 0.112 seconds
[2023-07-27T01:58:02.711+0000] {processor.py:157} INFO - Started process (PID=4606) to work on /home/airflow/.local/lib/python3.7/site-packages/airflow/example_dags/example_branch_python_dop_operator_3.py
[2023-07-27T01:58:02.712+0000] {processor.py:826} INFO - Processing file /home/airflow/.local/lib/python3.7/site-packages/airflow/example_dags/example_branch_python_dop_operator_3.py for tasks to queue
[2023-07-27T01:58:02.713+0000] {logging_mixin.py:150} INFO - [2023-07-27T01:58:02.713+0000] {dagbag.py:541} INFO - Filling up the DagBag from /home/airflow/.local/lib/python3.7/site-packages/airflow/example_dags/example_branch_python_dop_operator_3.py
[2023-07-27T01:58:02.722+0000] {processor.py:836} INFO - DAG(s) dict_keys(['example_branch_dop_operator_v3']) retrieved from /home/airflow/.local/lib/python3.7/site-packages/airflow/example_dags/example_branch_python_dop_operator_3.py
[2023-07-27T01:58:02.747+0000] {logging_mixin.py:150} INFO - [2023-07-27T01:58:02.747+0000] {dag.py:2742} INFO - Sync 1 DAGs
[2023-07-27T01:58:02.780+0000] {logging_mixin.py:150} INFO - [2023-07-27T01:58:02.780+0000] {dag.py:3508} INFO - Setting next_dagrun for example_branch_dop_operator_v3 to 2023-07-27T01:57:00+00:00, run_after=2023-07-27T01:58:00+00:00
[2023-07-27T01:58:02.801+0000] {processor.py:179} INFO - Processing /home/airflow/.local/lib/python3.7/site-packages/airflow/example_dags/example_branch_python_dop_operator_3.py took 0.094 seconds
[2023-07-27T01:58:33.904+0000] {processor.py:157} INFO - Started process (PID=4666) to work on /home/airflow/.local/lib/python3.7/site-packages/airflow/example_dags/example_branch_python_dop_operator_3.py
[2023-07-27T01:58:33.905+0000] {processor.py:826} INFO - Processing file /home/airflow/.local/lib/python3.7/site-packages/airflow/example_dags/example_branch_python_dop_operator_3.py for tasks to queue
[2023-07-27T01:58:33.908+0000] {logging_mixin.py:150} INFO - [2023-07-27T01:58:33.906+0000] {dagbag.py:541} INFO - Filling up the DagBag from /home/airflow/.local/lib/python3.7/site-packages/airflow/example_dags/example_branch_python_dop_operator_3.py
[2023-07-27T01:58:33.917+0000] {processor.py:836} INFO - DAG(s) dict_keys(['example_branch_dop_operator_v3']) retrieved from /home/airflow/.local/lib/python3.7/site-packages/airflow/example_dags/example_branch_python_dop_operator_3.py
[2023-07-27T01:58:33.946+0000] {logging_mixin.py:150} INFO - [2023-07-27T01:58:33.946+0000] {dag.py:2742} INFO - Sync 1 DAGs
[2023-07-27T01:58:33.982+0000] {logging_mixin.py:150} INFO - [2023-07-27T01:58:33.981+0000] {dag.py:3508} INFO - Setting next_dagrun for example_branch_dop_operator_v3 to 2023-07-27T01:57:00+00:00, run_after=2023-07-27T01:58:00+00:00
[2023-07-27T01:58:34.002+0000] {processor.py:179} INFO - Processing /home/airflow/.local/lib/python3.7/site-packages/airflow/example_dags/example_branch_python_dop_operator_3.py took 0.103 seconds
[2023-07-27T01:59:04.451+0000] {processor.py:157} INFO - Started process (PID=4726) to work on /home/airflow/.local/lib/python3.7/site-packages/airflow/example_dags/example_branch_python_dop_operator_3.py
[2023-07-27T01:59:04.452+0000] {processor.py:826} INFO - Processing file /home/airflow/.local/lib/python3.7/site-packages/airflow/example_dags/example_branch_python_dop_operator_3.py for tasks to queue
[2023-07-27T01:59:04.453+0000] {logging_mixin.py:150} INFO - [2023-07-27T01:59:04.453+0000] {dagbag.py:541} INFO - Filling up the DagBag from /home/airflow/.local/lib/python3.7/site-packages/airflow/example_dags/example_branch_python_dop_operator_3.py
[2023-07-27T01:59:04.462+0000] {processor.py:836} INFO - DAG(s) dict_keys(['example_branch_dop_operator_v3']) retrieved from /home/airflow/.local/lib/python3.7/site-packages/airflow/example_dags/example_branch_python_dop_operator_3.py
[2023-07-27T01:59:04.487+0000] {logging_mixin.py:150} INFO - [2023-07-27T01:59:04.487+0000] {dag.py:2742} INFO - Sync 1 DAGs
[2023-07-27T01:59:04.518+0000] {logging_mixin.py:150} INFO - [2023-07-27T01:59:04.518+0000] {dag.py:3508} INFO - Setting next_dagrun for example_branch_dop_operator_v3 to 2023-07-27T01:58:00+00:00, run_after=2023-07-27T01:59:00+00:00
[2023-07-27T01:59:04.541+0000] {processor.py:179} INFO - Processing /home/airflow/.local/lib/python3.7/site-packages/airflow/example_dags/example_branch_python_dop_operator_3.py took 0.093 seconds
[2023-07-27T01:59:35.727+0000] {processor.py:157} INFO - Started process (PID=4786) to work on /home/airflow/.local/lib/python3.7/site-packages/airflow/example_dags/example_branch_python_dop_operator_3.py
[2023-07-27T01:59:35.729+0000] {processor.py:826} INFO - Processing file /home/airflow/.local/lib/python3.7/site-packages/airflow/example_dags/example_branch_python_dop_operator_3.py for tasks to queue
[2023-07-27T01:59:35.730+0000] {logging_mixin.py:150} INFO - [2023-07-27T01:59:35.729+0000] {dagbag.py:541} INFO - Filling up the DagBag from /home/airflow/.local/lib/python3.7/site-packages/airflow/example_dags/example_branch_python_dop_operator_3.py
[2023-07-27T01:59:35.739+0000] {processor.py:836} INFO - DAG(s) dict_keys(['example_branch_dop_operator_v3']) retrieved from /home/airflow/.local/lib/python3.7/site-packages/airflow/example_dags/example_branch_python_dop_operator_3.py
[2023-07-27T01:59:35.764+0000] {logging_mixin.py:150} INFO - [2023-07-27T01:59:35.764+0000] {dag.py:2742} INFO - Sync 1 DAGs
[2023-07-27T01:59:35.798+0000] {logging_mixin.py:150} INFO - [2023-07-27T01:59:35.798+0000] {dag.py:3508} INFO - Setting next_dagrun for example_branch_dop_operator_v3 to 2023-07-27T01:58:00+00:00, run_after=2023-07-27T01:59:00+00:00
[2023-07-27T01:59:35.821+0000] {processor.py:179} INFO - Processing /home/airflow/.local/lib/python3.7/site-packages/airflow/example_dags/example_branch_python_dop_operator_3.py took 0.097 seconds
[2023-07-27T02:00:06.447+0000] {processor.py:157} INFO - Started process (PID=4846) to work on /home/airflow/.local/lib/python3.7/site-packages/airflow/example_dags/example_branch_python_dop_operator_3.py
[2023-07-27T02:00:06.448+0000] {processor.py:826} INFO - Processing file /home/airflow/.local/lib/python3.7/site-packages/airflow/example_dags/example_branch_python_dop_operator_3.py for tasks to queue
[2023-07-27T02:00:06.449+0000] {logging_mixin.py:150} INFO - [2023-07-27T02:00:06.449+0000] {dagbag.py:541} INFO - Filling up the DagBag from /home/airflow/.local/lib/python3.7/site-packages/airflow/example_dags/example_branch_python_dop_operator_3.py
[2023-07-27T02:00:06.458+0000] {processor.py:836} INFO - DAG(s) dict_keys(['example_branch_dop_operator_v3']) retrieved from /home/airflow/.local/lib/python3.7/site-packages/airflow/example_dags/example_branch_python_dop_operator_3.py
[2023-07-27T02:00:06.484+0000] {logging_mixin.py:150} INFO - [2023-07-27T02:00:06.483+0000] {dag.py:2742} INFO - Sync 1 DAGs
[2023-07-27T02:00:06.517+0000] {logging_mixin.py:150} INFO - [2023-07-27T02:00:06.517+0000] {dag.py:3508} INFO - Setting next_dagrun for example_branch_dop_operator_v3 to 2023-07-27T01:59:00+00:00, run_after=2023-07-27T02:00:00+00:00
[2023-07-27T02:00:06.540+0000] {processor.py:179} INFO - Processing /home/airflow/.local/lib/python3.7/site-packages/airflow/example_dags/example_branch_python_dop_operator_3.py took 0.097 seconds
[2023-07-27T02:00:37.302+0000] {processor.py:157} INFO - Started process (PID=4906) to work on /home/airflow/.local/lib/python3.7/site-packages/airflow/example_dags/example_branch_python_dop_operator_3.py
[2023-07-27T02:00:37.303+0000] {processor.py:826} INFO - Processing file /home/airflow/.local/lib/python3.7/site-packages/airflow/example_dags/example_branch_python_dop_operator_3.py for tasks to queue
[2023-07-27T02:00:37.304+0000] {logging_mixin.py:150} INFO - [2023-07-27T02:00:37.304+0000] {dagbag.py:541} INFO - Filling up the DagBag from /home/airflow/.local/lib/python3.7/site-packages/airflow/example_dags/example_branch_python_dop_operator_3.py
[2023-07-27T02:00:37.314+0000] {processor.py:836} INFO - DAG(s) dict_keys(['example_branch_dop_operator_v3']) retrieved from /home/airflow/.local/lib/python3.7/site-packages/airflow/example_dags/example_branch_python_dop_operator_3.py
[2023-07-27T02:00:37.339+0000] {logging_mixin.py:150} INFO - [2023-07-27T02:00:37.339+0000] {dag.py:2742} INFO - Sync 1 DAGs
[2023-07-27T02:00:37.373+0000] {logging_mixin.py:150} INFO - [2023-07-27T02:00:37.373+0000] {dag.py:3508} INFO - Setting next_dagrun for example_branch_dop_operator_v3 to 2023-07-27T01:59:00+00:00, run_after=2023-07-27T02:00:00+00:00
[2023-07-27T02:00:37.398+0000] {processor.py:179} INFO - Processing /home/airflow/.local/lib/python3.7/site-packages/airflow/example_dags/example_branch_python_dop_operator_3.py took 0.100 seconds
[2023-07-27T02:01:08.563+0000] {processor.py:157} INFO - Started process (PID=4966) to work on /home/airflow/.local/lib/python3.7/site-packages/airflow/example_dags/example_branch_python_dop_operator_3.py
[2023-07-27T02:01:08.565+0000] {processor.py:826} INFO - Processing file /home/airflow/.local/lib/python3.7/site-packages/airflow/example_dags/example_branch_python_dop_operator_3.py for tasks to queue
[2023-07-27T02:01:08.566+0000] {logging_mixin.py:150} INFO - [2023-07-27T02:01:08.565+0000] {dagbag.py:541} INFO - Filling up the DagBag from /home/airflow/.local/lib/python3.7/site-packages/airflow/example_dags/example_branch_python_dop_operator_3.py
[2023-07-27T02:01:08.575+0000] {processor.py:836} INFO - DAG(s) dict_keys(['example_branch_dop_operator_v3']) retrieved from /home/airflow/.local/lib/python3.7/site-packages/airflow/example_dags/example_branch_python_dop_operator_3.py
[2023-07-27T02:01:08.601+0000] {logging_mixin.py:150} INFO - [2023-07-27T02:01:08.601+0000] {dag.py:2742} INFO - Sync 1 DAGs
[2023-07-27T02:01:08.635+0000] {logging_mixin.py:150} INFO - [2023-07-27T02:01:08.634+0000] {dag.py:3508} INFO - Setting next_dagrun for example_branch_dop_operator_v3 to 2023-07-27T02:00:00+00:00, run_after=2023-07-27T02:01:00+00:00
[2023-07-27T02:01:08.659+0000] {processor.py:179} INFO - Processing /home/airflow/.local/lib/python3.7/site-packages/airflow/example_dags/example_branch_python_dop_operator_3.py took 0.099 seconds
[2023-07-27T02:01:39.983+0000] {processor.py:157} INFO - Started process (PID=5026) to work on /home/airflow/.local/lib/python3.7/site-packages/airflow/example_dags/example_branch_python_dop_operator_3.py
[2023-07-27T02:01:39.984+0000] {processor.py:826} INFO - Processing file /home/airflow/.local/lib/python3.7/site-packages/airflow/example_dags/example_branch_python_dop_operator_3.py for tasks to queue
[2023-07-27T02:01:39.985+0000] {logging_mixin.py:150} INFO - [2023-07-27T02:01:39.985+0000] {dagbag.py:541} INFO - Filling up the DagBag from /home/airflow/.local/lib/python3.7/site-packages/airflow/example_dags/example_branch_python_dop_operator_3.py
[2023-07-27T02:01:39.995+0000] {processor.py:836} INFO - DAG(s) dict_keys(['example_branch_dop_operator_v3']) retrieved from /home/airflow/.local/lib/python3.7/site-packages/airflow/example_dags/example_branch_python_dop_operator_3.py
[2023-07-27T02:01:40.023+0000] {logging_mixin.py:150} INFO - [2023-07-27T02:01:40.022+0000] {dag.py:2742} INFO - Sync 1 DAGs
[2023-07-27T02:01:40.057+0000] {logging_mixin.py:150} INFO - [2023-07-27T02:01:40.056+0000] {dag.py:3508} INFO - Setting next_dagrun for example_branch_dop_operator_v3 to 2023-07-27T02:00:00+00:00, run_after=2023-07-27T02:01:00+00:00
[2023-07-27T02:01:40.080+0000] {processor.py:179} INFO - Processing /home/airflow/.local/lib/python3.7/site-packages/airflow/example_dags/example_branch_python_dop_operator_3.py took 0.100 seconds
[2023-07-27T02:02:11.184+0000] {processor.py:157} INFO - Started process (PID=5086) to work on /home/airflow/.local/lib/python3.7/site-packages/airflow/example_dags/example_branch_python_dop_operator_3.py
[2023-07-27T02:02:11.185+0000] {processor.py:826} INFO - Processing file /home/airflow/.local/lib/python3.7/site-packages/airflow/example_dags/example_branch_python_dop_operator_3.py for tasks to queue
[2023-07-27T02:02:11.186+0000] {logging_mixin.py:150} INFO - [2023-07-27T02:02:11.186+0000] {dagbag.py:541} INFO - Filling up the DagBag from /home/airflow/.local/lib/python3.7/site-packages/airflow/example_dags/example_branch_python_dop_operator_3.py
[2023-07-27T02:02:11.195+0000] {processor.py:836} INFO - DAG(s) dict_keys(['example_branch_dop_operator_v3']) retrieved from /home/airflow/.local/lib/python3.7/site-packages/airflow/example_dags/example_branch_python_dop_operator_3.py
[2023-07-27T02:02:11.221+0000] {logging_mixin.py:150} INFO - [2023-07-27T02:02:11.221+0000] {dag.py:2742} INFO - Sync 1 DAGs
[2023-07-27T02:02:11.256+0000] {logging_mixin.py:150} INFO - [2023-07-27T02:02:11.255+0000] {dag.py:3508} INFO - Setting next_dagrun for example_branch_dop_operator_v3 to 2023-07-27T02:01:00+00:00, run_after=2023-07-27T02:02:00+00:00
[2023-07-27T02:02:11.285+0000] {processor.py:179} INFO - Processing /home/airflow/.local/lib/python3.7/site-packages/airflow/example_dags/example_branch_python_dop_operator_3.py took 0.105 seconds
[2023-07-27T02:02:42.286+0000] {processor.py:157} INFO - Started process (PID=5147) to work on /home/airflow/.local/lib/python3.7/site-packages/airflow/example_dags/example_branch_python_dop_operator_3.py
[2023-07-27T02:02:42.287+0000] {processor.py:826} INFO - Processing file /home/airflow/.local/lib/python3.7/site-packages/airflow/example_dags/example_branch_python_dop_operator_3.py for tasks to queue
[2023-07-27T02:02:42.288+0000] {logging_mixin.py:150} INFO - [2023-07-27T02:02:42.288+0000] {dagbag.py:541} INFO - Filling up the DagBag from /home/airflow/.local/lib/python3.7/site-packages/airflow/example_dags/example_branch_python_dop_operator_3.py
[2023-07-27T02:02:42.298+0000] {processor.py:836} INFO - DAG(s) dict_keys(['example_branch_dop_operator_v3']) retrieved from /home/airflow/.local/lib/python3.7/site-packages/airflow/example_dags/example_branch_python_dop_operator_3.py
[2023-07-27T02:02:42.329+0000] {logging_mixin.py:150} INFO - [2023-07-27T02:02:42.329+0000] {dag.py:2742} INFO - Sync 1 DAGs
[2023-07-27T02:02:42.365+0000] {logging_mixin.py:150} INFO - [2023-07-27T02:02:42.364+0000] {dag.py:3508} INFO - Setting next_dagrun for example_branch_dop_operator_v3 to 2023-07-27T02:01:00+00:00, run_after=2023-07-27T02:02:00+00:00
[2023-07-27T02:02:42.389+0000] {processor.py:179} INFO - Processing /home/airflow/.local/lib/python3.7/site-packages/airflow/example_dags/example_branch_python_dop_operator_3.py took 0.107 seconds
[2023-07-27T02:03:13.491+0000] {processor.py:157} INFO - Started process (PID=5207) to work on /home/airflow/.local/lib/python3.7/site-packages/airflow/example_dags/example_branch_python_dop_operator_3.py
[2023-07-27T02:03:13.492+0000] {processor.py:826} INFO - Processing file /home/airflow/.local/lib/python3.7/site-packages/airflow/example_dags/example_branch_python_dop_operator_3.py for tasks to queue
[2023-07-27T02:03:13.493+0000] {logging_mixin.py:150} INFO - [2023-07-27T02:03:13.493+0000] {dagbag.py:541} INFO - Filling up the DagBag from /home/airflow/.local/lib/python3.7/site-packages/airflow/example_dags/example_branch_python_dop_operator_3.py
[2023-07-27T02:03:13.502+0000] {processor.py:836} INFO - DAG(s) dict_keys(['example_branch_dop_operator_v3']) retrieved from /home/airflow/.local/lib/python3.7/site-packages/airflow/example_dags/example_branch_python_dop_operator_3.py
[2023-07-27T02:03:13.527+0000] {logging_mixin.py:150} INFO - [2023-07-27T02:03:13.527+0000] {dag.py:2742} INFO - Sync 1 DAGs
[2023-07-27T02:03:13.559+0000] {logging_mixin.py:150} INFO - [2023-07-27T02:03:13.559+0000] {dag.py:3508} INFO - Setting next_dagrun for example_branch_dop_operator_v3 to 2023-07-27T02:02:00+00:00, run_after=2023-07-27T02:03:00+00:00
[2023-07-27T02:03:13.582+0000] {processor.py:179} INFO - Processing /home/airflow/.local/lib/python3.7/site-packages/airflow/example_dags/example_branch_python_dop_operator_3.py took 0.095 seconds
[2023-07-27T02:03:44.877+0000] {processor.py:157} INFO - Started process (PID=5267) to work on /home/airflow/.local/lib/python3.7/site-packages/airflow/example_dags/example_branch_python_dop_operator_3.py
[2023-07-27T02:03:44.878+0000] {processor.py:826} INFO - Processing file /home/airflow/.local/lib/python3.7/site-packages/airflow/example_dags/example_branch_python_dop_operator_3.py for tasks to queue
[2023-07-27T02:03:44.880+0000] {logging_mixin.py:150} INFO - [2023-07-27T02:03:44.879+0000] {dagbag.py:541} INFO - Filling up the DagBag from /home/airflow/.local/lib/python3.7/site-packages/airflow/example_dags/example_branch_python_dop_operator_3.py
[2023-07-27T02:03:44.889+0000] {processor.py:836} INFO - DAG(s) dict_keys(['example_branch_dop_operator_v3']) retrieved from /home/airflow/.local/lib/python3.7/site-packages/airflow/example_dags/example_branch_python_dop_operator_3.py
[2023-07-27T02:03:44.915+0000] {logging_mixin.py:150} INFO - [2023-07-27T02:03:44.915+0000] {dag.py:2742} INFO - Sync 1 DAGs
[2023-07-27T02:03:44.949+0000] {logging_mixin.py:150} INFO - [2023-07-27T02:03:44.949+0000] {dag.py:3508} INFO - Setting next_dagrun for example_branch_dop_operator_v3 to 2023-07-27T02:02:00+00:00, run_after=2023-07-27T02:03:00+00:00
[2023-07-27T02:03:44.979+0000] {processor.py:179} INFO - Processing /home/airflow/.local/lib/python3.7/site-packages/airflow/example_dags/example_branch_python_dop_operator_3.py took 0.106 seconds
[2023-07-27T02:04:15.244+0000] {processor.py:157} INFO - Started process (PID=5327) to work on /home/airflow/.local/lib/python3.7/site-packages/airflow/example_dags/example_branch_python_dop_operator_3.py
[2023-07-27T02:04:15.245+0000] {processor.py:826} INFO - Processing file /home/airflow/.local/lib/python3.7/site-packages/airflow/example_dags/example_branch_python_dop_operator_3.py for tasks to queue
[2023-07-27T02:04:15.246+0000] {logging_mixin.py:150} INFO - [2023-07-27T02:04:15.246+0000] {dagbag.py:541} INFO - Filling up the DagBag from /home/airflow/.local/lib/python3.7/site-packages/airflow/example_dags/example_branch_python_dop_operator_3.py
[2023-07-27T02:04:15.255+0000] {processor.py:836} INFO - DAG(s) dict_keys(['example_branch_dop_operator_v3']) retrieved from /home/airflow/.local/lib/python3.7/site-packages/airflow/example_dags/example_branch_python_dop_operator_3.py
[2023-07-27T02:04:15.281+0000] {logging_mixin.py:150} INFO - [2023-07-27T02:04:15.280+0000] {dag.py:2742} INFO - Sync 1 DAGs
[2023-07-27T02:04:15.313+0000] {logging_mixin.py:150} INFO - [2023-07-27T02:04:15.313+0000] {dag.py:3508} INFO - Setting next_dagrun for example_branch_dop_operator_v3 to 2023-07-27T02:03:00+00:00, run_after=2023-07-27T02:04:00+00:00
[2023-07-27T02:04:15.335+0000] {processor.py:179} INFO - Processing /home/airflow/.local/lib/python3.7/site-packages/airflow/example_dags/example_branch_python_dop_operator_3.py took 0.094 seconds
[2023-07-27T02:04:46.756+0000] {processor.py:157} INFO - Started process (PID=5387) to work on /home/airflow/.local/lib/python3.7/site-packages/airflow/example_dags/example_branch_python_dop_operator_3.py
[2023-07-27T02:04:46.757+0000] {processor.py:826} INFO - Processing file /home/airflow/.local/lib/python3.7/site-packages/airflow/example_dags/example_branch_python_dop_operator_3.py for tasks to queue
[2023-07-27T02:04:46.758+0000] {logging_mixin.py:150} INFO - [2023-07-27T02:04:46.758+0000] {dagbag.py:541} INFO - Filling up the DagBag from /home/airflow/.local/lib/python3.7/site-packages/airflow/example_dags/example_branch_python_dop_operator_3.py
[2023-07-27T02:04:46.768+0000] {processor.py:836} INFO - DAG(s) dict_keys(['example_branch_dop_operator_v3']) retrieved from /home/airflow/.local/lib/python3.7/site-packages/airflow/example_dags/example_branch_python_dop_operator_3.py
[2023-07-27T02:04:46.795+0000] {logging_mixin.py:150} INFO - [2023-07-27T02:04:46.794+0000] {dag.py:2742} INFO - Sync 1 DAGs
[2023-07-27T02:04:46.827+0000] {logging_mixin.py:150} INFO - [2023-07-27T02:04:46.827+0000] {dag.py:3508} INFO - Setting next_dagrun for example_branch_dop_operator_v3 to 2023-07-27T02:03:00+00:00, run_after=2023-07-27T02:04:00+00:00
[2023-07-27T02:04:46.850+0000] {processor.py:179} INFO - Processing /home/airflow/.local/lib/python3.7/site-packages/airflow/example_dags/example_branch_python_dop_operator_3.py took 0.098 seconds
[2023-07-27T02:05:18.135+0000] {processor.py:157} INFO - Started process (PID=5447) to work on /home/airflow/.local/lib/python3.7/site-packages/airflow/example_dags/example_branch_python_dop_operator_3.py
[2023-07-27T02:05:18.136+0000] {processor.py:826} INFO - Processing file /home/airflow/.local/lib/python3.7/site-packages/airflow/example_dags/example_branch_python_dop_operator_3.py for tasks to queue
[2023-07-27T02:05:18.137+0000] {logging_mixin.py:150} INFO - [2023-07-27T02:05:18.137+0000] {dagbag.py:541} INFO - Filling up the DagBag from /home/airflow/.local/lib/python3.7/site-packages/airflow/example_dags/example_branch_python_dop_operator_3.py
[2023-07-27T02:05:18.146+0000] {processor.py:836} INFO - DAG(s) dict_keys(['example_branch_dop_operator_v3']) retrieved from /home/airflow/.local/lib/python3.7/site-packages/airflow/example_dags/example_branch_python_dop_operator_3.py
[2023-07-27T02:05:18.173+0000] {logging_mixin.py:150} INFO - [2023-07-27T02:05:18.173+0000] {dag.py:2742} INFO - Sync 1 DAGs
[2023-07-27T02:05:18.210+0000] {logging_mixin.py:150} INFO - [2023-07-27T02:05:18.210+0000] {dag.py:3508} INFO - Setting next_dagrun for example_branch_dop_operator_v3 to 2023-07-27T02:04:00+00:00, run_after=2023-07-27T02:05:00+00:00
[2023-07-27T02:05:18.234+0000] {processor.py:179} INFO - Processing /home/airflow/.local/lib/python3.7/site-packages/airflow/example_dags/example_branch_python_dop_operator_3.py took 0.103 seconds
[2023-07-27T02:05:48.673+0000] {processor.py:157} INFO - Started process (PID=5508) to work on /home/airflow/.local/lib/python3.7/site-packages/airflow/example_dags/example_branch_python_dop_operator_3.py
[2023-07-27T02:05:48.675+0000] {processor.py:826} INFO - Processing file /home/airflow/.local/lib/python3.7/site-packages/airflow/example_dags/example_branch_python_dop_operator_3.py for tasks to queue
[2023-07-27T02:05:48.676+0000] {logging_mixin.py:150} INFO - [2023-07-27T02:05:48.675+0000] {dagbag.py:541} INFO - Filling up the DagBag from /home/airflow/.local/lib/python3.7/site-packages/airflow/example_dags/example_branch_python_dop_operator_3.py
[2023-07-27T02:05:48.684+0000] {processor.py:836} INFO - DAG(s) dict_keys(['example_branch_dop_operator_v3']) retrieved from /home/airflow/.local/lib/python3.7/site-packages/airflow/example_dags/example_branch_python_dop_operator_3.py
[2023-07-27T02:05:48.710+0000] {logging_mixin.py:150} INFO - [2023-07-27T02:05:48.709+0000] {dag.py:2742} INFO - Sync 1 DAGs
[2023-07-27T02:05:48.740+0000] {logging_mixin.py:150} INFO - [2023-07-27T02:05:48.740+0000] {dag.py:3508} INFO - Setting next_dagrun for example_branch_dop_operator_v3 to 2023-07-27T02:04:00+00:00, run_after=2023-07-27T02:05:00+00:00
[2023-07-27T02:05:48.762+0000] {processor.py:179} INFO - Processing /home/airflow/.local/lib/python3.7/site-packages/airflow/example_dags/example_branch_python_dop_operator_3.py took 0.092 seconds
[2023-07-27T02:06:20.421+0000] {processor.py:157} INFO - Started process (PID=5574) to work on /home/airflow/.local/lib/python3.7/site-packages/airflow/example_dags/example_branch_python_dop_operator_3.py
[2023-07-27T02:06:20.422+0000] {processor.py:826} INFO - Processing file /home/airflow/.local/lib/python3.7/site-packages/airflow/example_dags/example_branch_python_dop_operator_3.py for tasks to queue
[2023-07-27T02:06:20.424+0000] {logging_mixin.py:150} INFO - [2023-07-27T02:06:20.423+0000] {dagbag.py:541} INFO - Filling up the DagBag from /home/airflow/.local/lib/python3.7/site-packages/airflow/example_dags/example_branch_python_dop_operator_3.py
[2023-07-27T02:06:20.433+0000] {processor.py:836} INFO - DAG(s) dict_keys(['example_branch_dop_operator_v3']) retrieved from /home/airflow/.local/lib/python3.7/site-packages/airflow/example_dags/example_branch_python_dop_operator_3.py
[2023-07-27T02:06:20.461+0000] {logging_mixin.py:150} INFO - [2023-07-27T02:06:20.461+0000] {dag.py:2742} INFO - Sync 1 DAGs
[2023-07-27T02:06:20.496+0000] {logging_mixin.py:150} INFO - [2023-07-27T02:06:20.496+0000] {dag.py:3508} INFO - Setting next_dagrun for example_branch_dop_operator_v3 to 2023-07-27T02:05:00+00:00, run_after=2023-07-27T02:06:00+00:00
[2023-07-27T02:06:20.628+0000] {processor.py:179} INFO - Processing /home/airflow/.local/lib/python3.7/site-packages/airflow/example_dags/example_branch_python_dop_operator_3.py took 0.210 seconds
[2023-07-27T02:06:51.053+0000] {processor.py:157} INFO - Started process (PID=5637) to work on /home/airflow/.local/lib/python3.7/site-packages/airflow/example_dags/example_branch_python_dop_operator_3.py
[2023-07-27T02:06:51.054+0000] {processor.py:826} INFO - Processing file /home/airflow/.local/lib/python3.7/site-packages/airflow/example_dags/example_branch_python_dop_operator_3.py for tasks to queue
[2023-07-27T02:06:51.055+0000] {logging_mixin.py:150} INFO - [2023-07-27T02:06:51.055+0000] {dagbag.py:541} INFO - Filling up the DagBag from /home/airflow/.local/lib/python3.7/site-packages/airflow/example_dags/example_branch_python_dop_operator_3.py
[2023-07-27T02:06:51.064+0000] {processor.py:836} INFO - DAG(s) dict_keys(['example_branch_dop_operator_v3']) retrieved from /home/airflow/.local/lib/python3.7/site-packages/airflow/example_dags/example_branch_python_dop_operator_3.py
[2023-07-27T02:06:51.088+0000] {logging_mixin.py:150} INFO - [2023-07-27T02:06:51.088+0000] {dag.py:2742} INFO - Sync 1 DAGs
[2023-07-27T02:06:51.120+0000] {logging_mixin.py:150} INFO - [2023-07-27T02:06:51.120+0000] {dag.py:3508} INFO - Setting next_dagrun for example_branch_dop_operator_v3 to 2023-07-27T02:05:00+00:00, run_after=2023-07-27T02:06:00+00:00
[2023-07-27T02:06:51.141+0000] {processor.py:179} INFO - Processing /home/airflow/.local/lib/python3.7/site-packages/airflow/example_dags/example_branch_python_dop_operator_3.py took 0.091 seconds
[2023-07-27T02:07:21.642+0000] {processor.py:157} INFO - Started process (PID=5695) to work on /home/airflow/.local/lib/python3.7/site-packages/airflow/example_dags/example_branch_python_dop_operator_3.py
[2023-07-27T02:07:21.644+0000] {processor.py:826} INFO - Processing file /home/airflow/.local/lib/python3.7/site-packages/airflow/example_dags/example_branch_python_dop_operator_3.py for tasks to queue
[2023-07-27T02:07:21.645+0000] {logging_mixin.py:150} INFO - [2023-07-27T02:07:21.645+0000] {dagbag.py:541} INFO - Filling up the DagBag from /home/airflow/.local/lib/python3.7/site-packages/airflow/example_dags/example_branch_python_dop_operator_3.py
[2023-07-27T02:07:21.657+0000] {processor.py:836} INFO - DAG(s) dict_keys(['example_branch_dop_operator_v3']) retrieved from /home/airflow/.local/lib/python3.7/site-packages/airflow/example_dags/example_branch_python_dop_operator_3.py
[2023-07-27T02:07:21.689+0000] {logging_mixin.py:150} INFO - [2023-07-27T02:07:21.688+0000] {dag.py:2742} INFO - Sync 1 DAGs
[2023-07-27T02:07:21.725+0000] {logging_mixin.py:150} INFO - [2023-07-27T02:07:21.724+0000] {dag.py:3508} INFO - Setting next_dagrun for example_branch_dop_operator_v3 to 2023-07-27T02:06:00+00:00, run_after=2023-07-27T02:07:00+00:00
[2023-07-27T02:07:21.750+0000] {processor.py:179} INFO - Processing /home/airflow/.local/lib/python3.7/site-packages/airflow/example_dags/example_branch_python_dop_operator_3.py took 0.111 seconds
[2023-07-27T02:07:53.310+0000] {processor.py:157} INFO - Started process (PID=5754) to work on /home/airflow/.local/lib/python3.7/site-packages/airflow/example_dags/example_branch_python_dop_operator_3.py
[2023-07-27T02:07:53.312+0000] {processor.py:826} INFO - Processing file /home/airflow/.local/lib/python3.7/site-packages/airflow/example_dags/example_branch_python_dop_operator_3.py for tasks to queue
[2023-07-27T02:07:53.313+0000] {logging_mixin.py:150} INFO - [2023-07-27T02:07:53.313+0000] {dagbag.py:541} INFO - Filling up the DagBag from /home/airflow/.local/lib/python3.7/site-packages/airflow/example_dags/example_branch_python_dop_operator_3.py
[2023-07-27T02:07:53.323+0000] {processor.py:836} INFO - DAG(s) dict_keys(['example_branch_dop_operator_v3']) retrieved from /home/airflow/.local/lib/python3.7/site-packages/airflow/example_dags/example_branch_python_dop_operator_3.py
[2023-07-27T02:07:53.374+0000] {logging_mixin.py:150} INFO - [2023-07-27T02:07:53.373+0000] {dag.py:2742} INFO - Sync 1 DAGs
[2023-07-27T02:07:53.437+0000] {logging_mixin.py:150} INFO - [2023-07-27T02:07:53.437+0000] {dag.py:3508} INFO - Setting next_dagrun for example_branch_dop_operator_v3 to 2023-07-27T02:06:00+00:00, run_after=2023-07-27T02:07:00+00:00
[2023-07-27T02:07:53.469+0000] {processor.py:179} INFO - Processing /home/airflow/.local/lib/python3.7/site-packages/airflow/example_dags/example_branch_python_dop_operator_3.py took 0.163 seconds
[2023-07-27T02:08:24.933+0000] {processor.py:157} INFO - Started process (PID=5815) to work on /home/airflow/.local/lib/python3.7/site-packages/airflow/example_dags/example_branch_python_dop_operator_3.py
[2023-07-27T02:08:24.935+0000] {processor.py:826} INFO - Processing file /home/airflow/.local/lib/python3.7/site-packages/airflow/example_dags/example_branch_python_dop_operator_3.py for tasks to queue
[2023-07-27T02:08:24.936+0000] {logging_mixin.py:150} INFO - [2023-07-27T02:08:24.936+0000] {dagbag.py:541} INFO - Filling up the DagBag from /home/airflow/.local/lib/python3.7/site-packages/airflow/example_dags/example_branch_python_dop_operator_3.py
[2023-07-27T02:08:24.948+0000] {processor.py:836} INFO - DAG(s) dict_keys(['example_branch_dop_operator_v3']) retrieved from /home/airflow/.local/lib/python3.7/site-packages/airflow/example_dags/example_branch_python_dop_operator_3.py
[2023-07-27T02:08:24.979+0000] {logging_mixin.py:150} INFO - [2023-07-27T02:08:24.978+0000] {dag.py:2742} INFO - Sync 1 DAGs
[2023-07-27T02:08:25.021+0000] {logging_mixin.py:150} INFO - [2023-07-27T02:08:25.021+0000] {dag.py:3508} INFO - Setting next_dagrun for example_branch_dop_operator_v3 to 2023-07-27T02:07:00+00:00, run_after=2023-07-27T02:08:00+00:00
[2023-07-27T02:08:25.049+0000] {processor.py:179} INFO - Processing /home/airflow/.local/lib/python3.7/site-packages/airflow/example_dags/example_branch_python_dop_operator_3.py took 0.119 seconds
[2023-07-27T02:08:55.840+0000] {processor.py:157} INFO - Started process (PID=5875) to work on /home/airflow/.local/lib/python3.7/site-packages/airflow/example_dags/example_branch_python_dop_operator_3.py
[2023-07-27T02:08:55.841+0000] {processor.py:826} INFO - Processing file /home/airflow/.local/lib/python3.7/site-packages/airflow/example_dags/example_branch_python_dop_operator_3.py for tasks to queue
[2023-07-27T02:08:55.842+0000] {logging_mixin.py:150} INFO - [2023-07-27T02:08:55.842+0000] {dagbag.py:541} INFO - Filling up the DagBag from /home/airflow/.local/lib/python3.7/site-packages/airflow/example_dags/example_branch_python_dop_operator_3.py
[2023-07-27T02:08:55.852+0000] {processor.py:836} INFO - DAG(s) dict_keys(['example_branch_dop_operator_v3']) retrieved from /home/airflow/.local/lib/python3.7/site-packages/airflow/example_dags/example_branch_python_dop_operator_3.py
[2023-07-27T02:08:55.879+0000] {logging_mixin.py:150} INFO - [2023-07-27T02:08:55.879+0000] {dag.py:2742} INFO - Sync 1 DAGs
[2023-07-27T02:08:55.913+0000] {logging_mixin.py:150} INFO - [2023-07-27T02:08:55.913+0000] {dag.py:3508} INFO - Setting next_dagrun for example_branch_dop_operator_v3 to 2023-07-27T02:07:00+00:00, run_after=2023-07-27T02:08:00+00:00
[2023-07-27T02:08:55.946+0000] {processor.py:179} INFO - Processing /home/airflow/.local/lib/python3.7/site-packages/airflow/example_dags/example_branch_python_dop_operator_3.py took 0.111 seconds
[2023-07-27T02:09:26.826+0000] {processor.py:157} INFO - Started process (PID=5935) to work on /home/airflow/.local/lib/python3.7/site-packages/airflow/example_dags/example_branch_python_dop_operator_3.py
[2023-07-27T02:09:26.827+0000] {processor.py:826} INFO - Processing file /home/airflow/.local/lib/python3.7/site-packages/airflow/example_dags/example_branch_python_dop_operator_3.py for tasks to queue
[2023-07-27T02:09:26.829+0000] {logging_mixin.py:150} INFO - [2023-07-27T02:09:26.828+0000] {dagbag.py:541} INFO - Filling up the DagBag from /home/airflow/.local/lib/python3.7/site-packages/airflow/example_dags/example_branch_python_dop_operator_3.py
[2023-07-27T02:09:26.839+0000] {processor.py:836} INFO - DAG(s) dict_keys(['example_branch_dop_operator_v3']) retrieved from /home/airflow/.local/lib/python3.7/site-packages/airflow/example_dags/example_branch_python_dop_operator_3.py
[2023-07-27T02:09:26.869+0000] {logging_mixin.py:150} INFO - [2023-07-27T02:09:26.868+0000] {dag.py:2742} INFO - Sync 1 DAGs
[2023-07-27T02:09:27.023+0000] {logging_mixin.py:150} INFO - [2023-07-27T02:09:27.023+0000] {dag.py:3508} INFO - Setting next_dagrun for example_branch_dop_operator_v3 to 2023-07-27T02:08:00+00:00, run_after=2023-07-27T02:09:00+00:00
[2023-07-27T02:09:27.049+0000] {processor.py:179} INFO - Processing /home/airflow/.local/lib/python3.7/site-packages/airflow/example_dags/example_branch_python_dop_operator_3.py took 0.228 seconds
[2023-07-27T02:09:58.055+0000] {processor.py:157} INFO - Started process (PID=5995) to work on /home/airflow/.local/lib/python3.7/site-packages/airflow/example_dags/example_branch_python_dop_operator_3.py
[2023-07-27T02:09:58.056+0000] {processor.py:826} INFO - Processing file /home/airflow/.local/lib/python3.7/site-packages/airflow/example_dags/example_branch_python_dop_operator_3.py for tasks to queue
[2023-07-27T02:09:58.058+0000] {logging_mixin.py:150} INFO - [2023-07-27T02:09:58.057+0000] {dagbag.py:541} INFO - Filling up the DagBag from /home/airflow/.local/lib/python3.7/site-packages/airflow/example_dags/example_branch_python_dop_operator_3.py
[2023-07-27T02:09:58.066+0000] {processor.py:836} INFO - DAG(s) dict_keys(['example_branch_dop_operator_v3']) retrieved from /home/airflow/.local/lib/python3.7/site-packages/airflow/example_dags/example_branch_python_dop_operator_3.py
[2023-07-27T02:09:58.092+0000] {logging_mixin.py:150} INFO - [2023-07-27T02:09:58.092+0000] {dag.py:2742} INFO - Sync 1 DAGs
[2023-07-27T02:09:58.125+0000] {logging_mixin.py:150} INFO - [2023-07-27T02:09:58.125+0000] {dag.py:3508} INFO - Setting next_dagrun for example_branch_dop_operator_v3 to 2023-07-27T02:08:00+00:00, run_after=2023-07-27T02:09:00+00:00
[2023-07-27T02:09:58.252+0000] {processor.py:179} INFO - Processing /home/airflow/.local/lib/python3.7/site-packages/airflow/example_dags/example_branch_python_dop_operator_3.py took 0.201 seconds
[2023-07-27T02:10:29.167+0000] {processor.py:157} INFO - Started process (PID=6055) to work on /home/airflow/.local/lib/python3.7/site-packages/airflow/example_dags/example_branch_python_dop_operator_3.py
[2023-07-27T02:10:29.168+0000] {processor.py:826} INFO - Processing file /home/airflow/.local/lib/python3.7/site-packages/airflow/example_dags/example_branch_python_dop_operator_3.py for tasks to queue
[2023-07-27T02:10:29.169+0000] {logging_mixin.py:150} INFO - [2023-07-27T02:10:29.169+0000] {dagbag.py:541} INFO - Filling up the DagBag from /home/airflow/.local/lib/python3.7/site-packages/airflow/example_dags/example_branch_python_dop_operator_3.py
[2023-07-27T02:10:29.178+0000] {processor.py:836} INFO - DAG(s) dict_keys(['example_branch_dop_operator_v3']) retrieved from /home/airflow/.local/lib/python3.7/site-packages/airflow/example_dags/example_branch_python_dop_operator_3.py
[2023-07-27T02:10:29.206+0000] {logging_mixin.py:150} INFO - [2023-07-27T02:10:29.206+0000] {dag.py:2742} INFO - Sync 1 DAGs
[2023-07-27T02:10:29.241+0000] {logging_mixin.py:150} INFO - [2023-07-27T02:10:29.241+0000] {dag.py:3508} INFO - Setting next_dagrun for example_branch_dop_operator_v3 to 2023-07-27T02:09:00+00:00, run_after=2023-07-27T02:10:00+00:00
[2023-07-27T02:10:29.270+0000] {processor.py:179} INFO - Processing /home/airflow/.local/lib/python3.7/site-packages/airflow/example_dags/example_branch_python_dop_operator_3.py took 0.107 seconds
