[2023-07-27T01:39:09.951+0000] {processor.py:157} INFO - Started process (PID=2375) to work on /home/airflow/.local/lib/python3.7/site-packages/airflow/example_dags/example_params_trigger_ui.py
[2023-07-27T01:39:09.953+0000] {processor.py:826} INFO - Processing file /home/airflow/.local/lib/python3.7/site-packages/airflow/example_dags/example_params_trigger_ui.py for tasks to queue
[2023-07-27T01:39:09.954+0000] {logging_mixin.py:150} INFO - [2023-07-27T01:39:09.954+0000] {dagbag.py:541} INFO - Filling up the DagBag from /home/airflow/.local/lib/python3.7/site-packages/airflow/example_dags/example_params_trigger_ui.py
[2023-07-27T01:39:09.989+0000] {processor.py:836} INFO - DAG(s) dict_keys(['example_params_trigger_ui']) retrieved from /home/airflow/.local/lib/python3.7/site-packages/airflow/example_dags/example_params_trigger_ui.py
[2023-07-27T01:39:10.175+0000] {logging_mixin.py:150} INFO - [2023-07-27T01:39:10.175+0000] {dag.py:2742} INFO - Sync 1 DAGs
[2023-07-27T01:39:10.217+0000] {logging_mixin.py:150} INFO - [2023-07-27T01:39:10.217+0000] {dag.py:3508} INFO - Setting next_dagrun for example_params_trigger_ui to None, run_after=None
[2023-07-27T01:39:10.248+0000] {processor.py:179} INFO - Processing /home/airflow/.local/lib/python3.7/site-packages/airflow/example_dags/example_params_trigger_ui.py took 0.302 seconds
[2023-07-27T01:39:41.076+0000] {processor.py:157} INFO - Started process (PID=2435) to work on /home/airflow/.local/lib/python3.7/site-packages/airflow/example_dags/example_params_trigger_ui.py
[2023-07-27T01:39:41.077+0000] {processor.py:826} INFO - Processing file /home/airflow/.local/lib/python3.7/site-packages/airflow/example_dags/example_params_trigger_ui.py for tasks to queue
[2023-07-27T01:39:41.078+0000] {logging_mixin.py:150} INFO - [2023-07-27T01:39:41.078+0000] {dagbag.py:541} INFO - Filling up the DagBag from /home/airflow/.local/lib/python3.7/site-packages/airflow/example_dags/example_params_trigger_ui.py
[2023-07-27T01:39:41.102+0000] {processor.py:836} INFO - DAG(s) dict_keys(['example_params_trigger_ui']) retrieved from /home/airflow/.local/lib/python3.7/site-packages/airflow/example_dags/example_params_trigger_ui.py
[2023-07-27T01:39:41.208+0000] {logging_mixin.py:150} INFO - [2023-07-27T01:39:41.208+0000] {dag.py:2742} INFO - Sync 1 DAGs
[2023-07-27T01:39:41.242+0000] {logging_mixin.py:150} INFO - [2023-07-27T01:39:41.242+0000] {dag.py:3508} INFO - Setting next_dagrun for example_params_trigger_ui to None, run_after=None
[2023-07-27T01:39:41.266+0000] {processor.py:179} INFO - Processing /home/airflow/.local/lib/python3.7/site-packages/airflow/example_dags/example_params_trigger_ui.py took 0.193 seconds
[2023-07-27T01:40:12.054+0000] {processor.py:157} INFO - Started process (PID=2495) to work on /home/airflow/.local/lib/python3.7/site-packages/airflow/example_dags/example_params_trigger_ui.py
[2023-07-27T01:40:12.055+0000] {processor.py:826} INFO - Processing file /home/airflow/.local/lib/python3.7/site-packages/airflow/example_dags/example_params_trigger_ui.py for tasks to queue
[2023-07-27T01:40:12.056+0000] {logging_mixin.py:150} INFO - [2023-07-27T01:40:12.056+0000] {dagbag.py:541} INFO - Filling up the DagBag from /home/airflow/.local/lib/python3.7/site-packages/airflow/example_dags/example_params_trigger_ui.py
[2023-07-27T01:40:12.079+0000] {processor.py:836} INFO - DAG(s) dict_keys(['example_params_trigger_ui']) retrieved from /home/airflow/.local/lib/python3.7/site-packages/airflow/example_dags/example_params_trigger_ui.py
[2023-07-27T01:40:12.175+0000] {logging_mixin.py:150} INFO - [2023-07-27T01:40:12.175+0000] {dag.py:2742} INFO - Sync 1 DAGs
[2023-07-27T01:40:12.204+0000] {logging_mixin.py:150} INFO - [2023-07-27T01:40:12.204+0000] {dag.py:3508} INFO - Setting next_dagrun for example_params_trigger_ui to None, run_after=None
[2023-07-27T01:40:12.228+0000] {processor.py:179} INFO - Processing /home/airflow/.local/lib/python3.7/site-packages/airflow/example_dags/example_params_trigger_ui.py took 0.178 seconds
[2023-07-27T01:40:42.315+0000] {processor.py:157} INFO - Started process (PID=2557) to work on /home/airflow/.local/lib/python3.7/site-packages/airflow/example_dags/example_params_trigger_ui.py
[2023-07-27T01:40:42.316+0000] {processor.py:826} INFO - Processing file /home/airflow/.local/lib/python3.7/site-packages/airflow/example_dags/example_params_trigger_ui.py for tasks to queue
[2023-07-27T01:40:42.317+0000] {logging_mixin.py:150} INFO - [2023-07-27T01:40:42.317+0000] {dagbag.py:541} INFO - Filling up the DagBag from /home/airflow/.local/lib/python3.7/site-packages/airflow/example_dags/example_params_trigger_ui.py
[2023-07-27T01:40:42.341+0000] {processor.py:836} INFO - DAG(s) dict_keys(['example_params_trigger_ui']) retrieved from /home/airflow/.local/lib/python3.7/site-packages/airflow/example_dags/example_params_trigger_ui.py
[2023-07-27T01:40:42.438+0000] {logging_mixin.py:150} INFO - [2023-07-27T01:40:42.438+0000] {dag.py:2742} INFO - Sync 1 DAGs
[2023-07-27T01:40:42.467+0000] {logging_mixin.py:150} INFO - [2023-07-27T01:40:42.467+0000] {dag.py:3508} INFO - Setting next_dagrun for example_params_trigger_ui to None, run_after=None
[2023-07-27T01:40:42.492+0000] {processor.py:179} INFO - Processing /home/airflow/.local/lib/python3.7/site-packages/airflow/example_dags/example_params_trigger_ui.py took 0.181 seconds
[2023-07-27T01:41:13.244+0000] {processor.py:157} INFO - Started process (PID=2616) to work on /home/airflow/.local/lib/python3.7/site-packages/airflow/example_dags/example_params_trigger_ui.py
[2023-07-27T01:41:13.245+0000] {processor.py:826} INFO - Processing file /home/airflow/.local/lib/python3.7/site-packages/airflow/example_dags/example_params_trigger_ui.py for tasks to queue
[2023-07-27T01:41:13.246+0000] {logging_mixin.py:150} INFO - [2023-07-27T01:41:13.246+0000] {dagbag.py:541} INFO - Filling up the DagBag from /home/airflow/.local/lib/python3.7/site-packages/airflow/example_dags/example_params_trigger_ui.py
[2023-07-27T01:41:13.269+0000] {processor.py:836} INFO - DAG(s) dict_keys(['example_params_trigger_ui']) retrieved from /home/airflow/.local/lib/python3.7/site-packages/airflow/example_dags/example_params_trigger_ui.py
[2023-07-27T01:41:13.364+0000] {logging_mixin.py:150} INFO - [2023-07-27T01:41:13.364+0000] {dag.py:2742} INFO - Sync 1 DAGs
[2023-07-27T01:41:13.394+0000] {logging_mixin.py:150} INFO - [2023-07-27T01:41:13.394+0000] {dag.py:3508} INFO - Setting next_dagrun for example_params_trigger_ui to None, run_after=None
[2023-07-27T01:41:13.423+0000] {processor.py:179} INFO - Processing /home/airflow/.local/lib/python3.7/site-packages/airflow/example_dags/example_params_trigger_ui.py took 0.182 seconds
[2023-07-27T01:41:43.714+0000] {processor.py:157} INFO - Started process (PID=2683) to work on /home/airflow/.local/lib/python3.7/site-packages/airflow/example_dags/example_params_trigger_ui.py
[2023-07-27T01:41:43.716+0000] {processor.py:826} INFO - Processing file /home/airflow/.local/lib/python3.7/site-packages/airflow/example_dags/example_params_trigger_ui.py for tasks to queue
[2023-07-27T01:41:43.717+0000] {logging_mixin.py:150} INFO - [2023-07-27T01:41:43.716+0000] {dagbag.py:541} INFO - Filling up the DagBag from /home/airflow/.local/lib/python3.7/site-packages/airflow/example_dags/example_params_trigger_ui.py
[2023-07-27T01:41:43.739+0000] {processor.py:836} INFO - DAG(s) dict_keys(['example_params_trigger_ui']) retrieved from /home/airflow/.local/lib/python3.7/site-packages/airflow/example_dags/example_params_trigger_ui.py
[2023-07-27T01:41:43.836+0000] {logging_mixin.py:150} INFO - [2023-07-27T01:41:43.836+0000] {dag.py:2742} INFO - Sync 1 DAGs
[2023-07-27T01:41:43.865+0000] {logging_mixin.py:150} INFO - [2023-07-27T01:41:43.864+0000] {dag.py:3508} INFO - Setting next_dagrun for example_params_trigger_ui to None, run_after=None
[2023-07-27T01:41:43.892+0000] {processor.py:179} INFO - Processing /home/airflow/.local/lib/python3.7/site-packages/airflow/example_dags/example_params_trigger_ui.py took 0.181 seconds
[2023-07-27T01:42:14.383+0000] {processor.py:157} INFO - Started process (PID=2744) to work on /home/airflow/.local/lib/python3.7/site-packages/airflow/example_dags/example_params_trigger_ui.py
[2023-07-27T01:42:14.384+0000] {processor.py:826} INFO - Processing file /home/airflow/.local/lib/python3.7/site-packages/airflow/example_dags/example_params_trigger_ui.py for tasks to queue
[2023-07-27T01:42:14.385+0000] {logging_mixin.py:150} INFO - [2023-07-27T01:42:14.385+0000] {dagbag.py:541} INFO - Filling up the DagBag from /home/airflow/.local/lib/python3.7/site-packages/airflow/example_dags/example_params_trigger_ui.py
[2023-07-27T01:42:14.410+0000] {processor.py:836} INFO - DAG(s) dict_keys(['example_params_trigger_ui']) retrieved from /home/airflow/.local/lib/python3.7/site-packages/airflow/example_dags/example_params_trigger_ui.py
[2023-07-27T01:42:14.510+0000] {logging_mixin.py:150} INFO - [2023-07-27T01:42:14.510+0000] {dag.py:2742} INFO - Sync 1 DAGs
[2023-07-27T01:42:14.542+0000] {logging_mixin.py:150} INFO - [2023-07-27T01:42:14.542+0000] {dag.py:3508} INFO - Setting next_dagrun for example_params_trigger_ui to None, run_after=None
[2023-07-27T01:42:14.563+0000] {processor.py:179} INFO - Processing /home/airflow/.local/lib/python3.7/site-packages/airflow/example_dags/example_params_trigger_ui.py took 0.184 seconds
[2023-07-27T01:42:45.298+0000] {processor.py:157} INFO - Started process (PID=2805) to work on /home/airflow/.local/lib/python3.7/site-packages/airflow/example_dags/example_params_trigger_ui.py
[2023-07-27T01:42:45.299+0000] {processor.py:826} INFO - Processing file /home/airflow/.local/lib/python3.7/site-packages/airflow/example_dags/example_params_trigger_ui.py for tasks to queue
[2023-07-27T01:42:45.300+0000] {logging_mixin.py:150} INFO - [2023-07-27T01:42:45.300+0000] {dagbag.py:541} INFO - Filling up the DagBag from /home/airflow/.local/lib/python3.7/site-packages/airflow/example_dags/example_params_trigger_ui.py
[2023-07-27T01:42:45.323+0000] {processor.py:836} INFO - DAG(s) dict_keys(['example_params_trigger_ui']) retrieved from /home/airflow/.local/lib/python3.7/site-packages/airflow/example_dags/example_params_trigger_ui.py
[2023-07-27T01:42:45.418+0000] {logging_mixin.py:150} INFO - [2023-07-27T01:42:45.418+0000] {dag.py:2742} INFO - Sync 1 DAGs
[2023-07-27T01:42:45.449+0000] {logging_mixin.py:150} INFO - [2023-07-27T01:42:45.449+0000] {dag.py:3508} INFO - Setting next_dagrun for example_params_trigger_ui to None, run_after=None
[2023-07-27T01:42:45.476+0000] {processor.py:179} INFO - Processing /home/airflow/.local/lib/python3.7/site-packages/airflow/example_dags/example_params_trigger_ui.py took 0.182 seconds
[2023-07-27T01:43:15.710+0000] {processor.py:157} INFO - Started process (PID=2865) to work on /home/airflow/.local/lib/python3.7/site-packages/airflow/example_dags/example_params_trigger_ui.py
[2023-07-27T01:43:15.711+0000] {processor.py:826} INFO - Processing file /home/airflow/.local/lib/python3.7/site-packages/airflow/example_dags/example_params_trigger_ui.py for tasks to queue
[2023-07-27T01:43:15.712+0000] {logging_mixin.py:150} INFO - [2023-07-27T01:43:15.712+0000] {dagbag.py:541} INFO - Filling up the DagBag from /home/airflow/.local/lib/python3.7/site-packages/airflow/example_dags/example_params_trigger_ui.py
[2023-07-27T01:43:15.736+0000] {processor.py:836} INFO - DAG(s) dict_keys(['example_params_trigger_ui']) retrieved from /home/airflow/.local/lib/python3.7/site-packages/airflow/example_dags/example_params_trigger_ui.py
[2023-07-27T01:43:15.832+0000] {logging_mixin.py:150} INFO - [2023-07-27T01:43:15.832+0000] {dag.py:2742} INFO - Sync 1 DAGs
[2023-07-27T01:43:15.862+0000] {logging_mixin.py:150} INFO - [2023-07-27T01:43:15.862+0000] {dag.py:3508} INFO - Setting next_dagrun for example_params_trigger_ui to None, run_after=None
[2023-07-27T01:43:15.889+0000] {processor.py:179} INFO - Processing /home/airflow/.local/lib/python3.7/site-packages/airflow/example_dags/example_params_trigger_ui.py took 0.183 seconds
[2023-07-27T01:43:45.979+0000] {processor.py:157} INFO - Started process (PID=2925) to work on /home/airflow/.local/lib/python3.7/site-packages/airflow/example_dags/example_params_trigger_ui.py
[2023-07-27T01:43:45.980+0000] {processor.py:826} INFO - Processing file /home/airflow/.local/lib/python3.7/site-packages/airflow/example_dags/example_params_trigger_ui.py for tasks to queue
[2023-07-27T01:43:45.981+0000] {logging_mixin.py:150} INFO - [2023-07-27T01:43:45.981+0000] {dagbag.py:541} INFO - Filling up the DagBag from /home/airflow/.local/lib/python3.7/site-packages/airflow/example_dags/example_params_trigger_ui.py
[2023-07-27T01:43:46.004+0000] {processor.py:836} INFO - DAG(s) dict_keys(['example_params_trigger_ui']) retrieved from /home/airflow/.local/lib/python3.7/site-packages/airflow/example_dags/example_params_trigger_ui.py
[2023-07-27T01:43:46.097+0000] {logging_mixin.py:150} INFO - [2023-07-27T01:43:46.097+0000] {dag.py:2742} INFO - Sync 1 DAGs
[2023-07-27T01:43:46.127+0000] {logging_mixin.py:150} INFO - [2023-07-27T01:43:46.127+0000] {dag.py:3508} INFO - Setting next_dagrun for example_params_trigger_ui to None, run_after=None
[2023-07-27T01:43:46.158+0000] {processor.py:179} INFO - Processing /home/airflow/.local/lib/python3.7/site-packages/airflow/example_dags/example_params_trigger_ui.py took 0.183 seconds
[2023-07-27T01:44:16.930+0000] {processor.py:157} INFO - Started process (PID=2985) to work on /home/airflow/.local/lib/python3.7/site-packages/airflow/example_dags/example_params_trigger_ui.py
[2023-07-27T01:44:16.931+0000] {processor.py:826} INFO - Processing file /home/airflow/.local/lib/python3.7/site-packages/airflow/example_dags/example_params_trigger_ui.py for tasks to queue
[2023-07-27T01:44:16.932+0000] {logging_mixin.py:150} INFO - [2023-07-27T01:44:16.932+0000] {dagbag.py:541} INFO - Filling up the DagBag from /home/airflow/.local/lib/python3.7/site-packages/airflow/example_dags/example_params_trigger_ui.py
[2023-07-27T01:44:16.959+0000] {processor.py:836} INFO - DAG(s) dict_keys(['example_params_trigger_ui']) retrieved from /home/airflow/.local/lib/python3.7/site-packages/airflow/example_dags/example_params_trigger_ui.py
[2023-07-27T01:44:17.055+0000] {logging_mixin.py:150} INFO - [2023-07-27T01:44:17.055+0000] {dag.py:2742} INFO - Sync 1 DAGs
[2023-07-27T01:44:17.085+0000] {logging_mixin.py:150} INFO - [2023-07-27T01:44:17.085+0000] {dag.py:3508} INFO - Setting next_dagrun for example_params_trigger_ui to None, run_after=None
[2023-07-27T01:44:17.112+0000] {processor.py:179} INFO - Processing /home/airflow/.local/lib/python3.7/site-packages/airflow/example_dags/example_params_trigger_ui.py took 0.186 seconds
[2023-07-27T01:44:47.419+0000] {processor.py:157} INFO - Started process (PID=3045) to work on /home/airflow/.local/lib/python3.7/site-packages/airflow/example_dags/example_params_trigger_ui.py
[2023-07-27T01:44:47.420+0000] {processor.py:826} INFO - Processing file /home/airflow/.local/lib/python3.7/site-packages/airflow/example_dags/example_params_trigger_ui.py for tasks to queue
[2023-07-27T01:44:47.421+0000] {logging_mixin.py:150} INFO - [2023-07-27T01:44:47.421+0000] {dagbag.py:541} INFO - Filling up the DagBag from /home/airflow/.local/lib/python3.7/site-packages/airflow/example_dags/example_params_trigger_ui.py
[2023-07-27T01:44:47.445+0000] {processor.py:836} INFO - DAG(s) dict_keys(['example_params_trigger_ui']) retrieved from /home/airflow/.local/lib/python3.7/site-packages/airflow/example_dags/example_params_trigger_ui.py
[2023-07-27T01:44:47.538+0000] {logging_mixin.py:150} INFO - [2023-07-27T01:44:47.538+0000] {dag.py:2742} INFO - Sync 1 DAGs
[2023-07-27T01:44:47.566+0000] {logging_mixin.py:150} INFO - [2023-07-27T01:44:47.566+0000] {dag.py:3508} INFO - Setting next_dagrun for example_params_trigger_ui to None, run_after=None
[2023-07-27T01:44:47.595+0000] {processor.py:179} INFO - Processing /home/airflow/.local/lib/python3.7/site-packages/airflow/example_dags/example_params_trigger_ui.py took 0.180 seconds
[2023-07-27T01:45:17.726+0000] {processor.py:157} INFO - Started process (PID=3106) to work on /home/airflow/.local/lib/python3.7/site-packages/airflow/example_dags/example_params_trigger_ui.py
[2023-07-27T01:45:17.727+0000] {processor.py:826} INFO - Processing file /home/airflow/.local/lib/python3.7/site-packages/airflow/example_dags/example_params_trigger_ui.py for tasks to queue
[2023-07-27T01:45:17.728+0000] {logging_mixin.py:150} INFO - [2023-07-27T01:45:17.728+0000] {dagbag.py:541} INFO - Filling up the DagBag from /home/airflow/.local/lib/python3.7/site-packages/airflow/example_dags/example_params_trigger_ui.py
[2023-07-27T01:45:17.751+0000] {processor.py:836} INFO - DAG(s) dict_keys(['example_params_trigger_ui']) retrieved from /home/airflow/.local/lib/python3.7/site-packages/airflow/example_dags/example_params_trigger_ui.py
[2023-07-27T01:45:17.846+0000] {logging_mixin.py:150} INFO - [2023-07-27T01:45:17.846+0000] {dag.py:2742} INFO - Sync 1 DAGs
[2023-07-27T01:45:17.876+0000] {logging_mixin.py:150} INFO - [2023-07-27T01:45:17.875+0000] {dag.py:3508} INFO - Setting next_dagrun for example_params_trigger_ui to None, run_after=None
[2023-07-27T01:45:17.903+0000] {processor.py:179} INFO - Processing /home/airflow/.local/lib/python3.7/site-packages/airflow/example_dags/example_params_trigger_ui.py took 0.181 seconds
[2023-07-27T01:45:48.647+0000] {processor.py:157} INFO - Started process (PID=3166) to work on /home/airflow/.local/lib/python3.7/site-packages/airflow/example_dags/example_params_trigger_ui.py
[2023-07-27T01:45:48.648+0000] {processor.py:826} INFO - Processing file /home/airflow/.local/lib/python3.7/site-packages/airflow/example_dags/example_params_trigger_ui.py for tasks to queue
[2023-07-27T01:45:48.650+0000] {logging_mixin.py:150} INFO - [2023-07-27T01:45:48.649+0000] {dagbag.py:541} INFO - Filling up the DagBag from /home/airflow/.local/lib/python3.7/site-packages/airflow/example_dags/example_params_trigger_ui.py
[2023-07-27T01:45:48.673+0000] {processor.py:836} INFO - DAG(s) dict_keys(['example_params_trigger_ui']) retrieved from /home/airflow/.local/lib/python3.7/site-packages/airflow/example_dags/example_params_trigger_ui.py
[2023-07-27T01:45:48.768+0000] {logging_mixin.py:150} INFO - [2023-07-27T01:45:48.767+0000] {dag.py:2742} INFO - Sync 1 DAGs
[2023-07-27T01:45:48.798+0000] {logging_mixin.py:150} INFO - [2023-07-27T01:45:48.798+0000] {dag.py:3508} INFO - Setting next_dagrun for example_params_trigger_ui to None, run_after=None
[2023-07-27T01:45:48.821+0000] {processor.py:179} INFO - Processing /home/airflow/.local/lib/python3.7/site-packages/airflow/example_dags/example_params_trigger_ui.py took 0.178 seconds
[2023-07-27T01:46:19.119+0000] {processor.py:157} INFO - Started process (PID=3226) to work on /home/airflow/.local/lib/python3.7/site-packages/airflow/example_dags/example_params_trigger_ui.py
[2023-07-27T01:46:19.121+0000] {processor.py:826} INFO - Processing file /home/airflow/.local/lib/python3.7/site-packages/airflow/example_dags/example_params_trigger_ui.py for tasks to queue
[2023-07-27T01:46:19.122+0000] {logging_mixin.py:150} INFO - [2023-07-27T01:46:19.121+0000] {dagbag.py:541} INFO - Filling up the DagBag from /home/airflow/.local/lib/python3.7/site-packages/airflow/example_dags/example_params_trigger_ui.py
[2023-07-27T01:46:19.145+0000] {processor.py:836} INFO - DAG(s) dict_keys(['example_params_trigger_ui']) retrieved from /home/airflow/.local/lib/python3.7/site-packages/airflow/example_dags/example_params_trigger_ui.py
[2023-07-27T01:46:19.239+0000] {logging_mixin.py:150} INFO - [2023-07-27T01:46:19.239+0000] {dag.py:2742} INFO - Sync 1 DAGs
[2023-07-27T01:46:19.267+0000] {logging_mixin.py:150} INFO - [2023-07-27T01:46:19.267+0000] {dag.py:3508} INFO - Setting next_dagrun for example_params_trigger_ui to None, run_after=None
[2023-07-27T01:46:19.291+0000] {processor.py:179} INFO - Processing /home/airflow/.local/lib/python3.7/site-packages/airflow/example_dags/example_params_trigger_ui.py took 0.175 seconds
[2023-07-27T01:46:49.392+0000] {processor.py:157} INFO - Started process (PID=3286) to work on /home/airflow/.local/lib/python3.7/site-packages/airflow/example_dags/example_params_trigger_ui.py
[2023-07-27T01:46:49.394+0000] {processor.py:826} INFO - Processing file /home/airflow/.local/lib/python3.7/site-packages/airflow/example_dags/example_params_trigger_ui.py for tasks to queue
[2023-07-27T01:46:49.395+0000] {logging_mixin.py:150} INFO - [2023-07-27T01:46:49.395+0000] {dagbag.py:541} INFO - Filling up the DagBag from /home/airflow/.local/lib/python3.7/site-packages/airflow/example_dags/example_params_trigger_ui.py
[2023-07-27T01:46:49.418+0000] {processor.py:836} INFO - DAG(s) dict_keys(['example_params_trigger_ui']) retrieved from /home/airflow/.local/lib/python3.7/site-packages/airflow/example_dags/example_params_trigger_ui.py
[2023-07-27T01:46:49.512+0000] {logging_mixin.py:150} INFO - [2023-07-27T01:46:49.512+0000] {dag.py:2742} INFO - Sync 1 DAGs
[2023-07-27T01:46:49.541+0000] {logging_mixin.py:150} INFO - [2023-07-27T01:46:49.540+0000] {dag.py:3508} INFO - Setting next_dagrun for example_params_trigger_ui to None, run_after=None
[2023-07-27T01:46:49.564+0000] {processor.py:179} INFO - Processing /home/airflow/.local/lib/python3.7/site-packages/airflow/example_dags/example_params_trigger_ui.py took 0.175 seconds
[2023-07-27T01:47:20.093+0000] {processor.py:157} INFO - Started process (PID=3339) to work on /home/airflow/.local/lib/python3.7/site-packages/airflow/example_dags/example_params_trigger_ui.py
[2023-07-27T01:47:20.094+0000] {processor.py:826} INFO - Processing file /home/airflow/.local/lib/python3.7/site-packages/airflow/example_dags/example_params_trigger_ui.py for tasks to queue
[2023-07-27T01:47:20.095+0000] {logging_mixin.py:150} INFO - [2023-07-27T01:47:20.095+0000] {dagbag.py:541} INFO - Filling up the DagBag from /home/airflow/.local/lib/python3.7/site-packages/airflow/example_dags/example_params_trigger_ui.py
[2023-07-27T01:47:20.118+0000] {processor.py:836} INFO - DAG(s) dict_keys(['example_params_trigger_ui']) retrieved from /home/airflow/.local/lib/python3.7/site-packages/airflow/example_dags/example_params_trigger_ui.py
[2023-07-27T01:47:20.211+0000] {logging_mixin.py:150} INFO - [2023-07-27T01:47:20.211+0000] {dag.py:2742} INFO - Sync 1 DAGs
[2023-07-27T01:47:20.241+0000] {logging_mixin.py:150} INFO - [2023-07-27T01:47:20.241+0000] {dag.py:3508} INFO - Setting next_dagrun for example_params_trigger_ui to None, run_after=None
[2023-07-27T01:47:20.270+0000] {processor.py:179} INFO - Processing /home/airflow/.local/lib/python3.7/site-packages/airflow/example_dags/example_params_trigger_ui.py took 0.181 seconds
[2023-07-27T01:47:51.017+0000] {processor.py:157} INFO - Started process (PID=3399) to work on /home/airflow/.local/lib/python3.7/site-packages/airflow/example_dags/example_params_trigger_ui.py
[2023-07-27T01:47:51.019+0000] {processor.py:826} INFO - Processing file /home/airflow/.local/lib/python3.7/site-packages/airflow/example_dags/example_params_trigger_ui.py for tasks to queue
[2023-07-27T01:47:51.020+0000] {logging_mixin.py:150} INFO - [2023-07-27T01:47:51.020+0000] {dagbag.py:541} INFO - Filling up the DagBag from /home/airflow/.local/lib/python3.7/site-packages/airflow/example_dags/example_params_trigger_ui.py
[2023-07-27T01:47:51.046+0000] {processor.py:836} INFO - DAG(s) dict_keys(['example_params_trigger_ui']) retrieved from /home/airflow/.local/lib/python3.7/site-packages/airflow/example_dags/example_params_trigger_ui.py
[2023-07-27T01:47:51.139+0000] {logging_mixin.py:150} INFO - [2023-07-27T01:47:51.139+0000] {dag.py:2742} INFO - Sync 1 DAGs
[2023-07-27T01:47:51.177+0000] {logging_mixin.py:150} INFO - [2023-07-27T01:47:51.176+0000] {dag.py:3508} INFO - Setting next_dagrun for example_params_trigger_ui to None, run_after=None
[2023-07-27T01:47:51.201+0000] {processor.py:179} INFO - Processing /home/airflow/.local/lib/python3.7/site-packages/airflow/example_dags/example_params_trigger_ui.py took 0.188 seconds
[2023-07-27T01:48:21.465+0000] {processor.py:157} INFO - Started process (PID=3459) to work on /home/airflow/.local/lib/python3.7/site-packages/airflow/example_dags/example_params_trigger_ui.py
[2023-07-27T01:48:21.467+0000] {processor.py:826} INFO - Processing file /home/airflow/.local/lib/python3.7/site-packages/airflow/example_dags/example_params_trigger_ui.py for tasks to queue
[2023-07-27T01:48:21.468+0000] {logging_mixin.py:150} INFO - [2023-07-27T01:48:21.468+0000] {dagbag.py:541} INFO - Filling up the DagBag from /home/airflow/.local/lib/python3.7/site-packages/airflow/example_dags/example_params_trigger_ui.py
[2023-07-27T01:48:21.491+0000] {processor.py:836} INFO - DAG(s) dict_keys(['example_params_trigger_ui']) retrieved from /home/airflow/.local/lib/python3.7/site-packages/airflow/example_dags/example_params_trigger_ui.py
[2023-07-27T01:48:21.587+0000] {logging_mixin.py:150} INFO - [2023-07-27T01:48:21.587+0000] {dag.py:2742} INFO - Sync 1 DAGs
[2023-07-27T01:48:21.617+0000] {logging_mixin.py:150} INFO - [2023-07-27T01:48:21.617+0000] {dag.py:3508} INFO - Setting next_dagrun for example_params_trigger_ui to None, run_after=None
[2023-07-27T01:48:21.646+0000] {processor.py:179} INFO - Processing /home/airflow/.local/lib/python3.7/site-packages/airflow/example_dags/example_params_trigger_ui.py took 0.185 seconds
[2023-07-27T01:48:51.795+0000] {processor.py:157} INFO - Started process (PID=3519) to work on /home/airflow/.local/lib/python3.7/site-packages/airflow/example_dags/example_params_trigger_ui.py
[2023-07-27T01:48:51.797+0000] {processor.py:826} INFO - Processing file /home/airflow/.local/lib/python3.7/site-packages/airflow/example_dags/example_params_trigger_ui.py for tasks to queue
[2023-07-27T01:48:51.798+0000] {logging_mixin.py:150} INFO - [2023-07-27T01:48:51.798+0000] {dagbag.py:541} INFO - Filling up the DagBag from /home/airflow/.local/lib/python3.7/site-packages/airflow/example_dags/example_params_trigger_ui.py
[2023-07-27T01:48:51.823+0000] {processor.py:836} INFO - DAG(s) dict_keys(['example_params_trigger_ui']) retrieved from /home/airflow/.local/lib/python3.7/site-packages/airflow/example_dags/example_params_trigger_ui.py
[2023-07-27T01:48:51.936+0000] {logging_mixin.py:150} INFO - [2023-07-27T01:48:51.936+0000] {dag.py:2742} INFO - Sync 1 DAGs
[2023-07-27T01:48:51.967+0000] {logging_mixin.py:150} INFO - [2023-07-27T01:48:51.967+0000] {dag.py:3508} INFO - Setting next_dagrun for example_params_trigger_ui to None, run_after=None
[2023-07-27T01:48:51.995+0000] {processor.py:179} INFO - Processing /home/airflow/.local/lib/python3.7/site-packages/airflow/example_dags/example_params_trigger_ui.py took 0.203 seconds
[2023-07-27T01:49:22.258+0000] {processor.py:157} INFO - Started process (PID=3580) to work on /home/airflow/.local/lib/python3.7/site-packages/airflow/example_dags/example_params_trigger_ui.py
[2023-07-27T01:49:22.259+0000] {processor.py:826} INFO - Processing file /home/airflow/.local/lib/python3.7/site-packages/airflow/example_dags/example_params_trigger_ui.py for tasks to queue
[2023-07-27T01:49:22.260+0000] {logging_mixin.py:150} INFO - [2023-07-27T01:49:22.260+0000] {dagbag.py:541} INFO - Filling up the DagBag from /home/airflow/.local/lib/python3.7/site-packages/airflow/example_dags/example_params_trigger_ui.py
[2023-07-27T01:49:22.283+0000] {processor.py:836} INFO - DAG(s) dict_keys(['example_params_trigger_ui']) retrieved from /home/airflow/.local/lib/python3.7/site-packages/airflow/example_dags/example_params_trigger_ui.py
[2023-07-27T01:49:22.381+0000] {logging_mixin.py:150} INFO - [2023-07-27T01:49:22.381+0000] {dag.py:2742} INFO - Sync 1 DAGs
[2023-07-27T01:49:22.412+0000] {logging_mixin.py:150} INFO - [2023-07-27T01:49:22.411+0000] {dag.py:3508} INFO - Setting next_dagrun for example_params_trigger_ui to None, run_after=None
[2023-07-27T01:49:22.441+0000] {processor.py:179} INFO - Processing /home/airflow/.local/lib/python3.7/site-packages/airflow/example_dags/example_params_trigger_ui.py took 0.187 seconds
[2023-07-27T01:49:52.754+0000] {processor.py:157} INFO - Started process (PID=3640) to work on /home/airflow/.local/lib/python3.7/site-packages/airflow/example_dags/example_params_trigger_ui.py
[2023-07-27T01:49:52.755+0000] {processor.py:826} INFO - Processing file /home/airflow/.local/lib/python3.7/site-packages/airflow/example_dags/example_params_trigger_ui.py for tasks to queue
[2023-07-27T01:49:52.756+0000] {logging_mixin.py:150} INFO - [2023-07-27T01:49:52.756+0000] {dagbag.py:541} INFO - Filling up the DagBag from /home/airflow/.local/lib/python3.7/site-packages/airflow/example_dags/example_params_trigger_ui.py
[2023-07-27T01:49:52.780+0000] {processor.py:836} INFO - DAG(s) dict_keys(['example_params_trigger_ui']) retrieved from /home/airflow/.local/lib/python3.7/site-packages/airflow/example_dags/example_params_trigger_ui.py
[2023-07-27T01:49:52.874+0000] {logging_mixin.py:150} INFO - [2023-07-27T01:49:52.874+0000] {dag.py:2742} INFO - Sync 1 DAGs
[2023-07-27T01:49:52.903+0000] {logging_mixin.py:150} INFO - [2023-07-27T01:49:52.902+0000] {dag.py:3508} INFO - Setting next_dagrun for example_params_trigger_ui to None, run_after=None
[2023-07-27T01:49:52.925+0000] {processor.py:179} INFO - Processing /home/airflow/.local/lib/python3.7/site-packages/airflow/example_dags/example_params_trigger_ui.py took 0.176 seconds
[2023-07-27T01:50:23.371+0000] {processor.py:157} INFO - Started process (PID=3700) to work on /home/airflow/.local/lib/python3.7/site-packages/airflow/example_dags/example_params_trigger_ui.py
[2023-07-27T01:50:23.372+0000] {processor.py:826} INFO - Processing file /home/airflow/.local/lib/python3.7/site-packages/airflow/example_dags/example_params_trigger_ui.py for tasks to queue
[2023-07-27T01:50:23.373+0000] {logging_mixin.py:150} INFO - [2023-07-27T01:50:23.373+0000] {dagbag.py:541} INFO - Filling up the DagBag from /home/airflow/.local/lib/python3.7/site-packages/airflow/example_dags/example_params_trigger_ui.py
[2023-07-27T01:50:23.398+0000] {processor.py:836} INFO - DAG(s) dict_keys(['example_params_trigger_ui']) retrieved from /home/airflow/.local/lib/python3.7/site-packages/airflow/example_dags/example_params_trigger_ui.py
[2023-07-27T01:50:23.491+0000] {logging_mixin.py:150} INFO - [2023-07-27T01:50:23.491+0000] {dag.py:2742} INFO - Sync 1 DAGs
[2023-07-27T01:50:23.521+0000] {logging_mixin.py:150} INFO - [2023-07-27T01:50:23.521+0000] {dag.py:3508} INFO - Setting next_dagrun for example_params_trigger_ui to None, run_after=None
[2023-07-27T01:50:23.543+0000] {processor.py:179} INFO - Processing /home/airflow/.local/lib/python3.7/site-packages/airflow/example_dags/example_params_trigger_ui.py took 0.176 seconds
[2023-07-27T01:50:53.901+0000] {processor.py:157} INFO - Started process (PID=3760) to work on /home/airflow/.local/lib/python3.7/site-packages/airflow/example_dags/example_params_trigger_ui.py
[2023-07-27T01:50:53.903+0000] {processor.py:826} INFO - Processing file /home/airflow/.local/lib/python3.7/site-packages/airflow/example_dags/example_params_trigger_ui.py for tasks to queue
[2023-07-27T01:50:53.904+0000] {logging_mixin.py:150} INFO - [2023-07-27T01:50:53.904+0000] {dagbag.py:541} INFO - Filling up the DagBag from /home/airflow/.local/lib/python3.7/site-packages/airflow/example_dags/example_params_trigger_ui.py
[2023-07-27T01:50:53.927+0000] {processor.py:836} INFO - DAG(s) dict_keys(['example_params_trigger_ui']) retrieved from /home/airflow/.local/lib/python3.7/site-packages/airflow/example_dags/example_params_trigger_ui.py
[2023-07-27T01:50:54.020+0000] {logging_mixin.py:150} INFO - [2023-07-27T01:50:54.020+0000] {dag.py:2742} INFO - Sync 1 DAGs
[2023-07-27T01:50:54.051+0000] {logging_mixin.py:150} INFO - [2023-07-27T01:50:54.051+0000] {dag.py:3508} INFO - Setting next_dagrun for example_params_trigger_ui to None, run_after=None
[2023-07-27T01:50:54.083+0000] {processor.py:179} INFO - Processing /home/airflow/.local/lib/python3.7/site-packages/airflow/example_dags/example_params_trigger_ui.py took 0.186 seconds
[2023-07-27T01:51:24.677+0000] {processor.py:157} INFO - Started process (PID=3820) to work on /home/airflow/.local/lib/python3.7/site-packages/airflow/example_dags/example_params_trigger_ui.py
[2023-07-27T01:51:24.679+0000] {processor.py:826} INFO - Processing file /home/airflow/.local/lib/python3.7/site-packages/airflow/example_dags/example_params_trigger_ui.py for tasks to queue
[2023-07-27T01:51:24.680+0000] {logging_mixin.py:150} INFO - [2023-07-27T01:51:24.680+0000] {dagbag.py:541} INFO - Filling up the DagBag from /home/airflow/.local/lib/python3.7/site-packages/airflow/example_dags/example_params_trigger_ui.py
[2023-07-27T01:51:24.725+0000] {processor.py:836} INFO - DAG(s) dict_keys(['example_params_trigger_ui']) retrieved from /home/airflow/.local/lib/python3.7/site-packages/airflow/example_dags/example_params_trigger_ui.py
[2023-07-27T01:51:24.927+0000] {logging_mixin.py:150} INFO - [2023-07-27T01:51:24.926+0000] {dag.py:2742} INFO - Sync 1 DAGs
[2023-07-27T01:51:24.976+0000] {logging_mixin.py:150} INFO - [2023-07-27T01:51:24.976+0000] {dag.py:3508} INFO - Setting next_dagrun for example_params_trigger_ui to None, run_after=None
[2023-07-27T01:51:25.010+0000] {processor.py:179} INFO - Processing /home/airflow/.local/lib/python3.7/site-packages/airflow/example_dags/example_params_trigger_ui.py took 0.336 seconds
[2023-07-27T01:51:55.497+0000] {processor.py:157} INFO - Started process (PID=3880) to work on /home/airflow/.local/lib/python3.7/site-packages/airflow/example_dags/example_params_trigger_ui.py
[2023-07-27T01:51:55.498+0000] {processor.py:826} INFO - Processing file /home/airflow/.local/lib/python3.7/site-packages/airflow/example_dags/example_params_trigger_ui.py for tasks to queue
[2023-07-27T01:51:55.499+0000] {logging_mixin.py:150} INFO - [2023-07-27T01:51:55.499+0000] {dagbag.py:541} INFO - Filling up the DagBag from /home/airflow/.local/lib/python3.7/site-packages/airflow/example_dags/example_params_trigger_ui.py
[2023-07-27T01:51:55.523+0000] {processor.py:836} INFO - DAG(s) dict_keys(['example_params_trigger_ui']) retrieved from /home/airflow/.local/lib/python3.7/site-packages/airflow/example_dags/example_params_trigger_ui.py
[2023-07-27T01:51:55.619+0000] {logging_mixin.py:150} INFO - [2023-07-27T01:51:55.618+0000] {dag.py:2742} INFO - Sync 1 DAGs
[2023-07-27T01:51:55.647+0000] {logging_mixin.py:150} INFO - [2023-07-27T01:51:55.647+0000] {dag.py:3508} INFO - Setting next_dagrun for example_params_trigger_ui to None, run_after=None
[2023-07-27T01:51:55.676+0000] {processor.py:179} INFO - Processing /home/airflow/.local/lib/python3.7/site-packages/airflow/example_dags/example_params_trigger_ui.py took 0.183 seconds
[2023-07-27T01:52:26.083+0000] {processor.py:157} INFO - Started process (PID=3939) to work on /home/airflow/.local/lib/python3.7/site-packages/airflow/example_dags/example_params_trigger_ui.py
[2023-07-27T01:52:26.085+0000] {processor.py:826} INFO - Processing file /home/airflow/.local/lib/python3.7/site-packages/airflow/example_dags/example_params_trigger_ui.py for tasks to queue
[2023-07-27T01:52:26.086+0000] {logging_mixin.py:150} INFO - [2023-07-27T01:52:26.086+0000] {dagbag.py:541} INFO - Filling up the DagBag from /home/airflow/.local/lib/python3.7/site-packages/airflow/example_dags/example_params_trigger_ui.py
[2023-07-27T01:52:26.109+0000] {processor.py:836} INFO - DAG(s) dict_keys(['example_params_trigger_ui']) retrieved from /home/airflow/.local/lib/python3.7/site-packages/airflow/example_dags/example_params_trigger_ui.py
[2023-07-27T01:52:26.201+0000] {logging_mixin.py:150} INFO - [2023-07-27T01:52:26.201+0000] {dag.py:2742} INFO - Sync 1 DAGs
[2023-07-27T01:52:26.230+0000] {logging_mixin.py:150} INFO - [2023-07-27T01:52:26.229+0000] {dag.py:3508} INFO - Setting next_dagrun for example_params_trigger_ui to None, run_after=None
[2023-07-27T01:52:26.254+0000] {processor.py:179} INFO - Processing /home/airflow/.local/lib/python3.7/site-packages/airflow/example_dags/example_params_trigger_ui.py took 0.174 seconds
[2023-07-27T01:52:56.408+0000] {processor.py:157} INFO - Started process (PID=4000) to work on /home/airflow/.local/lib/python3.7/site-packages/airflow/example_dags/example_params_trigger_ui.py
[2023-07-27T01:52:56.409+0000] {processor.py:826} INFO - Processing file /home/airflow/.local/lib/python3.7/site-packages/airflow/example_dags/example_params_trigger_ui.py for tasks to queue
[2023-07-27T01:52:56.410+0000] {logging_mixin.py:150} INFO - [2023-07-27T01:52:56.410+0000] {dagbag.py:541} INFO - Filling up the DagBag from /home/airflow/.local/lib/python3.7/site-packages/airflow/example_dags/example_params_trigger_ui.py
[2023-07-27T01:52:56.434+0000] {processor.py:836} INFO - DAG(s) dict_keys(['example_params_trigger_ui']) retrieved from /home/airflow/.local/lib/python3.7/site-packages/airflow/example_dags/example_params_trigger_ui.py
[2023-07-27T01:52:56.530+0000] {logging_mixin.py:150} INFO - [2023-07-27T01:52:56.530+0000] {dag.py:2742} INFO - Sync 1 DAGs
[2023-07-27T01:52:56.558+0000] {logging_mixin.py:150} INFO - [2023-07-27T01:52:56.558+0000] {dag.py:3508} INFO - Setting next_dagrun for example_params_trigger_ui to None, run_after=None
[2023-07-27T01:52:56.580+0000] {processor.py:179} INFO - Processing /home/airflow/.local/lib/python3.7/site-packages/airflow/example_dags/example_params_trigger_ui.py took 0.176 seconds
[2023-07-27T01:53:26.881+0000] {processor.py:157} INFO - Started process (PID=4059) to work on /home/airflow/.local/lib/python3.7/site-packages/airflow/example_dags/example_params_trigger_ui.py
[2023-07-27T01:53:26.882+0000] {processor.py:826} INFO - Processing file /home/airflow/.local/lib/python3.7/site-packages/airflow/example_dags/example_params_trigger_ui.py for tasks to queue
[2023-07-27T01:53:26.883+0000] {logging_mixin.py:150} INFO - [2023-07-27T01:53:26.883+0000] {dagbag.py:541} INFO - Filling up the DagBag from /home/airflow/.local/lib/python3.7/site-packages/airflow/example_dags/example_params_trigger_ui.py
[2023-07-27T01:53:26.907+0000] {processor.py:836} INFO - DAG(s) dict_keys(['example_params_trigger_ui']) retrieved from /home/airflow/.local/lib/python3.7/site-packages/airflow/example_dags/example_params_trigger_ui.py
[2023-07-27T01:53:27.000+0000] {logging_mixin.py:150} INFO - [2023-07-27T01:53:27.000+0000] {dag.py:2742} INFO - Sync 1 DAGs
[2023-07-27T01:53:27.027+0000] {logging_mixin.py:150} INFO - [2023-07-27T01:53:27.027+0000] {dag.py:3508} INFO - Setting next_dagrun for example_params_trigger_ui to None, run_after=None
[2023-07-27T01:53:27.050+0000] {processor.py:179} INFO - Processing /home/airflow/.local/lib/python3.7/site-packages/airflow/example_dags/example_params_trigger_ui.py took 0.172 seconds
[2023-07-27T01:53:57.141+0000] {processor.py:157} INFO - Started process (PID=4118) to work on /home/airflow/.local/lib/python3.7/site-packages/airflow/example_dags/example_params_trigger_ui.py
[2023-07-27T01:53:57.142+0000] {processor.py:826} INFO - Processing file /home/airflow/.local/lib/python3.7/site-packages/airflow/example_dags/example_params_trigger_ui.py for tasks to queue
[2023-07-27T01:53:57.143+0000] {logging_mixin.py:150} INFO - [2023-07-27T01:53:57.142+0000] {dagbag.py:541} INFO - Filling up the DagBag from /home/airflow/.local/lib/python3.7/site-packages/airflow/example_dags/example_params_trigger_ui.py
[2023-07-27T01:53:57.166+0000] {processor.py:836} INFO - DAG(s) dict_keys(['example_params_trigger_ui']) retrieved from /home/airflow/.local/lib/python3.7/site-packages/airflow/example_dags/example_params_trigger_ui.py
[2023-07-27T01:53:57.259+0000] {logging_mixin.py:150} INFO - [2023-07-27T01:53:57.259+0000] {dag.py:2742} INFO - Sync 1 DAGs
[2023-07-27T01:53:57.289+0000] {logging_mixin.py:150} INFO - [2023-07-27T01:53:57.289+0000] {dag.py:3508} INFO - Setting next_dagrun for example_params_trigger_ui to None, run_after=None
[2023-07-27T01:53:57.311+0000] {processor.py:179} INFO - Processing /home/airflow/.local/lib/python3.7/site-packages/airflow/example_dags/example_params_trigger_ui.py took 0.174 seconds
[2023-07-27T01:54:27.562+0000] {processor.py:157} INFO - Started process (PID=4178) to work on /home/airflow/.local/lib/python3.7/site-packages/airflow/example_dags/example_params_trigger_ui.py
[2023-07-27T01:54:27.564+0000] {processor.py:826} INFO - Processing file /home/airflow/.local/lib/python3.7/site-packages/airflow/example_dags/example_params_trigger_ui.py for tasks to queue
[2023-07-27T01:54:27.565+0000] {logging_mixin.py:150} INFO - [2023-07-27T01:54:27.565+0000] {dagbag.py:541} INFO - Filling up the DagBag from /home/airflow/.local/lib/python3.7/site-packages/airflow/example_dags/example_params_trigger_ui.py
[2023-07-27T01:54:27.588+0000] {processor.py:836} INFO - DAG(s) dict_keys(['example_params_trigger_ui']) retrieved from /home/airflow/.local/lib/python3.7/site-packages/airflow/example_dags/example_params_trigger_ui.py
[2023-07-27T01:54:27.684+0000] {logging_mixin.py:150} INFO - [2023-07-27T01:54:27.684+0000] {dag.py:2742} INFO - Sync 1 DAGs
[2023-07-27T01:54:27.712+0000] {logging_mixin.py:150} INFO - [2023-07-27T01:54:27.712+0000] {dag.py:3508} INFO - Setting next_dagrun for example_params_trigger_ui to None, run_after=None
[2023-07-27T01:54:27.734+0000] {processor.py:179} INFO - Processing /home/airflow/.local/lib/python3.7/site-packages/airflow/example_dags/example_params_trigger_ui.py took 0.176 seconds
[2023-07-27T01:54:58.043+0000] {processor.py:157} INFO - Started process (PID=4238) to work on /home/airflow/.local/lib/python3.7/site-packages/airflow/example_dags/example_params_trigger_ui.py
[2023-07-27T01:54:58.044+0000] {processor.py:826} INFO - Processing file /home/airflow/.local/lib/python3.7/site-packages/airflow/example_dags/example_params_trigger_ui.py for tasks to queue
[2023-07-27T01:54:58.046+0000] {logging_mixin.py:150} INFO - [2023-07-27T01:54:58.045+0000] {dagbag.py:541} INFO - Filling up the DagBag from /home/airflow/.local/lib/python3.7/site-packages/airflow/example_dags/example_params_trigger_ui.py
[2023-07-27T01:54:58.070+0000] {processor.py:836} INFO - DAG(s) dict_keys(['example_params_trigger_ui']) retrieved from /home/airflow/.local/lib/python3.7/site-packages/airflow/example_dags/example_params_trigger_ui.py
[2023-07-27T01:54:58.164+0000] {logging_mixin.py:150} INFO - [2023-07-27T01:54:58.164+0000] {dag.py:2742} INFO - Sync 1 DAGs
[2023-07-27T01:54:58.192+0000] {logging_mixin.py:150} INFO - [2023-07-27T01:54:58.191+0000] {dag.py:3508} INFO - Setting next_dagrun for example_params_trigger_ui to None, run_after=None
[2023-07-27T01:54:58.215+0000] {processor.py:179} INFO - Processing /home/airflow/.local/lib/python3.7/site-packages/airflow/example_dags/example_params_trigger_ui.py took 0.176 seconds
[2023-07-27T01:55:28.875+0000] {processor.py:157} INFO - Started process (PID=4299) to work on /home/airflow/.local/lib/python3.7/site-packages/airflow/example_dags/example_params_trigger_ui.py
[2023-07-27T01:55:28.877+0000] {processor.py:826} INFO - Processing file /home/airflow/.local/lib/python3.7/site-packages/airflow/example_dags/example_params_trigger_ui.py for tasks to queue
[2023-07-27T01:55:28.878+0000] {logging_mixin.py:150} INFO - [2023-07-27T01:55:28.878+0000] {dagbag.py:541} INFO - Filling up the DagBag from /home/airflow/.local/lib/python3.7/site-packages/airflow/example_dags/example_params_trigger_ui.py
[2023-07-27T01:55:28.901+0000] {processor.py:836} INFO - DAG(s) dict_keys(['example_params_trigger_ui']) retrieved from /home/airflow/.local/lib/python3.7/site-packages/airflow/example_dags/example_params_trigger_ui.py
[2023-07-27T01:55:28.996+0000] {logging_mixin.py:150} INFO - [2023-07-27T01:55:28.995+0000] {dag.py:2742} INFO - Sync 1 DAGs
[2023-07-27T01:55:29.023+0000] {logging_mixin.py:150} INFO - [2023-07-27T01:55:29.023+0000] {dag.py:3508} INFO - Setting next_dagrun for example_params_trigger_ui to None, run_after=None
[2023-07-27T01:55:29.046+0000] {processor.py:179} INFO - Processing /home/airflow/.local/lib/python3.7/site-packages/airflow/example_dags/example_params_trigger_ui.py took 0.174 seconds
[2023-07-27T01:55:59.138+0000] {processor.py:157} INFO - Started process (PID=4357) to work on /home/airflow/.local/lib/python3.7/site-packages/airflow/example_dags/example_params_trigger_ui.py
[2023-07-27T01:55:59.139+0000] {processor.py:826} INFO - Processing file /home/airflow/.local/lib/python3.7/site-packages/airflow/example_dags/example_params_trigger_ui.py for tasks to queue
[2023-07-27T01:55:59.140+0000] {logging_mixin.py:150} INFO - [2023-07-27T01:55:59.140+0000] {dagbag.py:541} INFO - Filling up the DagBag from /home/airflow/.local/lib/python3.7/site-packages/airflow/example_dags/example_params_trigger_ui.py
[2023-07-27T01:55:59.163+0000] {processor.py:836} INFO - DAG(s) dict_keys(['example_params_trigger_ui']) retrieved from /home/airflow/.local/lib/python3.7/site-packages/airflow/example_dags/example_params_trigger_ui.py
[2023-07-27T01:55:59.257+0000] {logging_mixin.py:150} INFO - [2023-07-27T01:55:59.257+0000] {dag.py:2742} INFO - Sync 1 DAGs
[2023-07-27T01:55:59.285+0000] {logging_mixin.py:150} INFO - [2023-07-27T01:55:59.284+0000] {dag.py:3508} INFO - Setting next_dagrun for example_params_trigger_ui to None, run_after=None
[2023-07-27T01:55:59.307+0000] {processor.py:179} INFO - Processing /home/airflow/.local/lib/python3.7/site-packages/airflow/example_dags/example_params_trigger_ui.py took 0.172 seconds
[2023-07-27T01:56:29.425+0000] {processor.py:157} INFO - Started process (PID=4417) to work on /home/airflow/.local/lib/python3.7/site-packages/airflow/example_dags/example_params_trigger_ui.py
[2023-07-27T01:56:29.426+0000] {processor.py:826} INFO - Processing file /home/airflow/.local/lib/python3.7/site-packages/airflow/example_dags/example_params_trigger_ui.py for tasks to queue
[2023-07-27T01:56:29.427+0000] {logging_mixin.py:150} INFO - [2023-07-27T01:56:29.427+0000] {dagbag.py:541} INFO - Filling up the DagBag from /home/airflow/.local/lib/python3.7/site-packages/airflow/example_dags/example_params_trigger_ui.py
[2023-07-27T01:56:29.453+0000] {processor.py:836} INFO - DAG(s) dict_keys(['example_params_trigger_ui']) retrieved from /home/airflow/.local/lib/python3.7/site-packages/airflow/example_dags/example_params_trigger_ui.py
[2023-07-27T01:56:29.559+0000] {logging_mixin.py:150} INFO - [2023-07-27T01:56:29.558+0000] {dag.py:2742} INFO - Sync 1 DAGs
[2023-07-27T01:56:29.585+0000] {logging_mixin.py:150} INFO - [2023-07-27T01:56:29.585+0000] {dag.py:3508} INFO - Setting next_dagrun for example_params_trigger_ui to None, run_after=None
[2023-07-27T01:56:29.607+0000] {processor.py:179} INFO - Processing /home/airflow/.local/lib/python3.7/site-packages/airflow/example_dags/example_params_trigger_ui.py took 0.185 seconds
[2023-07-27T01:57:00.239+0000] {processor.py:157} INFO - Started process (PID=4479) to work on /home/airflow/.local/lib/python3.7/site-packages/airflow/example_dags/example_params_trigger_ui.py
[2023-07-27T01:57:00.240+0000] {processor.py:826} INFO - Processing file /home/airflow/.local/lib/python3.7/site-packages/airflow/example_dags/example_params_trigger_ui.py for tasks to queue
[2023-07-27T01:57:00.242+0000] {logging_mixin.py:150} INFO - [2023-07-27T01:57:00.241+0000] {dagbag.py:541} INFO - Filling up the DagBag from /home/airflow/.local/lib/python3.7/site-packages/airflow/example_dags/example_params_trigger_ui.py
[2023-07-27T01:57:00.265+0000] {processor.py:836} INFO - DAG(s) dict_keys(['example_params_trigger_ui']) retrieved from /home/airflow/.local/lib/python3.7/site-packages/airflow/example_dags/example_params_trigger_ui.py
[2023-07-27T01:57:00.359+0000] {logging_mixin.py:150} INFO - [2023-07-27T01:57:00.358+0000] {dag.py:2742} INFO - Sync 1 DAGs
[2023-07-27T01:57:00.389+0000] {logging_mixin.py:150} INFO - [2023-07-27T01:57:00.388+0000] {dag.py:3508} INFO - Setting next_dagrun for example_params_trigger_ui to None, run_after=None
[2023-07-27T01:57:00.420+0000] {processor.py:179} INFO - Processing /home/airflow/.local/lib/python3.7/site-packages/airflow/example_dags/example_params_trigger_ui.py took 0.184 seconds
[2023-07-27T01:57:31.820+0000] {processor.py:157} INFO - Started process (PID=4541) to work on /home/airflow/.local/lib/python3.7/site-packages/airflow/example_dags/example_params_trigger_ui.py
[2023-07-27T01:57:31.821+0000] {processor.py:826} INFO - Processing file /home/airflow/.local/lib/python3.7/site-packages/airflow/example_dags/example_params_trigger_ui.py for tasks to queue
[2023-07-27T01:57:31.822+0000] {logging_mixin.py:150} INFO - [2023-07-27T01:57:31.821+0000] {dagbag.py:541} INFO - Filling up the DagBag from /home/airflow/.local/lib/python3.7/site-packages/airflow/example_dags/example_params_trigger_ui.py
[2023-07-27T01:57:31.845+0000] {processor.py:836} INFO - DAG(s) dict_keys(['example_params_trigger_ui']) retrieved from /home/airflow/.local/lib/python3.7/site-packages/airflow/example_dags/example_params_trigger_ui.py
[2023-07-27T01:57:31.939+0000] {logging_mixin.py:150} INFO - [2023-07-27T01:57:31.938+0000] {dag.py:2742} INFO - Sync 1 DAGs
[2023-07-27T01:57:31.968+0000] {logging_mixin.py:150} INFO - [2023-07-27T01:57:31.968+0000] {dag.py:3508} INFO - Setting next_dagrun for example_params_trigger_ui to None, run_after=None
[2023-07-27T01:57:31.990+0000] {processor.py:179} INFO - Processing /home/airflow/.local/lib/python3.7/site-packages/airflow/example_dags/example_params_trigger_ui.py took 0.174 seconds
[2023-07-27T01:58:02.315+0000] {processor.py:157} INFO - Started process (PID=4601) to work on /home/airflow/.local/lib/python3.7/site-packages/airflow/example_dags/example_params_trigger_ui.py
[2023-07-27T01:58:02.320+0000] {processor.py:826} INFO - Processing file /home/airflow/.local/lib/python3.7/site-packages/airflow/example_dags/example_params_trigger_ui.py for tasks to queue
[2023-07-27T01:58:02.321+0000] {logging_mixin.py:150} INFO - [2023-07-27T01:58:02.321+0000] {dagbag.py:541} INFO - Filling up the DagBag from /home/airflow/.local/lib/python3.7/site-packages/airflow/example_dags/example_params_trigger_ui.py
[2023-07-27T01:58:02.354+0000] {processor.py:836} INFO - DAG(s) dict_keys(['example_params_trigger_ui']) retrieved from /home/airflow/.local/lib/python3.7/site-packages/airflow/example_dags/example_params_trigger_ui.py
[2023-07-27T01:58:02.453+0000] {logging_mixin.py:150} INFO - [2023-07-27T01:58:02.453+0000] {dag.py:2742} INFO - Sync 1 DAGs
[2023-07-27T01:58:02.481+0000] {logging_mixin.py:150} INFO - [2023-07-27T01:58:02.481+0000] {dag.py:3508} INFO - Setting next_dagrun for example_params_trigger_ui to None, run_after=None
[2023-07-27T01:58:02.504+0000] {processor.py:179} INFO - Processing /home/airflow/.local/lib/python3.7/site-packages/airflow/example_dags/example_params_trigger_ui.py took 0.207 seconds
[2023-07-27T01:58:33.503+0000] {processor.py:157} INFO - Started process (PID=4661) to work on /home/airflow/.local/lib/python3.7/site-packages/airflow/example_dags/example_params_trigger_ui.py
[2023-07-27T01:58:33.505+0000] {processor.py:826} INFO - Processing file /home/airflow/.local/lib/python3.7/site-packages/airflow/example_dags/example_params_trigger_ui.py for tasks to queue
[2023-07-27T01:58:33.506+0000] {logging_mixin.py:150} INFO - [2023-07-27T01:58:33.506+0000] {dagbag.py:541} INFO - Filling up the DagBag from /home/airflow/.local/lib/python3.7/site-packages/airflow/example_dags/example_params_trigger_ui.py
[2023-07-27T01:58:33.530+0000] {processor.py:836} INFO - DAG(s) dict_keys(['example_params_trigger_ui']) retrieved from /home/airflow/.local/lib/python3.7/site-packages/airflow/example_dags/example_params_trigger_ui.py
[2023-07-27T01:58:33.624+0000] {logging_mixin.py:150} INFO - [2023-07-27T01:58:33.623+0000] {dag.py:2742} INFO - Sync 1 DAGs
[2023-07-27T01:58:33.655+0000] {logging_mixin.py:150} INFO - [2023-07-27T01:58:33.654+0000] {dag.py:3508} INFO - Setting next_dagrun for example_params_trigger_ui to None, run_after=None
[2023-07-27T01:58:33.678+0000] {processor.py:179} INFO - Processing /home/airflow/.local/lib/python3.7/site-packages/airflow/example_dags/example_params_trigger_ui.py took 0.178 seconds
[2023-07-27T01:59:04.051+0000] {processor.py:157} INFO - Started process (PID=4721) to work on /home/airflow/.local/lib/python3.7/site-packages/airflow/example_dags/example_params_trigger_ui.py
[2023-07-27T01:59:04.052+0000] {processor.py:826} INFO - Processing file /home/airflow/.local/lib/python3.7/site-packages/airflow/example_dags/example_params_trigger_ui.py for tasks to queue
[2023-07-27T01:59:04.053+0000] {logging_mixin.py:150} INFO - [2023-07-27T01:59:04.053+0000] {dagbag.py:541} INFO - Filling up the DagBag from /home/airflow/.local/lib/python3.7/site-packages/airflow/example_dags/example_params_trigger_ui.py
[2023-07-27T01:59:04.077+0000] {processor.py:836} INFO - DAG(s) dict_keys(['example_params_trigger_ui']) retrieved from /home/airflow/.local/lib/python3.7/site-packages/airflow/example_dags/example_params_trigger_ui.py
[2023-07-27T01:59:04.177+0000] {logging_mixin.py:150} INFO - [2023-07-27T01:59:04.176+0000] {dag.py:2742} INFO - Sync 1 DAGs
[2023-07-27T01:59:04.215+0000] {logging_mixin.py:150} INFO - [2023-07-27T01:59:04.215+0000] {dag.py:3508} INFO - Setting next_dagrun for example_params_trigger_ui to None, run_after=None
[2023-07-27T01:59:04.239+0000] {processor.py:179} INFO - Processing /home/airflow/.local/lib/python3.7/site-packages/airflow/example_dags/example_params_trigger_ui.py took 0.192 seconds
[2023-07-27T01:59:35.275+0000] {processor.py:157} INFO - Started process (PID=4781) to work on /home/airflow/.local/lib/python3.7/site-packages/airflow/example_dags/example_params_trigger_ui.py
[2023-07-27T01:59:35.277+0000] {processor.py:826} INFO - Processing file /home/airflow/.local/lib/python3.7/site-packages/airflow/example_dags/example_params_trigger_ui.py for tasks to queue
[2023-07-27T01:59:35.278+0000] {logging_mixin.py:150} INFO - [2023-07-27T01:59:35.277+0000] {dagbag.py:541} INFO - Filling up the DagBag from /home/airflow/.local/lib/python3.7/site-packages/airflow/example_dags/example_params_trigger_ui.py
[2023-07-27T01:59:35.300+0000] {processor.py:836} INFO - DAG(s) dict_keys(['example_params_trigger_ui']) retrieved from /home/airflow/.local/lib/python3.7/site-packages/airflow/example_dags/example_params_trigger_ui.py
[2023-07-27T01:59:35.392+0000] {logging_mixin.py:150} INFO - [2023-07-27T01:59:35.392+0000] {dag.py:2742} INFO - Sync 1 DAGs
[2023-07-27T01:59:35.418+0000] {logging_mixin.py:150} INFO - [2023-07-27T01:59:35.418+0000] {dag.py:3508} INFO - Setting next_dagrun for example_params_trigger_ui to None, run_after=None
[2023-07-27T01:59:35.441+0000] {processor.py:179} INFO - Processing /home/airflow/.local/lib/python3.7/site-packages/airflow/example_dags/example_params_trigger_ui.py took 0.169 seconds
[2023-07-27T02:00:05.989+0000] {processor.py:157} INFO - Started process (PID=4841) to work on /home/airflow/.local/lib/python3.7/site-packages/airflow/example_dags/example_params_trigger_ui.py
[2023-07-27T02:00:05.991+0000] {processor.py:826} INFO - Processing file /home/airflow/.local/lib/python3.7/site-packages/airflow/example_dags/example_params_trigger_ui.py for tasks to queue
[2023-07-27T02:00:05.992+0000] {logging_mixin.py:150} INFO - [2023-07-27T02:00:05.991+0000] {dagbag.py:541} INFO - Filling up the DagBag from /home/airflow/.local/lib/python3.7/site-packages/airflow/example_dags/example_params_trigger_ui.py
[2023-07-27T02:00:06.014+0000] {processor.py:836} INFO - DAG(s) dict_keys(['example_params_trigger_ui']) retrieved from /home/airflow/.local/lib/python3.7/site-packages/airflow/example_dags/example_params_trigger_ui.py
[2023-07-27T02:00:06.105+0000] {logging_mixin.py:150} INFO - [2023-07-27T02:00:06.105+0000] {dag.py:2742} INFO - Sync 1 DAGs
[2023-07-27T02:00:06.131+0000] {logging_mixin.py:150} INFO - [2023-07-27T02:00:06.131+0000] {dag.py:3508} INFO - Setting next_dagrun for example_params_trigger_ui to None, run_after=None
[2023-07-27T02:00:06.153+0000] {processor.py:179} INFO - Processing /home/airflow/.local/lib/python3.7/site-packages/airflow/example_dags/example_params_trigger_ui.py took 0.167 seconds
[2023-07-27T02:00:36.938+0000] {processor.py:157} INFO - Started process (PID=4901) to work on /home/airflow/.local/lib/python3.7/site-packages/airflow/example_dags/example_params_trigger_ui.py
[2023-07-27T02:00:36.939+0000] {processor.py:826} INFO - Processing file /home/airflow/.local/lib/python3.7/site-packages/airflow/example_dags/example_params_trigger_ui.py for tasks to queue
[2023-07-27T02:00:36.940+0000] {logging_mixin.py:150} INFO - [2023-07-27T02:00:36.940+0000] {dagbag.py:541} INFO - Filling up the DagBag from /home/airflow/.local/lib/python3.7/site-packages/airflow/example_dags/example_params_trigger_ui.py
[2023-07-27T02:00:36.963+0000] {processor.py:836} INFO - DAG(s) dict_keys(['example_params_trigger_ui']) retrieved from /home/airflow/.local/lib/python3.7/site-packages/airflow/example_dags/example_params_trigger_ui.py
[2023-07-27T02:00:37.055+0000] {logging_mixin.py:150} INFO - [2023-07-27T02:00:37.055+0000] {dag.py:2742} INFO - Sync 1 DAGs
[2023-07-27T02:00:37.084+0000] {logging_mixin.py:150} INFO - [2023-07-27T02:00:37.084+0000] {dag.py:3508} INFO - Setting next_dagrun for example_params_trigger_ui to None, run_after=None
[2023-07-27T02:00:37.106+0000] {processor.py:179} INFO - Processing /home/airflow/.local/lib/python3.7/site-packages/airflow/example_dags/example_params_trigger_ui.py took 0.171 seconds
[2023-07-27T02:01:08.108+0000] {processor.py:157} INFO - Started process (PID=4961) to work on /home/airflow/.local/lib/python3.7/site-packages/airflow/example_dags/example_params_trigger_ui.py
[2023-07-27T02:01:08.109+0000] {processor.py:826} INFO - Processing file /home/airflow/.local/lib/python3.7/site-packages/airflow/example_dags/example_params_trigger_ui.py for tasks to queue
[2023-07-27T02:01:08.110+0000] {logging_mixin.py:150} INFO - [2023-07-27T02:01:08.110+0000] {dagbag.py:541} INFO - Filling up the DagBag from /home/airflow/.local/lib/python3.7/site-packages/airflow/example_dags/example_params_trigger_ui.py
[2023-07-27T02:01:08.133+0000] {processor.py:836} INFO - DAG(s) dict_keys(['example_params_trigger_ui']) retrieved from /home/airflow/.local/lib/python3.7/site-packages/airflow/example_dags/example_params_trigger_ui.py
[2023-07-27T02:01:08.224+0000] {logging_mixin.py:150} INFO - [2023-07-27T02:01:08.224+0000] {dag.py:2742} INFO - Sync 1 DAGs
[2023-07-27T02:01:08.251+0000] {logging_mixin.py:150} INFO - [2023-07-27T02:01:08.251+0000] {dag.py:3508} INFO - Setting next_dagrun for example_params_trigger_ui to None, run_after=None
[2023-07-27T02:01:08.274+0000] {processor.py:179} INFO - Processing /home/airflow/.local/lib/python3.7/site-packages/airflow/example_dags/example_params_trigger_ui.py took 0.170 seconds
[2023-07-27T02:01:39.506+0000] {processor.py:157} INFO - Started process (PID=5021) to work on /home/airflow/.local/lib/python3.7/site-packages/airflow/example_dags/example_params_trigger_ui.py
[2023-07-27T02:01:39.507+0000] {processor.py:826} INFO - Processing file /home/airflow/.local/lib/python3.7/site-packages/airflow/example_dags/example_params_trigger_ui.py for tasks to queue
[2023-07-27T02:01:39.508+0000] {logging_mixin.py:150} INFO - [2023-07-27T02:01:39.508+0000] {dagbag.py:541} INFO - Filling up the DagBag from /home/airflow/.local/lib/python3.7/site-packages/airflow/example_dags/example_params_trigger_ui.py
[2023-07-27T02:01:39.531+0000] {processor.py:836} INFO - DAG(s) dict_keys(['example_params_trigger_ui']) retrieved from /home/airflow/.local/lib/python3.7/site-packages/airflow/example_dags/example_params_trigger_ui.py
[2023-07-27T02:01:39.626+0000] {logging_mixin.py:150} INFO - [2023-07-27T02:01:39.626+0000] {dag.py:2742} INFO - Sync 1 DAGs
[2023-07-27T02:01:39.655+0000] {logging_mixin.py:150} INFO - [2023-07-27T02:01:39.655+0000] {dag.py:3508} INFO - Setting next_dagrun for example_params_trigger_ui to None, run_after=None
[2023-07-27T02:01:39.686+0000] {processor.py:179} INFO - Processing /home/airflow/.local/lib/python3.7/site-packages/airflow/example_dags/example_params_trigger_ui.py took 0.184 seconds
[2023-07-27T02:02:10.717+0000] {processor.py:157} INFO - Started process (PID=5081) to work on /home/airflow/.local/lib/python3.7/site-packages/airflow/example_dags/example_params_trigger_ui.py
[2023-07-27T02:02:10.718+0000] {processor.py:826} INFO - Processing file /home/airflow/.local/lib/python3.7/site-packages/airflow/example_dags/example_params_trigger_ui.py for tasks to queue
[2023-07-27T02:02:10.719+0000] {logging_mixin.py:150} INFO - [2023-07-27T02:02:10.719+0000] {dagbag.py:541} INFO - Filling up the DagBag from /home/airflow/.local/lib/python3.7/site-packages/airflow/example_dags/example_params_trigger_ui.py
[2023-07-27T02:02:10.742+0000] {processor.py:836} INFO - DAG(s) dict_keys(['example_params_trigger_ui']) retrieved from /home/airflow/.local/lib/python3.7/site-packages/airflow/example_dags/example_params_trigger_ui.py
[2023-07-27T02:02:10.836+0000] {logging_mixin.py:150} INFO - [2023-07-27T02:02:10.836+0000] {dag.py:2742} INFO - Sync 1 DAGs
[2023-07-27T02:02:10.864+0000] {logging_mixin.py:150} INFO - [2023-07-27T02:02:10.863+0000] {dag.py:3508} INFO - Setting next_dagrun for example_params_trigger_ui to None, run_after=None
[2023-07-27T02:02:10.895+0000] {processor.py:179} INFO - Processing /home/airflow/.local/lib/python3.7/site-packages/airflow/example_dags/example_params_trigger_ui.py took 0.182 seconds
[2023-07-27T02:02:41.926+0000] {processor.py:157} INFO - Started process (PID=5142) to work on /home/airflow/.local/lib/python3.7/site-packages/airflow/example_dags/example_params_trigger_ui.py
[2023-07-27T02:02:41.928+0000] {processor.py:826} INFO - Processing file /home/airflow/.local/lib/python3.7/site-packages/airflow/example_dags/example_params_trigger_ui.py for tasks to queue
[2023-07-27T02:02:41.929+0000] {logging_mixin.py:150} INFO - [2023-07-27T02:02:41.929+0000] {dagbag.py:541} INFO - Filling up the DagBag from /home/airflow/.local/lib/python3.7/site-packages/airflow/example_dags/example_params_trigger_ui.py
[2023-07-27T02:02:41.952+0000] {processor.py:836} INFO - DAG(s) dict_keys(['example_params_trigger_ui']) retrieved from /home/airflow/.local/lib/python3.7/site-packages/airflow/example_dags/example_params_trigger_ui.py
[2023-07-27T02:02:42.044+0000] {logging_mixin.py:150} INFO - [2023-07-27T02:02:42.044+0000] {dag.py:2742} INFO - Sync 1 DAGs
[2023-07-27T02:02:42.073+0000] {logging_mixin.py:150} INFO - [2023-07-27T02:02:42.072+0000] {dag.py:3508} INFO - Setting next_dagrun for example_params_trigger_ui to None, run_after=None
[2023-07-27T02:02:42.095+0000] {processor.py:179} INFO - Processing /home/airflow/.local/lib/python3.7/site-packages/airflow/example_dags/example_params_trigger_ui.py took 0.171 seconds
[2023-07-27T02:03:13.120+0000] {processor.py:157} INFO - Started process (PID=5202) to work on /home/airflow/.local/lib/python3.7/site-packages/airflow/example_dags/example_params_trigger_ui.py
[2023-07-27T02:03:13.121+0000] {processor.py:826} INFO - Processing file /home/airflow/.local/lib/python3.7/site-packages/airflow/example_dags/example_params_trigger_ui.py for tasks to queue
[2023-07-27T02:03:13.122+0000] {logging_mixin.py:150} INFO - [2023-07-27T02:03:13.121+0000] {dagbag.py:541} INFO - Filling up the DagBag from /home/airflow/.local/lib/python3.7/site-packages/airflow/example_dags/example_params_trigger_ui.py
[2023-07-27T02:03:13.145+0000] {processor.py:836} INFO - DAG(s) dict_keys(['example_params_trigger_ui']) retrieved from /home/airflow/.local/lib/python3.7/site-packages/airflow/example_dags/example_params_trigger_ui.py
[2023-07-27T02:03:13.238+0000] {logging_mixin.py:150} INFO - [2023-07-27T02:03:13.237+0000] {dag.py:2742} INFO - Sync 1 DAGs
[2023-07-27T02:03:13.267+0000] {logging_mixin.py:150} INFO - [2023-07-27T02:03:13.267+0000] {dag.py:3508} INFO - Setting next_dagrun for example_params_trigger_ui to None, run_after=None
[2023-07-27T02:03:13.296+0000] {processor.py:179} INFO - Processing /home/airflow/.local/lib/python3.7/site-packages/airflow/example_dags/example_params_trigger_ui.py took 0.180 seconds
[2023-07-27T02:03:44.416+0000] {processor.py:157} INFO - Started process (PID=5262) to work on /home/airflow/.local/lib/python3.7/site-packages/airflow/example_dags/example_params_trigger_ui.py
[2023-07-27T02:03:44.417+0000] {processor.py:826} INFO - Processing file /home/airflow/.local/lib/python3.7/site-packages/airflow/example_dags/example_params_trigger_ui.py for tasks to queue
[2023-07-27T02:03:44.418+0000] {logging_mixin.py:150} INFO - [2023-07-27T02:03:44.418+0000] {dagbag.py:541} INFO - Filling up the DagBag from /home/airflow/.local/lib/python3.7/site-packages/airflow/example_dags/example_params_trigger_ui.py
[2023-07-27T02:03:44.445+0000] {processor.py:836} INFO - DAG(s) dict_keys(['example_params_trigger_ui']) retrieved from /home/airflow/.local/lib/python3.7/site-packages/airflow/example_dags/example_params_trigger_ui.py
[2023-07-27T02:03:44.537+0000] {logging_mixin.py:150} INFO - [2023-07-27T02:03:44.537+0000] {dag.py:2742} INFO - Sync 1 DAGs
[2023-07-27T02:03:44.564+0000] {logging_mixin.py:150} INFO - [2023-07-27T02:03:44.564+0000] {dag.py:3508} INFO - Setting next_dagrun for example_params_trigger_ui to None, run_after=None
[2023-07-27T02:03:44.586+0000] {processor.py:179} INFO - Processing /home/airflow/.local/lib/python3.7/site-packages/airflow/example_dags/example_params_trigger_ui.py took 0.175 seconds
[2023-07-27T02:04:14.866+0000] {processor.py:157} INFO - Started process (PID=5322) to work on /home/airflow/.local/lib/python3.7/site-packages/airflow/example_dags/example_params_trigger_ui.py
[2023-07-27T02:04:14.868+0000] {processor.py:826} INFO - Processing file /home/airflow/.local/lib/python3.7/site-packages/airflow/example_dags/example_params_trigger_ui.py for tasks to queue
[2023-07-27T02:04:14.869+0000] {logging_mixin.py:150} INFO - [2023-07-27T02:04:14.868+0000] {dagbag.py:541} INFO - Filling up the DagBag from /home/airflow/.local/lib/python3.7/site-packages/airflow/example_dags/example_params_trigger_ui.py
[2023-07-27T02:04:14.893+0000] {processor.py:836} INFO - DAG(s) dict_keys(['example_params_trigger_ui']) retrieved from /home/airflow/.local/lib/python3.7/site-packages/airflow/example_dags/example_params_trigger_ui.py
[2023-07-27T02:04:14.985+0000] {logging_mixin.py:150} INFO - [2023-07-27T02:04:14.985+0000] {dag.py:2742} INFO - Sync 1 DAGs
[2023-07-27T02:04:15.014+0000] {logging_mixin.py:150} INFO - [2023-07-27T02:04:15.014+0000] {dag.py:3508} INFO - Setting next_dagrun for example_params_trigger_ui to None, run_after=None
[2023-07-27T02:04:15.037+0000] {processor.py:179} INFO - Processing /home/airflow/.local/lib/python3.7/site-packages/airflow/example_dags/example_params_trigger_ui.py took 0.174 seconds
[2023-07-27T02:04:46.201+0000] {processor.py:157} INFO - Started process (PID=5382) to work on /home/airflow/.local/lib/python3.7/site-packages/airflow/example_dags/example_params_trigger_ui.py
[2023-07-27T02:04:46.203+0000] {processor.py:826} INFO - Processing file /home/airflow/.local/lib/python3.7/site-packages/airflow/example_dags/example_params_trigger_ui.py for tasks to queue
[2023-07-27T02:04:46.204+0000] {logging_mixin.py:150} INFO - [2023-07-27T02:04:46.203+0000] {dagbag.py:541} INFO - Filling up the DagBag from /home/airflow/.local/lib/python3.7/site-packages/airflow/example_dags/example_params_trigger_ui.py
[2023-07-27T02:04:46.226+0000] {processor.py:836} INFO - DAG(s) dict_keys(['example_params_trigger_ui']) retrieved from /home/airflow/.local/lib/python3.7/site-packages/airflow/example_dags/example_params_trigger_ui.py
[2023-07-27T02:04:46.317+0000] {logging_mixin.py:150} INFO - [2023-07-27T02:04:46.317+0000] {dag.py:2742} INFO - Sync 1 DAGs
[2023-07-27T02:04:46.448+0000] {logging_mixin.py:150} INFO - [2023-07-27T02:04:46.448+0000] {dag.py:3508} INFO - Setting next_dagrun for example_params_trigger_ui to None, run_after=None
[2023-07-27T02:04:46.468+0000] {processor.py:179} INFO - Processing /home/airflow/.local/lib/python3.7/site-packages/airflow/example_dags/example_params_trigger_ui.py took 0.270 seconds
[2023-07-27T02:05:17.572+0000] {processor.py:157} INFO - Started process (PID=5442) to work on /home/airflow/.local/lib/python3.7/site-packages/airflow/example_dags/example_params_trigger_ui.py
[2023-07-27T02:05:17.573+0000] {processor.py:826} INFO - Processing file /home/airflow/.local/lib/python3.7/site-packages/airflow/example_dags/example_params_trigger_ui.py for tasks to queue
[2023-07-27T02:05:17.574+0000] {logging_mixin.py:150} INFO - [2023-07-27T02:05:17.574+0000] {dagbag.py:541} INFO - Filling up the DagBag from /home/airflow/.local/lib/python3.7/site-packages/airflow/example_dags/example_params_trigger_ui.py
[2023-07-27T02:05:17.598+0000] {processor.py:836} INFO - DAG(s) dict_keys(['example_params_trigger_ui']) retrieved from /home/airflow/.local/lib/python3.7/site-packages/airflow/example_dags/example_params_trigger_ui.py
[2023-07-27T02:05:17.690+0000] {logging_mixin.py:150} INFO - [2023-07-27T02:05:17.689+0000] {dag.py:2742} INFO - Sync 1 DAGs
[2023-07-27T02:05:17.716+0000] {logging_mixin.py:150} INFO - [2023-07-27T02:05:17.715+0000] {dag.py:3508} INFO - Setting next_dagrun for example_params_trigger_ui to None, run_after=None
[2023-07-27T02:05:17.842+0000] {processor.py:179} INFO - Processing /home/airflow/.local/lib/python3.7/site-packages/airflow/example_dags/example_params_trigger_ui.py took 0.273 seconds
[2023-07-27T02:05:48.296+0000] {processor.py:157} INFO - Started process (PID=5503) to work on /home/airflow/.local/lib/python3.7/site-packages/airflow/example_dags/example_params_trigger_ui.py
[2023-07-27T02:05:48.297+0000] {processor.py:826} INFO - Processing file /home/airflow/.local/lib/python3.7/site-packages/airflow/example_dags/example_params_trigger_ui.py for tasks to queue
[2023-07-27T02:05:48.298+0000] {logging_mixin.py:150} INFO - [2023-07-27T02:05:48.297+0000] {dagbag.py:541} INFO - Filling up the DagBag from /home/airflow/.local/lib/python3.7/site-packages/airflow/example_dags/example_params_trigger_ui.py
[2023-07-27T02:05:48.321+0000] {processor.py:836} INFO - DAG(s) dict_keys(['example_params_trigger_ui']) retrieved from /home/airflow/.local/lib/python3.7/site-packages/airflow/example_dags/example_params_trigger_ui.py
[2023-07-27T02:05:48.414+0000] {logging_mixin.py:150} INFO - [2023-07-27T02:05:48.414+0000] {dag.py:2742} INFO - Sync 1 DAGs
[2023-07-27T02:05:48.445+0000] {logging_mixin.py:150} INFO - [2023-07-27T02:05:48.444+0000] {dag.py:3508} INFO - Setting next_dagrun for example_params_trigger_ui to None, run_after=None
[2023-07-27T02:05:48.467+0000] {processor.py:179} INFO - Processing /home/airflow/.local/lib/python3.7/site-packages/airflow/example_dags/example_params_trigger_ui.py took 0.174 seconds
[2023-07-27T02:06:19.712+0000] {processor.py:157} INFO - Started process (PID=5562) to work on /home/airflow/.local/lib/python3.7/site-packages/airflow/example_dags/example_params_trigger_ui.py
[2023-07-27T02:06:19.714+0000] {processor.py:826} INFO - Processing file /home/airflow/.local/lib/python3.7/site-packages/airflow/example_dags/example_params_trigger_ui.py for tasks to queue
[2023-07-27T02:06:19.715+0000] {logging_mixin.py:150} INFO - [2023-07-27T02:06:19.715+0000] {dagbag.py:541} INFO - Filling up the DagBag from /home/airflow/.local/lib/python3.7/site-packages/airflow/example_dags/example_params_trigger_ui.py
[2023-07-27T02:06:19.737+0000] {processor.py:836} INFO - DAG(s) dict_keys(['example_params_trigger_ui']) retrieved from /home/airflow/.local/lib/python3.7/site-packages/airflow/example_dags/example_params_trigger_ui.py
[2023-07-27T02:06:19.831+0000] {logging_mixin.py:150} INFO - [2023-07-27T02:06:19.831+0000] {dag.py:2742} INFO - Sync 1 DAGs
[2023-07-27T02:06:19.862+0000] {logging_mixin.py:150} INFO - [2023-07-27T02:06:19.862+0000] {dag.py:3508} INFO - Setting next_dagrun for example_params_trigger_ui to None, run_after=None
[2023-07-27T02:06:19.886+0000] {processor.py:179} INFO - Processing /home/airflow/.local/lib/python3.7/site-packages/airflow/example_dags/example_params_trigger_ui.py took 0.177 seconds
[2023-07-27T02:06:50.348+0000] {processor.py:157} INFO - Started process (PID=5629) to work on /home/airflow/.local/lib/python3.7/site-packages/airflow/example_dags/example_params_trigger_ui.py
[2023-07-27T02:06:50.349+0000] {processor.py:826} INFO - Processing file /home/airflow/.local/lib/python3.7/site-packages/airflow/example_dags/example_params_trigger_ui.py for tasks to queue
[2023-07-27T02:06:50.350+0000] {logging_mixin.py:150} INFO - [2023-07-27T02:06:50.350+0000] {dagbag.py:541} INFO - Filling up the DagBag from /home/airflow/.local/lib/python3.7/site-packages/airflow/example_dags/example_params_trigger_ui.py
[2023-07-27T02:06:50.373+0000] {processor.py:836} INFO - DAG(s) dict_keys(['example_params_trigger_ui']) retrieved from /home/airflow/.local/lib/python3.7/site-packages/airflow/example_dags/example_params_trigger_ui.py
[2023-07-27T02:06:50.463+0000] {logging_mixin.py:150} INFO - [2023-07-27T02:06:50.463+0000] {dag.py:2742} INFO - Sync 1 DAGs
[2023-07-27T02:06:50.595+0000] {logging_mixin.py:150} INFO - [2023-07-27T02:06:50.595+0000] {dag.py:3508} INFO - Setting next_dagrun for example_params_trigger_ui to None, run_after=None
[2023-07-27T02:06:50.616+0000] {processor.py:179} INFO - Processing /home/airflow/.local/lib/python3.7/site-packages/airflow/example_dags/example_params_trigger_ui.py took 0.272 seconds
[2023-07-27T02:07:20.975+0000] {processor.py:157} INFO - Started process (PID=5689) to work on /home/airflow/.local/lib/python3.7/site-packages/airflow/example_dags/example_params_trigger_ui.py
[2023-07-27T02:07:20.976+0000] {processor.py:826} INFO - Processing file /home/airflow/.local/lib/python3.7/site-packages/airflow/example_dags/example_params_trigger_ui.py for tasks to queue
[2023-07-27T02:07:20.978+0000] {logging_mixin.py:150} INFO - [2023-07-27T02:07:20.978+0000] {dagbag.py:541} INFO - Filling up the DagBag from /home/airflow/.local/lib/python3.7/site-packages/airflow/example_dags/example_params_trigger_ui.py
[2023-07-27T02:07:21.008+0000] {processor.py:836} INFO - DAG(s) dict_keys(['example_params_trigger_ui']) retrieved from /home/airflow/.local/lib/python3.7/site-packages/airflow/example_dags/example_params_trigger_ui.py
[2023-07-27T02:07:21.163+0000] {logging_mixin.py:150} INFO - [2023-07-27T02:07:21.163+0000] {dag.py:2742} INFO - Sync 1 DAGs
[2023-07-27T02:07:21.207+0000] {logging_mixin.py:150} INFO - [2023-07-27T02:07:21.206+0000] {dag.py:3508} INFO - Setting next_dagrun for example_params_trigger_ui to None, run_after=None
[2023-07-27T02:07:21.352+0000] {processor.py:179} INFO - Processing /home/airflow/.local/lib/python3.7/site-packages/airflow/example_dags/example_params_trigger_ui.py took 0.381 seconds
[2023-07-27T02:07:52.674+0000] {processor.py:157} INFO - Started process (PID=5749) to work on /home/airflow/.local/lib/python3.7/site-packages/airflow/example_dags/example_params_trigger_ui.py
[2023-07-27T02:07:52.676+0000] {processor.py:826} INFO - Processing file /home/airflow/.local/lib/python3.7/site-packages/airflow/example_dags/example_params_trigger_ui.py for tasks to queue
[2023-07-27T02:07:52.679+0000] {logging_mixin.py:150} INFO - [2023-07-27T02:07:52.679+0000] {dagbag.py:541} INFO - Filling up the DagBag from /home/airflow/.local/lib/python3.7/site-packages/airflow/example_dags/example_params_trigger_ui.py
[2023-07-27T02:07:52.721+0000] {processor.py:836} INFO - DAG(s) dict_keys(['example_params_trigger_ui']) retrieved from /home/airflow/.local/lib/python3.7/site-packages/airflow/example_dags/example_params_trigger_ui.py
[2023-07-27T02:07:52.907+0000] {logging_mixin.py:150} INFO - [2023-07-27T02:07:52.907+0000] {dag.py:2742} INFO - Sync 1 DAGs
[2023-07-27T02:07:52.982+0000] {logging_mixin.py:150} INFO - [2023-07-27T02:07:52.982+0000] {dag.py:3508} INFO - Setting next_dagrun for example_params_trigger_ui to None, run_after=None
[2023-07-27T02:07:53.033+0000] {processor.py:179} INFO - Processing /home/airflow/.local/lib/python3.7/site-packages/airflow/example_dags/example_params_trigger_ui.py took 0.364 seconds
[2023-07-27T02:08:24.068+0000] {processor.py:157} INFO - Started process (PID=5810) to work on /home/airflow/.local/lib/python3.7/site-packages/airflow/example_dags/example_params_trigger_ui.py
[2023-07-27T02:08:24.069+0000] {processor.py:826} INFO - Processing file /home/airflow/.local/lib/python3.7/site-packages/airflow/example_dags/example_params_trigger_ui.py for tasks to queue
[2023-07-27T02:08:24.070+0000] {logging_mixin.py:150} INFO - [2023-07-27T02:08:24.070+0000] {dagbag.py:541} INFO - Filling up the DagBag from /home/airflow/.local/lib/python3.7/site-packages/airflow/example_dags/example_params_trigger_ui.py
[2023-07-27T02:08:24.100+0000] {processor.py:836} INFO - DAG(s) dict_keys(['example_params_trigger_ui']) retrieved from /home/airflow/.local/lib/python3.7/site-packages/airflow/example_dags/example_params_trigger_ui.py
[2023-07-27T02:08:24.207+0000] {logging_mixin.py:150} INFO - [2023-07-27T02:08:24.206+0000] {dag.py:2742} INFO - Sync 1 DAGs
[2023-07-27T02:08:24.351+0000] {logging_mixin.py:150} INFO - [2023-07-27T02:08:24.351+0000] {dag.py:3508} INFO - Setting next_dagrun for example_params_trigger_ui to None, run_after=None
[2023-07-27T02:08:24.374+0000] {processor.py:179} INFO - Processing /home/airflow/.local/lib/python3.7/site-packages/airflow/example_dags/example_params_trigger_ui.py took 0.309 seconds
[2023-07-27T02:08:55.397+0000] {processor.py:157} INFO - Started process (PID=5870) to work on /home/airflow/.local/lib/python3.7/site-packages/airflow/example_dags/example_params_trigger_ui.py
[2023-07-27T02:08:55.399+0000] {processor.py:826} INFO - Processing file /home/airflow/.local/lib/python3.7/site-packages/airflow/example_dags/example_params_trigger_ui.py for tasks to queue
[2023-07-27T02:08:55.401+0000] {logging_mixin.py:150} INFO - [2023-07-27T02:08:55.400+0000] {dagbag.py:541} INFO - Filling up the DagBag from /home/airflow/.local/lib/python3.7/site-packages/airflow/example_dags/example_params_trigger_ui.py
[2023-07-27T02:08:55.424+0000] {processor.py:836} INFO - DAG(s) dict_keys(['example_params_trigger_ui']) retrieved from /home/airflow/.local/lib/python3.7/site-packages/airflow/example_dags/example_params_trigger_ui.py
[2023-07-27T02:08:55.519+0000] {logging_mixin.py:150} INFO - [2023-07-27T02:08:55.518+0000] {dag.py:2742} INFO - Sync 1 DAGs
[2023-07-27T02:08:55.548+0000] {logging_mixin.py:150} INFO - [2023-07-27T02:08:55.547+0000] {dag.py:3508} INFO - Setting next_dagrun for example_params_trigger_ui to None, run_after=None
[2023-07-27T02:08:55.680+0000] {processor.py:179} INFO - Processing /home/airflow/.local/lib/python3.7/site-packages/airflow/example_dags/example_params_trigger_ui.py took 0.287 seconds
[2023-07-27T02:09:26.145+0000] {processor.py:157} INFO - Started process (PID=5931) to work on /home/airflow/.local/lib/python3.7/site-packages/airflow/example_dags/example_params_trigger_ui.py
[2023-07-27T02:09:26.146+0000] {processor.py:826} INFO - Processing file /home/airflow/.local/lib/python3.7/site-packages/airflow/example_dags/example_params_trigger_ui.py for tasks to queue
[2023-07-27T02:09:26.148+0000] {logging_mixin.py:150} INFO - [2023-07-27T02:09:26.147+0000] {dagbag.py:541} INFO - Filling up the DagBag from /home/airflow/.local/lib/python3.7/site-packages/airflow/example_dags/example_params_trigger_ui.py
[2023-07-27T02:09:26.172+0000] {processor.py:836} INFO - DAG(s) dict_keys(['example_params_trigger_ui']) retrieved from /home/airflow/.local/lib/python3.7/site-packages/airflow/example_dags/example_params_trigger_ui.py
[2023-07-27T02:09:26.375+0000] {logging_mixin.py:150} INFO - [2023-07-27T02:09:26.375+0000] {dag.py:2742} INFO - Sync 1 DAGs
[2023-07-27T02:09:26.402+0000] {logging_mixin.py:150} INFO - [2023-07-27T02:09:26.402+0000] {dag.py:3508} INFO - Setting next_dagrun for example_params_trigger_ui to None, run_after=None
[2023-07-27T02:09:26.428+0000] {processor.py:179} INFO - Processing /home/airflow/.local/lib/python3.7/site-packages/airflow/example_dags/example_params_trigger_ui.py took 0.286 seconds
[2023-07-27T02:09:57.468+0000] {processor.py:157} INFO - Started process (PID=5990) to work on /home/airflow/.local/lib/python3.7/site-packages/airflow/example_dags/example_params_trigger_ui.py
[2023-07-27T02:09:57.470+0000] {processor.py:826} INFO - Processing file /home/airflow/.local/lib/python3.7/site-packages/airflow/example_dags/example_params_trigger_ui.py for tasks to queue
[2023-07-27T02:09:57.471+0000] {logging_mixin.py:150} INFO - [2023-07-27T02:09:57.470+0000] {dagbag.py:541} INFO - Filling up the DagBag from /home/airflow/.local/lib/python3.7/site-packages/airflow/example_dags/example_params_trigger_ui.py
[2023-07-27T02:09:57.495+0000] {processor.py:836} INFO - DAG(s) dict_keys(['example_params_trigger_ui']) retrieved from /home/airflow/.local/lib/python3.7/site-packages/airflow/example_dags/example_params_trigger_ui.py
[2023-07-27T02:09:57.697+0000] {logging_mixin.py:150} INFO - [2023-07-27T02:09:57.697+0000] {dag.py:2742} INFO - Sync 1 DAGs
[2023-07-27T02:09:57.724+0000] {logging_mixin.py:150} INFO - [2023-07-27T02:09:57.724+0000] {dag.py:3508} INFO - Setting next_dagrun for example_params_trigger_ui to None, run_after=None
[2023-07-27T02:09:57.747+0000] {processor.py:179} INFO - Processing /home/airflow/.local/lib/python3.7/site-packages/airflow/example_dags/example_params_trigger_ui.py took 0.283 seconds
[2023-07-27T02:10:28.459+0000] {processor.py:157} INFO - Started process (PID=6050) to work on /home/airflow/.local/lib/python3.7/site-packages/airflow/example_dags/example_params_trigger_ui.py
[2023-07-27T02:10:28.460+0000] {processor.py:826} INFO - Processing file /home/airflow/.local/lib/python3.7/site-packages/airflow/example_dags/example_params_trigger_ui.py for tasks to queue
[2023-07-27T02:10:28.461+0000] {logging_mixin.py:150} INFO - [2023-07-27T02:10:28.461+0000] {dagbag.py:541} INFO - Filling up the DagBag from /home/airflow/.local/lib/python3.7/site-packages/airflow/example_dags/example_params_trigger_ui.py
[2023-07-27T02:10:28.489+0000] {processor.py:836} INFO - DAG(s) dict_keys(['example_params_trigger_ui']) retrieved from /home/airflow/.local/lib/python3.7/site-packages/airflow/example_dags/example_params_trigger_ui.py
[2023-07-27T02:10:28.596+0000] {logging_mixin.py:150} INFO - [2023-07-27T02:10:28.596+0000] {dag.py:2742} INFO - Sync 1 DAGs
[2023-07-27T02:10:28.735+0000] {logging_mixin.py:150} INFO - [2023-07-27T02:10:28.735+0000] {dag.py:3508} INFO - Setting next_dagrun for example_params_trigger_ui to None, run_after=None
[2023-07-27T02:10:28.761+0000] {processor.py:179} INFO - Processing /home/airflow/.local/lib/python3.7/site-packages/airflow/example_dags/example_params_trigger_ui.py took 0.307 seconds
