[2023-07-27T01:39:03.004+0000] {processor.py:157} INFO - Started process (PID=2341) to work on /home/airflow/.local/lib/python3.7/site-packages/airflow/example_dags/example_sla_dag.py
[2023-07-27T01:39:03.015+0000] {processor.py:826} INFO - Processing file /home/airflow/.local/lib/python3.7/site-packages/airflow/example_dags/example_sla_dag.py for tasks to queue
[2023-07-27T01:39:03.018+0000] {logging_mixin.py:150} INFO - [2023-07-27T01:39:03.018+0000] {dagbag.py:541} INFO - Filling up the DagBag from /home/airflow/.local/lib/python3.7/site-packages/airflow/example_dags/example_sla_dag.py
[2023-07-27T01:39:03.029+0000] {processor.py:836} INFO - DAG(s) dict_keys(['example_sla_dag']) retrieved from /home/airflow/.local/lib/python3.7/site-packages/airflow/example_dags/example_sla_dag.py
[2023-07-27T01:39:03.108+0000] {logging_mixin.py:150} INFO - [2023-07-27T01:39:03.108+0000] {dag.py:2742} INFO - Sync 1 DAGs
[2023-07-27T01:39:03.206+0000] {logging_mixin.py:150} INFO - [2023-07-27T01:39:03.206+0000] {dag.py:3508} INFO - Setting next_dagrun for example_sla_dag to 2023-07-27T01:36:00+00:00, run_after=2023-07-27T01:38:00+00:00
[2023-07-27T01:39:03.255+0000] {processor.py:179} INFO - Processing /home/airflow/.local/lib/python3.7/site-packages/airflow/example_dags/example_sla_dag.py took 0.255 seconds
[2023-07-27T01:39:33.355+0000] {processor.py:157} INFO - Started process (PID=2399) to work on /home/airflow/.local/lib/python3.7/site-packages/airflow/example_dags/example_sla_dag.py
[2023-07-27T01:39:33.356+0000] {processor.py:826} INFO - Processing file /home/airflow/.local/lib/python3.7/site-packages/airflow/example_dags/example_sla_dag.py for tasks to queue
[2023-07-27T01:39:33.357+0000] {logging_mixin.py:150} INFO - [2023-07-27T01:39:33.357+0000] {dagbag.py:541} INFO - Filling up the DagBag from /home/airflow/.local/lib/python3.7/site-packages/airflow/example_dags/example_sla_dag.py
[2023-07-27T01:39:33.367+0000] {processor.py:836} INFO - DAG(s) dict_keys(['example_sla_dag']) retrieved from /home/airflow/.local/lib/python3.7/site-packages/airflow/example_dags/example_sla_dag.py
[2023-07-27T01:39:33.393+0000] {logging_mixin.py:150} INFO - [2023-07-27T01:39:33.392+0000] {dag.py:2742} INFO - Sync 1 DAGs
[2023-07-27T01:39:33.425+0000] {logging_mixin.py:150} INFO - [2023-07-27T01:39:33.425+0000] {dag.py:3508} INFO - Setting next_dagrun for example_sla_dag to 2023-07-27T01:36:00+00:00, run_after=2023-07-27T01:38:00+00:00
[2023-07-27T01:39:33.449+0000] {processor.py:179} INFO - Processing /home/airflow/.local/lib/python3.7/site-packages/airflow/example_dags/example_sla_dag.py took 0.098 seconds
[2023-07-27T01:40:03.869+0000] {processor.py:157} INFO - Started process (PID=2453) to work on /home/airflow/.local/lib/python3.7/site-packages/airflow/example_dags/example_sla_dag.py
[2023-07-27T01:40:03.870+0000] {processor.py:826} INFO - Processing file /home/airflow/.local/lib/python3.7/site-packages/airflow/example_dags/example_sla_dag.py for tasks to queue
[2023-07-27T01:40:03.871+0000] {logging_mixin.py:150} INFO - [2023-07-27T01:40:03.871+0000] {dagbag.py:541} INFO - Filling up the DagBag from /home/airflow/.local/lib/python3.7/site-packages/airflow/example_dags/example_sla_dag.py
[2023-07-27T01:40:03.883+0000] {processor.py:836} INFO - DAG(s) dict_keys(['example_sla_dag']) retrieved from /home/airflow/.local/lib/python3.7/site-packages/airflow/example_dags/example_sla_dag.py
[2023-07-27T01:40:03.917+0000] {logging_mixin.py:150} INFO - [2023-07-27T01:40:03.916+0000] {dag.py:2742} INFO - Sync 1 DAGs
[2023-07-27T01:40:03.964+0000] {logging_mixin.py:150} INFO - [2023-07-27T01:40:03.964+0000] {dag.py:3508} INFO - Setting next_dagrun for example_sla_dag to 2023-07-27T01:38:00+00:00, run_after=2023-07-27T01:40:00+00:00
[2023-07-27T01:40:04.000+0000] {processor.py:179} INFO - Processing /home/airflow/.local/lib/python3.7/site-packages/airflow/example_dags/example_sla_dag.py took 0.135 seconds
[2023-07-27T01:40:35.001+0000] {processor.py:157} INFO - Started process (PID=2515) to work on /home/airflow/.local/lib/python3.7/site-packages/airflow/example_dags/example_sla_dag.py
[2023-07-27T01:40:35.003+0000] {processor.py:826} INFO - Processing file /home/airflow/.local/lib/python3.7/site-packages/airflow/example_dags/example_sla_dag.py for tasks to queue
[2023-07-27T01:40:35.004+0000] {logging_mixin.py:150} INFO - [2023-07-27T01:40:35.003+0000] {dagbag.py:541} INFO - Filling up the DagBag from /home/airflow/.local/lib/python3.7/site-packages/airflow/example_dags/example_sla_dag.py
[2023-07-27T01:40:35.013+0000] {processor.py:836} INFO - DAG(s) dict_keys(['example_sla_dag']) retrieved from /home/airflow/.local/lib/python3.7/site-packages/airflow/example_dags/example_sla_dag.py
[2023-07-27T01:40:35.039+0000] {logging_mixin.py:150} INFO - [2023-07-27T01:40:35.039+0000] {dag.py:2742} INFO - Sync 1 DAGs
[2023-07-27T01:40:35.070+0000] {logging_mixin.py:150} INFO - [2023-07-27T01:40:35.070+0000] {dag.py:3508} INFO - Setting next_dagrun for example_sla_dag to 2023-07-27T01:38:00+00:00, run_after=2023-07-27T01:40:00+00:00
[2023-07-27T01:40:35.095+0000] {processor.py:179} INFO - Processing /home/airflow/.local/lib/python3.7/site-packages/airflow/example_dags/example_sla_dag.py took 0.097 seconds
[2023-07-27T01:41:05.143+0000] {processor.py:157} INFO - Started process (PID=2575) to work on /home/airflow/.local/lib/python3.7/site-packages/airflow/example_dags/example_sla_dag.py
[2023-07-27T01:41:05.144+0000] {processor.py:826} INFO - Processing file /home/airflow/.local/lib/python3.7/site-packages/airflow/example_dags/example_sla_dag.py for tasks to queue
[2023-07-27T01:41:05.146+0000] {logging_mixin.py:150} INFO - [2023-07-27T01:41:05.145+0000] {dagbag.py:541} INFO - Filling up the DagBag from /home/airflow/.local/lib/python3.7/site-packages/airflow/example_dags/example_sla_dag.py
[2023-07-27T01:41:05.155+0000] {processor.py:836} INFO - DAG(s) dict_keys(['example_sla_dag']) retrieved from /home/airflow/.local/lib/python3.7/site-packages/airflow/example_dags/example_sla_dag.py
[2023-07-27T01:41:05.179+0000] {logging_mixin.py:150} INFO - [2023-07-27T01:41:05.179+0000] {dag.py:2742} INFO - Sync 1 DAGs
[2023-07-27T01:41:05.211+0000] {logging_mixin.py:150} INFO - [2023-07-27T01:41:05.211+0000] {dag.py:3508} INFO - Setting next_dagrun for example_sla_dag to 2023-07-27T01:38:00+00:00, run_after=2023-07-27T01:40:00+00:00
[2023-07-27T01:41:05.236+0000] {processor.py:179} INFO - Processing /home/airflow/.local/lib/python3.7/site-packages/airflow/example_dags/example_sla_dag.py took 0.096 seconds
[2023-07-27T01:41:35.320+0000] {processor.py:157} INFO - Started process (PID=2635) to work on /home/airflow/.local/lib/python3.7/site-packages/airflow/example_dags/example_sla_dag.py
[2023-07-27T01:41:35.322+0000] {processor.py:826} INFO - Processing file /home/airflow/.local/lib/python3.7/site-packages/airflow/example_dags/example_sla_dag.py for tasks to queue
[2023-07-27T01:41:35.323+0000] {logging_mixin.py:150} INFO - [2023-07-27T01:41:35.322+0000] {dagbag.py:541} INFO - Filling up the DagBag from /home/airflow/.local/lib/python3.7/site-packages/airflow/example_dags/example_sla_dag.py
[2023-07-27T01:41:35.331+0000] {processor.py:836} INFO - DAG(s) dict_keys(['example_sla_dag']) retrieved from /home/airflow/.local/lib/python3.7/site-packages/airflow/example_dags/example_sla_dag.py
[2023-07-27T01:41:35.355+0000] {logging_mixin.py:150} INFO - [2023-07-27T01:41:35.354+0000] {dag.py:2742} INFO - Sync 1 DAGs
[2023-07-27T01:41:35.384+0000] {logging_mixin.py:150} INFO - [2023-07-27T01:41:35.384+0000] {dag.py:3508} INFO - Setting next_dagrun for example_sla_dag to 2023-07-27T01:38:00+00:00, run_after=2023-07-27T01:40:00+00:00
[2023-07-27T01:41:35.406+0000] {processor.py:179} INFO - Processing /home/airflow/.local/lib/python3.7/site-packages/airflow/example_dags/example_sla_dag.py took 0.089 seconds
[2023-07-27T01:42:05.664+0000] {processor.py:157} INFO - Started process (PID=2695) to work on /home/airflow/.local/lib/python3.7/site-packages/airflow/example_dags/example_sla_dag.py
[2023-07-27T01:42:05.665+0000] {processor.py:826} INFO - Processing file /home/airflow/.local/lib/python3.7/site-packages/airflow/example_dags/example_sla_dag.py for tasks to queue
[2023-07-27T01:42:05.666+0000] {logging_mixin.py:150} INFO - [2023-07-27T01:42:05.666+0000] {dagbag.py:541} INFO - Filling up the DagBag from /home/airflow/.local/lib/python3.7/site-packages/airflow/example_dags/example_sla_dag.py
[2023-07-27T01:42:05.674+0000] {processor.py:836} INFO - DAG(s) dict_keys(['example_sla_dag']) retrieved from /home/airflow/.local/lib/python3.7/site-packages/airflow/example_dags/example_sla_dag.py
[2023-07-27T01:42:05.698+0000] {logging_mixin.py:150} INFO - [2023-07-27T01:42:05.698+0000] {dag.py:2742} INFO - Sync 1 DAGs
[2023-07-27T01:42:05.727+0000] {logging_mixin.py:150} INFO - [2023-07-27T01:42:05.727+0000] {dag.py:3508} INFO - Setting next_dagrun for example_sla_dag to 2023-07-27T01:40:00+00:00, run_after=2023-07-27T01:42:00+00:00
[2023-07-27T01:42:05.749+0000] {processor.py:179} INFO - Processing /home/airflow/.local/lib/python3.7/site-packages/airflow/example_dags/example_sla_dag.py took 0.088 seconds
[2023-07-27T01:42:36.443+0000] {processor.py:157} INFO - Started process (PID=2756) to work on /home/airflow/.local/lib/python3.7/site-packages/airflow/example_dags/example_sla_dag.py
[2023-07-27T01:42:36.444+0000] {processor.py:826} INFO - Processing file /home/airflow/.local/lib/python3.7/site-packages/airflow/example_dags/example_sla_dag.py for tasks to queue
[2023-07-27T01:42:36.445+0000] {logging_mixin.py:150} INFO - [2023-07-27T01:42:36.444+0000] {dagbag.py:541} INFO - Filling up the DagBag from /home/airflow/.local/lib/python3.7/site-packages/airflow/example_dags/example_sla_dag.py
[2023-07-27T01:42:36.453+0000] {processor.py:836} INFO - DAG(s) dict_keys(['example_sla_dag']) retrieved from /home/airflow/.local/lib/python3.7/site-packages/airflow/example_dags/example_sla_dag.py
[2023-07-27T01:42:36.477+0000] {logging_mixin.py:150} INFO - [2023-07-27T01:42:36.476+0000] {dag.py:2742} INFO - Sync 1 DAGs
[2023-07-27T01:42:36.507+0000] {logging_mixin.py:150} INFO - [2023-07-27T01:42:36.506+0000] {dag.py:3508} INFO - Setting next_dagrun for example_sla_dag to 2023-07-27T01:40:00+00:00, run_after=2023-07-27T01:42:00+00:00
[2023-07-27T01:42:36.529+0000] {processor.py:179} INFO - Processing /home/airflow/.local/lib/python3.7/site-packages/airflow/example_dags/example_sla_dag.py took 0.090 seconds
[2023-07-27T01:43:07.217+0000] {processor.py:157} INFO - Started process (PID=2817) to work on /home/airflow/.local/lib/python3.7/site-packages/airflow/example_dags/example_sla_dag.py
[2023-07-27T01:43:07.218+0000] {processor.py:826} INFO - Processing file /home/airflow/.local/lib/python3.7/site-packages/airflow/example_dags/example_sla_dag.py for tasks to queue
[2023-07-27T01:43:07.219+0000] {logging_mixin.py:150} INFO - [2023-07-27T01:43:07.219+0000] {dagbag.py:541} INFO - Filling up the DagBag from /home/airflow/.local/lib/python3.7/site-packages/airflow/example_dags/example_sla_dag.py
[2023-07-27T01:43:07.228+0000] {processor.py:836} INFO - DAG(s) dict_keys(['example_sla_dag']) retrieved from /home/airflow/.local/lib/python3.7/site-packages/airflow/example_dags/example_sla_dag.py
[2023-07-27T01:43:07.252+0000] {logging_mixin.py:150} INFO - [2023-07-27T01:43:07.252+0000] {dag.py:2742} INFO - Sync 1 DAGs
[2023-07-27T01:43:07.283+0000] {logging_mixin.py:150} INFO - [2023-07-27T01:43:07.282+0000] {dag.py:3508} INFO - Setting next_dagrun for example_sla_dag to 2023-07-27T01:40:00+00:00, run_after=2023-07-27T01:42:00+00:00
[2023-07-27T01:43:07.307+0000] {processor.py:179} INFO - Processing /home/airflow/.local/lib/python3.7/site-packages/airflow/example_dags/example_sla_dag.py took 0.093 seconds
[2023-07-27T01:43:37.749+0000] {processor.py:157} INFO - Started process (PID=2877) to work on /home/airflow/.local/lib/python3.7/site-packages/airflow/example_dags/example_sla_dag.py
[2023-07-27T01:43:37.750+0000] {processor.py:826} INFO - Processing file /home/airflow/.local/lib/python3.7/site-packages/airflow/example_dags/example_sla_dag.py for tasks to queue
[2023-07-27T01:43:37.751+0000] {logging_mixin.py:150} INFO - [2023-07-27T01:43:37.751+0000] {dagbag.py:541} INFO - Filling up the DagBag from /home/airflow/.local/lib/python3.7/site-packages/airflow/example_dags/example_sla_dag.py
[2023-07-27T01:43:37.760+0000] {processor.py:836} INFO - DAG(s) dict_keys(['example_sla_dag']) retrieved from /home/airflow/.local/lib/python3.7/site-packages/airflow/example_dags/example_sla_dag.py
[2023-07-27T01:43:37.784+0000] {logging_mixin.py:150} INFO - [2023-07-27T01:43:37.784+0000] {dag.py:2742} INFO - Sync 1 DAGs
[2023-07-27T01:43:37.814+0000] {logging_mixin.py:150} INFO - [2023-07-27T01:43:37.813+0000] {dag.py:3508} INFO - Setting next_dagrun for example_sla_dag to 2023-07-27T01:40:00+00:00, run_after=2023-07-27T01:42:00+00:00
[2023-07-27T01:43:37.837+0000] {processor.py:179} INFO - Processing /home/airflow/.local/lib/python3.7/site-packages/airflow/example_dags/example_sla_dag.py took 0.091 seconds
[2023-07-27T01:44:08.129+0000] {processor.py:157} INFO - Started process (PID=2937) to work on /home/airflow/.local/lib/python3.7/site-packages/airflow/example_dags/example_sla_dag.py
[2023-07-27T01:44:08.131+0000] {processor.py:826} INFO - Processing file /home/airflow/.local/lib/python3.7/site-packages/airflow/example_dags/example_sla_dag.py for tasks to queue
[2023-07-27T01:44:08.132+0000] {logging_mixin.py:150} INFO - [2023-07-27T01:44:08.132+0000] {dagbag.py:541} INFO - Filling up the DagBag from /home/airflow/.local/lib/python3.7/site-packages/airflow/example_dags/example_sla_dag.py
[2023-07-27T01:44:08.142+0000] {processor.py:836} INFO - DAG(s) dict_keys(['example_sla_dag']) retrieved from /home/airflow/.local/lib/python3.7/site-packages/airflow/example_dags/example_sla_dag.py
[2023-07-27T01:44:08.166+0000] {logging_mixin.py:150} INFO - [2023-07-27T01:44:08.166+0000] {dag.py:2742} INFO - Sync 1 DAGs
[2023-07-27T01:44:08.196+0000] {logging_mixin.py:150} INFO - [2023-07-27T01:44:08.196+0000] {dag.py:3508} INFO - Setting next_dagrun for example_sla_dag to 2023-07-27T01:42:00+00:00, run_after=2023-07-27T01:44:00+00:00
[2023-07-27T01:44:08.218+0000] {processor.py:179} INFO - Processing /home/airflow/.local/lib/python3.7/site-packages/airflow/example_dags/example_sla_dag.py took 0.093 seconds
[2023-07-27T01:44:38.833+0000] {processor.py:157} INFO - Started process (PID=2997) to work on /home/airflow/.local/lib/python3.7/site-packages/airflow/example_dags/example_sla_dag.py
[2023-07-27T01:44:38.834+0000] {processor.py:826} INFO - Processing file /home/airflow/.local/lib/python3.7/site-packages/airflow/example_dags/example_sla_dag.py for tasks to queue
[2023-07-27T01:44:38.835+0000] {logging_mixin.py:150} INFO - [2023-07-27T01:44:38.835+0000] {dagbag.py:541} INFO - Filling up the DagBag from /home/airflow/.local/lib/python3.7/site-packages/airflow/example_dags/example_sla_dag.py
[2023-07-27T01:44:38.847+0000] {processor.py:836} INFO - DAG(s) dict_keys(['example_sla_dag']) retrieved from /home/airflow/.local/lib/python3.7/site-packages/airflow/example_dags/example_sla_dag.py
[2023-07-27T01:44:38.876+0000] {logging_mixin.py:150} INFO - [2023-07-27T01:44:38.875+0000] {dag.py:2742} INFO - Sync 1 DAGs
[2023-07-27T01:44:38.909+0000] {logging_mixin.py:150} INFO - [2023-07-27T01:44:38.909+0000] {dag.py:3508} INFO - Setting next_dagrun for example_sla_dag to 2023-07-27T01:42:00+00:00, run_after=2023-07-27T01:44:00+00:00
[2023-07-27T01:44:38.934+0000] {processor.py:179} INFO - Processing /home/airflow/.local/lib/python3.7/site-packages/airflow/example_dags/example_sla_dag.py took 0.104 seconds
[2023-07-27T01:45:09.334+0000] {processor.py:157} INFO - Started process (PID=3057) to work on /home/airflow/.local/lib/python3.7/site-packages/airflow/example_dags/example_sla_dag.py
[2023-07-27T01:45:09.335+0000] {processor.py:826} INFO - Processing file /home/airflow/.local/lib/python3.7/site-packages/airflow/example_dags/example_sla_dag.py for tasks to queue
[2023-07-27T01:45:09.336+0000] {logging_mixin.py:150} INFO - [2023-07-27T01:45:09.336+0000] {dagbag.py:541} INFO - Filling up the DagBag from /home/airflow/.local/lib/python3.7/site-packages/airflow/example_dags/example_sla_dag.py
[2023-07-27T01:45:09.345+0000] {processor.py:836} INFO - DAG(s) dict_keys(['example_sla_dag']) retrieved from /home/airflow/.local/lib/python3.7/site-packages/airflow/example_dags/example_sla_dag.py
[2023-07-27T01:45:09.369+0000] {logging_mixin.py:150} INFO - [2023-07-27T01:45:09.369+0000] {dag.py:2742} INFO - Sync 1 DAGs
[2023-07-27T01:45:09.399+0000] {logging_mixin.py:150} INFO - [2023-07-27T01:45:09.399+0000] {dag.py:3508} INFO - Setting next_dagrun for example_sla_dag to 2023-07-27T01:42:00+00:00, run_after=2023-07-27T01:44:00+00:00
[2023-07-27T01:45:09.423+0000] {processor.py:179} INFO - Processing /home/airflow/.local/lib/python3.7/site-packages/airflow/example_dags/example_sla_dag.py took 0.092 seconds
[2023-07-27T01:45:39.653+0000] {processor.py:157} INFO - Started process (PID=3118) to work on /home/airflow/.local/lib/python3.7/site-packages/airflow/example_dags/example_sla_dag.py
[2023-07-27T01:45:39.655+0000] {processor.py:826} INFO - Processing file /home/airflow/.local/lib/python3.7/site-packages/airflow/example_dags/example_sla_dag.py for tasks to queue
[2023-07-27T01:45:39.656+0000] {logging_mixin.py:150} INFO - [2023-07-27T01:45:39.655+0000] {dagbag.py:541} INFO - Filling up the DagBag from /home/airflow/.local/lib/python3.7/site-packages/airflow/example_dags/example_sla_dag.py
[2023-07-27T01:45:39.665+0000] {processor.py:836} INFO - DAG(s) dict_keys(['example_sla_dag']) retrieved from /home/airflow/.local/lib/python3.7/site-packages/airflow/example_dags/example_sla_dag.py
[2023-07-27T01:45:39.688+0000] {logging_mixin.py:150} INFO - [2023-07-27T01:45:39.688+0000] {dag.py:2742} INFO - Sync 1 DAGs
[2023-07-27T01:45:39.718+0000] {logging_mixin.py:150} INFO - [2023-07-27T01:45:39.718+0000] {dag.py:3508} INFO - Setting next_dagrun for example_sla_dag to 2023-07-27T01:42:00+00:00, run_after=2023-07-27T01:44:00+00:00
[2023-07-27T01:45:39.740+0000] {processor.py:179} INFO - Processing /home/airflow/.local/lib/python3.7/site-packages/airflow/example_dags/example_sla_dag.py took 0.090 seconds
[2023-07-27T01:46:10.721+0000] {processor.py:157} INFO - Started process (PID=3178) to work on /home/airflow/.local/lib/python3.7/site-packages/airflow/example_dags/example_sla_dag.py
[2023-07-27T01:46:10.722+0000] {processor.py:826} INFO - Processing file /home/airflow/.local/lib/python3.7/site-packages/airflow/example_dags/example_sla_dag.py for tasks to queue
[2023-07-27T01:46:10.724+0000] {logging_mixin.py:150} INFO - [2023-07-27T01:46:10.723+0000] {dagbag.py:541} INFO - Filling up the DagBag from /home/airflow/.local/lib/python3.7/site-packages/airflow/example_dags/example_sla_dag.py
[2023-07-27T01:46:10.736+0000] {processor.py:836} INFO - DAG(s) dict_keys(['example_sla_dag']) retrieved from /home/airflow/.local/lib/python3.7/site-packages/airflow/example_dags/example_sla_dag.py
[2023-07-27T01:46:10.759+0000] {logging_mixin.py:150} INFO - [2023-07-27T01:46:10.759+0000] {dag.py:2742} INFO - Sync 1 DAGs
[2023-07-27T01:46:10.789+0000] {logging_mixin.py:150} INFO - [2023-07-27T01:46:10.789+0000] {dag.py:3508} INFO - Setting next_dagrun for example_sla_dag to 2023-07-27T01:44:00+00:00, run_after=2023-07-27T01:46:00+00:00
[2023-07-27T01:46:10.822+0000] {processor.py:179} INFO - Processing /home/airflow/.local/lib/python3.7/site-packages/airflow/example_dags/example_sla_dag.py took 0.105 seconds
[2023-07-27T01:46:41.234+0000] {processor.py:157} INFO - Started process (PID=3238) to work on /home/airflow/.local/lib/python3.7/site-packages/airflow/example_dags/example_sla_dag.py
[2023-07-27T01:46:41.235+0000] {processor.py:826} INFO - Processing file /home/airflow/.local/lib/python3.7/site-packages/airflow/example_dags/example_sla_dag.py for tasks to queue
[2023-07-27T01:46:41.236+0000] {logging_mixin.py:150} INFO - [2023-07-27T01:46:41.236+0000] {dagbag.py:541} INFO - Filling up the DagBag from /home/airflow/.local/lib/python3.7/site-packages/airflow/example_dags/example_sla_dag.py
[2023-07-27T01:46:41.245+0000] {processor.py:836} INFO - DAG(s) dict_keys(['example_sla_dag']) retrieved from /home/airflow/.local/lib/python3.7/site-packages/airflow/example_dags/example_sla_dag.py
[2023-07-27T01:46:41.270+0000] {logging_mixin.py:150} INFO - [2023-07-27T01:46:41.269+0000] {dag.py:2742} INFO - Sync 1 DAGs
[2023-07-27T01:46:41.300+0000] {logging_mixin.py:150} INFO - [2023-07-27T01:46:41.300+0000] {dag.py:3508} INFO - Setting next_dagrun for example_sla_dag to 2023-07-27T01:44:00+00:00, run_after=2023-07-27T01:46:00+00:00
[2023-07-27T01:46:41.324+0000] {processor.py:179} INFO - Processing /home/airflow/.local/lib/python3.7/site-packages/airflow/example_dags/example_sla_dag.py took 0.094 seconds
[2023-07-27T01:47:11.425+0000] {processor.py:157} INFO - Started process (PID=3298) to work on /home/airflow/.local/lib/python3.7/site-packages/airflow/example_dags/example_sla_dag.py
[2023-07-27T01:47:11.426+0000] {processor.py:826} INFO - Processing file /home/airflow/.local/lib/python3.7/site-packages/airflow/example_dags/example_sla_dag.py for tasks to queue
[2023-07-27T01:47:11.427+0000] {logging_mixin.py:150} INFO - [2023-07-27T01:47:11.427+0000] {dagbag.py:541} INFO - Filling up the DagBag from /home/airflow/.local/lib/python3.7/site-packages/airflow/example_dags/example_sla_dag.py
[2023-07-27T01:47:11.436+0000] {processor.py:836} INFO - DAG(s) dict_keys(['example_sla_dag']) retrieved from /home/airflow/.local/lib/python3.7/site-packages/airflow/example_dags/example_sla_dag.py
[2023-07-27T01:47:11.461+0000] {logging_mixin.py:150} INFO - [2023-07-27T01:47:11.461+0000] {dag.py:2742} INFO - Sync 1 DAGs
[2023-07-27T01:47:11.491+0000] {logging_mixin.py:150} INFO - [2023-07-27T01:47:11.491+0000] {dag.py:3508} INFO - Setting next_dagrun for example_sla_dag to 2023-07-27T01:44:00+00:00, run_after=2023-07-27T01:46:00+00:00
[2023-07-27T01:47:11.516+0000] {processor.py:179} INFO - Processing /home/airflow/.local/lib/python3.7/site-packages/airflow/example_dags/example_sla_dag.py took 0.094 seconds
[2023-07-27T01:47:41.718+0000] {processor.py:157} INFO - Started process (PID=3358) to work on /home/airflow/.local/lib/python3.7/site-packages/airflow/example_dags/example_sla_dag.py
[2023-07-27T01:47:41.719+0000] {processor.py:826} INFO - Processing file /home/airflow/.local/lib/python3.7/site-packages/airflow/example_dags/example_sla_dag.py for tasks to queue
[2023-07-27T01:47:41.720+0000] {logging_mixin.py:150} INFO - [2023-07-27T01:47:41.720+0000] {dagbag.py:541} INFO - Filling up the DagBag from /home/airflow/.local/lib/python3.7/site-packages/airflow/example_dags/example_sla_dag.py
[2023-07-27T01:47:41.730+0000] {processor.py:836} INFO - DAG(s) dict_keys(['example_sla_dag']) retrieved from /home/airflow/.local/lib/python3.7/site-packages/airflow/example_dags/example_sla_dag.py
[2023-07-27T01:47:41.758+0000] {logging_mixin.py:150} INFO - [2023-07-27T01:47:41.758+0000] {dag.py:2742} INFO - Sync 1 DAGs
[2023-07-27T01:47:41.792+0000] {logging_mixin.py:150} INFO - [2023-07-27T01:47:41.791+0000] {dag.py:3508} INFO - Setting next_dagrun for example_sla_dag to 2023-07-27T01:44:00+00:00, run_after=2023-07-27T01:46:00+00:00
[2023-07-27T01:47:41.818+0000] {processor.py:179} INFO - Processing /home/airflow/.local/lib/python3.7/site-packages/airflow/example_dags/example_sla_dag.py took 0.104 seconds
[2023-07-27T01:48:12.020+0000] {processor.py:157} INFO - Started process (PID=3418) to work on /home/airflow/.local/lib/python3.7/site-packages/airflow/example_dags/example_sla_dag.py
[2023-07-27T01:48:12.022+0000] {processor.py:826} INFO - Processing file /home/airflow/.local/lib/python3.7/site-packages/airflow/example_dags/example_sla_dag.py for tasks to queue
[2023-07-27T01:48:12.023+0000] {logging_mixin.py:150} INFO - [2023-07-27T01:48:12.023+0000] {dagbag.py:541} INFO - Filling up the DagBag from /home/airflow/.local/lib/python3.7/site-packages/airflow/example_dags/example_sla_dag.py
[2023-07-27T01:48:12.032+0000] {processor.py:836} INFO - DAG(s) dict_keys(['example_sla_dag']) retrieved from /home/airflow/.local/lib/python3.7/site-packages/airflow/example_dags/example_sla_dag.py
[2023-07-27T01:48:12.057+0000] {logging_mixin.py:150} INFO - [2023-07-27T01:48:12.057+0000] {dag.py:2742} INFO - Sync 1 DAGs
[2023-07-27T01:48:12.088+0000] {logging_mixin.py:150} INFO - [2023-07-27T01:48:12.087+0000] {dag.py:3508} INFO - Setting next_dagrun for example_sla_dag to 2023-07-27T01:46:00+00:00, run_after=2023-07-27T01:48:00+00:00
[2023-07-27T01:48:12.123+0000] {processor.py:179} INFO - Processing /home/airflow/.local/lib/python3.7/site-packages/airflow/example_dags/example_sla_dag.py took 0.106 seconds
[2023-07-27T01:48:42.492+0000] {processor.py:157} INFO - Started process (PID=3478) to work on /home/airflow/.local/lib/python3.7/site-packages/airflow/example_dags/example_sla_dag.py
[2023-07-27T01:48:42.493+0000] {processor.py:826} INFO - Processing file /home/airflow/.local/lib/python3.7/site-packages/airflow/example_dags/example_sla_dag.py for tasks to queue
[2023-07-27T01:48:42.494+0000] {logging_mixin.py:150} INFO - [2023-07-27T01:48:42.494+0000] {dagbag.py:541} INFO - Filling up the DagBag from /home/airflow/.local/lib/python3.7/site-packages/airflow/example_dags/example_sla_dag.py
[2023-07-27T01:48:42.504+0000] {processor.py:836} INFO - DAG(s) dict_keys(['example_sla_dag']) retrieved from /home/airflow/.local/lib/python3.7/site-packages/airflow/example_dags/example_sla_dag.py
[2023-07-27T01:48:42.528+0000] {logging_mixin.py:150} INFO - [2023-07-27T01:48:42.528+0000] {dag.py:2742} INFO - Sync 1 DAGs
[2023-07-27T01:48:42.559+0000] {logging_mixin.py:150} INFO - [2023-07-27T01:48:42.559+0000] {dag.py:3508} INFO - Setting next_dagrun for example_sla_dag to 2023-07-27T01:46:00+00:00, run_after=2023-07-27T01:48:00+00:00
[2023-07-27T01:48:42.580+0000] {processor.py:179} INFO - Processing /home/airflow/.local/lib/python3.7/site-packages/airflow/example_dags/example_sla_dag.py took 0.092 seconds
[2023-07-27T01:49:12.928+0000] {processor.py:157} INFO - Started process (PID=3538) to work on /home/airflow/.local/lib/python3.7/site-packages/airflow/example_dags/example_sla_dag.py
[2023-07-27T01:49:12.929+0000] {processor.py:826} INFO - Processing file /home/airflow/.local/lib/python3.7/site-packages/airflow/example_dags/example_sla_dag.py for tasks to queue
[2023-07-27T01:49:12.931+0000] {logging_mixin.py:150} INFO - [2023-07-27T01:49:12.930+0000] {dagbag.py:541} INFO - Filling up the DagBag from /home/airflow/.local/lib/python3.7/site-packages/airflow/example_dags/example_sla_dag.py
[2023-07-27T01:49:12.939+0000] {processor.py:836} INFO - DAG(s) dict_keys(['example_sla_dag']) retrieved from /home/airflow/.local/lib/python3.7/site-packages/airflow/example_dags/example_sla_dag.py
[2023-07-27T01:49:12.965+0000] {logging_mixin.py:150} INFO - [2023-07-27T01:49:12.964+0000] {dag.py:2742} INFO - Sync 1 DAGs
[2023-07-27T01:49:12.996+0000] {logging_mixin.py:150} INFO - [2023-07-27T01:49:12.996+0000] {dag.py:3508} INFO - Setting next_dagrun for example_sla_dag to 2023-07-27T01:46:00+00:00, run_after=2023-07-27T01:48:00+00:00
[2023-07-27T01:49:13.020+0000] {processor.py:179} INFO - Processing /home/airflow/.local/lib/python3.7/site-packages/airflow/example_dags/example_sla_dag.py took 0.096 seconds
[2023-07-27T01:49:43.304+0000] {processor.py:157} INFO - Started process (PID=3599) to work on /home/airflow/.local/lib/python3.7/site-packages/airflow/example_dags/example_sla_dag.py
[2023-07-27T01:49:43.305+0000] {processor.py:826} INFO - Processing file /home/airflow/.local/lib/python3.7/site-packages/airflow/example_dags/example_sla_dag.py for tasks to queue
[2023-07-27T01:49:43.306+0000] {logging_mixin.py:150} INFO - [2023-07-27T01:49:43.306+0000] {dagbag.py:541} INFO - Filling up the DagBag from /home/airflow/.local/lib/python3.7/site-packages/airflow/example_dags/example_sla_dag.py
[2023-07-27T01:49:43.315+0000] {processor.py:836} INFO - DAG(s) dict_keys(['example_sla_dag']) retrieved from /home/airflow/.local/lib/python3.7/site-packages/airflow/example_dags/example_sla_dag.py
[2023-07-27T01:49:43.340+0000] {logging_mixin.py:150} INFO - [2023-07-27T01:49:43.340+0000] {dag.py:2742} INFO - Sync 1 DAGs
[2023-07-27T01:49:43.372+0000] {logging_mixin.py:150} INFO - [2023-07-27T01:49:43.372+0000] {dag.py:3508} INFO - Setting next_dagrun for example_sla_dag to 2023-07-27T01:46:00+00:00, run_after=2023-07-27T01:48:00+00:00
[2023-07-27T01:49:43.407+0000] {processor.py:179} INFO - Processing /home/airflow/.local/lib/python3.7/site-packages/airflow/example_dags/example_sla_dag.py took 0.106 seconds
[2023-07-27T01:50:13.759+0000] {processor.py:157} INFO - Started process (PID=3659) to work on /home/airflow/.local/lib/python3.7/site-packages/airflow/example_dags/example_sla_dag.py
[2023-07-27T01:50:13.760+0000] {processor.py:826} INFO - Processing file /home/airflow/.local/lib/python3.7/site-packages/airflow/example_dags/example_sla_dag.py for tasks to queue
[2023-07-27T01:50:13.761+0000] {logging_mixin.py:150} INFO - [2023-07-27T01:50:13.761+0000] {dagbag.py:541} INFO - Filling up the DagBag from /home/airflow/.local/lib/python3.7/site-packages/airflow/example_dags/example_sla_dag.py
[2023-07-27T01:50:13.771+0000] {processor.py:836} INFO - DAG(s) dict_keys(['example_sla_dag']) retrieved from /home/airflow/.local/lib/python3.7/site-packages/airflow/example_dags/example_sla_dag.py
[2023-07-27T01:50:13.795+0000] {logging_mixin.py:150} INFO - [2023-07-27T01:50:13.795+0000] {dag.py:2742} INFO - Sync 1 DAGs
[2023-07-27T01:50:13.826+0000] {logging_mixin.py:150} INFO - [2023-07-27T01:50:13.826+0000] {dag.py:3508} INFO - Setting next_dagrun for example_sla_dag to 2023-07-27T01:48:00+00:00, run_after=2023-07-27T01:50:00+00:00
[2023-07-27T01:50:13.849+0000] {processor.py:179} INFO - Processing /home/airflow/.local/lib/python3.7/site-packages/airflow/example_dags/example_sla_dag.py took 0.094 seconds
[2023-07-27T01:50:43.933+0000] {processor.py:157} INFO - Started process (PID=3719) to work on /home/airflow/.local/lib/python3.7/site-packages/airflow/example_dags/example_sla_dag.py
[2023-07-27T01:50:43.934+0000] {processor.py:826} INFO - Processing file /home/airflow/.local/lib/python3.7/site-packages/airflow/example_dags/example_sla_dag.py for tasks to queue
[2023-07-27T01:50:43.935+0000] {logging_mixin.py:150} INFO - [2023-07-27T01:50:43.935+0000] {dagbag.py:541} INFO - Filling up the DagBag from /home/airflow/.local/lib/python3.7/site-packages/airflow/example_dags/example_sla_dag.py
[2023-07-27T01:50:43.944+0000] {processor.py:836} INFO - DAG(s) dict_keys(['example_sla_dag']) retrieved from /home/airflow/.local/lib/python3.7/site-packages/airflow/example_dags/example_sla_dag.py
[2023-07-27T01:50:43.969+0000] {logging_mixin.py:150} INFO - [2023-07-27T01:50:43.968+0000] {dag.py:2742} INFO - Sync 1 DAGs
[2023-07-27T01:50:44.000+0000] {logging_mixin.py:150} INFO - [2023-07-27T01:50:43.999+0000] {dag.py:3508} INFO - Setting next_dagrun for example_sla_dag to 2023-07-27T01:48:00+00:00, run_after=2023-07-27T01:50:00+00:00
[2023-07-27T01:50:44.025+0000] {processor.py:179} INFO - Processing /home/airflow/.local/lib/python3.7/site-packages/airflow/example_dags/example_sla_dag.py took 0.097 seconds
[2023-07-27T01:51:14.536+0000] {processor.py:157} INFO - Started process (PID=3779) to work on /home/airflow/.local/lib/python3.7/site-packages/airflow/example_dags/example_sla_dag.py
[2023-07-27T01:51:14.538+0000] {processor.py:826} INFO - Processing file /home/airflow/.local/lib/python3.7/site-packages/airflow/example_dags/example_sla_dag.py for tasks to queue
[2023-07-27T01:51:14.539+0000] {logging_mixin.py:150} INFO - [2023-07-27T01:51:14.538+0000] {dagbag.py:541} INFO - Filling up the DagBag from /home/airflow/.local/lib/python3.7/site-packages/airflow/example_dags/example_sla_dag.py
[2023-07-27T01:51:14.547+0000] {processor.py:836} INFO - DAG(s) dict_keys(['example_sla_dag']) retrieved from /home/airflow/.local/lib/python3.7/site-packages/airflow/example_dags/example_sla_dag.py
[2023-07-27T01:51:14.573+0000] {logging_mixin.py:150} INFO - [2023-07-27T01:51:14.572+0000] {dag.py:2742} INFO - Sync 1 DAGs
[2023-07-27T01:51:14.603+0000] {logging_mixin.py:150} INFO - [2023-07-27T01:51:14.603+0000] {dag.py:3508} INFO - Setting next_dagrun for example_sla_dag to 2023-07-27T01:48:00+00:00, run_after=2023-07-27T01:50:00+00:00
[2023-07-27T01:51:14.629+0000] {processor.py:179} INFO - Processing /home/airflow/.local/lib/python3.7/site-packages/airflow/example_dags/example_sla_dag.py took 0.096 seconds
[2023-07-27T01:51:44.796+0000] {processor.py:157} INFO - Started process (PID=3839) to work on /home/airflow/.local/lib/python3.7/site-packages/airflow/example_dags/example_sla_dag.py
[2023-07-27T01:51:44.797+0000] {processor.py:826} INFO - Processing file /home/airflow/.local/lib/python3.7/site-packages/airflow/example_dags/example_sla_dag.py for tasks to queue
[2023-07-27T01:51:44.798+0000] {logging_mixin.py:150} INFO - [2023-07-27T01:51:44.798+0000] {dagbag.py:541} INFO - Filling up the DagBag from /home/airflow/.local/lib/python3.7/site-packages/airflow/example_dags/example_sla_dag.py
[2023-07-27T01:51:44.808+0000] {processor.py:836} INFO - DAG(s) dict_keys(['example_sla_dag']) retrieved from /home/airflow/.local/lib/python3.7/site-packages/airflow/example_dags/example_sla_dag.py
[2023-07-27T01:51:44.833+0000] {logging_mixin.py:150} INFO - [2023-07-27T01:51:44.832+0000] {dag.py:2742} INFO - Sync 1 DAGs
[2023-07-27T01:51:44.864+0000] {logging_mixin.py:150} INFO - [2023-07-27T01:51:44.863+0000] {dag.py:3508} INFO - Setting next_dagrun for example_sla_dag to 2023-07-27T01:48:00+00:00, run_after=2023-07-27T01:50:00+00:00
[2023-07-27T01:51:44.887+0000] {processor.py:179} INFO - Processing /home/airflow/.local/lib/python3.7/site-packages/airflow/example_dags/example_sla_dag.py took 0.095 seconds
[2023-07-27T01:52:15.569+0000] {processor.py:157} INFO - Started process (PID=3899) to work on /home/airflow/.local/lib/python3.7/site-packages/airflow/example_dags/example_sla_dag.py
[2023-07-27T01:52:15.571+0000] {processor.py:826} INFO - Processing file /home/airflow/.local/lib/python3.7/site-packages/airflow/example_dags/example_sla_dag.py for tasks to queue
[2023-07-27T01:52:15.572+0000] {logging_mixin.py:150} INFO - [2023-07-27T01:52:15.572+0000] {dagbag.py:541} INFO - Filling up the DagBag from /home/airflow/.local/lib/python3.7/site-packages/airflow/example_dags/example_sla_dag.py
[2023-07-27T01:52:15.580+0000] {processor.py:836} INFO - DAG(s) dict_keys(['example_sla_dag']) retrieved from /home/airflow/.local/lib/python3.7/site-packages/airflow/example_dags/example_sla_dag.py
[2023-07-27T01:52:15.605+0000] {logging_mixin.py:150} INFO - [2023-07-27T01:52:15.605+0000] {dag.py:2742} INFO - Sync 1 DAGs
[2023-07-27T01:52:15.636+0000] {logging_mixin.py:150} INFO - [2023-07-27T01:52:15.636+0000] {dag.py:3508} INFO - Setting next_dagrun for example_sla_dag to 2023-07-27T01:50:00+00:00, run_after=2023-07-27T01:52:00+00:00
[2023-07-27T01:52:15.659+0000] {processor.py:179} INFO - Processing /home/airflow/.local/lib/python3.7/site-packages/airflow/example_dags/example_sla_dag.py took 0.094 seconds
[2023-07-27T01:52:46.123+0000] {processor.py:157} INFO - Started process (PID=3958) to work on /home/airflow/.local/lib/python3.7/site-packages/airflow/example_dags/example_sla_dag.py
[2023-07-27T01:52:46.124+0000] {processor.py:826} INFO - Processing file /home/airflow/.local/lib/python3.7/site-packages/airflow/example_dags/example_sla_dag.py for tasks to queue
[2023-07-27T01:52:46.125+0000] {logging_mixin.py:150} INFO - [2023-07-27T01:52:46.125+0000] {dagbag.py:541} INFO - Filling up the DagBag from /home/airflow/.local/lib/python3.7/site-packages/airflow/example_dags/example_sla_dag.py
[2023-07-27T01:52:46.134+0000] {processor.py:836} INFO - DAG(s) dict_keys(['example_sla_dag']) retrieved from /home/airflow/.local/lib/python3.7/site-packages/airflow/example_dags/example_sla_dag.py
[2023-07-27T01:52:46.160+0000] {logging_mixin.py:150} INFO - [2023-07-27T01:52:46.160+0000] {dag.py:2742} INFO - Sync 1 DAGs
[2023-07-27T01:52:46.194+0000] {logging_mixin.py:150} INFO - [2023-07-27T01:52:46.194+0000] {dag.py:3508} INFO - Setting next_dagrun for example_sla_dag to 2023-07-27T01:50:00+00:00, run_after=2023-07-27T01:52:00+00:00
[2023-07-27T01:52:46.220+0000] {processor.py:179} INFO - Processing /home/airflow/.local/lib/python3.7/site-packages/airflow/example_dags/example_sla_dag.py took 0.101 seconds
[2023-07-27T01:53:16.345+0000] {processor.py:157} INFO - Started process (PID=4018) to work on /home/airflow/.local/lib/python3.7/site-packages/airflow/example_dags/example_sla_dag.py
[2023-07-27T01:53:16.346+0000] {processor.py:826} INFO - Processing file /home/airflow/.local/lib/python3.7/site-packages/airflow/example_dags/example_sla_dag.py for tasks to queue
[2023-07-27T01:53:16.347+0000] {logging_mixin.py:150} INFO - [2023-07-27T01:53:16.347+0000] {dagbag.py:541} INFO - Filling up the DagBag from /home/airflow/.local/lib/python3.7/site-packages/airflow/example_dags/example_sla_dag.py
[2023-07-27T01:53:16.356+0000] {processor.py:836} INFO - DAG(s) dict_keys(['example_sla_dag']) retrieved from /home/airflow/.local/lib/python3.7/site-packages/airflow/example_dags/example_sla_dag.py
[2023-07-27T01:53:16.384+0000] {logging_mixin.py:150} INFO - [2023-07-27T01:53:16.384+0000] {dag.py:2742} INFO - Sync 1 DAGs
[2023-07-27T01:53:16.415+0000] {logging_mixin.py:150} INFO - [2023-07-27T01:53:16.415+0000] {dag.py:3508} INFO - Setting next_dagrun for example_sla_dag to 2023-07-27T01:50:00+00:00, run_after=2023-07-27T01:52:00+00:00
[2023-07-27T01:53:16.436+0000] {processor.py:179} INFO - Processing /home/airflow/.local/lib/python3.7/site-packages/airflow/example_dags/example_sla_dag.py took 0.095 seconds
[2023-07-27T01:53:46.512+0000] {processor.py:157} INFO - Started process (PID=4078) to work on /home/airflow/.local/lib/python3.7/site-packages/airflow/example_dags/example_sla_dag.py
[2023-07-27T01:53:46.513+0000] {processor.py:826} INFO - Processing file /home/airflow/.local/lib/python3.7/site-packages/airflow/example_dags/example_sla_dag.py for tasks to queue
[2023-07-27T01:53:46.514+0000] {logging_mixin.py:150} INFO - [2023-07-27T01:53:46.514+0000] {dagbag.py:541} INFO - Filling up the DagBag from /home/airflow/.local/lib/python3.7/site-packages/airflow/example_dags/example_sla_dag.py
[2023-07-27T01:53:46.523+0000] {processor.py:836} INFO - DAG(s) dict_keys(['example_sla_dag']) retrieved from /home/airflow/.local/lib/python3.7/site-packages/airflow/example_dags/example_sla_dag.py
[2023-07-27T01:53:46.549+0000] {logging_mixin.py:150} INFO - [2023-07-27T01:53:46.548+0000] {dag.py:2742} INFO - Sync 1 DAGs
[2023-07-27T01:53:46.579+0000] {logging_mixin.py:150} INFO - [2023-07-27T01:53:46.579+0000] {dag.py:3508} INFO - Setting next_dagrun for example_sla_dag to 2023-07-27T01:50:00+00:00, run_after=2023-07-27T01:52:00+00:00
[2023-07-27T01:53:46.605+0000] {processor.py:179} INFO - Processing /home/airflow/.local/lib/python3.7/site-packages/airflow/example_dags/example_sla_dag.py took 0.096 seconds
[2023-07-27T01:54:16.842+0000] {processor.py:157} INFO - Started process (PID=4138) to work on /home/airflow/.local/lib/python3.7/site-packages/airflow/example_dags/example_sla_dag.py
[2023-07-27T01:54:16.843+0000] {processor.py:826} INFO - Processing file /home/airflow/.local/lib/python3.7/site-packages/airflow/example_dags/example_sla_dag.py for tasks to queue
[2023-07-27T01:54:16.844+0000] {logging_mixin.py:150} INFO - [2023-07-27T01:54:16.844+0000] {dagbag.py:541} INFO - Filling up the DagBag from /home/airflow/.local/lib/python3.7/site-packages/airflow/example_dags/example_sla_dag.py
[2023-07-27T01:54:16.853+0000] {processor.py:836} INFO - DAG(s) dict_keys(['example_sla_dag']) retrieved from /home/airflow/.local/lib/python3.7/site-packages/airflow/example_dags/example_sla_dag.py
[2023-07-27T01:54:16.878+0000] {logging_mixin.py:150} INFO - [2023-07-27T01:54:16.877+0000] {dag.py:2742} INFO - Sync 1 DAGs
[2023-07-27T01:54:16.916+0000] {logging_mixin.py:150} INFO - [2023-07-27T01:54:16.916+0000] {dag.py:3508} INFO - Setting next_dagrun for example_sla_dag to 2023-07-27T01:52:00+00:00, run_after=2023-07-27T01:54:00+00:00
[2023-07-27T01:54:16.941+0000] {processor.py:179} INFO - Processing /home/airflow/.local/lib/python3.7/site-packages/airflow/example_dags/example_sla_dag.py took 0.103 seconds
[2023-07-27T01:54:47.287+0000] {processor.py:157} INFO - Started process (PID=4205) to work on /home/airflow/.local/lib/python3.7/site-packages/airflow/example_dags/example_sla_dag.py
[2023-07-27T01:54:47.288+0000] {processor.py:826} INFO - Processing file /home/airflow/.local/lib/python3.7/site-packages/airflow/example_dags/example_sla_dag.py for tasks to queue
[2023-07-27T01:54:47.290+0000] {logging_mixin.py:150} INFO - [2023-07-27T01:54:47.290+0000] {dagbag.py:541} INFO - Filling up the DagBag from /home/airflow/.local/lib/python3.7/site-packages/airflow/example_dags/example_sla_dag.py
[2023-07-27T01:54:47.299+0000] {processor.py:836} INFO - DAG(s) dict_keys(['example_sla_dag']) retrieved from /home/airflow/.local/lib/python3.7/site-packages/airflow/example_dags/example_sla_dag.py
[2023-07-27T01:54:47.324+0000] {logging_mixin.py:150} INFO - [2023-07-27T01:54:47.323+0000] {dag.py:2742} INFO - Sync 1 DAGs
[2023-07-27T01:54:47.355+0000] {logging_mixin.py:150} INFO - [2023-07-27T01:54:47.354+0000] {dag.py:3508} INFO - Setting next_dagrun for example_sla_dag to 2023-07-27T01:52:00+00:00, run_after=2023-07-27T01:54:00+00:00
[2023-07-27T01:54:47.379+0000] {processor.py:179} INFO - Processing /home/airflow/.local/lib/python3.7/site-packages/airflow/example_dags/example_sla_dag.py took 0.096 seconds
[2023-07-27T01:55:17.747+0000] {processor.py:157} INFO - Started process (PID=4265) to work on /home/airflow/.local/lib/python3.7/site-packages/airflow/example_dags/example_sla_dag.py
[2023-07-27T01:55:17.748+0000] {processor.py:826} INFO - Processing file /home/airflow/.local/lib/python3.7/site-packages/airflow/example_dags/example_sla_dag.py for tasks to queue
[2023-07-27T01:55:17.749+0000] {logging_mixin.py:150} INFO - [2023-07-27T01:55:17.748+0000] {dagbag.py:541} INFO - Filling up the DagBag from /home/airflow/.local/lib/python3.7/site-packages/airflow/example_dags/example_sla_dag.py
[2023-07-27T01:55:17.757+0000] {processor.py:836} INFO - DAG(s) dict_keys(['example_sla_dag']) retrieved from /home/airflow/.local/lib/python3.7/site-packages/airflow/example_dags/example_sla_dag.py
[2023-07-27T01:55:17.782+0000] {logging_mixin.py:150} INFO - [2023-07-27T01:55:17.782+0000] {dag.py:2742} INFO - Sync 1 DAGs
[2023-07-27T01:55:17.813+0000] {logging_mixin.py:150} INFO - [2023-07-27T01:55:17.813+0000] {dag.py:3508} INFO - Setting next_dagrun for example_sla_dag to 2023-07-27T01:52:00+00:00, run_after=2023-07-27T01:54:00+00:00
[2023-07-27T01:55:17.837+0000] {processor.py:179} INFO - Processing /home/airflow/.local/lib/python3.7/site-packages/airflow/example_dags/example_sla_dag.py took 0.095 seconds
[2023-07-27T01:55:48.029+0000] {processor.py:157} INFO - Started process (PID=4324) to work on /home/airflow/.local/lib/python3.7/site-packages/airflow/example_dags/example_sla_dag.py
[2023-07-27T01:55:48.031+0000] {processor.py:826} INFO - Processing file /home/airflow/.local/lib/python3.7/site-packages/airflow/example_dags/example_sla_dag.py for tasks to queue
[2023-07-27T01:55:48.032+0000] {logging_mixin.py:150} INFO - [2023-07-27T01:55:48.032+0000] {dagbag.py:541} INFO - Filling up the DagBag from /home/airflow/.local/lib/python3.7/site-packages/airflow/example_dags/example_sla_dag.py
[2023-07-27T01:55:48.041+0000] {processor.py:836} INFO - DAG(s) dict_keys(['example_sla_dag']) retrieved from /home/airflow/.local/lib/python3.7/site-packages/airflow/example_dags/example_sla_dag.py
[2023-07-27T01:55:48.065+0000] {logging_mixin.py:150} INFO - [2023-07-27T01:55:48.065+0000] {dag.py:2742} INFO - Sync 1 DAGs
[2023-07-27T01:55:48.096+0000] {logging_mixin.py:150} INFO - [2023-07-27T01:55:48.096+0000] {dag.py:3508} INFO - Setting next_dagrun for example_sla_dag to 2023-07-27T01:52:00+00:00, run_after=2023-07-27T01:54:00+00:00
[2023-07-27T01:55:48.121+0000] {processor.py:179} INFO - Processing /home/airflow/.local/lib/python3.7/site-packages/airflow/example_dags/example_sla_dag.py took 0.096 seconds
[2023-07-27T01:56:18.557+0000] {processor.py:157} INFO - Started process (PID=4385) to work on /home/airflow/.local/lib/python3.7/site-packages/airflow/example_dags/example_sla_dag.py
[2023-07-27T01:56:18.558+0000] {processor.py:826} INFO - Processing file /home/airflow/.local/lib/python3.7/site-packages/airflow/example_dags/example_sla_dag.py for tasks to queue
[2023-07-27T01:56:18.559+0000] {logging_mixin.py:150} INFO - [2023-07-27T01:56:18.559+0000] {dagbag.py:541} INFO - Filling up the DagBag from /home/airflow/.local/lib/python3.7/site-packages/airflow/example_dags/example_sla_dag.py
[2023-07-27T01:56:18.568+0000] {processor.py:836} INFO - DAG(s) dict_keys(['example_sla_dag']) retrieved from /home/airflow/.local/lib/python3.7/site-packages/airflow/example_dags/example_sla_dag.py
[2023-07-27T01:56:18.592+0000] {logging_mixin.py:150} INFO - [2023-07-27T01:56:18.592+0000] {dag.py:2742} INFO - Sync 1 DAGs
[2023-07-27T01:56:18.623+0000] {logging_mixin.py:150} INFO - [2023-07-27T01:56:18.623+0000] {dag.py:3508} INFO - Setting next_dagrun for example_sla_dag to 2023-07-27T01:54:00+00:00, run_after=2023-07-27T01:56:00+00:00
[2023-07-27T01:56:18.648+0000] {processor.py:179} INFO - Processing /home/airflow/.local/lib/python3.7/site-packages/airflow/example_dags/example_sla_dag.py took 0.095 seconds
[2023-07-27T01:56:48.843+0000] {processor.py:157} INFO - Started process (PID=4446) to work on /home/airflow/.local/lib/python3.7/site-packages/airflow/example_dags/example_sla_dag.py
[2023-07-27T01:56:48.845+0000] {processor.py:826} INFO - Processing file /home/airflow/.local/lib/python3.7/site-packages/airflow/example_dags/example_sla_dag.py for tasks to queue
[2023-07-27T01:56:48.846+0000] {logging_mixin.py:150} INFO - [2023-07-27T01:56:48.846+0000] {dagbag.py:541} INFO - Filling up the DagBag from /home/airflow/.local/lib/python3.7/site-packages/airflow/example_dags/example_sla_dag.py
[2023-07-27T01:56:48.855+0000] {processor.py:836} INFO - DAG(s) dict_keys(['example_sla_dag']) retrieved from /home/airflow/.local/lib/python3.7/site-packages/airflow/example_dags/example_sla_dag.py
[2023-07-27T01:56:48.879+0000] {logging_mixin.py:150} INFO - [2023-07-27T01:56:48.879+0000] {dag.py:2742} INFO - Sync 1 DAGs
[2023-07-27T01:56:48.910+0000] {logging_mixin.py:150} INFO - [2023-07-27T01:56:48.910+0000] {dag.py:3508} INFO - Setting next_dagrun for example_sla_dag to 2023-07-27T01:54:00+00:00, run_after=2023-07-27T01:56:00+00:00
[2023-07-27T01:56:48.965+0000] {processor.py:179} INFO - Processing /home/airflow/.local/lib/python3.7/site-packages/airflow/example_dags/example_sla_dag.py took 0.126 seconds
[2023-07-27T01:57:19.022+0000] {processor.py:157} INFO - Started process (PID=4508) to work on /home/airflow/.local/lib/python3.7/site-packages/airflow/example_dags/example_sla_dag.py
[2023-07-27T01:57:19.024+0000] {processor.py:826} INFO - Processing file /home/airflow/.local/lib/python3.7/site-packages/airflow/example_dags/example_sla_dag.py for tasks to queue
[2023-07-27T01:57:19.025+0000] {logging_mixin.py:150} INFO - [2023-07-27T01:57:19.024+0000] {dagbag.py:541} INFO - Filling up the DagBag from /home/airflow/.local/lib/python3.7/site-packages/airflow/example_dags/example_sla_dag.py
[2023-07-27T01:57:19.034+0000] {processor.py:836} INFO - DAG(s) dict_keys(['example_sla_dag']) retrieved from /home/airflow/.local/lib/python3.7/site-packages/airflow/example_dags/example_sla_dag.py
[2023-07-27T01:57:19.059+0000] {logging_mixin.py:150} INFO - [2023-07-27T01:57:19.059+0000] {dag.py:2742} INFO - Sync 1 DAGs
[2023-07-27T01:57:19.089+0000] {logging_mixin.py:150} INFO - [2023-07-27T01:57:19.089+0000] {dag.py:3508} INFO - Setting next_dagrun for example_sla_dag to 2023-07-27T01:54:00+00:00, run_after=2023-07-27T01:56:00+00:00
[2023-07-27T01:57:19.112+0000] {processor.py:179} INFO - Processing /home/airflow/.local/lib/python3.7/site-packages/airflow/example_dags/example_sla_dag.py took 0.093 seconds
[2023-07-27T01:57:49.368+0000] {processor.py:157} INFO - Started process (PID=4567) to work on /home/airflow/.local/lib/python3.7/site-packages/airflow/example_dags/example_sla_dag.py
[2023-07-27T01:57:49.369+0000] {processor.py:826} INFO - Processing file /home/airflow/.local/lib/python3.7/site-packages/airflow/example_dags/example_sla_dag.py for tasks to queue
[2023-07-27T01:57:49.371+0000] {logging_mixin.py:150} INFO - [2023-07-27T01:57:49.370+0000] {dagbag.py:541} INFO - Filling up the DagBag from /home/airflow/.local/lib/python3.7/site-packages/airflow/example_dags/example_sla_dag.py
[2023-07-27T01:57:49.379+0000] {processor.py:836} INFO - DAG(s) dict_keys(['example_sla_dag']) retrieved from /home/airflow/.local/lib/python3.7/site-packages/airflow/example_dags/example_sla_dag.py
[2023-07-27T01:57:49.403+0000] {logging_mixin.py:150} INFO - [2023-07-27T01:57:49.403+0000] {dag.py:2742} INFO - Sync 1 DAGs
[2023-07-27T01:57:49.434+0000] {logging_mixin.py:150} INFO - [2023-07-27T01:57:49.434+0000] {dag.py:3508} INFO - Setting next_dagrun for example_sla_dag to 2023-07-27T01:54:00+00:00, run_after=2023-07-27T01:56:00+00:00
[2023-07-27T01:57:49.462+0000] {processor.py:179} INFO - Processing /home/airflow/.local/lib/python3.7/site-packages/airflow/example_dags/example_sla_dag.py took 0.097 seconds
[2023-07-27T01:58:19.846+0000] {processor.py:157} INFO - Started process (PID=4627) to work on /home/airflow/.local/lib/python3.7/site-packages/airflow/example_dags/example_sla_dag.py
[2023-07-27T01:58:19.847+0000] {processor.py:826} INFO - Processing file /home/airflow/.local/lib/python3.7/site-packages/airflow/example_dags/example_sla_dag.py for tasks to queue
[2023-07-27T01:58:19.849+0000] {logging_mixin.py:150} INFO - [2023-07-27T01:58:19.848+0000] {dagbag.py:541} INFO - Filling up the DagBag from /home/airflow/.local/lib/python3.7/site-packages/airflow/example_dags/example_sla_dag.py
[2023-07-27T01:58:19.858+0000] {processor.py:836} INFO - DAG(s) dict_keys(['example_sla_dag']) retrieved from /home/airflow/.local/lib/python3.7/site-packages/airflow/example_dags/example_sla_dag.py
[2023-07-27T01:58:19.884+0000] {logging_mixin.py:150} INFO - [2023-07-27T01:58:19.884+0000] {dag.py:2742} INFO - Sync 1 DAGs
[2023-07-27T01:58:19.914+0000] {logging_mixin.py:150} INFO - [2023-07-27T01:58:19.914+0000] {dag.py:3508} INFO - Setting next_dagrun for example_sla_dag to 2023-07-27T01:56:00+00:00, run_after=2023-07-27T01:58:00+00:00
[2023-07-27T01:58:19.939+0000] {processor.py:179} INFO - Processing /home/airflow/.local/lib/python3.7/site-packages/airflow/example_dags/example_sla_dag.py took 0.097 seconds
[2023-07-27T01:58:50.054+0000] {processor.py:157} INFO - Started process (PID=4687) to work on /home/airflow/.local/lib/python3.7/site-packages/airflow/example_dags/example_sla_dag.py
[2023-07-27T01:58:50.056+0000] {processor.py:826} INFO - Processing file /home/airflow/.local/lib/python3.7/site-packages/airflow/example_dags/example_sla_dag.py for tasks to queue
[2023-07-27T01:58:50.057+0000] {logging_mixin.py:150} INFO - [2023-07-27T01:58:50.056+0000] {dagbag.py:541} INFO - Filling up the DagBag from /home/airflow/.local/lib/python3.7/site-packages/airflow/example_dags/example_sla_dag.py
[2023-07-27T01:58:50.066+0000] {processor.py:836} INFO - DAG(s) dict_keys(['example_sla_dag']) retrieved from /home/airflow/.local/lib/python3.7/site-packages/airflow/example_dags/example_sla_dag.py
[2023-07-27T01:58:50.090+0000] {logging_mixin.py:150} INFO - [2023-07-27T01:58:50.090+0000] {dag.py:2742} INFO - Sync 1 DAGs
[2023-07-27T01:58:50.121+0000] {logging_mixin.py:150} INFO - [2023-07-27T01:58:50.121+0000] {dag.py:3508} INFO - Setting next_dagrun for example_sla_dag to 2023-07-27T01:56:00+00:00, run_after=2023-07-27T01:58:00+00:00
[2023-07-27T01:58:50.144+0000] {processor.py:179} INFO - Processing /home/airflow/.local/lib/python3.7/site-packages/airflow/example_dags/example_sla_dag.py took 0.094 seconds
[2023-07-27T01:59:20.513+0000] {processor.py:157} INFO - Started process (PID=4747) to work on /home/airflow/.local/lib/python3.7/site-packages/airflow/example_dags/example_sla_dag.py
[2023-07-27T01:59:20.527+0000] {processor.py:826} INFO - Processing file /home/airflow/.local/lib/python3.7/site-packages/airflow/example_dags/example_sla_dag.py for tasks to queue
[2023-07-27T01:59:20.530+0000] {logging_mixin.py:150} INFO - [2023-07-27T01:59:20.530+0000] {dagbag.py:541} INFO - Filling up the DagBag from /home/airflow/.local/lib/python3.7/site-packages/airflow/example_dags/example_sla_dag.py
[2023-07-27T01:59:20.547+0000] {processor.py:836} INFO - DAG(s) dict_keys(['example_sla_dag']) retrieved from /home/airflow/.local/lib/python3.7/site-packages/airflow/example_dags/example_sla_dag.py
[2023-07-27T01:59:20.573+0000] {logging_mixin.py:150} INFO - [2023-07-27T01:59:20.573+0000] {dag.py:2742} INFO - Sync 1 DAGs
[2023-07-27T01:59:20.605+0000] {logging_mixin.py:150} INFO - [2023-07-27T01:59:20.604+0000] {dag.py:3508} INFO - Setting next_dagrun for example_sla_dag to 2023-07-27T01:56:00+00:00, run_after=2023-07-27T01:58:00+00:00
[2023-07-27T01:59:20.631+0000] {processor.py:179} INFO - Processing /home/airflow/.local/lib/python3.7/site-packages/airflow/example_dags/example_sla_dag.py took 0.122 seconds
[2023-07-27T01:59:50.708+0000] {processor.py:157} INFO - Started process (PID=4807) to work on /home/airflow/.local/lib/python3.7/site-packages/airflow/example_dags/example_sla_dag.py
[2023-07-27T01:59:50.710+0000] {processor.py:826} INFO - Processing file /home/airflow/.local/lib/python3.7/site-packages/airflow/example_dags/example_sla_dag.py for tasks to queue
[2023-07-27T01:59:50.711+0000] {logging_mixin.py:150} INFO - [2023-07-27T01:59:50.711+0000] {dagbag.py:541} INFO - Filling up the DagBag from /home/airflow/.local/lib/python3.7/site-packages/airflow/example_dags/example_sla_dag.py
[2023-07-27T01:59:50.720+0000] {processor.py:836} INFO - DAG(s) dict_keys(['example_sla_dag']) retrieved from /home/airflow/.local/lib/python3.7/site-packages/airflow/example_dags/example_sla_dag.py
[2023-07-27T01:59:50.745+0000] {logging_mixin.py:150} INFO - [2023-07-27T01:59:50.744+0000] {dag.py:2742} INFO - Sync 1 DAGs
[2023-07-27T01:59:50.775+0000] {logging_mixin.py:150} INFO - [2023-07-27T01:59:50.775+0000] {dag.py:3508} INFO - Setting next_dagrun for example_sla_dag to 2023-07-27T01:56:00+00:00, run_after=2023-07-27T01:58:00+00:00
[2023-07-27T01:59:50.809+0000] {processor.py:179} INFO - Processing /home/airflow/.local/lib/python3.7/site-packages/airflow/example_dags/example_sla_dag.py took 0.104 seconds
[2023-07-27T02:00:20.966+0000] {processor.py:157} INFO - Started process (PID=4867) to work on /home/airflow/.local/lib/python3.7/site-packages/airflow/example_dags/example_sla_dag.py
[2023-07-27T02:00:20.967+0000] {processor.py:826} INFO - Processing file /home/airflow/.local/lib/python3.7/site-packages/airflow/example_dags/example_sla_dag.py for tasks to queue
[2023-07-27T02:00:20.969+0000] {logging_mixin.py:150} INFO - [2023-07-27T02:00:20.968+0000] {dagbag.py:541} INFO - Filling up the DagBag from /home/airflow/.local/lib/python3.7/site-packages/airflow/example_dags/example_sla_dag.py
[2023-07-27T02:00:20.978+0000] {processor.py:836} INFO - DAG(s) dict_keys(['example_sla_dag']) retrieved from /home/airflow/.local/lib/python3.7/site-packages/airflow/example_dags/example_sla_dag.py
[2023-07-27T02:00:21.003+0000] {logging_mixin.py:150} INFO - [2023-07-27T02:00:21.002+0000] {dag.py:2742} INFO - Sync 1 DAGs
[2023-07-27T02:00:21.034+0000] {logging_mixin.py:150} INFO - [2023-07-27T02:00:21.034+0000] {dag.py:3508} INFO - Setting next_dagrun for example_sla_dag to 2023-07-27T01:58:00+00:00, run_after=2023-07-27T02:00:00+00:00
[2023-07-27T02:00:21.059+0000] {processor.py:179} INFO - Processing /home/airflow/.local/lib/python3.7/site-packages/airflow/example_dags/example_sla_dag.py took 0.096 seconds
[2023-07-27T02:00:51.297+0000] {processor.py:157} INFO - Started process (PID=4927) to work on /home/airflow/.local/lib/python3.7/site-packages/airflow/example_dags/example_sla_dag.py
[2023-07-27T02:00:51.299+0000] {processor.py:826} INFO - Processing file /home/airflow/.local/lib/python3.7/site-packages/airflow/example_dags/example_sla_dag.py for tasks to queue
[2023-07-27T02:00:51.300+0000] {logging_mixin.py:150} INFO - [2023-07-27T02:00:51.300+0000] {dagbag.py:541} INFO - Filling up the DagBag from /home/airflow/.local/lib/python3.7/site-packages/airflow/example_dags/example_sla_dag.py
[2023-07-27T02:00:51.309+0000] {processor.py:836} INFO - DAG(s) dict_keys(['example_sla_dag']) retrieved from /home/airflow/.local/lib/python3.7/site-packages/airflow/example_dags/example_sla_dag.py
[2023-07-27T02:00:51.333+0000] {logging_mixin.py:150} INFO - [2023-07-27T02:00:51.333+0000] {dag.py:2742} INFO - Sync 1 DAGs
[2023-07-27T02:00:51.365+0000] {logging_mixin.py:150} INFO - [2023-07-27T02:00:51.365+0000] {dag.py:3508} INFO - Setting next_dagrun for example_sla_dag to 2023-07-27T01:58:00+00:00, run_after=2023-07-27T02:00:00+00:00
[2023-07-27T02:00:51.386+0000] {processor.py:179} INFO - Processing /home/airflow/.local/lib/python3.7/site-packages/airflow/example_dags/example_sla_dag.py took 0.092 seconds
[2023-07-27T02:01:21.522+0000] {processor.py:157} INFO - Started process (PID=4987) to work on /home/airflow/.local/lib/python3.7/site-packages/airflow/example_dags/example_sla_dag.py
[2023-07-27T02:01:21.524+0000] {processor.py:826} INFO - Processing file /home/airflow/.local/lib/python3.7/site-packages/airflow/example_dags/example_sla_dag.py for tasks to queue
[2023-07-27T02:01:21.525+0000] {logging_mixin.py:150} INFO - [2023-07-27T02:01:21.525+0000] {dagbag.py:541} INFO - Filling up the DagBag from /home/airflow/.local/lib/python3.7/site-packages/airflow/example_dags/example_sla_dag.py
[2023-07-27T02:01:21.534+0000] {processor.py:836} INFO - DAG(s) dict_keys(['example_sla_dag']) retrieved from /home/airflow/.local/lib/python3.7/site-packages/airflow/example_dags/example_sla_dag.py
[2023-07-27T02:01:21.559+0000] {logging_mixin.py:150} INFO - [2023-07-27T02:01:21.558+0000] {dag.py:2742} INFO - Sync 1 DAGs
[2023-07-27T02:01:21.589+0000] {logging_mixin.py:150} INFO - [2023-07-27T02:01:21.589+0000] {dag.py:3508} INFO - Setting next_dagrun for example_sla_dag to 2023-07-27T01:58:00+00:00, run_after=2023-07-27T02:00:00+00:00
[2023-07-27T02:01:21.613+0000] {processor.py:179} INFO - Processing /home/airflow/.local/lib/python3.7/site-packages/airflow/example_dags/example_sla_dag.py took 0.095 seconds
[2023-07-27T02:01:51.957+0000] {processor.py:157} INFO - Started process (PID=5047) to work on /home/airflow/.local/lib/python3.7/site-packages/airflow/example_dags/example_sla_dag.py
[2023-07-27T02:01:51.958+0000] {processor.py:826} INFO - Processing file /home/airflow/.local/lib/python3.7/site-packages/airflow/example_dags/example_sla_dag.py for tasks to queue
[2023-07-27T02:01:51.959+0000] {logging_mixin.py:150} INFO - [2023-07-27T02:01:51.959+0000] {dagbag.py:541} INFO - Filling up the DagBag from /home/airflow/.local/lib/python3.7/site-packages/airflow/example_dags/example_sla_dag.py
[2023-07-27T02:01:51.968+0000] {processor.py:836} INFO - DAG(s) dict_keys(['example_sla_dag']) retrieved from /home/airflow/.local/lib/python3.7/site-packages/airflow/example_dags/example_sla_dag.py
[2023-07-27T02:01:51.993+0000] {logging_mixin.py:150} INFO - [2023-07-27T02:01:51.992+0000] {dag.py:2742} INFO - Sync 1 DAGs
[2023-07-27T02:01:52.024+0000] {logging_mixin.py:150} INFO - [2023-07-27T02:01:52.023+0000] {dag.py:3508} INFO - Setting next_dagrun for example_sla_dag to 2023-07-27T01:58:00+00:00, run_after=2023-07-27T02:00:00+00:00
[2023-07-27T02:01:52.048+0000] {processor.py:179} INFO - Processing /home/airflow/.local/lib/python3.7/site-packages/airflow/example_dags/example_sla_dag.py took 0.095 seconds
[2023-07-27T02:02:22.108+0000] {processor.py:157} INFO - Started process (PID=5108) to work on /home/airflow/.local/lib/python3.7/site-packages/airflow/example_dags/example_sla_dag.py
[2023-07-27T02:02:22.109+0000] {processor.py:826} INFO - Processing file /home/airflow/.local/lib/python3.7/site-packages/airflow/example_dags/example_sla_dag.py for tasks to queue
[2023-07-27T02:02:22.111+0000] {logging_mixin.py:150} INFO - [2023-07-27T02:02:22.110+0000] {dagbag.py:541} INFO - Filling up the DagBag from /home/airflow/.local/lib/python3.7/site-packages/airflow/example_dags/example_sla_dag.py
[2023-07-27T02:02:22.119+0000] {processor.py:836} INFO - DAG(s) dict_keys(['example_sla_dag']) retrieved from /home/airflow/.local/lib/python3.7/site-packages/airflow/example_dags/example_sla_dag.py
[2023-07-27T02:02:22.144+0000] {logging_mixin.py:150} INFO - [2023-07-27T02:02:22.144+0000] {dag.py:2742} INFO - Sync 1 DAGs
[2023-07-27T02:02:22.174+0000] {logging_mixin.py:150} INFO - [2023-07-27T02:02:22.174+0000] {dag.py:3508} INFO - Setting next_dagrun for example_sla_dag to 2023-07-27T02:00:00+00:00, run_after=2023-07-27T02:02:00+00:00
[2023-07-27T02:02:22.197+0000] {processor.py:179} INFO - Processing /home/airflow/.local/lib/python3.7/site-packages/airflow/example_dags/example_sla_dag.py took 0.092 seconds
[2023-07-27T02:02:52.691+0000] {processor.py:157} INFO - Started process (PID=5160) to work on /home/airflow/.local/lib/python3.7/site-packages/airflow/example_dags/example_sla_dag.py
[2023-07-27T02:02:52.693+0000] {processor.py:826} INFO - Processing file /home/airflow/.local/lib/python3.7/site-packages/airflow/example_dags/example_sla_dag.py for tasks to queue
[2023-07-27T02:02:52.694+0000] {logging_mixin.py:150} INFO - [2023-07-27T02:02:52.693+0000] {dagbag.py:541} INFO - Filling up the DagBag from /home/airflow/.local/lib/python3.7/site-packages/airflow/example_dags/example_sla_dag.py
[2023-07-27T02:02:52.704+0000] {processor.py:836} INFO - DAG(s) dict_keys(['example_sla_dag']) retrieved from /home/airflow/.local/lib/python3.7/site-packages/airflow/example_dags/example_sla_dag.py
[2023-07-27T02:02:52.728+0000] {logging_mixin.py:150} INFO - [2023-07-27T02:02:52.728+0000] {dag.py:2742} INFO - Sync 1 DAGs
[2023-07-27T02:02:52.761+0000] {logging_mixin.py:150} INFO - [2023-07-27T02:02:52.761+0000] {dag.py:3508} INFO - Setting next_dagrun for example_sla_dag to 2023-07-27T02:00:00+00:00, run_after=2023-07-27T02:02:00+00:00
[2023-07-27T02:02:52.794+0000] {processor.py:179} INFO - Processing /home/airflow/.local/lib/python3.7/site-packages/airflow/example_dags/example_sla_dag.py took 0.107 seconds
[2023-07-27T02:03:23.009+0000] {processor.py:157} INFO - Started process (PID=5220) to work on /home/airflow/.local/lib/python3.7/site-packages/airflow/example_dags/example_sla_dag.py
[2023-07-27T02:03:23.010+0000] {processor.py:826} INFO - Processing file /home/airflow/.local/lib/python3.7/site-packages/airflow/example_dags/example_sla_dag.py for tasks to queue
[2023-07-27T02:03:23.011+0000] {logging_mixin.py:150} INFO - [2023-07-27T02:03:23.011+0000] {dagbag.py:541} INFO - Filling up the DagBag from /home/airflow/.local/lib/python3.7/site-packages/airflow/example_dags/example_sla_dag.py
[2023-07-27T02:03:23.021+0000] {processor.py:836} INFO - DAG(s) dict_keys(['example_sla_dag']) retrieved from /home/airflow/.local/lib/python3.7/site-packages/airflow/example_dags/example_sla_dag.py
[2023-07-27T02:03:23.045+0000] {logging_mixin.py:150} INFO - [2023-07-27T02:03:23.045+0000] {dag.py:2742} INFO - Sync 1 DAGs
[2023-07-27T02:03:23.079+0000] {logging_mixin.py:150} INFO - [2023-07-27T02:03:23.079+0000] {dag.py:3508} INFO - Setting next_dagrun for example_sla_dag to 2023-07-27T02:00:00+00:00, run_after=2023-07-27T02:02:00+00:00
[2023-07-27T02:03:23.102+0000] {processor.py:179} INFO - Processing /home/airflow/.local/lib/python3.7/site-packages/airflow/example_dags/example_sla_dag.py took 0.096 seconds
[2023-07-27T02:03:53.364+0000] {processor.py:157} INFO - Started process (PID=5280) to work on /home/airflow/.local/lib/python3.7/site-packages/airflow/example_dags/example_sla_dag.py
[2023-07-27T02:03:53.365+0000] {processor.py:826} INFO - Processing file /home/airflow/.local/lib/python3.7/site-packages/airflow/example_dags/example_sla_dag.py for tasks to queue
[2023-07-27T02:03:53.366+0000] {logging_mixin.py:150} INFO - [2023-07-27T02:03:53.366+0000] {dagbag.py:541} INFO - Filling up the DagBag from /home/airflow/.local/lib/python3.7/site-packages/airflow/example_dags/example_sla_dag.py
[2023-07-27T02:03:53.376+0000] {processor.py:836} INFO - DAG(s) dict_keys(['example_sla_dag']) retrieved from /home/airflow/.local/lib/python3.7/site-packages/airflow/example_dags/example_sla_dag.py
[2023-07-27T02:03:53.401+0000] {logging_mixin.py:150} INFO - [2023-07-27T02:03:53.401+0000] {dag.py:2742} INFO - Sync 1 DAGs
[2023-07-27T02:03:53.435+0000] {logging_mixin.py:150} INFO - [2023-07-27T02:03:53.435+0000] {dag.py:3508} INFO - Setting next_dagrun for example_sla_dag to 2023-07-27T02:00:00+00:00, run_after=2023-07-27T02:02:00+00:00
[2023-07-27T02:03:53.463+0000] {processor.py:179} INFO - Processing /home/airflow/.local/lib/python3.7/site-packages/airflow/example_dags/example_sla_dag.py took 0.102 seconds
[2023-07-27T02:04:23.661+0000] {processor.py:157} INFO - Started process (PID=5340) to work on /home/airflow/.local/lib/python3.7/site-packages/airflow/example_dags/example_sla_dag.py
[2023-07-27T02:04:23.662+0000] {processor.py:826} INFO - Processing file /home/airflow/.local/lib/python3.7/site-packages/airflow/example_dags/example_sla_dag.py for tasks to queue
[2023-07-27T02:04:23.663+0000] {logging_mixin.py:150} INFO - [2023-07-27T02:04:23.663+0000] {dagbag.py:541} INFO - Filling up the DagBag from /home/airflow/.local/lib/python3.7/site-packages/airflow/example_dags/example_sla_dag.py
[2023-07-27T02:04:23.672+0000] {processor.py:836} INFO - DAG(s) dict_keys(['example_sla_dag']) retrieved from /home/airflow/.local/lib/python3.7/site-packages/airflow/example_dags/example_sla_dag.py
[2023-07-27T02:04:23.697+0000] {logging_mixin.py:150} INFO - [2023-07-27T02:04:23.697+0000] {dag.py:2742} INFO - Sync 1 DAGs
[2023-07-27T02:04:23.730+0000] {logging_mixin.py:150} INFO - [2023-07-27T02:04:23.730+0000] {dag.py:3508} INFO - Setting next_dagrun for example_sla_dag to 2023-07-27T02:02:00+00:00, run_after=2023-07-27T02:04:00+00:00
[2023-07-27T02:04:23.754+0000] {processor.py:179} INFO - Processing /home/airflow/.local/lib/python3.7/site-packages/airflow/example_dags/example_sla_dag.py took 0.096 seconds
[2023-07-27T02:04:54.270+0000] {processor.py:157} INFO - Started process (PID=5400) to work on /home/airflow/.local/lib/python3.7/site-packages/airflow/example_dags/example_sla_dag.py
[2023-07-27T02:04:54.271+0000] {processor.py:826} INFO - Processing file /home/airflow/.local/lib/python3.7/site-packages/airflow/example_dags/example_sla_dag.py for tasks to queue
[2023-07-27T02:04:54.272+0000] {logging_mixin.py:150} INFO - [2023-07-27T02:04:54.272+0000] {dagbag.py:541} INFO - Filling up the DagBag from /home/airflow/.local/lib/python3.7/site-packages/airflow/example_dags/example_sla_dag.py
[2023-07-27T02:04:54.282+0000] {processor.py:836} INFO - DAG(s) dict_keys(['example_sla_dag']) retrieved from /home/airflow/.local/lib/python3.7/site-packages/airflow/example_dags/example_sla_dag.py
[2023-07-27T02:04:54.306+0000] {logging_mixin.py:150} INFO - [2023-07-27T02:04:54.305+0000] {dag.py:2742} INFO - Sync 1 DAGs
[2023-07-27T02:04:54.338+0000] {logging_mixin.py:150} INFO - [2023-07-27T02:04:54.337+0000] {dag.py:3508} INFO - Setting next_dagrun for example_sla_dag to 2023-07-27T02:02:00+00:00, run_after=2023-07-27T02:04:00+00:00
[2023-07-27T02:04:54.360+0000] {processor.py:179} INFO - Processing /home/airflow/.local/lib/python3.7/site-packages/airflow/example_dags/example_sla_dag.py took 0.094 seconds
[2023-07-27T02:05:24.512+0000] {processor.py:157} INFO - Started process (PID=5462) to work on /home/airflow/.local/lib/python3.7/site-packages/airflow/example_dags/example_sla_dag.py
[2023-07-27T02:05:24.514+0000] {processor.py:826} INFO - Processing file /home/airflow/.local/lib/python3.7/site-packages/airflow/example_dags/example_sla_dag.py for tasks to queue
[2023-07-27T02:05:24.515+0000] {logging_mixin.py:150} INFO - [2023-07-27T02:05:24.515+0000] {dagbag.py:541} INFO - Filling up the DagBag from /home/airflow/.local/lib/python3.7/site-packages/airflow/example_dags/example_sla_dag.py
[2023-07-27T02:05:24.524+0000] {processor.py:836} INFO - DAG(s) dict_keys(['example_sla_dag']) retrieved from /home/airflow/.local/lib/python3.7/site-packages/airflow/example_dags/example_sla_dag.py
[2023-07-27T02:05:24.553+0000] {logging_mixin.py:150} INFO - [2023-07-27T02:05:24.552+0000] {dag.py:2742} INFO - Sync 1 DAGs
[2023-07-27T02:05:24.583+0000] {logging_mixin.py:150} INFO - [2023-07-27T02:05:24.583+0000] {dag.py:3508} INFO - Setting next_dagrun for example_sla_dag to 2023-07-27T02:02:00+00:00, run_after=2023-07-27T02:04:00+00:00
[2023-07-27T02:05:24.605+0000] {processor.py:179} INFO - Processing /home/airflow/.local/lib/python3.7/site-packages/airflow/example_dags/example_sla_dag.py took 0.096 seconds
[2023-07-27T02:05:55.128+0000] {processor.py:157} INFO - Started process (PID=5520) to work on /home/airflow/.local/lib/python3.7/site-packages/airflow/example_dags/example_sla_dag.py
[2023-07-27T02:05:55.130+0000] {processor.py:826} INFO - Processing file /home/airflow/.local/lib/python3.7/site-packages/airflow/example_dags/example_sla_dag.py for tasks to queue
[2023-07-27T02:05:55.131+0000] {logging_mixin.py:150} INFO - [2023-07-27T02:05:55.130+0000] {dagbag.py:541} INFO - Filling up the DagBag from /home/airflow/.local/lib/python3.7/site-packages/airflow/example_dags/example_sla_dag.py
[2023-07-27T02:05:55.141+0000] {processor.py:836} INFO - DAG(s) dict_keys(['example_sla_dag']) retrieved from /home/airflow/.local/lib/python3.7/site-packages/airflow/example_dags/example_sla_dag.py
[2023-07-27T02:05:55.165+0000] {logging_mixin.py:150} INFO - [2023-07-27T02:05:55.165+0000] {dag.py:2742} INFO - Sync 1 DAGs
[2023-07-27T02:05:55.197+0000] {logging_mixin.py:150} INFO - [2023-07-27T02:05:55.197+0000] {dag.py:3508} INFO - Setting next_dagrun for example_sla_dag to 2023-07-27T02:02:00+00:00, run_after=2023-07-27T02:04:00+00:00
[2023-07-27T02:05:55.219+0000] {processor.py:179} INFO - Processing /home/airflow/.local/lib/python3.7/site-packages/airflow/example_dags/example_sla_dag.py took 0.094 seconds
[2023-07-27T02:06:25.773+0000] {processor.py:157} INFO - Started process (PID=5580) to work on /home/airflow/.local/lib/python3.7/site-packages/airflow/example_dags/example_sla_dag.py
[2023-07-27T02:06:25.774+0000] {processor.py:826} INFO - Processing file /home/airflow/.local/lib/python3.7/site-packages/airflow/example_dags/example_sla_dag.py for tasks to queue
[2023-07-27T02:06:25.775+0000] {logging_mixin.py:150} INFO - [2023-07-27T02:06:25.775+0000] {dagbag.py:541} INFO - Filling up the DagBag from /home/airflow/.local/lib/python3.7/site-packages/airflow/example_dags/example_sla_dag.py
[2023-07-27T02:06:25.785+0000] {processor.py:836} INFO - DAG(s) dict_keys(['example_sla_dag']) retrieved from /home/airflow/.local/lib/python3.7/site-packages/airflow/example_dags/example_sla_dag.py
[2023-07-27T02:06:25.810+0000] {logging_mixin.py:150} INFO - [2023-07-27T02:06:25.810+0000] {dag.py:2742} INFO - Sync 1 DAGs
[2023-07-27T02:06:25.844+0000] {logging_mixin.py:150} INFO - [2023-07-27T02:06:25.844+0000] {dag.py:3508} INFO - Setting next_dagrun for example_sla_dag to 2023-07-27T02:04:00+00:00, run_after=2023-07-27T02:06:00+00:00
[2023-07-27T02:06:25.866+0000] {processor.py:179} INFO - Processing /home/airflow/.local/lib/python3.7/site-packages/airflow/example_dags/example_sla_dag.py took 0.097 seconds
[2023-07-27T02:06:56.315+0000] {processor.py:157} INFO - Started process (PID=5640) to work on /home/airflow/.local/lib/python3.7/site-packages/airflow/example_dags/example_sla_dag.py
[2023-07-27T02:06:56.316+0000] {processor.py:826} INFO - Processing file /home/airflow/.local/lib/python3.7/site-packages/airflow/example_dags/example_sla_dag.py for tasks to queue
[2023-07-27T02:06:56.317+0000] {logging_mixin.py:150} INFO - [2023-07-27T02:06:56.317+0000] {dagbag.py:541} INFO - Filling up the DagBag from /home/airflow/.local/lib/python3.7/site-packages/airflow/example_dags/example_sla_dag.py
[2023-07-27T02:06:56.330+0000] {processor.py:836} INFO - DAG(s) dict_keys(['example_sla_dag']) retrieved from /home/airflow/.local/lib/python3.7/site-packages/airflow/example_dags/example_sla_dag.py
[2023-07-27T02:06:56.358+0000] {logging_mixin.py:150} INFO - [2023-07-27T02:06:56.358+0000] {dag.py:2742} INFO - Sync 1 DAGs
[2023-07-27T02:06:56.397+0000] {logging_mixin.py:150} INFO - [2023-07-27T02:06:56.396+0000] {dag.py:3508} INFO - Setting next_dagrun for example_sla_dag to 2023-07-27T02:04:00+00:00, run_after=2023-07-27T02:06:00+00:00
[2023-07-27T02:06:56.427+0000] {processor.py:179} INFO - Processing /home/airflow/.local/lib/python3.7/site-packages/airflow/example_dags/example_sla_dag.py took 0.118 seconds
[2023-07-27T02:07:27.012+0000] {processor.py:157} INFO - Started process (PID=5700) to work on /home/airflow/.local/lib/python3.7/site-packages/airflow/example_dags/example_sla_dag.py
[2023-07-27T02:07:27.013+0000] {processor.py:826} INFO - Processing file /home/airflow/.local/lib/python3.7/site-packages/airflow/example_dags/example_sla_dag.py for tasks to queue
[2023-07-27T02:07:27.015+0000] {logging_mixin.py:150} INFO - [2023-07-27T02:07:27.014+0000] {dagbag.py:541} INFO - Filling up the DagBag from /home/airflow/.local/lib/python3.7/site-packages/airflow/example_dags/example_sla_dag.py
[2023-07-27T02:07:27.025+0000] {processor.py:836} INFO - DAG(s) dict_keys(['example_sla_dag']) retrieved from /home/airflow/.local/lib/python3.7/site-packages/airflow/example_dags/example_sla_dag.py
[2023-07-27T02:07:27.051+0000] {logging_mixin.py:150} INFO - [2023-07-27T02:07:27.051+0000] {dag.py:2742} INFO - Sync 1 DAGs
[2023-07-27T02:07:27.085+0000] {logging_mixin.py:150} INFO - [2023-07-27T02:07:27.085+0000] {dag.py:3508} INFO - Setting next_dagrun for example_sla_dag to 2023-07-27T02:04:00+00:00, run_after=2023-07-27T02:06:00+00:00
[2023-07-27T02:07:27.107+0000] {processor.py:179} INFO - Processing /home/airflow/.local/lib/python3.7/site-packages/airflow/example_dags/example_sla_dag.py took 0.099 seconds
[2023-07-27T02:07:57.727+0000] {processor.py:157} INFO - Started process (PID=5760) to work on /home/airflow/.local/lib/python3.7/site-packages/airflow/example_dags/example_sla_dag.py
[2023-07-27T02:07:57.729+0000] {processor.py:826} INFO - Processing file /home/airflow/.local/lib/python3.7/site-packages/airflow/example_dags/example_sla_dag.py for tasks to queue
[2023-07-27T02:07:57.731+0000] {logging_mixin.py:150} INFO - [2023-07-27T02:07:57.731+0000] {dagbag.py:541} INFO - Filling up the DagBag from /home/airflow/.local/lib/python3.7/site-packages/airflow/example_dags/example_sla_dag.py
[2023-07-27T02:07:57.745+0000] {processor.py:836} INFO - DAG(s) dict_keys(['example_sla_dag']) retrieved from /home/airflow/.local/lib/python3.7/site-packages/airflow/example_dags/example_sla_dag.py
[2023-07-27T02:07:57.775+0000] {logging_mixin.py:150} INFO - [2023-07-27T02:07:57.775+0000] {dag.py:2742} INFO - Sync 1 DAGs
[2023-07-27T02:07:57.826+0000] {logging_mixin.py:150} INFO - [2023-07-27T02:07:57.826+0000] {dag.py:3508} INFO - Setting next_dagrun for example_sla_dag to 2023-07-27T02:04:00+00:00, run_after=2023-07-27T02:06:00+00:00
[2023-07-27T02:07:57.878+0000] {processor.py:179} INFO - Processing /home/airflow/.local/lib/python3.7/site-packages/airflow/example_dags/example_sla_dag.py took 0.154 seconds
[2023-07-27T02:08:28.483+0000] {processor.py:157} INFO - Started process (PID=5821) to work on /home/airflow/.local/lib/python3.7/site-packages/airflow/example_dags/example_sla_dag.py
[2023-07-27T02:08:28.484+0000] {processor.py:826} INFO - Processing file /home/airflow/.local/lib/python3.7/site-packages/airflow/example_dags/example_sla_dag.py for tasks to queue
[2023-07-27T02:08:28.486+0000] {logging_mixin.py:150} INFO - [2023-07-27T02:08:28.486+0000] {dagbag.py:541} INFO - Filling up the DagBag from /home/airflow/.local/lib/python3.7/site-packages/airflow/example_dags/example_sla_dag.py
[2023-07-27T02:08:28.497+0000] {processor.py:836} INFO - DAG(s) dict_keys(['example_sla_dag']) retrieved from /home/airflow/.local/lib/python3.7/site-packages/airflow/example_dags/example_sla_dag.py
[2023-07-27T02:08:28.528+0000] {logging_mixin.py:150} INFO - [2023-07-27T02:08:28.528+0000] {dag.py:2742} INFO - Sync 1 DAGs
[2023-07-27T02:08:28.567+0000] {logging_mixin.py:150} INFO - [2023-07-27T02:08:28.567+0000] {dag.py:3508} INFO - Setting next_dagrun for example_sla_dag to 2023-07-27T02:06:00+00:00, run_after=2023-07-27T02:08:00+00:00
[2023-07-27T02:08:28.707+0000] {processor.py:179} INFO - Processing /home/airflow/.local/lib/python3.7/site-packages/airflow/example_dags/example_sla_dag.py took 0.228 seconds
[2023-07-27T02:08:59.150+0000] {processor.py:157} INFO - Started process (PID=5881) to work on /home/airflow/.local/lib/python3.7/site-packages/airflow/example_dags/example_sla_dag.py
[2023-07-27T02:08:59.151+0000] {processor.py:826} INFO - Processing file /home/airflow/.local/lib/python3.7/site-packages/airflow/example_dags/example_sla_dag.py for tasks to queue
[2023-07-27T02:08:59.152+0000] {logging_mixin.py:150} INFO - [2023-07-27T02:08:59.152+0000] {dagbag.py:541} INFO - Filling up the DagBag from /home/airflow/.local/lib/python3.7/site-packages/airflow/example_dags/example_sla_dag.py
[2023-07-27T02:08:59.161+0000] {processor.py:836} INFO - DAG(s) dict_keys(['example_sla_dag']) retrieved from /home/airflow/.local/lib/python3.7/site-packages/airflow/example_dags/example_sla_dag.py
[2023-07-27T02:08:59.185+0000] {logging_mixin.py:150} INFO - [2023-07-27T02:08:59.185+0000] {dag.py:2742} INFO - Sync 1 DAGs
[2023-07-27T02:08:59.217+0000] {logging_mixin.py:150} INFO - [2023-07-27T02:08:59.217+0000] {dag.py:3508} INFO - Setting next_dagrun for example_sla_dag to 2023-07-27T02:06:00+00:00, run_after=2023-07-27T02:08:00+00:00
[2023-07-27T02:08:59.249+0000] {processor.py:179} INFO - Processing /home/airflow/.local/lib/python3.7/site-packages/airflow/example_dags/example_sla_dag.py took 0.102 seconds
[2023-07-27T02:09:29.309+0000] {processor.py:157} INFO - Started process (PID=5941) to work on /home/airflow/.local/lib/python3.7/site-packages/airflow/example_dags/example_sla_dag.py
[2023-07-27T02:09:29.310+0000] {processor.py:826} INFO - Processing file /home/airflow/.local/lib/python3.7/site-packages/airflow/example_dags/example_sla_dag.py for tasks to queue
[2023-07-27T02:09:29.312+0000] {logging_mixin.py:150} INFO - [2023-07-27T02:09:29.311+0000] {dagbag.py:541} INFO - Filling up the DagBag from /home/airflow/.local/lib/python3.7/site-packages/airflow/example_dags/example_sla_dag.py
[2023-07-27T02:09:29.323+0000] {processor.py:836} INFO - DAG(s) dict_keys(['example_sla_dag']) retrieved from /home/airflow/.local/lib/python3.7/site-packages/airflow/example_dags/example_sla_dag.py
[2023-07-27T02:09:29.359+0000] {logging_mixin.py:150} INFO - [2023-07-27T02:09:29.359+0000] {dag.py:2742} INFO - Sync 1 DAGs
[2023-07-27T02:09:29.395+0000] {logging_mixin.py:150} INFO - [2023-07-27T02:09:29.395+0000] {dag.py:3508} INFO - Setting next_dagrun for example_sla_dag to 2023-07-27T02:06:00+00:00, run_after=2023-07-27T02:08:00+00:00
[2023-07-27T02:09:29.421+0000] {processor.py:179} INFO - Processing /home/airflow/.local/lib/python3.7/site-packages/airflow/example_dags/example_sla_dag.py took 0.116 seconds
[2023-07-27T02:09:59.557+0000] {processor.py:157} INFO - Started process (PID=6001) to work on /home/airflow/.local/lib/python3.7/site-packages/airflow/example_dags/example_sla_dag.py
[2023-07-27T02:09:59.558+0000] {processor.py:826} INFO - Processing file /home/airflow/.local/lib/python3.7/site-packages/airflow/example_dags/example_sla_dag.py for tasks to queue
[2023-07-27T02:09:59.560+0000] {logging_mixin.py:150} INFO - [2023-07-27T02:09:59.559+0000] {dagbag.py:541} INFO - Filling up the DagBag from /home/airflow/.local/lib/python3.7/site-packages/airflow/example_dags/example_sla_dag.py
[2023-07-27T02:09:59.569+0000] {processor.py:836} INFO - DAG(s) dict_keys(['example_sla_dag']) retrieved from /home/airflow/.local/lib/python3.7/site-packages/airflow/example_dags/example_sla_dag.py
[2023-07-27T02:09:59.596+0000] {logging_mixin.py:150} INFO - [2023-07-27T02:09:59.596+0000] {dag.py:2742} INFO - Sync 1 DAGs
[2023-07-27T02:09:59.806+0000] {logging_mixin.py:150} INFO - [2023-07-27T02:09:59.806+0000] {dag.py:3508} INFO - Setting next_dagrun for example_sla_dag to 2023-07-27T02:06:00+00:00, run_after=2023-07-27T02:08:00+00:00
[2023-07-27T02:09:59.829+0000] {processor.py:179} INFO - Processing /home/airflow/.local/lib/python3.7/site-packages/airflow/example_dags/example_sla_dag.py took 0.276 seconds
[2023-07-27T02:10:30.509+0000] {processor.py:157} INFO - Started process (PID=6061) to work on /home/airflow/.local/lib/python3.7/site-packages/airflow/example_dags/example_sla_dag.py
[2023-07-27T02:10:30.510+0000] {processor.py:826} INFO - Processing file /home/airflow/.local/lib/python3.7/site-packages/airflow/example_dags/example_sla_dag.py for tasks to queue
[2023-07-27T02:10:30.511+0000] {logging_mixin.py:150} INFO - [2023-07-27T02:10:30.511+0000] {dagbag.py:541} INFO - Filling up the DagBag from /home/airflow/.local/lib/python3.7/site-packages/airflow/example_dags/example_sla_dag.py
[2023-07-27T02:10:30.522+0000] {processor.py:836} INFO - DAG(s) dict_keys(['example_sla_dag']) retrieved from /home/airflow/.local/lib/python3.7/site-packages/airflow/example_dags/example_sla_dag.py
[2023-07-27T02:10:30.549+0000] {logging_mixin.py:150} INFO - [2023-07-27T02:10:30.549+0000] {dag.py:2742} INFO - Sync 1 DAGs
[2023-07-27T02:10:30.588+0000] {logging_mixin.py:150} INFO - [2023-07-27T02:10:30.588+0000] {dag.py:3508} INFO - Setting next_dagrun for example_sla_dag to 2023-07-27T02:08:00+00:00, run_after=2023-07-27T02:10:00+00:00
[2023-07-27T02:10:30.613+0000] {processor.py:179} INFO - Processing /home/airflow/.local/lib/python3.7/site-packages/airflow/example_dags/example_sla_dag.py took 0.108 seconds
