[2023-07-27T01:39:08.834+0000] {processor.py:157} INFO - Started process (PID=2367) to work on /home/airflow/.local/lib/python3.7/site-packages/airflow/example_dags/example_nested_branch_dag.py
[2023-07-27T01:39:08.835+0000] {processor.py:826} INFO - Processing file /home/airflow/.local/lib/python3.7/site-packages/airflow/example_dags/example_nested_branch_dag.py for tasks to queue
[2023-07-27T01:39:08.837+0000] {logging_mixin.py:150} INFO - [2023-07-27T01:39:08.836+0000] {dagbag.py:541} INFO - Filling up the DagBag from /home/airflow/.local/lib/python3.7/site-packages/airflow/example_dags/example_nested_branch_dag.py
[2023-07-27T01:39:08.855+0000] {processor.py:836} INFO - DAG(s) dict_keys(['example_nested_branch_dag']) retrieved from /home/airflow/.local/lib/python3.7/site-packages/airflow/example_dags/example_nested_branch_dag.py
[2023-07-27T01:39:08.911+0000] {logging_mixin.py:150} INFO - [2023-07-27T01:39:08.910+0000] {dag.py:2742} INFO - Sync 1 DAGs
[2023-07-27T01:39:08.971+0000] {logging_mixin.py:150} INFO - [2023-07-27T01:39:08.971+0000] {dag.py:3508} INFO - Setting next_dagrun for example_nested_branch_dag to 2023-07-26T00:00:00+00:00, run_after=2023-07-27T00:00:00+00:00
[2023-07-27T01:39:09.087+0000] {processor.py:179} INFO - Processing /home/airflow/.local/lib/python3.7/site-packages/airflow/example_dags/example_nested_branch_dag.py took 0.269 seconds
[2023-07-27T01:39:39.288+0000] {processor.py:157} INFO - Started process (PID=2427) to work on /home/airflow/.local/lib/python3.7/site-packages/airflow/example_dags/example_nested_branch_dag.py
[2023-07-27T01:39:39.289+0000] {processor.py:826} INFO - Processing file /home/airflow/.local/lib/python3.7/site-packages/airflow/example_dags/example_nested_branch_dag.py for tasks to queue
[2023-07-27T01:39:39.290+0000] {logging_mixin.py:150} INFO - [2023-07-27T01:39:39.290+0000] {dagbag.py:541} INFO - Filling up the DagBag from /home/airflow/.local/lib/python3.7/site-packages/airflow/example_dags/example_nested_branch_dag.py
[2023-07-27T01:39:39.302+0000] {processor.py:836} INFO - DAG(s) dict_keys(['example_nested_branch_dag']) retrieved from /home/airflow/.local/lib/python3.7/site-packages/airflow/example_dags/example_nested_branch_dag.py
[2023-07-27T01:39:39.329+0000] {logging_mixin.py:150} INFO - [2023-07-27T01:39:39.328+0000] {dag.py:2742} INFO - Sync 1 DAGs
[2023-07-27T01:39:39.361+0000] {logging_mixin.py:150} INFO - [2023-07-27T01:39:39.360+0000] {dag.py:3508} INFO - Setting next_dagrun for example_nested_branch_dag to 2023-07-26T00:00:00+00:00, run_after=2023-07-27T00:00:00+00:00
[2023-07-27T01:39:39.383+0000] {processor.py:179} INFO - Processing /home/airflow/.local/lib/python3.7/site-packages/airflow/example_dags/example_nested_branch_dag.py took 0.099 seconds
[2023-07-27T01:40:10.297+0000] {processor.py:157} INFO - Started process (PID=2487) to work on /home/airflow/.local/lib/python3.7/site-packages/airflow/example_dags/example_nested_branch_dag.py
[2023-07-27T01:40:10.298+0000] {processor.py:826} INFO - Processing file /home/airflow/.local/lib/python3.7/site-packages/airflow/example_dags/example_nested_branch_dag.py for tasks to queue
[2023-07-27T01:40:10.300+0000] {logging_mixin.py:150} INFO - [2023-07-27T01:40:10.300+0000] {dagbag.py:541} INFO - Filling up the DagBag from /home/airflow/.local/lib/python3.7/site-packages/airflow/example_dags/example_nested_branch_dag.py
[2023-07-27T01:40:10.312+0000] {processor.py:836} INFO - DAG(s) dict_keys(['example_nested_branch_dag']) retrieved from /home/airflow/.local/lib/python3.7/site-packages/airflow/example_dags/example_nested_branch_dag.py
[2023-07-27T01:40:10.343+0000] {logging_mixin.py:150} INFO - [2023-07-27T01:40:10.343+0000] {dag.py:2742} INFO - Sync 1 DAGs
[2023-07-27T01:40:10.381+0000] {logging_mixin.py:150} INFO - [2023-07-27T01:40:10.381+0000] {dag.py:3508} INFO - Setting next_dagrun for example_nested_branch_dag to 2023-07-26T00:00:00+00:00, run_after=2023-07-27T00:00:00+00:00
[2023-07-27T01:40:10.408+0000] {processor.py:179} INFO - Processing /home/airflow/.local/lib/python3.7/site-packages/airflow/example_dags/example_nested_branch_dag.py took 0.114 seconds
[2023-07-27T01:40:40.738+0000] {processor.py:157} INFO - Started process (PID=2548) to work on /home/airflow/.local/lib/python3.7/site-packages/airflow/example_dags/example_nested_branch_dag.py
[2023-07-27T01:40:40.739+0000] {processor.py:826} INFO - Processing file /home/airflow/.local/lib/python3.7/site-packages/airflow/example_dags/example_nested_branch_dag.py for tasks to queue
[2023-07-27T01:40:40.740+0000] {logging_mixin.py:150} INFO - [2023-07-27T01:40:40.740+0000] {dagbag.py:541} INFO - Filling up the DagBag from /home/airflow/.local/lib/python3.7/site-packages/airflow/example_dags/example_nested_branch_dag.py
[2023-07-27T01:40:40.751+0000] {processor.py:836} INFO - DAG(s) dict_keys(['example_nested_branch_dag']) retrieved from /home/airflow/.local/lib/python3.7/site-packages/airflow/example_dags/example_nested_branch_dag.py
[2023-07-27T01:40:40.779+0000] {logging_mixin.py:150} INFO - [2023-07-27T01:40:40.779+0000] {dag.py:2742} INFO - Sync 1 DAGs
[2023-07-27T01:40:40.813+0000] {logging_mixin.py:150} INFO - [2023-07-27T01:40:40.813+0000] {dag.py:3508} INFO - Setting next_dagrun for example_nested_branch_dag to 2023-07-26T00:00:00+00:00, run_after=2023-07-27T00:00:00+00:00
[2023-07-27T01:40:40.838+0000] {processor.py:179} INFO - Processing /home/airflow/.local/lib/python3.7/site-packages/airflow/example_dags/example_nested_branch_dag.py took 0.104 seconds
[2023-07-27T01:41:11.746+0000] {processor.py:157} INFO - Started process (PID=2608) to work on /home/airflow/.local/lib/python3.7/site-packages/airflow/example_dags/example_nested_branch_dag.py
[2023-07-27T01:41:11.748+0000] {processor.py:826} INFO - Processing file /home/airflow/.local/lib/python3.7/site-packages/airflow/example_dags/example_nested_branch_dag.py for tasks to queue
[2023-07-27T01:41:11.749+0000] {logging_mixin.py:150} INFO - [2023-07-27T01:41:11.749+0000] {dagbag.py:541} INFO - Filling up the DagBag from /home/airflow/.local/lib/python3.7/site-packages/airflow/example_dags/example_nested_branch_dag.py
[2023-07-27T01:41:11.759+0000] {processor.py:836} INFO - DAG(s) dict_keys(['example_nested_branch_dag']) retrieved from /home/airflow/.local/lib/python3.7/site-packages/airflow/example_dags/example_nested_branch_dag.py
[2023-07-27T01:41:11.786+0000] {logging_mixin.py:150} INFO - [2023-07-27T01:41:11.785+0000] {dag.py:2742} INFO - Sync 1 DAGs
[2023-07-27T01:41:11.817+0000] {logging_mixin.py:150} INFO - [2023-07-27T01:41:11.817+0000] {dag.py:3508} INFO - Setting next_dagrun for example_nested_branch_dag to 2023-07-26T00:00:00+00:00, run_after=2023-07-27T00:00:00+00:00
[2023-07-27T01:41:11.839+0000] {processor.py:179} INFO - Processing /home/airflow/.local/lib/python3.7/site-packages/airflow/example_dags/example_nested_branch_dag.py took 0.097 seconds
[2023-07-27T01:41:42.066+0000] {processor.py:157} INFO - Started process (PID=2668) to work on /home/airflow/.local/lib/python3.7/site-packages/airflow/example_dags/example_nested_branch_dag.py
[2023-07-27T01:41:42.068+0000] {processor.py:826} INFO - Processing file /home/airflow/.local/lib/python3.7/site-packages/airflow/example_dags/example_nested_branch_dag.py for tasks to queue
[2023-07-27T01:41:42.069+0000] {logging_mixin.py:150} INFO - [2023-07-27T01:41:42.069+0000] {dagbag.py:541} INFO - Filling up the DagBag from /home/airflow/.local/lib/python3.7/site-packages/airflow/example_dags/example_nested_branch_dag.py
[2023-07-27T01:41:42.082+0000] {processor.py:836} INFO - DAG(s) dict_keys(['example_nested_branch_dag']) retrieved from /home/airflow/.local/lib/python3.7/site-packages/airflow/example_dags/example_nested_branch_dag.py
[2023-07-27T01:41:42.111+0000] {logging_mixin.py:150} INFO - [2023-07-27T01:41:42.111+0000] {dag.py:2742} INFO - Sync 1 DAGs
[2023-07-27T01:41:42.142+0000] {logging_mixin.py:150} INFO - [2023-07-27T01:41:42.142+0000] {dag.py:3508} INFO - Setting next_dagrun for example_nested_branch_dag to 2023-07-26T00:00:00+00:00, run_after=2023-07-27T00:00:00+00:00
[2023-07-27T01:41:42.165+0000] {processor.py:179} INFO - Processing /home/airflow/.local/lib/python3.7/site-packages/airflow/example_dags/example_nested_branch_dag.py took 0.102 seconds
[2023-07-27T01:42:12.879+0000] {processor.py:157} INFO - Started process (PID=2728) to work on /home/airflow/.local/lib/python3.7/site-packages/airflow/example_dags/example_nested_branch_dag.py
[2023-07-27T01:42:12.880+0000] {processor.py:826} INFO - Processing file /home/airflow/.local/lib/python3.7/site-packages/airflow/example_dags/example_nested_branch_dag.py for tasks to queue
[2023-07-27T01:42:12.881+0000] {logging_mixin.py:150} INFO - [2023-07-27T01:42:12.881+0000] {dagbag.py:541} INFO - Filling up the DagBag from /home/airflow/.local/lib/python3.7/site-packages/airflow/example_dags/example_nested_branch_dag.py
[2023-07-27T01:42:12.892+0000] {processor.py:836} INFO - DAG(s) dict_keys(['example_nested_branch_dag']) retrieved from /home/airflow/.local/lib/python3.7/site-packages/airflow/example_dags/example_nested_branch_dag.py
[2023-07-27T01:42:12.919+0000] {logging_mixin.py:150} INFO - [2023-07-27T01:42:12.919+0000] {dag.py:2742} INFO - Sync 1 DAGs
[2023-07-27T01:42:12.949+0000] {logging_mixin.py:150} INFO - [2023-07-27T01:42:12.949+0000] {dag.py:3508} INFO - Setting next_dagrun for example_nested_branch_dag to 2023-07-26T00:00:00+00:00, run_after=2023-07-27T00:00:00+00:00
[2023-07-27T01:42:12.973+0000] {processor.py:179} INFO - Processing /home/airflow/.local/lib/python3.7/site-packages/airflow/example_dags/example_nested_branch_dag.py took 0.097 seconds
[2023-07-27T01:42:43.755+0000] {processor.py:157} INFO - Started process (PID=2789) to work on /home/airflow/.local/lib/python3.7/site-packages/airflow/example_dags/example_nested_branch_dag.py
[2023-07-27T01:42:43.756+0000] {processor.py:826} INFO - Processing file /home/airflow/.local/lib/python3.7/site-packages/airflow/example_dags/example_nested_branch_dag.py for tasks to queue
[2023-07-27T01:42:43.757+0000] {logging_mixin.py:150} INFO - [2023-07-27T01:42:43.757+0000] {dagbag.py:541} INFO - Filling up the DagBag from /home/airflow/.local/lib/python3.7/site-packages/airflow/example_dags/example_nested_branch_dag.py
[2023-07-27T01:42:43.770+0000] {processor.py:836} INFO - DAG(s) dict_keys(['example_nested_branch_dag']) retrieved from /home/airflow/.local/lib/python3.7/site-packages/airflow/example_dags/example_nested_branch_dag.py
[2023-07-27T01:42:43.842+0000] {logging_mixin.py:150} INFO - [2023-07-27T01:42:43.842+0000] {dag.py:2742} INFO - Sync 1 DAGs
[2023-07-27T01:42:43.879+0000] {logging_mixin.py:150} INFO - [2023-07-27T01:42:43.878+0000] {dag.py:3508} INFO - Setting next_dagrun for example_nested_branch_dag to 2023-07-26T00:00:00+00:00, run_after=2023-07-27T00:00:00+00:00
[2023-07-27T01:42:43.904+0000] {processor.py:179} INFO - Processing /home/airflow/.local/lib/python3.7/site-packages/airflow/example_dags/example_nested_branch_dag.py took 0.154 seconds
[2023-07-27T01:43:14.167+0000] {processor.py:157} INFO - Started process (PID=2857) to work on /home/airflow/.local/lib/python3.7/site-packages/airflow/example_dags/example_nested_branch_dag.py
[2023-07-27T01:43:14.168+0000] {processor.py:826} INFO - Processing file /home/airflow/.local/lib/python3.7/site-packages/airflow/example_dags/example_nested_branch_dag.py for tasks to queue
[2023-07-27T01:43:14.169+0000] {logging_mixin.py:150} INFO - [2023-07-27T01:43:14.169+0000] {dagbag.py:541} INFO - Filling up the DagBag from /home/airflow/.local/lib/python3.7/site-packages/airflow/example_dags/example_nested_branch_dag.py
[2023-07-27T01:43:14.180+0000] {processor.py:836} INFO - DAG(s) dict_keys(['example_nested_branch_dag']) retrieved from /home/airflow/.local/lib/python3.7/site-packages/airflow/example_dags/example_nested_branch_dag.py
[2023-07-27T01:43:14.206+0000] {logging_mixin.py:150} INFO - [2023-07-27T01:43:14.206+0000] {dag.py:2742} INFO - Sync 1 DAGs
[2023-07-27T01:43:14.234+0000] {logging_mixin.py:150} INFO - [2023-07-27T01:43:14.234+0000] {dag.py:3508} INFO - Setting next_dagrun for example_nested_branch_dag to 2023-07-26T00:00:00+00:00, run_after=2023-07-27T00:00:00+00:00
[2023-07-27T01:43:14.257+0000] {processor.py:179} INFO - Processing /home/airflow/.local/lib/python3.7/site-packages/airflow/example_dags/example_nested_branch_dag.py took 0.094 seconds
[2023-07-27T01:43:44.380+0000] {processor.py:157} INFO - Started process (PID=2917) to work on /home/airflow/.local/lib/python3.7/site-packages/airflow/example_dags/example_nested_branch_dag.py
[2023-07-27T01:43:44.382+0000] {processor.py:826} INFO - Processing file /home/airflow/.local/lib/python3.7/site-packages/airflow/example_dags/example_nested_branch_dag.py for tasks to queue
[2023-07-27T01:43:44.383+0000] {logging_mixin.py:150} INFO - [2023-07-27T01:43:44.383+0000] {dagbag.py:541} INFO - Filling up the DagBag from /home/airflow/.local/lib/python3.7/site-packages/airflow/example_dags/example_nested_branch_dag.py
[2023-07-27T01:43:44.393+0000] {processor.py:836} INFO - DAG(s) dict_keys(['example_nested_branch_dag']) retrieved from /home/airflow/.local/lib/python3.7/site-packages/airflow/example_dags/example_nested_branch_dag.py
[2023-07-27T01:43:44.420+0000] {logging_mixin.py:150} INFO - [2023-07-27T01:43:44.420+0000] {dag.py:2742} INFO - Sync 1 DAGs
[2023-07-27T01:43:44.450+0000] {logging_mixin.py:150} INFO - [2023-07-27T01:43:44.450+0000] {dag.py:3508} INFO - Setting next_dagrun for example_nested_branch_dag to 2023-07-26T00:00:00+00:00, run_after=2023-07-27T00:00:00+00:00
[2023-07-27T01:43:44.485+0000] {processor.py:179} INFO - Processing /home/airflow/.local/lib/python3.7/site-packages/airflow/example_dags/example_nested_branch_dag.py took 0.108 seconds
[2023-07-27T01:44:15.353+0000] {processor.py:157} INFO - Started process (PID=2977) to work on /home/airflow/.local/lib/python3.7/site-packages/airflow/example_dags/example_nested_branch_dag.py
[2023-07-27T01:44:15.354+0000] {processor.py:826} INFO - Processing file /home/airflow/.local/lib/python3.7/site-packages/airflow/example_dags/example_nested_branch_dag.py for tasks to queue
[2023-07-27T01:44:15.355+0000] {logging_mixin.py:150} INFO - [2023-07-27T01:44:15.355+0000] {dagbag.py:541} INFO - Filling up the DagBag from /home/airflow/.local/lib/python3.7/site-packages/airflow/example_dags/example_nested_branch_dag.py
[2023-07-27T01:44:15.366+0000] {processor.py:836} INFO - DAG(s) dict_keys(['example_nested_branch_dag']) retrieved from /home/airflow/.local/lib/python3.7/site-packages/airflow/example_dags/example_nested_branch_dag.py
[2023-07-27T01:44:15.393+0000] {logging_mixin.py:150} INFO - [2023-07-27T01:44:15.393+0000] {dag.py:2742} INFO - Sync 1 DAGs
[2023-07-27T01:44:15.423+0000] {logging_mixin.py:150} INFO - [2023-07-27T01:44:15.422+0000] {dag.py:3508} INFO - Setting next_dagrun for example_nested_branch_dag to 2023-07-26T00:00:00+00:00, run_after=2023-07-27T00:00:00+00:00
[2023-07-27T01:44:15.445+0000] {processor.py:179} INFO - Processing /home/airflow/.local/lib/python3.7/site-packages/airflow/example_dags/example_nested_branch_dag.py took 0.095 seconds
[2023-07-27T01:44:45.896+0000] {processor.py:157} INFO - Started process (PID=3037) to work on /home/airflow/.local/lib/python3.7/site-packages/airflow/example_dags/example_nested_branch_dag.py
[2023-07-27T01:44:45.897+0000] {processor.py:826} INFO - Processing file /home/airflow/.local/lib/python3.7/site-packages/airflow/example_dags/example_nested_branch_dag.py for tasks to queue
[2023-07-27T01:44:45.898+0000] {logging_mixin.py:150} INFO - [2023-07-27T01:44:45.898+0000] {dagbag.py:541} INFO - Filling up the DagBag from /home/airflow/.local/lib/python3.7/site-packages/airflow/example_dags/example_nested_branch_dag.py
[2023-07-27T01:44:45.909+0000] {processor.py:836} INFO - DAG(s) dict_keys(['example_nested_branch_dag']) retrieved from /home/airflow/.local/lib/python3.7/site-packages/airflow/example_dags/example_nested_branch_dag.py
[2023-07-27T01:44:45.937+0000] {logging_mixin.py:150} INFO - [2023-07-27T01:44:45.937+0000] {dag.py:2742} INFO - Sync 1 DAGs
[2023-07-27T01:44:45.968+0000] {logging_mixin.py:150} INFO - [2023-07-27T01:44:45.968+0000] {dag.py:3508} INFO - Setting next_dagrun for example_nested_branch_dag to 2023-07-26T00:00:00+00:00, run_after=2023-07-27T00:00:00+00:00
[2023-07-27T01:44:45.992+0000] {processor.py:179} INFO - Processing /home/airflow/.local/lib/python3.7/site-packages/airflow/example_dags/example_nested_branch_dag.py took 0.100 seconds
[2023-07-27T01:45:16.234+0000] {processor.py:157} INFO - Started process (PID=3098) to work on /home/airflow/.local/lib/python3.7/site-packages/airflow/example_dags/example_nested_branch_dag.py
[2023-07-27T01:45:16.236+0000] {processor.py:826} INFO - Processing file /home/airflow/.local/lib/python3.7/site-packages/airflow/example_dags/example_nested_branch_dag.py for tasks to queue
[2023-07-27T01:45:16.237+0000] {logging_mixin.py:150} INFO - [2023-07-27T01:45:16.236+0000] {dagbag.py:541} INFO - Filling up the DagBag from /home/airflow/.local/lib/python3.7/site-packages/airflow/example_dags/example_nested_branch_dag.py
[2023-07-27T01:45:16.247+0000] {processor.py:836} INFO - DAG(s) dict_keys(['example_nested_branch_dag']) retrieved from /home/airflow/.local/lib/python3.7/site-packages/airflow/example_dags/example_nested_branch_dag.py
[2023-07-27T01:45:16.273+0000] {logging_mixin.py:150} INFO - [2023-07-27T01:45:16.272+0000] {dag.py:2742} INFO - Sync 1 DAGs
[2023-07-27T01:45:16.301+0000] {logging_mixin.py:150} INFO - [2023-07-27T01:45:16.300+0000] {dag.py:3508} INFO - Setting next_dagrun for example_nested_branch_dag to 2023-07-26T00:00:00+00:00, run_after=2023-07-27T00:00:00+00:00
[2023-07-27T01:45:16.324+0000] {processor.py:179} INFO - Processing /home/airflow/.local/lib/python3.7/site-packages/airflow/example_dags/example_nested_branch_dag.py took 0.093 seconds
[2023-07-27T01:45:46.995+0000] {processor.py:157} INFO - Started process (PID=3158) to work on /home/airflow/.local/lib/python3.7/site-packages/airflow/example_dags/example_nested_branch_dag.py
[2023-07-27T01:45:46.997+0000] {processor.py:826} INFO - Processing file /home/airflow/.local/lib/python3.7/site-packages/airflow/example_dags/example_nested_branch_dag.py for tasks to queue
[2023-07-27T01:45:46.998+0000] {logging_mixin.py:150} INFO - [2023-07-27T01:45:46.997+0000] {dagbag.py:541} INFO - Filling up the DagBag from /home/airflow/.local/lib/python3.7/site-packages/airflow/example_dags/example_nested_branch_dag.py
[2023-07-27T01:45:47.008+0000] {processor.py:836} INFO - DAG(s) dict_keys(['example_nested_branch_dag']) retrieved from /home/airflow/.local/lib/python3.7/site-packages/airflow/example_dags/example_nested_branch_dag.py
[2023-07-27T01:45:47.035+0000] {logging_mixin.py:150} INFO - [2023-07-27T01:45:47.035+0000] {dag.py:2742} INFO - Sync 1 DAGs
[2023-07-27T01:45:47.065+0000] {logging_mixin.py:150} INFO - [2023-07-27T01:45:47.065+0000] {dag.py:3508} INFO - Setting next_dagrun for example_nested_branch_dag to 2023-07-26T00:00:00+00:00, run_after=2023-07-27T00:00:00+00:00
[2023-07-27T01:45:47.089+0000] {processor.py:179} INFO - Processing /home/airflow/.local/lib/python3.7/site-packages/airflow/example_dags/example_nested_branch_dag.py took 0.098 seconds
[2023-07-27T01:46:17.348+0000] {processor.py:157} INFO - Started process (PID=3211) to work on /home/airflow/.local/lib/python3.7/site-packages/airflow/example_dags/example_nested_branch_dag.py
[2023-07-27T01:46:17.349+0000] {processor.py:826} INFO - Processing file /home/airflow/.local/lib/python3.7/site-packages/airflow/example_dags/example_nested_branch_dag.py for tasks to queue
[2023-07-27T01:46:17.350+0000] {logging_mixin.py:150} INFO - [2023-07-27T01:46:17.350+0000] {dagbag.py:541} INFO - Filling up the DagBag from /home/airflow/.local/lib/python3.7/site-packages/airflow/example_dags/example_nested_branch_dag.py
[2023-07-27T01:46:17.361+0000] {processor.py:836} INFO - DAG(s) dict_keys(['example_nested_branch_dag']) retrieved from /home/airflow/.local/lib/python3.7/site-packages/airflow/example_dags/example_nested_branch_dag.py
[2023-07-27T01:46:17.387+0000] {logging_mixin.py:150} INFO - [2023-07-27T01:46:17.387+0000] {dag.py:2742} INFO - Sync 1 DAGs
[2023-07-27T01:46:17.417+0000] {logging_mixin.py:150} INFO - [2023-07-27T01:46:17.417+0000] {dag.py:3508} INFO - Setting next_dagrun for example_nested_branch_dag to 2023-07-26T00:00:00+00:00, run_after=2023-07-27T00:00:00+00:00
[2023-07-27T01:46:17.439+0000] {processor.py:179} INFO - Processing /home/airflow/.local/lib/python3.7/site-packages/airflow/example_dags/example_nested_branch_dag.py took 0.095 seconds
[2023-07-27T01:46:48.075+0000] {processor.py:157} INFO - Started process (PID=3271) to work on /home/airflow/.local/lib/python3.7/site-packages/airflow/example_dags/example_nested_branch_dag.py
[2023-07-27T01:46:48.076+0000] {processor.py:826} INFO - Processing file /home/airflow/.local/lib/python3.7/site-packages/airflow/example_dags/example_nested_branch_dag.py for tasks to queue
[2023-07-27T01:46:48.077+0000] {logging_mixin.py:150} INFO - [2023-07-27T01:46:48.077+0000] {dagbag.py:541} INFO - Filling up the DagBag from /home/airflow/.local/lib/python3.7/site-packages/airflow/example_dags/example_nested_branch_dag.py
[2023-07-27T01:46:48.088+0000] {processor.py:836} INFO - DAG(s) dict_keys(['example_nested_branch_dag']) retrieved from /home/airflow/.local/lib/python3.7/site-packages/airflow/example_dags/example_nested_branch_dag.py
[2023-07-27T01:46:48.115+0000] {logging_mixin.py:150} INFO - [2023-07-27T01:46:48.114+0000] {dag.py:2742} INFO - Sync 1 DAGs
[2023-07-27T01:46:48.144+0000] {logging_mixin.py:150} INFO - [2023-07-27T01:46:48.144+0000] {dag.py:3508} INFO - Setting next_dagrun for example_nested_branch_dag to 2023-07-26T00:00:00+00:00, run_after=2023-07-27T00:00:00+00:00
[2023-07-27T01:46:48.178+0000] {processor.py:179} INFO - Processing /home/airflow/.local/lib/python3.7/site-packages/airflow/example_dags/example_nested_branch_dag.py took 0.107 seconds
[2023-07-27T01:47:18.576+0000] {processor.py:157} INFO - Started process (PID=3331) to work on /home/airflow/.local/lib/python3.7/site-packages/airflow/example_dags/example_nested_branch_dag.py
[2023-07-27T01:47:18.577+0000] {processor.py:826} INFO - Processing file /home/airflow/.local/lib/python3.7/site-packages/airflow/example_dags/example_nested_branch_dag.py for tasks to queue
[2023-07-27T01:47:18.578+0000] {logging_mixin.py:150} INFO - [2023-07-27T01:47:18.578+0000] {dagbag.py:541} INFO - Filling up the DagBag from /home/airflow/.local/lib/python3.7/site-packages/airflow/example_dags/example_nested_branch_dag.py
[2023-07-27T01:47:18.589+0000] {processor.py:836} INFO - DAG(s) dict_keys(['example_nested_branch_dag']) retrieved from /home/airflow/.local/lib/python3.7/site-packages/airflow/example_dags/example_nested_branch_dag.py
[2023-07-27T01:47:18.616+0000] {logging_mixin.py:150} INFO - [2023-07-27T01:47:18.616+0000] {dag.py:2742} INFO - Sync 1 DAGs
[2023-07-27T01:47:18.647+0000] {logging_mixin.py:150} INFO - [2023-07-27T01:47:18.647+0000] {dag.py:3508} INFO - Setting next_dagrun for example_nested_branch_dag to 2023-07-26T00:00:00+00:00, run_after=2023-07-27T00:00:00+00:00
[2023-07-27T01:47:18.671+0000] {processor.py:179} INFO - Processing /home/airflow/.local/lib/python3.7/site-packages/airflow/example_dags/example_nested_branch_dag.py took 0.098 seconds
[2023-07-27T01:47:49.523+0000] {processor.py:157} INFO - Started process (PID=3391) to work on /home/airflow/.local/lib/python3.7/site-packages/airflow/example_dags/example_nested_branch_dag.py
[2023-07-27T01:47:49.524+0000] {processor.py:826} INFO - Processing file /home/airflow/.local/lib/python3.7/site-packages/airflow/example_dags/example_nested_branch_dag.py for tasks to queue
[2023-07-27T01:47:49.525+0000] {logging_mixin.py:150} INFO - [2023-07-27T01:47:49.525+0000] {dagbag.py:541} INFO - Filling up the DagBag from /home/airflow/.local/lib/python3.7/site-packages/airflow/example_dags/example_nested_branch_dag.py
[2023-07-27T01:47:49.536+0000] {processor.py:836} INFO - DAG(s) dict_keys(['example_nested_branch_dag']) retrieved from /home/airflow/.local/lib/python3.7/site-packages/airflow/example_dags/example_nested_branch_dag.py
[2023-07-27T01:47:49.563+0000] {logging_mixin.py:150} INFO - [2023-07-27T01:47:49.563+0000] {dag.py:2742} INFO - Sync 1 DAGs
[2023-07-27T01:47:49.593+0000] {logging_mixin.py:150} INFO - [2023-07-27T01:47:49.593+0000] {dag.py:3508} INFO - Setting next_dagrun for example_nested_branch_dag to 2023-07-26T00:00:00+00:00, run_after=2023-07-27T00:00:00+00:00
[2023-07-27T01:47:49.617+0000] {processor.py:179} INFO - Processing /home/airflow/.local/lib/python3.7/site-packages/airflow/example_dags/example_nested_branch_dag.py took 0.097 seconds
[2023-07-27T01:48:19.972+0000] {processor.py:157} INFO - Started process (PID=3451) to work on /home/airflow/.local/lib/python3.7/site-packages/airflow/example_dags/example_nested_branch_dag.py
[2023-07-27T01:48:19.974+0000] {processor.py:826} INFO - Processing file /home/airflow/.local/lib/python3.7/site-packages/airflow/example_dags/example_nested_branch_dag.py for tasks to queue
[2023-07-27T01:48:19.975+0000] {logging_mixin.py:150} INFO - [2023-07-27T01:48:19.975+0000] {dagbag.py:541} INFO - Filling up the DagBag from /home/airflow/.local/lib/python3.7/site-packages/airflow/example_dags/example_nested_branch_dag.py
[2023-07-27T01:48:19.986+0000] {processor.py:836} INFO - DAG(s) dict_keys(['example_nested_branch_dag']) retrieved from /home/airflow/.local/lib/python3.7/site-packages/airflow/example_dags/example_nested_branch_dag.py
[2023-07-27T01:48:20.013+0000] {logging_mixin.py:150} INFO - [2023-07-27T01:48:20.013+0000] {dag.py:2742} INFO - Sync 1 DAGs
[2023-07-27T01:48:20.044+0000] {logging_mixin.py:150} INFO - [2023-07-27T01:48:20.044+0000] {dag.py:3508} INFO - Setting next_dagrun for example_nested_branch_dag to 2023-07-26T00:00:00+00:00, run_after=2023-07-27T00:00:00+00:00
[2023-07-27T01:48:20.067+0000] {processor.py:179} INFO - Processing /home/airflow/.local/lib/python3.7/site-packages/airflow/example_dags/example_nested_branch_dag.py took 0.098 seconds
[2023-07-27T01:48:50.292+0000] {processor.py:157} INFO - Started process (PID=3511) to work on /home/airflow/.local/lib/python3.7/site-packages/airflow/example_dags/example_nested_branch_dag.py
[2023-07-27T01:48:50.294+0000] {processor.py:826} INFO - Processing file /home/airflow/.local/lib/python3.7/site-packages/airflow/example_dags/example_nested_branch_dag.py for tasks to queue
[2023-07-27T01:48:50.295+0000] {logging_mixin.py:150} INFO - [2023-07-27T01:48:50.294+0000] {dagbag.py:541} INFO - Filling up the DagBag from /home/airflow/.local/lib/python3.7/site-packages/airflow/example_dags/example_nested_branch_dag.py
[2023-07-27T01:48:50.306+0000] {processor.py:836} INFO - DAG(s) dict_keys(['example_nested_branch_dag']) retrieved from /home/airflow/.local/lib/python3.7/site-packages/airflow/example_dags/example_nested_branch_dag.py
[2023-07-27T01:48:50.335+0000] {logging_mixin.py:150} INFO - [2023-07-27T01:48:50.335+0000] {dag.py:2742} INFO - Sync 1 DAGs
[2023-07-27T01:48:50.365+0000] {logging_mixin.py:150} INFO - [2023-07-27T01:48:50.364+0000] {dag.py:3508} INFO - Setting next_dagrun for example_nested_branch_dag to 2023-07-26T00:00:00+00:00, run_after=2023-07-27T00:00:00+00:00
[2023-07-27T01:48:50.389+0000] {processor.py:179} INFO - Processing /home/airflow/.local/lib/python3.7/site-packages/airflow/example_dags/example_nested_branch_dag.py took 0.100 seconds
[2023-07-27T01:49:20.714+0000] {processor.py:157} INFO - Started process (PID=3572) to work on /home/airflow/.local/lib/python3.7/site-packages/airflow/example_dags/example_nested_branch_dag.py
[2023-07-27T01:49:20.716+0000] {processor.py:826} INFO - Processing file /home/airflow/.local/lib/python3.7/site-packages/airflow/example_dags/example_nested_branch_dag.py for tasks to queue
[2023-07-27T01:49:20.717+0000] {logging_mixin.py:150} INFO - [2023-07-27T01:49:20.716+0000] {dagbag.py:541} INFO - Filling up the DagBag from /home/airflow/.local/lib/python3.7/site-packages/airflow/example_dags/example_nested_branch_dag.py
[2023-07-27T01:49:20.728+0000] {processor.py:836} INFO - DAG(s) dict_keys(['example_nested_branch_dag']) retrieved from /home/airflow/.local/lib/python3.7/site-packages/airflow/example_dags/example_nested_branch_dag.py
[2023-07-27T01:49:20.754+0000] {logging_mixin.py:150} INFO - [2023-07-27T01:49:20.754+0000] {dag.py:2742} INFO - Sync 1 DAGs
[2023-07-27T01:49:20.784+0000] {logging_mixin.py:150} INFO - [2023-07-27T01:49:20.784+0000] {dag.py:3508} INFO - Setting next_dagrun for example_nested_branch_dag to 2023-07-26T00:00:00+00:00, run_after=2023-07-27T00:00:00+00:00
[2023-07-27T01:49:20.807+0000] {processor.py:179} INFO - Processing /home/airflow/.local/lib/python3.7/site-packages/airflow/example_dags/example_nested_branch_dag.py took 0.097 seconds
[2023-07-27T01:49:51.095+0000] {processor.py:157} INFO - Started process (PID=3632) to work on /home/airflow/.local/lib/python3.7/site-packages/airflow/example_dags/example_nested_branch_dag.py
[2023-07-27T01:49:51.096+0000] {processor.py:826} INFO - Processing file /home/airflow/.local/lib/python3.7/site-packages/airflow/example_dags/example_nested_branch_dag.py for tasks to queue
[2023-07-27T01:49:51.097+0000] {logging_mixin.py:150} INFO - [2023-07-27T01:49:51.097+0000] {dagbag.py:541} INFO - Filling up the DagBag from /home/airflow/.local/lib/python3.7/site-packages/airflow/example_dags/example_nested_branch_dag.py
[2023-07-27T01:49:51.108+0000] {processor.py:836} INFO - DAG(s) dict_keys(['example_nested_branch_dag']) retrieved from /home/airflow/.local/lib/python3.7/site-packages/airflow/example_dags/example_nested_branch_dag.py
[2023-07-27T01:49:51.135+0000] {logging_mixin.py:150} INFO - [2023-07-27T01:49:51.135+0000] {dag.py:2742} INFO - Sync 1 DAGs
[2023-07-27T01:49:51.164+0000] {logging_mixin.py:150} INFO - [2023-07-27T01:49:51.164+0000] {dag.py:3508} INFO - Setting next_dagrun for example_nested_branch_dag to 2023-07-26T00:00:00+00:00, run_after=2023-07-27T00:00:00+00:00
[2023-07-27T01:49:51.188+0000] {processor.py:179} INFO - Processing /home/airflow/.local/lib/python3.7/site-packages/airflow/example_dags/example_nested_branch_dag.py took 0.096 seconds
[2023-07-27T01:50:21.463+0000] {processor.py:157} INFO - Started process (PID=3691) to work on /home/airflow/.local/lib/python3.7/site-packages/airflow/example_dags/example_nested_branch_dag.py
[2023-07-27T01:50:21.464+0000] {processor.py:826} INFO - Processing file /home/airflow/.local/lib/python3.7/site-packages/airflow/example_dags/example_nested_branch_dag.py for tasks to queue
[2023-07-27T01:50:21.465+0000] {logging_mixin.py:150} INFO - [2023-07-27T01:50:21.465+0000] {dagbag.py:541} INFO - Filling up the DagBag from /home/airflow/.local/lib/python3.7/site-packages/airflow/example_dags/example_nested_branch_dag.py
[2023-07-27T01:50:21.475+0000] {processor.py:836} INFO - DAG(s) dict_keys(['example_nested_branch_dag']) retrieved from /home/airflow/.local/lib/python3.7/site-packages/airflow/example_dags/example_nested_branch_dag.py
[2023-07-27T01:50:21.502+0000] {logging_mixin.py:150} INFO - [2023-07-27T01:50:21.502+0000] {dag.py:2742} INFO - Sync 1 DAGs
[2023-07-27T01:50:21.532+0000] {logging_mixin.py:150} INFO - [2023-07-27T01:50:21.532+0000] {dag.py:3508} INFO - Setting next_dagrun for example_nested_branch_dag to 2023-07-26T00:00:00+00:00, run_after=2023-07-27T00:00:00+00:00
[2023-07-27T01:50:21.554+0000] {processor.py:179} INFO - Processing /home/airflow/.local/lib/python3.7/site-packages/airflow/example_dags/example_nested_branch_dag.py took 0.095 seconds
[2023-07-27T01:50:52.079+0000] {processor.py:157} INFO - Started process (PID=3751) to work on /home/airflow/.local/lib/python3.7/site-packages/airflow/example_dags/example_nested_branch_dag.py
[2023-07-27T01:50:52.080+0000] {processor.py:826} INFO - Processing file /home/airflow/.local/lib/python3.7/site-packages/airflow/example_dags/example_nested_branch_dag.py for tasks to queue
[2023-07-27T01:50:52.081+0000] {logging_mixin.py:150} INFO - [2023-07-27T01:50:52.080+0000] {dagbag.py:541} INFO - Filling up the DagBag from /home/airflow/.local/lib/python3.7/site-packages/airflow/example_dags/example_nested_branch_dag.py
[2023-07-27T01:50:52.091+0000] {processor.py:836} INFO - DAG(s) dict_keys(['example_nested_branch_dag']) retrieved from /home/airflow/.local/lib/python3.7/site-packages/airflow/example_dags/example_nested_branch_dag.py
[2023-07-27T01:50:52.117+0000] {logging_mixin.py:150} INFO - [2023-07-27T01:50:52.117+0000] {dag.py:2742} INFO - Sync 1 DAGs
[2023-07-27T01:50:52.145+0000] {logging_mixin.py:150} INFO - [2023-07-27T01:50:52.144+0000] {dag.py:3508} INFO - Setting next_dagrun for example_nested_branch_dag to 2023-07-26T00:00:00+00:00, run_after=2023-07-27T00:00:00+00:00
[2023-07-27T01:50:52.181+0000] {processor.py:179} INFO - Processing /home/airflow/.local/lib/python3.7/site-packages/airflow/example_dags/example_nested_branch_dag.py took 0.106 seconds
[2023-07-27T01:51:22.527+0000] {processor.py:157} INFO - Started process (PID=3811) to work on /home/airflow/.local/lib/python3.7/site-packages/airflow/example_dags/example_nested_branch_dag.py
[2023-07-27T01:51:22.528+0000] {processor.py:826} INFO - Processing file /home/airflow/.local/lib/python3.7/site-packages/airflow/example_dags/example_nested_branch_dag.py for tasks to queue
[2023-07-27T01:51:22.529+0000] {logging_mixin.py:150} INFO - [2023-07-27T01:51:22.529+0000] {dagbag.py:541} INFO - Filling up the DagBag from /home/airflow/.local/lib/python3.7/site-packages/airflow/example_dags/example_nested_branch_dag.py
[2023-07-27T01:51:22.540+0000] {processor.py:836} INFO - DAG(s) dict_keys(['example_nested_branch_dag']) retrieved from /home/airflow/.local/lib/python3.7/site-packages/airflow/example_dags/example_nested_branch_dag.py
[2023-07-27T01:51:22.568+0000] {logging_mixin.py:150} INFO - [2023-07-27T01:51:22.568+0000] {dag.py:2742} INFO - Sync 1 DAGs
[2023-07-27T01:51:22.597+0000] {logging_mixin.py:150} INFO - [2023-07-27T01:51:22.597+0000] {dag.py:3508} INFO - Setting next_dagrun for example_nested_branch_dag to 2023-07-26T00:00:00+00:00, run_after=2023-07-27T00:00:00+00:00
[2023-07-27T01:51:22.620+0000] {processor.py:179} INFO - Processing /home/airflow/.local/lib/python3.7/site-packages/airflow/example_dags/example_nested_branch_dag.py took 0.096 seconds
[2023-07-27T01:51:53.641+0000] {processor.py:157} INFO - Started process (PID=3871) to work on /home/airflow/.local/lib/python3.7/site-packages/airflow/example_dags/example_nested_branch_dag.py
[2023-07-27T01:51:53.642+0000] {processor.py:826} INFO - Processing file /home/airflow/.local/lib/python3.7/site-packages/airflow/example_dags/example_nested_branch_dag.py for tasks to queue
[2023-07-27T01:51:53.643+0000] {logging_mixin.py:150} INFO - [2023-07-27T01:51:53.643+0000] {dagbag.py:541} INFO - Filling up the DagBag from /home/airflow/.local/lib/python3.7/site-packages/airflow/example_dags/example_nested_branch_dag.py
[2023-07-27T01:51:53.654+0000] {processor.py:836} INFO - DAG(s) dict_keys(['example_nested_branch_dag']) retrieved from /home/airflow/.local/lib/python3.7/site-packages/airflow/example_dags/example_nested_branch_dag.py
[2023-07-27T01:51:53.681+0000] {logging_mixin.py:150} INFO - [2023-07-27T01:51:53.681+0000] {dag.py:2742} INFO - Sync 1 DAGs
[2023-07-27T01:51:53.710+0000] {logging_mixin.py:150} INFO - [2023-07-27T01:51:53.710+0000] {dag.py:3508} INFO - Setting next_dagrun for example_nested_branch_dag to 2023-07-26T00:00:00+00:00, run_after=2023-07-27T00:00:00+00:00
[2023-07-27T01:51:53.734+0000] {processor.py:179} INFO - Processing /home/airflow/.local/lib/python3.7/site-packages/airflow/example_dags/example_nested_branch_dag.py took 0.097 seconds
[2023-07-27T01:52:24.315+0000] {processor.py:157} INFO - Started process (PID=3930) to work on /home/airflow/.local/lib/python3.7/site-packages/airflow/example_dags/example_nested_branch_dag.py
[2023-07-27T01:52:24.316+0000] {processor.py:826} INFO - Processing file /home/airflow/.local/lib/python3.7/site-packages/airflow/example_dags/example_nested_branch_dag.py for tasks to queue
[2023-07-27T01:52:24.317+0000] {logging_mixin.py:150} INFO - [2023-07-27T01:52:24.317+0000] {dagbag.py:541} INFO - Filling up the DagBag from /home/airflow/.local/lib/python3.7/site-packages/airflow/example_dags/example_nested_branch_dag.py
[2023-07-27T01:52:24.329+0000] {processor.py:836} INFO - DAG(s) dict_keys(['example_nested_branch_dag']) retrieved from /home/airflow/.local/lib/python3.7/site-packages/airflow/example_dags/example_nested_branch_dag.py
[2023-07-27T01:52:24.372+0000] {logging_mixin.py:150} INFO - [2023-07-27T01:52:24.367+0000] {dag.py:2742} INFO - Sync 1 DAGs
[2023-07-27T01:52:24.406+0000] {logging_mixin.py:150} INFO - [2023-07-27T01:52:24.406+0000] {dag.py:3508} INFO - Setting next_dagrun for example_nested_branch_dag to 2023-07-26T00:00:00+00:00, run_after=2023-07-27T00:00:00+00:00
[2023-07-27T01:52:24.428+0000] {processor.py:179} INFO - Processing /home/airflow/.local/lib/python3.7/site-packages/airflow/example_dags/example_nested_branch_dag.py took 0.116 seconds
[2023-07-27T01:52:55.032+0000] {processor.py:157} INFO - Started process (PID=3990) to work on /home/airflow/.local/lib/python3.7/site-packages/airflow/example_dags/example_nested_branch_dag.py
[2023-07-27T01:52:55.033+0000] {processor.py:826} INFO - Processing file /home/airflow/.local/lib/python3.7/site-packages/airflow/example_dags/example_nested_branch_dag.py for tasks to queue
[2023-07-27T01:52:55.034+0000] {logging_mixin.py:150} INFO - [2023-07-27T01:52:55.034+0000] {dagbag.py:541} INFO - Filling up the DagBag from /home/airflow/.local/lib/python3.7/site-packages/airflow/example_dags/example_nested_branch_dag.py
[2023-07-27T01:52:55.045+0000] {processor.py:836} INFO - DAG(s) dict_keys(['example_nested_branch_dag']) retrieved from /home/airflow/.local/lib/python3.7/site-packages/airflow/example_dags/example_nested_branch_dag.py
[2023-07-27T01:52:55.072+0000] {logging_mixin.py:150} INFO - [2023-07-27T01:52:55.072+0000] {dag.py:2742} INFO - Sync 1 DAGs
[2023-07-27T01:52:55.101+0000] {logging_mixin.py:150} INFO - [2023-07-27T01:52:55.101+0000] {dag.py:3508} INFO - Setting next_dagrun for example_nested_branch_dag to 2023-07-26T00:00:00+00:00, run_after=2023-07-27T00:00:00+00:00
[2023-07-27T01:52:55.136+0000] {processor.py:179} INFO - Processing /home/airflow/.local/lib/python3.7/site-packages/airflow/example_dags/example_nested_branch_dag.py took 0.108 seconds
[2023-07-27T01:53:25.347+0000] {processor.py:157} INFO - Started process (PID=4050) to work on /home/airflow/.local/lib/python3.7/site-packages/airflow/example_dags/example_nested_branch_dag.py
[2023-07-27T01:53:25.349+0000] {processor.py:826} INFO - Processing file /home/airflow/.local/lib/python3.7/site-packages/airflow/example_dags/example_nested_branch_dag.py for tasks to queue
[2023-07-27T01:53:25.350+0000] {logging_mixin.py:150} INFO - [2023-07-27T01:53:25.350+0000] {dagbag.py:541} INFO - Filling up the DagBag from /home/airflow/.local/lib/python3.7/site-packages/airflow/example_dags/example_nested_branch_dag.py
[2023-07-27T01:53:25.361+0000] {processor.py:836} INFO - DAG(s) dict_keys(['example_nested_branch_dag']) retrieved from /home/airflow/.local/lib/python3.7/site-packages/airflow/example_dags/example_nested_branch_dag.py
[2023-07-27T01:53:25.388+0000] {logging_mixin.py:150} INFO - [2023-07-27T01:53:25.388+0000] {dag.py:2742} INFO - Sync 1 DAGs
[2023-07-27T01:53:25.416+0000] {logging_mixin.py:150} INFO - [2023-07-27T01:53:25.416+0000] {dag.py:3508} INFO - Setting next_dagrun for example_nested_branch_dag to 2023-07-26T00:00:00+00:00, run_after=2023-07-27T00:00:00+00:00
[2023-07-27T01:53:25.439+0000] {processor.py:179} INFO - Processing /home/airflow/.local/lib/python3.7/site-packages/airflow/example_dags/example_nested_branch_dag.py took 0.095 seconds
[2023-07-27T01:53:55.483+0000] {processor.py:157} INFO - Started process (PID=4110) to work on /home/airflow/.local/lib/python3.7/site-packages/airflow/example_dags/example_nested_branch_dag.py
[2023-07-27T01:53:55.484+0000] {processor.py:826} INFO - Processing file /home/airflow/.local/lib/python3.7/site-packages/airflow/example_dags/example_nested_branch_dag.py for tasks to queue
[2023-07-27T01:53:55.485+0000] {logging_mixin.py:150} INFO - [2023-07-27T01:53:55.485+0000] {dagbag.py:541} INFO - Filling up the DagBag from /home/airflow/.local/lib/python3.7/site-packages/airflow/example_dags/example_nested_branch_dag.py
[2023-07-27T01:53:55.495+0000] {processor.py:836} INFO - DAG(s) dict_keys(['example_nested_branch_dag']) retrieved from /home/airflow/.local/lib/python3.7/site-packages/airflow/example_dags/example_nested_branch_dag.py
[2023-07-27T01:53:55.523+0000] {logging_mixin.py:150} INFO - [2023-07-27T01:53:55.523+0000] {dag.py:2742} INFO - Sync 1 DAGs
[2023-07-27T01:53:55.552+0000] {logging_mixin.py:150} INFO - [2023-07-27T01:53:55.551+0000] {dag.py:3508} INFO - Setting next_dagrun for example_nested_branch_dag to 2023-07-26T00:00:00+00:00, run_after=2023-07-27T00:00:00+00:00
[2023-07-27T01:53:55.574+0000] {processor.py:179} INFO - Processing /home/airflow/.local/lib/python3.7/site-packages/airflow/example_dags/example_nested_branch_dag.py took 0.095 seconds
[2023-07-27T01:54:25.664+0000] {processor.py:157} INFO - Started process (PID=4169) to work on /home/airflow/.local/lib/python3.7/site-packages/airflow/example_dags/example_nested_branch_dag.py
[2023-07-27T01:54:25.665+0000] {processor.py:826} INFO - Processing file /home/airflow/.local/lib/python3.7/site-packages/airflow/example_dags/example_nested_branch_dag.py for tasks to queue
[2023-07-27T01:54:25.666+0000] {logging_mixin.py:150} INFO - [2023-07-27T01:54:25.666+0000] {dagbag.py:541} INFO - Filling up the DagBag from /home/airflow/.local/lib/python3.7/site-packages/airflow/example_dags/example_nested_branch_dag.py
[2023-07-27T01:54:25.677+0000] {processor.py:836} INFO - DAG(s) dict_keys(['example_nested_branch_dag']) retrieved from /home/airflow/.local/lib/python3.7/site-packages/airflow/example_dags/example_nested_branch_dag.py
[2023-07-27T01:54:25.704+0000] {logging_mixin.py:150} INFO - [2023-07-27T01:54:25.704+0000] {dag.py:2742} INFO - Sync 1 DAGs
[2023-07-27T01:54:25.732+0000] {logging_mixin.py:150} INFO - [2023-07-27T01:54:25.732+0000] {dag.py:3508} INFO - Setting next_dagrun for example_nested_branch_dag to 2023-07-26T00:00:00+00:00, run_after=2023-07-27T00:00:00+00:00
[2023-07-27T01:54:25.755+0000] {processor.py:179} INFO - Processing /home/airflow/.local/lib/python3.7/site-packages/airflow/example_dags/example_nested_branch_dag.py took 0.094 seconds
[2023-07-27T01:54:55.894+0000] {processor.py:157} INFO - Started process (PID=4229) to work on /home/airflow/.local/lib/python3.7/site-packages/airflow/example_dags/example_nested_branch_dag.py
[2023-07-27T01:54:55.895+0000] {processor.py:826} INFO - Processing file /home/airflow/.local/lib/python3.7/site-packages/airflow/example_dags/example_nested_branch_dag.py for tasks to queue
[2023-07-27T01:54:55.896+0000] {logging_mixin.py:150} INFO - [2023-07-27T01:54:55.896+0000] {dagbag.py:541} INFO - Filling up the DagBag from /home/airflow/.local/lib/python3.7/site-packages/airflow/example_dags/example_nested_branch_dag.py
[2023-07-27T01:54:55.907+0000] {processor.py:836} INFO - DAG(s) dict_keys(['example_nested_branch_dag']) retrieved from /home/airflow/.local/lib/python3.7/site-packages/airflow/example_dags/example_nested_branch_dag.py
[2023-07-27T01:54:55.934+0000] {logging_mixin.py:150} INFO - [2023-07-27T01:54:55.934+0000] {dag.py:2742} INFO - Sync 1 DAGs
[2023-07-27T01:54:55.963+0000] {logging_mixin.py:150} INFO - [2023-07-27T01:54:55.962+0000] {dag.py:3508} INFO - Setting next_dagrun for example_nested_branch_dag to 2023-07-26T00:00:00+00:00, run_after=2023-07-27T00:00:00+00:00
[2023-07-27T01:54:55.985+0000] {processor.py:179} INFO - Processing /home/airflow/.local/lib/python3.7/site-packages/airflow/example_dags/example_nested_branch_dag.py took 0.095 seconds
[2023-07-27T01:55:26.127+0000] {processor.py:157} INFO - Started process (PID=4289) to work on /home/airflow/.local/lib/python3.7/site-packages/airflow/example_dags/example_nested_branch_dag.py
[2023-07-27T01:55:26.128+0000] {processor.py:826} INFO - Processing file /home/airflow/.local/lib/python3.7/site-packages/airflow/example_dags/example_nested_branch_dag.py for tasks to queue
[2023-07-27T01:55:26.129+0000] {logging_mixin.py:150} INFO - [2023-07-27T01:55:26.129+0000] {dagbag.py:541} INFO - Filling up the DagBag from /home/airflow/.local/lib/python3.7/site-packages/airflow/example_dags/example_nested_branch_dag.py
[2023-07-27T01:55:26.140+0000] {processor.py:836} INFO - DAG(s) dict_keys(['example_nested_branch_dag']) retrieved from /home/airflow/.local/lib/python3.7/site-packages/airflow/example_dags/example_nested_branch_dag.py
[2023-07-27T01:55:26.167+0000] {logging_mixin.py:150} INFO - [2023-07-27T01:55:26.167+0000] {dag.py:2742} INFO - Sync 1 DAGs
[2023-07-27T01:55:26.197+0000] {logging_mixin.py:150} INFO - [2023-07-27T01:55:26.197+0000] {dag.py:3508} INFO - Setting next_dagrun for example_nested_branch_dag to 2023-07-26T00:00:00+00:00, run_after=2023-07-27T00:00:00+00:00
[2023-07-27T01:55:26.222+0000] {processor.py:179} INFO - Processing /home/airflow/.local/lib/python3.7/site-packages/airflow/example_dags/example_nested_branch_dag.py took 0.099 seconds
[2023-07-27T01:55:56.481+0000] {processor.py:157} INFO - Started process (PID=4348) to work on /home/airflow/.local/lib/python3.7/site-packages/airflow/example_dags/example_nested_branch_dag.py
[2023-07-27T01:55:56.482+0000] {processor.py:826} INFO - Processing file /home/airflow/.local/lib/python3.7/site-packages/airflow/example_dags/example_nested_branch_dag.py for tasks to queue
[2023-07-27T01:55:56.483+0000] {logging_mixin.py:150} INFO - [2023-07-27T01:55:56.483+0000] {dagbag.py:541} INFO - Filling up the DagBag from /home/airflow/.local/lib/python3.7/site-packages/airflow/example_dags/example_nested_branch_dag.py
[2023-07-27T01:55:56.494+0000] {processor.py:836} INFO - DAG(s) dict_keys(['example_nested_branch_dag']) retrieved from /home/airflow/.local/lib/python3.7/site-packages/airflow/example_dags/example_nested_branch_dag.py
[2023-07-27T01:55:56.520+0000] {logging_mixin.py:150} INFO - [2023-07-27T01:55:56.520+0000] {dag.py:2742} INFO - Sync 1 DAGs
[2023-07-27T01:55:56.548+0000] {logging_mixin.py:150} INFO - [2023-07-27T01:55:56.548+0000] {dag.py:3508} INFO - Setting next_dagrun for example_nested_branch_dag to 2023-07-26T00:00:00+00:00, run_after=2023-07-27T00:00:00+00:00
[2023-07-27T01:55:56.570+0000] {processor.py:179} INFO - Processing /home/airflow/.local/lib/python3.7/site-packages/airflow/example_dags/example_nested_branch_dag.py took 0.092 seconds
[2023-07-27T01:56:26.992+0000] {processor.py:157} INFO - Started process (PID=4409) to work on /home/airflow/.local/lib/python3.7/site-packages/airflow/example_dags/example_nested_branch_dag.py
[2023-07-27T01:56:26.993+0000] {processor.py:826} INFO - Processing file /home/airflow/.local/lib/python3.7/site-packages/airflow/example_dags/example_nested_branch_dag.py for tasks to queue
[2023-07-27T01:56:26.994+0000] {logging_mixin.py:150} INFO - [2023-07-27T01:56:26.994+0000] {dagbag.py:541} INFO - Filling up the DagBag from /home/airflow/.local/lib/python3.7/site-packages/airflow/example_dags/example_nested_branch_dag.py
[2023-07-27T01:56:27.005+0000] {processor.py:836} INFO - DAG(s) dict_keys(['example_nested_branch_dag']) retrieved from /home/airflow/.local/lib/python3.7/site-packages/airflow/example_dags/example_nested_branch_dag.py
[2023-07-27T01:56:27.032+0000] {logging_mixin.py:150} INFO - [2023-07-27T01:56:27.032+0000] {dag.py:2742} INFO - Sync 1 DAGs
[2023-07-27T01:56:27.062+0000] {logging_mixin.py:150} INFO - [2023-07-27T01:56:27.062+0000] {dag.py:3508} INFO - Setting next_dagrun for example_nested_branch_dag to 2023-07-26T00:00:00+00:00, run_after=2023-07-27T00:00:00+00:00
[2023-07-27T01:56:27.094+0000] {processor.py:179} INFO - Processing /home/airflow/.local/lib/python3.7/site-packages/airflow/example_dags/example_nested_branch_dag.py took 0.106 seconds
[2023-07-27T01:56:57.581+0000] {processor.py:157} INFO - Started process (PID=4470) to work on /home/airflow/.local/lib/python3.7/site-packages/airflow/example_dags/example_nested_branch_dag.py
[2023-07-27T01:56:57.582+0000] {processor.py:826} INFO - Processing file /home/airflow/.local/lib/python3.7/site-packages/airflow/example_dags/example_nested_branch_dag.py for tasks to queue
[2023-07-27T01:56:57.583+0000] {logging_mixin.py:150} INFO - [2023-07-27T01:56:57.583+0000] {dagbag.py:541} INFO - Filling up the DagBag from /home/airflow/.local/lib/python3.7/site-packages/airflow/example_dags/example_nested_branch_dag.py
[2023-07-27T01:56:57.594+0000] {processor.py:836} INFO - DAG(s) dict_keys(['example_nested_branch_dag']) retrieved from /home/airflow/.local/lib/python3.7/site-packages/airflow/example_dags/example_nested_branch_dag.py
[2023-07-27T01:56:57.621+0000] {logging_mixin.py:150} INFO - [2023-07-27T01:56:57.621+0000] {dag.py:2742} INFO - Sync 1 DAGs
[2023-07-27T01:56:57.650+0000] {logging_mixin.py:150} INFO - [2023-07-27T01:56:57.650+0000] {dag.py:3508} INFO - Setting next_dagrun for example_nested_branch_dag to 2023-07-26T00:00:00+00:00, run_after=2023-07-27T00:00:00+00:00
[2023-07-27T01:56:57.694+0000] {processor.py:179} INFO - Processing /home/airflow/.local/lib/python3.7/site-packages/airflow/example_dags/example_nested_branch_dag.py took 0.117 seconds
[2023-07-27T01:57:27.861+0000] {processor.py:157} INFO - Started process (PID=4531) to work on /home/airflow/.local/lib/python3.7/site-packages/airflow/example_dags/example_nested_branch_dag.py
[2023-07-27T01:57:27.862+0000] {processor.py:826} INFO - Processing file /home/airflow/.local/lib/python3.7/site-packages/airflow/example_dags/example_nested_branch_dag.py for tasks to queue
[2023-07-27T01:57:27.863+0000] {logging_mixin.py:150} INFO - [2023-07-27T01:57:27.863+0000] {dagbag.py:541} INFO - Filling up the DagBag from /home/airflow/.local/lib/python3.7/site-packages/airflow/example_dags/example_nested_branch_dag.py
[2023-07-27T01:57:27.874+0000] {processor.py:836} INFO - DAG(s) dict_keys(['example_nested_branch_dag']) retrieved from /home/airflow/.local/lib/python3.7/site-packages/airflow/example_dags/example_nested_branch_dag.py
[2023-07-27T01:57:27.901+0000] {logging_mixin.py:150} INFO - [2023-07-27T01:57:27.901+0000] {dag.py:2742} INFO - Sync 1 DAGs
[2023-07-27T01:57:27.935+0000] {logging_mixin.py:150} INFO - [2023-07-27T01:57:27.934+0000] {dag.py:3508} INFO - Setting next_dagrun for example_nested_branch_dag to 2023-07-26T00:00:00+00:00, run_after=2023-07-27T00:00:00+00:00
[2023-07-27T01:57:27.958+0000] {processor.py:179} INFO - Processing /home/airflow/.local/lib/python3.7/site-packages/airflow/example_dags/example_nested_branch_dag.py took 0.101 seconds
[2023-07-27T01:57:58.126+0000] {processor.py:157} INFO - Started process (PID=4591) to work on /home/airflow/.local/lib/python3.7/site-packages/airflow/example_dags/example_nested_branch_dag.py
[2023-07-27T01:57:58.127+0000] {processor.py:826} INFO - Processing file /home/airflow/.local/lib/python3.7/site-packages/airflow/example_dags/example_nested_branch_dag.py for tasks to queue
[2023-07-27T01:57:58.128+0000] {logging_mixin.py:150} INFO - [2023-07-27T01:57:58.128+0000] {dagbag.py:541} INFO - Filling up the DagBag from /home/airflow/.local/lib/python3.7/site-packages/airflow/example_dags/example_nested_branch_dag.py
[2023-07-27T01:57:58.138+0000] {processor.py:836} INFO - DAG(s) dict_keys(['example_nested_branch_dag']) retrieved from /home/airflow/.local/lib/python3.7/site-packages/airflow/example_dags/example_nested_branch_dag.py
[2023-07-27T01:57:58.166+0000] {logging_mixin.py:150} INFO - [2023-07-27T01:57:58.165+0000] {dag.py:2742} INFO - Sync 1 DAGs
[2023-07-27T01:57:58.195+0000] {logging_mixin.py:150} INFO - [2023-07-27T01:57:58.195+0000] {dag.py:3508} INFO - Setting next_dagrun for example_nested_branch_dag to 2023-07-26T00:00:00+00:00, run_after=2023-07-27T00:00:00+00:00
[2023-07-27T01:57:58.218+0000] {processor.py:179} INFO - Processing /home/airflow/.local/lib/python3.7/site-packages/airflow/example_dags/example_nested_branch_dag.py took 0.095 seconds
[2023-07-27T01:58:28.458+0000] {processor.py:157} INFO - Started process (PID=4651) to work on /home/airflow/.local/lib/python3.7/site-packages/airflow/example_dags/example_nested_branch_dag.py
[2023-07-27T01:58:28.459+0000] {processor.py:826} INFO - Processing file /home/airflow/.local/lib/python3.7/site-packages/airflow/example_dags/example_nested_branch_dag.py for tasks to queue
[2023-07-27T01:58:28.460+0000] {logging_mixin.py:150} INFO - [2023-07-27T01:58:28.460+0000] {dagbag.py:541} INFO - Filling up the DagBag from /home/airflow/.local/lib/python3.7/site-packages/airflow/example_dags/example_nested_branch_dag.py
[2023-07-27T01:58:28.471+0000] {processor.py:836} INFO - DAG(s) dict_keys(['example_nested_branch_dag']) retrieved from /home/airflow/.local/lib/python3.7/site-packages/airflow/example_dags/example_nested_branch_dag.py
[2023-07-27T01:58:28.498+0000] {logging_mixin.py:150} INFO - [2023-07-27T01:58:28.498+0000] {dag.py:2742} INFO - Sync 1 DAGs
[2023-07-27T01:58:28.528+0000] {logging_mixin.py:150} INFO - [2023-07-27T01:58:28.527+0000] {dag.py:3508} INFO - Setting next_dagrun for example_nested_branch_dag to 2023-07-26T00:00:00+00:00, run_after=2023-07-27T00:00:00+00:00
[2023-07-27T01:58:28.553+0000] {processor.py:179} INFO - Processing /home/airflow/.local/lib/python3.7/site-packages/airflow/example_dags/example_nested_branch_dag.py took 0.099 seconds
[2023-07-27T01:58:58.758+0000] {processor.py:157} INFO - Started process (PID=4711) to work on /home/airflow/.local/lib/python3.7/site-packages/airflow/example_dags/example_nested_branch_dag.py
[2023-07-27T01:58:58.759+0000] {processor.py:826} INFO - Processing file /home/airflow/.local/lib/python3.7/site-packages/airflow/example_dags/example_nested_branch_dag.py for tasks to queue
[2023-07-27T01:58:58.760+0000] {logging_mixin.py:150} INFO - [2023-07-27T01:58:58.760+0000] {dagbag.py:541} INFO - Filling up the DagBag from /home/airflow/.local/lib/python3.7/site-packages/airflow/example_dags/example_nested_branch_dag.py
[2023-07-27T01:58:58.771+0000] {processor.py:836} INFO - DAG(s) dict_keys(['example_nested_branch_dag']) retrieved from /home/airflow/.local/lib/python3.7/site-packages/airflow/example_dags/example_nested_branch_dag.py
[2023-07-27T01:58:58.797+0000] {logging_mixin.py:150} INFO - [2023-07-27T01:58:58.797+0000] {dag.py:2742} INFO - Sync 1 DAGs
[2023-07-27T01:58:58.826+0000] {logging_mixin.py:150} INFO - [2023-07-27T01:58:58.825+0000] {dag.py:3508} INFO - Setting next_dagrun for example_nested_branch_dag to 2023-07-26T00:00:00+00:00, run_after=2023-07-27T00:00:00+00:00
[2023-07-27T01:58:58.849+0000] {processor.py:179} INFO - Processing /home/airflow/.local/lib/python3.7/site-packages/airflow/example_dags/example_nested_branch_dag.py took 0.095 seconds
[2023-07-27T01:59:29.055+0000] {processor.py:157} INFO - Started process (PID=4771) to work on /home/airflow/.local/lib/python3.7/site-packages/airflow/example_dags/example_nested_branch_dag.py
[2023-07-27T01:59:29.056+0000] {processor.py:826} INFO - Processing file /home/airflow/.local/lib/python3.7/site-packages/airflow/example_dags/example_nested_branch_dag.py for tasks to queue
[2023-07-27T01:59:29.057+0000] {logging_mixin.py:150} INFO - [2023-07-27T01:59:29.057+0000] {dagbag.py:541} INFO - Filling up the DagBag from /home/airflow/.local/lib/python3.7/site-packages/airflow/example_dags/example_nested_branch_dag.py
[2023-07-27T01:59:29.068+0000] {processor.py:836} INFO - DAG(s) dict_keys(['example_nested_branch_dag']) retrieved from /home/airflow/.local/lib/python3.7/site-packages/airflow/example_dags/example_nested_branch_dag.py
[2023-07-27T01:59:29.098+0000] {logging_mixin.py:150} INFO - [2023-07-27T01:59:29.098+0000] {dag.py:2742} INFO - Sync 1 DAGs
[2023-07-27T01:59:29.127+0000] {logging_mixin.py:150} INFO - [2023-07-27T01:59:29.127+0000] {dag.py:3508} INFO - Setting next_dagrun for example_nested_branch_dag to 2023-07-26T00:00:00+00:00, run_after=2023-07-27T00:00:00+00:00
[2023-07-27T01:59:29.152+0000] {processor.py:179} INFO - Processing /home/airflow/.local/lib/python3.7/site-packages/airflow/example_dags/example_nested_branch_dag.py took 0.101 seconds
[2023-07-27T01:59:59.784+0000] {processor.py:157} INFO - Started process (PID=4831) to work on /home/airflow/.local/lib/python3.7/site-packages/airflow/example_dags/example_nested_branch_dag.py
[2023-07-27T01:59:59.785+0000] {processor.py:826} INFO - Processing file /home/airflow/.local/lib/python3.7/site-packages/airflow/example_dags/example_nested_branch_dag.py for tasks to queue
[2023-07-27T01:59:59.787+0000] {logging_mixin.py:150} INFO - [2023-07-27T01:59:59.786+0000] {dagbag.py:541} INFO - Filling up the DagBag from /home/airflow/.local/lib/python3.7/site-packages/airflow/example_dags/example_nested_branch_dag.py
[2023-07-27T01:59:59.797+0000] {processor.py:836} INFO - DAG(s) dict_keys(['example_nested_branch_dag']) retrieved from /home/airflow/.local/lib/python3.7/site-packages/airflow/example_dags/example_nested_branch_dag.py
[2023-07-27T01:59:59.824+0000] {logging_mixin.py:150} INFO - [2023-07-27T01:59:59.824+0000] {dag.py:2742} INFO - Sync 1 DAGs
[2023-07-27T01:59:59.853+0000] {logging_mixin.py:150} INFO - [2023-07-27T01:59:59.853+0000] {dag.py:3508} INFO - Setting next_dagrun for example_nested_branch_dag to 2023-07-26T00:00:00+00:00, run_after=2023-07-27T00:00:00+00:00
[2023-07-27T01:59:59.876+0000] {processor.py:179} INFO - Processing /home/airflow/.local/lib/python3.7/site-packages/airflow/example_dags/example_nested_branch_dag.py took 0.095 seconds
[2023-07-27T02:00:30.710+0000] {processor.py:157} INFO - Started process (PID=4891) to work on /home/airflow/.local/lib/python3.7/site-packages/airflow/example_dags/example_nested_branch_dag.py
[2023-07-27T02:00:30.711+0000] {processor.py:826} INFO - Processing file /home/airflow/.local/lib/python3.7/site-packages/airflow/example_dags/example_nested_branch_dag.py for tasks to queue
[2023-07-27T02:00:30.712+0000] {logging_mixin.py:150} INFO - [2023-07-27T02:00:30.712+0000] {dagbag.py:541} INFO - Filling up the DagBag from /home/airflow/.local/lib/python3.7/site-packages/airflow/example_dags/example_nested_branch_dag.py
[2023-07-27T02:00:30.723+0000] {processor.py:836} INFO - DAG(s) dict_keys(['example_nested_branch_dag']) retrieved from /home/airflow/.local/lib/python3.7/site-packages/airflow/example_dags/example_nested_branch_dag.py
[2023-07-27T02:00:30.749+0000] {logging_mixin.py:150} INFO - [2023-07-27T02:00:30.749+0000] {dag.py:2742} INFO - Sync 1 DAGs
[2023-07-27T02:00:30.777+0000] {logging_mixin.py:150} INFO - [2023-07-27T02:00:30.777+0000] {dag.py:3508} INFO - Setting next_dagrun for example_nested_branch_dag to 2023-07-26T00:00:00+00:00, run_after=2023-07-27T00:00:00+00:00
[2023-07-27T02:00:30.799+0000] {processor.py:179} INFO - Processing /home/airflow/.local/lib/python3.7/site-packages/airflow/example_dags/example_nested_branch_dag.py took 0.093 seconds
[2023-07-27T02:01:00.925+0000] {processor.py:157} INFO - Started process (PID=4951) to work on /home/airflow/.local/lib/python3.7/site-packages/airflow/example_dags/example_nested_branch_dag.py
[2023-07-27T02:01:00.926+0000] {processor.py:826} INFO - Processing file /home/airflow/.local/lib/python3.7/site-packages/airflow/example_dags/example_nested_branch_dag.py for tasks to queue
[2023-07-27T02:01:00.927+0000] {logging_mixin.py:150} INFO - [2023-07-27T02:01:00.927+0000] {dagbag.py:541} INFO - Filling up the DagBag from /home/airflow/.local/lib/python3.7/site-packages/airflow/example_dags/example_nested_branch_dag.py
[2023-07-27T02:01:00.938+0000] {processor.py:836} INFO - DAG(s) dict_keys(['example_nested_branch_dag']) retrieved from /home/airflow/.local/lib/python3.7/site-packages/airflow/example_dags/example_nested_branch_dag.py
[2023-07-27T02:01:00.964+0000] {logging_mixin.py:150} INFO - [2023-07-27T02:01:00.964+0000] {dag.py:2742} INFO - Sync 1 DAGs
[2023-07-27T02:01:00.993+0000] {logging_mixin.py:150} INFO - [2023-07-27T02:01:00.992+0000] {dag.py:3508} INFO - Setting next_dagrun for example_nested_branch_dag to 2023-07-26T00:00:00+00:00, run_after=2023-07-27T00:00:00+00:00
[2023-07-27T02:01:01.015+0000] {processor.py:179} INFO - Processing /home/airflow/.local/lib/python3.7/site-packages/airflow/example_dags/example_nested_branch_dag.py took 0.093 seconds
[2023-07-27T02:01:31.401+0000] {processor.py:157} INFO - Started process (PID=5011) to work on /home/airflow/.local/lib/python3.7/site-packages/airflow/example_dags/example_nested_branch_dag.py
[2023-07-27T02:01:31.402+0000] {processor.py:826} INFO - Processing file /home/airflow/.local/lib/python3.7/site-packages/airflow/example_dags/example_nested_branch_dag.py for tasks to queue
[2023-07-27T02:01:31.403+0000] {logging_mixin.py:150} INFO - [2023-07-27T02:01:31.403+0000] {dagbag.py:541} INFO - Filling up the DagBag from /home/airflow/.local/lib/python3.7/site-packages/airflow/example_dags/example_nested_branch_dag.py
[2023-07-27T02:01:31.414+0000] {processor.py:836} INFO - DAG(s) dict_keys(['example_nested_branch_dag']) retrieved from /home/airflow/.local/lib/python3.7/site-packages/airflow/example_dags/example_nested_branch_dag.py
[2023-07-27T02:01:31.442+0000] {logging_mixin.py:150} INFO - [2023-07-27T02:01:31.442+0000] {dag.py:2742} INFO - Sync 1 DAGs
[2023-07-27T02:01:31.471+0000] {logging_mixin.py:150} INFO - [2023-07-27T02:01:31.471+0000] {dag.py:3508} INFO - Setting next_dagrun for example_nested_branch_dag to 2023-07-26T00:00:00+00:00, run_after=2023-07-27T00:00:00+00:00
[2023-07-27T02:01:31.495+0000] {processor.py:179} INFO - Processing /home/airflow/.local/lib/python3.7/site-packages/airflow/example_dags/example_nested_branch_dag.py took 0.098 seconds
[2023-07-27T02:02:01.534+0000] {processor.py:157} INFO - Started process (PID=5071) to work on /home/airflow/.local/lib/python3.7/site-packages/airflow/example_dags/example_nested_branch_dag.py
[2023-07-27T02:02:01.535+0000] {processor.py:826} INFO - Processing file /home/airflow/.local/lib/python3.7/site-packages/airflow/example_dags/example_nested_branch_dag.py for tasks to queue
[2023-07-27T02:02:01.536+0000] {logging_mixin.py:150} INFO - [2023-07-27T02:02:01.536+0000] {dagbag.py:541} INFO - Filling up the DagBag from /home/airflow/.local/lib/python3.7/site-packages/airflow/example_dags/example_nested_branch_dag.py
[2023-07-27T02:02:01.546+0000] {processor.py:836} INFO - DAG(s) dict_keys(['example_nested_branch_dag']) retrieved from /home/airflow/.local/lib/python3.7/site-packages/airflow/example_dags/example_nested_branch_dag.py
[2023-07-27T02:02:01.574+0000] {logging_mixin.py:150} INFO - [2023-07-27T02:02:01.573+0000] {dag.py:2742} INFO - Sync 1 DAGs
[2023-07-27T02:02:01.601+0000] {logging_mixin.py:150} INFO - [2023-07-27T02:02:01.601+0000] {dag.py:3508} INFO - Setting next_dagrun for example_nested_branch_dag to 2023-07-26T00:00:00+00:00, run_after=2023-07-27T00:00:00+00:00
[2023-07-27T02:02:01.624+0000] {processor.py:179} INFO - Processing /home/airflow/.local/lib/python3.7/site-packages/airflow/example_dags/example_nested_branch_dag.py took 0.094 seconds
[2023-07-27T02:02:31.726+0000] {processor.py:157} INFO - Started process (PID=5132) to work on /home/airflow/.local/lib/python3.7/site-packages/airflow/example_dags/example_nested_branch_dag.py
[2023-07-27T02:02:31.728+0000] {processor.py:826} INFO - Processing file /home/airflow/.local/lib/python3.7/site-packages/airflow/example_dags/example_nested_branch_dag.py for tasks to queue
[2023-07-27T02:02:31.729+0000] {logging_mixin.py:150} INFO - [2023-07-27T02:02:31.729+0000] {dagbag.py:541} INFO - Filling up the DagBag from /home/airflow/.local/lib/python3.7/site-packages/airflow/example_dags/example_nested_branch_dag.py
[2023-07-27T02:02:31.741+0000] {processor.py:836} INFO - DAG(s) dict_keys(['example_nested_branch_dag']) retrieved from /home/airflow/.local/lib/python3.7/site-packages/airflow/example_dags/example_nested_branch_dag.py
[2023-07-27T02:02:31.772+0000] {logging_mixin.py:150} INFO - [2023-07-27T02:02:31.772+0000] {dag.py:2742} INFO - Sync 1 DAGs
[2023-07-27T02:02:31.801+0000] {logging_mixin.py:150} INFO - [2023-07-27T02:02:31.801+0000] {dag.py:3508} INFO - Setting next_dagrun for example_nested_branch_dag to 2023-07-26T00:00:00+00:00, run_after=2023-07-27T00:00:00+00:00
[2023-07-27T02:02:31.834+0000] {processor.py:179} INFO - Processing /home/airflow/.local/lib/python3.7/site-packages/airflow/example_dags/example_nested_branch_dag.py took 0.111 seconds
[2023-07-27T02:03:01.987+0000] {processor.py:157} INFO - Started process (PID=5192) to work on /home/airflow/.local/lib/python3.7/site-packages/airflow/example_dags/example_nested_branch_dag.py
[2023-07-27T02:03:01.988+0000] {processor.py:826} INFO - Processing file /home/airflow/.local/lib/python3.7/site-packages/airflow/example_dags/example_nested_branch_dag.py for tasks to queue
[2023-07-27T02:03:01.989+0000] {logging_mixin.py:150} INFO - [2023-07-27T02:03:01.989+0000] {dagbag.py:541} INFO - Filling up the DagBag from /home/airflow/.local/lib/python3.7/site-packages/airflow/example_dags/example_nested_branch_dag.py
[2023-07-27T02:03:02.000+0000] {processor.py:836} INFO - DAG(s) dict_keys(['example_nested_branch_dag']) retrieved from /home/airflow/.local/lib/python3.7/site-packages/airflow/example_dags/example_nested_branch_dag.py
[2023-07-27T02:03:02.028+0000] {logging_mixin.py:150} INFO - [2023-07-27T02:03:02.028+0000] {dag.py:2742} INFO - Sync 1 DAGs
[2023-07-27T02:03:02.057+0000] {logging_mixin.py:150} INFO - [2023-07-27T02:03:02.056+0000] {dag.py:3508} INFO - Setting next_dagrun for example_nested_branch_dag to 2023-07-26T00:00:00+00:00, run_after=2023-07-27T00:00:00+00:00
[2023-07-27T02:03:02.083+0000] {processor.py:179} INFO - Processing /home/airflow/.local/lib/python3.7/site-packages/airflow/example_dags/example_nested_branch_dag.py took 0.100 seconds
[2023-07-27T02:03:32.233+0000] {processor.py:157} INFO - Started process (PID=5252) to work on /home/airflow/.local/lib/python3.7/site-packages/airflow/example_dags/example_nested_branch_dag.py
[2023-07-27T02:03:32.234+0000] {processor.py:826} INFO - Processing file /home/airflow/.local/lib/python3.7/site-packages/airflow/example_dags/example_nested_branch_dag.py for tasks to queue
[2023-07-27T02:03:32.235+0000] {logging_mixin.py:150} INFO - [2023-07-27T02:03:32.235+0000] {dagbag.py:541} INFO - Filling up the DagBag from /home/airflow/.local/lib/python3.7/site-packages/airflow/example_dags/example_nested_branch_dag.py
[2023-07-27T02:03:32.246+0000] {processor.py:836} INFO - DAG(s) dict_keys(['example_nested_branch_dag']) retrieved from /home/airflow/.local/lib/python3.7/site-packages/airflow/example_dags/example_nested_branch_dag.py
[2023-07-27T02:03:32.273+0000] {logging_mixin.py:150} INFO - [2023-07-27T02:03:32.273+0000] {dag.py:2742} INFO - Sync 1 DAGs
[2023-07-27T02:03:32.301+0000] {logging_mixin.py:150} INFO - [2023-07-27T02:03:32.301+0000] {dag.py:3508} INFO - Setting next_dagrun for example_nested_branch_dag to 2023-07-26T00:00:00+00:00, run_after=2023-07-27T00:00:00+00:00
[2023-07-27T02:03:32.331+0000] {processor.py:179} INFO - Processing /home/airflow/.local/lib/python3.7/site-packages/airflow/example_dags/example_nested_branch_dag.py took 0.101 seconds
[2023-07-27T02:04:02.745+0000] {processor.py:157} INFO - Started process (PID=5312) to work on /home/airflow/.local/lib/python3.7/site-packages/airflow/example_dags/example_nested_branch_dag.py
[2023-07-27T02:04:02.747+0000] {processor.py:826} INFO - Processing file /home/airflow/.local/lib/python3.7/site-packages/airflow/example_dags/example_nested_branch_dag.py for tasks to queue
[2023-07-27T02:04:02.748+0000] {logging_mixin.py:150} INFO - [2023-07-27T02:04:02.748+0000] {dagbag.py:541} INFO - Filling up the DagBag from /home/airflow/.local/lib/python3.7/site-packages/airflow/example_dags/example_nested_branch_dag.py
[2023-07-27T02:04:02.758+0000] {processor.py:836} INFO - DAG(s) dict_keys(['example_nested_branch_dag']) retrieved from /home/airflow/.local/lib/python3.7/site-packages/airflow/example_dags/example_nested_branch_dag.py
[2023-07-27T02:04:02.785+0000] {logging_mixin.py:150} INFO - [2023-07-27T02:04:02.785+0000] {dag.py:2742} INFO - Sync 1 DAGs
[2023-07-27T02:04:02.813+0000] {logging_mixin.py:150} INFO - [2023-07-27T02:04:02.813+0000] {dag.py:3508} INFO - Setting next_dagrun for example_nested_branch_dag to 2023-07-26T00:00:00+00:00, run_after=2023-07-27T00:00:00+00:00
[2023-07-27T02:04:02.848+0000] {processor.py:179} INFO - Processing /home/airflow/.local/lib/python3.7/site-packages/airflow/example_dags/example_nested_branch_dag.py took 0.107 seconds
[2023-07-27T02:04:33.093+0000] {processor.py:157} INFO - Started process (PID=5372) to work on /home/airflow/.local/lib/python3.7/site-packages/airflow/example_dags/example_nested_branch_dag.py
[2023-07-27T02:04:33.095+0000] {processor.py:826} INFO - Processing file /home/airflow/.local/lib/python3.7/site-packages/airflow/example_dags/example_nested_branch_dag.py for tasks to queue
[2023-07-27T02:04:33.096+0000] {logging_mixin.py:150} INFO - [2023-07-27T02:04:33.096+0000] {dagbag.py:541} INFO - Filling up the DagBag from /home/airflow/.local/lib/python3.7/site-packages/airflow/example_dags/example_nested_branch_dag.py
[2023-07-27T02:04:33.107+0000] {processor.py:836} INFO - DAG(s) dict_keys(['example_nested_branch_dag']) retrieved from /home/airflow/.local/lib/python3.7/site-packages/airflow/example_dags/example_nested_branch_dag.py
[2023-07-27T02:04:33.136+0000] {logging_mixin.py:150} INFO - [2023-07-27T02:04:33.136+0000] {dag.py:2742} INFO - Sync 1 DAGs
[2023-07-27T02:04:33.166+0000] {logging_mixin.py:150} INFO - [2023-07-27T02:04:33.166+0000] {dag.py:3508} INFO - Setting next_dagrun for example_nested_branch_dag to 2023-07-26T00:00:00+00:00, run_after=2023-07-27T00:00:00+00:00
[2023-07-27T02:04:33.189+0000] {processor.py:179} INFO - Processing /home/airflow/.local/lib/python3.7/site-packages/airflow/example_dags/example_nested_branch_dag.py took 0.099 seconds
[2023-07-27T02:05:03.390+0000] {processor.py:157} INFO - Started process (PID=5432) to work on /home/airflow/.local/lib/python3.7/site-packages/airflow/example_dags/example_nested_branch_dag.py
[2023-07-27T02:05:03.391+0000] {processor.py:826} INFO - Processing file /home/airflow/.local/lib/python3.7/site-packages/airflow/example_dags/example_nested_branch_dag.py for tasks to queue
[2023-07-27T02:05:03.392+0000] {logging_mixin.py:150} INFO - [2023-07-27T02:05:03.392+0000] {dagbag.py:541} INFO - Filling up the DagBag from /home/airflow/.local/lib/python3.7/site-packages/airflow/example_dags/example_nested_branch_dag.py
[2023-07-27T02:05:03.402+0000] {processor.py:836} INFO - DAG(s) dict_keys(['example_nested_branch_dag']) retrieved from /home/airflow/.local/lib/python3.7/site-packages/airflow/example_dags/example_nested_branch_dag.py
[2023-07-27T02:05:03.430+0000] {logging_mixin.py:150} INFO - [2023-07-27T02:05:03.430+0000] {dag.py:2742} INFO - Sync 1 DAGs
[2023-07-27T02:05:03.459+0000] {logging_mixin.py:150} INFO - [2023-07-27T02:05:03.458+0000] {dag.py:3508} INFO - Setting next_dagrun for example_nested_branch_dag to 2023-07-26T00:00:00+00:00, run_after=2023-07-27T00:00:00+00:00
[2023-07-27T02:05:03.481+0000] {processor.py:179} INFO - Processing /home/airflow/.local/lib/python3.7/site-packages/airflow/example_dags/example_nested_branch_dag.py took 0.094 seconds
[2023-07-27T02:05:34.046+0000] {processor.py:157} INFO - Started process (PID=5493) to work on /home/airflow/.local/lib/python3.7/site-packages/airflow/example_dags/example_nested_branch_dag.py
[2023-07-27T02:05:34.047+0000] {processor.py:826} INFO - Processing file /home/airflow/.local/lib/python3.7/site-packages/airflow/example_dags/example_nested_branch_dag.py for tasks to queue
[2023-07-27T02:05:34.048+0000] {logging_mixin.py:150} INFO - [2023-07-27T02:05:34.048+0000] {dagbag.py:541} INFO - Filling up the DagBag from /home/airflow/.local/lib/python3.7/site-packages/airflow/example_dags/example_nested_branch_dag.py
[2023-07-27T02:05:34.060+0000] {processor.py:836} INFO - DAG(s) dict_keys(['example_nested_branch_dag']) retrieved from /home/airflow/.local/lib/python3.7/site-packages/airflow/example_dags/example_nested_branch_dag.py
[2023-07-27T02:05:34.087+0000] {logging_mixin.py:150} INFO - [2023-07-27T02:05:34.087+0000] {dag.py:2742} INFO - Sync 1 DAGs
[2023-07-27T02:05:34.117+0000] {logging_mixin.py:150} INFO - [2023-07-27T02:05:34.116+0000] {dag.py:3508} INFO - Setting next_dagrun for example_nested_branch_dag to 2023-07-26T00:00:00+00:00, run_after=2023-07-27T00:00:00+00:00
[2023-07-27T02:05:34.261+0000] {processor.py:179} INFO - Processing /home/airflow/.local/lib/python3.7/site-packages/airflow/example_dags/example_nested_branch_dag.py took 0.220 seconds
[2023-07-27T02:06:04.419+0000] {processor.py:157} INFO - Started process (PID=5552) to work on /home/airflow/.local/lib/python3.7/site-packages/airflow/example_dags/example_nested_branch_dag.py
[2023-07-27T02:06:04.420+0000] {processor.py:826} INFO - Processing file /home/airflow/.local/lib/python3.7/site-packages/airflow/example_dags/example_nested_branch_dag.py for tasks to queue
[2023-07-27T02:06:04.421+0000] {logging_mixin.py:150} INFO - [2023-07-27T02:06:04.421+0000] {dagbag.py:541} INFO - Filling up the DagBag from /home/airflow/.local/lib/python3.7/site-packages/airflow/example_dags/example_nested_branch_dag.py
[2023-07-27T02:06:04.432+0000] {processor.py:836} INFO - DAG(s) dict_keys(['example_nested_branch_dag']) retrieved from /home/airflow/.local/lib/python3.7/site-packages/airflow/example_dags/example_nested_branch_dag.py
[2023-07-27T02:06:04.459+0000] {logging_mixin.py:150} INFO - [2023-07-27T02:06:04.459+0000] {dag.py:2742} INFO - Sync 1 DAGs
[2023-07-27T02:06:04.488+0000] {logging_mixin.py:150} INFO - [2023-07-27T02:06:04.488+0000] {dag.py:3508} INFO - Setting next_dagrun for example_nested_branch_dag to 2023-07-26T00:00:00+00:00, run_after=2023-07-27T00:00:00+00:00
[2023-07-27T02:06:04.511+0000] {processor.py:179} INFO - Processing /home/airflow/.local/lib/python3.7/site-packages/airflow/example_dags/example_nested_branch_dag.py took 0.095 seconds
[2023-07-27T02:06:35.177+0000] {processor.py:157} INFO - Started process (PID=5612) to work on /home/airflow/.local/lib/python3.7/site-packages/airflow/example_dags/example_nested_branch_dag.py
[2023-07-27T02:06:35.178+0000] {processor.py:826} INFO - Processing file /home/airflow/.local/lib/python3.7/site-packages/airflow/example_dags/example_nested_branch_dag.py for tasks to queue
[2023-07-27T02:06:35.179+0000] {logging_mixin.py:150} INFO - [2023-07-27T02:06:35.179+0000] {dagbag.py:541} INFO - Filling up the DagBag from /home/airflow/.local/lib/python3.7/site-packages/airflow/example_dags/example_nested_branch_dag.py
[2023-07-27T02:06:35.189+0000] {processor.py:836} INFO - DAG(s) dict_keys(['example_nested_branch_dag']) retrieved from /home/airflow/.local/lib/python3.7/site-packages/airflow/example_dags/example_nested_branch_dag.py
[2023-07-27T02:06:35.218+0000] {logging_mixin.py:150} INFO - [2023-07-27T02:06:35.217+0000] {dag.py:2742} INFO - Sync 1 DAGs
[2023-07-27T02:06:35.246+0000] {logging_mixin.py:150} INFO - [2023-07-27T02:06:35.246+0000] {dag.py:3508} INFO - Setting next_dagrun for example_nested_branch_dag to 2023-07-26T00:00:00+00:00, run_after=2023-07-27T00:00:00+00:00
[2023-07-27T02:06:35.269+0000] {processor.py:179} INFO - Processing /home/airflow/.local/lib/python3.7/site-packages/airflow/example_dags/example_nested_branch_dag.py took 0.095 seconds
[2023-07-27T02:07:05.683+0000] {processor.py:157} INFO - Started process (PID=5672) to work on /home/airflow/.local/lib/python3.7/site-packages/airflow/example_dags/example_nested_branch_dag.py
[2023-07-27T02:07:05.696+0000] {processor.py:826} INFO - Processing file /home/airflow/.local/lib/python3.7/site-packages/airflow/example_dags/example_nested_branch_dag.py for tasks to queue
[2023-07-27T02:07:05.698+0000] {logging_mixin.py:150} INFO - [2023-07-27T02:07:05.698+0000] {dagbag.py:541} INFO - Filling up the DagBag from /home/airflow/.local/lib/python3.7/site-packages/airflow/example_dags/example_nested_branch_dag.py
[2023-07-27T02:07:05.721+0000] {processor.py:836} INFO - DAG(s) dict_keys(['example_nested_branch_dag']) retrieved from /home/airflow/.local/lib/python3.7/site-packages/airflow/example_dags/example_nested_branch_dag.py
[2023-07-27T02:07:05.754+0000] {logging_mixin.py:150} INFO - [2023-07-27T02:07:05.753+0000] {dag.py:2742} INFO - Sync 1 DAGs
[2023-07-27T02:07:05.786+0000] {logging_mixin.py:150} INFO - [2023-07-27T02:07:05.785+0000] {dag.py:3508} INFO - Setting next_dagrun for example_nested_branch_dag to 2023-07-26T00:00:00+00:00, run_after=2023-07-27T00:00:00+00:00
[2023-07-27T02:07:05.811+0000] {processor.py:179} INFO - Processing /home/airflow/.local/lib/python3.7/site-packages/airflow/example_dags/example_nested_branch_dag.py took 0.132 seconds
[2023-07-27T02:07:36.480+0000] {processor.py:157} INFO - Started process (PID=5732) to work on /home/airflow/.local/lib/python3.7/site-packages/airflow/example_dags/example_nested_branch_dag.py
[2023-07-27T02:07:36.482+0000] {processor.py:826} INFO - Processing file /home/airflow/.local/lib/python3.7/site-packages/airflow/example_dags/example_nested_branch_dag.py for tasks to queue
[2023-07-27T02:07:36.483+0000] {logging_mixin.py:150} INFO - [2023-07-27T02:07:36.483+0000] {dagbag.py:541} INFO - Filling up the DagBag from /home/airflow/.local/lib/python3.7/site-packages/airflow/example_dags/example_nested_branch_dag.py
[2023-07-27T02:07:36.497+0000] {processor.py:836} INFO - DAG(s) dict_keys(['example_nested_branch_dag']) retrieved from /home/airflow/.local/lib/python3.7/site-packages/airflow/example_dags/example_nested_branch_dag.py
[2023-07-27T02:07:36.528+0000] {logging_mixin.py:150} INFO - [2023-07-27T02:07:36.528+0000] {dag.py:2742} INFO - Sync 1 DAGs
[2023-07-27T02:07:36.563+0000] {logging_mixin.py:150} INFO - [2023-07-27T02:07:36.563+0000] {dag.py:3508} INFO - Setting next_dagrun for example_nested_branch_dag to 2023-07-26T00:00:00+00:00, run_after=2023-07-27T00:00:00+00:00
[2023-07-27T02:07:36.719+0000] {processor.py:179} INFO - Processing /home/airflow/.local/lib/python3.7/site-packages/airflow/example_dags/example_nested_branch_dag.py took 0.243 seconds
[2023-07-27T02:08:07.613+0000] {processor.py:157} INFO - Started process (PID=5792) to work on /home/airflow/.local/lib/python3.7/site-packages/airflow/example_dags/example_nested_branch_dag.py
[2023-07-27T02:08:07.616+0000] {processor.py:826} INFO - Processing file /home/airflow/.local/lib/python3.7/site-packages/airflow/example_dags/example_nested_branch_dag.py for tasks to queue
[2023-07-27T02:08:07.618+0000] {logging_mixin.py:150} INFO - [2023-07-27T02:08:07.618+0000] {dagbag.py:541} INFO - Filling up the DagBag from /home/airflow/.local/lib/python3.7/site-packages/airflow/example_dags/example_nested_branch_dag.py
[2023-07-27T02:08:07.631+0000] {processor.py:836} INFO - DAG(s) dict_keys(['example_nested_branch_dag']) retrieved from /home/airflow/.local/lib/python3.7/site-packages/airflow/example_dags/example_nested_branch_dag.py
[2023-07-27T02:08:07.672+0000] {logging_mixin.py:150} INFO - [2023-07-27T02:08:07.671+0000] {dag.py:2742} INFO - Sync 1 DAGs
[2023-07-27T02:08:07.706+0000] {logging_mixin.py:150} INFO - [2023-07-27T02:08:07.705+0000] {dag.py:3508} INFO - Setting next_dagrun for example_nested_branch_dag to 2023-07-26T00:00:00+00:00, run_after=2023-07-27T00:00:00+00:00
[2023-07-27T02:08:07.735+0000] {processor.py:179} INFO - Processing /home/airflow/.local/lib/python3.7/site-packages/airflow/example_dags/example_nested_branch_dag.py took 0.126 seconds
[2023-07-27T02:08:38.107+0000] {processor.py:157} INFO - Started process (PID=5853) to work on /home/airflow/.local/lib/python3.7/site-packages/airflow/example_dags/example_nested_branch_dag.py
[2023-07-27T02:08:38.108+0000] {processor.py:826} INFO - Processing file /home/airflow/.local/lib/python3.7/site-packages/airflow/example_dags/example_nested_branch_dag.py for tasks to queue
[2023-07-27T02:08:38.109+0000] {logging_mixin.py:150} INFO - [2023-07-27T02:08:38.109+0000] {dagbag.py:541} INFO - Filling up the DagBag from /home/airflow/.local/lib/python3.7/site-packages/airflow/example_dags/example_nested_branch_dag.py
[2023-07-27T02:08:38.119+0000] {processor.py:836} INFO - DAG(s) dict_keys(['example_nested_branch_dag']) retrieved from /home/airflow/.local/lib/python3.7/site-packages/airflow/example_dags/example_nested_branch_dag.py
[2023-07-27T02:08:38.147+0000] {logging_mixin.py:150} INFO - [2023-07-27T02:08:38.147+0000] {dag.py:2742} INFO - Sync 1 DAGs
[2023-07-27T02:08:38.281+0000] {logging_mixin.py:150} INFO - [2023-07-27T02:08:38.281+0000] {dag.py:3508} INFO - Setting next_dagrun for example_nested_branch_dag to 2023-07-26T00:00:00+00:00, run_after=2023-07-27T00:00:00+00:00
[2023-07-27T02:08:38.315+0000] {processor.py:179} INFO - Processing /home/airflow/.local/lib/python3.7/site-packages/airflow/example_dags/example_nested_branch_dag.py took 0.212 seconds
[2023-07-27T02:09:08.517+0000] {processor.py:157} INFO - Started process (PID=5913) to work on /home/airflow/.local/lib/python3.7/site-packages/airflow/example_dags/example_nested_branch_dag.py
[2023-07-27T02:09:08.519+0000] {processor.py:826} INFO - Processing file /home/airflow/.local/lib/python3.7/site-packages/airflow/example_dags/example_nested_branch_dag.py for tasks to queue
[2023-07-27T02:09:08.520+0000] {logging_mixin.py:150} INFO - [2023-07-27T02:09:08.520+0000] {dagbag.py:541} INFO - Filling up the DagBag from /home/airflow/.local/lib/python3.7/site-packages/airflow/example_dags/example_nested_branch_dag.py
[2023-07-27T02:09:08.531+0000] {processor.py:836} INFO - DAG(s) dict_keys(['example_nested_branch_dag']) retrieved from /home/airflow/.local/lib/python3.7/site-packages/airflow/example_dags/example_nested_branch_dag.py
[2023-07-27T02:09:08.558+0000] {logging_mixin.py:150} INFO - [2023-07-27T02:09:08.558+0000] {dag.py:2742} INFO - Sync 1 DAGs
[2023-07-27T02:09:08.588+0000] {logging_mixin.py:150} INFO - [2023-07-27T02:09:08.587+0000] {dag.py:3508} INFO - Setting next_dagrun for example_nested_branch_dag to 2023-07-26T00:00:00+00:00, run_after=2023-07-27T00:00:00+00:00
[2023-07-27T02:09:08.715+0000] {processor.py:179} INFO - Processing /home/airflow/.local/lib/python3.7/site-packages/airflow/example_dags/example_nested_branch_dag.py took 0.201 seconds
[2023-07-27T02:09:39.194+0000] {processor.py:157} INFO - Started process (PID=5973) to work on /home/airflow/.local/lib/python3.7/site-packages/airflow/example_dags/example_nested_branch_dag.py
[2023-07-27T02:09:39.196+0000] {processor.py:826} INFO - Processing file /home/airflow/.local/lib/python3.7/site-packages/airflow/example_dags/example_nested_branch_dag.py for tasks to queue
[2023-07-27T02:09:39.198+0000] {logging_mixin.py:150} INFO - [2023-07-27T02:09:39.197+0000] {dagbag.py:541} INFO - Filling up the DagBag from /home/airflow/.local/lib/python3.7/site-packages/airflow/example_dags/example_nested_branch_dag.py
[2023-07-27T02:09:39.211+0000] {processor.py:836} INFO - DAG(s) dict_keys(['example_nested_branch_dag']) retrieved from /home/airflow/.local/lib/python3.7/site-packages/airflow/example_dags/example_nested_branch_dag.py
[2023-07-27T02:09:39.239+0000] {logging_mixin.py:150} INFO - [2023-07-27T02:09:39.239+0000] {dag.py:2742} INFO - Sync 1 DAGs
[2023-07-27T02:09:39.268+0000] {logging_mixin.py:150} INFO - [2023-07-27T02:09:39.267+0000] {dag.py:3508} INFO - Setting next_dagrun for example_nested_branch_dag to 2023-07-26T00:00:00+00:00, run_after=2023-07-27T00:00:00+00:00
[2023-07-27T02:09:39.290+0000] {processor.py:179} INFO - Processing /home/airflow/.local/lib/python3.7/site-packages/airflow/example_dags/example_nested_branch_dag.py took 0.103 seconds
[2023-07-27T02:10:09.429+0000] {processor.py:157} INFO - Started process (PID=6032) to work on /home/airflow/.local/lib/python3.7/site-packages/airflow/example_dags/example_nested_branch_dag.py
[2023-07-27T02:10:09.430+0000] {processor.py:826} INFO - Processing file /home/airflow/.local/lib/python3.7/site-packages/airflow/example_dags/example_nested_branch_dag.py for tasks to queue
[2023-07-27T02:10:09.432+0000] {logging_mixin.py:150} INFO - [2023-07-27T02:10:09.431+0000] {dagbag.py:541} INFO - Filling up the DagBag from /home/airflow/.local/lib/python3.7/site-packages/airflow/example_dags/example_nested_branch_dag.py
[2023-07-27T02:10:09.443+0000] {processor.py:836} INFO - DAG(s) dict_keys(['example_nested_branch_dag']) retrieved from /home/airflow/.local/lib/python3.7/site-packages/airflow/example_dags/example_nested_branch_dag.py
[2023-07-27T02:10:09.475+0000] {logging_mixin.py:150} INFO - [2023-07-27T02:10:09.475+0000] {dag.py:2742} INFO - Sync 1 DAGs
[2023-07-27T02:10:09.627+0000] {logging_mixin.py:150} INFO - [2023-07-27T02:10:09.627+0000] {dag.py:3508} INFO - Setting next_dagrun for example_nested_branch_dag to 2023-07-26T00:00:00+00:00, run_after=2023-07-27T00:00:00+00:00
[2023-07-27T02:10:09.653+0000] {processor.py:179} INFO - Processing /home/airflow/.local/lib/python3.7/site-packages/airflow/example_dags/example_nested_branch_dag.py took 0.228 seconds
[2023-07-27T02:10:39.747+0000] {processor.py:157} INFO - Started process (PID=6086) to work on /home/airflow/.local/lib/python3.7/site-packages/airflow/example_dags/example_nested_branch_dag.py
[2023-07-27T02:10:39.749+0000] {processor.py:826} INFO - Processing file /home/airflow/.local/lib/python3.7/site-packages/airflow/example_dags/example_nested_branch_dag.py for tasks to queue
[2023-07-27T02:10:39.751+0000] {logging_mixin.py:150} INFO - [2023-07-27T02:10:39.750+0000] {dagbag.py:541} INFO - Filling up the DagBag from /home/airflow/.local/lib/python3.7/site-packages/airflow/example_dags/example_nested_branch_dag.py
[2023-07-27T02:10:39.763+0000] {processor.py:836} INFO - DAG(s) dict_keys(['example_nested_branch_dag']) retrieved from /home/airflow/.local/lib/python3.7/site-packages/airflow/example_dags/example_nested_branch_dag.py
[2023-07-27T02:10:40.096+0000] {logging_mixin.py:150} INFO - [2023-07-27T02:10:40.095+0000] {process_utils.py:258} INFO - Waiting up to 5 seconds for processes to exit...
[2023-07-27T02:10:40.133+0000] {logging_mixin.py:150} INFO - [2023-07-27T02:10:40.133+0000] {process_utils.py:258} INFO - Waiting up to 5 seconds for processes to exit...
