[2023-07-27T01:39:04.888+0000] {processor.py:157} INFO - Started process (PID=2347) to work on /home/airflow/.local/lib/python3.7/site-packages/airflow/example_dags/example_sensors.py
[2023-07-27T01:39:04.895+0000] {processor.py:826} INFO - Processing file /home/airflow/.local/lib/python3.7/site-packages/airflow/example_dags/example_sensors.py for tasks to queue
[2023-07-27T01:39:04.901+0000] {logging_mixin.py:150} INFO - [2023-07-27T01:39:04.897+0000] {dagbag.py:541} INFO - Filling up the DagBag from /home/airflow/.local/lib/python3.7/site-packages/airflow/example_dags/example_sensors.py
[2023-07-27T01:39:04.938+0000] {processor.py:836} INFO - DAG(s) dict_keys(['example_sensors']) retrieved from /home/airflow/.local/lib/python3.7/site-packages/airflow/example_dags/example_sensors.py
[2023-07-27T01:39:05.105+0000] {logging_mixin.py:150} INFO - [2023-07-27T01:39:05.105+0000] {dag.py:2742} INFO - Sync 1 DAGs
[2023-07-27T01:39:05.211+0000] {logging_mixin.py:150} INFO - [2023-07-27T01:39:05.211+0000] {dag.py:3508} INFO - Setting next_dagrun for example_sensors to None, run_after=None
[2023-07-27T01:39:05.316+0000] {processor.py:179} INFO - Processing /home/airflow/.local/lib/python3.7/site-packages/airflow/example_dags/example_sensors.py took 0.432 seconds
[2023-07-27T01:39:35.511+0000] {processor.py:157} INFO - Started process (PID=2407) to work on /home/airflow/.local/lib/python3.7/site-packages/airflow/example_dags/example_sensors.py
[2023-07-27T01:39:35.513+0000] {processor.py:826} INFO - Processing file /home/airflow/.local/lib/python3.7/site-packages/airflow/example_dags/example_sensors.py for tasks to queue
[2023-07-27T01:39:35.514+0000] {logging_mixin.py:150} INFO - [2023-07-27T01:39:35.514+0000] {dagbag.py:541} INFO - Filling up the DagBag from /home/airflow/.local/lib/python3.7/site-packages/airflow/example_dags/example_sensors.py
[2023-07-27T01:39:35.525+0000] {processor.py:836} INFO - DAG(s) dict_keys(['example_sensors']) retrieved from /home/airflow/.local/lib/python3.7/site-packages/airflow/example_dags/example_sensors.py
[2023-07-27T01:39:35.568+0000] {logging_mixin.py:150} INFO - [2023-07-27T01:39:35.567+0000] {dag.py:2742} INFO - Sync 1 DAGs
[2023-07-27T01:39:35.602+0000] {logging_mixin.py:150} INFO - [2023-07-27T01:39:35.601+0000] {dag.py:3508} INFO - Setting next_dagrun for example_sensors to None, run_after=None
[2023-07-27T01:39:35.629+0000] {processor.py:179} INFO - Processing /home/airflow/.local/lib/python3.7/site-packages/airflow/example_dags/example_sensors.py took 0.122 seconds
[2023-07-27T01:40:06.730+0000] {processor.py:157} INFO - Started process (PID=2467) to work on /home/airflow/.local/lib/python3.7/site-packages/airflow/example_dags/example_sensors.py
[2023-07-27T01:40:06.732+0000] {processor.py:826} INFO - Processing file /home/airflow/.local/lib/python3.7/site-packages/airflow/example_dags/example_sensors.py for tasks to queue
[2023-07-27T01:40:06.734+0000] {logging_mixin.py:150} INFO - [2023-07-27T01:40:06.734+0000] {dagbag.py:541} INFO - Filling up the DagBag from /home/airflow/.local/lib/python3.7/site-packages/airflow/example_dags/example_sensors.py
[2023-07-27T01:40:06.755+0000] {processor.py:836} INFO - DAG(s) dict_keys(['example_sensors']) retrieved from /home/airflow/.local/lib/python3.7/site-packages/airflow/example_dags/example_sensors.py
[2023-07-27T01:40:06.846+0000] {logging_mixin.py:150} INFO - [2023-07-27T01:40:06.846+0000] {dag.py:2742} INFO - Sync 1 DAGs
[2023-07-27T01:40:06.937+0000] {logging_mixin.py:150} INFO - [2023-07-27T01:40:06.937+0000] {dag.py:3508} INFO - Setting next_dagrun for example_sensors to None, run_after=None
[2023-07-27T01:40:07.003+0000] {processor.py:179} INFO - Processing /home/airflow/.local/lib/python3.7/site-packages/airflow/example_dags/example_sensors.py took 0.277 seconds
[2023-07-27T01:40:37.210+0000] {processor.py:157} INFO - Started process (PID=2528) to work on /home/airflow/.local/lib/python3.7/site-packages/airflow/example_dags/example_sensors.py
[2023-07-27T01:40:37.211+0000] {processor.py:826} INFO - Processing file /home/airflow/.local/lib/python3.7/site-packages/airflow/example_dags/example_sensors.py for tasks to queue
[2023-07-27T01:40:37.212+0000] {logging_mixin.py:150} INFO - [2023-07-27T01:40:37.212+0000] {dagbag.py:541} INFO - Filling up the DagBag from /home/airflow/.local/lib/python3.7/site-packages/airflow/example_dags/example_sensors.py
[2023-07-27T01:40:37.222+0000] {processor.py:836} INFO - DAG(s) dict_keys(['example_sensors']) retrieved from /home/airflow/.local/lib/python3.7/site-packages/airflow/example_dags/example_sensors.py
[2023-07-27T01:40:37.253+0000] {logging_mixin.py:150} INFO - [2023-07-27T01:40:37.253+0000] {dag.py:2742} INFO - Sync 1 DAGs
[2023-07-27T01:40:37.280+0000] {logging_mixin.py:150} INFO - [2023-07-27T01:40:37.279+0000] {dag.py:3508} INFO - Setting next_dagrun for example_sensors to None, run_after=None
[2023-07-27T01:40:37.303+0000] {processor.py:179} INFO - Processing /home/airflow/.local/lib/python3.7/site-packages/airflow/example_dags/example_sensors.py took 0.097 seconds
[2023-07-27T01:41:08.035+0000] {processor.py:157} INFO - Started process (PID=2588) to work on /home/airflow/.local/lib/python3.7/site-packages/airflow/example_dags/example_sensors.py
[2023-07-27T01:41:08.036+0000] {processor.py:826} INFO - Processing file /home/airflow/.local/lib/python3.7/site-packages/airflow/example_dags/example_sensors.py for tasks to queue
[2023-07-27T01:41:08.038+0000] {logging_mixin.py:150} INFO - [2023-07-27T01:41:08.037+0000] {dagbag.py:541} INFO - Filling up the DagBag from /home/airflow/.local/lib/python3.7/site-packages/airflow/example_dags/example_sensors.py
[2023-07-27T01:41:08.048+0000] {processor.py:836} INFO - DAG(s) dict_keys(['example_sensors']) retrieved from /home/airflow/.local/lib/python3.7/site-packages/airflow/example_dags/example_sensors.py
[2023-07-27T01:41:08.079+0000] {logging_mixin.py:150} INFO - [2023-07-27T01:41:08.078+0000] {dag.py:2742} INFO - Sync 1 DAGs
[2023-07-27T01:41:08.105+0000] {logging_mixin.py:150} INFO - [2023-07-27T01:41:08.105+0000] {dag.py:3508} INFO - Setting next_dagrun for example_sensors to None, run_after=None
[2023-07-27T01:41:08.128+0000] {processor.py:179} INFO - Processing /home/airflow/.local/lib/python3.7/site-packages/airflow/example_dags/example_sensors.py took 0.097 seconds
[2023-07-27T01:41:38.223+0000] {processor.py:157} INFO - Started process (PID=2647) to work on /home/airflow/.local/lib/python3.7/site-packages/airflow/example_dags/example_sensors.py
[2023-07-27T01:41:38.224+0000] {processor.py:826} INFO - Processing file /home/airflow/.local/lib/python3.7/site-packages/airflow/example_dags/example_sensors.py for tasks to queue
[2023-07-27T01:41:38.226+0000] {logging_mixin.py:150} INFO - [2023-07-27T01:41:38.225+0000] {dagbag.py:541} INFO - Filling up the DagBag from /home/airflow/.local/lib/python3.7/site-packages/airflow/example_dags/example_sensors.py
[2023-07-27T01:41:38.236+0000] {processor.py:836} INFO - DAG(s) dict_keys(['example_sensors']) retrieved from /home/airflow/.local/lib/python3.7/site-packages/airflow/example_dags/example_sensors.py
[2023-07-27T01:41:38.265+0000] {logging_mixin.py:150} INFO - [2023-07-27T01:41:38.265+0000] {dag.py:2742} INFO - Sync 1 DAGs
[2023-07-27T01:41:38.293+0000] {logging_mixin.py:150} INFO - [2023-07-27T01:41:38.292+0000] {dag.py:3508} INFO - Setting next_dagrun for example_sensors to None, run_after=None
[2023-07-27T01:41:38.316+0000] {processor.py:179} INFO - Processing /home/airflow/.local/lib/python3.7/site-packages/airflow/example_dags/example_sensors.py took 0.096 seconds
[2023-07-27T01:42:08.870+0000] {processor.py:157} INFO - Started process (PID=2700) to work on /home/airflow/.local/lib/python3.7/site-packages/airflow/example_dags/example_sensors.py
[2023-07-27T01:42:08.871+0000] {processor.py:826} INFO - Processing file /home/airflow/.local/lib/python3.7/site-packages/airflow/example_dags/example_sensors.py for tasks to queue
[2023-07-27T01:42:08.873+0000] {logging_mixin.py:150} INFO - [2023-07-27T01:42:08.872+0000] {dagbag.py:541} INFO - Filling up the DagBag from /home/airflow/.local/lib/python3.7/site-packages/airflow/example_dags/example_sensors.py
[2023-07-27T01:42:08.884+0000] {processor.py:836} INFO - DAG(s) dict_keys(['example_sensors']) retrieved from /home/airflow/.local/lib/python3.7/site-packages/airflow/example_dags/example_sensors.py
[2023-07-27T01:42:08.915+0000] {logging_mixin.py:150} INFO - [2023-07-27T01:42:08.915+0000] {dag.py:2742} INFO - Sync 1 DAGs
[2023-07-27T01:42:08.944+0000] {logging_mixin.py:150} INFO - [2023-07-27T01:42:08.944+0000] {dag.py:3508} INFO - Setting next_dagrun for example_sensors to None, run_after=None
[2023-07-27T01:42:08.968+0000] {processor.py:179} INFO - Processing /home/airflow/.local/lib/python3.7/site-packages/airflow/example_dags/example_sensors.py took 0.102 seconds
[2023-07-27T01:42:39.605+0000] {processor.py:157} INFO - Started process (PID=2761) to work on /home/airflow/.local/lib/python3.7/site-packages/airflow/example_dags/example_sensors.py
[2023-07-27T01:42:39.606+0000] {processor.py:826} INFO - Processing file /home/airflow/.local/lib/python3.7/site-packages/airflow/example_dags/example_sensors.py for tasks to queue
[2023-07-27T01:42:39.607+0000] {logging_mixin.py:150} INFO - [2023-07-27T01:42:39.607+0000] {dagbag.py:541} INFO - Filling up the DagBag from /home/airflow/.local/lib/python3.7/site-packages/airflow/example_dags/example_sensors.py
[2023-07-27T01:42:39.618+0000] {processor.py:836} INFO - DAG(s) dict_keys(['example_sensors']) retrieved from /home/airflow/.local/lib/python3.7/site-packages/airflow/example_dags/example_sensors.py
[2023-07-27T01:42:39.650+0000] {logging_mixin.py:150} INFO - [2023-07-27T01:42:39.649+0000] {dag.py:2742} INFO - Sync 1 DAGs
[2023-07-27T01:42:39.676+0000] {logging_mixin.py:150} INFO - [2023-07-27T01:42:39.676+0000] {dag.py:3508} INFO - Setting next_dagrun for example_sensors to None, run_after=None
[2023-07-27T01:42:39.699+0000] {processor.py:179} INFO - Processing /home/airflow/.local/lib/python3.7/site-packages/airflow/example_dags/example_sensors.py took 0.097 seconds
[2023-07-27T01:43:10.437+0000] {processor.py:157} INFO - Started process (PID=2822) to work on /home/airflow/.local/lib/python3.7/site-packages/airflow/example_dags/example_sensors.py
[2023-07-27T01:43:10.439+0000] {processor.py:826} INFO - Processing file /home/airflow/.local/lib/python3.7/site-packages/airflow/example_dags/example_sensors.py for tasks to queue
[2023-07-27T01:43:10.440+0000] {logging_mixin.py:150} INFO - [2023-07-27T01:43:10.439+0000] {dagbag.py:541} INFO - Filling up the DagBag from /home/airflow/.local/lib/python3.7/site-packages/airflow/example_dags/example_sensors.py
[2023-07-27T01:43:10.450+0000] {processor.py:836} INFO - DAG(s) dict_keys(['example_sensors']) retrieved from /home/airflow/.local/lib/python3.7/site-packages/airflow/example_dags/example_sensors.py
[2023-07-27T01:43:10.480+0000] {logging_mixin.py:150} INFO - [2023-07-27T01:43:10.480+0000] {dag.py:2742} INFO - Sync 1 DAGs
[2023-07-27T01:43:10.507+0000] {logging_mixin.py:150} INFO - [2023-07-27T01:43:10.507+0000] {dag.py:3508} INFO - Setting next_dagrun for example_sensors to None, run_after=None
[2023-07-27T01:43:10.530+0000] {processor.py:179} INFO - Processing /home/airflow/.local/lib/python3.7/site-packages/airflow/example_dags/example_sensors.py took 0.096 seconds
[2023-07-27T01:43:41.048+0000] {processor.py:157} INFO - Started process (PID=2882) to work on /home/airflow/.local/lib/python3.7/site-packages/airflow/example_dags/example_sensors.py
[2023-07-27T01:43:41.049+0000] {processor.py:826} INFO - Processing file /home/airflow/.local/lib/python3.7/site-packages/airflow/example_dags/example_sensors.py for tasks to queue
[2023-07-27T01:43:41.050+0000] {logging_mixin.py:150} INFO - [2023-07-27T01:43:41.050+0000] {dagbag.py:541} INFO - Filling up the DagBag from /home/airflow/.local/lib/python3.7/site-packages/airflow/example_dags/example_sensors.py
[2023-07-27T01:43:41.062+0000] {processor.py:836} INFO - DAG(s) dict_keys(['example_sensors']) retrieved from /home/airflow/.local/lib/python3.7/site-packages/airflow/example_dags/example_sensors.py
[2023-07-27T01:43:41.091+0000] {logging_mixin.py:150} INFO - [2023-07-27T01:43:41.091+0000] {dag.py:2742} INFO - Sync 1 DAGs
[2023-07-27T01:43:41.118+0000] {logging_mixin.py:150} INFO - [2023-07-27T01:43:41.118+0000] {dag.py:3508} INFO - Setting next_dagrun for example_sensors to None, run_after=None
[2023-07-27T01:43:41.146+0000] {processor.py:179} INFO - Processing /home/airflow/.local/lib/python3.7/site-packages/airflow/example_dags/example_sensors.py took 0.102 seconds
[2023-07-27T01:44:11.356+0000] {processor.py:157} INFO - Started process (PID=2942) to work on /home/airflow/.local/lib/python3.7/site-packages/airflow/example_dags/example_sensors.py
[2023-07-27T01:44:11.358+0000] {processor.py:826} INFO - Processing file /home/airflow/.local/lib/python3.7/site-packages/airflow/example_dags/example_sensors.py for tasks to queue
[2023-07-27T01:44:11.359+0000] {logging_mixin.py:150} INFO - [2023-07-27T01:44:11.358+0000] {dagbag.py:541} INFO - Filling up the DagBag from /home/airflow/.local/lib/python3.7/site-packages/airflow/example_dags/example_sensors.py
[2023-07-27T01:44:11.369+0000] {processor.py:836} INFO - DAG(s) dict_keys(['example_sensors']) retrieved from /home/airflow/.local/lib/python3.7/site-packages/airflow/example_dags/example_sensors.py
[2023-07-27T01:44:11.401+0000] {logging_mixin.py:150} INFO - [2023-07-27T01:44:11.401+0000] {dag.py:2742} INFO - Sync 1 DAGs
[2023-07-27T01:44:11.428+0000] {logging_mixin.py:150} INFO - [2023-07-27T01:44:11.428+0000] {dag.py:3508} INFO - Setting next_dagrun for example_sensors to None, run_after=None
[2023-07-27T01:44:11.451+0000] {processor.py:179} INFO - Processing /home/airflow/.local/lib/python3.7/site-packages/airflow/example_dags/example_sensors.py took 0.099 seconds
[2023-07-27T01:44:42.065+0000] {processor.py:157} INFO - Started process (PID=3002) to work on /home/airflow/.local/lib/python3.7/site-packages/airflow/example_dags/example_sensors.py
[2023-07-27T01:44:42.066+0000] {processor.py:826} INFO - Processing file /home/airflow/.local/lib/python3.7/site-packages/airflow/example_dags/example_sensors.py for tasks to queue
[2023-07-27T01:44:42.068+0000] {logging_mixin.py:150} INFO - [2023-07-27T01:44:42.067+0000] {dagbag.py:541} INFO - Filling up the DagBag from /home/airflow/.local/lib/python3.7/site-packages/airflow/example_dags/example_sensors.py
[2023-07-27T01:44:42.078+0000] {processor.py:836} INFO - DAG(s) dict_keys(['example_sensors']) retrieved from /home/airflow/.local/lib/python3.7/site-packages/airflow/example_dags/example_sensors.py
[2023-07-27T01:44:42.108+0000] {logging_mixin.py:150} INFO - [2023-07-27T01:44:42.108+0000] {dag.py:2742} INFO - Sync 1 DAGs
[2023-07-27T01:44:42.135+0000] {logging_mixin.py:150} INFO - [2023-07-27T01:44:42.135+0000] {dag.py:3508} INFO - Setting next_dagrun for example_sensors to None, run_after=None
[2023-07-27T01:44:42.158+0000] {processor.py:179} INFO - Processing /home/airflow/.local/lib/python3.7/site-packages/airflow/example_dags/example_sensors.py took 0.097 seconds
[2023-07-27T01:45:12.563+0000] {processor.py:157} INFO - Started process (PID=3062) to work on /home/airflow/.local/lib/python3.7/site-packages/airflow/example_dags/example_sensors.py
[2023-07-27T01:45:12.564+0000] {processor.py:826} INFO - Processing file /home/airflow/.local/lib/python3.7/site-packages/airflow/example_dags/example_sensors.py for tasks to queue
[2023-07-27T01:45:12.566+0000] {logging_mixin.py:150} INFO - [2023-07-27T01:45:12.565+0000] {dagbag.py:541} INFO - Filling up the DagBag from /home/airflow/.local/lib/python3.7/site-packages/airflow/example_dags/example_sensors.py
[2023-07-27T01:45:12.576+0000] {processor.py:836} INFO - DAG(s) dict_keys(['example_sensors']) retrieved from /home/airflow/.local/lib/python3.7/site-packages/airflow/example_dags/example_sensors.py
[2023-07-27T01:45:12.605+0000] {logging_mixin.py:150} INFO - [2023-07-27T01:45:12.605+0000] {dag.py:2742} INFO - Sync 1 DAGs
[2023-07-27T01:45:12.632+0000] {logging_mixin.py:150} INFO - [2023-07-27T01:45:12.632+0000] {dag.py:3508} INFO - Setting next_dagrun for example_sensors to None, run_after=None
[2023-07-27T01:45:12.655+0000] {processor.py:179} INFO - Processing /home/airflow/.local/lib/python3.7/site-packages/airflow/example_dags/example_sensors.py took 0.095 seconds
[2023-07-27T01:45:42.839+0000] {processor.py:157} INFO - Started process (PID=3123) to work on /home/airflow/.local/lib/python3.7/site-packages/airflow/example_dags/example_sensors.py
[2023-07-27T01:45:42.841+0000] {processor.py:826} INFO - Processing file /home/airflow/.local/lib/python3.7/site-packages/airflow/example_dags/example_sensors.py for tasks to queue
[2023-07-27T01:45:42.842+0000] {logging_mixin.py:150} INFO - [2023-07-27T01:45:42.842+0000] {dagbag.py:541} INFO - Filling up the DagBag from /home/airflow/.local/lib/python3.7/site-packages/airflow/example_dags/example_sensors.py
[2023-07-27T01:45:42.854+0000] {processor.py:836} INFO - DAG(s) dict_keys(['example_sensors']) retrieved from /home/airflow/.local/lib/python3.7/site-packages/airflow/example_dags/example_sensors.py
[2023-07-27T01:45:42.884+0000] {logging_mixin.py:150} INFO - [2023-07-27T01:45:42.884+0000] {dag.py:2742} INFO - Sync 1 DAGs
[2023-07-27T01:45:42.911+0000] {logging_mixin.py:150} INFO - [2023-07-27T01:45:42.911+0000] {dag.py:3508} INFO - Setting next_dagrun for example_sensors to None, run_after=None
[2023-07-27T01:45:42.934+0000] {processor.py:179} INFO - Processing /home/airflow/.local/lib/python3.7/site-packages/airflow/example_dags/example_sensors.py took 0.099 seconds
[2023-07-27T01:46:13.077+0000] {processor.py:157} INFO - Started process (PID=3183) to work on /home/airflow/.local/lib/python3.7/site-packages/airflow/example_dags/example_sensors.py
[2023-07-27T01:46:13.078+0000] {processor.py:826} INFO - Processing file /home/airflow/.local/lib/python3.7/site-packages/airflow/example_dags/example_sensors.py for tasks to queue
[2023-07-27T01:46:13.079+0000] {logging_mixin.py:150} INFO - [2023-07-27T01:46:13.079+0000] {dagbag.py:541} INFO - Filling up the DagBag from /home/airflow/.local/lib/python3.7/site-packages/airflow/example_dags/example_sensors.py
[2023-07-27T01:46:13.090+0000] {processor.py:836} INFO - DAG(s) dict_keys(['example_sensors']) retrieved from /home/airflow/.local/lib/python3.7/site-packages/airflow/example_dags/example_sensors.py
[2023-07-27T01:46:13.120+0000] {logging_mixin.py:150} INFO - [2023-07-27T01:46:13.120+0000] {dag.py:2742} INFO - Sync 1 DAGs
[2023-07-27T01:46:13.147+0000] {logging_mixin.py:150} INFO - [2023-07-27T01:46:13.147+0000] {dag.py:3508} INFO - Setting next_dagrun for example_sensors to None, run_after=None
[2023-07-27T01:46:13.171+0000] {processor.py:179} INFO - Processing /home/airflow/.local/lib/python3.7/site-packages/airflow/example_dags/example_sensors.py took 0.098 seconds
[2023-07-27T01:46:43.373+0000] {processor.py:157} INFO - Started process (PID=3243) to work on /home/airflow/.local/lib/python3.7/site-packages/airflow/example_dags/example_sensors.py
[2023-07-27T01:46:43.374+0000] {processor.py:826} INFO - Processing file /home/airflow/.local/lib/python3.7/site-packages/airflow/example_dags/example_sensors.py for tasks to queue
[2023-07-27T01:46:43.375+0000] {logging_mixin.py:150} INFO - [2023-07-27T01:46:43.375+0000] {dagbag.py:541} INFO - Filling up the DagBag from /home/airflow/.local/lib/python3.7/site-packages/airflow/example_dags/example_sensors.py
[2023-07-27T01:46:43.386+0000] {processor.py:836} INFO - DAG(s) dict_keys(['example_sensors']) retrieved from /home/airflow/.local/lib/python3.7/site-packages/airflow/example_dags/example_sensors.py
[2023-07-27T01:46:43.417+0000] {logging_mixin.py:150} INFO - [2023-07-27T01:46:43.416+0000] {dag.py:2742} INFO - Sync 1 DAGs
[2023-07-27T01:46:43.444+0000] {logging_mixin.py:150} INFO - [2023-07-27T01:46:43.444+0000] {dag.py:3508} INFO - Setting next_dagrun for example_sensors to None, run_after=None
[2023-07-27T01:46:43.466+0000] {processor.py:179} INFO - Processing /home/airflow/.local/lib/python3.7/site-packages/airflow/example_dags/example_sensors.py took 0.096 seconds
[2023-07-27T01:47:13.607+0000] {processor.py:157} INFO - Started process (PID=3303) to work on /home/airflow/.local/lib/python3.7/site-packages/airflow/example_dags/example_sensors.py
[2023-07-27T01:47:13.608+0000] {processor.py:826} INFO - Processing file /home/airflow/.local/lib/python3.7/site-packages/airflow/example_dags/example_sensors.py for tasks to queue
[2023-07-27T01:47:13.609+0000] {logging_mixin.py:150} INFO - [2023-07-27T01:47:13.609+0000] {dagbag.py:541} INFO - Filling up the DagBag from /home/airflow/.local/lib/python3.7/site-packages/airflow/example_dags/example_sensors.py
[2023-07-27T01:47:13.620+0000] {processor.py:836} INFO - DAG(s) dict_keys(['example_sensors']) retrieved from /home/airflow/.local/lib/python3.7/site-packages/airflow/example_dags/example_sensors.py
[2023-07-27T01:47:13.649+0000] {logging_mixin.py:150} INFO - [2023-07-27T01:47:13.649+0000] {dag.py:2742} INFO - Sync 1 DAGs
[2023-07-27T01:47:13.676+0000] {logging_mixin.py:150} INFO - [2023-07-27T01:47:13.676+0000] {dag.py:3508} INFO - Setting next_dagrun for example_sensors to None, run_after=None
[2023-07-27T01:47:13.700+0000] {processor.py:179} INFO - Processing /home/airflow/.local/lib/python3.7/site-packages/airflow/example_dags/example_sensors.py took 0.097 seconds
[2023-07-27T01:47:43.866+0000] {processor.py:157} INFO - Started process (PID=3363) to work on /home/airflow/.local/lib/python3.7/site-packages/airflow/example_dags/example_sensors.py
[2023-07-27T01:47:43.867+0000] {processor.py:826} INFO - Processing file /home/airflow/.local/lib/python3.7/site-packages/airflow/example_dags/example_sensors.py for tasks to queue
[2023-07-27T01:47:43.868+0000] {logging_mixin.py:150} INFO - [2023-07-27T01:47:43.868+0000] {dagbag.py:541} INFO - Filling up the DagBag from /home/airflow/.local/lib/python3.7/site-packages/airflow/example_dags/example_sensors.py
[2023-07-27T01:47:43.879+0000] {processor.py:836} INFO - DAG(s) dict_keys(['example_sensors']) retrieved from /home/airflow/.local/lib/python3.7/site-packages/airflow/example_dags/example_sensors.py
[2023-07-27T01:47:43.909+0000] {logging_mixin.py:150} INFO - [2023-07-27T01:47:43.909+0000] {dag.py:2742} INFO - Sync 1 DAGs
[2023-07-27T01:47:43.936+0000] {logging_mixin.py:150} INFO - [2023-07-27T01:47:43.936+0000] {dag.py:3508} INFO - Setting next_dagrun for example_sensors to None, run_after=None
[2023-07-27T01:47:43.959+0000] {processor.py:179} INFO - Processing /home/airflow/.local/lib/python3.7/site-packages/airflow/example_dags/example_sensors.py took 0.096 seconds
[2023-07-27T01:48:14.200+0000] {processor.py:157} INFO - Started process (PID=3423) to work on /home/airflow/.local/lib/python3.7/site-packages/airflow/example_dags/example_sensors.py
[2023-07-27T01:48:14.201+0000] {processor.py:826} INFO - Processing file /home/airflow/.local/lib/python3.7/site-packages/airflow/example_dags/example_sensors.py for tasks to queue
[2023-07-27T01:48:14.202+0000] {logging_mixin.py:150} INFO - [2023-07-27T01:48:14.202+0000] {dagbag.py:541} INFO - Filling up the DagBag from /home/airflow/.local/lib/python3.7/site-packages/airflow/example_dags/example_sensors.py
[2023-07-27T01:48:14.213+0000] {processor.py:836} INFO - DAG(s) dict_keys(['example_sensors']) retrieved from /home/airflow/.local/lib/python3.7/site-packages/airflow/example_dags/example_sensors.py
[2023-07-27T01:48:14.243+0000] {logging_mixin.py:150} INFO - [2023-07-27T01:48:14.242+0000] {dag.py:2742} INFO - Sync 1 DAGs
[2023-07-27T01:48:14.270+0000] {logging_mixin.py:150} INFO - [2023-07-27T01:48:14.270+0000] {dag.py:3508} INFO - Setting next_dagrun for example_sensors to None, run_after=None
[2023-07-27T01:48:14.295+0000] {processor.py:179} INFO - Processing /home/airflow/.local/lib/python3.7/site-packages/airflow/example_dags/example_sensors.py took 0.098 seconds
[2023-07-27T01:48:44.636+0000] {processor.py:157} INFO - Started process (PID=3483) to work on /home/airflow/.local/lib/python3.7/site-packages/airflow/example_dags/example_sensors.py
[2023-07-27T01:48:44.637+0000] {processor.py:826} INFO - Processing file /home/airflow/.local/lib/python3.7/site-packages/airflow/example_dags/example_sensors.py for tasks to queue
[2023-07-27T01:48:44.638+0000] {logging_mixin.py:150} INFO - [2023-07-27T01:48:44.638+0000] {dagbag.py:541} INFO - Filling up the DagBag from /home/airflow/.local/lib/python3.7/site-packages/airflow/example_dags/example_sensors.py
[2023-07-27T01:48:44.649+0000] {processor.py:836} INFO - DAG(s) dict_keys(['example_sensors']) retrieved from /home/airflow/.local/lib/python3.7/site-packages/airflow/example_dags/example_sensors.py
[2023-07-27T01:48:44.679+0000] {logging_mixin.py:150} INFO - [2023-07-27T01:48:44.678+0000] {dag.py:2742} INFO - Sync 1 DAGs
[2023-07-27T01:48:44.706+0000] {logging_mixin.py:150} INFO - [2023-07-27T01:48:44.706+0000] {dag.py:3508} INFO - Setting next_dagrun for example_sensors to None, run_after=None
[2023-07-27T01:48:44.729+0000] {processor.py:179} INFO - Processing /home/airflow/.local/lib/python3.7/site-packages/airflow/example_dags/example_sensors.py took 0.097 seconds
[2023-07-27T01:49:15.082+0000] {processor.py:157} INFO - Started process (PID=3543) to work on /home/airflow/.local/lib/python3.7/site-packages/airflow/example_dags/example_sensors.py
[2023-07-27T01:49:15.083+0000] {processor.py:826} INFO - Processing file /home/airflow/.local/lib/python3.7/site-packages/airflow/example_dags/example_sensors.py for tasks to queue
[2023-07-27T01:49:15.084+0000] {logging_mixin.py:150} INFO - [2023-07-27T01:49:15.084+0000] {dagbag.py:541} INFO - Filling up the DagBag from /home/airflow/.local/lib/python3.7/site-packages/airflow/example_dags/example_sensors.py
[2023-07-27T01:49:15.095+0000] {processor.py:836} INFO - DAG(s) dict_keys(['example_sensors']) retrieved from /home/airflow/.local/lib/python3.7/site-packages/airflow/example_dags/example_sensors.py
[2023-07-27T01:49:15.125+0000] {logging_mixin.py:150} INFO - [2023-07-27T01:49:15.125+0000] {dag.py:2742} INFO - Sync 1 DAGs
[2023-07-27T01:49:15.152+0000] {logging_mixin.py:150} INFO - [2023-07-27T01:49:15.152+0000] {dag.py:3508} INFO - Setting next_dagrun for example_sensors to None, run_after=None
[2023-07-27T01:49:15.174+0000] {processor.py:179} INFO - Processing /home/airflow/.local/lib/python3.7/site-packages/airflow/example_dags/example_sensors.py took 0.097 seconds
[2023-07-27T01:49:45.642+0000] {processor.py:157} INFO - Started process (PID=3610) to work on /home/airflow/.local/lib/python3.7/site-packages/airflow/example_dags/example_sensors.py
[2023-07-27T01:49:45.644+0000] {processor.py:826} INFO - Processing file /home/airflow/.local/lib/python3.7/site-packages/airflow/example_dags/example_sensors.py for tasks to queue
[2023-07-27T01:49:45.645+0000] {logging_mixin.py:150} INFO - [2023-07-27T01:49:45.645+0000] {dagbag.py:541} INFO - Filling up the DagBag from /home/airflow/.local/lib/python3.7/site-packages/airflow/example_dags/example_sensors.py
[2023-07-27T01:49:45.662+0000] {processor.py:836} INFO - DAG(s) dict_keys(['example_sensors']) retrieved from /home/airflow/.local/lib/python3.7/site-packages/airflow/example_dags/example_sensors.py
[2023-07-27T01:49:45.692+0000] {logging_mixin.py:150} INFO - [2023-07-27T01:49:45.692+0000] {dag.py:2742} INFO - Sync 1 DAGs
[2023-07-27T01:49:45.719+0000] {logging_mixin.py:150} INFO - [2023-07-27T01:49:45.719+0000] {dag.py:3508} INFO - Setting next_dagrun for example_sensors to None, run_after=None
[2023-07-27T01:49:45.742+0000] {processor.py:179} INFO - Processing /home/airflow/.local/lib/python3.7/site-packages/airflow/example_dags/example_sensors.py took 0.104 seconds
[2023-07-27T01:50:15.932+0000] {processor.py:157} INFO - Started process (PID=3671) to work on /home/airflow/.local/lib/python3.7/site-packages/airflow/example_dags/example_sensors.py
[2023-07-27T01:50:15.933+0000] {processor.py:826} INFO - Processing file /home/airflow/.local/lib/python3.7/site-packages/airflow/example_dags/example_sensors.py for tasks to queue
[2023-07-27T01:50:15.934+0000] {logging_mixin.py:150} INFO - [2023-07-27T01:50:15.934+0000] {dagbag.py:541} INFO - Filling up the DagBag from /home/airflow/.local/lib/python3.7/site-packages/airflow/example_dags/example_sensors.py
[2023-07-27T01:50:15.944+0000] {processor.py:836} INFO - DAG(s) dict_keys(['example_sensors']) retrieved from /home/airflow/.local/lib/python3.7/site-packages/airflow/example_dags/example_sensors.py
[2023-07-27T01:50:15.973+0000] {logging_mixin.py:150} INFO - [2023-07-27T01:50:15.973+0000] {dag.py:2742} INFO - Sync 1 DAGs
[2023-07-27T01:50:16.000+0000] {logging_mixin.py:150} INFO - [2023-07-27T01:50:16.000+0000] {dag.py:3508} INFO - Setting next_dagrun for example_sensors to None, run_after=None
[2023-07-27T01:50:16.023+0000] {processor.py:179} INFO - Processing /home/airflow/.local/lib/python3.7/site-packages/airflow/example_dags/example_sensors.py took 0.094 seconds
[2023-07-27T01:50:46.081+0000] {processor.py:157} INFO - Started process (PID=3731) to work on /home/airflow/.local/lib/python3.7/site-packages/airflow/example_dags/example_sensors.py
[2023-07-27T01:50:46.082+0000] {processor.py:826} INFO - Processing file /home/airflow/.local/lib/python3.7/site-packages/airflow/example_dags/example_sensors.py for tasks to queue
[2023-07-27T01:50:46.083+0000] {logging_mixin.py:150} INFO - [2023-07-27T01:50:46.083+0000] {dagbag.py:541} INFO - Filling up the DagBag from /home/airflow/.local/lib/python3.7/site-packages/airflow/example_dags/example_sensors.py
[2023-07-27T01:50:46.094+0000] {processor.py:836} INFO - DAG(s) dict_keys(['example_sensors']) retrieved from /home/airflow/.local/lib/python3.7/site-packages/airflow/example_dags/example_sensors.py
[2023-07-27T01:50:46.124+0000] {logging_mixin.py:150} INFO - [2023-07-27T01:50:46.124+0000] {dag.py:2742} INFO - Sync 1 DAGs
[2023-07-27T01:50:46.151+0000] {logging_mixin.py:150} INFO - [2023-07-27T01:50:46.151+0000] {dag.py:3508} INFO - Setting next_dagrun for example_sensors to None, run_after=None
[2023-07-27T01:50:46.185+0000] {processor.py:179} INFO - Processing /home/airflow/.local/lib/python3.7/site-packages/airflow/example_dags/example_sensors.py took 0.108 seconds
[2023-07-27T01:51:16.676+0000] {processor.py:157} INFO - Started process (PID=3791) to work on /home/airflow/.local/lib/python3.7/site-packages/airflow/example_dags/example_sensors.py
[2023-07-27T01:51:16.677+0000] {processor.py:826} INFO - Processing file /home/airflow/.local/lib/python3.7/site-packages/airflow/example_dags/example_sensors.py for tasks to queue
[2023-07-27T01:51:16.678+0000] {logging_mixin.py:150} INFO - [2023-07-27T01:51:16.678+0000] {dagbag.py:541} INFO - Filling up the DagBag from /home/airflow/.local/lib/python3.7/site-packages/airflow/example_dags/example_sensors.py
[2023-07-27T01:51:16.688+0000] {processor.py:836} INFO - DAG(s) dict_keys(['example_sensors']) retrieved from /home/airflow/.local/lib/python3.7/site-packages/airflow/example_dags/example_sensors.py
[2023-07-27T01:51:16.719+0000] {logging_mixin.py:150} INFO - [2023-07-27T01:51:16.719+0000] {dag.py:2742} INFO - Sync 1 DAGs
[2023-07-27T01:51:16.748+0000] {logging_mixin.py:150} INFO - [2023-07-27T01:51:16.748+0000] {dag.py:3508} INFO - Setting next_dagrun for example_sensors to None, run_after=None
[2023-07-27T01:51:16.771+0000] {processor.py:179} INFO - Processing /home/airflow/.local/lib/python3.7/site-packages/airflow/example_dags/example_sensors.py took 0.099 seconds
[2023-07-27T01:51:46.934+0000] {processor.py:157} INFO - Started process (PID=3851) to work on /home/airflow/.local/lib/python3.7/site-packages/airflow/example_dags/example_sensors.py
[2023-07-27T01:51:46.935+0000] {processor.py:826} INFO - Processing file /home/airflow/.local/lib/python3.7/site-packages/airflow/example_dags/example_sensors.py for tasks to queue
[2023-07-27T01:51:46.936+0000] {logging_mixin.py:150} INFO - [2023-07-27T01:51:46.936+0000] {dagbag.py:541} INFO - Filling up the DagBag from /home/airflow/.local/lib/python3.7/site-packages/airflow/example_dags/example_sensors.py
[2023-07-27T01:51:46.946+0000] {processor.py:836} INFO - DAG(s) dict_keys(['example_sensors']) retrieved from /home/airflow/.local/lib/python3.7/site-packages/airflow/example_dags/example_sensors.py
[2023-07-27T01:51:46.977+0000] {logging_mixin.py:150} INFO - [2023-07-27T01:51:46.976+0000] {dag.py:2742} INFO - Sync 1 DAGs
[2023-07-27T01:51:47.004+0000] {logging_mixin.py:150} INFO - [2023-07-27T01:51:47.004+0000] {dag.py:3508} INFO - Setting next_dagrun for example_sensors to None, run_after=None
[2023-07-27T01:51:47.028+0000] {processor.py:179} INFO - Processing /home/airflow/.local/lib/python3.7/site-packages/airflow/example_dags/example_sensors.py took 0.098 seconds
[2023-07-27T01:52:17.707+0000] {processor.py:157} INFO - Started process (PID=3910) to work on /home/airflow/.local/lib/python3.7/site-packages/airflow/example_dags/example_sensors.py
[2023-07-27T01:52:17.709+0000] {processor.py:826} INFO - Processing file /home/airflow/.local/lib/python3.7/site-packages/airflow/example_dags/example_sensors.py for tasks to queue
[2023-07-27T01:52:17.710+0000] {logging_mixin.py:150} INFO - [2023-07-27T01:52:17.709+0000] {dagbag.py:541} INFO - Filling up the DagBag from /home/airflow/.local/lib/python3.7/site-packages/airflow/example_dags/example_sensors.py
[2023-07-27T01:52:17.720+0000] {processor.py:836} INFO - DAG(s) dict_keys(['example_sensors']) retrieved from /home/airflow/.local/lib/python3.7/site-packages/airflow/example_dags/example_sensors.py
[2023-07-27T01:52:17.750+0000] {logging_mixin.py:150} INFO - [2023-07-27T01:52:17.750+0000] {dag.py:2742} INFO - Sync 1 DAGs
[2023-07-27T01:52:17.777+0000] {logging_mixin.py:150} INFO - [2023-07-27T01:52:17.777+0000] {dag.py:3508} INFO - Setting next_dagrun for example_sensors to None, run_after=None
[2023-07-27T01:52:17.800+0000] {processor.py:179} INFO - Processing /home/airflow/.local/lib/python3.7/site-packages/airflow/example_dags/example_sensors.py took 0.096 seconds
[2023-07-27T01:52:48.303+0000] {processor.py:157} INFO - Started process (PID=3970) to work on /home/airflow/.local/lib/python3.7/site-packages/airflow/example_dags/example_sensors.py
[2023-07-27T01:52:48.304+0000] {processor.py:826} INFO - Processing file /home/airflow/.local/lib/python3.7/site-packages/airflow/example_dags/example_sensors.py for tasks to queue
[2023-07-27T01:52:48.305+0000] {logging_mixin.py:150} INFO - [2023-07-27T01:52:48.305+0000] {dagbag.py:541} INFO - Filling up the DagBag from /home/airflow/.local/lib/python3.7/site-packages/airflow/example_dags/example_sensors.py
[2023-07-27T01:52:48.316+0000] {processor.py:836} INFO - DAG(s) dict_keys(['example_sensors']) retrieved from /home/airflow/.local/lib/python3.7/site-packages/airflow/example_dags/example_sensors.py
[2023-07-27T01:52:48.347+0000] {logging_mixin.py:150} INFO - [2023-07-27T01:52:48.346+0000] {dag.py:2742} INFO - Sync 1 DAGs
[2023-07-27T01:52:48.375+0000] {logging_mixin.py:150} INFO - [2023-07-27T01:52:48.375+0000] {dag.py:3508} INFO - Setting next_dagrun for example_sensors to None, run_after=None
[2023-07-27T01:52:48.398+0000] {processor.py:179} INFO - Processing /home/airflow/.local/lib/python3.7/site-packages/airflow/example_dags/example_sensors.py took 0.099 seconds
[2023-07-27T01:53:18.491+0000] {processor.py:157} INFO - Started process (PID=4030) to work on /home/airflow/.local/lib/python3.7/site-packages/airflow/example_dags/example_sensors.py
[2023-07-27T01:53:18.493+0000] {processor.py:826} INFO - Processing file /home/airflow/.local/lib/python3.7/site-packages/airflow/example_dags/example_sensors.py for tasks to queue
[2023-07-27T01:53:18.494+0000] {logging_mixin.py:150} INFO - [2023-07-27T01:53:18.494+0000] {dagbag.py:541} INFO - Filling up the DagBag from /home/airflow/.local/lib/python3.7/site-packages/airflow/example_dags/example_sensors.py
[2023-07-27T01:53:18.505+0000] {processor.py:836} INFO - DAG(s) dict_keys(['example_sensors']) retrieved from /home/airflow/.local/lib/python3.7/site-packages/airflow/example_dags/example_sensors.py
[2023-07-27T01:53:18.535+0000] {logging_mixin.py:150} INFO - [2023-07-27T01:53:18.535+0000] {dag.py:2742} INFO - Sync 1 DAGs
[2023-07-27T01:53:18.562+0000] {logging_mixin.py:150} INFO - [2023-07-27T01:53:18.562+0000] {dag.py:3508} INFO - Setting next_dagrun for example_sensors to None, run_after=None
[2023-07-27T01:53:18.585+0000] {processor.py:179} INFO - Processing /home/airflow/.local/lib/python3.7/site-packages/airflow/example_dags/example_sensors.py took 0.098 seconds
[2023-07-27T01:53:48.789+0000] {processor.py:157} INFO - Started process (PID=4090) to work on /home/airflow/.local/lib/python3.7/site-packages/airflow/example_dags/example_sensors.py
[2023-07-27T01:53:48.790+0000] {processor.py:826} INFO - Processing file /home/airflow/.local/lib/python3.7/site-packages/airflow/example_dags/example_sensors.py for tasks to queue
[2023-07-27T01:53:48.792+0000] {logging_mixin.py:150} INFO - [2023-07-27T01:53:48.791+0000] {dagbag.py:541} INFO - Filling up the DagBag from /home/airflow/.local/lib/python3.7/site-packages/airflow/example_dags/example_sensors.py
[2023-07-27T01:53:48.802+0000] {processor.py:836} INFO - DAG(s) dict_keys(['example_sensors']) retrieved from /home/airflow/.local/lib/python3.7/site-packages/airflow/example_dags/example_sensors.py
[2023-07-27T01:53:48.832+0000] {logging_mixin.py:150} INFO - [2023-07-27T01:53:48.832+0000] {dag.py:2742} INFO - Sync 1 DAGs
[2023-07-27T01:53:48.859+0000] {logging_mixin.py:150} INFO - [2023-07-27T01:53:48.859+0000] {dag.py:3508} INFO - Setting next_dagrun for example_sensors to None, run_after=None
[2023-07-27T01:53:48.881+0000] {processor.py:179} INFO - Processing /home/airflow/.local/lib/python3.7/site-packages/airflow/example_dags/example_sensors.py took 0.095 seconds
[2023-07-27T01:54:19.045+0000] {processor.py:157} INFO - Started process (PID=4150) to work on /home/airflow/.local/lib/python3.7/site-packages/airflow/example_dags/example_sensors.py
[2023-07-27T01:54:19.047+0000] {processor.py:826} INFO - Processing file /home/airflow/.local/lib/python3.7/site-packages/airflow/example_dags/example_sensors.py for tasks to queue
[2023-07-27T01:54:19.048+0000] {logging_mixin.py:150} INFO - [2023-07-27T01:54:19.047+0000] {dagbag.py:541} INFO - Filling up the DagBag from /home/airflow/.local/lib/python3.7/site-packages/airflow/example_dags/example_sensors.py
[2023-07-27T01:54:19.059+0000] {processor.py:836} INFO - DAG(s) dict_keys(['example_sensors']) retrieved from /home/airflow/.local/lib/python3.7/site-packages/airflow/example_dags/example_sensors.py
[2023-07-27T01:54:19.089+0000] {logging_mixin.py:150} INFO - [2023-07-27T01:54:19.089+0000] {dag.py:2742} INFO - Sync 1 DAGs
[2023-07-27T01:54:19.117+0000] {logging_mixin.py:150} INFO - [2023-07-27T01:54:19.116+0000] {dag.py:3508} INFO - Setting next_dagrun for example_sensors to None, run_after=None
[2023-07-27T01:54:19.140+0000] {processor.py:179} INFO - Processing /home/airflow/.local/lib/python3.7/site-packages/airflow/example_dags/example_sensors.py took 0.099 seconds
[2023-07-27T01:54:49.429+0000] {processor.py:157} INFO - Started process (PID=4210) to work on /home/airflow/.local/lib/python3.7/site-packages/airflow/example_dags/example_sensors.py
[2023-07-27T01:54:49.430+0000] {processor.py:826} INFO - Processing file /home/airflow/.local/lib/python3.7/site-packages/airflow/example_dags/example_sensors.py for tasks to queue
[2023-07-27T01:54:49.431+0000] {logging_mixin.py:150} INFO - [2023-07-27T01:54:49.431+0000] {dagbag.py:541} INFO - Filling up the DagBag from /home/airflow/.local/lib/python3.7/site-packages/airflow/example_dags/example_sensors.py
[2023-07-27T01:54:49.443+0000] {processor.py:836} INFO - DAG(s) dict_keys(['example_sensors']) retrieved from /home/airflow/.local/lib/python3.7/site-packages/airflow/example_dags/example_sensors.py
[2023-07-27T01:54:49.475+0000] {logging_mixin.py:150} INFO - [2023-07-27T01:54:49.474+0000] {dag.py:2742} INFO - Sync 1 DAGs
[2023-07-27T01:54:49.504+0000] {logging_mixin.py:150} INFO - [2023-07-27T01:54:49.503+0000] {dag.py:3508} INFO - Setting next_dagrun for example_sensors to None, run_after=None
[2023-07-27T01:54:49.527+0000] {processor.py:179} INFO - Processing /home/airflow/.local/lib/python3.7/site-packages/airflow/example_dags/example_sensors.py took 0.101 seconds
[2023-07-27T01:55:19.932+0000] {processor.py:157} INFO - Started process (PID=4270) to work on /home/airflow/.local/lib/python3.7/site-packages/airflow/example_dags/example_sensors.py
[2023-07-27T01:55:19.933+0000] {processor.py:826} INFO - Processing file /home/airflow/.local/lib/python3.7/site-packages/airflow/example_dags/example_sensors.py for tasks to queue
[2023-07-27T01:55:19.935+0000] {logging_mixin.py:150} INFO - [2023-07-27T01:55:19.934+0000] {dagbag.py:541} INFO - Filling up the DagBag from /home/airflow/.local/lib/python3.7/site-packages/airflow/example_dags/example_sensors.py
[2023-07-27T01:55:19.945+0000] {processor.py:836} INFO - DAG(s) dict_keys(['example_sensors']) retrieved from /home/airflow/.local/lib/python3.7/site-packages/airflow/example_dags/example_sensors.py
[2023-07-27T01:55:19.976+0000] {logging_mixin.py:150} INFO - [2023-07-27T01:55:19.976+0000] {dag.py:2742} INFO - Sync 1 DAGs
[2023-07-27T01:55:20.004+0000] {logging_mixin.py:150} INFO - [2023-07-27T01:55:20.004+0000] {dag.py:3508} INFO - Setting next_dagrun for example_sensors to None, run_after=None
[2023-07-27T01:55:20.029+0000] {processor.py:179} INFO - Processing /home/airflow/.local/lib/python3.7/site-packages/airflow/example_dags/example_sensors.py took 0.100 seconds
[2023-07-27T01:55:50.200+0000] {processor.py:157} INFO - Started process (PID=4329) to work on /home/airflow/.local/lib/python3.7/site-packages/airflow/example_dags/example_sensors.py
[2023-07-27T01:55:50.202+0000] {processor.py:826} INFO - Processing file /home/airflow/.local/lib/python3.7/site-packages/airflow/example_dags/example_sensors.py for tasks to queue
[2023-07-27T01:55:50.203+0000] {logging_mixin.py:150} INFO - [2023-07-27T01:55:50.203+0000] {dagbag.py:541} INFO - Filling up the DagBag from /home/airflow/.local/lib/python3.7/site-packages/airflow/example_dags/example_sensors.py
[2023-07-27T01:55:50.214+0000] {processor.py:836} INFO - DAG(s) dict_keys(['example_sensors']) retrieved from /home/airflow/.local/lib/python3.7/site-packages/airflow/example_dags/example_sensors.py
[2023-07-27T01:55:50.243+0000] {logging_mixin.py:150} INFO - [2023-07-27T01:55:50.243+0000] {dag.py:2742} INFO - Sync 1 DAGs
[2023-07-27T01:55:50.270+0000] {logging_mixin.py:150} INFO - [2023-07-27T01:55:50.270+0000] {dag.py:3508} INFO - Setting next_dagrun for example_sensors to None, run_after=None
[2023-07-27T01:55:50.294+0000] {processor.py:179} INFO - Processing /home/airflow/.local/lib/python3.7/site-packages/airflow/example_dags/example_sensors.py took 0.096 seconds
[2023-07-27T01:56:20.694+0000] {processor.py:157} INFO - Started process (PID=4390) to work on /home/airflow/.local/lib/python3.7/site-packages/airflow/example_dags/example_sensors.py
[2023-07-27T01:56:20.695+0000] {processor.py:826} INFO - Processing file /home/airflow/.local/lib/python3.7/site-packages/airflow/example_dags/example_sensors.py for tasks to queue
[2023-07-27T01:56:20.696+0000] {logging_mixin.py:150} INFO - [2023-07-27T01:56:20.696+0000] {dagbag.py:541} INFO - Filling up the DagBag from /home/airflow/.local/lib/python3.7/site-packages/airflow/example_dags/example_sensors.py
[2023-07-27T01:56:20.707+0000] {processor.py:836} INFO - DAG(s) dict_keys(['example_sensors']) retrieved from /home/airflow/.local/lib/python3.7/site-packages/airflow/example_dags/example_sensors.py
[2023-07-27T01:56:20.737+0000] {logging_mixin.py:150} INFO - [2023-07-27T01:56:20.736+0000] {dag.py:2742} INFO - Sync 1 DAGs
[2023-07-27T01:56:20.765+0000] {logging_mixin.py:150} INFO - [2023-07-27T01:56:20.765+0000] {dag.py:3508} INFO - Setting next_dagrun for example_sensors to None, run_after=None
[2023-07-27T01:56:20.788+0000] {processor.py:179} INFO - Processing /home/airflow/.local/lib/python3.7/site-packages/airflow/example_dags/example_sensors.py took 0.097 seconds
[2023-07-27T01:56:51.176+0000] {processor.py:157} INFO - Started process (PID=4451) to work on /home/airflow/.local/lib/python3.7/site-packages/airflow/example_dags/example_sensors.py
[2023-07-27T01:56:51.178+0000] {processor.py:826} INFO - Processing file /home/airflow/.local/lib/python3.7/site-packages/airflow/example_dags/example_sensors.py for tasks to queue
[2023-07-27T01:56:51.179+0000] {logging_mixin.py:150} INFO - [2023-07-27T01:56:51.178+0000] {dagbag.py:541} INFO - Filling up the DagBag from /home/airflow/.local/lib/python3.7/site-packages/airflow/example_dags/example_sensors.py
[2023-07-27T01:56:51.190+0000] {processor.py:836} INFO - DAG(s) dict_keys(['example_sensors']) retrieved from /home/airflow/.local/lib/python3.7/site-packages/airflow/example_dags/example_sensors.py
[2023-07-27T01:56:51.222+0000] {logging_mixin.py:150} INFO - [2023-07-27T01:56:51.222+0000] {dag.py:2742} INFO - Sync 1 DAGs
[2023-07-27T01:56:51.249+0000] {logging_mixin.py:150} INFO - [2023-07-27T01:56:51.249+0000] {dag.py:3508} INFO - Setting next_dagrun for example_sensors to None, run_after=None
[2023-07-27T01:56:51.296+0000] {processor.py:179} INFO - Processing /home/airflow/.local/lib/python3.7/site-packages/airflow/example_dags/example_sensors.py took 0.123 seconds
[2023-07-27T01:57:21.448+0000] {processor.py:157} INFO - Started process (PID=4512) to work on /home/airflow/.local/lib/python3.7/site-packages/airflow/example_dags/example_sensors.py
[2023-07-27T01:57:21.449+0000] {processor.py:826} INFO - Processing file /home/airflow/.local/lib/python3.7/site-packages/airflow/example_dags/example_sensors.py for tasks to queue
[2023-07-27T01:57:21.450+0000] {logging_mixin.py:150} INFO - [2023-07-27T01:57:21.450+0000] {dagbag.py:541} INFO - Filling up the DagBag from /home/airflow/.local/lib/python3.7/site-packages/airflow/example_dags/example_sensors.py
[2023-07-27T01:57:21.461+0000] {processor.py:836} INFO - DAG(s) dict_keys(['example_sensors']) retrieved from /home/airflow/.local/lib/python3.7/site-packages/airflow/example_dags/example_sensors.py
[2023-07-27T01:57:21.491+0000] {logging_mixin.py:150} INFO - [2023-07-27T01:57:21.491+0000] {dag.py:2742} INFO - Sync 1 DAGs
[2023-07-27T01:57:21.517+0000] {logging_mixin.py:150} INFO - [2023-07-27T01:57:21.517+0000] {dag.py:3508} INFO - Setting next_dagrun for example_sensors to None, run_after=None
[2023-07-27T01:57:21.539+0000] {processor.py:179} INFO - Processing /home/airflow/.local/lib/python3.7/site-packages/airflow/example_dags/example_sensors.py took 0.095 seconds
[2023-07-27T01:57:51.709+0000] {processor.py:157} INFO - Started process (PID=4572) to work on /home/airflow/.local/lib/python3.7/site-packages/airflow/example_dags/example_sensors.py
[2023-07-27T01:57:51.710+0000] {processor.py:826} INFO - Processing file /home/airflow/.local/lib/python3.7/site-packages/airflow/example_dags/example_sensors.py for tasks to queue
[2023-07-27T01:57:51.711+0000] {logging_mixin.py:150} INFO - [2023-07-27T01:57:51.711+0000] {dagbag.py:541} INFO - Filling up the DagBag from /home/airflow/.local/lib/python3.7/site-packages/airflow/example_dags/example_sensors.py
[2023-07-27T01:57:51.722+0000] {processor.py:836} INFO - DAG(s) dict_keys(['example_sensors']) retrieved from /home/airflow/.local/lib/python3.7/site-packages/airflow/example_dags/example_sensors.py
[2023-07-27T01:57:51.751+0000] {logging_mixin.py:150} INFO - [2023-07-27T01:57:51.751+0000] {dag.py:2742} INFO - Sync 1 DAGs
[2023-07-27T01:57:51.778+0000] {logging_mixin.py:150} INFO - [2023-07-27T01:57:51.778+0000] {dag.py:3508} INFO - Setting next_dagrun for example_sensors to None, run_after=None
[2023-07-27T01:57:51.801+0000] {processor.py:179} INFO - Processing /home/airflow/.local/lib/python3.7/site-packages/airflow/example_dags/example_sensors.py took 0.096 seconds
[2023-07-27T01:58:22.171+0000] {processor.py:157} INFO - Started process (PID=4632) to work on /home/airflow/.local/lib/python3.7/site-packages/airflow/example_dags/example_sensors.py
[2023-07-27T01:58:22.173+0000] {processor.py:826} INFO - Processing file /home/airflow/.local/lib/python3.7/site-packages/airflow/example_dags/example_sensors.py for tasks to queue
[2023-07-27T01:58:22.174+0000] {logging_mixin.py:150} INFO - [2023-07-27T01:58:22.174+0000] {dagbag.py:541} INFO - Filling up the DagBag from /home/airflow/.local/lib/python3.7/site-packages/airflow/example_dags/example_sensors.py
[2023-07-27T01:58:22.185+0000] {processor.py:836} INFO - DAG(s) dict_keys(['example_sensors']) retrieved from /home/airflow/.local/lib/python3.7/site-packages/airflow/example_dags/example_sensors.py
[2023-07-27T01:58:22.216+0000] {logging_mixin.py:150} INFO - [2023-07-27T01:58:22.216+0000] {dag.py:2742} INFO - Sync 1 DAGs
[2023-07-27T01:58:22.244+0000] {logging_mixin.py:150} INFO - [2023-07-27T01:58:22.244+0000] {dag.py:3508} INFO - Setting next_dagrun for example_sensors to None, run_after=None
[2023-07-27T01:58:22.269+0000] {processor.py:179} INFO - Processing /home/airflow/.local/lib/python3.7/site-packages/airflow/example_dags/example_sensors.py took 0.101 seconds
[2023-07-27T01:58:52.386+0000] {processor.py:157} INFO - Started process (PID=4692) to work on /home/airflow/.local/lib/python3.7/site-packages/airflow/example_dags/example_sensors.py
[2023-07-27T01:58:52.387+0000] {processor.py:826} INFO - Processing file /home/airflow/.local/lib/python3.7/site-packages/airflow/example_dags/example_sensors.py for tasks to queue
[2023-07-27T01:58:52.388+0000] {logging_mixin.py:150} INFO - [2023-07-27T01:58:52.388+0000] {dagbag.py:541} INFO - Filling up the DagBag from /home/airflow/.local/lib/python3.7/site-packages/airflow/example_dags/example_sensors.py
[2023-07-27T01:58:52.399+0000] {processor.py:836} INFO - DAG(s) dict_keys(['example_sensors']) retrieved from /home/airflow/.local/lib/python3.7/site-packages/airflow/example_dags/example_sensors.py
[2023-07-27T01:58:52.429+0000] {logging_mixin.py:150} INFO - [2023-07-27T01:58:52.429+0000] {dag.py:2742} INFO - Sync 1 DAGs
[2023-07-27T01:58:52.455+0000] {logging_mixin.py:150} INFO - [2023-07-27T01:58:52.455+0000] {dag.py:3508} INFO - Setting next_dagrun for example_sensors to None, run_after=None
[2023-07-27T01:58:52.478+0000] {processor.py:179} INFO - Processing /home/airflow/.local/lib/python3.7/site-packages/airflow/example_dags/example_sensors.py took 0.096 seconds
[2023-07-27T01:59:22.734+0000] {processor.py:157} INFO - Started process (PID=4752) to work on /home/airflow/.local/lib/python3.7/site-packages/airflow/example_dags/example_sensors.py
[2023-07-27T01:59:22.735+0000] {processor.py:826} INFO - Processing file /home/airflow/.local/lib/python3.7/site-packages/airflow/example_dags/example_sensors.py for tasks to queue
[2023-07-27T01:59:22.736+0000] {logging_mixin.py:150} INFO - [2023-07-27T01:59:22.736+0000] {dagbag.py:541} INFO - Filling up the DagBag from /home/airflow/.local/lib/python3.7/site-packages/airflow/example_dags/example_sensors.py
[2023-07-27T01:59:22.747+0000] {processor.py:836} INFO - DAG(s) dict_keys(['example_sensors']) retrieved from /home/airflow/.local/lib/python3.7/site-packages/airflow/example_dags/example_sensors.py
[2023-07-27T01:59:22.777+0000] {logging_mixin.py:150} INFO - [2023-07-27T01:59:22.777+0000] {dag.py:2742} INFO - Sync 1 DAGs
[2023-07-27T01:59:22.805+0000] {logging_mixin.py:150} INFO - [2023-07-27T01:59:22.804+0000] {dag.py:3508} INFO - Setting next_dagrun for example_sensors to None, run_after=None
[2023-07-27T01:59:22.828+0000] {processor.py:179} INFO - Processing /home/airflow/.local/lib/python3.7/site-packages/airflow/example_dags/example_sensors.py took 0.097 seconds
[2023-07-27T01:59:53.061+0000] {processor.py:157} INFO - Started process (PID=4812) to work on /home/airflow/.local/lib/python3.7/site-packages/airflow/example_dags/example_sensors.py
[2023-07-27T01:59:53.062+0000] {processor.py:826} INFO - Processing file /home/airflow/.local/lib/python3.7/site-packages/airflow/example_dags/example_sensors.py for tasks to queue
[2023-07-27T01:59:53.064+0000] {logging_mixin.py:150} INFO - [2023-07-27T01:59:53.063+0000] {dagbag.py:541} INFO - Filling up the DagBag from /home/airflow/.local/lib/python3.7/site-packages/airflow/example_dags/example_sensors.py
[2023-07-27T01:59:53.074+0000] {processor.py:836} INFO - DAG(s) dict_keys(['example_sensors']) retrieved from /home/airflow/.local/lib/python3.7/site-packages/airflow/example_dags/example_sensors.py
[2023-07-27T01:59:53.104+0000] {logging_mixin.py:150} INFO - [2023-07-27T01:59:53.104+0000] {dag.py:2742} INFO - Sync 1 DAGs
[2023-07-27T01:59:53.131+0000] {logging_mixin.py:150} INFO - [2023-07-27T01:59:53.131+0000] {dag.py:3508} INFO - Setting next_dagrun for example_sensors to None, run_after=None
[2023-07-27T01:59:53.153+0000] {processor.py:179} INFO - Processing /home/airflow/.local/lib/python3.7/site-packages/airflow/example_dags/example_sensors.py took 0.095 seconds
[2023-07-27T02:00:23.310+0000] {processor.py:157} INFO - Started process (PID=4872) to work on /home/airflow/.local/lib/python3.7/site-packages/airflow/example_dags/example_sensors.py
[2023-07-27T02:00:23.312+0000] {processor.py:826} INFO - Processing file /home/airflow/.local/lib/python3.7/site-packages/airflow/example_dags/example_sensors.py for tasks to queue
[2023-07-27T02:00:23.313+0000] {logging_mixin.py:150} INFO - [2023-07-27T02:00:23.312+0000] {dagbag.py:541} INFO - Filling up the DagBag from /home/airflow/.local/lib/python3.7/site-packages/airflow/example_dags/example_sensors.py
[2023-07-27T02:00:23.323+0000] {processor.py:836} INFO - DAG(s) dict_keys(['example_sensors']) retrieved from /home/airflow/.local/lib/python3.7/site-packages/airflow/example_dags/example_sensors.py
[2023-07-27T02:00:23.354+0000] {logging_mixin.py:150} INFO - [2023-07-27T02:00:23.354+0000] {dag.py:2742} INFO - Sync 1 DAGs
[2023-07-27T02:00:23.381+0000] {logging_mixin.py:150} INFO - [2023-07-27T02:00:23.381+0000] {dag.py:3508} INFO - Setting next_dagrun for example_sensors to None, run_after=None
[2023-07-27T02:00:23.404+0000] {processor.py:179} INFO - Processing /home/airflow/.local/lib/python3.7/site-packages/airflow/example_dags/example_sensors.py took 0.097 seconds
[2023-07-27T02:00:53.617+0000] {processor.py:157} INFO - Started process (PID=4932) to work on /home/airflow/.local/lib/python3.7/site-packages/airflow/example_dags/example_sensors.py
[2023-07-27T02:00:53.619+0000] {processor.py:826} INFO - Processing file /home/airflow/.local/lib/python3.7/site-packages/airflow/example_dags/example_sensors.py for tasks to queue
[2023-07-27T02:00:53.620+0000] {logging_mixin.py:150} INFO - [2023-07-27T02:00:53.620+0000] {dagbag.py:541} INFO - Filling up the DagBag from /home/airflow/.local/lib/python3.7/site-packages/airflow/example_dags/example_sensors.py
[2023-07-27T02:00:53.630+0000] {processor.py:836} INFO - DAG(s) dict_keys(['example_sensors']) retrieved from /home/airflow/.local/lib/python3.7/site-packages/airflow/example_dags/example_sensors.py
[2023-07-27T02:00:53.660+0000] {logging_mixin.py:150} INFO - [2023-07-27T02:00:53.659+0000] {dag.py:2742} INFO - Sync 1 DAGs
[2023-07-27T02:00:53.686+0000] {logging_mixin.py:150} INFO - [2023-07-27T02:00:53.686+0000] {dag.py:3508} INFO - Setting next_dagrun for example_sensors to None, run_after=None
[2023-07-27T02:00:53.709+0000] {processor.py:179} INFO - Processing /home/airflow/.local/lib/python3.7/site-packages/airflow/example_dags/example_sensors.py took 0.095 seconds
[2023-07-27T02:01:23.851+0000] {processor.py:157} INFO - Started process (PID=4992) to work on /home/airflow/.local/lib/python3.7/site-packages/airflow/example_dags/example_sensors.py
[2023-07-27T02:01:23.852+0000] {processor.py:826} INFO - Processing file /home/airflow/.local/lib/python3.7/site-packages/airflow/example_dags/example_sensors.py for tasks to queue
[2023-07-27T02:01:23.853+0000] {logging_mixin.py:150} INFO - [2023-07-27T02:01:23.853+0000] {dagbag.py:541} INFO - Filling up the DagBag from /home/airflow/.local/lib/python3.7/site-packages/airflow/example_dags/example_sensors.py
[2023-07-27T02:01:23.864+0000] {processor.py:836} INFO - DAG(s) dict_keys(['example_sensors']) retrieved from /home/airflow/.local/lib/python3.7/site-packages/airflow/example_dags/example_sensors.py
[2023-07-27T02:01:23.893+0000] {logging_mixin.py:150} INFO - [2023-07-27T02:01:23.893+0000] {dag.py:2742} INFO - Sync 1 DAGs
[2023-07-27T02:01:23.919+0000] {logging_mixin.py:150} INFO - [2023-07-27T02:01:23.919+0000] {dag.py:3508} INFO - Setting next_dagrun for example_sensors to None, run_after=None
[2023-07-27T02:01:23.945+0000] {processor.py:179} INFO - Processing /home/airflow/.local/lib/python3.7/site-packages/airflow/example_dags/example_sensors.py took 0.098 seconds
[2023-07-27T02:01:54.272+0000] {processor.py:157} INFO - Started process (PID=5052) to work on /home/airflow/.local/lib/python3.7/site-packages/airflow/example_dags/example_sensors.py
[2023-07-27T02:01:54.274+0000] {processor.py:826} INFO - Processing file /home/airflow/.local/lib/python3.7/site-packages/airflow/example_dags/example_sensors.py for tasks to queue
[2023-07-27T02:01:54.275+0000] {logging_mixin.py:150} INFO - [2023-07-27T02:01:54.275+0000] {dagbag.py:541} INFO - Filling up the DagBag from /home/airflow/.local/lib/python3.7/site-packages/airflow/example_dags/example_sensors.py
[2023-07-27T02:01:54.285+0000] {processor.py:836} INFO - DAG(s) dict_keys(['example_sensors']) retrieved from /home/airflow/.local/lib/python3.7/site-packages/airflow/example_dags/example_sensors.py
[2023-07-27T02:01:54.314+0000] {logging_mixin.py:150} INFO - [2023-07-27T02:01:54.314+0000] {dag.py:2742} INFO - Sync 1 DAGs
[2023-07-27T02:01:54.341+0000] {logging_mixin.py:150} INFO - [2023-07-27T02:01:54.341+0000] {dag.py:3508} INFO - Setting next_dagrun for example_sensors to None, run_after=None
[2023-07-27T02:01:54.365+0000] {processor.py:179} INFO - Processing /home/airflow/.local/lib/python3.7/site-packages/airflow/example_dags/example_sensors.py took 0.096 seconds
[2023-07-27T02:02:24.398+0000] {processor.py:157} INFO - Started process (PID=5113) to work on /home/airflow/.local/lib/python3.7/site-packages/airflow/example_dags/example_sensors.py
[2023-07-27T02:02:24.399+0000] {processor.py:826} INFO - Processing file /home/airflow/.local/lib/python3.7/site-packages/airflow/example_dags/example_sensors.py for tasks to queue
[2023-07-27T02:02:24.400+0000] {logging_mixin.py:150} INFO - [2023-07-27T02:02:24.400+0000] {dagbag.py:541} INFO - Filling up the DagBag from /home/airflow/.local/lib/python3.7/site-packages/airflow/example_dags/example_sensors.py
[2023-07-27T02:02:24.411+0000] {processor.py:836} INFO - DAG(s) dict_keys(['example_sensors']) retrieved from /home/airflow/.local/lib/python3.7/site-packages/airflow/example_dags/example_sensors.py
[2023-07-27T02:02:24.441+0000] {logging_mixin.py:150} INFO - [2023-07-27T02:02:24.440+0000] {dag.py:2742} INFO - Sync 1 DAGs
[2023-07-27T02:02:24.468+0000] {logging_mixin.py:150} INFO - [2023-07-27T02:02:24.467+0000] {dag.py:3508} INFO - Setting next_dagrun for example_sensors to None, run_after=None
[2023-07-27T02:02:24.490+0000] {processor.py:179} INFO - Processing /home/airflow/.local/lib/python3.7/site-packages/airflow/example_dags/example_sensors.py took 0.096 seconds
[2023-07-27T02:02:54.673+0000] {processor.py:157} INFO - Started process (PID=5173) to work on /home/airflow/.local/lib/python3.7/site-packages/airflow/example_dags/example_sensors.py
[2023-07-27T02:02:54.675+0000] {processor.py:826} INFO - Processing file /home/airflow/.local/lib/python3.7/site-packages/airflow/example_dags/example_sensors.py for tasks to queue
[2023-07-27T02:02:54.676+0000] {logging_mixin.py:150} INFO - [2023-07-27T02:02:54.676+0000] {dagbag.py:541} INFO - Filling up the DagBag from /home/airflow/.local/lib/python3.7/site-packages/airflow/example_dags/example_sensors.py
[2023-07-27T02:02:54.687+0000] {processor.py:836} INFO - DAG(s) dict_keys(['example_sensors']) retrieved from /home/airflow/.local/lib/python3.7/site-packages/airflow/example_dags/example_sensors.py
[2023-07-27T02:02:54.718+0000] {logging_mixin.py:150} INFO - [2023-07-27T02:02:54.717+0000] {dag.py:2742} INFO - Sync 1 DAGs
[2023-07-27T02:02:54.745+0000] {logging_mixin.py:150} INFO - [2023-07-27T02:02:54.745+0000] {dag.py:3508} INFO - Setting next_dagrun for example_sensors to None, run_after=None
[2023-07-27T02:02:54.774+0000] {processor.py:179} INFO - Processing /home/airflow/.local/lib/python3.7/site-packages/airflow/example_dags/example_sensors.py took 0.104 seconds
[2023-07-27T02:03:24.942+0000] {processor.py:157} INFO - Started process (PID=5233) to work on /home/airflow/.local/lib/python3.7/site-packages/airflow/example_dags/example_sensors.py
[2023-07-27T02:03:24.943+0000] {processor.py:826} INFO - Processing file /home/airflow/.local/lib/python3.7/site-packages/airflow/example_dags/example_sensors.py for tasks to queue
[2023-07-27T02:03:24.945+0000] {logging_mixin.py:150} INFO - [2023-07-27T02:03:24.944+0000] {dagbag.py:541} INFO - Filling up the DagBag from /home/airflow/.local/lib/python3.7/site-packages/airflow/example_dags/example_sensors.py
[2023-07-27T02:03:24.957+0000] {processor.py:836} INFO - DAG(s) dict_keys(['example_sensors']) retrieved from /home/airflow/.local/lib/python3.7/site-packages/airflow/example_dags/example_sensors.py
[2023-07-27T02:03:24.988+0000] {logging_mixin.py:150} INFO - [2023-07-27T02:03:24.988+0000] {dag.py:2742} INFO - Sync 1 DAGs
[2023-07-27T02:03:25.016+0000] {logging_mixin.py:150} INFO - [2023-07-27T02:03:25.016+0000] {dag.py:3508} INFO - Setting next_dagrun for example_sensors to None, run_after=None
[2023-07-27T02:03:25.042+0000] {processor.py:179} INFO - Processing /home/airflow/.local/lib/python3.7/site-packages/airflow/example_dags/example_sensors.py took 0.104 seconds
[2023-07-27T02:03:55.808+0000] {processor.py:157} INFO - Started process (PID=5286) to work on /home/airflow/.local/lib/python3.7/site-packages/airflow/example_dags/example_sensors.py
[2023-07-27T02:03:55.809+0000] {processor.py:826} INFO - Processing file /home/airflow/.local/lib/python3.7/site-packages/airflow/example_dags/example_sensors.py for tasks to queue
[2023-07-27T02:03:55.810+0000] {logging_mixin.py:150} INFO - [2023-07-27T02:03:55.810+0000] {dagbag.py:541} INFO - Filling up the DagBag from /home/airflow/.local/lib/python3.7/site-packages/airflow/example_dags/example_sensors.py
[2023-07-27T02:03:55.821+0000] {processor.py:836} INFO - DAG(s) dict_keys(['example_sensors']) retrieved from /home/airflow/.local/lib/python3.7/site-packages/airflow/example_dags/example_sensors.py
[2023-07-27T02:03:55.852+0000] {logging_mixin.py:150} INFO - [2023-07-27T02:03:55.852+0000] {dag.py:2742} INFO - Sync 1 DAGs
[2023-07-27T02:03:55.884+0000] {logging_mixin.py:150} INFO - [2023-07-27T02:03:55.884+0000] {dag.py:3508} INFO - Setting next_dagrun for example_sensors to None, run_after=None
[2023-07-27T02:03:55.909+0000] {processor.py:179} INFO - Processing /home/airflow/.local/lib/python3.7/site-packages/airflow/example_dags/example_sensors.py took 0.104 seconds
[2023-07-27T02:04:26.116+0000] {processor.py:157} INFO - Started process (PID=5346) to work on /home/airflow/.local/lib/python3.7/site-packages/airflow/example_dags/example_sensors.py
[2023-07-27T02:04:26.117+0000] {processor.py:826} INFO - Processing file /home/airflow/.local/lib/python3.7/site-packages/airflow/example_dags/example_sensors.py for tasks to queue
[2023-07-27T02:04:26.118+0000] {logging_mixin.py:150} INFO - [2023-07-27T02:04:26.118+0000] {dagbag.py:541} INFO - Filling up the DagBag from /home/airflow/.local/lib/python3.7/site-packages/airflow/example_dags/example_sensors.py
[2023-07-27T02:04:26.129+0000] {processor.py:836} INFO - DAG(s) dict_keys(['example_sensors']) retrieved from /home/airflow/.local/lib/python3.7/site-packages/airflow/example_dags/example_sensors.py
[2023-07-27T02:04:26.158+0000] {logging_mixin.py:150} INFO - [2023-07-27T02:04:26.158+0000] {dag.py:2742} INFO - Sync 1 DAGs
[2023-07-27T02:04:26.185+0000] {logging_mixin.py:150} INFO - [2023-07-27T02:04:26.184+0000] {dag.py:3508} INFO - Setting next_dagrun for example_sensors to None, run_after=None
[2023-07-27T02:04:26.207+0000] {processor.py:179} INFO - Processing /home/airflow/.local/lib/python3.7/site-packages/airflow/example_dags/example_sensors.py took 0.095 seconds
[2023-07-27T02:04:56.732+0000] {processor.py:157} INFO - Started process (PID=5406) to work on /home/airflow/.local/lib/python3.7/site-packages/airflow/example_dags/example_sensors.py
[2023-07-27T02:04:56.733+0000] {processor.py:826} INFO - Processing file /home/airflow/.local/lib/python3.7/site-packages/airflow/example_dags/example_sensors.py for tasks to queue
[2023-07-27T02:04:56.734+0000] {logging_mixin.py:150} INFO - [2023-07-27T02:04:56.734+0000] {dagbag.py:541} INFO - Filling up the DagBag from /home/airflow/.local/lib/python3.7/site-packages/airflow/example_dags/example_sensors.py
[2023-07-27T02:04:56.745+0000] {processor.py:836} INFO - DAG(s) dict_keys(['example_sensors']) retrieved from /home/airflow/.local/lib/python3.7/site-packages/airflow/example_dags/example_sensors.py
[2023-07-27T02:04:56.773+0000] {logging_mixin.py:150} INFO - [2023-07-27T02:04:56.773+0000] {dag.py:2742} INFO - Sync 1 DAGs
[2023-07-27T02:04:56.800+0000] {logging_mixin.py:150} INFO - [2023-07-27T02:04:56.800+0000] {dag.py:3508} INFO - Setting next_dagrun for example_sensors to None, run_after=None
[2023-07-27T02:04:56.927+0000] {processor.py:179} INFO - Processing /home/airflow/.local/lib/python3.7/site-packages/airflow/example_dags/example_sensors.py took 0.199 seconds
[2023-07-27T02:05:26.961+0000] {processor.py:157} INFO - Started process (PID=5467) to work on /home/airflow/.local/lib/python3.7/site-packages/airflow/example_dags/example_sensors.py
[2023-07-27T02:05:26.962+0000] {processor.py:826} INFO - Processing file /home/airflow/.local/lib/python3.7/site-packages/airflow/example_dags/example_sensors.py for tasks to queue
[2023-07-27T02:05:26.963+0000] {logging_mixin.py:150} INFO - [2023-07-27T02:05:26.963+0000] {dagbag.py:541} INFO - Filling up the DagBag from /home/airflow/.local/lib/python3.7/site-packages/airflow/example_dags/example_sensors.py
[2023-07-27T02:05:26.975+0000] {processor.py:836} INFO - DAG(s) dict_keys(['example_sensors']) retrieved from /home/airflow/.local/lib/python3.7/site-packages/airflow/example_dags/example_sensors.py
[2023-07-27T02:05:27.003+0000] {logging_mixin.py:150} INFO - [2023-07-27T02:05:27.003+0000] {dag.py:2742} INFO - Sync 1 DAGs
[2023-07-27T02:05:27.030+0000] {logging_mixin.py:150} INFO - [2023-07-27T02:05:27.030+0000] {dag.py:3508} INFO - Setting next_dagrun for example_sensors to None, run_after=None
[2023-07-27T02:05:27.053+0000] {processor.py:179} INFO - Processing /home/airflow/.local/lib/python3.7/site-packages/airflow/example_dags/example_sensors.py took 0.095 seconds
[2023-07-27T02:05:57.551+0000] {processor.py:157} INFO - Started process (PID=5526) to work on /home/airflow/.local/lib/python3.7/site-packages/airflow/example_dags/example_sensors.py
[2023-07-27T02:05:57.553+0000] {processor.py:826} INFO - Processing file /home/airflow/.local/lib/python3.7/site-packages/airflow/example_dags/example_sensors.py for tasks to queue
[2023-07-27T02:05:57.554+0000] {logging_mixin.py:150} INFO - [2023-07-27T02:05:57.553+0000] {dagbag.py:541} INFO - Filling up the DagBag from /home/airflow/.local/lib/python3.7/site-packages/airflow/example_dags/example_sensors.py
[2023-07-27T02:05:57.564+0000] {processor.py:836} INFO - DAG(s) dict_keys(['example_sensors']) retrieved from /home/airflow/.local/lib/python3.7/site-packages/airflow/example_dags/example_sensors.py
[2023-07-27T02:05:57.595+0000] {logging_mixin.py:150} INFO - [2023-07-27T02:05:57.595+0000] {dag.py:2742} INFO - Sync 1 DAGs
[2023-07-27T02:05:57.622+0000] {logging_mixin.py:150} INFO - [2023-07-27T02:05:57.622+0000] {dag.py:3508} INFO - Setting next_dagrun for example_sensors to None, run_after=None
[2023-07-27T02:05:57.657+0000] {processor.py:179} INFO - Processing /home/airflow/.local/lib/python3.7/site-packages/airflow/example_dags/example_sensors.py took 0.109 seconds
[2023-07-27T02:06:28.185+0000] {processor.py:157} INFO - Started process (PID=5586) to work on /home/airflow/.local/lib/python3.7/site-packages/airflow/example_dags/example_sensors.py
[2023-07-27T02:06:28.186+0000] {processor.py:826} INFO - Processing file /home/airflow/.local/lib/python3.7/site-packages/airflow/example_dags/example_sensors.py for tasks to queue
[2023-07-27T02:06:28.187+0000] {logging_mixin.py:150} INFO - [2023-07-27T02:06:28.187+0000] {dagbag.py:541} INFO - Filling up the DagBag from /home/airflow/.local/lib/python3.7/site-packages/airflow/example_dags/example_sensors.py
[2023-07-27T02:06:28.198+0000] {processor.py:836} INFO - DAG(s) dict_keys(['example_sensors']) retrieved from /home/airflow/.local/lib/python3.7/site-packages/airflow/example_dags/example_sensors.py
[2023-07-27T02:06:28.226+0000] {logging_mixin.py:150} INFO - [2023-07-27T02:06:28.226+0000] {dag.py:2742} INFO - Sync 1 DAGs
[2023-07-27T02:06:28.253+0000] {logging_mixin.py:150} INFO - [2023-07-27T02:06:28.253+0000] {dag.py:3508} INFO - Setting next_dagrun for example_sensors to None, run_after=None
[2023-07-27T02:06:28.274+0000] {processor.py:179} INFO - Processing /home/airflow/.local/lib/python3.7/site-packages/airflow/example_dags/example_sensors.py took 0.093 seconds
[2023-07-27T02:06:58.875+0000] {processor.py:157} INFO - Started process (PID=5646) to work on /home/airflow/.local/lib/python3.7/site-packages/airflow/example_dags/example_sensors.py
[2023-07-27T02:06:58.876+0000] {processor.py:826} INFO - Processing file /home/airflow/.local/lib/python3.7/site-packages/airflow/example_dags/example_sensors.py for tasks to queue
[2023-07-27T02:06:58.878+0000] {logging_mixin.py:150} INFO - [2023-07-27T02:06:58.878+0000] {dagbag.py:541} INFO - Filling up the DagBag from /home/airflow/.local/lib/python3.7/site-packages/airflow/example_dags/example_sensors.py
[2023-07-27T02:06:58.893+0000] {processor.py:836} INFO - DAG(s) dict_keys(['example_sensors']) retrieved from /home/airflow/.local/lib/python3.7/site-packages/airflow/example_dags/example_sensors.py
[2023-07-27T02:06:58.934+0000] {logging_mixin.py:150} INFO - [2023-07-27T02:06:58.933+0000] {dag.py:2742} INFO - Sync 1 DAGs
[2023-07-27T02:06:58.970+0000] {logging_mixin.py:150} INFO - [2023-07-27T02:06:58.969+0000] {dag.py:3508} INFO - Setting next_dagrun for example_sensors to None, run_after=None
[2023-07-27T02:06:59.113+0000] {processor.py:179} INFO - Processing /home/airflow/.local/lib/python3.7/site-packages/airflow/example_dags/example_sensors.py took 0.243 seconds
[2023-07-27T02:07:29.440+0000] {processor.py:157} INFO - Started process (PID=5706) to work on /home/airflow/.local/lib/python3.7/site-packages/airflow/example_dags/example_sensors.py
[2023-07-27T02:07:29.441+0000] {processor.py:826} INFO - Processing file /home/airflow/.local/lib/python3.7/site-packages/airflow/example_dags/example_sensors.py for tasks to queue
[2023-07-27T02:07:29.443+0000] {logging_mixin.py:150} INFO - [2023-07-27T02:07:29.442+0000] {dagbag.py:541} INFO - Filling up the DagBag from /home/airflow/.local/lib/python3.7/site-packages/airflow/example_dags/example_sensors.py
[2023-07-27T02:07:29.454+0000] {processor.py:836} INFO - DAG(s) dict_keys(['example_sensors']) retrieved from /home/airflow/.local/lib/python3.7/site-packages/airflow/example_dags/example_sensors.py
[2023-07-27T02:07:29.487+0000] {logging_mixin.py:150} INFO - [2023-07-27T02:07:29.487+0000] {dag.py:2742} INFO - Sync 1 DAGs
[2023-07-27T02:07:29.517+0000] {logging_mixin.py:150} INFO - [2023-07-27T02:07:29.517+0000] {dag.py:3508} INFO - Setting next_dagrun for example_sensors to None, run_after=None
[2023-07-27T02:07:29.542+0000] {processor.py:179} INFO - Processing /home/airflow/.local/lib/python3.7/site-packages/airflow/example_dags/example_sensors.py took 0.105 seconds
[2023-07-27T02:08:00.293+0000] {processor.py:157} INFO - Started process (PID=5766) to work on /home/airflow/.local/lib/python3.7/site-packages/airflow/example_dags/example_sensors.py
[2023-07-27T02:08:00.300+0000] {processor.py:826} INFO - Processing file /home/airflow/.local/lib/python3.7/site-packages/airflow/example_dags/example_sensors.py for tasks to queue
[2023-07-27T02:08:00.301+0000] {logging_mixin.py:150} INFO - [2023-07-27T02:08:00.301+0000] {dagbag.py:541} INFO - Filling up the DagBag from /home/airflow/.local/lib/python3.7/site-packages/airflow/example_dags/example_sensors.py
[2023-07-27T02:08:00.314+0000] {processor.py:836} INFO - DAG(s) dict_keys(['example_sensors']) retrieved from /home/airflow/.local/lib/python3.7/site-packages/airflow/example_dags/example_sensors.py
[2023-07-27T02:08:00.374+0000] {logging_mixin.py:150} INFO - [2023-07-27T02:08:00.373+0000] {dag.py:2742} INFO - Sync 1 DAGs
[2023-07-27T02:08:00.408+0000] {logging_mixin.py:150} INFO - [2023-07-27T02:08:00.408+0000] {dag.py:3508} INFO - Setting next_dagrun for example_sensors to None, run_after=None
[2023-07-27T02:08:00.437+0000] {processor.py:179} INFO - Processing /home/airflow/.local/lib/python3.7/site-packages/airflow/example_dags/example_sensors.py took 0.148 seconds
[2023-07-27T02:08:31.089+0000] {processor.py:157} INFO - Started process (PID=5827) to work on /home/airflow/.local/lib/python3.7/site-packages/airflow/example_dags/example_sensors.py
[2023-07-27T02:08:31.090+0000] {processor.py:826} INFO - Processing file /home/airflow/.local/lib/python3.7/site-packages/airflow/example_dags/example_sensors.py for tasks to queue
[2023-07-27T02:08:31.091+0000] {logging_mixin.py:150} INFO - [2023-07-27T02:08:31.091+0000] {dagbag.py:541} INFO - Filling up the DagBag from /home/airflow/.local/lib/python3.7/site-packages/airflow/example_dags/example_sensors.py
[2023-07-27T02:08:31.102+0000] {processor.py:836} INFO - DAG(s) dict_keys(['example_sensors']) retrieved from /home/airflow/.local/lib/python3.7/site-packages/airflow/example_dags/example_sensors.py
[2023-07-27T02:08:31.132+0000] {logging_mixin.py:150} INFO - [2023-07-27T02:08:31.131+0000] {dag.py:2742} INFO - Sync 1 DAGs
[2023-07-27T02:08:31.266+0000] {logging_mixin.py:150} INFO - [2023-07-27T02:08:31.265+0000] {dag.py:3508} INFO - Setting next_dagrun for example_sensors to None, run_after=None
[2023-07-27T02:08:31.287+0000] {processor.py:179} INFO - Processing /home/airflow/.local/lib/python3.7/site-packages/airflow/example_dags/example_sensors.py took 0.202 seconds
[2023-07-27T02:09:01.503+0000] {processor.py:157} INFO - Started process (PID=5887) to work on /home/airflow/.local/lib/python3.7/site-packages/airflow/example_dags/example_sensors.py
[2023-07-27T02:09:01.504+0000] {processor.py:826} INFO - Processing file /home/airflow/.local/lib/python3.7/site-packages/airflow/example_dags/example_sensors.py for tasks to queue
[2023-07-27T02:09:01.505+0000] {logging_mixin.py:150} INFO - [2023-07-27T02:09:01.505+0000] {dagbag.py:541} INFO - Filling up the DagBag from /home/airflow/.local/lib/python3.7/site-packages/airflow/example_dags/example_sensors.py
[2023-07-27T02:09:01.516+0000] {processor.py:836} INFO - DAG(s) dict_keys(['example_sensors']) retrieved from /home/airflow/.local/lib/python3.7/site-packages/airflow/example_dags/example_sensors.py
[2023-07-27T02:09:01.546+0000] {logging_mixin.py:150} INFO - [2023-07-27T02:09:01.546+0000] {dag.py:2742} INFO - Sync 1 DAGs
[2023-07-27T02:09:01.573+0000] {logging_mixin.py:150} INFO - [2023-07-27T02:09:01.573+0000] {dag.py:3508} INFO - Setting next_dagrun for example_sensors to None, run_after=None
[2023-07-27T02:09:01.607+0000] {processor.py:179} INFO - Processing /home/airflow/.local/lib/python3.7/site-packages/airflow/example_dags/example_sensors.py took 0.108 seconds
[2023-07-27T02:09:31.842+0000] {processor.py:157} INFO - Started process (PID=5947) to work on /home/airflow/.local/lib/python3.7/site-packages/airflow/example_dags/example_sensors.py
[2023-07-27T02:09:31.843+0000] {processor.py:826} INFO - Processing file /home/airflow/.local/lib/python3.7/site-packages/airflow/example_dags/example_sensors.py for tasks to queue
[2023-07-27T02:09:31.845+0000] {logging_mixin.py:150} INFO - [2023-07-27T02:09:31.844+0000] {dagbag.py:541} INFO - Filling up the DagBag from /home/airflow/.local/lib/python3.7/site-packages/airflow/example_dags/example_sensors.py
[2023-07-27T02:09:31.857+0000] {processor.py:836} INFO - DAG(s) dict_keys(['example_sensors']) retrieved from /home/airflow/.local/lib/python3.7/site-packages/airflow/example_dags/example_sensors.py
[2023-07-27T02:09:31.887+0000] {logging_mixin.py:150} INFO - [2023-07-27T02:09:31.886+0000] {dag.py:2742} INFO - Sync 1 DAGs
[2023-07-27T02:09:31.913+0000] {logging_mixin.py:150} INFO - [2023-07-27T02:09:31.913+0000] {dag.py:3508} INFO - Setting next_dagrun for example_sensors to None, run_after=None
[2023-07-27T02:09:31.935+0000] {processor.py:179} INFO - Processing /home/airflow/.local/lib/python3.7/site-packages/airflow/example_dags/example_sensors.py took 0.097 seconds
[2023-07-27T02:10:02.533+0000] {processor.py:157} INFO - Started process (PID=6007) to work on /home/airflow/.local/lib/python3.7/site-packages/airflow/example_dags/example_sensors.py
[2023-07-27T02:10:02.534+0000] {processor.py:826} INFO - Processing file /home/airflow/.local/lib/python3.7/site-packages/airflow/example_dags/example_sensors.py for tasks to queue
[2023-07-27T02:10:02.536+0000] {logging_mixin.py:150} INFO - [2023-07-27T02:10:02.535+0000] {dagbag.py:541} INFO - Filling up the DagBag from /home/airflow/.local/lib/python3.7/site-packages/airflow/example_dags/example_sensors.py
[2023-07-27T02:10:02.547+0000] {processor.py:836} INFO - DAG(s) dict_keys(['example_sensors']) retrieved from /home/airflow/.local/lib/python3.7/site-packages/airflow/example_dags/example_sensors.py
[2023-07-27T02:10:02.579+0000] {logging_mixin.py:150} INFO - [2023-07-27T02:10:02.579+0000] {dag.py:2742} INFO - Sync 1 DAGs
[2023-07-27T02:10:02.730+0000] {logging_mixin.py:150} INFO - [2023-07-27T02:10:02.730+0000] {dag.py:3508} INFO - Setting next_dagrun for example_sensors to None, run_after=None
[2023-07-27T02:10:02.756+0000] {processor.py:179} INFO - Processing /home/airflow/.local/lib/python3.7/site-packages/airflow/example_dags/example_sensors.py took 0.226 seconds
[2023-07-27T02:10:33.064+0000] {processor.py:157} INFO - Started process (PID=6067) to work on /home/airflow/.local/lib/python3.7/site-packages/airflow/example_dags/example_sensors.py
[2023-07-27T02:10:33.066+0000] {processor.py:826} INFO - Processing file /home/airflow/.local/lib/python3.7/site-packages/airflow/example_dags/example_sensors.py for tasks to queue
[2023-07-27T02:10:33.067+0000] {logging_mixin.py:150} INFO - [2023-07-27T02:10:33.067+0000] {dagbag.py:541} INFO - Filling up the DagBag from /home/airflow/.local/lib/python3.7/site-packages/airflow/example_dags/example_sensors.py
[2023-07-27T02:10:33.078+0000] {processor.py:836} INFO - DAG(s) dict_keys(['example_sensors']) retrieved from /home/airflow/.local/lib/python3.7/site-packages/airflow/example_dags/example_sensors.py
[2023-07-27T02:10:33.113+0000] {logging_mixin.py:150} INFO - [2023-07-27T02:10:33.113+0000] {dag.py:2742} INFO - Sync 1 DAGs
[2023-07-27T02:10:33.144+0000] {logging_mixin.py:150} INFO - [2023-07-27T02:10:33.144+0000] {dag.py:3508} INFO - Setting next_dagrun for example_sensors to None, run_after=None
[2023-07-27T02:10:33.174+0000] {processor.py:179} INFO - Processing /home/airflow/.local/lib/python3.7/site-packages/airflow/example_dags/example_sensors.py took 0.113 seconds
