[2023-07-27T01:39:06.592+0000] {processor.py:157} INFO - Started process (PID=2355) to work on /home/airflow/.local/lib/python3.7/site-packages/airflow/example_dags/example_latest_only.py
[2023-07-27T01:39:06.594+0000] {processor.py:826} INFO - Processing file /home/airflow/.local/lib/python3.7/site-packages/airflow/example_dags/example_latest_only.py for tasks to queue
[2023-07-27T01:39:06.600+0000] {logging_mixin.py:150} INFO - [2023-07-27T01:39:06.599+0000] {dagbag.py:541} INFO - Filling up the DagBag from /home/airflow/.local/lib/python3.7/site-packages/airflow/example_dags/example_latest_only.py
[2023-07-27T01:39:06.610+0000] {processor.py:836} INFO - DAG(s) dict_keys(['latest_only']) retrieved from /home/airflow/.local/lib/python3.7/site-packages/airflow/example_dags/example_latest_only.py
[2023-07-27T01:39:06.652+0000] {logging_mixin.py:150} INFO - [2023-07-27T01:39:06.651+0000] {dag.py:2742} INFO - Sync 1 DAGs
[2023-07-27T01:39:06.710+0000] {logging_mixin.py:150} INFO - [2023-07-27T01:39:06.710+0000] {dag.py:3508} INFO - Setting next_dagrun for latest_only to 2023-07-26T21:39:06.709778+00:00, run_after=2023-07-27T01:39:06.709778+00:00
[2023-07-27T01:39:06.794+0000] {processor.py:179} INFO - Processing /home/airflow/.local/lib/python3.7/site-packages/airflow/example_dags/example_latest_only.py took 0.207 seconds
[2023-07-27T01:39:37.231+0000] {processor.py:157} INFO - Started process (PID=2415) to work on /home/airflow/.local/lib/python3.7/site-packages/airflow/example_dags/example_latest_only.py
[2023-07-27T01:39:37.232+0000] {processor.py:826} INFO - Processing file /home/airflow/.local/lib/python3.7/site-packages/airflow/example_dags/example_latest_only.py for tasks to queue
[2023-07-27T01:39:37.233+0000] {logging_mixin.py:150} INFO - [2023-07-27T01:39:37.233+0000] {dagbag.py:541} INFO - Filling up the DagBag from /home/airflow/.local/lib/python3.7/site-packages/airflow/example_dags/example_latest_only.py
[2023-07-27T01:39:37.239+0000] {processor.py:836} INFO - DAG(s) dict_keys(['latest_only']) retrieved from /home/airflow/.local/lib/python3.7/site-packages/airflow/example_dags/example_latest_only.py
[2023-07-27T01:39:37.264+0000] {logging_mixin.py:150} INFO - [2023-07-27T01:39:37.264+0000] {dag.py:2742} INFO - Sync 1 DAGs
[2023-07-27T01:39:37.293+0000] {logging_mixin.py:150} INFO - [2023-07-27T01:39:37.293+0000] {dag.py:3508} INFO - Setting next_dagrun for latest_only to 2023-07-26T21:39:37.293293+00:00, run_after=2023-07-27T01:39:37.293293+00:00
[2023-07-27T01:39:37.316+0000] {processor.py:179} INFO - Processing /home/airflow/.local/lib/python3.7/site-packages/airflow/example_dags/example_latest_only.py took 0.089 seconds
[2023-07-27T01:40:08.092+0000] {processor.py:157} INFO - Started process (PID=2475) to work on /home/airflow/.local/lib/python3.7/site-packages/airflow/example_dags/example_latest_only.py
[2023-07-27T01:40:08.093+0000] {processor.py:826} INFO - Processing file /home/airflow/.local/lib/python3.7/site-packages/airflow/example_dags/example_latest_only.py for tasks to queue
[2023-07-27T01:40:08.096+0000] {logging_mixin.py:150} INFO - [2023-07-27T01:40:08.095+0000] {dagbag.py:541} INFO - Filling up the DagBag from /home/airflow/.local/lib/python3.7/site-packages/airflow/example_dags/example_latest_only.py
[2023-07-27T01:40:08.103+0000] {processor.py:836} INFO - DAG(s) dict_keys(['latest_only']) retrieved from /home/airflow/.local/lib/python3.7/site-packages/airflow/example_dags/example_latest_only.py
[2023-07-27T01:40:08.136+0000] {logging_mixin.py:150} INFO - [2023-07-27T01:40:08.136+0000] {dag.py:2742} INFO - Sync 1 DAGs
[2023-07-27T01:40:08.176+0000] {logging_mixin.py:150} INFO - [2023-07-27T01:40:08.176+0000] {dag.py:3508} INFO - Setting next_dagrun for latest_only to 2023-07-26T21:40:08.176033+00:00, run_after=2023-07-27T01:40:08.176033+00:00
[2023-07-27T01:40:08.208+0000] {processor.py:179} INFO - Processing /home/airflow/.local/lib/python3.7/site-packages/airflow/example_dags/example_latest_only.py took 0.120 seconds
[2023-07-27T01:40:38.814+0000] {processor.py:157} INFO - Started process (PID=2536) to work on /home/airflow/.local/lib/python3.7/site-packages/airflow/example_dags/example_latest_only.py
[2023-07-27T01:40:38.817+0000] {processor.py:826} INFO - Processing file /home/airflow/.local/lib/python3.7/site-packages/airflow/example_dags/example_latest_only.py for tasks to queue
[2023-07-27T01:40:38.819+0000] {logging_mixin.py:150} INFO - [2023-07-27T01:40:38.819+0000] {dagbag.py:541} INFO - Filling up the DagBag from /home/airflow/.local/lib/python3.7/site-packages/airflow/example_dags/example_latest_only.py
[2023-07-27T01:40:38.826+0000] {processor.py:836} INFO - DAG(s) dict_keys(['latest_only']) retrieved from /home/airflow/.local/lib/python3.7/site-packages/airflow/example_dags/example_latest_only.py
[2023-07-27T01:40:38.852+0000] {logging_mixin.py:150} INFO - [2023-07-27T01:40:38.851+0000] {dag.py:2742} INFO - Sync 1 DAGs
[2023-07-27T01:40:38.878+0000] {logging_mixin.py:150} INFO - [2023-07-27T01:40:38.878+0000] {dag.py:3508} INFO - Setting next_dagrun for latest_only to 2023-07-26T21:40:38.878405+00:00, run_after=2023-07-27T01:40:38.878405+00:00
[2023-07-27T01:40:38.900+0000] {processor.py:179} INFO - Processing /home/airflow/.local/lib/python3.7/site-packages/airflow/example_dags/example_latest_only.py took 0.089 seconds
[2023-07-27T01:41:09.753+0000] {processor.py:157} INFO - Started process (PID=2596) to work on /home/airflow/.local/lib/python3.7/site-packages/airflow/example_dags/example_latest_only.py
[2023-07-27T01:41:09.755+0000] {processor.py:826} INFO - Processing file /home/airflow/.local/lib/python3.7/site-packages/airflow/example_dags/example_latest_only.py for tasks to queue
[2023-07-27T01:41:09.756+0000] {logging_mixin.py:150} INFO - [2023-07-27T01:41:09.755+0000] {dagbag.py:541} INFO - Filling up the DagBag from /home/airflow/.local/lib/python3.7/site-packages/airflow/example_dags/example_latest_only.py
[2023-07-27T01:41:09.762+0000] {processor.py:836} INFO - DAG(s) dict_keys(['latest_only']) retrieved from /home/airflow/.local/lib/python3.7/site-packages/airflow/example_dags/example_latest_only.py
[2023-07-27T01:41:09.787+0000] {logging_mixin.py:150} INFO - [2023-07-27T01:41:09.787+0000] {dag.py:2742} INFO - Sync 1 DAGs
[2023-07-27T01:41:09.816+0000] {logging_mixin.py:150} INFO - [2023-07-27T01:41:09.815+0000] {dag.py:3508} INFO - Setting next_dagrun for latest_only to 2023-07-26T21:41:09.815411+00:00, run_after=2023-07-27T01:41:09.815411+00:00
[2023-07-27T01:41:09.842+0000] {processor.py:179} INFO - Processing /home/airflow/.local/lib/python3.7/site-packages/airflow/example_dags/example_latest_only.py took 0.092 seconds
[2023-07-27T01:41:40.197+0000] {processor.py:157} INFO - Started process (PID=2656) to work on /home/airflow/.local/lib/python3.7/site-packages/airflow/example_dags/example_latest_only.py
[2023-07-27T01:41:40.198+0000] {processor.py:826} INFO - Processing file /home/airflow/.local/lib/python3.7/site-packages/airflow/example_dags/example_latest_only.py for tasks to queue
[2023-07-27T01:41:40.200+0000] {logging_mixin.py:150} INFO - [2023-07-27T01:41:40.199+0000] {dagbag.py:541} INFO - Filling up the DagBag from /home/airflow/.local/lib/python3.7/site-packages/airflow/example_dags/example_latest_only.py
[2023-07-27T01:41:40.206+0000] {processor.py:836} INFO - DAG(s) dict_keys(['latest_only']) retrieved from /home/airflow/.local/lib/python3.7/site-packages/airflow/example_dags/example_latest_only.py
[2023-07-27T01:41:40.231+0000] {logging_mixin.py:150} INFO - [2023-07-27T01:41:40.231+0000] {dag.py:2742} INFO - Sync 1 DAGs
[2023-07-27T01:41:40.259+0000] {logging_mixin.py:150} INFO - [2023-07-27T01:41:40.259+0000] {dag.py:3508} INFO - Setting next_dagrun for latest_only to 2023-07-26T21:41:40.259332+00:00, run_after=2023-07-27T01:41:40.259332+00:00
[2023-07-27T01:41:40.283+0000] {processor.py:179} INFO - Processing /home/airflow/.local/lib/python3.7/site-packages/airflow/example_dags/example_latest_only.py took 0.089 seconds
[2023-07-27T01:42:10.969+0000] {processor.py:157} INFO - Started process (PID=2716) to work on /home/airflow/.local/lib/python3.7/site-packages/airflow/example_dags/example_latest_only.py
[2023-07-27T01:42:10.970+0000] {processor.py:826} INFO - Processing file /home/airflow/.local/lib/python3.7/site-packages/airflow/example_dags/example_latest_only.py for tasks to queue
[2023-07-27T01:42:10.971+0000] {logging_mixin.py:150} INFO - [2023-07-27T01:42:10.971+0000] {dagbag.py:541} INFO - Filling up the DagBag from /home/airflow/.local/lib/python3.7/site-packages/airflow/example_dags/example_latest_only.py
[2023-07-27T01:42:10.978+0000] {processor.py:836} INFO - DAG(s) dict_keys(['latest_only']) retrieved from /home/airflow/.local/lib/python3.7/site-packages/airflow/example_dags/example_latest_only.py
[2023-07-27T01:42:11.004+0000] {logging_mixin.py:150} INFO - [2023-07-27T01:42:11.004+0000] {dag.py:2742} INFO - Sync 1 DAGs
[2023-07-27T01:42:11.032+0000] {logging_mixin.py:150} INFO - [2023-07-27T01:42:11.031+0000] {dag.py:3508} INFO - Setting next_dagrun for latest_only to 2023-07-26T21:42:11.031597+00:00, run_after=2023-07-27T01:42:11.031597+00:00
[2023-07-27T01:42:11.054+0000] {processor.py:179} INFO - Processing /home/airflow/.local/lib/python3.7/site-packages/airflow/example_dags/example_latest_only.py took 0.089 seconds
[2023-07-27T01:42:41.842+0000] {processor.py:157} INFO - Started process (PID=2777) to work on /home/airflow/.local/lib/python3.7/site-packages/airflow/example_dags/example_latest_only.py
[2023-07-27T01:42:41.844+0000] {processor.py:826} INFO - Processing file /home/airflow/.local/lib/python3.7/site-packages/airflow/example_dags/example_latest_only.py for tasks to queue
[2023-07-27T01:42:41.845+0000] {logging_mixin.py:150} INFO - [2023-07-27T01:42:41.844+0000] {dagbag.py:541} INFO - Filling up the DagBag from /home/airflow/.local/lib/python3.7/site-packages/airflow/example_dags/example_latest_only.py
[2023-07-27T01:42:41.851+0000] {processor.py:836} INFO - DAG(s) dict_keys(['latest_only']) retrieved from /home/airflow/.local/lib/python3.7/site-packages/airflow/example_dags/example_latest_only.py
[2023-07-27T01:42:41.876+0000] {logging_mixin.py:150} INFO - [2023-07-27T01:42:41.876+0000] {dag.py:2742} INFO - Sync 1 DAGs
[2023-07-27T01:42:41.904+0000] {logging_mixin.py:150} INFO - [2023-07-27T01:42:41.904+0000] {dag.py:3508} INFO - Setting next_dagrun for latest_only to 2023-07-26T21:42:41.903845+00:00, run_after=2023-07-27T01:42:41.903845+00:00
[2023-07-27T01:42:41.927+0000] {processor.py:179} INFO - Processing /home/airflow/.local/lib/python3.7/site-packages/airflow/example_dags/example_latest_only.py took 0.088 seconds
[2023-07-27T01:43:12.152+0000] {processor.py:157} INFO - Started process (PID=2838) to work on /home/airflow/.local/lib/python3.7/site-packages/airflow/example_dags/example_latest_only.py
[2023-07-27T01:43:12.153+0000] {processor.py:826} INFO - Processing file /home/airflow/.local/lib/python3.7/site-packages/airflow/example_dags/example_latest_only.py for tasks to queue
[2023-07-27T01:43:12.154+0000] {logging_mixin.py:150} INFO - [2023-07-27T01:43:12.154+0000] {dagbag.py:541} INFO - Filling up the DagBag from /home/airflow/.local/lib/python3.7/site-packages/airflow/example_dags/example_latest_only.py
[2023-07-27T01:43:12.161+0000] {processor.py:836} INFO - DAG(s) dict_keys(['latest_only']) retrieved from /home/airflow/.local/lib/python3.7/site-packages/airflow/example_dags/example_latest_only.py
[2023-07-27T01:43:12.186+0000] {logging_mixin.py:150} INFO - [2023-07-27T01:43:12.186+0000] {dag.py:2742} INFO - Sync 1 DAGs
[2023-07-27T01:43:12.214+0000] {logging_mixin.py:150} INFO - [2023-07-27T01:43:12.214+0000] {dag.py:3508} INFO - Setting next_dagrun for latest_only to 2023-07-26T21:43:12.214242+00:00, run_after=2023-07-27T01:43:12.214242+00:00
[2023-07-27T01:43:12.237+0000] {processor.py:179} INFO - Processing /home/airflow/.local/lib/python3.7/site-packages/airflow/example_dags/example_latest_only.py took 0.088 seconds
[2023-07-27T01:43:42.429+0000] {processor.py:157} INFO - Started process (PID=2898) to work on /home/airflow/.local/lib/python3.7/site-packages/airflow/example_dags/example_latest_only.py
[2023-07-27T01:43:42.430+0000] {processor.py:826} INFO - Processing file /home/airflow/.local/lib/python3.7/site-packages/airflow/example_dags/example_latest_only.py for tasks to queue
[2023-07-27T01:43:42.431+0000] {logging_mixin.py:150} INFO - [2023-07-27T01:43:42.431+0000] {dagbag.py:541} INFO - Filling up the DagBag from /home/airflow/.local/lib/python3.7/site-packages/airflow/example_dags/example_latest_only.py
[2023-07-27T01:43:42.438+0000] {processor.py:836} INFO - DAG(s) dict_keys(['latest_only']) retrieved from /home/airflow/.local/lib/python3.7/site-packages/airflow/example_dags/example_latest_only.py
[2023-07-27T01:43:42.462+0000] {logging_mixin.py:150} INFO - [2023-07-27T01:43:42.462+0000] {dag.py:2742} INFO - Sync 1 DAGs
[2023-07-27T01:43:42.490+0000] {logging_mixin.py:150} INFO - [2023-07-27T01:43:42.490+0000] {dag.py:3508} INFO - Setting next_dagrun for latest_only to 2023-07-26T21:43:42.490326+00:00, run_after=2023-07-27T01:43:42.490326+00:00
[2023-07-27T01:43:42.526+0000] {processor.py:179} INFO - Processing /home/airflow/.local/lib/python3.7/site-packages/airflow/example_dags/example_latest_only.py took 0.100 seconds
[2023-07-27T01:44:13.163+0000] {processor.py:157} INFO - Started process (PID=2951) to work on /home/airflow/.local/lib/python3.7/site-packages/airflow/example_dags/example_latest_only.py
[2023-07-27T01:44:13.164+0000] {processor.py:826} INFO - Processing file /home/airflow/.local/lib/python3.7/site-packages/airflow/example_dags/example_latest_only.py for tasks to queue
[2023-07-27T01:44:13.165+0000] {logging_mixin.py:150} INFO - [2023-07-27T01:44:13.165+0000] {dagbag.py:541} INFO - Filling up the DagBag from /home/airflow/.local/lib/python3.7/site-packages/airflow/example_dags/example_latest_only.py
[2023-07-27T01:44:13.171+0000] {processor.py:836} INFO - DAG(s) dict_keys(['latest_only']) retrieved from /home/airflow/.local/lib/python3.7/site-packages/airflow/example_dags/example_latest_only.py
[2023-07-27T01:44:13.198+0000] {logging_mixin.py:150} INFO - [2023-07-27T01:44:13.197+0000] {dag.py:2742} INFO - Sync 1 DAGs
[2023-07-27T01:44:13.226+0000] {logging_mixin.py:150} INFO - [2023-07-27T01:44:13.226+0000] {dag.py:3508} INFO - Setting next_dagrun for latest_only to 2023-07-26T21:44:13.226153+00:00, run_after=2023-07-27T01:44:13.226153+00:00
[2023-07-27T01:44:13.256+0000] {processor.py:179} INFO - Processing /home/airflow/.local/lib/python3.7/site-packages/airflow/example_dags/example_latest_only.py took 0.097 seconds
[2023-07-27T01:44:43.888+0000] {processor.py:157} INFO - Started process (PID=3011) to work on /home/airflow/.local/lib/python3.7/site-packages/airflow/example_dags/example_latest_only.py
[2023-07-27T01:44:43.890+0000] {processor.py:826} INFO - Processing file /home/airflow/.local/lib/python3.7/site-packages/airflow/example_dags/example_latest_only.py for tasks to queue
[2023-07-27T01:44:43.891+0000] {logging_mixin.py:150} INFO - [2023-07-27T01:44:43.891+0000] {dagbag.py:541} INFO - Filling up the DagBag from /home/airflow/.local/lib/python3.7/site-packages/airflow/example_dags/example_latest_only.py
[2023-07-27T01:44:43.897+0000] {processor.py:836} INFO - DAG(s) dict_keys(['latest_only']) retrieved from /home/airflow/.local/lib/python3.7/site-packages/airflow/example_dags/example_latest_only.py
[2023-07-27T01:44:43.922+0000] {logging_mixin.py:150} INFO - [2023-07-27T01:44:43.922+0000] {dag.py:2742} INFO - Sync 1 DAGs
[2023-07-27T01:44:43.951+0000] {logging_mixin.py:150} INFO - [2023-07-27T01:44:43.950+0000] {dag.py:3508} INFO - Setting next_dagrun for latest_only to 2023-07-26T21:44:43.950586+00:00, run_after=2023-07-27T01:44:43.950586+00:00
[2023-07-27T01:44:43.973+0000] {processor.py:179} INFO - Processing /home/airflow/.local/lib/python3.7/site-packages/airflow/example_dags/example_latest_only.py took 0.088 seconds
[2023-07-27T01:45:14.469+0000] {processor.py:157} INFO - Started process (PID=3078) to work on /home/airflow/.local/lib/python3.7/site-packages/airflow/example_dags/example_latest_only.py
[2023-07-27T01:45:14.471+0000] {processor.py:826} INFO - Processing file /home/airflow/.local/lib/python3.7/site-packages/airflow/example_dags/example_latest_only.py for tasks to queue
[2023-07-27T01:45:14.473+0000] {logging_mixin.py:150} INFO - [2023-07-27T01:45:14.472+0000] {dagbag.py:541} INFO - Filling up the DagBag from /home/airflow/.local/lib/python3.7/site-packages/airflow/example_dags/example_latest_only.py
[2023-07-27T01:45:14.482+0000] {processor.py:836} INFO - DAG(s) dict_keys(['latest_only']) retrieved from /home/airflow/.local/lib/python3.7/site-packages/airflow/example_dags/example_latest_only.py
[2023-07-27T01:45:14.510+0000] {logging_mixin.py:150} INFO - [2023-07-27T01:45:14.509+0000] {dag.py:2742} INFO - Sync 1 DAGs
[2023-07-27T01:45:14.540+0000] {logging_mixin.py:150} INFO - [2023-07-27T01:45:14.540+0000] {dag.py:3508} INFO - Setting next_dagrun for latest_only to 2023-07-26T21:45:14.539906+00:00, run_after=2023-07-27T01:45:14.539906+00:00
[2023-07-27T01:45:14.563+0000] {processor.py:179} INFO - Processing /home/airflow/.local/lib/python3.7/site-packages/airflow/example_dags/example_latest_only.py took 0.099 seconds
[2023-07-27T01:45:44.877+0000] {processor.py:157} INFO - Started process (PID=3139) to work on /home/airflow/.local/lib/python3.7/site-packages/airflow/example_dags/example_latest_only.py
[2023-07-27T01:45:44.878+0000] {processor.py:826} INFO - Processing file /home/airflow/.local/lib/python3.7/site-packages/airflow/example_dags/example_latest_only.py for tasks to queue
[2023-07-27T01:45:44.879+0000] {logging_mixin.py:150} INFO - [2023-07-27T01:45:44.879+0000] {dagbag.py:541} INFO - Filling up the DagBag from /home/airflow/.local/lib/python3.7/site-packages/airflow/example_dags/example_latest_only.py
[2023-07-27T01:45:44.886+0000] {processor.py:836} INFO - DAG(s) dict_keys(['latest_only']) retrieved from /home/airflow/.local/lib/python3.7/site-packages/airflow/example_dags/example_latest_only.py
[2023-07-27T01:45:44.912+0000] {logging_mixin.py:150} INFO - [2023-07-27T01:45:44.912+0000] {dag.py:2742} INFO - Sync 1 DAGs
[2023-07-27T01:45:44.939+0000] {logging_mixin.py:150} INFO - [2023-07-27T01:45:44.939+0000] {dag.py:3508} INFO - Setting next_dagrun for latest_only to 2023-07-26T21:45:44.938878+00:00, run_after=2023-07-27T01:45:44.938878+00:00
[2023-07-27T01:45:44.961+0000] {processor.py:179} INFO - Processing /home/airflow/.local/lib/python3.7/site-packages/airflow/example_dags/example_latest_only.py took 0.087 seconds
[2023-07-27T01:46:15.448+0000] {processor.py:157} INFO - Started process (PID=3199) to work on /home/airflow/.local/lib/python3.7/site-packages/airflow/example_dags/example_latest_only.py
[2023-07-27T01:46:15.449+0000] {processor.py:826} INFO - Processing file /home/airflow/.local/lib/python3.7/site-packages/airflow/example_dags/example_latest_only.py for tasks to queue
[2023-07-27T01:46:15.450+0000] {logging_mixin.py:150} INFO - [2023-07-27T01:46:15.450+0000] {dagbag.py:541} INFO - Filling up the DagBag from /home/airflow/.local/lib/python3.7/site-packages/airflow/example_dags/example_latest_only.py
[2023-07-27T01:46:15.456+0000] {processor.py:836} INFO - DAG(s) dict_keys(['latest_only']) retrieved from /home/airflow/.local/lib/python3.7/site-packages/airflow/example_dags/example_latest_only.py
[2023-07-27T01:46:15.481+0000] {logging_mixin.py:150} INFO - [2023-07-27T01:46:15.480+0000] {dag.py:2742} INFO - Sync 1 DAGs
[2023-07-27T01:46:15.508+0000] {logging_mixin.py:150} INFO - [2023-07-27T01:46:15.508+0000] {dag.py:3508} INFO - Setting next_dagrun for latest_only to 2023-07-26T21:46:15.508205+00:00, run_after=2023-07-27T01:46:15.508205+00:00
[2023-07-27T01:46:15.531+0000] {processor.py:179} INFO - Processing /home/airflow/.local/lib/python3.7/site-packages/airflow/example_dags/example_latest_only.py took 0.086 seconds
[2023-07-27T01:46:46.117+0000] {processor.py:157} INFO - Started process (PID=3259) to work on /home/airflow/.local/lib/python3.7/site-packages/airflow/example_dags/example_latest_only.py
[2023-07-27T01:46:46.118+0000] {processor.py:826} INFO - Processing file /home/airflow/.local/lib/python3.7/site-packages/airflow/example_dags/example_latest_only.py for tasks to queue
[2023-07-27T01:46:46.120+0000] {logging_mixin.py:150} INFO - [2023-07-27T01:46:46.119+0000] {dagbag.py:541} INFO - Filling up the DagBag from /home/airflow/.local/lib/python3.7/site-packages/airflow/example_dags/example_latest_only.py
[2023-07-27T01:46:46.126+0000] {processor.py:836} INFO - DAG(s) dict_keys(['latest_only']) retrieved from /home/airflow/.local/lib/python3.7/site-packages/airflow/example_dags/example_latest_only.py
[2023-07-27T01:46:46.152+0000] {logging_mixin.py:150} INFO - [2023-07-27T01:46:46.152+0000] {dag.py:2742} INFO - Sync 1 DAGs
[2023-07-27T01:46:46.181+0000] {logging_mixin.py:150} INFO - [2023-07-27T01:46:46.180+0000] {dag.py:3508} INFO - Setting next_dagrun for latest_only to 2023-07-26T21:46:46.180674+00:00, run_after=2023-07-27T01:46:46.180674+00:00
[2023-07-27T01:46:46.204+0000] {processor.py:179} INFO - Processing /home/airflow/.local/lib/python3.7/site-packages/airflow/example_dags/example_latest_only.py took 0.091 seconds
[2023-07-27T01:47:16.650+0000] {processor.py:157} INFO - Started process (PID=3319) to work on /home/airflow/.local/lib/python3.7/site-packages/airflow/example_dags/example_latest_only.py
[2023-07-27T01:47:16.651+0000] {processor.py:826} INFO - Processing file /home/airflow/.local/lib/python3.7/site-packages/airflow/example_dags/example_latest_only.py for tasks to queue
[2023-07-27T01:47:16.653+0000] {logging_mixin.py:150} INFO - [2023-07-27T01:47:16.652+0000] {dagbag.py:541} INFO - Filling up the DagBag from /home/airflow/.local/lib/python3.7/site-packages/airflow/example_dags/example_latest_only.py
[2023-07-27T01:47:16.660+0000] {processor.py:836} INFO - DAG(s) dict_keys(['latest_only']) retrieved from /home/airflow/.local/lib/python3.7/site-packages/airflow/example_dags/example_latest_only.py
[2023-07-27T01:47:16.685+0000] {logging_mixin.py:150} INFO - [2023-07-27T01:47:16.684+0000] {dag.py:2742} INFO - Sync 1 DAGs
[2023-07-27T01:47:16.713+0000] {logging_mixin.py:150} INFO - [2023-07-27T01:47:16.712+0000] {dag.py:3508} INFO - Setting next_dagrun for latest_only to 2023-07-26T21:47:16.712629+00:00, run_after=2023-07-27T01:47:16.712629+00:00
[2023-07-27T01:47:16.735+0000] {processor.py:179} INFO - Processing /home/airflow/.local/lib/python3.7/site-packages/airflow/example_dags/example_latest_only.py took 0.088 seconds
[2023-07-27T01:47:47.583+0000] {processor.py:157} INFO - Started process (PID=3379) to work on /home/airflow/.local/lib/python3.7/site-packages/airflow/example_dags/example_latest_only.py
[2023-07-27T01:47:47.584+0000] {processor.py:826} INFO - Processing file /home/airflow/.local/lib/python3.7/site-packages/airflow/example_dags/example_latest_only.py for tasks to queue
[2023-07-27T01:47:47.585+0000] {logging_mixin.py:150} INFO - [2023-07-27T01:47:47.585+0000] {dagbag.py:541} INFO - Filling up the DagBag from /home/airflow/.local/lib/python3.7/site-packages/airflow/example_dags/example_latest_only.py
[2023-07-27T01:47:47.591+0000] {processor.py:836} INFO - DAG(s) dict_keys(['latest_only']) retrieved from /home/airflow/.local/lib/python3.7/site-packages/airflow/example_dags/example_latest_only.py
[2023-07-27T01:47:47.617+0000] {logging_mixin.py:150} INFO - [2023-07-27T01:47:47.617+0000] {dag.py:2742} INFO - Sync 1 DAGs
[2023-07-27T01:47:47.645+0000] {logging_mixin.py:150} INFO - [2023-07-27T01:47:47.645+0000] {dag.py:3508} INFO - Setting next_dagrun for latest_only to 2023-07-26T21:47:47.645270+00:00, run_after=2023-07-27T01:47:47.645270+00:00
[2023-07-27T01:47:47.668+0000] {processor.py:179} INFO - Processing /home/airflow/.local/lib/python3.7/site-packages/airflow/example_dags/example_latest_only.py took 0.089 seconds
[2023-07-27T01:48:18.036+0000] {processor.py:157} INFO - Started process (PID=3439) to work on /home/airflow/.local/lib/python3.7/site-packages/airflow/example_dags/example_latest_only.py
[2023-07-27T01:48:18.037+0000] {processor.py:826} INFO - Processing file /home/airflow/.local/lib/python3.7/site-packages/airflow/example_dags/example_latest_only.py for tasks to queue
[2023-07-27T01:48:18.038+0000] {logging_mixin.py:150} INFO - [2023-07-27T01:48:18.038+0000] {dagbag.py:541} INFO - Filling up the DagBag from /home/airflow/.local/lib/python3.7/site-packages/airflow/example_dags/example_latest_only.py
[2023-07-27T01:48:18.045+0000] {processor.py:836} INFO - DAG(s) dict_keys(['latest_only']) retrieved from /home/airflow/.local/lib/python3.7/site-packages/airflow/example_dags/example_latest_only.py
[2023-07-27T01:48:18.071+0000] {logging_mixin.py:150} INFO - [2023-07-27T01:48:18.071+0000] {dag.py:2742} INFO - Sync 1 DAGs
[2023-07-27T01:48:18.099+0000] {logging_mixin.py:150} INFO - [2023-07-27T01:48:18.099+0000] {dag.py:3508} INFO - Setting next_dagrun for latest_only to 2023-07-26T21:48:18.099362+00:00, run_after=2023-07-27T01:48:18.099362+00:00
[2023-07-27T01:48:18.129+0000] {processor.py:179} INFO - Processing /home/airflow/.local/lib/python3.7/site-packages/airflow/example_dags/example_latest_only.py took 0.097 seconds
[2023-07-27T01:48:48.398+0000] {processor.py:157} INFO - Started process (PID=3499) to work on /home/airflow/.local/lib/python3.7/site-packages/airflow/example_dags/example_latest_only.py
[2023-07-27T01:48:48.399+0000] {processor.py:826} INFO - Processing file /home/airflow/.local/lib/python3.7/site-packages/airflow/example_dags/example_latest_only.py for tasks to queue
[2023-07-27T01:48:48.400+0000] {logging_mixin.py:150} INFO - [2023-07-27T01:48:48.400+0000] {dagbag.py:541} INFO - Filling up the DagBag from /home/airflow/.local/lib/python3.7/site-packages/airflow/example_dags/example_latest_only.py
[2023-07-27T01:48:48.407+0000] {processor.py:836} INFO - DAG(s) dict_keys(['latest_only']) retrieved from /home/airflow/.local/lib/python3.7/site-packages/airflow/example_dags/example_latest_only.py
[2023-07-27T01:48:48.432+0000] {logging_mixin.py:150} INFO - [2023-07-27T01:48:48.432+0000] {dag.py:2742} INFO - Sync 1 DAGs
[2023-07-27T01:48:48.461+0000] {logging_mixin.py:150} INFO - [2023-07-27T01:48:48.460+0000] {dag.py:3508} INFO - Setting next_dagrun for latest_only to 2023-07-26T21:48:48.460747+00:00, run_after=2023-07-27T01:48:48.460747+00:00
[2023-07-27T01:48:48.484+0000] {processor.py:179} INFO - Processing /home/airflow/.local/lib/python3.7/site-packages/airflow/example_dags/example_latest_only.py took 0.090 seconds
[2023-07-27T01:49:18.781+0000] {processor.py:157} INFO - Started process (PID=3560) to work on /home/airflow/.local/lib/python3.7/site-packages/airflow/example_dags/example_latest_only.py
[2023-07-27T01:49:18.783+0000] {processor.py:826} INFO - Processing file /home/airflow/.local/lib/python3.7/site-packages/airflow/example_dags/example_latest_only.py for tasks to queue
[2023-07-27T01:49:18.784+0000] {logging_mixin.py:150} INFO - [2023-07-27T01:49:18.784+0000] {dagbag.py:541} INFO - Filling up the DagBag from /home/airflow/.local/lib/python3.7/site-packages/airflow/example_dags/example_latest_only.py
[2023-07-27T01:49:18.791+0000] {processor.py:836} INFO - DAG(s) dict_keys(['latest_only']) retrieved from /home/airflow/.local/lib/python3.7/site-packages/airflow/example_dags/example_latest_only.py
[2023-07-27T01:49:18.815+0000] {logging_mixin.py:150} INFO - [2023-07-27T01:49:18.815+0000] {dag.py:2742} INFO - Sync 1 DAGs
[2023-07-27T01:49:18.843+0000] {logging_mixin.py:150} INFO - [2023-07-27T01:49:18.843+0000] {dag.py:3508} INFO - Setting next_dagrun for latest_only to 2023-07-26T21:49:18.843307+00:00, run_after=2023-07-27T01:49:18.843307+00:00
[2023-07-27T01:49:18.867+0000] {processor.py:179} INFO - Processing /home/airflow/.local/lib/python3.7/site-packages/airflow/example_dags/example_latest_only.py took 0.089 seconds
[2023-07-27T01:49:49.205+0000] {processor.py:157} INFO - Started process (PID=3620) to work on /home/airflow/.local/lib/python3.7/site-packages/airflow/example_dags/example_latest_only.py
[2023-07-27T01:49:49.206+0000] {processor.py:826} INFO - Processing file /home/airflow/.local/lib/python3.7/site-packages/airflow/example_dags/example_latest_only.py for tasks to queue
[2023-07-27T01:49:49.207+0000] {logging_mixin.py:150} INFO - [2023-07-27T01:49:49.207+0000] {dagbag.py:541} INFO - Filling up the DagBag from /home/airflow/.local/lib/python3.7/site-packages/airflow/example_dags/example_latest_only.py
[2023-07-27T01:49:49.213+0000] {processor.py:836} INFO - DAG(s) dict_keys(['latest_only']) retrieved from /home/airflow/.local/lib/python3.7/site-packages/airflow/example_dags/example_latest_only.py
[2023-07-27T01:49:49.238+0000] {logging_mixin.py:150} INFO - [2023-07-27T01:49:49.238+0000] {dag.py:2742} INFO - Sync 1 DAGs
[2023-07-27T01:49:49.269+0000] {logging_mixin.py:150} INFO - [2023-07-27T01:49:49.269+0000] {dag.py:3508} INFO - Setting next_dagrun for latest_only to 2023-07-26T21:49:49.269025+00:00, run_after=2023-07-27T01:49:49.269025+00:00
[2023-07-27T01:49:49.293+0000] {processor.py:179} INFO - Processing /home/airflow/.local/lib/python3.7/site-packages/airflow/example_dags/example_latest_only.py took 0.092 seconds
[2023-07-27T01:50:19.582+0000] {processor.py:157} INFO - Started process (PID=3679) to work on /home/airflow/.local/lib/python3.7/site-packages/airflow/example_dags/example_latest_only.py
[2023-07-27T01:50:19.583+0000] {processor.py:826} INFO - Processing file /home/airflow/.local/lib/python3.7/site-packages/airflow/example_dags/example_latest_only.py for tasks to queue
[2023-07-27T01:50:19.584+0000] {logging_mixin.py:150} INFO - [2023-07-27T01:50:19.584+0000] {dagbag.py:541} INFO - Filling up the DagBag from /home/airflow/.local/lib/python3.7/site-packages/airflow/example_dags/example_latest_only.py
[2023-07-27T01:50:19.591+0000] {processor.py:836} INFO - DAG(s) dict_keys(['latest_only']) retrieved from /home/airflow/.local/lib/python3.7/site-packages/airflow/example_dags/example_latest_only.py
[2023-07-27T01:50:19.616+0000] {logging_mixin.py:150} INFO - [2023-07-27T01:50:19.616+0000] {dag.py:2742} INFO - Sync 1 DAGs
[2023-07-27T01:50:19.644+0000] {logging_mixin.py:150} INFO - [2023-07-27T01:50:19.643+0000] {dag.py:3508} INFO - Setting next_dagrun for latest_only to 2023-07-26T21:50:19.643572+00:00, run_after=2023-07-27T01:50:19.643572+00:00
[2023-07-27T01:50:19.666+0000] {processor.py:179} INFO - Processing /home/airflow/.local/lib/python3.7/site-packages/airflow/example_dags/example_latest_only.py took 0.087 seconds
[2023-07-27T01:50:49.794+0000] {processor.py:157} INFO - Started process (PID=3739) to work on /home/airflow/.local/lib/python3.7/site-packages/airflow/example_dags/example_latest_only.py
[2023-07-27T01:50:49.795+0000] {processor.py:826} INFO - Processing file /home/airflow/.local/lib/python3.7/site-packages/airflow/example_dags/example_latest_only.py for tasks to queue
[2023-07-27T01:50:49.796+0000] {logging_mixin.py:150} INFO - [2023-07-27T01:50:49.796+0000] {dagbag.py:541} INFO - Filling up the DagBag from /home/airflow/.local/lib/python3.7/site-packages/airflow/example_dags/example_latest_only.py
[2023-07-27T01:50:49.803+0000] {processor.py:836} INFO - DAG(s) dict_keys(['latest_only']) retrieved from /home/airflow/.local/lib/python3.7/site-packages/airflow/example_dags/example_latest_only.py
[2023-07-27T01:50:49.829+0000] {logging_mixin.py:150} INFO - [2023-07-27T01:50:49.829+0000] {dag.py:2742} INFO - Sync 1 DAGs
[2023-07-27T01:50:49.856+0000] {logging_mixin.py:150} INFO - [2023-07-27T01:50:49.856+0000] {dag.py:3508} INFO - Setting next_dagrun for latest_only to 2023-07-26T21:50:49.856219+00:00, run_after=2023-07-27T01:50:49.856219+00:00
[2023-07-27T01:50:49.887+0000] {processor.py:179} INFO - Processing /home/airflow/.local/lib/python3.7/site-packages/airflow/example_dags/example_latest_only.py took 0.098 seconds
[2023-07-27T01:51:20.328+0000] {processor.py:157} INFO - Started process (PID=3799) to work on /home/airflow/.local/lib/python3.7/site-packages/airflow/example_dags/example_latest_only.py
[2023-07-27T01:51:20.329+0000] {processor.py:826} INFO - Processing file /home/airflow/.local/lib/python3.7/site-packages/airflow/example_dags/example_latest_only.py for tasks to queue
[2023-07-27T01:51:20.330+0000] {logging_mixin.py:150} INFO - [2023-07-27T01:51:20.330+0000] {dagbag.py:541} INFO - Filling up the DagBag from /home/airflow/.local/lib/python3.7/site-packages/airflow/example_dags/example_latest_only.py
[2023-07-27T01:51:20.338+0000] {processor.py:836} INFO - DAG(s) dict_keys(['latest_only']) retrieved from /home/airflow/.local/lib/python3.7/site-packages/airflow/example_dags/example_latest_only.py
[2023-07-27T01:51:20.362+0000] {logging_mixin.py:150} INFO - [2023-07-27T01:51:20.362+0000] {dag.py:2742} INFO - Sync 1 DAGs
[2023-07-27T01:51:20.391+0000] {logging_mixin.py:150} INFO - [2023-07-27T01:51:20.391+0000] {dag.py:3508} INFO - Setting next_dagrun for latest_only to 2023-07-26T21:51:20.391233+00:00, run_after=2023-07-27T01:51:20.391233+00:00
[2023-07-27T01:51:20.414+0000] {processor.py:179} INFO - Processing /home/airflow/.local/lib/python3.7/site-packages/airflow/example_dags/example_latest_only.py took 0.090 seconds
[2023-07-27T01:51:50.718+0000] {processor.py:157} INFO - Started process (PID=3859) to work on /home/airflow/.local/lib/python3.7/site-packages/airflow/example_dags/example_latest_only.py
[2023-07-27T01:51:50.719+0000] {processor.py:826} INFO - Processing file /home/airflow/.local/lib/python3.7/site-packages/airflow/example_dags/example_latest_only.py for tasks to queue
[2023-07-27T01:51:50.720+0000] {logging_mixin.py:150} INFO - [2023-07-27T01:51:50.720+0000] {dagbag.py:541} INFO - Filling up the DagBag from /home/airflow/.local/lib/python3.7/site-packages/airflow/example_dags/example_latest_only.py
[2023-07-27T01:51:50.726+0000] {processor.py:836} INFO - DAG(s) dict_keys(['latest_only']) retrieved from /home/airflow/.local/lib/python3.7/site-packages/airflow/example_dags/example_latest_only.py
[2023-07-27T01:51:50.753+0000] {logging_mixin.py:150} INFO - [2023-07-27T01:51:50.753+0000] {dag.py:2742} INFO - Sync 1 DAGs
[2023-07-27T01:51:50.783+0000] {logging_mixin.py:150} INFO - [2023-07-27T01:51:50.783+0000] {dag.py:3508} INFO - Setting next_dagrun for latest_only to 2023-07-26T21:51:50.782790+00:00, run_after=2023-07-27T01:51:50.782790+00:00
[2023-07-27T01:51:50.806+0000] {processor.py:179} INFO - Processing /home/airflow/.local/lib/python3.7/site-packages/airflow/example_dags/example_latest_only.py took 0.092 seconds
[2023-07-27T01:52:21.335+0000] {processor.py:157} INFO - Started process (PID=3918) to work on /home/airflow/.local/lib/python3.7/site-packages/airflow/example_dags/example_latest_only.py
[2023-07-27T01:52:21.336+0000] {processor.py:826} INFO - Processing file /home/airflow/.local/lib/python3.7/site-packages/airflow/example_dags/example_latest_only.py for tasks to queue
[2023-07-27T01:52:21.338+0000] {logging_mixin.py:150} INFO - [2023-07-27T01:52:21.337+0000] {dagbag.py:541} INFO - Filling up the DagBag from /home/airflow/.local/lib/python3.7/site-packages/airflow/example_dags/example_latest_only.py
[2023-07-27T01:52:21.345+0000] {processor.py:836} INFO - DAG(s) dict_keys(['latest_only']) retrieved from /home/airflow/.local/lib/python3.7/site-packages/airflow/example_dags/example_latest_only.py
[2023-07-27T01:52:21.371+0000] {logging_mixin.py:150} INFO - [2023-07-27T01:52:21.371+0000] {dag.py:2742} INFO - Sync 1 DAGs
[2023-07-27T01:52:21.399+0000] {logging_mixin.py:150} INFO - [2023-07-27T01:52:21.398+0000] {dag.py:3508} INFO - Setting next_dagrun for latest_only to 2023-07-26T21:52:21.398668+00:00, run_after=2023-07-27T01:52:21.398668+00:00
[2023-07-27T01:52:21.422+0000] {processor.py:179} INFO - Processing /home/airflow/.local/lib/python3.7/site-packages/airflow/example_dags/example_latest_only.py took 0.091 seconds
[2023-07-27T01:52:51.992+0000] {processor.py:157} INFO - Started process (PID=3978) to work on /home/airflow/.local/lib/python3.7/site-packages/airflow/example_dags/example_latest_only.py
[2023-07-27T01:52:51.993+0000] {processor.py:826} INFO - Processing file /home/airflow/.local/lib/python3.7/site-packages/airflow/example_dags/example_latest_only.py for tasks to queue
[2023-07-27T01:52:51.994+0000] {logging_mixin.py:150} INFO - [2023-07-27T01:52:51.994+0000] {dagbag.py:541} INFO - Filling up the DagBag from /home/airflow/.local/lib/python3.7/site-packages/airflow/example_dags/example_latest_only.py
[2023-07-27T01:52:52.002+0000] {processor.py:836} INFO - DAG(s) dict_keys(['latest_only']) retrieved from /home/airflow/.local/lib/python3.7/site-packages/airflow/example_dags/example_latest_only.py
[2023-07-27T01:52:52.028+0000] {logging_mixin.py:150} INFO - [2023-07-27T01:52:52.028+0000] {dag.py:2742} INFO - Sync 1 DAGs
[2023-07-27T01:52:52.057+0000] {logging_mixin.py:150} INFO - [2023-07-27T01:52:52.057+0000] {dag.py:3508} INFO - Setting next_dagrun for latest_only to 2023-07-26T21:52:52.057420+00:00, run_after=2023-07-27T01:52:52.057420+00:00
[2023-07-27T01:52:52.094+0000] {processor.py:179} INFO - Processing /home/airflow/.local/lib/python3.7/site-packages/airflow/example_dags/example_latest_only.py took 0.106 seconds
[2023-07-27T01:53:22.420+0000] {processor.py:157} INFO - Started process (PID=4038) to work on /home/airflow/.local/lib/python3.7/site-packages/airflow/example_dags/example_latest_only.py
[2023-07-27T01:53:22.421+0000] {processor.py:826} INFO - Processing file /home/airflow/.local/lib/python3.7/site-packages/airflow/example_dags/example_latest_only.py for tasks to queue
[2023-07-27T01:53:22.422+0000] {logging_mixin.py:150} INFO - [2023-07-27T01:53:22.422+0000] {dagbag.py:541} INFO - Filling up the DagBag from /home/airflow/.local/lib/python3.7/site-packages/airflow/example_dags/example_latest_only.py
[2023-07-27T01:53:22.429+0000] {processor.py:836} INFO - DAG(s) dict_keys(['latest_only']) retrieved from /home/airflow/.local/lib/python3.7/site-packages/airflow/example_dags/example_latest_only.py
[2023-07-27T01:53:22.455+0000] {logging_mixin.py:150} INFO - [2023-07-27T01:53:22.454+0000] {dag.py:2742} INFO - Sync 1 DAGs
[2023-07-27T01:53:22.487+0000] {logging_mixin.py:150} INFO - [2023-07-27T01:53:22.487+0000] {dag.py:3508} INFO - Setting next_dagrun for latest_only to 2023-07-26T21:53:22.486968+00:00, run_after=2023-07-27T01:53:22.486968+00:00
[2023-07-27T01:53:22.511+0000] {processor.py:179} INFO - Processing /home/airflow/.local/lib/python3.7/site-packages/airflow/example_dags/example_latest_only.py took 0.095 seconds
[2023-07-27T01:53:52.584+0000] {processor.py:157} INFO - Started process (PID=4098) to work on /home/airflow/.local/lib/python3.7/site-packages/airflow/example_dags/example_latest_only.py
[2023-07-27T01:53:52.585+0000] {processor.py:826} INFO - Processing file /home/airflow/.local/lib/python3.7/site-packages/airflow/example_dags/example_latest_only.py for tasks to queue
[2023-07-27T01:53:52.586+0000] {logging_mixin.py:150} INFO - [2023-07-27T01:53:52.586+0000] {dagbag.py:541} INFO - Filling up the DagBag from /home/airflow/.local/lib/python3.7/site-packages/airflow/example_dags/example_latest_only.py
[2023-07-27T01:53:52.592+0000] {processor.py:836} INFO - DAG(s) dict_keys(['latest_only']) retrieved from /home/airflow/.local/lib/python3.7/site-packages/airflow/example_dags/example_latest_only.py
[2023-07-27T01:53:52.618+0000] {logging_mixin.py:150} INFO - [2023-07-27T01:53:52.618+0000] {dag.py:2742} INFO - Sync 1 DAGs
[2023-07-27T01:53:52.647+0000] {logging_mixin.py:150} INFO - [2023-07-27T01:53:52.647+0000] {dag.py:3508} INFO - Setting next_dagrun for latest_only to 2023-07-26T21:53:52.646856+00:00, run_after=2023-07-27T01:53:52.646856+00:00
[2023-07-27T01:53:52.669+0000] {processor.py:179} INFO - Processing /home/airflow/.local/lib/python3.7/site-packages/airflow/example_dags/example_latest_only.py took 0.089 seconds
[2023-07-27T01:54:22.770+0000] {processor.py:157} INFO - Started process (PID=4158) to work on /home/airflow/.local/lib/python3.7/site-packages/airflow/example_dags/example_latest_only.py
[2023-07-27T01:54:22.771+0000] {processor.py:826} INFO - Processing file /home/airflow/.local/lib/python3.7/site-packages/airflow/example_dags/example_latest_only.py for tasks to queue
[2023-07-27T01:54:22.772+0000] {logging_mixin.py:150} INFO - [2023-07-27T01:54:22.772+0000] {dagbag.py:541} INFO - Filling up the DagBag from /home/airflow/.local/lib/python3.7/site-packages/airflow/example_dags/example_latest_only.py
[2023-07-27T01:54:22.779+0000] {processor.py:836} INFO - DAG(s) dict_keys(['latest_only']) retrieved from /home/airflow/.local/lib/python3.7/site-packages/airflow/example_dags/example_latest_only.py
[2023-07-27T01:54:22.805+0000] {logging_mixin.py:150} INFO - [2023-07-27T01:54:22.805+0000] {dag.py:2742} INFO - Sync 1 DAGs
[2023-07-27T01:54:22.836+0000] {logging_mixin.py:150} INFO - [2023-07-27T01:54:22.836+0000] {dag.py:3508} INFO - Setting next_dagrun for latest_only to 2023-07-26T21:54:22.836183+00:00, run_after=2023-07-27T01:54:22.836183+00:00
[2023-07-27T01:54:22.860+0000] {processor.py:179} INFO - Processing /home/airflow/.local/lib/python3.7/site-packages/airflow/example_dags/example_latest_only.py took 0.093 seconds
[2023-07-27T01:54:53.008+0000] {processor.py:157} INFO - Started process (PID=4218) to work on /home/airflow/.local/lib/python3.7/site-packages/airflow/example_dags/example_latest_only.py
[2023-07-27T01:54:53.009+0000] {processor.py:826} INFO - Processing file /home/airflow/.local/lib/python3.7/site-packages/airflow/example_dags/example_latest_only.py for tasks to queue
[2023-07-27T01:54:53.010+0000] {logging_mixin.py:150} INFO - [2023-07-27T01:54:53.010+0000] {dagbag.py:541} INFO - Filling up the DagBag from /home/airflow/.local/lib/python3.7/site-packages/airflow/example_dags/example_latest_only.py
[2023-07-27T01:54:53.017+0000] {processor.py:836} INFO - DAG(s) dict_keys(['latest_only']) retrieved from /home/airflow/.local/lib/python3.7/site-packages/airflow/example_dags/example_latest_only.py
[2023-07-27T01:54:53.043+0000] {logging_mixin.py:150} INFO - [2023-07-27T01:54:53.043+0000] {dag.py:2742} INFO - Sync 1 DAGs
[2023-07-27T01:54:53.073+0000] {logging_mixin.py:150} INFO - [2023-07-27T01:54:53.072+0000] {dag.py:3508} INFO - Setting next_dagrun for latest_only to 2023-07-26T21:54:53.072381+00:00, run_after=2023-07-27T01:54:53.072381+00:00
[2023-07-27T01:54:53.098+0000] {processor.py:179} INFO - Processing /home/airflow/.local/lib/python3.7/site-packages/airflow/example_dags/example_latest_only.py took 0.093 seconds
[2023-07-27T01:55:23.473+0000] {processor.py:157} INFO - Started process (PID=4278) to work on /home/airflow/.local/lib/python3.7/site-packages/airflow/example_dags/example_latest_only.py
[2023-07-27T01:55:23.474+0000] {processor.py:826} INFO - Processing file /home/airflow/.local/lib/python3.7/site-packages/airflow/example_dags/example_latest_only.py for tasks to queue
[2023-07-27T01:55:23.476+0000] {logging_mixin.py:150} INFO - [2023-07-27T01:55:23.475+0000] {dagbag.py:541} INFO - Filling up the DagBag from /home/airflow/.local/lib/python3.7/site-packages/airflow/example_dags/example_latest_only.py
[2023-07-27T01:55:23.482+0000] {processor.py:836} INFO - DAG(s) dict_keys(['latest_only']) retrieved from /home/airflow/.local/lib/python3.7/site-packages/airflow/example_dags/example_latest_only.py
[2023-07-27T01:55:23.508+0000] {logging_mixin.py:150} INFO - [2023-07-27T01:55:23.507+0000] {dag.py:2742} INFO - Sync 1 DAGs
[2023-07-27T01:55:23.536+0000] {logging_mixin.py:150} INFO - [2023-07-27T01:55:23.536+0000] {dag.py:3508} INFO - Setting next_dagrun for latest_only to 2023-07-26T21:55:23.536166+00:00, run_after=2023-07-27T01:55:23.536166+00:00
[2023-07-27T01:55:23.558+0000] {processor.py:179} INFO - Processing /home/airflow/.local/lib/python3.7/site-packages/airflow/example_dags/example_latest_only.py took 0.089 seconds
[2023-07-27T01:55:53.727+0000] {processor.py:157} INFO - Started process (PID=4337) to work on /home/airflow/.local/lib/python3.7/site-packages/airflow/example_dags/example_latest_only.py
[2023-07-27T01:55:53.728+0000] {processor.py:826} INFO - Processing file /home/airflow/.local/lib/python3.7/site-packages/airflow/example_dags/example_latest_only.py for tasks to queue
[2023-07-27T01:55:53.729+0000] {logging_mixin.py:150} INFO - [2023-07-27T01:55:53.729+0000] {dagbag.py:541} INFO - Filling up the DagBag from /home/airflow/.local/lib/python3.7/site-packages/airflow/example_dags/example_latest_only.py
[2023-07-27T01:55:53.736+0000] {processor.py:836} INFO - DAG(s) dict_keys(['latest_only']) retrieved from /home/airflow/.local/lib/python3.7/site-packages/airflow/example_dags/example_latest_only.py
[2023-07-27T01:55:53.761+0000] {logging_mixin.py:150} INFO - [2023-07-27T01:55:53.761+0000] {dag.py:2742} INFO - Sync 1 DAGs
[2023-07-27T01:55:53.790+0000] {logging_mixin.py:150} INFO - [2023-07-27T01:55:53.790+0000] {dag.py:3508} INFO - Setting next_dagrun for latest_only to 2023-07-26T21:55:53.789798+00:00, run_after=2023-07-27T01:55:53.789798+00:00
[2023-07-27T01:55:53.813+0000] {processor.py:179} INFO - Processing /home/airflow/.local/lib/python3.7/site-packages/airflow/example_dags/example_latest_only.py took 0.090 seconds
[2023-07-27T01:56:24.318+0000] {processor.py:157} INFO - Started process (PID=4398) to work on /home/airflow/.local/lib/python3.7/site-packages/airflow/example_dags/example_latest_only.py
[2023-07-27T01:56:24.319+0000] {processor.py:826} INFO - Processing file /home/airflow/.local/lib/python3.7/site-packages/airflow/example_dags/example_latest_only.py for tasks to queue
[2023-07-27T01:56:24.321+0000] {logging_mixin.py:150} INFO - [2023-07-27T01:56:24.321+0000] {dagbag.py:541} INFO - Filling up the DagBag from /home/airflow/.local/lib/python3.7/site-packages/airflow/example_dags/example_latest_only.py
[2023-07-27T01:56:24.327+0000] {processor.py:836} INFO - DAG(s) dict_keys(['latest_only']) retrieved from /home/airflow/.local/lib/python3.7/site-packages/airflow/example_dags/example_latest_only.py
[2023-07-27T01:56:24.353+0000] {logging_mixin.py:150} INFO - [2023-07-27T01:56:24.352+0000] {dag.py:2742} INFO - Sync 1 DAGs
[2023-07-27T01:56:24.383+0000] {logging_mixin.py:150} INFO - [2023-07-27T01:56:24.383+0000] {dag.py:3508} INFO - Setting next_dagrun for latest_only to 2023-07-26T21:56:24.383041+00:00, run_after=2023-07-27T01:56:24.383041+00:00
[2023-07-27T01:56:24.406+0000] {processor.py:179} INFO - Processing /home/airflow/.local/lib/python3.7/site-packages/airflow/example_dags/example_latest_only.py took 0.092 seconds
[2023-07-27T01:56:54.857+0000] {processor.py:157} INFO - Started process (PID=4459) to work on /home/airflow/.local/lib/python3.7/site-packages/airflow/example_dags/example_latest_only.py
[2023-07-27T01:56:54.858+0000] {processor.py:826} INFO - Processing file /home/airflow/.local/lib/python3.7/site-packages/airflow/example_dags/example_latest_only.py for tasks to queue
[2023-07-27T01:56:54.859+0000] {logging_mixin.py:150} INFO - [2023-07-27T01:56:54.859+0000] {dagbag.py:541} INFO - Filling up the DagBag from /home/airflow/.local/lib/python3.7/site-packages/airflow/example_dags/example_latest_only.py
[2023-07-27T01:56:54.866+0000] {processor.py:836} INFO - DAG(s) dict_keys(['latest_only']) retrieved from /home/airflow/.local/lib/python3.7/site-packages/airflow/example_dags/example_latest_only.py
[2023-07-27T01:56:54.892+0000] {logging_mixin.py:150} INFO - [2023-07-27T01:56:54.892+0000] {dag.py:2742} INFO - Sync 1 DAGs
[2023-07-27T01:56:54.920+0000] {logging_mixin.py:150} INFO - [2023-07-27T01:56:54.920+0000] {dag.py:3508} INFO - Setting next_dagrun for latest_only to 2023-07-26T21:56:54.919848+00:00, run_after=2023-07-27T01:56:54.919848+00:00
[2023-07-27T01:56:54.953+0000] {processor.py:179} INFO - Processing /home/airflow/.local/lib/python3.7/site-packages/airflow/example_dags/example_latest_only.py took 0.100 seconds
[2023-07-27T01:57:25.091+0000] {processor.py:157} INFO - Started process (PID=4520) to work on /home/airflow/.local/lib/python3.7/site-packages/airflow/example_dags/example_latest_only.py
[2023-07-27T01:57:25.092+0000] {processor.py:826} INFO - Processing file /home/airflow/.local/lib/python3.7/site-packages/airflow/example_dags/example_latest_only.py for tasks to queue
[2023-07-27T01:57:25.093+0000] {logging_mixin.py:150} INFO - [2023-07-27T01:57:25.093+0000] {dagbag.py:541} INFO - Filling up the DagBag from /home/airflow/.local/lib/python3.7/site-packages/airflow/example_dags/example_latest_only.py
[2023-07-27T01:57:25.100+0000] {processor.py:836} INFO - DAG(s) dict_keys(['latest_only']) retrieved from /home/airflow/.local/lib/python3.7/site-packages/airflow/example_dags/example_latest_only.py
[2023-07-27T01:57:25.124+0000] {logging_mixin.py:150} INFO - [2023-07-27T01:57:25.124+0000] {dag.py:2742} INFO - Sync 1 DAGs
[2023-07-27T01:57:25.152+0000] {logging_mixin.py:150} INFO - [2023-07-27T01:57:25.152+0000] {dag.py:3508} INFO - Setting next_dagrun for latest_only to 2023-07-26T21:57:25.151902+00:00, run_after=2023-07-27T01:57:25.151902+00:00
[2023-07-27T01:57:25.174+0000] {processor.py:179} INFO - Processing /home/airflow/.local/lib/python3.7/site-packages/airflow/example_dags/example_latest_only.py took 0.087 seconds
[2023-07-27T01:57:55.351+0000] {processor.py:157} INFO - Started process (PID=4580) to work on /home/airflow/.local/lib/python3.7/site-packages/airflow/example_dags/example_latest_only.py
[2023-07-27T01:57:55.352+0000] {processor.py:826} INFO - Processing file /home/airflow/.local/lib/python3.7/site-packages/airflow/example_dags/example_latest_only.py for tasks to queue
[2023-07-27T01:57:55.353+0000] {logging_mixin.py:150} INFO - [2023-07-27T01:57:55.353+0000] {dagbag.py:541} INFO - Filling up the DagBag from /home/airflow/.local/lib/python3.7/site-packages/airflow/example_dags/example_latest_only.py
[2023-07-27T01:57:55.360+0000] {processor.py:836} INFO - DAG(s) dict_keys(['latest_only']) retrieved from /home/airflow/.local/lib/python3.7/site-packages/airflow/example_dags/example_latest_only.py
[2023-07-27T01:57:55.387+0000] {logging_mixin.py:150} INFO - [2023-07-27T01:57:55.387+0000] {dag.py:2742} INFO - Sync 1 DAGs
[2023-07-27T01:57:55.415+0000] {logging_mixin.py:150} INFO - [2023-07-27T01:57:55.415+0000] {dag.py:3508} INFO - Setting next_dagrun for latest_only to 2023-07-26T21:57:55.415037+00:00, run_after=2023-07-27T01:57:55.415037+00:00
[2023-07-27T01:57:55.437+0000] {processor.py:179} INFO - Processing /home/airflow/.local/lib/python3.7/site-packages/airflow/example_dags/example_latest_only.py took 0.090 seconds
[2023-07-27T01:58:25.723+0000] {processor.py:157} INFO - Started process (PID=4640) to work on /home/airflow/.local/lib/python3.7/site-packages/airflow/example_dags/example_latest_only.py
[2023-07-27T01:58:25.724+0000] {processor.py:826} INFO - Processing file /home/airflow/.local/lib/python3.7/site-packages/airflow/example_dags/example_latest_only.py for tasks to queue
[2023-07-27T01:58:25.725+0000] {logging_mixin.py:150} INFO - [2023-07-27T01:58:25.725+0000] {dagbag.py:541} INFO - Filling up the DagBag from /home/airflow/.local/lib/python3.7/site-packages/airflow/example_dags/example_latest_only.py
[2023-07-27T01:58:25.732+0000] {processor.py:836} INFO - DAG(s) dict_keys(['latest_only']) retrieved from /home/airflow/.local/lib/python3.7/site-packages/airflow/example_dags/example_latest_only.py
[2023-07-27T01:58:25.757+0000] {logging_mixin.py:150} INFO - [2023-07-27T01:58:25.756+0000] {dag.py:2742} INFO - Sync 1 DAGs
[2023-07-27T01:58:25.784+0000] {logging_mixin.py:150} INFO - [2023-07-27T01:58:25.784+0000] {dag.py:3508} INFO - Setting next_dagrun for latest_only to 2023-07-26T21:58:25.784317+00:00, run_after=2023-07-27T01:58:25.784317+00:00
[2023-07-27T01:58:25.811+0000] {processor.py:179} INFO - Processing /home/airflow/.local/lib/python3.7/site-packages/airflow/example_dags/example_latest_only.py took 0.091 seconds
[2023-07-27T01:58:55.941+0000] {processor.py:157} INFO - Started process (PID=4700) to work on /home/airflow/.local/lib/python3.7/site-packages/airflow/example_dags/example_latest_only.py
[2023-07-27T01:58:55.942+0000] {processor.py:826} INFO - Processing file /home/airflow/.local/lib/python3.7/site-packages/airflow/example_dags/example_latest_only.py for tasks to queue
[2023-07-27T01:58:55.943+0000] {logging_mixin.py:150} INFO - [2023-07-27T01:58:55.943+0000] {dagbag.py:541} INFO - Filling up the DagBag from /home/airflow/.local/lib/python3.7/site-packages/airflow/example_dags/example_latest_only.py
[2023-07-27T01:58:55.949+0000] {processor.py:836} INFO - DAG(s) dict_keys(['latest_only']) retrieved from /home/airflow/.local/lib/python3.7/site-packages/airflow/example_dags/example_latest_only.py
[2023-07-27T01:58:55.975+0000] {logging_mixin.py:150} INFO - [2023-07-27T01:58:55.975+0000] {dag.py:2742} INFO - Sync 1 DAGs
[2023-07-27T01:58:56.003+0000] {logging_mixin.py:150} INFO - [2023-07-27T01:58:56.003+0000] {dag.py:3508} INFO - Setting next_dagrun for latest_only to 2023-07-26T21:58:56.003225+00:00, run_after=2023-07-27T01:58:56.003225+00:00
[2023-07-27T01:58:56.026+0000] {processor.py:179} INFO - Processing /home/airflow/.local/lib/python3.7/site-packages/airflow/example_dags/example_latest_only.py took 0.088 seconds
[2023-07-27T01:59:26.154+0000] {processor.py:157} INFO - Started process (PID=4759) to work on /home/airflow/.local/lib/python3.7/site-packages/airflow/example_dags/example_latest_only.py
[2023-07-27T01:59:26.155+0000] {processor.py:826} INFO - Processing file /home/airflow/.local/lib/python3.7/site-packages/airflow/example_dags/example_latest_only.py for tasks to queue
[2023-07-27T01:59:26.156+0000] {logging_mixin.py:150} INFO - [2023-07-27T01:59:26.156+0000] {dagbag.py:541} INFO - Filling up the DagBag from /home/airflow/.local/lib/python3.7/site-packages/airflow/example_dags/example_latest_only.py
[2023-07-27T01:59:26.162+0000] {processor.py:836} INFO - DAG(s) dict_keys(['latest_only']) retrieved from /home/airflow/.local/lib/python3.7/site-packages/airflow/example_dags/example_latest_only.py
[2023-07-27T01:59:26.187+0000] {logging_mixin.py:150} INFO - [2023-07-27T01:59:26.187+0000] {dag.py:2742} INFO - Sync 1 DAGs
[2023-07-27T01:59:26.215+0000] {logging_mixin.py:150} INFO - [2023-07-27T01:59:26.215+0000] {dag.py:3508} INFO - Setting next_dagrun for latest_only to 2023-07-26T21:59:26.215533+00:00, run_after=2023-07-27T01:59:26.215533+00:00
[2023-07-27T01:59:26.238+0000] {processor.py:179} INFO - Processing /home/airflow/.local/lib/python3.7/site-packages/airflow/example_dags/example_latest_only.py took 0.088 seconds
[2023-07-27T01:59:56.644+0000] {processor.py:157} INFO - Started process (PID=4819) to work on /home/airflow/.local/lib/python3.7/site-packages/airflow/example_dags/example_latest_only.py
[2023-07-27T01:59:56.645+0000] {processor.py:826} INFO - Processing file /home/airflow/.local/lib/python3.7/site-packages/airflow/example_dags/example_latest_only.py for tasks to queue
[2023-07-27T01:59:56.646+0000] {logging_mixin.py:150} INFO - [2023-07-27T01:59:56.646+0000] {dagbag.py:541} INFO - Filling up the DagBag from /home/airflow/.local/lib/python3.7/site-packages/airflow/example_dags/example_latest_only.py
[2023-07-27T01:59:56.653+0000] {processor.py:836} INFO - DAG(s) dict_keys(['latest_only']) retrieved from /home/airflow/.local/lib/python3.7/site-packages/airflow/example_dags/example_latest_only.py
[2023-07-27T01:59:56.678+0000] {logging_mixin.py:150} INFO - [2023-07-27T01:59:56.678+0000] {dag.py:2742} INFO - Sync 1 DAGs
[2023-07-27T01:59:56.705+0000] {logging_mixin.py:150} INFO - [2023-07-27T01:59:56.705+0000] {dag.py:3508} INFO - Setting next_dagrun for latest_only to 2023-07-26T21:59:56.705154+00:00, run_after=2023-07-27T01:59:56.705154+00:00
[2023-07-27T01:59:56.740+0000] {processor.py:179} INFO - Processing /home/airflow/.local/lib/python3.7/site-packages/airflow/example_dags/example_latest_only.py took 0.099 seconds
[2023-07-27T02:00:26.884+0000] {processor.py:157} INFO - Started process (PID=4879) to work on /home/airflow/.local/lib/python3.7/site-packages/airflow/example_dags/example_latest_only.py
[2023-07-27T02:00:26.885+0000] {processor.py:826} INFO - Processing file /home/airflow/.local/lib/python3.7/site-packages/airflow/example_dags/example_latest_only.py for tasks to queue
[2023-07-27T02:00:26.886+0000] {logging_mixin.py:150} INFO - [2023-07-27T02:00:26.885+0000] {dagbag.py:541} INFO - Filling up the DagBag from /home/airflow/.local/lib/python3.7/site-packages/airflow/example_dags/example_latest_only.py
[2023-07-27T02:00:26.892+0000] {processor.py:836} INFO - DAG(s) dict_keys(['latest_only']) retrieved from /home/airflow/.local/lib/python3.7/site-packages/airflow/example_dags/example_latest_only.py
[2023-07-27T02:00:26.917+0000] {logging_mixin.py:150} INFO - [2023-07-27T02:00:26.917+0000] {dag.py:2742} INFO - Sync 1 DAGs
[2023-07-27T02:00:26.945+0000] {logging_mixin.py:150} INFO - [2023-07-27T02:00:26.945+0000] {dag.py:3508} INFO - Setting next_dagrun for latest_only to 2023-07-26T22:00:26.944912+00:00, run_after=2023-07-27T02:00:26.944912+00:00
[2023-07-27T02:00:26.985+0000] {processor.py:179} INFO - Processing /home/airflow/.local/lib/python3.7/site-packages/airflow/example_dags/example_latest_only.py took 0.105 seconds
[2023-07-27T02:00:57.054+0000] {processor.py:157} INFO - Started process (PID=4939) to work on /home/airflow/.local/lib/python3.7/site-packages/airflow/example_dags/example_latest_only.py
[2023-07-27T02:00:57.055+0000] {processor.py:826} INFO - Processing file /home/airflow/.local/lib/python3.7/site-packages/airflow/example_dags/example_latest_only.py for tasks to queue
[2023-07-27T02:00:57.056+0000] {logging_mixin.py:150} INFO - [2023-07-27T02:00:57.056+0000] {dagbag.py:541} INFO - Filling up the DagBag from /home/airflow/.local/lib/python3.7/site-packages/airflow/example_dags/example_latest_only.py
[2023-07-27T02:00:57.063+0000] {processor.py:836} INFO - DAG(s) dict_keys(['latest_only']) retrieved from /home/airflow/.local/lib/python3.7/site-packages/airflow/example_dags/example_latest_only.py
[2023-07-27T02:00:57.088+0000] {logging_mixin.py:150} INFO - [2023-07-27T02:00:57.088+0000] {dag.py:2742} INFO - Sync 1 DAGs
[2023-07-27T02:00:57.116+0000] {logging_mixin.py:150} INFO - [2023-07-27T02:00:57.116+0000] {dag.py:3508} INFO - Setting next_dagrun for latest_only to 2023-07-26T22:00:57.115946+00:00, run_after=2023-07-27T02:00:57.115946+00:00
[2023-07-27T02:00:57.141+0000] {processor.py:179} INFO - Processing /home/airflow/.local/lib/python3.7/site-packages/airflow/example_dags/example_latest_only.py took 0.091 seconds
[2023-07-27T02:01:27.292+0000] {processor.py:157} INFO - Started process (PID=4999) to work on /home/airflow/.local/lib/python3.7/site-packages/airflow/example_dags/example_latest_only.py
[2023-07-27T02:01:27.293+0000] {processor.py:826} INFO - Processing file /home/airflow/.local/lib/python3.7/site-packages/airflow/example_dags/example_latest_only.py for tasks to queue
[2023-07-27T02:01:27.294+0000] {logging_mixin.py:150} INFO - [2023-07-27T02:01:27.294+0000] {dagbag.py:541} INFO - Filling up the DagBag from /home/airflow/.local/lib/python3.7/site-packages/airflow/example_dags/example_latest_only.py
[2023-07-27T02:01:27.300+0000] {processor.py:836} INFO - DAG(s) dict_keys(['latest_only']) retrieved from /home/airflow/.local/lib/python3.7/site-packages/airflow/example_dags/example_latest_only.py
[2023-07-27T02:01:27.324+0000] {logging_mixin.py:150} INFO - [2023-07-27T02:01:27.324+0000] {dag.py:2742} INFO - Sync 1 DAGs
[2023-07-27T02:01:27.351+0000] {logging_mixin.py:150} INFO - [2023-07-27T02:01:27.351+0000] {dag.py:3508} INFO - Setting next_dagrun for latest_only to 2023-07-26T22:01:27.350983+00:00, run_after=2023-07-27T02:01:27.350983+00:00
[2023-07-27T02:01:27.374+0000] {processor.py:179} INFO - Processing /home/airflow/.local/lib/python3.7/site-packages/airflow/example_dags/example_latest_only.py took 0.085 seconds
[2023-07-27T02:01:57.703+0000] {processor.py:157} INFO - Started process (PID=5059) to work on /home/airflow/.local/lib/python3.7/site-packages/airflow/example_dags/example_latest_only.py
[2023-07-27T02:01:57.704+0000] {processor.py:826} INFO - Processing file /home/airflow/.local/lib/python3.7/site-packages/airflow/example_dags/example_latest_only.py for tasks to queue
[2023-07-27T02:01:57.705+0000] {logging_mixin.py:150} INFO - [2023-07-27T02:01:57.705+0000] {dagbag.py:541} INFO - Filling up the DagBag from /home/airflow/.local/lib/python3.7/site-packages/airflow/example_dags/example_latest_only.py
[2023-07-27T02:01:57.711+0000] {processor.py:836} INFO - DAG(s) dict_keys(['latest_only']) retrieved from /home/airflow/.local/lib/python3.7/site-packages/airflow/example_dags/example_latest_only.py
[2023-07-27T02:01:57.736+0000] {logging_mixin.py:150} INFO - [2023-07-27T02:01:57.736+0000] {dag.py:2742} INFO - Sync 1 DAGs
[2023-07-27T02:01:57.764+0000] {logging_mixin.py:150} INFO - [2023-07-27T02:01:57.764+0000] {dag.py:3508} INFO - Setting next_dagrun for latest_only to 2023-07-26T22:01:57.764352+00:00, run_after=2023-07-27T02:01:57.764352+00:00
[2023-07-27T02:01:57.797+0000] {processor.py:179} INFO - Processing /home/airflow/.local/lib/python3.7/site-packages/airflow/example_dags/example_latest_only.py took 0.098 seconds
[2023-07-27T02:02:28.775+0000] {processor.py:157} INFO - Started process (PID=5120) to work on /home/airflow/.local/lib/python3.7/site-packages/airflow/example_dags/example_latest_only.py
[2023-07-27T02:02:28.776+0000] {processor.py:826} INFO - Processing file /home/airflow/.local/lib/python3.7/site-packages/airflow/example_dags/example_latest_only.py for tasks to queue
[2023-07-27T02:02:28.777+0000] {logging_mixin.py:150} INFO - [2023-07-27T02:02:28.777+0000] {dagbag.py:541} INFO - Filling up the DagBag from /home/airflow/.local/lib/python3.7/site-packages/airflow/example_dags/example_latest_only.py
[2023-07-27T02:02:28.784+0000] {processor.py:836} INFO - DAG(s) dict_keys(['latest_only']) retrieved from /home/airflow/.local/lib/python3.7/site-packages/airflow/example_dags/example_latest_only.py
[2023-07-27T02:02:28.809+0000] {logging_mixin.py:150} INFO - [2023-07-27T02:02:28.809+0000] {dag.py:2742} INFO - Sync 1 DAGs
[2023-07-27T02:02:28.837+0000] {logging_mixin.py:150} INFO - [2023-07-27T02:02:28.837+0000] {dag.py:3508} INFO - Setting next_dagrun for latest_only to 2023-07-26T22:02:28.836818+00:00, run_after=2023-07-27T02:02:28.836818+00:00
[2023-07-27T02:02:28.861+0000] {processor.py:179} INFO - Processing /home/airflow/.local/lib/python3.7/site-packages/airflow/example_dags/example_latest_only.py took 0.090 seconds
[2023-07-27T02:02:59.059+0000] {processor.py:157} INFO - Started process (PID=5180) to work on /home/airflow/.local/lib/python3.7/site-packages/airflow/example_dags/example_latest_only.py
[2023-07-27T02:02:59.060+0000] {processor.py:826} INFO - Processing file /home/airflow/.local/lib/python3.7/site-packages/airflow/example_dags/example_latest_only.py for tasks to queue
[2023-07-27T02:02:59.061+0000] {logging_mixin.py:150} INFO - [2023-07-27T02:02:59.061+0000] {dagbag.py:541} INFO - Filling up the DagBag from /home/airflow/.local/lib/python3.7/site-packages/airflow/example_dags/example_latest_only.py
[2023-07-27T02:02:59.068+0000] {processor.py:836} INFO - DAG(s) dict_keys(['latest_only']) retrieved from /home/airflow/.local/lib/python3.7/site-packages/airflow/example_dags/example_latest_only.py
[2023-07-27T02:02:59.093+0000] {logging_mixin.py:150} INFO - [2023-07-27T02:02:59.092+0000] {dag.py:2742} INFO - Sync 1 DAGs
[2023-07-27T02:02:59.121+0000] {logging_mixin.py:150} INFO - [2023-07-27T02:02:59.120+0000] {dag.py:3508} INFO - Setting next_dagrun for latest_only to 2023-07-26T22:02:59.120707+00:00, run_after=2023-07-27T02:02:59.120707+00:00
[2023-07-27T02:02:59.168+0000] {processor.py:179} INFO - Processing /home/airflow/.local/lib/python3.7/site-packages/airflow/example_dags/example_latest_only.py took 0.113 seconds
[2023-07-27T02:03:29.298+0000] {processor.py:157} INFO - Started process (PID=5240) to work on /home/airflow/.local/lib/python3.7/site-packages/airflow/example_dags/example_latest_only.py
[2023-07-27T02:03:29.300+0000] {processor.py:826} INFO - Processing file /home/airflow/.local/lib/python3.7/site-packages/airflow/example_dags/example_latest_only.py for tasks to queue
[2023-07-27T02:03:29.301+0000] {logging_mixin.py:150} INFO - [2023-07-27T02:03:29.300+0000] {dagbag.py:541} INFO - Filling up the DagBag from /home/airflow/.local/lib/python3.7/site-packages/airflow/example_dags/example_latest_only.py
[2023-07-27T02:03:29.307+0000] {processor.py:836} INFO - DAG(s) dict_keys(['latest_only']) retrieved from /home/airflow/.local/lib/python3.7/site-packages/airflow/example_dags/example_latest_only.py
[2023-07-27T02:03:29.332+0000] {logging_mixin.py:150} INFO - [2023-07-27T02:03:29.332+0000] {dag.py:2742} INFO - Sync 1 DAGs
[2023-07-27T02:03:29.361+0000] {logging_mixin.py:150} INFO - [2023-07-27T02:03:29.361+0000] {dag.py:3508} INFO - Setting next_dagrun for latest_only to 2023-07-26T22:03:29.361022+00:00, run_after=2023-07-27T02:03:29.361022+00:00
[2023-07-27T02:03:29.385+0000] {processor.py:179} INFO - Processing /home/airflow/.local/lib/python3.7/site-packages/airflow/example_dags/example_latest_only.py took 0.090 seconds
[2023-07-27T02:03:59.749+0000] {processor.py:157} INFO - Started process (PID=5300) to work on /home/airflow/.local/lib/python3.7/site-packages/airflow/example_dags/example_latest_only.py
[2023-07-27T02:03:59.751+0000] {processor.py:826} INFO - Processing file /home/airflow/.local/lib/python3.7/site-packages/airflow/example_dags/example_latest_only.py for tasks to queue
[2023-07-27T02:03:59.752+0000] {logging_mixin.py:150} INFO - [2023-07-27T02:03:59.752+0000] {dagbag.py:541} INFO - Filling up the DagBag from /home/airflow/.local/lib/python3.7/site-packages/airflow/example_dags/example_latest_only.py
[2023-07-27T02:03:59.758+0000] {processor.py:836} INFO - DAG(s) dict_keys(['latest_only']) retrieved from /home/airflow/.local/lib/python3.7/site-packages/airflow/example_dags/example_latest_only.py
[2023-07-27T02:03:59.786+0000] {logging_mixin.py:150} INFO - [2023-07-27T02:03:59.785+0000] {dag.py:2742} INFO - Sync 1 DAGs
[2023-07-27T02:03:59.819+0000] {logging_mixin.py:150} INFO - [2023-07-27T02:03:59.819+0000] {dag.py:3508} INFO - Setting next_dagrun for latest_only to 2023-07-26T22:03:59.819284+00:00, run_after=2023-07-27T02:03:59.819284+00:00
[2023-07-27T02:03:59.849+0000] {processor.py:179} INFO - Processing /home/airflow/.local/lib/python3.7/site-packages/airflow/example_dags/example_latest_only.py took 0.103 seconds
[2023-07-27T02:04:29.920+0000] {processor.py:157} INFO - Started process (PID=5360) to work on /home/airflow/.local/lib/python3.7/site-packages/airflow/example_dags/example_latest_only.py
[2023-07-27T02:04:29.921+0000] {processor.py:826} INFO - Processing file /home/airflow/.local/lib/python3.7/site-packages/airflow/example_dags/example_latest_only.py for tasks to queue
[2023-07-27T02:04:29.922+0000] {logging_mixin.py:150} INFO - [2023-07-27T02:04:29.922+0000] {dagbag.py:541} INFO - Filling up the DagBag from /home/airflow/.local/lib/python3.7/site-packages/airflow/example_dags/example_latest_only.py
[2023-07-27T02:04:29.928+0000] {processor.py:836} INFO - DAG(s) dict_keys(['latest_only']) retrieved from /home/airflow/.local/lib/python3.7/site-packages/airflow/example_dags/example_latest_only.py
[2023-07-27T02:04:29.953+0000] {logging_mixin.py:150} INFO - [2023-07-27T02:04:29.952+0000] {dag.py:2742} INFO - Sync 1 DAGs
[2023-07-27T02:04:29.983+0000] {logging_mixin.py:150} INFO - [2023-07-27T02:04:29.983+0000] {dag.py:3508} INFO - Setting next_dagrun for latest_only to 2023-07-26T22:04:29.982710+00:00, run_after=2023-07-27T02:04:29.982710+00:00
[2023-07-27T02:04:30.005+0000] {processor.py:179} INFO - Processing /home/airflow/.local/lib/python3.7/site-packages/airflow/example_dags/example_latest_only.py took 0.089 seconds
[2023-07-27T02:05:00.410+0000] {processor.py:157} INFO - Started process (PID=5420) to work on /home/airflow/.local/lib/python3.7/site-packages/airflow/example_dags/example_latest_only.py
[2023-07-27T02:05:00.411+0000] {processor.py:826} INFO - Processing file /home/airflow/.local/lib/python3.7/site-packages/airflow/example_dags/example_latest_only.py for tasks to queue
[2023-07-27T02:05:00.412+0000] {logging_mixin.py:150} INFO - [2023-07-27T02:05:00.412+0000] {dagbag.py:541} INFO - Filling up the DagBag from /home/airflow/.local/lib/python3.7/site-packages/airflow/example_dags/example_latest_only.py
[2023-07-27T02:05:00.419+0000] {processor.py:836} INFO - DAG(s) dict_keys(['latest_only']) retrieved from /home/airflow/.local/lib/python3.7/site-packages/airflow/example_dags/example_latest_only.py
[2023-07-27T02:05:00.443+0000] {logging_mixin.py:150} INFO - [2023-07-27T02:05:00.443+0000] {dag.py:2742} INFO - Sync 1 DAGs
[2023-07-27T02:05:00.472+0000] {logging_mixin.py:150} INFO - [2023-07-27T02:05:00.471+0000] {dag.py:3508} INFO - Setting next_dagrun for latest_only to 2023-07-26T22:05:00.471658+00:00, run_after=2023-07-27T02:05:00.471658+00:00
[2023-07-27T02:05:00.504+0000] {processor.py:179} INFO - Processing /home/airflow/.local/lib/python3.7/site-packages/airflow/example_dags/example_latest_only.py took 0.098 seconds
[2023-07-27T02:05:30.870+0000] {processor.py:157} INFO - Started process (PID=5481) to work on /home/airflow/.local/lib/python3.7/site-packages/airflow/example_dags/example_latest_only.py
[2023-07-27T02:05:30.872+0000] {processor.py:826} INFO - Processing file /home/airflow/.local/lib/python3.7/site-packages/airflow/example_dags/example_latest_only.py for tasks to queue
[2023-07-27T02:05:30.873+0000] {logging_mixin.py:150} INFO - [2023-07-27T02:05:30.873+0000] {dagbag.py:541} INFO - Filling up the DagBag from /home/airflow/.local/lib/python3.7/site-packages/airflow/example_dags/example_latest_only.py
[2023-07-27T02:05:30.879+0000] {processor.py:836} INFO - DAG(s) dict_keys(['latest_only']) retrieved from /home/airflow/.local/lib/python3.7/site-packages/airflow/example_dags/example_latest_only.py
[2023-07-27T02:05:30.905+0000] {logging_mixin.py:150} INFO - [2023-07-27T02:05:30.905+0000] {dag.py:2742} INFO - Sync 1 DAGs
[2023-07-27T02:05:30.934+0000] {logging_mixin.py:150} INFO - [2023-07-27T02:05:30.934+0000] {dag.py:3508} INFO - Setting next_dagrun for latest_only to 2023-07-26T22:05:30.934085+00:00, run_after=2023-07-27T02:05:30.934085+00:00
[2023-07-27T02:05:30.957+0000] {processor.py:179} INFO - Processing /home/airflow/.local/lib/python3.7/site-packages/airflow/example_dags/example_latest_only.py took 0.091 seconds
[2023-07-27T02:06:01.464+0000] {processor.py:157} INFO - Started process (PID=5540) to work on /home/airflow/.local/lib/python3.7/site-packages/airflow/example_dags/example_latest_only.py
[2023-07-27T02:06:01.465+0000] {processor.py:826} INFO - Processing file /home/airflow/.local/lib/python3.7/site-packages/airflow/example_dags/example_latest_only.py for tasks to queue
[2023-07-27T02:06:01.467+0000] {logging_mixin.py:150} INFO - [2023-07-27T02:06:01.466+0000] {dagbag.py:541} INFO - Filling up the DagBag from /home/airflow/.local/lib/python3.7/site-packages/airflow/example_dags/example_latest_only.py
[2023-07-27T02:06:01.473+0000] {processor.py:836} INFO - DAG(s) dict_keys(['latest_only']) retrieved from /home/airflow/.local/lib/python3.7/site-packages/airflow/example_dags/example_latest_only.py
[2023-07-27T02:06:01.498+0000] {logging_mixin.py:150} INFO - [2023-07-27T02:06:01.498+0000] {dag.py:2742} INFO - Sync 1 DAGs
[2023-07-27T02:06:01.525+0000] {logging_mixin.py:150} INFO - [2023-07-27T02:06:01.525+0000] {dag.py:3508} INFO - Setting next_dagrun for latest_only to 2023-07-26T22:06:01.525227+00:00, run_after=2023-07-27T02:06:01.525227+00:00
[2023-07-27T02:06:01.560+0000] {processor.py:179} INFO - Processing /home/airflow/.local/lib/python3.7/site-packages/airflow/example_dags/example_latest_only.py took 0.099 seconds
[2023-07-27T02:06:32.014+0000] {processor.py:157} INFO - Started process (PID=5600) to work on /home/airflow/.local/lib/python3.7/site-packages/airflow/example_dags/example_latest_only.py
[2023-07-27T02:06:32.015+0000] {processor.py:826} INFO - Processing file /home/airflow/.local/lib/python3.7/site-packages/airflow/example_dags/example_latest_only.py for tasks to queue
[2023-07-27T02:06:32.017+0000] {logging_mixin.py:150} INFO - [2023-07-27T02:06:32.016+0000] {dagbag.py:541} INFO - Filling up the DagBag from /home/airflow/.local/lib/python3.7/site-packages/airflow/example_dags/example_latest_only.py
[2023-07-27T02:06:32.023+0000] {processor.py:836} INFO - DAG(s) dict_keys(['latest_only']) retrieved from /home/airflow/.local/lib/python3.7/site-packages/airflow/example_dags/example_latest_only.py
[2023-07-27T02:06:32.050+0000] {logging_mixin.py:150} INFO - [2023-07-27T02:06:32.050+0000] {dag.py:2742} INFO - Sync 1 DAGs
[2023-07-27T02:06:32.080+0000] {logging_mixin.py:150} INFO - [2023-07-27T02:06:32.079+0000] {dag.py:3508} INFO - Setting next_dagrun for latest_only to 2023-07-26T22:06:32.079524+00:00, run_after=2023-07-27T02:06:32.079524+00:00
[2023-07-27T02:06:32.106+0000] {processor.py:179} INFO - Processing /home/airflow/.local/lib/python3.7/site-packages/airflow/example_dags/example_latest_only.py took 0.095 seconds
[2023-07-27T02:07:02.809+0000] {processor.py:157} INFO - Started process (PID=5660) to work on /home/airflow/.local/lib/python3.7/site-packages/airflow/example_dags/example_latest_only.py
[2023-07-27T02:07:02.811+0000] {processor.py:826} INFO - Processing file /home/airflow/.local/lib/python3.7/site-packages/airflow/example_dags/example_latest_only.py for tasks to queue
[2023-07-27T02:07:02.812+0000] {logging_mixin.py:150} INFO - [2023-07-27T02:07:02.812+0000] {dagbag.py:541} INFO - Filling up the DagBag from /home/airflow/.local/lib/python3.7/site-packages/airflow/example_dags/example_latest_only.py
[2023-07-27T02:07:02.822+0000] {processor.py:836} INFO - DAG(s) dict_keys(['latest_only']) retrieved from /home/airflow/.local/lib/python3.7/site-packages/airflow/example_dags/example_latest_only.py
[2023-07-27T02:07:02.852+0000] {logging_mixin.py:150} INFO - [2023-07-27T02:07:02.851+0000] {dag.py:2742} INFO - Sync 1 DAGs
[2023-07-27T02:07:02.883+0000] {logging_mixin.py:150} INFO - [2023-07-27T02:07:02.883+0000] {dag.py:3508} INFO - Setting next_dagrun for latest_only to 2023-07-26T22:07:02.883029+00:00, run_after=2023-07-27T02:07:02.883029+00:00
[2023-07-27T02:07:03.022+0000] {processor.py:179} INFO - Processing /home/airflow/.local/lib/python3.7/site-packages/airflow/example_dags/example_latest_only.py took 0.216 seconds
[2023-07-27T02:07:33.267+0000] {processor.py:157} INFO - Started process (PID=5720) to work on /home/airflow/.local/lib/python3.7/site-packages/airflow/example_dags/example_latest_only.py
[2023-07-27T02:07:33.269+0000] {processor.py:826} INFO - Processing file /home/airflow/.local/lib/python3.7/site-packages/airflow/example_dags/example_latest_only.py for tasks to queue
[2023-07-27T02:07:33.270+0000] {logging_mixin.py:150} INFO - [2023-07-27T02:07:33.270+0000] {dagbag.py:541} INFO - Filling up the DagBag from /home/airflow/.local/lib/python3.7/site-packages/airflow/example_dags/example_latest_only.py
[2023-07-27T02:07:33.276+0000] {processor.py:836} INFO - DAG(s) dict_keys(['latest_only']) retrieved from /home/airflow/.local/lib/python3.7/site-packages/airflow/example_dags/example_latest_only.py
[2023-07-27T02:07:33.303+0000] {logging_mixin.py:150} INFO - [2023-07-27T02:07:33.303+0000] {dag.py:2742} INFO - Sync 1 DAGs
[2023-07-27T02:07:33.331+0000] {logging_mixin.py:150} INFO - [2023-07-27T02:07:33.331+0000] {dag.py:3508} INFO - Setting next_dagrun for latest_only to 2023-07-26T22:07:33.331566+00:00, run_after=2023-07-27T02:07:33.331566+00:00
[2023-07-27T02:07:33.357+0000] {processor.py:179} INFO - Processing /home/airflow/.local/lib/python3.7/site-packages/airflow/example_dags/example_latest_only.py took 0.094 seconds
[2023-07-27T02:08:03.840+0000] {processor.py:157} INFO - Started process (PID=5773) to work on /home/airflow/.local/lib/python3.7/site-packages/airflow/example_dags/example_latest_only.py
[2023-07-27T02:08:03.841+0000] {processor.py:826} INFO - Processing file /home/airflow/.local/lib/python3.7/site-packages/airflow/example_dags/example_latest_only.py for tasks to queue
[2023-07-27T02:08:03.843+0000] {logging_mixin.py:150} INFO - [2023-07-27T02:08:03.842+0000] {dagbag.py:541} INFO - Filling up the DagBag from /home/airflow/.local/lib/python3.7/site-packages/airflow/example_dags/example_latest_only.py
[2023-07-27T02:08:03.858+0000] {processor.py:836} INFO - DAG(s) dict_keys(['latest_only']) retrieved from /home/airflow/.local/lib/python3.7/site-packages/airflow/example_dags/example_latest_only.py
[2023-07-27T02:08:03.933+0000] {logging_mixin.py:150} INFO - [2023-07-27T02:08:03.933+0000] {dag.py:2742} INFO - Sync 1 DAGs
[2023-07-27T02:08:04.003+0000] {logging_mixin.py:150} INFO - [2023-07-27T02:08:04.003+0000] {dag.py:3508} INFO - Setting next_dagrun for latest_only to 2023-07-26T22:08:04.003417+00:00, run_after=2023-07-27T02:08:04.003417+00:00
[2023-07-27T02:08:04.054+0000] {processor.py:179} INFO - Processing /home/airflow/.local/lib/python3.7/site-packages/airflow/example_dags/example_latest_only.py took 0.222 seconds
[2023-07-27T02:08:34.821+0000] {processor.py:157} INFO - Started process (PID=5834) to work on /home/airflow/.local/lib/python3.7/site-packages/airflow/example_dags/example_latest_only.py
[2023-07-27T02:08:34.823+0000] {processor.py:826} INFO - Processing file /home/airflow/.local/lib/python3.7/site-packages/airflow/example_dags/example_latest_only.py for tasks to queue
[2023-07-27T02:08:34.824+0000] {logging_mixin.py:150} INFO - [2023-07-27T02:08:34.824+0000] {dagbag.py:541} INFO - Filling up the DagBag from /home/airflow/.local/lib/python3.7/site-packages/airflow/example_dags/example_latest_only.py
[2023-07-27T02:08:34.836+0000] {processor.py:836} INFO - DAG(s) dict_keys(['latest_only']) retrieved from /home/airflow/.local/lib/python3.7/site-packages/airflow/example_dags/example_latest_only.py
[2023-07-27T02:08:34.861+0000] {logging_mixin.py:150} INFO - [2023-07-27T02:08:34.861+0000] {dag.py:2742} INFO - Sync 1 DAGs
[2023-07-27T02:08:34.997+0000] {logging_mixin.py:150} INFO - [2023-07-27T02:08:34.997+0000] {dag.py:3508} INFO - Setting next_dagrun for latest_only to 2023-07-26T22:08:34.997464+00:00, run_after=2023-07-27T02:08:34.997464+00:00
[2023-07-27T02:08:35.020+0000] {processor.py:179} INFO - Processing /home/airflow/.local/lib/python3.7/site-packages/airflow/example_dags/example_latest_only.py took 0.202 seconds
[2023-07-27T02:09:05.115+0000] {processor.py:157} INFO - Started process (PID=5894) to work on /home/airflow/.local/lib/python3.7/site-packages/airflow/example_dags/example_latest_only.py
[2023-07-27T02:09:05.116+0000] {processor.py:826} INFO - Processing file /home/airflow/.local/lib/python3.7/site-packages/airflow/example_dags/example_latest_only.py for tasks to queue
[2023-07-27T02:09:05.117+0000] {logging_mixin.py:150} INFO - [2023-07-27T02:09:05.117+0000] {dagbag.py:541} INFO - Filling up the DagBag from /home/airflow/.local/lib/python3.7/site-packages/airflow/example_dags/example_latest_only.py
[2023-07-27T02:09:05.126+0000] {processor.py:836} INFO - DAG(s) dict_keys(['latest_only']) retrieved from /home/airflow/.local/lib/python3.7/site-packages/airflow/example_dags/example_latest_only.py
[2023-07-27T02:09:05.152+0000] {logging_mixin.py:150} INFO - [2023-07-27T02:09:05.152+0000] {dag.py:2742} INFO - Sync 1 DAGs
[2023-07-27T02:09:05.182+0000] {logging_mixin.py:150} INFO - [2023-07-27T02:09:05.181+0000] {dag.py:3508} INFO - Setting next_dagrun for latest_only to 2023-07-26T22:09:05.181663+00:00, run_after=2023-07-27T02:09:05.181663+00:00
[2023-07-27T02:09:05.211+0000] {processor.py:179} INFO - Processing /home/airflow/.local/lib/python3.7/site-packages/airflow/example_dags/example_latest_only.py took 0.101 seconds
[2023-07-27T02:09:35.250+0000] {processor.py:157} INFO - Started process (PID=5954) to work on /home/airflow/.local/lib/python3.7/site-packages/airflow/example_dags/example_latest_only.py
[2023-07-27T02:09:35.251+0000] {processor.py:826} INFO - Processing file /home/airflow/.local/lib/python3.7/site-packages/airflow/example_dags/example_latest_only.py for tasks to queue
[2023-07-27T02:09:35.252+0000] {logging_mixin.py:150} INFO - [2023-07-27T02:09:35.252+0000] {dagbag.py:541} INFO - Filling up the DagBag from /home/airflow/.local/lib/python3.7/site-packages/airflow/example_dags/example_latest_only.py
[2023-07-27T02:09:35.259+0000] {processor.py:836} INFO - DAG(s) dict_keys(['latest_only']) retrieved from /home/airflow/.local/lib/python3.7/site-packages/airflow/example_dags/example_latest_only.py
[2023-07-27T02:09:35.285+0000] {logging_mixin.py:150} INFO - [2023-07-27T02:09:35.285+0000] {dag.py:2742} INFO - Sync 1 DAGs
[2023-07-27T02:09:35.314+0000] {logging_mixin.py:150} INFO - [2023-07-27T02:09:35.314+0000] {dag.py:3508} INFO - Setting next_dagrun for latest_only to 2023-07-26T22:09:35.313793+00:00, run_after=2023-07-27T02:09:35.313793+00:00
[2023-07-27T02:09:35.337+0000] {processor.py:179} INFO - Processing /home/airflow/.local/lib/python3.7/site-packages/airflow/example_dags/example_latest_only.py took 0.090 seconds
[2023-07-27T02:10:06.396+0000] {processor.py:157} INFO - Started process (PID=6014) to work on /home/airflow/.local/lib/python3.7/site-packages/airflow/example_dags/example_latest_only.py
[2023-07-27T02:10:06.398+0000] {processor.py:826} INFO - Processing file /home/airflow/.local/lib/python3.7/site-packages/airflow/example_dags/example_latest_only.py for tasks to queue
[2023-07-27T02:10:06.399+0000] {logging_mixin.py:150} INFO - [2023-07-27T02:10:06.399+0000] {dagbag.py:541} INFO - Filling up the DagBag from /home/airflow/.local/lib/python3.7/site-packages/airflow/example_dags/example_latest_only.py
[2023-07-27T02:10:06.406+0000] {processor.py:836} INFO - DAG(s) dict_keys(['latest_only']) retrieved from /home/airflow/.local/lib/python3.7/site-packages/airflow/example_dags/example_latest_only.py
[2023-07-27T02:10:06.433+0000] {logging_mixin.py:150} INFO - [2023-07-27T02:10:06.432+0000] {dag.py:2742} INFO - Sync 1 DAGs
[2023-07-27T02:10:06.579+0000] {logging_mixin.py:150} INFO - [2023-07-27T02:10:06.579+0000] {dag.py:3508} INFO - Setting next_dagrun for latest_only to 2023-07-26T22:10:06.578910+00:00, run_after=2023-07-27T02:10:06.578910+00:00
[2023-07-27T02:10:06.608+0000] {processor.py:179} INFO - Processing /home/airflow/.local/lib/python3.7/site-packages/airflow/example_dags/example_latest_only.py took 0.216 seconds
[2023-07-27T02:10:36.645+0000] {processor.py:157} INFO - Started process (PID=6075) to work on /home/airflow/.local/lib/python3.7/site-packages/airflow/example_dags/example_latest_only.py
[2023-07-27T02:10:36.647+0000] {processor.py:826} INFO - Processing file /home/airflow/.local/lib/python3.7/site-packages/airflow/example_dags/example_latest_only.py for tasks to queue
[2023-07-27T02:10:36.648+0000] {logging_mixin.py:150} INFO - [2023-07-27T02:10:36.647+0000] {dagbag.py:541} INFO - Filling up the DagBag from /home/airflow/.local/lib/python3.7/site-packages/airflow/example_dags/example_latest_only.py
[2023-07-27T02:10:36.654+0000] {processor.py:836} INFO - DAG(s) dict_keys(['latest_only']) retrieved from /home/airflow/.local/lib/python3.7/site-packages/airflow/example_dags/example_latest_only.py
[2023-07-27T02:10:36.678+0000] {logging_mixin.py:150} INFO - [2023-07-27T02:10:36.677+0000] {dag.py:2742} INFO - Sync 1 DAGs
[2023-07-27T02:10:36.705+0000] {logging_mixin.py:150} INFO - [2023-07-27T02:10:36.705+0000] {dag.py:3508} INFO - Setting next_dagrun for latest_only to 2023-07-26T22:10:36.705405+00:00, run_after=2023-07-27T02:10:36.705405+00:00
[2023-07-27T02:10:36.729+0000] {processor.py:179} INFO - Processing /home/airflow/.local/lib/python3.7/site-packages/airflow/example_dags/example_latest_only.py took 0.087 seconds
