[2023-07-27T01:39:07.254+0000] {processor.py:157} INFO - Started process (PID=2359) to work on /home/airflow/.local/lib/python3.7/site-packages/airflow/example_dags/example_xcom.py
[2023-07-27T01:39:07.255+0000] {processor.py:826} INFO - Processing file /home/airflow/.local/lib/python3.7/site-packages/airflow/example_dags/example_xcom.py for tasks to queue
[2023-07-27T01:39:07.270+0000] {logging_mixin.py:150} INFO - [2023-07-27T01:39:07.257+0000] {dagbag.py:541} INFO - Filling up the DagBag from /home/airflow/.local/lib/python3.7/site-packages/airflow/example_dags/example_xcom.py
[2023-07-27T01:39:07.300+0000] {processor.py:836} INFO - DAG(s) dict_keys(['example_xcom']) retrieved from /home/airflow/.local/lib/python3.7/site-packages/airflow/example_dags/example_xcom.py
[2023-07-27T01:39:07.355+0000] {logging_mixin.py:150} INFO - [2023-07-27T01:39:07.355+0000] {dag.py:2742} INFO - Sync 1 DAGs
[2023-07-27T01:39:07.408+0000] {logging_mixin.py:150} INFO - [2023-07-27T01:39:07.408+0000] {dag.py:3508} INFO - Setting next_dagrun for example_xcom to 2021-01-01T00:00:00+00:00, run_after=2021-01-01T00:00:00+00:00
[2023-07-27T01:39:07.498+0000] {processor.py:179} INFO - Processing /home/airflow/.local/lib/python3.7/site-packages/airflow/example_dags/example_xcom.py took 0.248 seconds
[2023-07-27T01:39:37.603+0000] {processor.py:157} INFO - Started process (PID=2419) to work on /home/airflow/.local/lib/python3.7/site-packages/airflow/example_dags/example_xcom.py
[2023-07-27T01:39:37.604+0000] {processor.py:826} INFO - Processing file /home/airflow/.local/lib/python3.7/site-packages/airflow/example_dags/example_xcom.py for tasks to queue
[2023-07-27T01:39:37.605+0000] {logging_mixin.py:150} INFO - [2023-07-27T01:39:37.605+0000] {dagbag.py:541} INFO - Filling up the DagBag from /home/airflow/.local/lib/python3.7/site-packages/airflow/example_dags/example_xcom.py
[2023-07-27T01:39:37.613+0000] {processor.py:836} INFO - DAG(s) dict_keys(['example_xcom']) retrieved from /home/airflow/.local/lib/python3.7/site-packages/airflow/example_dags/example_xcom.py
[2023-07-27T01:39:37.640+0000] {logging_mixin.py:150} INFO - [2023-07-27T01:39:37.640+0000] {dag.py:2742} INFO - Sync 1 DAGs
[2023-07-27T01:39:37.667+0000] {logging_mixin.py:150} INFO - [2023-07-27T01:39:37.667+0000] {dag.py:3508} INFO - Setting next_dagrun for example_xcom to 2021-01-01T00:00:00+00:00, run_after=2021-01-01T00:00:00+00:00
[2023-07-27T01:39:37.698+0000] {processor.py:179} INFO - Processing /home/airflow/.local/lib/python3.7/site-packages/airflow/example_dags/example_xcom.py took 0.099 seconds
[2023-07-27T01:40:08.444+0000] {processor.py:157} INFO - Started process (PID=2479) to work on /home/airflow/.local/lib/python3.7/site-packages/airflow/example_dags/example_xcom.py
[2023-07-27T01:40:08.445+0000] {processor.py:826} INFO - Processing file /home/airflow/.local/lib/python3.7/site-packages/airflow/example_dags/example_xcom.py for tasks to queue
[2023-07-27T01:40:08.446+0000] {logging_mixin.py:150} INFO - [2023-07-27T01:40:08.446+0000] {dagbag.py:541} INFO - Filling up the DagBag from /home/airflow/.local/lib/python3.7/site-packages/airflow/example_dags/example_xcom.py
[2023-07-27T01:40:08.464+0000] {processor.py:836} INFO - DAG(s) dict_keys(['example_xcom']) retrieved from /home/airflow/.local/lib/python3.7/site-packages/airflow/example_dags/example_xcom.py
[2023-07-27T01:40:08.501+0000] {logging_mixin.py:150} INFO - [2023-07-27T01:40:08.501+0000] {dag.py:2742} INFO - Sync 1 DAGs
[2023-07-27T01:40:08.546+0000] {logging_mixin.py:150} INFO - [2023-07-27T01:40:08.546+0000] {dag.py:3508} INFO - Setting next_dagrun for example_xcom to 2021-01-01T00:00:00+00:00, run_after=2021-01-01T00:00:00+00:00
[2023-07-27T01:40:08.583+0000] {processor.py:179} INFO - Processing /home/airflow/.local/lib/python3.7/site-packages/airflow/example_dags/example_xcom.py took 0.146 seconds
[2023-07-27T01:40:39.110+0000] {processor.py:157} INFO - Started process (PID=2540) to work on /home/airflow/.local/lib/python3.7/site-packages/airflow/example_dags/example_xcom.py
[2023-07-27T01:40:39.111+0000] {processor.py:826} INFO - Processing file /home/airflow/.local/lib/python3.7/site-packages/airflow/example_dags/example_xcom.py for tasks to queue
[2023-07-27T01:40:39.112+0000] {logging_mixin.py:150} INFO - [2023-07-27T01:40:39.111+0000] {dagbag.py:541} INFO - Filling up the DagBag from /home/airflow/.local/lib/python3.7/site-packages/airflow/example_dags/example_xcom.py
[2023-07-27T01:40:39.120+0000] {processor.py:836} INFO - DAG(s) dict_keys(['example_xcom']) retrieved from /home/airflow/.local/lib/python3.7/site-packages/airflow/example_dags/example_xcom.py
[2023-07-27T01:40:39.146+0000] {logging_mixin.py:150} INFO - [2023-07-27T01:40:39.146+0000] {dag.py:2742} INFO - Sync 1 DAGs
[2023-07-27T01:40:39.173+0000] {logging_mixin.py:150} INFO - [2023-07-27T01:40:39.172+0000] {dag.py:3508} INFO - Setting next_dagrun for example_xcom to 2021-01-01T00:00:00+00:00, run_after=2021-01-01T00:00:00+00:00
[2023-07-27T01:40:39.196+0000] {processor.py:179} INFO - Processing /home/airflow/.local/lib/python3.7/site-packages/airflow/example_dags/example_xcom.py took 0.090 seconds
[2023-07-27T01:41:09.981+0000] {processor.py:157} INFO - Started process (PID=2600) to work on /home/airflow/.local/lib/python3.7/site-packages/airflow/example_dags/example_xcom.py
[2023-07-27T01:41:09.983+0000] {processor.py:826} INFO - Processing file /home/airflow/.local/lib/python3.7/site-packages/airflow/example_dags/example_xcom.py for tasks to queue
[2023-07-27T01:41:09.984+0000] {logging_mixin.py:150} INFO - [2023-07-27T01:41:09.983+0000] {dagbag.py:541} INFO - Filling up the DagBag from /home/airflow/.local/lib/python3.7/site-packages/airflow/example_dags/example_xcom.py
[2023-07-27T01:41:09.992+0000] {processor.py:836} INFO - DAG(s) dict_keys(['example_xcom']) retrieved from /home/airflow/.local/lib/python3.7/site-packages/airflow/example_dags/example_xcom.py
[2023-07-27T01:41:10.019+0000] {logging_mixin.py:150} INFO - [2023-07-27T01:41:10.019+0000] {dag.py:2742} INFO - Sync 1 DAGs
[2023-07-27T01:41:10.045+0000] {logging_mixin.py:150} INFO - [2023-07-27T01:41:10.045+0000] {dag.py:3508} INFO - Setting next_dagrun for example_xcom to 2021-01-01T00:00:00+00:00, run_after=2021-01-01T00:00:00+00:00
[2023-07-27T01:41:10.077+0000] {processor.py:179} INFO - Processing /home/airflow/.local/lib/python3.7/site-packages/airflow/example_dags/example_xcom.py took 0.100 seconds
[2023-07-27T01:41:40.421+0000] {processor.py:157} INFO - Started process (PID=2660) to work on /home/airflow/.local/lib/python3.7/site-packages/airflow/example_dags/example_xcom.py
[2023-07-27T01:41:40.422+0000] {processor.py:826} INFO - Processing file /home/airflow/.local/lib/python3.7/site-packages/airflow/example_dags/example_xcom.py for tasks to queue
[2023-07-27T01:41:40.424+0000] {logging_mixin.py:150} INFO - [2023-07-27T01:41:40.423+0000] {dagbag.py:541} INFO - Filling up the DagBag from /home/airflow/.local/lib/python3.7/site-packages/airflow/example_dags/example_xcom.py
[2023-07-27T01:41:40.432+0000] {processor.py:836} INFO - DAG(s) dict_keys(['example_xcom']) retrieved from /home/airflow/.local/lib/python3.7/site-packages/airflow/example_dags/example_xcom.py
[2023-07-27T01:41:40.456+0000] {logging_mixin.py:150} INFO - [2023-07-27T01:41:40.456+0000] {dag.py:2742} INFO - Sync 1 DAGs
[2023-07-27T01:41:40.483+0000] {logging_mixin.py:150} INFO - [2023-07-27T01:41:40.483+0000] {dag.py:3508} INFO - Setting next_dagrun for example_xcom to 2021-01-01T00:00:00+00:00, run_after=2021-01-01T00:00:00+00:00
[2023-07-27T01:41:40.515+0000] {processor.py:179} INFO - Processing /home/airflow/.local/lib/python3.7/site-packages/airflow/example_dags/example_xcom.py took 0.097 seconds
[2023-07-27T01:42:11.197+0000] {processor.py:157} INFO - Started process (PID=2720) to work on /home/airflow/.local/lib/python3.7/site-packages/airflow/example_dags/example_xcom.py
[2023-07-27T01:42:11.198+0000] {processor.py:826} INFO - Processing file /home/airflow/.local/lib/python3.7/site-packages/airflow/example_dags/example_xcom.py for tasks to queue
[2023-07-27T01:42:11.199+0000] {logging_mixin.py:150} INFO - [2023-07-27T01:42:11.199+0000] {dagbag.py:541} INFO - Filling up the DagBag from /home/airflow/.local/lib/python3.7/site-packages/airflow/example_dags/example_xcom.py
[2023-07-27T01:42:11.208+0000] {processor.py:836} INFO - DAG(s) dict_keys(['example_xcom']) retrieved from /home/airflow/.local/lib/python3.7/site-packages/airflow/example_dags/example_xcom.py
[2023-07-27T01:42:11.234+0000] {logging_mixin.py:150} INFO - [2023-07-27T01:42:11.234+0000] {dag.py:2742} INFO - Sync 1 DAGs
[2023-07-27T01:42:11.261+0000] {logging_mixin.py:150} INFO - [2023-07-27T01:42:11.260+0000] {dag.py:3508} INFO - Setting next_dagrun for example_xcom to 2021-01-01T00:00:00+00:00, run_after=2021-01-01T00:00:00+00:00
[2023-07-27T01:42:11.283+0000] {processor.py:179} INFO - Processing /home/airflow/.local/lib/python3.7/site-packages/airflow/example_dags/example_xcom.py took 0.089 seconds
[2023-07-27T01:42:42.068+0000] {processor.py:157} INFO - Started process (PID=2781) to work on /home/airflow/.local/lib/python3.7/site-packages/airflow/example_dags/example_xcom.py
[2023-07-27T01:42:42.069+0000] {processor.py:826} INFO - Processing file /home/airflow/.local/lib/python3.7/site-packages/airflow/example_dags/example_xcom.py for tasks to queue
[2023-07-27T01:42:42.071+0000] {logging_mixin.py:150} INFO - [2023-07-27T01:42:42.070+0000] {dagbag.py:541} INFO - Filling up the DagBag from /home/airflow/.local/lib/python3.7/site-packages/airflow/example_dags/example_xcom.py
[2023-07-27T01:42:42.079+0000] {processor.py:836} INFO - DAG(s) dict_keys(['example_xcom']) retrieved from /home/airflow/.local/lib/python3.7/site-packages/airflow/example_dags/example_xcom.py
[2023-07-27T01:42:42.106+0000] {logging_mixin.py:150} INFO - [2023-07-27T01:42:42.106+0000] {dag.py:2742} INFO - Sync 1 DAGs
[2023-07-27T01:42:42.133+0000] {logging_mixin.py:150} INFO - [2023-07-27T01:42:42.133+0000] {dag.py:3508} INFO - Setting next_dagrun for example_xcom to 2021-01-01T00:00:00+00:00, run_after=2021-01-01T00:00:00+00:00
[2023-07-27T01:42:42.155+0000] {processor.py:179} INFO - Processing /home/airflow/.local/lib/python3.7/site-packages/airflow/example_dags/example_xcom.py took 0.091 seconds
[2023-07-27T01:43:12.517+0000] {processor.py:157} INFO - Started process (PID=2842) to work on /home/airflow/.local/lib/python3.7/site-packages/airflow/example_dags/example_xcom.py
[2023-07-27T01:43:12.519+0000] {processor.py:826} INFO - Processing file /home/airflow/.local/lib/python3.7/site-packages/airflow/example_dags/example_xcom.py for tasks to queue
[2023-07-27T01:43:12.520+0000] {logging_mixin.py:150} INFO - [2023-07-27T01:43:12.519+0000] {dagbag.py:541} INFO - Filling up the DagBag from /home/airflow/.local/lib/python3.7/site-packages/airflow/example_dags/example_xcom.py
[2023-07-27T01:43:12.528+0000] {processor.py:836} INFO - DAG(s) dict_keys(['example_xcom']) retrieved from /home/airflow/.local/lib/python3.7/site-packages/airflow/example_dags/example_xcom.py
[2023-07-27T01:43:12.554+0000] {logging_mixin.py:150} INFO - [2023-07-27T01:43:12.554+0000] {dag.py:2742} INFO - Sync 1 DAGs
[2023-07-27T01:43:12.581+0000] {logging_mixin.py:150} INFO - [2023-07-27T01:43:12.581+0000] {dag.py:3508} INFO - Setting next_dagrun for example_xcom to 2021-01-01T00:00:00+00:00, run_after=2021-01-01T00:00:00+00:00
[2023-07-27T01:43:12.614+0000] {processor.py:179} INFO - Processing /home/airflow/.local/lib/python3.7/site-packages/airflow/example_dags/example_xcom.py took 0.100 seconds
[2023-07-27T01:43:42.707+0000] {processor.py:157} INFO - Started process (PID=2902) to work on /home/airflow/.local/lib/python3.7/site-packages/airflow/example_dags/example_xcom.py
[2023-07-27T01:43:42.708+0000] {processor.py:826} INFO - Processing file /home/airflow/.local/lib/python3.7/site-packages/airflow/example_dags/example_xcom.py for tasks to queue
[2023-07-27T01:43:42.709+0000] {logging_mixin.py:150} INFO - [2023-07-27T01:43:42.709+0000] {dagbag.py:541} INFO - Filling up the DagBag from /home/airflow/.local/lib/python3.7/site-packages/airflow/example_dags/example_xcom.py
[2023-07-27T01:43:42.718+0000] {processor.py:836} INFO - DAG(s) dict_keys(['example_xcom']) retrieved from /home/airflow/.local/lib/python3.7/site-packages/airflow/example_dags/example_xcom.py
[2023-07-27T01:43:42.745+0000] {logging_mixin.py:150} INFO - [2023-07-27T01:43:42.744+0000] {dag.py:2742} INFO - Sync 1 DAGs
[2023-07-27T01:43:42.771+0000] {logging_mixin.py:150} INFO - [2023-07-27T01:43:42.771+0000] {dag.py:3508} INFO - Setting next_dagrun for example_xcom to 2021-01-01T00:00:00+00:00, run_after=2021-01-01T00:00:00+00:00
[2023-07-27T01:43:42.801+0000] {processor.py:179} INFO - Processing /home/airflow/.local/lib/python3.7/site-packages/airflow/example_dags/example_xcom.py took 0.097 seconds
[2023-07-27T01:44:13.637+0000] {processor.py:157} INFO - Started process (PID=2962) to work on /home/airflow/.local/lib/python3.7/site-packages/airflow/example_dags/example_xcom.py
[2023-07-27T01:44:13.638+0000] {processor.py:826} INFO - Processing file /home/airflow/.local/lib/python3.7/site-packages/airflow/example_dags/example_xcom.py for tasks to queue
[2023-07-27T01:44:13.640+0000] {logging_mixin.py:150} INFO - [2023-07-27T01:44:13.639+0000] {dagbag.py:541} INFO - Filling up the DagBag from /home/airflow/.local/lib/python3.7/site-packages/airflow/example_dags/example_xcom.py
[2023-07-27T01:44:13.648+0000] {processor.py:836} INFO - DAG(s) dict_keys(['example_xcom']) retrieved from /home/airflow/.local/lib/python3.7/site-packages/airflow/example_dags/example_xcom.py
[2023-07-27T01:44:13.674+0000] {logging_mixin.py:150} INFO - [2023-07-27T01:44:13.674+0000] {dag.py:2742} INFO - Sync 1 DAGs
[2023-07-27T01:44:13.702+0000] {logging_mixin.py:150} INFO - [2023-07-27T01:44:13.702+0000] {dag.py:3508} INFO - Setting next_dagrun for example_xcom to 2021-01-01T00:00:00+00:00, run_after=2021-01-01T00:00:00+00:00
[2023-07-27T01:44:13.724+0000] {processor.py:179} INFO - Processing /home/airflow/.local/lib/python3.7/site-packages/airflow/example_dags/example_xcom.py took 0.090 seconds
[2023-07-27T01:44:44.115+0000] {processor.py:157} INFO - Started process (PID=3015) to work on /home/airflow/.local/lib/python3.7/site-packages/airflow/example_dags/example_xcom.py
[2023-07-27T01:44:44.117+0000] {processor.py:826} INFO - Processing file /home/airflow/.local/lib/python3.7/site-packages/airflow/example_dags/example_xcom.py for tasks to queue
[2023-07-27T01:44:44.118+0000] {logging_mixin.py:150} INFO - [2023-07-27T01:44:44.118+0000] {dagbag.py:541} INFO - Filling up the DagBag from /home/airflow/.local/lib/python3.7/site-packages/airflow/example_dags/example_xcom.py
[2023-07-27T01:44:44.129+0000] {processor.py:836} INFO - DAG(s) dict_keys(['example_xcom']) retrieved from /home/airflow/.local/lib/python3.7/site-packages/airflow/example_dags/example_xcom.py
[2023-07-27T01:44:44.160+0000] {logging_mixin.py:150} INFO - [2023-07-27T01:44:44.160+0000] {dag.py:2742} INFO - Sync 1 DAGs
[2023-07-27T01:44:44.195+0000] {logging_mixin.py:150} INFO - [2023-07-27T01:44:44.195+0000] {dag.py:3508} INFO - Setting next_dagrun for example_xcom to 2021-01-01T00:00:00+00:00, run_after=2021-01-01T00:00:00+00:00
[2023-07-27T01:44:44.223+0000] {processor.py:179} INFO - Processing /home/airflow/.local/lib/python3.7/site-packages/airflow/example_dags/example_xcom.py took 0.111 seconds
[2023-07-27T01:45:14.871+0000] {processor.py:157} INFO - Started process (PID=3083) to work on /home/airflow/.local/lib/python3.7/site-packages/airflow/example_dags/example_xcom.py
[2023-07-27T01:45:14.872+0000] {processor.py:826} INFO - Processing file /home/airflow/.local/lib/python3.7/site-packages/airflow/example_dags/example_xcom.py for tasks to queue
[2023-07-27T01:45:14.874+0000] {logging_mixin.py:150} INFO - [2023-07-27T01:45:14.873+0000] {dagbag.py:541} INFO - Filling up the DagBag from /home/airflow/.local/lib/python3.7/site-packages/airflow/example_dags/example_xcom.py
[2023-07-27T01:45:14.882+0000] {processor.py:836} INFO - DAG(s) dict_keys(['example_xcom']) retrieved from /home/airflow/.local/lib/python3.7/site-packages/airflow/example_dags/example_xcom.py
[2023-07-27T01:45:14.908+0000] {logging_mixin.py:150} INFO - [2023-07-27T01:45:14.908+0000] {dag.py:2742} INFO - Sync 1 DAGs
[2023-07-27T01:45:14.935+0000] {logging_mixin.py:150} INFO - [2023-07-27T01:45:14.934+0000] {dag.py:3508} INFO - Setting next_dagrun for example_xcom to 2021-01-01T00:00:00+00:00, run_after=2021-01-01T00:00:00+00:00
[2023-07-27T01:45:14.958+0000] {processor.py:179} INFO - Processing /home/airflow/.local/lib/python3.7/site-packages/airflow/example_dags/example_xcom.py took 0.091 seconds
[2023-07-27T01:45:45.123+0000] {processor.py:157} INFO - Started process (PID=3143) to work on /home/airflow/.local/lib/python3.7/site-packages/airflow/example_dags/example_xcom.py
[2023-07-27T01:45:45.124+0000] {processor.py:826} INFO - Processing file /home/airflow/.local/lib/python3.7/site-packages/airflow/example_dags/example_xcom.py for tasks to queue
[2023-07-27T01:45:45.125+0000] {logging_mixin.py:150} INFO - [2023-07-27T01:45:45.125+0000] {dagbag.py:541} INFO - Filling up the DagBag from /home/airflow/.local/lib/python3.7/site-packages/airflow/example_dags/example_xcom.py
[2023-07-27T01:45:45.133+0000] {processor.py:836} INFO - DAG(s) dict_keys(['example_xcom']) retrieved from /home/airflow/.local/lib/python3.7/site-packages/airflow/example_dags/example_xcom.py
[2023-07-27T01:45:45.160+0000] {logging_mixin.py:150} INFO - [2023-07-27T01:45:45.160+0000] {dag.py:2742} INFO - Sync 1 DAGs
[2023-07-27T01:45:45.187+0000] {logging_mixin.py:150} INFO - [2023-07-27T01:45:45.187+0000] {dag.py:3508} INFO - Setting next_dagrun for example_xcom to 2021-01-01T00:00:00+00:00, run_after=2021-01-01T00:00:00+00:00
[2023-07-27T01:45:45.210+0000] {processor.py:179} INFO - Processing /home/airflow/.local/lib/python3.7/site-packages/airflow/example_dags/example_xcom.py took 0.091 seconds
[2023-07-27T01:46:15.688+0000] {processor.py:157} INFO - Started process (PID=3203) to work on /home/airflow/.local/lib/python3.7/site-packages/airflow/example_dags/example_xcom.py
[2023-07-27T01:46:15.689+0000] {processor.py:826} INFO - Processing file /home/airflow/.local/lib/python3.7/site-packages/airflow/example_dags/example_xcom.py for tasks to queue
[2023-07-27T01:46:15.691+0000] {logging_mixin.py:150} INFO - [2023-07-27T01:46:15.690+0000] {dagbag.py:541} INFO - Filling up the DagBag from /home/airflow/.local/lib/python3.7/site-packages/airflow/example_dags/example_xcom.py
[2023-07-27T01:46:15.699+0000] {processor.py:836} INFO - DAG(s) dict_keys(['example_xcom']) retrieved from /home/airflow/.local/lib/python3.7/site-packages/airflow/example_dags/example_xcom.py
[2023-07-27T01:46:15.726+0000] {logging_mixin.py:150} INFO - [2023-07-27T01:46:15.726+0000] {dag.py:2742} INFO - Sync 1 DAGs
[2023-07-27T01:46:15.753+0000] {logging_mixin.py:150} INFO - [2023-07-27T01:46:15.752+0000] {dag.py:3508} INFO - Setting next_dagrun for example_xcom to 2021-01-01T00:00:00+00:00, run_after=2021-01-01T00:00:00+00:00
[2023-07-27T01:46:15.777+0000] {processor.py:179} INFO - Processing /home/airflow/.local/lib/python3.7/site-packages/airflow/example_dags/example_xcom.py took 0.092 seconds
[2023-07-27T01:46:46.344+0000] {processor.py:157} INFO - Started process (PID=3263) to work on /home/airflow/.local/lib/python3.7/site-packages/airflow/example_dags/example_xcom.py
[2023-07-27T01:46:46.345+0000] {processor.py:826} INFO - Processing file /home/airflow/.local/lib/python3.7/site-packages/airflow/example_dags/example_xcom.py for tasks to queue
[2023-07-27T01:46:46.346+0000] {logging_mixin.py:150} INFO - [2023-07-27T01:46:46.346+0000] {dagbag.py:541} INFO - Filling up the DagBag from /home/airflow/.local/lib/python3.7/site-packages/airflow/example_dags/example_xcom.py
[2023-07-27T01:46:46.354+0000] {processor.py:836} INFO - DAG(s) dict_keys(['example_xcom']) retrieved from /home/airflow/.local/lib/python3.7/site-packages/airflow/example_dags/example_xcom.py
[2023-07-27T01:46:46.381+0000] {logging_mixin.py:150} INFO - [2023-07-27T01:46:46.381+0000] {dag.py:2742} INFO - Sync 1 DAGs
[2023-07-27T01:46:46.409+0000] {logging_mixin.py:150} INFO - [2023-07-27T01:46:46.409+0000] {dag.py:3508} INFO - Setting next_dagrun for example_xcom to 2021-01-01T00:00:00+00:00, run_after=2021-01-01T00:00:00+00:00
[2023-07-27T01:46:46.431+0000] {processor.py:179} INFO - Processing /home/airflow/.local/lib/python3.7/site-packages/airflow/example_dags/example_xcom.py took 0.091 seconds
[2023-07-27T01:47:16.877+0000] {processor.py:157} INFO - Started process (PID=3323) to work on /home/airflow/.local/lib/python3.7/site-packages/airflow/example_dags/example_xcom.py
[2023-07-27T01:47:16.878+0000] {processor.py:826} INFO - Processing file /home/airflow/.local/lib/python3.7/site-packages/airflow/example_dags/example_xcom.py for tasks to queue
[2023-07-27T01:47:16.879+0000] {logging_mixin.py:150} INFO - [2023-07-27T01:47:16.879+0000] {dagbag.py:541} INFO - Filling up the DagBag from /home/airflow/.local/lib/python3.7/site-packages/airflow/example_dags/example_xcom.py
[2023-07-27T01:47:16.887+0000] {processor.py:836} INFO - DAG(s) dict_keys(['example_xcom']) retrieved from /home/airflow/.local/lib/python3.7/site-packages/airflow/example_dags/example_xcom.py
[2023-07-27T01:47:16.914+0000] {logging_mixin.py:150} INFO - [2023-07-27T01:47:16.914+0000] {dag.py:2742} INFO - Sync 1 DAGs
[2023-07-27T01:47:16.941+0000] {logging_mixin.py:150} INFO - [2023-07-27T01:47:16.941+0000] {dag.py:3508} INFO - Setting next_dagrun for example_xcom to 2021-01-01T00:00:00+00:00, run_after=2021-01-01T00:00:00+00:00
[2023-07-27T01:47:16.964+0000] {processor.py:179} INFO - Processing /home/airflow/.local/lib/python3.7/site-packages/airflow/example_dags/example_xcom.py took 0.091 seconds
[2023-07-27T01:47:47.809+0000] {processor.py:157} INFO - Started process (PID=3383) to work on /home/airflow/.local/lib/python3.7/site-packages/airflow/example_dags/example_xcom.py
[2023-07-27T01:47:47.810+0000] {processor.py:826} INFO - Processing file /home/airflow/.local/lib/python3.7/site-packages/airflow/example_dags/example_xcom.py for tasks to queue
[2023-07-27T01:47:47.811+0000] {logging_mixin.py:150} INFO - [2023-07-27T01:47:47.811+0000] {dagbag.py:541} INFO - Filling up the DagBag from /home/airflow/.local/lib/python3.7/site-packages/airflow/example_dags/example_xcom.py
[2023-07-27T01:47:47.820+0000] {processor.py:836} INFO - DAG(s) dict_keys(['example_xcom']) retrieved from /home/airflow/.local/lib/python3.7/site-packages/airflow/example_dags/example_xcom.py
[2023-07-27T01:47:47.848+0000] {logging_mixin.py:150} INFO - [2023-07-27T01:47:47.848+0000] {dag.py:2742} INFO - Sync 1 DAGs
[2023-07-27T01:47:47.876+0000] {logging_mixin.py:150} INFO - [2023-07-27T01:47:47.876+0000] {dag.py:3508} INFO - Setting next_dagrun for example_xcom to 2021-01-01T00:00:00+00:00, run_after=2021-01-01T00:00:00+00:00
[2023-07-27T01:47:47.898+0000] {processor.py:179} INFO - Processing /home/airflow/.local/lib/python3.7/site-packages/airflow/example_dags/example_xcom.py took 0.093 seconds
[2023-07-27T01:48:18.277+0000] {processor.py:157} INFO - Started process (PID=3443) to work on /home/airflow/.local/lib/python3.7/site-packages/airflow/example_dags/example_xcom.py
[2023-07-27T01:48:18.278+0000] {processor.py:826} INFO - Processing file /home/airflow/.local/lib/python3.7/site-packages/airflow/example_dags/example_xcom.py for tasks to queue
[2023-07-27T01:48:18.279+0000] {logging_mixin.py:150} INFO - [2023-07-27T01:48:18.279+0000] {dagbag.py:541} INFO - Filling up the DagBag from /home/airflow/.local/lib/python3.7/site-packages/airflow/example_dags/example_xcom.py
[2023-07-27T01:48:18.288+0000] {processor.py:836} INFO - DAG(s) dict_keys(['example_xcom']) retrieved from /home/airflow/.local/lib/python3.7/site-packages/airflow/example_dags/example_xcom.py
[2023-07-27T01:48:18.317+0000] {logging_mixin.py:150} INFO - [2023-07-27T01:48:18.317+0000] {dag.py:2742} INFO - Sync 1 DAGs
[2023-07-27T01:48:18.345+0000] {logging_mixin.py:150} INFO - [2023-07-27T01:48:18.345+0000] {dag.py:3508} INFO - Setting next_dagrun for example_xcom to 2021-01-01T00:00:00+00:00, run_after=2021-01-01T00:00:00+00:00
[2023-07-27T01:48:18.370+0000] {processor.py:179} INFO - Processing /home/airflow/.local/lib/python3.7/site-packages/airflow/example_dags/example_xcom.py took 0.097 seconds
[2023-07-27T01:48:48.627+0000] {processor.py:157} INFO - Started process (PID=3503) to work on /home/airflow/.local/lib/python3.7/site-packages/airflow/example_dags/example_xcom.py
[2023-07-27T01:48:48.628+0000] {processor.py:826} INFO - Processing file /home/airflow/.local/lib/python3.7/site-packages/airflow/example_dags/example_xcom.py for tasks to queue
[2023-07-27T01:48:48.629+0000] {logging_mixin.py:150} INFO - [2023-07-27T01:48:48.629+0000] {dagbag.py:541} INFO - Filling up the DagBag from /home/airflow/.local/lib/python3.7/site-packages/airflow/example_dags/example_xcom.py
[2023-07-27T01:48:48.638+0000] {processor.py:836} INFO - DAG(s) dict_keys(['example_xcom']) retrieved from /home/airflow/.local/lib/python3.7/site-packages/airflow/example_dags/example_xcom.py
[2023-07-27T01:48:48.664+0000] {logging_mixin.py:150} INFO - [2023-07-27T01:48:48.663+0000] {dag.py:2742} INFO - Sync 1 DAGs
[2023-07-27T01:48:48.691+0000] {logging_mixin.py:150} INFO - [2023-07-27T01:48:48.691+0000] {dag.py:3508} INFO - Setting next_dagrun for example_xcom to 2021-01-01T00:00:00+00:00, run_after=2021-01-01T00:00:00+00:00
[2023-07-27T01:48:48.713+0000] {processor.py:179} INFO - Processing /home/airflow/.local/lib/python3.7/site-packages/airflow/example_dags/example_xcom.py took 0.090 seconds
[2023-07-27T01:49:19.100+0000] {processor.py:157} INFO - Started process (PID=3564) to work on /home/airflow/.local/lib/python3.7/site-packages/airflow/example_dags/example_xcom.py
[2023-07-27T01:49:19.101+0000] {processor.py:826} INFO - Processing file /home/airflow/.local/lib/python3.7/site-packages/airflow/example_dags/example_xcom.py for tasks to queue
[2023-07-27T01:49:19.103+0000] {logging_mixin.py:150} INFO - [2023-07-27T01:49:19.102+0000] {dagbag.py:541} INFO - Filling up the DagBag from /home/airflow/.local/lib/python3.7/site-packages/airflow/example_dags/example_xcom.py
[2023-07-27T01:49:19.113+0000] {processor.py:836} INFO - DAG(s) dict_keys(['example_xcom']) retrieved from /home/airflow/.local/lib/python3.7/site-packages/airflow/example_dags/example_xcom.py
[2023-07-27T01:49:19.142+0000] {logging_mixin.py:150} INFO - [2023-07-27T01:49:19.142+0000] {dag.py:2742} INFO - Sync 1 DAGs
[2023-07-27T01:49:19.172+0000] {logging_mixin.py:150} INFO - [2023-07-27T01:49:19.172+0000] {dag.py:3508} INFO - Setting next_dagrun for example_xcom to 2021-01-01T00:00:00+00:00, run_after=2021-01-01T00:00:00+00:00
[2023-07-27T01:49:19.208+0000] {processor.py:179} INFO - Processing /home/airflow/.local/lib/python3.7/site-packages/airflow/example_dags/example_xcom.py took 0.111 seconds
[2023-07-27T01:49:49.634+0000] {processor.py:157} INFO - Started process (PID=3624) to work on /home/airflow/.local/lib/python3.7/site-packages/airflow/example_dags/example_xcom.py
[2023-07-27T01:49:49.636+0000] {processor.py:826} INFO - Processing file /home/airflow/.local/lib/python3.7/site-packages/airflow/example_dags/example_xcom.py for tasks to queue
[2023-07-27T01:49:49.637+0000] {logging_mixin.py:150} INFO - [2023-07-27T01:49:49.637+0000] {dagbag.py:541} INFO - Filling up the DagBag from /home/airflow/.local/lib/python3.7/site-packages/airflow/example_dags/example_xcom.py
[2023-07-27T01:49:49.645+0000] {processor.py:836} INFO - DAG(s) dict_keys(['example_xcom']) retrieved from /home/airflow/.local/lib/python3.7/site-packages/airflow/example_dags/example_xcom.py
[2023-07-27T01:49:49.672+0000] {logging_mixin.py:150} INFO - [2023-07-27T01:49:49.672+0000] {dag.py:2742} INFO - Sync 1 DAGs
[2023-07-27T01:49:49.699+0000] {logging_mixin.py:150} INFO - [2023-07-27T01:49:49.699+0000] {dag.py:3508} INFO - Setting next_dagrun for example_xcom to 2021-01-01T00:00:00+00:00, run_after=2021-01-01T00:00:00+00:00
[2023-07-27T01:49:49.721+0000] {processor.py:179} INFO - Processing /home/airflow/.local/lib/python3.7/site-packages/airflow/example_dags/example_xcom.py took 0.090 seconds
[2023-07-27T01:50:19.922+0000] {processor.py:157} INFO - Started process (PID=3684) to work on /home/airflow/.local/lib/python3.7/site-packages/airflow/example_dags/example_xcom.py
[2023-07-27T01:50:19.924+0000] {processor.py:826} INFO - Processing file /home/airflow/.local/lib/python3.7/site-packages/airflow/example_dags/example_xcom.py for tasks to queue
[2023-07-27T01:50:19.925+0000] {logging_mixin.py:150} INFO - [2023-07-27T01:50:19.925+0000] {dagbag.py:541} INFO - Filling up the DagBag from /home/airflow/.local/lib/python3.7/site-packages/airflow/example_dags/example_xcom.py
[2023-07-27T01:50:19.933+0000] {processor.py:836} INFO - DAG(s) dict_keys(['example_xcom']) retrieved from /home/airflow/.local/lib/python3.7/site-packages/airflow/example_dags/example_xcom.py
[2023-07-27T01:50:19.960+0000] {logging_mixin.py:150} INFO - [2023-07-27T01:50:19.960+0000] {dag.py:2742} INFO - Sync 1 DAGs
[2023-07-27T01:50:19.988+0000] {logging_mixin.py:150} INFO - [2023-07-27T01:50:19.988+0000] {dag.py:3508} INFO - Setting next_dagrun for example_xcom to 2021-01-01T00:00:00+00:00, run_after=2021-01-01T00:00:00+00:00
[2023-07-27T01:50:20.012+0000] {processor.py:179} INFO - Processing /home/airflow/.local/lib/python3.7/site-packages/airflow/example_dags/example_xcom.py took 0.093 seconds
[2023-07-27T01:50:50.042+0000] {processor.py:157} INFO - Started process (PID=3743) to work on /home/airflow/.local/lib/python3.7/site-packages/airflow/example_dags/example_xcom.py
[2023-07-27T01:50:50.044+0000] {processor.py:826} INFO - Processing file /home/airflow/.local/lib/python3.7/site-packages/airflow/example_dags/example_xcom.py for tasks to queue
[2023-07-27T01:50:50.045+0000] {logging_mixin.py:150} INFO - [2023-07-27T01:50:50.044+0000] {dagbag.py:541} INFO - Filling up the DagBag from /home/airflow/.local/lib/python3.7/site-packages/airflow/example_dags/example_xcom.py
[2023-07-27T01:50:50.053+0000] {processor.py:836} INFO - DAG(s) dict_keys(['example_xcom']) retrieved from /home/airflow/.local/lib/python3.7/site-packages/airflow/example_dags/example_xcom.py
[2023-07-27T01:50:50.080+0000] {logging_mixin.py:150} INFO - [2023-07-27T01:50:50.080+0000] {dag.py:2742} INFO - Sync 1 DAGs
[2023-07-27T01:50:50.107+0000] {logging_mixin.py:150} INFO - [2023-07-27T01:50:50.106+0000] {dag.py:3508} INFO - Setting next_dagrun for example_xcom to 2021-01-01T00:00:00+00:00, run_after=2021-01-01T00:00:00+00:00
[2023-07-27T01:50:50.145+0000] {processor.py:179} INFO - Processing /home/airflow/.local/lib/python3.7/site-packages/airflow/example_dags/example_xcom.py took 0.106 seconds
[2023-07-27T01:51:20.558+0000] {processor.py:157} INFO - Started process (PID=3803) to work on /home/airflow/.local/lib/python3.7/site-packages/airflow/example_dags/example_xcom.py
[2023-07-27T01:51:20.559+0000] {processor.py:826} INFO - Processing file /home/airflow/.local/lib/python3.7/site-packages/airflow/example_dags/example_xcom.py for tasks to queue
[2023-07-27T01:51:20.560+0000] {logging_mixin.py:150} INFO - [2023-07-27T01:51:20.560+0000] {dagbag.py:541} INFO - Filling up the DagBag from /home/airflow/.local/lib/python3.7/site-packages/airflow/example_dags/example_xcom.py
[2023-07-27T01:51:20.569+0000] {processor.py:836} INFO - DAG(s) dict_keys(['example_xcom']) retrieved from /home/airflow/.local/lib/python3.7/site-packages/airflow/example_dags/example_xcom.py
[2023-07-27T01:51:20.595+0000] {logging_mixin.py:150} INFO - [2023-07-27T01:51:20.595+0000] {dag.py:2742} INFO - Sync 1 DAGs
[2023-07-27T01:51:20.622+0000] {logging_mixin.py:150} INFO - [2023-07-27T01:51:20.622+0000] {dag.py:3508} INFO - Setting next_dagrun for example_xcom to 2021-01-01T00:00:00+00:00, run_after=2021-01-01T00:00:00+00:00
[2023-07-27T01:51:20.644+0000] {processor.py:179} INFO - Processing /home/airflow/.local/lib/python3.7/site-packages/airflow/example_dags/example_xcom.py took 0.090 seconds
[2023-07-27T01:51:50.970+0000] {processor.py:157} INFO - Started process (PID=3863) to work on /home/airflow/.local/lib/python3.7/site-packages/airflow/example_dags/example_xcom.py
[2023-07-27T01:51:50.971+0000] {processor.py:826} INFO - Processing file /home/airflow/.local/lib/python3.7/site-packages/airflow/example_dags/example_xcom.py for tasks to queue
[2023-07-27T01:51:50.973+0000] {logging_mixin.py:150} INFO - [2023-07-27T01:51:50.972+0000] {dagbag.py:541} INFO - Filling up the DagBag from /home/airflow/.local/lib/python3.7/site-packages/airflow/example_dags/example_xcom.py
[2023-07-27T01:51:50.981+0000] {processor.py:836} INFO - DAG(s) dict_keys(['example_xcom']) retrieved from /home/airflow/.local/lib/python3.7/site-packages/airflow/example_dags/example_xcom.py
[2023-07-27T01:51:51.009+0000] {logging_mixin.py:150} INFO - [2023-07-27T01:51:51.009+0000] {dag.py:2742} INFO - Sync 1 DAGs
[2023-07-27T01:51:51.037+0000] {logging_mixin.py:150} INFO - [2023-07-27T01:51:51.036+0000] {dag.py:3508} INFO - Setting next_dagrun for example_xcom to 2021-01-01T00:00:00+00:00, run_after=2021-01-01T00:00:00+00:00
[2023-07-27T01:51:51.061+0000] {processor.py:179} INFO - Processing /home/airflow/.local/lib/python3.7/site-packages/airflow/example_dags/example_xcom.py took 0.094 seconds
[2023-07-27T01:52:21.566+0000] {processor.py:157} INFO - Started process (PID=3922) to work on /home/airflow/.local/lib/python3.7/site-packages/airflow/example_dags/example_xcom.py
[2023-07-27T01:52:21.567+0000] {processor.py:826} INFO - Processing file /home/airflow/.local/lib/python3.7/site-packages/airflow/example_dags/example_xcom.py for tasks to queue
[2023-07-27T01:52:21.568+0000] {logging_mixin.py:150} INFO - [2023-07-27T01:52:21.568+0000] {dagbag.py:541} INFO - Filling up the DagBag from /home/airflow/.local/lib/python3.7/site-packages/airflow/example_dags/example_xcom.py
[2023-07-27T01:52:21.577+0000] {processor.py:836} INFO - DAG(s) dict_keys(['example_xcom']) retrieved from /home/airflow/.local/lib/python3.7/site-packages/airflow/example_dags/example_xcom.py
[2023-07-27T01:52:21.606+0000] {logging_mixin.py:150} INFO - [2023-07-27T01:52:21.606+0000] {dag.py:2742} INFO - Sync 1 DAGs
[2023-07-27T01:52:21.634+0000] {logging_mixin.py:150} INFO - [2023-07-27T01:52:21.633+0000] {dag.py:3508} INFO - Setting next_dagrun for example_xcom to 2021-01-01T00:00:00+00:00, run_after=2021-01-01T00:00:00+00:00
[2023-07-27T01:52:21.656+0000] {processor.py:179} INFO - Processing /home/airflow/.local/lib/python3.7/site-packages/airflow/example_dags/example_xcom.py took 0.094 seconds
[2023-07-27T01:52:52.249+0000] {processor.py:157} INFO - Started process (PID=3982) to work on /home/airflow/.local/lib/python3.7/site-packages/airflow/example_dags/example_xcom.py
[2023-07-27T01:52:52.255+0000] {processor.py:826} INFO - Processing file /home/airflow/.local/lib/python3.7/site-packages/airflow/example_dags/example_xcom.py for tasks to queue
[2023-07-27T01:52:52.256+0000] {logging_mixin.py:150} INFO - [2023-07-27T01:52:52.256+0000] {dagbag.py:541} INFO - Filling up the DagBag from /home/airflow/.local/lib/python3.7/site-packages/airflow/example_dags/example_xcom.py
[2023-07-27T01:52:52.280+0000] {processor.py:836} INFO - DAG(s) dict_keys(['example_xcom']) retrieved from /home/airflow/.local/lib/python3.7/site-packages/airflow/example_dags/example_xcom.py
[2023-07-27T01:52:52.313+0000] {logging_mixin.py:150} INFO - [2023-07-27T01:52:52.312+0000] {dag.py:2742} INFO - Sync 1 DAGs
[2023-07-27T01:52:52.347+0000] {logging_mixin.py:150} INFO - [2023-07-27T01:52:52.347+0000] {dag.py:3508} INFO - Setting next_dagrun for example_xcom to 2021-01-01T00:00:00+00:00, run_after=2021-01-01T00:00:00+00:00
[2023-07-27T01:52:52.377+0000] {processor.py:179} INFO - Processing /home/airflow/.local/lib/python3.7/site-packages/airflow/example_dags/example_xcom.py took 0.132 seconds
[2023-07-27T01:53:22.673+0000] {processor.py:157} INFO - Started process (PID=4042) to work on /home/airflow/.local/lib/python3.7/site-packages/airflow/example_dags/example_xcom.py
[2023-07-27T01:53:22.674+0000] {processor.py:826} INFO - Processing file /home/airflow/.local/lib/python3.7/site-packages/airflow/example_dags/example_xcom.py for tasks to queue
[2023-07-27T01:53:22.675+0000] {logging_mixin.py:150} INFO - [2023-07-27T01:53:22.675+0000] {dagbag.py:541} INFO - Filling up the DagBag from /home/airflow/.local/lib/python3.7/site-packages/airflow/example_dags/example_xcom.py
[2023-07-27T01:53:22.683+0000] {processor.py:836} INFO - DAG(s) dict_keys(['example_xcom']) retrieved from /home/airflow/.local/lib/python3.7/site-packages/airflow/example_dags/example_xcom.py
[2023-07-27T01:53:22.709+0000] {logging_mixin.py:150} INFO - [2023-07-27T01:53:22.709+0000] {dag.py:2742} INFO - Sync 1 DAGs
[2023-07-27T01:53:22.736+0000] {logging_mixin.py:150} INFO - [2023-07-27T01:53:22.736+0000] {dag.py:3508} INFO - Setting next_dagrun for example_xcom to 2021-01-01T00:00:00+00:00, run_after=2021-01-01T00:00:00+00:00
[2023-07-27T01:53:22.760+0000] {processor.py:179} INFO - Processing /home/airflow/.local/lib/python3.7/site-packages/airflow/example_dags/example_xcom.py took 0.091 seconds
[2023-07-27T01:53:52.959+0000] {processor.py:157} INFO - Started process (PID=4102) to work on /home/airflow/.local/lib/python3.7/site-packages/airflow/example_dags/example_xcom.py
[2023-07-27T01:53:52.961+0000] {processor.py:826} INFO - Processing file /home/airflow/.local/lib/python3.7/site-packages/airflow/example_dags/example_xcom.py for tasks to queue
[2023-07-27T01:53:52.962+0000] {logging_mixin.py:150} INFO - [2023-07-27T01:53:52.961+0000] {dagbag.py:541} INFO - Filling up the DagBag from /home/airflow/.local/lib/python3.7/site-packages/airflow/example_dags/example_xcom.py
[2023-07-27T01:53:52.970+0000] {processor.py:836} INFO - DAG(s) dict_keys(['example_xcom']) retrieved from /home/airflow/.local/lib/python3.7/site-packages/airflow/example_dags/example_xcom.py
[2023-07-27T01:53:52.996+0000] {logging_mixin.py:150} INFO - [2023-07-27T01:53:52.996+0000] {dag.py:2742} INFO - Sync 1 DAGs
[2023-07-27T01:53:53.022+0000] {logging_mixin.py:150} INFO - [2023-07-27T01:53:53.022+0000] {dag.py:3508} INFO - Setting next_dagrun for example_xcom to 2021-01-01T00:00:00+00:00, run_after=2021-01-01T00:00:00+00:00
[2023-07-27T01:53:53.044+0000] {processor.py:179} INFO - Processing /home/airflow/.local/lib/python3.7/site-packages/airflow/example_dags/example_xcom.py took 0.089 seconds
[2023-07-27T01:54:23.152+0000] {processor.py:157} INFO - Started process (PID=4162) to work on /home/airflow/.local/lib/python3.7/site-packages/airflow/example_dags/example_xcom.py
[2023-07-27T01:54:23.153+0000] {processor.py:826} INFO - Processing file /home/airflow/.local/lib/python3.7/site-packages/airflow/example_dags/example_xcom.py for tasks to queue
[2023-07-27T01:54:23.154+0000] {logging_mixin.py:150} INFO - [2023-07-27T01:54:23.154+0000] {dagbag.py:541} INFO - Filling up the DagBag from /home/airflow/.local/lib/python3.7/site-packages/airflow/example_dags/example_xcom.py
[2023-07-27T01:54:23.162+0000] {processor.py:836} INFO - DAG(s) dict_keys(['example_xcom']) retrieved from /home/airflow/.local/lib/python3.7/site-packages/airflow/example_dags/example_xcom.py
[2023-07-27T01:54:23.188+0000] {logging_mixin.py:150} INFO - [2023-07-27T01:54:23.188+0000] {dag.py:2742} INFO - Sync 1 DAGs
[2023-07-27T01:54:23.215+0000] {logging_mixin.py:150} INFO - [2023-07-27T01:54:23.215+0000] {dag.py:3508} INFO - Setting next_dagrun for example_xcom to 2021-01-01T00:00:00+00:00, run_after=2021-01-01T00:00:00+00:00
[2023-07-27T01:54:23.237+0000] {processor.py:179} INFO - Processing /home/airflow/.local/lib/python3.7/site-packages/airflow/example_dags/example_xcom.py took 0.088 seconds
[2023-07-27T01:54:53.304+0000] {processor.py:157} INFO - Started process (PID=4222) to work on /home/airflow/.local/lib/python3.7/site-packages/airflow/example_dags/example_xcom.py
[2023-07-27T01:54:53.305+0000] {processor.py:826} INFO - Processing file /home/airflow/.local/lib/python3.7/site-packages/airflow/example_dags/example_xcom.py for tasks to queue
[2023-07-27T01:54:53.306+0000] {logging_mixin.py:150} INFO - [2023-07-27T01:54:53.306+0000] {dagbag.py:541} INFO - Filling up the DagBag from /home/airflow/.local/lib/python3.7/site-packages/airflow/example_dags/example_xcom.py
[2023-07-27T01:54:53.314+0000] {processor.py:836} INFO - DAG(s) dict_keys(['example_xcom']) retrieved from /home/airflow/.local/lib/python3.7/site-packages/airflow/example_dags/example_xcom.py
[2023-07-27T01:54:53.340+0000] {logging_mixin.py:150} INFO - [2023-07-27T01:54:53.340+0000] {dag.py:2742} INFO - Sync 1 DAGs
[2023-07-27T01:54:53.367+0000] {logging_mixin.py:150} INFO - [2023-07-27T01:54:53.367+0000] {dag.py:3508} INFO - Setting next_dagrun for example_xcom to 2021-01-01T00:00:00+00:00, run_after=2021-01-01T00:00:00+00:00
[2023-07-27T01:54:53.389+0000] {processor.py:179} INFO - Processing /home/airflow/.local/lib/python3.7/site-packages/airflow/example_dags/example_xcom.py took 0.089 seconds
[2023-07-27T01:55:23.699+0000] {processor.py:157} INFO - Started process (PID=4282) to work on /home/airflow/.local/lib/python3.7/site-packages/airflow/example_dags/example_xcom.py
[2023-07-27T01:55:23.700+0000] {processor.py:826} INFO - Processing file /home/airflow/.local/lib/python3.7/site-packages/airflow/example_dags/example_xcom.py for tasks to queue
[2023-07-27T01:55:23.701+0000] {logging_mixin.py:150} INFO - [2023-07-27T01:55:23.701+0000] {dagbag.py:541} INFO - Filling up the DagBag from /home/airflow/.local/lib/python3.7/site-packages/airflow/example_dags/example_xcom.py
[2023-07-27T01:55:23.710+0000] {processor.py:836} INFO - DAG(s) dict_keys(['example_xcom']) retrieved from /home/airflow/.local/lib/python3.7/site-packages/airflow/example_dags/example_xcom.py
[2023-07-27T01:55:23.736+0000] {logging_mixin.py:150} INFO - [2023-07-27T01:55:23.736+0000] {dag.py:2742} INFO - Sync 1 DAGs
[2023-07-27T01:55:23.762+0000] {logging_mixin.py:150} INFO - [2023-07-27T01:55:23.762+0000] {dag.py:3508} INFO - Setting next_dagrun for example_xcom to 2021-01-01T00:00:00+00:00, run_after=2021-01-01T00:00:00+00:00
[2023-07-27T01:55:23.784+0000] {processor.py:179} INFO - Processing /home/airflow/.local/lib/python3.7/site-packages/airflow/example_dags/example_xcom.py took 0.089 seconds
[2023-07-27T01:55:53.958+0000] {processor.py:157} INFO - Started process (PID=4341) to work on /home/airflow/.local/lib/python3.7/site-packages/airflow/example_dags/example_xcom.py
[2023-07-27T01:55:53.960+0000] {processor.py:826} INFO - Processing file /home/airflow/.local/lib/python3.7/site-packages/airflow/example_dags/example_xcom.py for tasks to queue
[2023-07-27T01:55:53.961+0000] {logging_mixin.py:150} INFO - [2023-07-27T01:55:53.960+0000] {dagbag.py:541} INFO - Filling up the DagBag from /home/airflow/.local/lib/python3.7/site-packages/airflow/example_dags/example_xcom.py
[2023-07-27T01:55:53.969+0000] {processor.py:836} INFO - DAG(s) dict_keys(['example_xcom']) retrieved from /home/airflow/.local/lib/python3.7/site-packages/airflow/example_dags/example_xcom.py
[2023-07-27T01:55:53.996+0000] {logging_mixin.py:150} INFO - [2023-07-27T01:55:53.996+0000] {dag.py:2742} INFO - Sync 1 DAGs
[2023-07-27T01:55:54.024+0000] {logging_mixin.py:150} INFO - [2023-07-27T01:55:54.023+0000] {dag.py:3508} INFO - Setting next_dagrun for example_xcom to 2021-01-01T00:00:00+00:00, run_after=2021-01-01T00:00:00+00:00
[2023-07-27T01:55:54.047+0000] {processor.py:179} INFO - Processing /home/airflow/.local/lib/python3.7/site-packages/airflow/example_dags/example_xcom.py took 0.092 seconds
[2023-07-27T01:56:24.548+0000] {processor.py:157} INFO - Started process (PID=4402) to work on /home/airflow/.local/lib/python3.7/site-packages/airflow/example_dags/example_xcom.py
[2023-07-27T01:56:24.550+0000] {processor.py:826} INFO - Processing file /home/airflow/.local/lib/python3.7/site-packages/airflow/example_dags/example_xcom.py for tasks to queue
[2023-07-27T01:56:24.551+0000] {logging_mixin.py:150} INFO - [2023-07-27T01:56:24.550+0000] {dagbag.py:541} INFO - Filling up the DagBag from /home/airflow/.local/lib/python3.7/site-packages/airflow/example_dags/example_xcom.py
[2023-07-27T01:56:24.560+0000] {processor.py:836} INFO - DAG(s) dict_keys(['example_xcom']) retrieved from /home/airflow/.local/lib/python3.7/site-packages/airflow/example_dags/example_xcom.py
[2023-07-27T01:56:24.589+0000] {logging_mixin.py:150} INFO - [2023-07-27T01:56:24.589+0000] {dag.py:2742} INFO - Sync 1 DAGs
[2023-07-27T01:56:24.619+0000] {logging_mixin.py:150} INFO - [2023-07-27T01:56:24.618+0000] {dag.py:3508} INFO - Setting next_dagrun for example_xcom to 2021-01-01T00:00:00+00:00, run_after=2021-01-01T00:00:00+00:00
[2023-07-27T01:56:24.643+0000] {processor.py:179} INFO - Processing /home/airflow/.local/lib/python3.7/site-packages/airflow/example_dags/example_xcom.py took 0.098 seconds
[2023-07-27T01:56:55.100+0000] {processor.py:157} INFO - Started process (PID=4463) to work on /home/airflow/.local/lib/python3.7/site-packages/airflow/example_dags/example_xcom.py
[2023-07-27T01:56:55.101+0000] {processor.py:826} INFO - Processing file /home/airflow/.local/lib/python3.7/site-packages/airflow/example_dags/example_xcom.py for tasks to queue
[2023-07-27T01:56:55.103+0000] {logging_mixin.py:150} INFO - [2023-07-27T01:56:55.102+0000] {dagbag.py:541} INFO - Filling up the DagBag from /home/airflow/.local/lib/python3.7/site-packages/airflow/example_dags/example_xcom.py
[2023-07-27T01:56:55.111+0000] {processor.py:836} INFO - DAG(s) dict_keys(['example_xcom']) retrieved from /home/airflow/.local/lib/python3.7/site-packages/airflow/example_dags/example_xcom.py
[2023-07-27T01:56:55.145+0000] {logging_mixin.py:150} INFO - [2023-07-27T01:56:55.145+0000] {dag.py:2742} INFO - Sync 1 DAGs
[2023-07-27T01:56:55.172+0000] {logging_mixin.py:150} INFO - [2023-07-27T01:56:55.172+0000] {dag.py:3508} INFO - Setting next_dagrun for example_xcom to 2021-01-01T00:00:00+00:00, run_after=2021-01-01T00:00:00+00:00
[2023-07-27T01:56:55.202+0000] {processor.py:179} INFO - Processing /home/airflow/.local/lib/python3.7/site-packages/airflow/example_dags/example_xcom.py took 0.106 seconds
[2023-07-27T01:57:25.314+0000] {processor.py:157} INFO - Started process (PID=4524) to work on /home/airflow/.local/lib/python3.7/site-packages/airflow/example_dags/example_xcom.py
[2023-07-27T01:57:25.315+0000] {processor.py:826} INFO - Processing file /home/airflow/.local/lib/python3.7/site-packages/airflow/example_dags/example_xcom.py for tasks to queue
[2023-07-27T01:57:25.317+0000] {logging_mixin.py:150} INFO - [2023-07-27T01:57:25.316+0000] {dagbag.py:541} INFO - Filling up the DagBag from /home/airflow/.local/lib/python3.7/site-packages/airflow/example_dags/example_xcom.py
[2023-07-27T01:57:25.325+0000] {processor.py:836} INFO - DAG(s) dict_keys(['example_xcom']) retrieved from /home/airflow/.local/lib/python3.7/site-packages/airflow/example_dags/example_xcom.py
[2023-07-27T01:57:25.352+0000] {logging_mixin.py:150} INFO - [2023-07-27T01:57:25.352+0000] {dag.py:2742} INFO - Sync 1 DAGs
[2023-07-27T01:57:25.378+0000] {logging_mixin.py:150} INFO - [2023-07-27T01:57:25.378+0000] {dag.py:3508} INFO - Setting next_dagrun for example_xcom to 2021-01-01T00:00:00+00:00, run_after=2021-01-01T00:00:00+00:00
[2023-07-27T01:57:25.400+0000] {processor.py:179} INFO - Processing /home/airflow/.local/lib/python3.7/site-packages/airflow/example_dags/example_xcom.py took 0.089 seconds
[2023-07-27T01:57:55.582+0000] {processor.py:157} INFO - Started process (PID=4584) to work on /home/airflow/.local/lib/python3.7/site-packages/airflow/example_dags/example_xcom.py
[2023-07-27T01:57:55.584+0000] {processor.py:826} INFO - Processing file /home/airflow/.local/lib/python3.7/site-packages/airflow/example_dags/example_xcom.py for tasks to queue
[2023-07-27T01:57:55.585+0000] {logging_mixin.py:150} INFO - [2023-07-27T01:57:55.585+0000] {dagbag.py:541} INFO - Filling up the DagBag from /home/airflow/.local/lib/python3.7/site-packages/airflow/example_dags/example_xcom.py
[2023-07-27T01:57:55.593+0000] {processor.py:836} INFO - DAG(s) dict_keys(['example_xcom']) retrieved from /home/airflow/.local/lib/python3.7/site-packages/airflow/example_dags/example_xcom.py
[2023-07-27T01:57:55.620+0000] {logging_mixin.py:150} INFO - [2023-07-27T01:57:55.620+0000] {dag.py:2742} INFO - Sync 1 DAGs
[2023-07-27T01:57:55.648+0000] {logging_mixin.py:150} INFO - [2023-07-27T01:57:55.648+0000] {dag.py:3508} INFO - Setting next_dagrun for example_xcom to 2021-01-01T00:00:00+00:00, run_after=2021-01-01T00:00:00+00:00
[2023-07-27T01:57:55.670+0000] {processor.py:179} INFO - Processing /home/airflow/.local/lib/python3.7/site-packages/airflow/example_dags/example_xcom.py took 0.091 seconds
[2023-07-27T01:58:26.105+0000] {processor.py:157} INFO - Started process (PID=4644) to work on /home/airflow/.local/lib/python3.7/site-packages/airflow/example_dags/example_xcom.py
[2023-07-27T01:58:26.106+0000] {processor.py:826} INFO - Processing file /home/airflow/.local/lib/python3.7/site-packages/airflow/example_dags/example_xcom.py for tasks to queue
[2023-07-27T01:58:26.107+0000] {logging_mixin.py:150} INFO - [2023-07-27T01:58:26.107+0000] {dagbag.py:541} INFO - Filling up the DagBag from /home/airflow/.local/lib/python3.7/site-packages/airflow/example_dags/example_xcom.py
[2023-07-27T01:58:26.116+0000] {processor.py:836} INFO - DAG(s) dict_keys(['example_xcom']) retrieved from /home/airflow/.local/lib/python3.7/site-packages/airflow/example_dags/example_xcom.py
[2023-07-27T01:58:26.142+0000] {logging_mixin.py:150} INFO - [2023-07-27T01:58:26.142+0000] {dag.py:2742} INFO - Sync 1 DAGs
[2023-07-27T01:58:26.170+0000] {logging_mixin.py:150} INFO - [2023-07-27T01:58:26.169+0000] {dag.py:3508} INFO - Setting next_dagrun for example_xcom to 2021-01-01T00:00:00+00:00, run_after=2021-01-01T00:00:00+00:00
[2023-07-27T01:58:26.194+0000] {processor.py:179} INFO - Processing /home/airflow/.local/lib/python3.7/site-packages/airflow/example_dags/example_xcom.py took 0.093 seconds
[2023-07-27T01:58:56.308+0000] {processor.py:157} INFO - Started process (PID=4704) to work on /home/airflow/.local/lib/python3.7/site-packages/airflow/example_dags/example_xcom.py
[2023-07-27T01:58:56.309+0000] {processor.py:826} INFO - Processing file /home/airflow/.local/lib/python3.7/site-packages/airflow/example_dags/example_xcom.py for tasks to queue
[2023-07-27T01:58:56.310+0000] {logging_mixin.py:150} INFO - [2023-07-27T01:58:56.310+0000] {dagbag.py:541} INFO - Filling up the DagBag from /home/airflow/.local/lib/python3.7/site-packages/airflow/example_dags/example_xcom.py
[2023-07-27T01:58:56.318+0000] {processor.py:836} INFO - DAG(s) dict_keys(['example_xcom']) retrieved from /home/airflow/.local/lib/python3.7/site-packages/airflow/example_dags/example_xcom.py
[2023-07-27T01:58:56.346+0000] {logging_mixin.py:150} INFO - [2023-07-27T01:58:56.345+0000] {dag.py:2742} INFO - Sync 1 DAGs
[2023-07-27T01:58:56.373+0000] {logging_mixin.py:150} INFO - [2023-07-27T01:58:56.373+0000] {dag.py:3508} INFO - Setting next_dagrun for example_xcom to 2021-01-01T00:00:00+00:00, run_after=2021-01-01T00:00:00+00:00
[2023-07-27T01:58:56.396+0000] {processor.py:179} INFO - Processing /home/airflow/.local/lib/python3.7/site-packages/airflow/example_dags/example_xcom.py took 0.091 seconds
[2023-07-27T01:59:26.613+0000] {processor.py:157} INFO - Started process (PID=4764) to work on /home/airflow/.local/lib/python3.7/site-packages/airflow/example_dags/example_xcom.py
[2023-07-27T01:59:26.614+0000] {processor.py:826} INFO - Processing file /home/airflow/.local/lib/python3.7/site-packages/airflow/example_dags/example_xcom.py for tasks to queue
[2023-07-27T01:59:26.616+0000] {logging_mixin.py:150} INFO - [2023-07-27T01:59:26.615+0000] {dagbag.py:541} INFO - Filling up the DagBag from /home/airflow/.local/lib/python3.7/site-packages/airflow/example_dags/example_xcom.py
[2023-07-27T01:59:26.624+0000] {processor.py:836} INFO - DAG(s) dict_keys(['example_xcom']) retrieved from /home/airflow/.local/lib/python3.7/site-packages/airflow/example_dags/example_xcom.py
[2023-07-27T01:59:26.649+0000] {logging_mixin.py:150} INFO - [2023-07-27T01:59:26.649+0000] {dag.py:2742} INFO - Sync 1 DAGs
[2023-07-27T01:59:26.676+0000] {logging_mixin.py:150} INFO - [2023-07-27T01:59:26.676+0000] {dag.py:3508} INFO - Setting next_dagrun for example_xcom to 2021-01-01T00:00:00+00:00, run_after=2021-01-01T00:00:00+00:00
[2023-07-27T01:59:26.698+0000] {processor.py:179} INFO - Processing /home/airflow/.local/lib/python3.7/site-packages/airflow/example_dags/example_xcom.py took 0.088 seconds
[2023-07-27T01:59:57.372+0000] {processor.py:157} INFO - Started process (PID=4824) to work on /home/airflow/.local/lib/python3.7/site-packages/airflow/example_dags/example_xcom.py
[2023-07-27T01:59:57.373+0000] {processor.py:826} INFO - Processing file /home/airflow/.local/lib/python3.7/site-packages/airflow/example_dags/example_xcom.py for tasks to queue
[2023-07-27T01:59:57.374+0000] {logging_mixin.py:150} INFO - [2023-07-27T01:59:57.374+0000] {dagbag.py:541} INFO - Filling up the DagBag from /home/airflow/.local/lib/python3.7/site-packages/airflow/example_dags/example_xcom.py
[2023-07-27T01:59:57.382+0000] {processor.py:836} INFO - DAG(s) dict_keys(['example_xcom']) retrieved from /home/airflow/.local/lib/python3.7/site-packages/airflow/example_dags/example_xcom.py
[2023-07-27T01:59:57.410+0000] {logging_mixin.py:150} INFO - [2023-07-27T01:59:57.409+0000] {dag.py:2742} INFO - Sync 1 DAGs
[2023-07-27T01:59:57.437+0000] {logging_mixin.py:150} INFO - [2023-07-27T01:59:57.437+0000] {dag.py:3508} INFO - Setting next_dagrun for example_xcom to 2021-01-01T00:00:00+00:00, run_after=2021-01-01T00:00:00+00:00
[2023-07-27T01:59:57.461+0000] {processor.py:179} INFO - Processing /home/airflow/.local/lib/python3.7/site-packages/airflow/example_dags/example_xcom.py took 0.093 seconds
[2023-07-27T02:00:28.279+0000] {processor.py:157} INFO - Started process (PID=4884) to work on /home/airflow/.local/lib/python3.7/site-packages/airflow/example_dags/example_xcom.py
[2023-07-27T02:00:28.281+0000] {processor.py:826} INFO - Processing file /home/airflow/.local/lib/python3.7/site-packages/airflow/example_dags/example_xcom.py for tasks to queue
[2023-07-27T02:00:28.282+0000] {logging_mixin.py:150} INFO - [2023-07-27T02:00:28.281+0000] {dagbag.py:541} INFO - Filling up the DagBag from /home/airflow/.local/lib/python3.7/site-packages/airflow/example_dags/example_xcom.py
[2023-07-27T02:00:28.290+0000] {processor.py:836} INFO - DAG(s) dict_keys(['example_xcom']) retrieved from /home/airflow/.local/lib/python3.7/site-packages/airflow/example_dags/example_xcom.py
[2023-07-27T02:00:28.317+0000] {logging_mixin.py:150} INFO - [2023-07-27T02:00:28.317+0000] {dag.py:2742} INFO - Sync 1 DAGs
[2023-07-27T02:00:28.344+0000] {logging_mixin.py:150} INFO - [2023-07-27T02:00:28.344+0000] {dag.py:3508} INFO - Setting next_dagrun for example_xcom to 2021-01-01T00:00:00+00:00, run_after=2021-01-01T00:00:00+00:00
[2023-07-27T02:00:28.367+0000] {processor.py:179} INFO - Processing /home/airflow/.local/lib/python3.7/site-packages/airflow/example_dags/example_xcom.py took 0.091 seconds
[2023-07-27T02:00:58.480+0000] {processor.py:157} INFO - Started process (PID=4944) to work on /home/airflow/.local/lib/python3.7/site-packages/airflow/example_dags/example_xcom.py
[2023-07-27T02:00:58.481+0000] {processor.py:826} INFO - Processing file /home/airflow/.local/lib/python3.7/site-packages/airflow/example_dags/example_xcom.py for tasks to queue
[2023-07-27T02:00:58.482+0000] {logging_mixin.py:150} INFO - [2023-07-27T02:00:58.482+0000] {dagbag.py:541} INFO - Filling up the DagBag from /home/airflow/.local/lib/python3.7/site-packages/airflow/example_dags/example_xcom.py
[2023-07-27T02:00:58.491+0000] {processor.py:836} INFO - DAG(s) dict_keys(['example_xcom']) retrieved from /home/airflow/.local/lib/python3.7/site-packages/airflow/example_dags/example_xcom.py
[2023-07-27T02:00:58.519+0000] {logging_mixin.py:150} INFO - [2023-07-27T02:00:58.519+0000] {dag.py:2742} INFO - Sync 1 DAGs
[2023-07-27T02:00:58.546+0000] {logging_mixin.py:150} INFO - [2023-07-27T02:00:58.546+0000] {dag.py:3508} INFO - Setting next_dagrun for example_xcom to 2021-01-01T00:00:00+00:00, run_after=2021-01-01T00:00:00+00:00
[2023-07-27T02:00:58.578+0000] {processor.py:179} INFO - Processing /home/airflow/.local/lib/python3.7/site-packages/airflow/example_dags/example_xcom.py took 0.101 seconds
[2023-07-27T02:01:28.604+0000] {processor.py:157} INFO - Started process (PID=5004) to work on /home/airflow/.local/lib/python3.7/site-packages/airflow/example_dags/example_xcom.py
[2023-07-27T02:01:28.605+0000] {processor.py:826} INFO - Processing file /home/airflow/.local/lib/python3.7/site-packages/airflow/example_dags/example_xcom.py for tasks to queue
[2023-07-27T02:01:28.606+0000] {logging_mixin.py:150} INFO - [2023-07-27T02:01:28.606+0000] {dagbag.py:541} INFO - Filling up the DagBag from /home/airflow/.local/lib/python3.7/site-packages/airflow/example_dags/example_xcom.py
[2023-07-27T02:01:28.615+0000] {processor.py:836} INFO - DAG(s) dict_keys(['example_xcom']) retrieved from /home/airflow/.local/lib/python3.7/site-packages/airflow/example_dags/example_xcom.py
[2023-07-27T02:01:28.641+0000] {logging_mixin.py:150} INFO - [2023-07-27T02:01:28.640+0000] {dag.py:2742} INFO - Sync 1 DAGs
[2023-07-27T02:01:28.669+0000] {logging_mixin.py:150} INFO - [2023-07-27T02:01:28.668+0000] {dag.py:3508} INFO - Setting next_dagrun for example_xcom to 2021-01-01T00:00:00+00:00, run_after=2021-01-01T00:00:00+00:00
[2023-07-27T02:01:28.691+0000] {processor.py:179} INFO - Processing /home/airflow/.local/lib/python3.7/site-packages/airflow/example_dags/example_xcom.py took 0.091 seconds
[2023-07-27T02:01:58.972+0000] {processor.py:157} INFO - Started process (PID=5064) to work on /home/airflow/.local/lib/python3.7/site-packages/airflow/example_dags/example_xcom.py
[2023-07-27T02:01:58.974+0000] {processor.py:826} INFO - Processing file /home/airflow/.local/lib/python3.7/site-packages/airflow/example_dags/example_xcom.py for tasks to queue
[2023-07-27T02:01:58.975+0000] {logging_mixin.py:150} INFO - [2023-07-27T02:01:58.975+0000] {dagbag.py:541} INFO - Filling up the DagBag from /home/airflow/.local/lib/python3.7/site-packages/airflow/example_dags/example_xcom.py
[2023-07-27T02:01:58.983+0000] {processor.py:836} INFO - DAG(s) dict_keys(['example_xcom']) retrieved from /home/airflow/.local/lib/python3.7/site-packages/airflow/example_dags/example_xcom.py
[2023-07-27T02:01:59.010+0000] {logging_mixin.py:150} INFO - [2023-07-27T02:01:59.010+0000] {dag.py:2742} INFO - Sync 1 DAGs
[2023-07-27T02:01:59.037+0000] {logging_mixin.py:150} INFO - [2023-07-27T02:01:59.037+0000] {dag.py:3508} INFO - Setting next_dagrun for example_xcom to 2021-01-01T00:00:00+00:00, run_after=2021-01-01T00:00:00+00:00
[2023-07-27T02:01:59.059+0000] {processor.py:179} INFO - Processing /home/airflow/.local/lib/python3.7/site-packages/airflow/example_dags/example_xcom.py took 0.091 seconds
[2023-07-27T02:02:29.155+0000] {processor.py:157} INFO - Started process (PID=5124) to work on /home/airflow/.local/lib/python3.7/site-packages/airflow/example_dags/example_xcom.py
[2023-07-27T02:02:29.156+0000] {processor.py:826} INFO - Processing file /home/airflow/.local/lib/python3.7/site-packages/airflow/example_dags/example_xcom.py for tasks to queue
[2023-07-27T02:02:29.157+0000] {logging_mixin.py:150} INFO - [2023-07-27T02:02:29.157+0000] {dagbag.py:541} INFO - Filling up the DagBag from /home/airflow/.local/lib/python3.7/site-packages/airflow/example_dags/example_xcom.py
[2023-07-27T02:02:29.165+0000] {processor.py:836} INFO - DAG(s) dict_keys(['example_xcom']) retrieved from /home/airflow/.local/lib/python3.7/site-packages/airflow/example_dags/example_xcom.py
[2023-07-27T02:02:29.192+0000] {logging_mixin.py:150} INFO - [2023-07-27T02:02:29.192+0000] {dag.py:2742} INFO - Sync 1 DAGs
[2023-07-27T02:02:29.219+0000] {logging_mixin.py:150} INFO - [2023-07-27T02:02:29.219+0000] {dag.py:3508} INFO - Setting next_dagrun for example_xcom to 2021-01-01T00:00:00+00:00, run_after=2021-01-01T00:00:00+00:00
[2023-07-27T02:02:29.241+0000] {processor.py:179} INFO - Processing /home/airflow/.local/lib/python3.7/site-packages/airflow/example_dags/example_xcom.py took 0.089 seconds
[2023-07-27T02:02:59.329+0000] {processor.py:157} INFO - Started process (PID=5184) to work on /home/airflow/.local/lib/python3.7/site-packages/airflow/example_dags/example_xcom.py
[2023-07-27T02:02:59.331+0000] {processor.py:826} INFO - Processing file /home/airflow/.local/lib/python3.7/site-packages/airflow/example_dags/example_xcom.py for tasks to queue
[2023-07-27T02:02:59.332+0000] {logging_mixin.py:150} INFO - [2023-07-27T02:02:59.332+0000] {dagbag.py:541} INFO - Filling up the DagBag from /home/airflow/.local/lib/python3.7/site-packages/airflow/example_dags/example_xcom.py
[2023-07-27T02:02:59.340+0000] {processor.py:836} INFO - DAG(s) dict_keys(['example_xcom']) retrieved from /home/airflow/.local/lib/python3.7/site-packages/airflow/example_dags/example_xcom.py
[2023-07-27T02:02:59.366+0000] {logging_mixin.py:150} INFO - [2023-07-27T02:02:59.365+0000] {dag.py:2742} INFO - Sync 1 DAGs
[2023-07-27T02:02:59.394+0000] {logging_mixin.py:150} INFO - [2023-07-27T02:02:59.393+0000] {dag.py:3508} INFO - Setting next_dagrun for example_xcom to 2021-01-01T00:00:00+00:00, run_after=2021-01-01T00:00:00+00:00
[2023-07-27T02:02:59.427+0000] {processor.py:179} INFO - Processing /home/airflow/.local/lib/python3.7/site-packages/airflow/example_dags/example_xcom.py took 0.101 seconds
[2023-07-27T02:03:29.681+0000] {processor.py:157} INFO - Started process (PID=5244) to work on /home/airflow/.local/lib/python3.7/site-packages/airflow/example_dags/example_xcom.py
[2023-07-27T02:03:29.682+0000] {processor.py:826} INFO - Processing file /home/airflow/.local/lib/python3.7/site-packages/airflow/example_dags/example_xcom.py for tasks to queue
[2023-07-27T02:03:29.684+0000] {logging_mixin.py:150} INFO - [2023-07-27T02:03:29.683+0000] {dagbag.py:541} INFO - Filling up the DagBag from /home/airflow/.local/lib/python3.7/site-packages/airflow/example_dags/example_xcom.py
[2023-07-27T02:03:29.693+0000] {processor.py:836} INFO - DAG(s) dict_keys(['example_xcom']) retrieved from /home/airflow/.local/lib/python3.7/site-packages/airflow/example_dags/example_xcom.py
[2023-07-27T02:03:29.724+0000] {logging_mixin.py:150} INFO - [2023-07-27T02:03:29.723+0000] {dag.py:2742} INFO - Sync 1 DAGs
[2023-07-27T02:03:29.755+0000] {logging_mixin.py:150} INFO - [2023-07-27T02:03:29.754+0000] {dag.py:3508} INFO - Setting next_dagrun for example_xcom to 2021-01-01T00:00:00+00:00, run_after=2021-01-01T00:00:00+00:00
[2023-07-27T02:03:29.782+0000] {processor.py:179} INFO - Processing /home/airflow/.local/lib/python3.7/site-packages/airflow/example_dags/example_xcom.py took 0.104 seconds
[2023-07-27T02:04:00.138+0000] {processor.py:157} INFO - Started process (PID=5304) to work on /home/airflow/.local/lib/python3.7/site-packages/airflow/example_dags/example_xcom.py
[2023-07-27T02:04:00.139+0000] {processor.py:826} INFO - Processing file /home/airflow/.local/lib/python3.7/site-packages/airflow/example_dags/example_xcom.py for tasks to queue
[2023-07-27T02:04:00.140+0000] {logging_mixin.py:150} INFO - [2023-07-27T02:04:00.140+0000] {dagbag.py:541} INFO - Filling up the DagBag from /home/airflow/.local/lib/python3.7/site-packages/airflow/example_dags/example_xcom.py
[2023-07-27T02:04:00.148+0000] {processor.py:836} INFO - DAG(s) dict_keys(['example_xcom']) retrieved from /home/airflow/.local/lib/python3.7/site-packages/airflow/example_dags/example_xcom.py
[2023-07-27T02:04:00.173+0000] {logging_mixin.py:150} INFO - [2023-07-27T02:04:00.173+0000] {dag.py:2742} INFO - Sync 1 DAGs
[2023-07-27T02:04:00.199+0000] {logging_mixin.py:150} INFO - [2023-07-27T02:04:00.199+0000] {dag.py:3508} INFO - Setting next_dagrun for example_xcom to 2021-01-01T00:00:00+00:00, run_after=2021-01-01T00:00:00+00:00
[2023-07-27T02:04:00.224+0000] {processor.py:179} INFO - Processing /home/airflow/.local/lib/python3.7/site-packages/airflow/example_dags/example_xcom.py took 0.089 seconds
[2023-07-27T02:04:30.308+0000] {processor.py:157} INFO - Started process (PID=5364) to work on /home/airflow/.local/lib/python3.7/site-packages/airflow/example_dags/example_xcom.py
[2023-07-27T02:04:30.309+0000] {processor.py:826} INFO - Processing file /home/airflow/.local/lib/python3.7/site-packages/airflow/example_dags/example_xcom.py for tasks to queue
[2023-07-27T02:04:30.310+0000] {logging_mixin.py:150} INFO - [2023-07-27T02:04:30.310+0000] {dagbag.py:541} INFO - Filling up the DagBag from /home/airflow/.local/lib/python3.7/site-packages/airflow/example_dags/example_xcom.py
[2023-07-27T02:04:30.319+0000] {processor.py:836} INFO - DAG(s) dict_keys(['example_xcom']) retrieved from /home/airflow/.local/lib/python3.7/site-packages/airflow/example_dags/example_xcom.py
[2023-07-27T02:04:30.347+0000] {logging_mixin.py:150} INFO - [2023-07-27T02:04:30.347+0000] {dag.py:2742} INFO - Sync 1 DAGs
[2023-07-27T02:04:30.376+0000] {logging_mixin.py:150} INFO - [2023-07-27T02:04:30.376+0000] {dag.py:3508} INFO - Setting next_dagrun for example_xcom to 2021-01-01T00:00:00+00:00, run_after=2021-01-01T00:00:00+00:00
[2023-07-27T02:04:30.401+0000] {processor.py:179} INFO - Processing /home/airflow/.local/lib/python3.7/site-packages/airflow/example_dags/example_xcom.py took 0.096 seconds
[2023-07-27T02:05:00.808+0000] {processor.py:157} INFO - Started process (PID=5424) to work on /home/airflow/.local/lib/python3.7/site-packages/airflow/example_dags/example_xcom.py
[2023-07-27T02:05:00.809+0000] {processor.py:826} INFO - Processing file /home/airflow/.local/lib/python3.7/site-packages/airflow/example_dags/example_xcom.py for tasks to queue
[2023-07-27T02:05:00.810+0000] {logging_mixin.py:150} INFO - [2023-07-27T02:05:00.810+0000] {dagbag.py:541} INFO - Filling up the DagBag from /home/airflow/.local/lib/python3.7/site-packages/airflow/example_dags/example_xcom.py
[2023-07-27T02:05:00.818+0000] {processor.py:836} INFO - DAG(s) dict_keys(['example_xcom']) retrieved from /home/airflow/.local/lib/python3.7/site-packages/airflow/example_dags/example_xcom.py
[2023-07-27T02:05:00.847+0000] {logging_mixin.py:150} INFO - [2023-07-27T02:05:00.846+0000] {dag.py:2742} INFO - Sync 1 DAGs
[2023-07-27T02:05:00.879+0000] {logging_mixin.py:150} INFO - [2023-07-27T02:05:00.879+0000] {dag.py:3508} INFO - Setting next_dagrun for example_xcom to 2021-01-01T00:00:00+00:00, run_after=2021-01-01T00:00:00+00:00
[2023-07-27T02:05:00.913+0000] {processor.py:179} INFO - Processing /home/airflow/.local/lib/python3.7/site-packages/airflow/example_dags/example_xcom.py took 0.109 seconds
[2023-07-27T02:05:31.243+0000] {processor.py:157} INFO - Started process (PID=5485) to work on /home/airflow/.local/lib/python3.7/site-packages/airflow/example_dags/example_xcom.py
[2023-07-27T02:05:31.245+0000] {processor.py:826} INFO - Processing file /home/airflow/.local/lib/python3.7/site-packages/airflow/example_dags/example_xcom.py for tasks to queue
[2023-07-27T02:05:31.246+0000] {logging_mixin.py:150} INFO - [2023-07-27T02:05:31.245+0000] {dagbag.py:541} INFO - Filling up the DagBag from /home/airflow/.local/lib/python3.7/site-packages/airflow/example_dags/example_xcom.py
[2023-07-27T02:05:31.254+0000] {processor.py:836} INFO - DAG(s) dict_keys(['example_xcom']) retrieved from /home/airflow/.local/lib/python3.7/site-packages/airflow/example_dags/example_xcom.py
[2023-07-27T02:05:31.281+0000] {logging_mixin.py:150} INFO - [2023-07-27T02:05:31.280+0000] {dag.py:2742} INFO - Sync 1 DAGs
[2023-07-27T02:05:31.308+0000] {logging_mixin.py:150} INFO - [2023-07-27T02:05:31.308+0000] {dag.py:3508} INFO - Setting next_dagrun for example_xcom to 2021-01-01T00:00:00+00:00, run_after=2021-01-01T00:00:00+00:00
[2023-07-27T02:05:31.331+0000] {processor.py:179} INFO - Processing /home/airflow/.local/lib/python3.7/site-packages/airflow/example_dags/example_xcom.py took 0.091 seconds
[2023-07-27T02:06:01.851+0000] {processor.py:157} INFO - Started process (PID=5544) to work on /home/airflow/.local/lib/python3.7/site-packages/airflow/example_dags/example_xcom.py
[2023-07-27T02:06:01.853+0000] {processor.py:826} INFO - Processing file /home/airflow/.local/lib/python3.7/site-packages/airflow/example_dags/example_xcom.py for tasks to queue
[2023-07-27T02:06:01.854+0000] {logging_mixin.py:150} INFO - [2023-07-27T02:06:01.853+0000] {dagbag.py:541} INFO - Filling up the DagBag from /home/airflow/.local/lib/python3.7/site-packages/airflow/example_dags/example_xcom.py
[2023-07-27T02:06:01.861+0000] {processor.py:836} INFO - DAG(s) dict_keys(['example_xcom']) retrieved from /home/airflow/.local/lib/python3.7/site-packages/airflow/example_dags/example_xcom.py
[2023-07-27T02:06:01.887+0000] {logging_mixin.py:150} INFO - [2023-07-27T02:06:01.887+0000] {dag.py:2742} INFO - Sync 1 DAGs
[2023-07-27T02:06:01.914+0000] {logging_mixin.py:150} INFO - [2023-07-27T02:06:01.914+0000] {dag.py:3508} INFO - Setting next_dagrun for example_xcom to 2021-01-01T00:00:00+00:00, run_after=2021-01-01T00:00:00+00:00
[2023-07-27T02:06:01.936+0000] {processor.py:179} INFO - Processing /home/airflow/.local/lib/python3.7/site-packages/airflow/example_dags/example_xcom.py took 0.088 seconds
[2023-07-27T02:06:32.429+0000] {processor.py:157} INFO - Started process (PID=5604) to work on /home/airflow/.local/lib/python3.7/site-packages/airflow/example_dags/example_xcom.py
[2023-07-27T02:06:32.430+0000] {processor.py:826} INFO - Processing file /home/airflow/.local/lib/python3.7/site-packages/airflow/example_dags/example_xcom.py for tasks to queue
[2023-07-27T02:06:32.431+0000] {logging_mixin.py:150} INFO - [2023-07-27T02:06:32.431+0000] {dagbag.py:541} INFO - Filling up the DagBag from /home/airflow/.local/lib/python3.7/site-packages/airflow/example_dags/example_xcom.py
[2023-07-27T02:06:32.439+0000] {processor.py:836} INFO - DAG(s) dict_keys(['example_xcom']) retrieved from /home/airflow/.local/lib/python3.7/site-packages/airflow/example_dags/example_xcom.py
[2023-07-27T02:06:32.466+0000] {logging_mixin.py:150} INFO - [2023-07-27T02:06:32.466+0000] {dag.py:2742} INFO - Sync 1 DAGs
[2023-07-27T02:06:32.492+0000] {logging_mixin.py:150} INFO - [2023-07-27T02:06:32.492+0000] {dag.py:3508} INFO - Setting next_dagrun for example_xcom to 2021-01-01T00:00:00+00:00, run_after=2021-01-01T00:00:00+00:00
[2023-07-27T02:06:32.517+0000] {processor.py:179} INFO - Processing /home/airflow/.local/lib/python3.7/site-packages/airflow/example_dags/example_xcom.py took 0.091 seconds
[2023-07-27T02:07:03.554+0000] {processor.py:157} INFO - Started process (PID=5664) to work on /home/airflow/.local/lib/python3.7/site-packages/airflow/example_dags/example_xcom.py
[2023-07-27T02:07:03.555+0000] {processor.py:826} INFO - Processing file /home/airflow/.local/lib/python3.7/site-packages/airflow/example_dags/example_xcom.py for tasks to queue
[2023-07-27T02:07:03.556+0000] {logging_mixin.py:150} INFO - [2023-07-27T02:07:03.556+0000] {dagbag.py:541} INFO - Filling up the DagBag from /home/airflow/.local/lib/python3.7/site-packages/airflow/example_dags/example_xcom.py
[2023-07-27T02:07:03.565+0000] {processor.py:836} INFO - DAG(s) dict_keys(['example_xcom']) retrieved from /home/airflow/.local/lib/python3.7/site-packages/airflow/example_dags/example_xcom.py
[2023-07-27T02:07:03.593+0000] {logging_mixin.py:150} INFO - [2023-07-27T02:07:03.592+0000] {dag.py:2742} INFO - Sync 1 DAGs
[2023-07-27T02:07:03.746+0000] {logging_mixin.py:150} INFO - [2023-07-27T02:07:03.746+0000] {dag.py:3508} INFO - Setting next_dagrun for example_xcom to 2021-01-01T00:00:00+00:00, run_after=2021-01-01T00:00:00+00:00
[2023-07-27T02:07:03.772+0000] {processor.py:179} INFO - Processing /home/airflow/.local/lib/python3.7/site-packages/airflow/example_dags/example_xcom.py took 0.222 seconds
[2023-07-27T02:07:34.573+0000] {processor.py:157} INFO - Started process (PID=5724) to work on /home/airflow/.local/lib/python3.7/site-packages/airflow/example_dags/example_xcom.py
[2023-07-27T02:07:34.578+0000] {processor.py:826} INFO - Processing file /home/airflow/.local/lib/python3.7/site-packages/airflow/example_dags/example_xcom.py for tasks to queue
[2023-07-27T02:07:34.581+0000] {logging_mixin.py:150} INFO - [2023-07-27T02:07:34.580+0000] {dagbag.py:541} INFO - Filling up the DagBag from /home/airflow/.local/lib/python3.7/site-packages/airflow/example_dags/example_xcom.py
[2023-07-27T02:07:34.590+0000] {processor.py:836} INFO - DAG(s) dict_keys(['example_xcom']) retrieved from /home/airflow/.local/lib/python3.7/site-packages/airflow/example_dags/example_xcom.py
[2023-07-27T02:07:34.620+0000] {logging_mixin.py:150} INFO - [2023-07-27T02:07:34.620+0000] {dag.py:2742} INFO - Sync 1 DAGs
[2023-07-27T02:07:34.649+0000] {logging_mixin.py:150} INFO - [2023-07-27T02:07:34.649+0000] {dag.py:3508} INFO - Setting next_dagrun for example_xcom to 2021-01-01T00:00:00+00:00, run_after=2021-01-01T00:00:00+00:00
[2023-07-27T02:07:34.715+0000] {processor.py:179} INFO - Processing /home/airflow/.local/lib/python3.7/site-packages/airflow/example_dags/example_xcom.py took 0.146 seconds
[2023-07-27T02:08:05.038+0000] {processor.py:157} INFO - Started process (PID=5784) to work on /home/airflow/.local/lib/python3.7/site-packages/airflow/example_dags/example_xcom.py
[2023-07-27T02:08:05.040+0000] {processor.py:826} INFO - Processing file /home/airflow/.local/lib/python3.7/site-packages/airflow/example_dags/example_xcom.py for tasks to queue
[2023-07-27T02:08:05.041+0000] {logging_mixin.py:150} INFO - [2023-07-27T02:08:05.040+0000] {dagbag.py:541} INFO - Filling up the DagBag from /home/airflow/.local/lib/python3.7/site-packages/airflow/example_dags/example_xcom.py
[2023-07-27T02:08:05.049+0000] {processor.py:836} INFO - DAG(s) dict_keys(['example_xcom']) retrieved from /home/airflow/.local/lib/python3.7/site-packages/airflow/example_dags/example_xcom.py
[2023-07-27T02:08:05.079+0000] {logging_mixin.py:150} INFO - [2023-07-27T02:08:05.078+0000] {dag.py:2742} INFO - Sync 1 DAGs
[2023-07-27T02:08:05.110+0000] {logging_mixin.py:150} INFO - [2023-07-27T02:08:05.110+0000] {dag.py:3508} INFO - Setting next_dagrun for example_xcom to 2021-01-01T00:00:00+00:00, run_after=2021-01-01T00:00:00+00:00
[2023-07-27T02:08:05.135+0000] {processor.py:179} INFO - Processing /home/airflow/.local/lib/python3.7/site-packages/airflow/example_dags/example_xcom.py took 0.101 seconds
[2023-07-27T02:08:35.543+0000] {processor.py:157} INFO - Started process (PID=5838) to work on /home/airflow/.local/lib/python3.7/site-packages/airflow/example_dags/example_xcom.py
[2023-07-27T02:08:35.545+0000] {processor.py:826} INFO - Processing file /home/airflow/.local/lib/python3.7/site-packages/airflow/example_dags/example_xcom.py for tasks to queue
[2023-07-27T02:08:35.546+0000] {logging_mixin.py:150} INFO - [2023-07-27T02:08:35.546+0000] {dagbag.py:541} INFO - Filling up the DagBag from /home/airflow/.local/lib/python3.7/site-packages/airflow/example_dags/example_xcom.py
[2023-07-27T02:08:35.554+0000] {processor.py:836} INFO - DAG(s) dict_keys(['example_xcom']) retrieved from /home/airflow/.local/lib/python3.7/site-packages/airflow/example_dags/example_xcom.py
[2023-07-27T02:08:35.582+0000] {logging_mixin.py:150} INFO - [2023-07-27T02:08:35.582+0000] {dag.py:2742} INFO - Sync 1 DAGs
[2023-07-27T02:08:35.717+0000] {logging_mixin.py:150} INFO - [2023-07-27T02:08:35.716+0000] {dag.py:3508} INFO - Setting next_dagrun for example_xcom to 2021-01-01T00:00:00+00:00, run_after=2021-01-01T00:00:00+00:00
[2023-07-27T02:08:35.740+0000] {processor.py:179} INFO - Processing /home/airflow/.local/lib/python3.7/site-packages/airflow/example_dags/example_xcom.py took 0.200 seconds
[2023-07-27T02:09:06.375+0000] {processor.py:157} INFO - Started process (PID=5898) to work on /home/airflow/.local/lib/python3.7/site-packages/airflow/example_dags/example_xcom.py
[2023-07-27T02:09:06.376+0000] {processor.py:826} INFO - Processing file /home/airflow/.local/lib/python3.7/site-packages/airflow/example_dags/example_xcom.py for tasks to queue
[2023-07-27T02:09:06.378+0000] {logging_mixin.py:150} INFO - [2023-07-27T02:09:06.377+0000] {dagbag.py:541} INFO - Filling up the DagBag from /home/airflow/.local/lib/python3.7/site-packages/airflow/example_dags/example_xcom.py
[2023-07-27T02:09:06.388+0000] {processor.py:836} INFO - DAG(s) dict_keys(['example_xcom']) retrieved from /home/airflow/.local/lib/python3.7/site-packages/airflow/example_dags/example_xcom.py
[2023-07-27T02:09:06.418+0000] {logging_mixin.py:150} INFO - [2023-07-27T02:09:06.418+0000] {dag.py:2742} INFO - Sync 1 DAGs
[2023-07-27T02:09:06.449+0000] {logging_mixin.py:150} INFO - [2023-07-27T02:09:06.449+0000] {dag.py:3508} INFO - Setting next_dagrun for example_xcom to 2021-01-01T00:00:00+00:00, run_after=2021-01-01T00:00:00+00:00
[2023-07-27T02:09:06.618+0000] {processor.py:179} INFO - Processing /home/airflow/.local/lib/python3.7/site-packages/airflow/example_dags/example_xcom.py took 0.246 seconds
[2023-07-27T02:09:36.676+0000] {processor.py:157} INFO - Started process (PID=5958) to work on /home/airflow/.local/lib/python3.7/site-packages/airflow/example_dags/example_xcom.py
[2023-07-27T02:09:36.677+0000] {processor.py:826} INFO - Processing file /home/airflow/.local/lib/python3.7/site-packages/airflow/example_dags/example_xcom.py for tasks to queue
[2023-07-27T02:09:36.678+0000] {logging_mixin.py:150} INFO - [2023-07-27T02:09:36.678+0000] {dagbag.py:541} INFO - Filling up the DagBag from /home/airflow/.local/lib/python3.7/site-packages/airflow/example_dags/example_xcom.py
[2023-07-27T02:09:36.687+0000] {processor.py:836} INFO - DAG(s) dict_keys(['example_xcom']) retrieved from /home/airflow/.local/lib/python3.7/site-packages/airflow/example_dags/example_xcom.py
[2023-07-27T02:09:36.713+0000] {logging_mixin.py:150} INFO - [2023-07-27T02:09:36.713+0000] {dag.py:2742} INFO - Sync 1 DAGs
[2023-07-27T02:09:36.741+0000] {logging_mixin.py:150} INFO - [2023-07-27T02:09:36.741+0000] {dag.py:3508} INFO - Setting next_dagrun for example_xcom to 2021-01-01T00:00:00+00:00, run_after=2021-01-01T00:00:00+00:00
[2023-07-27T02:09:36.764+0000] {processor.py:179} INFO - Processing /home/airflow/.local/lib/python3.7/site-packages/airflow/example_dags/example_xcom.py took 0.091 seconds
[2023-07-27T02:10:07.216+0000] {processor.py:157} INFO - Started process (PID=6018) to work on /home/airflow/.local/lib/python3.7/site-packages/airflow/example_dags/example_xcom.py
[2023-07-27T02:10:07.217+0000] {processor.py:826} INFO - Processing file /home/airflow/.local/lib/python3.7/site-packages/airflow/example_dags/example_xcom.py for tasks to queue
[2023-07-27T02:10:07.218+0000] {logging_mixin.py:150} INFO - [2023-07-27T02:10:07.218+0000] {dagbag.py:541} INFO - Filling up the DagBag from /home/airflow/.local/lib/python3.7/site-packages/airflow/example_dags/example_xcom.py
[2023-07-27T02:10:07.229+0000] {processor.py:836} INFO - DAG(s) dict_keys(['example_xcom']) retrieved from /home/airflow/.local/lib/python3.7/site-packages/airflow/example_dags/example_xcom.py
[2023-07-27T02:10:07.259+0000] {logging_mixin.py:150} INFO - [2023-07-27T02:10:07.259+0000] {dag.py:2742} INFO - Sync 1 DAGs
[2023-07-27T02:10:07.401+0000] {logging_mixin.py:150} INFO - [2023-07-27T02:10:07.401+0000] {dag.py:3508} INFO - Setting next_dagrun for example_xcom to 2021-01-01T00:00:00+00:00, run_after=2021-01-01T00:00:00+00:00
[2023-07-27T02:10:07.427+0000] {processor.py:179} INFO - Processing /home/airflow/.local/lib/python3.7/site-packages/airflow/example_dags/example_xcom.py took 0.215 seconds
[2023-07-27T02:10:37.920+0000] {processor.py:157} INFO - Started process (PID=6079) to work on /home/airflow/.local/lib/python3.7/site-packages/airflow/example_dags/example_xcom.py
[2023-07-27T02:10:37.921+0000] {processor.py:826} INFO - Processing file /home/airflow/.local/lib/python3.7/site-packages/airflow/example_dags/example_xcom.py for tasks to queue
[2023-07-27T02:10:37.922+0000] {logging_mixin.py:150} INFO - [2023-07-27T02:10:37.922+0000] {dagbag.py:541} INFO - Filling up the DagBag from /home/airflow/.local/lib/python3.7/site-packages/airflow/example_dags/example_xcom.py
[2023-07-27T02:10:37.931+0000] {processor.py:836} INFO - DAG(s) dict_keys(['example_xcom']) retrieved from /home/airflow/.local/lib/python3.7/site-packages/airflow/example_dags/example_xcom.py
[2023-07-27T02:10:37.958+0000] {logging_mixin.py:150} INFO - [2023-07-27T02:10:37.957+0000] {dag.py:2742} INFO - Sync 1 DAGs
[2023-07-27T02:10:37.985+0000] {logging_mixin.py:150} INFO - [2023-07-27T02:10:37.985+0000] {dag.py:3508} INFO - Setting next_dagrun for example_xcom to 2021-01-01T00:00:00+00:00, run_after=2021-01-01T00:00:00+00:00
[2023-07-27T02:10:38.113+0000] {processor.py:179} INFO - Processing /home/airflow/.local/lib/python3.7/site-packages/airflow/example_dags/example_xcom.py took 0.197 seconds
