[2023-07-27T01:39:04.404+0000] {processor.py:157} INFO - Started process (PID=2345) to work on /home/airflow/.local/lib/python3.7/site-packages/airflow/example_dags/example_bash_operator.py
[2023-07-27T01:39:04.405+0000] {processor.py:826} INFO - Processing file /home/airflow/.local/lib/python3.7/site-packages/airflow/example_dags/example_bash_operator.py for tasks to queue
[2023-07-27T01:39:04.407+0000] {logging_mixin.py:150} INFO - [2023-07-27T01:39:04.406+0000] {dagbag.py:541} INFO - Filling up the DagBag from /home/airflow/.local/lib/python3.7/site-packages/airflow/example_dags/example_bash_operator.py
[2023-07-27T01:39:04.487+0000] {processor.py:836} INFO - DAG(s) dict_keys(['example_bash_operator']) retrieved from /home/airflow/.local/lib/python3.7/site-packages/airflow/example_dags/example_bash_operator.py
[2023-07-27T01:39:04.647+0000] {logging_mixin.py:150} INFO - [2023-07-27T01:39:04.647+0000] {dag.py:2742} INFO - Sync 1 DAGs
[2023-07-27T01:39:04.744+0000] {logging_mixin.py:150} INFO - [2023-07-27T01:39:04.744+0000] {dag.py:3508} INFO - Setting next_dagrun for example_bash_operator to 2023-07-26T00:00:00+00:00, run_after=2023-07-27T00:00:00+00:00
[2023-07-27T01:39:04.829+0000] {processor.py:179} INFO - Processing /home/airflow/.local/lib/python3.7/site-packages/airflow/example_dags/example_bash_operator.py took 0.430 seconds
[2023-07-27T01:39:35.428+0000] {processor.py:157} INFO - Started process (PID=2406) to work on /home/airflow/.local/lib/python3.7/site-packages/airflow/example_dags/example_bash_operator.py
[2023-07-27T01:39:35.430+0000] {processor.py:826} INFO - Processing file /home/airflow/.local/lib/python3.7/site-packages/airflow/example_dags/example_bash_operator.py for tasks to queue
[2023-07-27T01:39:35.431+0000] {logging_mixin.py:150} INFO - [2023-07-27T01:39:35.431+0000] {dagbag.py:541} INFO - Filling up the DagBag from /home/airflow/.local/lib/python3.7/site-packages/airflow/example_dags/example_bash_operator.py
[2023-07-27T01:39:35.447+0000] {processor.py:836} INFO - DAG(s) dict_keys(['example_bash_operator']) retrieved from /home/airflow/.local/lib/python3.7/site-packages/airflow/example_dags/example_bash_operator.py
[2023-07-27T01:39:35.491+0000] {logging_mixin.py:150} INFO - [2023-07-27T01:39:35.491+0000] {dag.py:2742} INFO - Sync 1 DAGs
[2023-07-27T01:39:35.527+0000] {logging_mixin.py:150} INFO - [2023-07-27T01:39:35.526+0000] {dag.py:3508} INFO - Setting next_dagrun for example_bash_operator to 2023-07-26T00:00:00+00:00, run_after=2023-07-27T00:00:00+00:00
[2023-07-27T01:39:35.558+0000] {processor.py:179} INFO - Processing /home/airflow/.local/lib/python3.7/site-packages/airflow/example_dags/example_bash_operator.py took 0.134 seconds
[2023-07-27T01:40:06.331+0000] {processor.py:157} INFO - Started process (PID=2465) to work on /home/airflow/.local/lib/python3.7/site-packages/airflow/example_dags/example_bash_operator.py
[2023-07-27T01:40:06.332+0000] {processor.py:826} INFO - Processing file /home/airflow/.local/lib/python3.7/site-packages/airflow/example_dags/example_bash_operator.py for tasks to queue
[2023-07-27T01:40:06.334+0000] {logging_mixin.py:150} INFO - [2023-07-27T01:40:06.333+0000] {dagbag.py:541} INFO - Filling up the DagBag from /home/airflow/.local/lib/python3.7/site-packages/airflow/example_dags/example_bash_operator.py
[2023-07-27T01:40:06.359+0000] {processor.py:836} INFO - DAG(s) dict_keys(['example_bash_operator']) retrieved from /home/airflow/.local/lib/python3.7/site-packages/airflow/example_dags/example_bash_operator.py
[2023-07-27T01:40:06.427+0000] {logging_mixin.py:150} INFO - [2023-07-27T01:40:06.426+0000] {dag.py:2742} INFO - Sync 1 DAGs
[2023-07-27T01:40:06.471+0000] {logging_mixin.py:150} INFO - [2023-07-27T01:40:06.471+0000] {dag.py:3508} INFO - Setting next_dagrun for example_bash_operator to 2023-07-26T00:00:00+00:00, run_after=2023-07-27T00:00:00+00:00
[2023-07-27T01:40:06.516+0000] {processor.py:179} INFO - Processing /home/airflow/.local/lib/python3.7/site-packages/airflow/example_dags/example_bash_operator.py took 0.189 seconds
[2023-07-27T01:40:36.611+0000] {processor.py:157} INFO - Started process (PID=2525) to work on /home/airflow/.local/lib/python3.7/site-packages/airflow/example_dags/example_bash_operator.py
[2023-07-27T01:40:36.613+0000] {processor.py:826} INFO - Processing file /home/airflow/.local/lib/python3.7/site-packages/airflow/example_dags/example_bash_operator.py for tasks to queue
[2023-07-27T01:40:36.614+0000] {logging_mixin.py:150} INFO - [2023-07-27T01:40:36.614+0000] {dagbag.py:541} INFO - Filling up the DagBag from /home/airflow/.local/lib/python3.7/site-packages/airflow/example_dags/example_bash_operator.py
[2023-07-27T01:40:36.630+0000] {processor.py:836} INFO - DAG(s) dict_keys(['example_bash_operator']) retrieved from /home/airflow/.local/lib/python3.7/site-packages/airflow/example_dags/example_bash_operator.py
[2023-07-27T01:40:36.669+0000] {logging_mixin.py:150} INFO - [2023-07-27T01:40:36.669+0000] {dag.py:2742} INFO - Sync 1 DAGs
[2023-07-27T01:40:36.697+0000] {logging_mixin.py:150} INFO - [2023-07-27T01:40:36.697+0000] {dag.py:3508} INFO - Setting next_dagrun for example_bash_operator to 2023-07-26T00:00:00+00:00, run_after=2023-07-27T00:00:00+00:00
[2023-07-27T01:40:36.721+0000] {processor.py:179} INFO - Processing /home/airflow/.local/lib/python3.7/site-packages/airflow/example_dags/example_bash_operator.py took 0.114 seconds
[2023-07-27T01:41:06.910+0000] {processor.py:157} INFO - Started process (PID=2585) to work on /home/airflow/.local/lib/python3.7/site-packages/airflow/example_dags/example_bash_operator.py
[2023-07-27T01:41:06.911+0000] {processor.py:826} INFO - Processing file /home/airflow/.local/lib/python3.7/site-packages/airflow/example_dags/example_bash_operator.py for tasks to queue
[2023-07-27T01:41:06.913+0000] {logging_mixin.py:150} INFO - [2023-07-27T01:41:06.912+0000] {dagbag.py:541} INFO - Filling up the DagBag from /home/airflow/.local/lib/python3.7/site-packages/airflow/example_dags/example_bash_operator.py
[2023-07-27T01:41:06.928+0000] {processor.py:836} INFO - DAG(s) dict_keys(['example_bash_operator']) retrieved from /home/airflow/.local/lib/python3.7/site-packages/airflow/example_dags/example_bash_operator.py
[2023-07-27T01:41:06.969+0000] {logging_mixin.py:150} INFO - [2023-07-27T01:41:06.969+0000] {dag.py:2742} INFO - Sync 1 DAGs
[2023-07-27T01:41:06.999+0000] {logging_mixin.py:150} INFO - [2023-07-27T01:41:06.999+0000] {dag.py:3508} INFO - Setting next_dagrun for example_bash_operator to 2023-07-26T00:00:00+00:00, run_after=2023-07-27T00:00:00+00:00
[2023-07-27T01:41:07.022+0000] {processor.py:179} INFO - Processing /home/airflow/.local/lib/python3.7/site-packages/airflow/example_dags/example_bash_operator.py took 0.116 seconds
[2023-07-27T01:41:37.459+0000] {processor.py:157} INFO - Started process (PID=2638) to work on /home/airflow/.local/lib/python3.7/site-packages/airflow/example_dags/example_bash_operator.py
[2023-07-27T01:41:37.460+0000] {processor.py:826} INFO - Processing file /home/airflow/.local/lib/python3.7/site-packages/airflow/example_dags/example_bash_operator.py for tasks to queue
[2023-07-27T01:41:37.462+0000] {logging_mixin.py:150} INFO - [2023-07-27T01:41:37.461+0000] {dagbag.py:541} INFO - Filling up the DagBag from /home/airflow/.local/lib/python3.7/site-packages/airflow/example_dags/example_bash_operator.py
[2023-07-27T01:41:37.477+0000] {processor.py:836} INFO - DAG(s) dict_keys(['example_bash_operator']) retrieved from /home/airflow/.local/lib/python3.7/site-packages/airflow/example_dags/example_bash_operator.py
[2023-07-27T01:41:37.519+0000] {logging_mixin.py:150} INFO - [2023-07-27T01:41:37.519+0000] {dag.py:2742} INFO - Sync 1 DAGs
[2023-07-27T01:41:37.550+0000] {logging_mixin.py:150} INFO - [2023-07-27T01:41:37.550+0000] {dag.py:3508} INFO - Setting next_dagrun for example_bash_operator to 2023-07-26T00:00:00+00:00, run_after=2023-07-27T00:00:00+00:00
[2023-07-27T01:41:37.575+0000] {processor.py:179} INFO - Processing /home/airflow/.local/lib/python3.7/site-packages/airflow/example_dags/example_bash_operator.py took 0.119 seconds
[2023-07-27T01:42:07.837+0000] {processor.py:157} INFO - Started process (PID=2698) to work on /home/airflow/.local/lib/python3.7/site-packages/airflow/example_dags/example_bash_operator.py
[2023-07-27T01:42:07.839+0000] {processor.py:826} INFO - Processing file /home/airflow/.local/lib/python3.7/site-packages/airflow/example_dags/example_bash_operator.py for tasks to queue
[2023-07-27T01:42:07.840+0000] {logging_mixin.py:150} INFO - [2023-07-27T01:42:07.840+0000] {dagbag.py:541} INFO - Filling up the DagBag from /home/airflow/.local/lib/python3.7/site-packages/airflow/example_dags/example_bash_operator.py
[2023-07-27T01:42:07.856+0000] {processor.py:836} INFO - DAG(s) dict_keys(['example_bash_operator']) retrieved from /home/airflow/.local/lib/python3.7/site-packages/airflow/example_dags/example_bash_operator.py
[2023-07-27T01:42:07.895+0000] {logging_mixin.py:150} INFO - [2023-07-27T01:42:07.895+0000] {dag.py:2742} INFO - Sync 1 DAGs
[2023-07-27T01:42:07.924+0000] {logging_mixin.py:150} INFO - [2023-07-27T01:42:07.924+0000] {dag.py:3508} INFO - Setting next_dagrun for example_bash_operator to 2023-07-26T00:00:00+00:00, run_after=2023-07-27T00:00:00+00:00
[2023-07-27T01:42:07.948+0000] {processor.py:179} INFO - Processing /home/airflow/.local/lib/python3.7/site-packages/airflow/example_dags/example_bash_operator.py took 0.114 seconds
[2023-07-27T01:42:38.577+0000] {processor.py:157} INFO - Started process (PID=2759) to work on /home/airflow/.local/lib/python3.7/site-packages/airflow/example_dags/example_bash_operator.py
[2023-07-27T01:42:38.579+0000] {processor.py:826} INFO - Processing file /home/airflow/.local/lib/python3.7/site-packages/airflow/example_dags/example_bash_operator.py for tasks to queue
[2023-07-27T01:42:38.580+0000] {logging_mixin.py:150} INFO - [2023-07-27T01:42:38.580+0000] {dagbag.py:541} INFO - Filling up the DagBag from /home/airflow/.local/lib/python3.7/site-packages/airflow/example_dags/example_bash_operator.py
[2023-07-27T01:42:38.595+0000] {processor.py:836} INFO - DAG(s) dict_keys(['example_bash_operator']) retrieved from /home/airflow/.local/lib/python3.7/site-packages/airflow/example_dags/example_bash_operator.py
[2023-07-27T01:42:38.636+0000] {logging_mixin.py:150} INFO - [2023-07-27T01:42:38.636+0000] {dag.py:2742} INFO - Sync 1 DAGs
[2023-07-27T01:42:38.665+0000] {logging_mixin.py:150} INFO - [2023-07-27T01:42:38.665+0000] {dag.py:3508} INFO - Setting next_dagrun for example_bash_operator to 2023-07-26T00:00:00+00:00, run_after=2023-07-27T00:00:00+00:00
[2023-07-27T01:42:38.689+0000] {processor.py:179} INFO - Processing /home/airflow/.local/lib/python3.7/site-packages/airflow/example_dags/example_bash_operator.py took 0.114 seconds
[2023-07-27T01:43:09.394+0000] {processor.py:157} INFO - Started process (PID=2820) to work on /home/airflow/.local/lib/python3.7/site-packages/airflow/example_dags/example_bash_operator.py
[2023-07-27T01:43:09.395+0000] {processor.py:826} INFO - Processing file /home/airflow/.local/lib/python3.7/site-packages/airflow/example_dags/example_bash_operator.py for tasks to queue
[2023-07-27T01:43:09.397+0000] {logging_mixin.py:150} INFO - [2023-07-27T01:43:09.397+0000] {dagbag.py:541} INFO - Filling up the DagBag from /home/airflow/.local/lib/python3.7/site-packages/airflow/example_dags/example_bash_operator.py
[2023-07-27T01:43:09.412+0000] {processor.py:836} INFO - DAG(s) dict_keys(['example_bash_operator']) retrieved from /home/airflow/.local/lib/python3.7/site-packages/airflow/example_dags/example_bash_operator.py
[2023-07-27T01:43:09.453+0000] {logging_mixin.py:150} INFO - [2023-07-27T01:43:09.453+0000] {dag.py:2742} INFO - Sync 1 DAGs
[2023-07-27T01:43:09.482+0000] {logging_mixin.py:150} INFO - [2023-07-27T01:43:09.482+0000] {dag.py:3508} INFO - Setting next_dagrun for example_bash_operator to 2023-07-26T00:00:00+00:00, run_after=2023-07-27T00:00:00+00:00
[2023-07-27T01:43:09.506+0000] {processor.py:179} INFO - Processing /home/airflow/.local/lib/python3.7/site-packages/airflow/example_dags/example_bash_operator.py took 0.116 seconds
[2023-07-27T01:43:39.888+0000] {processor.py:157} INFO - Started process (PID=2880) to work on /home/airflow/.local/lib/python3.7/site-packages/airflow/example_dags/example_bash_operator.py
[2023-07-27T01:43:39.890+0000] {processor.py:826} INFO - Processing file /home/airflow/.local/lib/python3.7/site-packages/airflow/example_dags/example_bash_operator.py for tasks to queue
[2023-07-27T01:43:39.891+0000] {logging_mixin.py:150} INFO - [2023-07-27T01:43:39.890+0000] {dagbag.py:541} INFO - Filling up the DagBag from /home/airflow/.local/lib/python3.7/site-packages/airflow/example_dags/example_bash_operator.py
[2023-07-27T01:43:39.906+0000] {processor.py:836} INFO - DAG(s) dict_keys(['example_bash_operator']) retrieved from /home/airflow/.local/lib/python3.7/site-packages/airflow/example_dags/example_bash_operator.py
[2023-07-27T01:43:39.951+0000] {logging_mixin.py:150} INFO - [2023-07-27T01:43:39.951+0000] {dag.py:2742} INFO - Sync 1 DAGs
[2023-07-27T01:43:39.980+0000] {logging_mixin.py:150} INFO - [2023-07-27T01:43:39.980+0000] {dag.py:3508} INFO - Setting next_dagrun for example_bash_operator to 2023-07-26T00:00:00+00:00, run_after=2023-07-27T00:00:00+00:00
[2023-07-27T01:43:40.024+0000] {processor.py:179} INFO - Processing /home/airflow/.local/lib/python3.7/site-packages/airflow/example_dags/example_bash_operator.py took 0.139 seconds
[2023-07-27T01:44:10.293+0000] {processor.py:157} INFO - Started process (PID=2940) to work on /home/airflow/.local/lib/python3.7/site-packages/airflow/example_dags/example_bash_operator.py
[2023-07-27T01:44:10.294+0000] {processor.py:826} INFO - Processing file /home/airflow/.local/lib/python3.7/site-packages/airflow/example_dags/example_bash_operator.py for tasks to queue
[2023-07-27T01:44:10.295+0000] {logging_mixin.py:150} INFO - [2023-07-27T01:44:10.295+0000] {dagbag.py:541} INFO - Filling up the DagBag from /home/airflow/.local/lib/python3.7/site-packages/airflow/example_dags/example_bash_operator.py
[2023-07-27T01:44:10.311+0000] {processor.py:836} INFO - DAG(s) dict_keys(['example_bash_operator']) retrieved from /home/airflow/.local/lib/python3.7/site-packages/airflow/example_dags/example_bash_operator.py
[2023-07-27T01:44:10.351+0000] {logging_mixin.py:150} INFO - [2023-07-27T01:44:10.351+0000] {dag.py:2742} INFO - Sync 1 DAGs
[2023-07-27T01:44:10.380+0000] {logging_mixin.py:150} INFO - [2023-07-27T01:44:10.379+0000] {dag.py:3508} INFO - Setting next_dagrun for example_bash_operator to 2023-07-26T00:00:00+00:00, run_after=2023-07-27T00:00:00+00:00
[2023-07-27T01:44:10.407+0000] {processor.py:179} INFO - Processing /home/airflow/.local/lib/python3.7/site-packages/airflow/example_dags/example_bash_operator.py took 0.117 seconds
[2023-07-27T01:44:41.012+0000] {processor.py:157} INFO - Started process (PID=3000) to work on /home/airflow/.local/lib/python3.7/site-packages/airflow/example_dags/example_bash_operator.py
[2023-07-27T01:44:41.013+0000] {processor.py:826} INFO - Processing file /home/airflow/.local/lib/python3.7/site-packages/airflow/example_dags/example_bash_operator.py for tasks to queue
[2023-07-27T01:44:41.014+0000] {logging_mixin.py:150} INFO - [2023-07-27T01:44:41.014+0000] {dagbag.py:541} INFO - Filling up the DagBag from /home/airflow/.local/lib/python3.7/site-packages/airflow/example_dags/example_bash_operator.py
[2023-07-27T01:44:41.030+0000] {processor.py:836} INFO - DAG(s) dict_keys(['example_bash_operator']) retrieved from /home/airflow/.local/lib/python3.7/site-packages/airflow/example_dags/example_bash_operator.py
[2023-07-27T01:44:41.069+0000] {logging_mixin.py:150} INFO - [2023-07-27T01:44:41.069+0000] {dag.py:2742} INFO - Sync 1 DAGs
[2023-07-27T01:44:41.099+0000] {logging_mixin.py:150} INFO - [2023-07-27T01:44:41.098+0000] {dag.py:3508} INFO - Setting next_dagrun for example_bash_operator to 2023-07-26T00:00:00+00:00, run_after=2023-07-27T00:00:00+00:00
[2023-07-27T01:44:41.121+0000] {processor.py:179} INFO - Processing /home/airflow/.local/lib/python3.7/site-packages/airflow/example_dags/example_bash_operator.py took 0.112 seconds
[2023-07-27T01:45:11.499+0000] {processor.py:157} INFO - Started process (PID=3060) to work on /home/airflow/.local/lib/python3.7/site-packages/airflow/example_dags/example_bash_operator.py
[2023-07-27T01:45:11.500+0000] {processor.py:826} INFO - Processing file /home/airflow/.local/lib/python3.7/site-packages/airflow/example_dags/example_bash_operator.py for tasks to queue
[2023-07-27T01:45:11.501+0000] {logging_mixin.py:150} INFO - [2023-07-27T01:45:11.501+0000] {dagbag.py:541} INFO - Filling up the DagBag from /home/airflow/.local/lib/python3.7/site-packages/airflow/example_dags/example_bash_operator.py
[2023-07-27T01:45:11.517+0000] {processor.py:836} INFO - DAG(s) dict_keys(['example_bash_operator']) retrieved from /home/airflow/.local/lib/python3.7/site-packages/airflow/example_dags/example_bash_operator.py
[2023-07-27T01:45:11.559+0000] {logging_mixin.py:150} INFO - [2023-07-27T01:45:11.559+0000] {dag.py:2742} INFO - Sync 1 DAGs
[2023-07-27T01:45:11.590+0000] {logging_mixin.py:150} INFO - [2023-07-27T01:45:11.590+0000] {dag.py:3508} INFO - Setting next_dagrun for example_bash_operator to 2023-07-26T00:00:00+00:00, run_after=2023-07-27T00:00:00+00:00
[2023-07-27T01:45:11.615+0000] {processor.py:179} INFO - Processing /home/airflow/.local/lib/python3.7/site-packages/airflow/example_dags/example_bash_operator.py took 0.120 seconds
[2023-07-27T01:45:41.789+0000] {processor.py:157} INFO - Started process (PID=3121) to work on /home/airflow/.local/lib/python3.7/site-packages/airflow/example_dags/example_bash_operator.py
[2023-07-27T01:45:41.790+0000] {processor.py:826} INFO - Processing file /home/airflow/.local/lib/python3.7/site-packages/airflow/example_dags/example_bash_operator.py for tasks to queue
[2023-07-27T01:45:41.791+0000] {logging_mixin.py:150} INFO - [2023-07-27T01:45:41.791+0000] {dagbag.py:541} INFO - Filling up the DagBag from /home/airflow/.local/lib/python3.7/site-packages/airflow/example_dags/example_bash_operator.py
[2023-07-27T01:45:41.814+0000] {processor.py:836} INFO - DAG(s) dict_keys(['example_bash_operator']) retrieved from /home/airflow/.local/lib/python3.7/site-packages/airflow/example_dags/example_bash_operator.py
[2023-07-27T01:45:41.855+0000] {logging_mixin.py:150} INFO - [2023-07-27T01:45:41.854+0000] {dag.py:2742} INFO - Sync 1 DAGs
[2023-07-27T01:45:41.884+0000] {logging_mixin.py:150} INFO - [2023-07-27T01:45:41.884+0000] {dag.py:3508} INFO - Setting next_dagrun for example_bash_operator to 2023-07-26T00:00:00+00:00, run_after=2023-07-27T00:00:00+00:00
[2023-07-27T01:45:41.908+0000] {processor.py:179} INFO - Processing /home/airflow/.local/lib/python3.7/site-packages/airflow/example_dags/example_bash_operator.py took 0.123 seconds
[2023-07-27T01:46:12.039+0000] {processor.py:157} INFO - Started process (PID=3181) to work on /home/airflow/.local/lib/python3.7/site-packages/airflow/example_dags/example_bash_operator.py
[2023-07-27T01:46:12.040+0000] {processor.py:826} INFO - Processing file /home/airflow/.local/lib/python3.7/site-packages/airflow/example_dags/example_bash_operator.py for tasks to queue
[2023-07-27T01:46:12.041+0000] {logging_mixin.py:150} INFO - [2023-07-27T01:46:12.041+0000] {dagbag.py:541} INFO - Filling up the DagBag from /home/airflow/.local/lib/python3.7/site-packages/airflow/example_dags/example_bash_operator.py
[2023-07-27T01:46:12.056+0000] {processor.py:836} INFO - DAG(s) dict_keys(['example_bash_operator']) retrieved from /home/airflow/.local/lib/python3.7/site-packages/airflow/example_dags/example_bash_operator.py
[2023-07-27T01:46:12.097+0000] {logging_mixin.py:150} INFO - [2023-07-27T01:46:12.097+0000] {dag.py:2742} INFO - Sync 1 DAGs
[2023-07-27T01:46:12.127+0000] {logging_mixin.py:150} INFO - [2023-07-27T01:46:12.127+0000] {dag.py:3508} INFO - Setting next_dagrun for example_bash_operator to 2023-07-26T00:00:00+00:00, run_after=2023-07-27T00:00:00+00:00
[2023-07-27T01:46:12.162+0000] {processor.py:179} INFO - Processing /home/airflow/.local/lib/python3.7/site-packages/airflow/example_dags/example_bash_operator.py took 0.127 seconds
[2023-07-27T01:46:42.260+0000] {processor.py:157} INFO - Started process (PID=3241) to work on /home/airflow/.local/lib/python3.7/site-packages/airflow/example_dags/example_bash_operator.py
[2023-07-27T01:46:42.261+0000] {processor.py:826} INFO - Processing file /home/airflow/.local/lib/python3.7/site-packages/airflow/example_dags/example_bash_operator.py for tasks to queue
[2023-07-27T01:46:42.262+0000] {logging_mixin.py:150} INFO - [2023-07-27T01:46:42.262+0000] {dagbag.py:541} INFO - Filling up the DagBag from /home/airflow/.local/lib/python3.7/site-packages/airflow/example_dags/example_bash_operator.py
[2023-07-27T01:46:42.278+0000] {processor.py:836} INFO - DAG(s) dict_keys(['example_bash_operator']) retrieved from /home/airflow/.local/lib/python3.7/site-packages/airflow/example_dags/example_bash_operator.py
[2023-07-27T01:46:42.321+0000] {logging_mixin.py:150} INFO - [2023-07-27T01:46:42.321+0000] {dag.py:2742} INFO - Sync 1 DAGs
[2023-07-27T01:46:42.352+0000] {logging_mixin.py:150} INFO - [2023-07-27T01:46:42.351+0000] {dag.py:3508} INFO - Setting next_dagrun for example_bash_operator to 2023-07-26T00:00:00+00:00, run_after=2023-07-27T00:00:00+00:00
[2023-07-27T01:46:42.377+0000] {processor.py:179} INFO - Processing /home/airflow/.local/lib/python3.7/site-packages/airflow/example_dags/example_bash_operator.py took 0.120 seconds
[2023-07-27T01:47:12.451+0000] {processor.py:157} INFO - Started process (PID=3301) to work on /home/airflow/.local/lib/python3.7/site-packages/airflow/example_dags/example_bash_operator.py
[2023-07-27T01:47:12.452+0000] {processor.py:826} INFO - Processing file /home/airflow/.local/lib/python3.7/site-packages/airflow/example_dags/example_bash_operator.py for tasks to queue
[2023-07-27T01:47:12.454+0000] {logging_mixin.py:150} INFO - [2023-07-27T01:47:12.453+0000] {dagbag.py:541} INFO - Filling up the DagBag from /home/airflow/.local/lib/python3.7/site-packages/airflow/example_dags/example_bash_operator.py
[2023-07-27T01:47:12.473+0000] {processor.py:836} INFO - DAG(s) dict_keys(['example_bash_operator']) retrieved from /home/airflow/.local/lib/python3.7/site-packages/airflow/example_dags/example_bash_operator.py
[2023-07-27T01:47:12.515+0000] {logging_mixin.py:150} INFO - [2023-07-27T01:47:12.515+0000] {dag.py:2742} INFO - Sync 1 DAGs
[2023-07-27T01:47:12.545+0000] {logging_mixin.py:150} INFO - [2023-07-27T01:47:12.545+0000] {dag.py:3508} INFO - Setting next_dagrun for example_bash_operator to 2023-07-26T00:00:00+00:00, run_after=2023-07-27T00:00:00+00:00
[2023-07-27T01:47:12.568+0000] {processor.py:179} INFO - Processing /home/airflow/.local/lib/python3.7/site-packages/airflow/example_dags/example_bash_operator.py took 0.120 seconds
[2023-07-27T01:47:42.784+0000] {processor.py:157} INFO - Started process (PID=3361) to work on /home/airflow/.local/lib/python3.7/site-packages/airflow/example_dags/example_bash_operator.py
[2023-07-27T01:47:42.786+0000] {processor.py:826} INFO - Processing file /home/airflow/.local/lib/python3.7/site-packages/airflow/example_dags/example_bash_operator.py for tasks to queue
[2023-07-27T01:47:42.787+0000] {logging_mixin.py:150} INFO - [2023-07-27T01:47:42.787+0000] {dagbag.py:541} INFO - Filling up the DagBag from /home/airflow/.local/lib/python3.7/site-packages/airflow/example_dags/example_bash_operator.py
[2023-07-27T01:47:42.803+0000] {processor.py:836} INFO - DAG(s) dict_keys(['example_bash_operator']) retrieved from /home/airflow/.local/lib/python3.7/site-packages/airflow/example_dags/example_bash_operator.py
[2023-07-27T01:47:42.845+0000] {logging_mixin.py:150} INFO - [2023-07-27T01:47:42.844+0000] {dag.py:2742} INFO - Sync 1 DAGs
[2023-07-27T01:47:42.874+0000] {logging_mixin.py:150} INFO - [2023-07-27T01:47:42.874+0000] {dag.py:3508} INFO - Setting next_dagrun for example_bash_operator to 2023-07-26T00:00:00+00:00, run_after=2023-07-27T00:00:00+00:00
[2023-07-27T01:47:42.897+0000] {processor.py:179} INFO - Processing /home/airflow/.local/lib/python3.7/site-packages/airflow/example_dags/example_bash_operator.py took 0.116 seconds
[2023-07-27T01:48:13.062+0000] {processor.py:157} INFO - Started process (PID=3421) to work on /home/airflow/.local/lib/python3.7/site-packages/airflow/example_dags/example_bash_operator.py
[2023-07-27T01:48:13.063+0000] {processor.py:826} INFO - Processing file /home/airflow/.local/lib/python3.7/site-packages/airflow/example_dags/example_bash_operator.py for tasks to queue
[2023-07-27T01:48:13.064+0000] {logging_mixin.py:150} INFO - [2023-07-27T01:48:13.064+0000] {dagbag.py:541} INFO - Filling up the DagBag from /home/airflow/.local/lib/python3.7/site-packages/airflow/example_dags/example_bash_operator.py
[2023-07-27T01:48:13.080+0000] {processor.py:836} INFO - DAG(s) dict_keys(['example_bash_operator']) retrieved from /home/airflow/.local/lib/python3.7/site-packages/airflow/example_dags/example_bash_operator.py
[2023-07-27T01:48:13.121+0000] {logging_mixin.py:150} INFO - [2023-07-27T01:48:13.121+0000] {dag.py:2742} INFO - Sync 1 DAGs
[2023-07-27T01:48:13.150+0000] {logging_mixin.py:150} INFO - [2023-07-27T01:48:13.150+0000] {dag.py:3508} INFO - Setting next_dagrun for example_bash_operator to 2023-07-26T00:00:00+00:00, run_after=2023-07-27T00:00:00+00:00
[2023-07-27T01:48:13.176+0000] {processor.py:179} INFO - Processing /home/airflow/.local/lib/python3.7/site-packages/airflow/example_dags/example_bash_operator.py took 0.117 seconds
[2023-07-27T01:48:43.565+0000] {processor.py:157} INFO - Started process (PID=3481) to work on /home/airflow/.local/lib/python3.7/site-packages/airflow/example_dags/example_bash_operator.py
[2023-07-27T01:48:43.566+0000] {processor.py:826} INFO - Processing file /home/airflow/.local/lib/python3.7/site-packages/airflow/example_dags/example_bash_operator.py for tasks to queue
[2023-07-27T01:48:43.567+0000] {logging_mixin.py:150} INFO - [2023-07-27T01:48:43.566+0000] {dagbag.py:541} INFO - Filling up the DagBag from /home/airflow/.local/lib/python3.7/site-packages/airflow/example_dags/example_bash_operator.py
[2023-07-27T01:48:43.583+0000] {processor.py:836} INFO - DAG(s) dict_keys(['example_bash_operator']) retrieved from /home/airflow/.local/lib/python3.7/site-packages/airflow/example_dags/example_bash_operator.py
[2023-07-27T01:48:43.623+0000] {logging_mixin.py:150} INFO - [2023-07-27T01:48:43.623+0000] {dag.py:2742} INFO - Sync 1 DAGs
[2023-07-27T01:48:43.652+0000] {logging_mixin.py:150} INFO - [2023-07-27T01:48:43.652+0000] {dag.py:3508} INFO - Setting next_dagrun for example_bash_operator to 2023-07-26T00:00:00+00:00, run_after=2023-07-27T00:00:00+00:00
[2023-07-27T01:48:43.675+0000] {processor.py:179} INFO - Processing /home/airflow/.local/lib/python3.7/site-packages/airflow/example_dags/example_bash_operator.py took 0.114 seconds
[2023-07-27T01:49:13.989+0000] {processor.py:157} INFO - Started process (PID=3541) to work on /home/airflow/.local/lib/python3.7/site-packages/airflow/example_dags/example_bash_operator.py
[2023-07-27T01:49:13.991+0000] {processor.py:826} INFO - Processing file /home/airflow/.local/lib/python3.7/site-packages/airflow/example_dags/example_bash_operator.py for tasks to queue
[2023-07-27T01:49:13.992+0000] {logging_mixin.py:150} INFO - [2023-07-27T01:49:13.992+0000] {dagbag.py:541} INFO - Filling up the DagBag from /home/airflow/.local/lib/python3.7/site-packages/airflow/example_dags/example_bash_operator.py
[2023-07-27T01:49:14.008+0000] {processor.py:836} INFO - DAG(s) dict_keys(['example_bash_operator']) retrieved from /home/airflow/.local/lib/python3.7/site-packages/airflow/example_dags/example_bash_operator.py
[2023-07-27T01:49:14.049+0000] {logging_mixin.py:150} INFO - [2023-07-27T01:49:14.049+0000] {dag.py:2742} INFO - Sync 1 DAGs
[2023-07-27T01:49:14.079+0000] {logging_mixin.py:150} INFO - [2023-07-27T01:49:14.079+0000] {dag.py:3508} INFO - Setting next_dagrun for example_bash_operator to 2023-07-26T00:00:00+00:00, run_after=2023-07-27T00:00:00+00:00
[2023-07-27T01:49:14.101+0000] {processor.py:179} INFO - Processing /home/airflow/.local/lib/python3.7/site-packages/airflow/example_dags/example_bash_operator.py took 0.116 seconds
[2023-07-27T01:49:44.482+0000] {processor.py:157} INFO - Started process (PID=3602) to work on /home/airflow/.local/lib/python3.7/site-packages/airflow/example_dags/example_bash_operator.py
[2023-07-27T01:49:44.484+0000] {processor.py:826} INFO - Processing file /home/airflow/.local/lib/python3.7/site-packages/airflow/example_dags/example_bash_operator.py for tasks to queue
[2023-07-27T01:49:44.485+0000] {logging_mixin.py:150} INFO - [2023-07-27T01:49:44.485+0000] {dagbag.py:541} INFO - Filling up the DagBag from /home/airflow/.local/lib/python3.7/site-packages/airflow/example_dags/example_bash_operator.py
[2023-07-27T01:49:44.500+0000] {processor.py:836} INFO - DAG(s) dict_keys(['example_bash_operator']) retrieved from /home/airflow/.local/lib/python3.7/site-packages/airflow/example_dags/example_bash_operator.py
[2023-07-27T01:49:44.540+0000] {logging_mixin.py:150} INFO - [2023-07-27T01:49:44.540+0000] {dag.py:2742} INFO - Sync 1 DAGs
[2023-07-27T01:49:44.570+0000] {logging_mixin.py:150} INFO - [2023-07-27T01:49:44.570+0000] {dag.py:3508} INFO - Setting next_dagrun for example_bash_operator to 2023-07-26T00:00:00+00:00, run_after=2023-07-27T00:00:00+00:00
[2023-07-27T01:49:44.593+0000] {processor.py:179} INFO - Processing /home/airflow/.local/lib/python3.7/site-packages/airflow/example_dags/example_bash_operator.py took 0.115 seconds
[2023-07-27T01:50:14.818+0000] {processor.py:157} INFO - Started process (PID=3662) to work on /home/airflow/.local/lib/python3.7/site-packages/airflow/example_dags/example_bash_operator.py
[2023-07-27T01:50:14.820+0000] {processor.py:826} INFO - Processing file /home/airflow/.local/lib/python3.7/site-packages/airflow/example_dags/example_bash_operator.py for tasks to queue
[2023-07-27T01:50:14.821+0000] {logging_mixin.py:150} INFO - [2023-07-27T01:50:14.820+0000] {dagbag.py:541} INFO - Filling up the DagBag from /home/airflow/.local/lib/python3.7/site-packages/airflow/example_dags/example_bash_operator.py
[2023-07-27T01:50:14.836+0000] {processor.py:836} INFO - DAG(s) dict_keys(['example_bash_operator']) retrieved from /home/airflow/.local/lib/python3.7/site-packages/airflow/example_dags/example_bash_operator.py
[2023-07-27T01:50:14.877+0000] {logging_mixin.py:150} INFO - [2023-07-27T01:50:14.876+0000] {dag.py:2742} INFO - Sync 1 DAGs
[2023-07-27T01:50:14.905+0000] {logging_mixin.py:150} INFO - [2023-07-27T01:50:14.905+0000] {dag.py:3508} INFO - Setting next_dagrun for example_bash_operator to 2023-07-26T00:00:00+00:00, run_after=2023-07-27T00:00:00+00:00
[2023-07-27T01:50:14.928+0000] {processor.py:179} INFO - Processing /home/airflow/.local/lib/python3.7/site-packages/airflow/example_dags/example_bash_operator.py took 0.113 seconds
[2023-07-27T01:50:44.998+0000] {processor.py:157} INFO - Started process (PID=3722) to work on /home/airflow/.local/lib/python3.7/site-packages/airflow/example_dags/example_bash_operator.py
[2023-07-27T01:50:45.000+0000] {processor.py:826} INFO - Processing file /home/airflow/.local/lib/python3.7/site-packages/airflow/example_dags/example_bash_operator.py for tasks to queue
[2023-07-27T01:50:45.001+0000] {logging_mixin.py:150} INFO - [2023-07-27T01:50:45.001+0000] {dagbag.py:541} INFO - Filling up the DagBag from /home/airflow/.local/lib/python3.7/site-packages/airflow/example_dags/example_bash_operator.py
[2023-07-27T01:50:45.017+0000] {processor.py:836} INFO - DAG(s) dict_keys(['example_bash_operator']) retrieved from /home/airflow/.local/lib/python3.7/site-packages/airflow/example_dags/example_bash_operator.py
[2023-07-27T01:50:45.060+0000] {logging_mixin.py:150} INFO - [2023-07-27T01:50:45.060+0000] {dag.py:2742} INFO - Sync 1 DAGs
[2023-07-27T01:50:45.088+0000] {logging_mixin.py:150} INFO - [2023-07-27T01:50:45.088+0000] {dag.py:3508} INFO - Setting next_dagrun for example_bash_operator to 2023-07-26T00:00:00+00:00, run_after=2023-07-27T00:00:00+00:00
[2023-07-27T01:50:45.110+0000] {processor.py:179} INFO - Processing /home/airflow/.local/lib/python3.7/site-packages/airflow/example_dags/example_bash_operator.py took 0.116 seconds
[2023-07-27T01:51:15.597+0000] {processor.py:157} INFO - Started process (PID=3782) to work on /home/airflow/.local/lib/python3.7/site-packages/airflow/example_dags/example_bash_operator.py
[2023-07-27T01:51:15.598+0000] {processor.py:826} INFO - Processing file /home/airflow/.local/lib/python3.7/site-packages/airflow/example_dags/example_bash_operator.py for tasks to queue
[2023-07-27T01:51:15.599+0000] {logging_mixin.py:150} INFO - [2023-07-27T01:51:15.599+0000] {dagbag.py:541} INFO - Filling up the DagBag from /home/airflow/.local/lib/python3.7/site-packages/airflow/example_dags/example_bash_operator.py
[2023-07-27T01:51:15.615+0000] {processor.py:836} INFO - DAG(s) dict_keys(['example_bash_operator']) retrieved from /home/airflow/.local/lib/python3.7/site-packages/airflow/example_dags/example_bash_operator.py
[2023-07-27T01:51:15.656+0000] {logging_mixin.py:150} INFO - [2023-07-27T01:51:15.656+0000] {dag.py:2742} INFO - Sync 1 DAGs
[2023-07-27T01:51:15.685+0000] {logging_mixin.py:150} INFO - [2023-07-27T01:51:15.685+0000] {dag.py:3508} INFO - Setting next_dagrun for example_bash_operator to 2023-07-26T00:00:00+00:00, run_after=2023-07-27T00:00:00+00:00
[2023-07-27T01:51:15.707+0000] {processor.py:179} INFO - Processing /home/airflow/.local/lib/python3.7/site-packages/airflow/example_dags/example_bash_operator.py took 0.114 seconds
[2023-07-27T01:51:45.830+0000] {processor.py:157} INFO - Started process (PID=3842) to work on /home/airflow/.local/lib/python3.7/site-packages/airflow/example_dags/example_bash_operator.py
[2023-07-27T01:51:45.831+0000] {processor.py:826} INFO - Processing file /home/airflow/.local/lib/python3.7/site-packages/airflow/example_dags/example_bash_operator.py for tasks to queue
[2023-07-27T01:51:45.832+0000] {logging_mixin.py:150} INFO - [2023-07-27T01:51:45.832+0000] {dagbag.py:541} INFO - Filling up the DagBag from /home/airflow/.local/lib/python3.7/site-packages/airflow/example_dags/example_bash_operator.py
[2023-07-27T01:51:45.849+0000] {processor.py:836} INFO - DAG(s) dict_keys(['example_bash_operator']) retrieved from /home/airflow/.local/lib/python3.7/site-packages/airflow/example_dags/example_bash_operator.py
[2023-07-27T01:51:45.895+0000] {logging_mixin.py:150} INFO - [2023-07-27T01:51:45.895+0000] {dag.py:2742} INFO - Sync 1 DAGs
[2023-07-27T01:51:45.927+0000] {logging_mixin.py:150} INFO - [2023-07-27T01:51:45.926+0000] {dag.py:3508} INFO - Setting next_dagrun for example_bash_operator to 2023-07-26T00:00:00+00:00, run_after=2023-07-27T00:00:00+00:00
[2023-07-27T01:51:45.950+0000] {processor.py:179} INFO - Processing /home/airflow/.local/lib/python3.7/site-packages/airflow/example_dags/example_bash_operator.py took 0.124 seconds
[2023-07-27T01:52:16.620+0000] {processor.py:157} INFO - Started process (PID=3908) to work on /home/airflow/.local/lib/python3.7/site-packages/airflow/example_dags/example_bash_operator.py
[2023-07-27T01:52:16.621+0000] {processor.py:826} INFO - Processing file /home/airflow/.local/lib/python3.7/site-packages/airflow/example_dags/example_bash_operator.py for tasks to queue
[2023-07-27T01:52:16.622+0000] {logging_mixin.py:150} INFO - [2023-07-27T01:52:16.622+0000] {dagbag.py:541} INFO - Filling up the DagBag from /home/airflow/.local/lib/python3.7/site-packages/airflow/example_dags/example_bash_operator.py
[2023-07-27T01:52:16.638+0000] {processor.py:836} INFO - DAG(s) dict_keys(['example_bash_operator']) retrieved from /home/airflow/.local/lib/python3.7/site-packages/airflow/example_dags/example_bash_operator.py
[2023-07-27T01:52:16.678+0000] {logging_mixin.py:150} INFO - [2023-07-27T01:52:16.678+0000] {dag.py:2742} INFO - Sync 1 DAGs
[2023-07-27T01:52:16.708+0000] {logging_mixin.py:150} INFO - [2023-07-27T01:52:16.708+0000] {dag.py:3508} INFO - Setting next_dagrun for example_bash_operator to 2023-07-26T00:00:00+00:00, run_after=2023-07-27T00:00:00+00:00
[2023-07-27T01:52:16.731+0000] {processor.py:179} INFO - Processing /home/airflow/.local/lib/python3.7/site-packages/airflow/example_dags/example_bash_operator.py took 0.115 seconds
[2023-07-27T01:52:47.185+0000] {processor.py:157} INFO - Started process (PID=3968) to work on /home/airflow/.local/lib/python3.7/site-packages/airflow/example_dags/example_bash_operator.py
[2023-07-27T01:52:47.187+0000] {processor.py:826} INFO - Processing file /home/airflow/.local/lib/python3.7/site-packages/airflow/example_dags/example_bash_operator.py for tasks to queue
[2023-07-27T01:52:47.188+0000] {logging_mixin.py:150} INFO - [2023-07-27T01:52:47.188+0000] {dagbag.py:541} INFO - Filling up the DagBag from /home/airflow/.local/lib/python3.7/site-packages/airflow/example_dags/example_bash_operator.py
[2023-07-27T01:52:47.203+0000] {processor.py:836} INFO - DAG(s) dict_keys(['example_bash_operator']) retrieved from /home/airflow/.local/lib/python3.7/site-packages/airflow/example_dags/example_bash_operator.py
[2023-07-27T01:52:47.244+0000] {logging_mixin.py:150} INFO - [2023-07-27T01:52:47.244+0000] {dag.py:2742} INFO - Sync 1 DAGs
[2023-07-27T01:52:47.274+0000] {logging_mixin.py:150} INFO - [2023-07-27T01:52:47.274+0000] {dag.py:3508} INFO - Setting next_dagrun for example_bash_operator to 2023-07-26T00:00:00+00:00, run_after=2023-07-27T00:00:00+00:00
[2023-07-27T01:52:47.309+0000] {processor.py:179} INFO - Processing /home/airflow/.local/lib/python3.7/site-packages/airflow/example_dags/example_bash_operator.py took 0.128 seconds
[2023-07-27T01:53:17.433+0000] {processor.py:157} INFO - Started process (PID=4028) to work on /home/airflow/.local/lib/python3.7/site-packages/airflow/example_dags/example_bash_operator.py
[2023-07-27T01:53:17.434+0000] {processor.py:826} INFO - Processing file /home/airflow/.local/lib/python3.7/site-packages/airflow/example_dags/example_bash_operator.py for tasks to queue
[2023-07-27T01:53:17.435+0000] {logging_mixin.py:150} INFO - [2023-07-27T01:53:17.435+0000] {dagbag.py:541} INFO - Filling up the DagBag from /home/airflow/.local/lib/python3.7/site-packages/airflow/example_dags/example_bash_operator.py
[2023-07-27T01:53:17.451+0000] {processor.py:836} INFO - DAG(s) dict_keys(['example_bash_operator']) retrieved from /home/airflow/.local/lib/python3.7/site-packages/airflow/example_dags/example_bash_operator.py
[2023-07-27T01:53:17.492+0000] {logging_mixin.py:150} INFO - [2023-07-27T01:53:17.492+0000] {dag.py:2742} INFO - Sync 1 DAGs
[2023-07-27T01:53:17.522+0000] {logging_mixin.py:150} INFO - [2023-07-27T01:53:17.522+0000] {dag.py:3508} INFO - Setting next_dagrun for example_bash_operator to 2023-07-26T00:00:00+00:00, run_after=2023-07-27T00:00:00+00:00
[2023-07-27T01:53:17.546+0000] {processor.py:179} INFO - Processing /home/airflow/.local/lib/python3.7/site-packages/airflow/example_dags/example_bash_operator.py took 0.117 seconds
[2023-07-27T01:53:47.603+0000] {processor.py:157} INFO - Started process (PID=4088) to work on /home/airflow/.local/lib/python3.7/site-packages/airflow/example_dags/example_bash_operator.py
[2023-07-27T01:53:47.604+0000] {processor.py:826} INFO - Processing file /home/airflow/.local/lib/python3.7/site-packages/airflow/example_dags/example_bash_operator.py for tasks to queue
[2023-07-27T01:53:47.606+0000] {logging_mixin.py:150} INFO - [2023-07-27T01:53:47.605+0000] {dagbag.py:541} INFO - Filling up the DagBag from /home/airflow/.local/lib/python3.7/site-packages/airflow/example_dags/example_bash_operator.py
[2023-07-27T01:53:47.621+0000] {processor.py:836} INFO - DAG(s) dict_keys(['example_bash_operator']) retrieved from /home/airflow/.local/lib/python3.7/site-packages/airflow/example_dags/example_bash_operator.py
[2023-07-27T01:53:47.661+0000] {logging_mixin.py:150} INFO - [2023-07-27T01:53:47.661+0000] {dag.py:2742} INFO - Sync 1 DAGs
[2023-07-27T01:53:47.691+0000] {logging_mixin.py:150} INFO - [2023-07-27T01:53:47.691+0000] {dag.py:3508} INFO - Setting next_dagrun for example_bash_operator to 2023-07-26T00:00:00+00:00, run_after=2023-07-27T00:00:00+00:00
[2023-07-27T01:53:47.714+0000] {processor.py:179} INFO - Processing /home/airflow/.local/lib/python3.7/site-packages/airflow/example_dags/example_bash_operator.py took 0.114 seconds
[2023-07-27T01:54:18.020+0000] {processor.py:157} INFO - Started process (PID=4148) to work on /home/airflow/.local/lib/python3.7/site-packages/airflow/example_dags/example_bash_operator.py
[2023-07-27T01:54:18.021+0000] {processor.py:826} INFO - Processing file /home/airflow/.local/lib/python3.7/site-packages/airflow/example_dags/example_bash_operator.py for tasks to queue
[2023-07-27T01:54:18.022+0000] {logging_mixin.py:150} INFO - [2023-07-27T01:54:18.022+0000] {dagbag.py:541} INFO - Filling up the DagBag from /home/airflow/.local/lib/python3.7/site-packages/airflow/example_dags/example_bash_operator.py
[2023-07-27T01:54:18.038+0000] {processor.py:836} INFO - DAG(s) dict_keys(['example_bash_operator']) retrieved from /home/airflow/.local/lib/python3.7/site-packages/airflow/example_dags/example_bash_operator.py
[2023-07-27T01:54:18.078+0000] {logging_mixin.py:150} INFO - [2023-07-27T01:54:18.078+0000] {dag.py:2742} INFO - Sync 1 DAGs
[2023-07-27T01:54:18.107+0000] {logging_mixin.py:150} INFO - [2023-07-27T01:54:18.107+0000] {dag.py:3508} INFO - Setting next_dagrun for example_bash_operator to 2023-07-26T00:00:00+00:00, run_after=2023-07-27T00:00:00+00:00
[2023-07-27T01:54:18.130+0000] {processor.py:179} INFO - Processing /home/airflow/.local/lib/python3.7/site-packages/airflow/example_dags/example_bash_operator.py took 0.113 seconds
[2023-07-27T01:54:48.331+0000] {processor.py:157} INFO - Started process (PID=4208) to work on /home/airflow/.local/lib/python3.7/site-packages/airflow/example_dags/example_bash_operator.py
[2023-07-27T01:54:48.332+0000] {processor.py:826} INFO - Processing file /home/airflow/.local/lib/python3.7/site-packages/airflow/example_dags/example_bash_operator.py for tasks to queue
[2023-07-27T01:54:48.333+0000] {logging_mixin.py:150} INFO - [2023-07-27T01:54:48.332+0000] {dagbag.py:541} INFO - Filling up the DagBag from /home/airflow/.local/lib/python3.7/site-packages/airflow/example_dags/example_bash_operator.py
[2023-07-27T01:54:48.348+0000] {processor.py:836} INFO - DAG(s) dict_keys(['example_bash_operator']) retrieved from /home/airflow/.local/lib/python3.7/site-packages/airflow/example_dags/example_bash_operator.py
[2023-07-27T01:54:48.388+0000] {logging_mixin.py:150} INFO - [2023-07-27T01:54:48.388+0000] {dag.py:2742} INFO - Sync 1 DAGs
[2023-07-27T01:54:48.419+0000] {logging_mixin.py:150} INFO - [2023-07-27T01:54:48.419+0000] {dag.py:3508} INFO - Setting next_dagrun for example_bash_operator to 2023-07-26T00:00:00+00:00, run_after=2023-07-27T00:00:00+00:00
[2023-07-27T01:54:48.442+0000] {processor.py:179} INFO - Processing /home/airflow/.local/lib/python3.7/site-packages/airflow/example_dags/example_bash_operator.py took 0.115 seconds
[2023-07-27T01:55:18.778+0000] {processor.py:157} INFO - Started process (PID=4268) to work on /home/airflow/.local/lib/python3.7/site-packages/airflow/example_dags/example_bash_operator.py
[2023-07-27T01:55:18.780+0000] {processor.py:826} INFO - Processing file /home/airflow/.local/lib/python3.7/site-packages/airflow/example_dags/example_bash_operator.py for tasks to queue
[2023-07-27T01:55:18.781+0000] {logging_mixin.py:150} INFO - [2023-07-27T01:55:18.781+0000] {dagbag.py:541} INFO - Filling up the DagBag from /home/airflow/.local/lib/python3.7/site-packages/airflow/example_dags/example_bash_operator.py
[2023-07-27T01:55:18.797+0000] {processor.py:836} INFO - DAG(s) dict_keys(['example_bash_operator']) retrieved from /home/airflow/.local/lib/python3.7/site-packages/airflow/example_dags/example_bash_operator.py
[2023-07-27T01:55:18.839+0000] {logging_mixin.py:150} INFO - [2023-07-27T01:55:18.839+0000] {dag.py:2742} INFO - Sync 1 DAGs
[2023-07-27T01:55:18.869+0000] {logging_mixin.py:150} INFO - [2023-07-27T01:55:18.869+0000] {dag.py:3508} INFO - Setting next_dagrun for example_bash_operator to 2023-07-26T00:00:00+00:00, run_after=2023-07-27T00:00:00+00:00
[2023-07-27T01:55:18.893+0000] {processor.py:179} INFO - Processing /home/airflow/.local/lib/python3.7/site-packages/airflow/example_dags/example_bash_operator.py took 0.117 seconds
[2023-07-27T01:55:49.057+0000] {processor.py:157} INFO - Started process (PID=4327) to work on /home/airflow/.local/lib/python3.7/site-packages/airflow/example_dags/example_bash_operator.py
[2023-07-27T01:55:49.058+0000] {processor.py:826} INFO - Processing file /home/airflow/.local/lib/python3.7/site-packages/airflow/example_dags/example_bash_operator.py for tasks to queue
[2023-07-27T01:55:49.059+0000] {logging_mixin.py:150} INFO - [2023-07-27T01:55:49.059+0000] {dagbag.py:541} INFO - Filling up the DagBag from /home/airflow/.local/lib/python3.7/site-packages/airflow/example_dags/example_bash_operator.py
[2023-07-27T01:55:49.074+0000] {processor.py:836} INFO - DAG(s) dict_keys(['example_bash_operator']) retrieved from /home/airflow/.local/lib/python3.7/site-packages/airflow/example_dags/example_bash_operator.py
[2023-07-27T01:55:49.117+0000] {logging_mixin.py:150} INFO - [2023-07-27T01:55:49.117+0000] {dag.py:2742} INFO - Sync 1 DAGs
[2023-07-27T01:55:49.148+0000] {logging_mixin.py:150} INFO - [2023-07-27T01:55:49.148+0000] {dag.py:3508} INFO - Setting next_dagrun for example_bash_operator to 2023-07-26T00:00:00+00:00, run_after=2023-07-27T00:00:00+00:00
[2023-07-27T01:55:49.170+0000] {processor.py:179} INFO - Processing /home/airflow/.local/lib/python3.7/site-packages/airflow/example_dags/example_bash_operator.py took 0.117 seconds
[2023-07-27T01:56:19.584+0000] {processor.py:157} INFO - Started process (PID=4388) to work on /home/airflow/.local/lib/python3.7/site-packages/airflow/example_dags/example_bash_operator.py
[2023-07-27T01:56:19.585+0000] {processor.py:826} INFO - Processing file /home/airflow/.local/lib/python3.7/site-packages/airflow/example_dags/example_bash_operator.py for tasks to queue
[2023-07-27T01:56:19.586+0000] {logging_mixin.py:150} INFO - [2023-07-27T01:56:19.586+0000] {dagbag.py:541} INFO - Filling up the DagBag from /home/airflow/.local/lib/python3.7/site-packages/airflow/example_dags/example_bash_operator.py
[2023-07-27T01:56:19.601+0000] {processor.py:836} INFO - DAG(s) dict_keys(['example_bash_operator']) retrieved from /home/airflow/.local/lib/python3.7/site-packages/airflow/example_dags/example_bash_operator.py
[2023-07-27T01:56:19.642+0000] {logging_mixin.py:150} INFO - [2023-07-27T01:56:19.642+0000] {dag.py:2742} INFO - Sync 1 DAGs
[2023-07-27T01:56:19.672+0000] {logging_mixin.py:150} INFO - [2023-07-27T01:56:19.672+0000] {dag.py:3508} INFO - Setting next_dagrun for example_bash_operator to 2023-07-26T00:00:00+00:00, run_after=2023-07-27T00:00:00+00:00
[2023-07-27T01:56:19.696+0000] {processor.py:179} INFO - Processing /home/airflow/.local/lib/python3.7/site-packages/airflow/example_dags/example_bash_operator.py took 0.115 seconds
[2023-07-27T01:56:50.002+0000] {processor.py:157} INFO - Started process (PID=4449) to work on /home/airflow/.local/lib/python3.7/site-packages/airflow/example_dags/example_bash_operator.py
[2023-07-27T01:56:50.003+0000] {processor.py:826} INFO - Processing file /home/airflow/.local/lib/python3.7/site-packages/airflow/example_dags/example_bash_operator.py for tasks to queue
[2023-07-27T01:56:50.005+0000] {logging_mixin.py:150} INFO - [2023-07-27T01:56:50.004+0000] {dagbag.py:541} INFO - Filling up the DagBag from /home/airflow/.local/lib/python3.7/site-packages/airflow/example_dags/example_bash_operator.py
[2023-07-27T01:56:50.019+0000] {processor.py:836} INFO - DAG(s) dict_keys(['example_bash_operator']) retrieved from /home/airflow/.local/lib/python3.7/site-packages/airflow/example_dags/example_bash_operator.py
[2023-07-27T01:56:50.060+0000] {logging_mixin.py:150} INFO - [2023-07-27T01:56:50.060+0000] {dag.py:2742} INFO - Sync 1 DAGs
[2023-07-27T01:56:50.089+0000] {logging_mixin.py:150} INFO - [2023-07-27T01:56:50.089+0000] {dag.py:3508} INFO - Setting next_dagrun for example_bash_operator to 2023-07-26T00:00:00+00:00, run_after=2023-07-27T00:00:00+00:00
[2023-07-27T01:56:50.134+0000] {processor.py:179} INFO - Processing /home/airflow/.local/lib/python3.7/site-packages/airflow/example_dags/example_bash_operator.py took 0.135 seconds
[2023-07-27T01:57:21.178+0000] {processor.py:157} INFO - Started process (PID=4510) to work on /home/airflow/.local/lib/python3.7/site-packages/airflow/example_dags/example_bash_operator.py
[2023-07-27T01:57:21.179+0000] {processor.py:826} INFO - Processing file /home/airflow/.local/lib/python3.7/site-packages/airflow/example_dags/example_bash_operator.py for tasks to queue
[2023-07-27T01:57:21.181+0000] {logging_mixin.py:150} INFO - [2023-07-27T01:57:21.180+0000] {dagbag.py:541} INFO - Filling up the DagBag from /home/airflow/.local/lib/python3.7/site-packages/airflow/example_dags/example_bash_operator.py
[2023-07-27T01:57:21.196+0000] {processor.py:836} INFO - DAG(s) dict_keys(['example_bash_operator']) retrieved from /home/airflow/.local/lib/python3.7/site-packages/airflow/example_dags/example_bash_operator.py
[2023-07-27T01:57:21.235+0000] {logging_mixin.py:150} INFO - [2023-07-27T01:57:21.235+0000] {dag.py:2742} INFO - Sync 1 DAGs
[2023-07-27T01:57:21.264+0000] {logging_mixin.py:150} INFO - [2023-07-27T01:57:21.264+0000] {dag.py:3508} INFO - Setting next_dagrun for example_bash_operator to 2023-07-26T00:00:00+00:00, run_after=2023-07-27T00:00:00+00:00
[2023-07-27T01:57:21.287+0000] {processor.py:179} INFO - Processing /home/airflow/.local/lib/python3.7/site-packages/airflow/example_dags/example_bash_operator.py took 0.112 seconds
[2023-07-27T01:57:51.438+0000] {processor.py:157} INFO - Started process (PID=4570) to work on /home/airflow/.local/lib/python3.7/site-packages/airflow/example_dags/example_bash_operator.py
[2023-07-27T01:57:51.439+0000] {processor.py:826} INFO - Processing file /home/airflow/.local/lib/python3.7/site-packages/airflow/example_dags/example_bash_operator.py for tasks to queue
[2023-07-27T01:57:51.440+0000] {logging_mixin.py:150} INFO - [2023-07-27T01:57:51.440+0000] {dagbag.py:541} INFO - Filling up the DagBag from /home/airflow/.local/lib/python3.7/site-packages/airflow/example_dags/example_bash_operator.py
[2023-07-27T01:57:51.456+0000] {processor.py:836} INFO - DAG(s) dict_keys(['example_bash_operator']) retrieved from /home/airflow/.local/lib/python3.7/site-packages/airflow/example_dags/example_bash_operator.py
[2023-07-27T01:57:51.497+0000] {logging_mixin.py:150} INFO - [2023-07-27T01:57:51.496+0000] {dag.py:2742} INFO - Sync 1 DAGs
[2023-07-27T01:57:51.527+0000] {logging_mixin.py:150} INFO - [2023-07-27T01:57:51.526+0000] {dag.py:3508} INFO - Setting next_dagrun for example_bash_operator to 2023-07-26T00:00:00+00:00, run_after=2023-07-27T00:00:00+00:00
[2023-07-27T01:57:51.549+0000] {processor.py:179} INFO - Processing /home/airflow/.local/lib/python3.7/site-packages/airflow/example_dags/example_bash_operator.py took 0.115 seconds
[2023-07-27T01:58:21.900+0000] {processor.py:157} INFO - Started process (PID=4630) to work on /home/airflow/.local/lib/python3.7/site-packages/airflow/example_dags/example_bash_operator.py
[2023-07-27T01:58:21.901+0000] {processor.py:826} INFO - Processing file /home/airflow/.local/lib/python3.7/site-packages/airflow/example_dags/example_bash_operator.py for tasks to queue
[2023-07-27T01:58:21.903+0000] {logging_mixin.py:150} INFO - [2023-07-27T01:58:21.902+0000] {dagbag.py:541} INFO - Filling up the DagBag from /home/airflow/.local/lib/python3.7/site-packages/airflow/example_dags/example_bash_operator.py
[2023-07-27T01:58:21.919+0000] {processor.py:836} INFO - DAG(s) dict_keys(['example_bash_operator']) retrieved from /home/airflow/.local/lib/python3.7/site-packages/airflow/example_dags/example_bash_operator.py
[2023-07-27T01:58:21.960+0000] {logging_mixin.py:150} INFO - [2023-07-27T01:58:21.960+0000] {dag.py:2742} INFO - Sync 1 DAGs
[2023-07-27T01:58:21.989+0000] {logging_mixin.py:150} INFO - [2023-07-27T01:58:21.989+0000] {dag.py:3508} INFO - Setting next_dagrun for example_bash_operator to 2023-07-26T00:00:00+00:00, run_after=2023-07-27T00:00:00+00:00
[2023-07-27T01:58:22.015+0000] {processor.py:179} INFO - Processing /home/airflow/.local/lib/python3.7/site-packages/airflow/example_dags/example_bash_operator.py took 0.118 seconds
[2023-07-27T01:58:52.099+0000] {processor.py:157} INFO - Started process (PID=4690) to work on /home/airflow/.local/lib/python3.7/site-packages/airflow/example_dags/example_bash_operator.py
[2023-07-27T01:58:52.100+0000] {processor.py:826} INFO - Processing file /home/airflow/.local/lib/python3.7/site-packages/airflow/example_dags/example_bash_operator.py for tasks to queue
[2023-07-27T01:58:52.102+0000] {logging_mixin.py:150} INFO - [2023-07-27T01:58:52.101+0000] {dagbag.py:541} INFO - Filling up the DagBag from /home/airflow/.local/lib/python3.7/site-packages/airflow/example_dags/example_bash_operator.py
[2023-07-27T01:58:52.118+0000] {processor.py:836} INFO - DAG(s) dict_keys(['example_bash_operator']) retrieved from /home/airflow/.local/lib/python3.7/site-packages/airflow/example_dags/example_bash_operator.py
[2023-07-27T01:58:52.160+0000] {logging_mixin.py:150} INFO - [2023-07-27T01:58:52.160+0000] {dag.py:2742} INFO - Sync 1 DAGs
[2023-07-27T01:58:52.190+0000] {logging_mixin.py:150} INFO - [2023-07-27T01:58:52.190+0000] {dag.py:3508} INFO - Setting next_dagrun for example_bash_operator to 2023-07-26T00:00:00+00:00, run_after=2023-07-27T00:00:00+00:00
[2023-07-27T01:58:52.216+0000] {processor.py:179} INFO - Processing /home/airflow/.local/lib/python3.7/site-packages/airflow/example_dags/example_bash_operator.py took 0.121 seconds
[2023-07-27T01:59:22.586+0000] {processor.py:157} INFO - Started process (PID=4750) to work on /home/airflow/.local/lib/python3.7/site-packages/airflow/example_dags/example_bash_operator.py
[2023-07-27T01:59:22.587+0000] {processor.py:826} INFO - Processing file /home/airflow/.local/lib/python3.7/site-packages/airflow/example_dags/example_bash_operator.py for tasks to queue
[2023-07-27T01:59:22.588+0000] {logging_mixin.py:150} INFO - [2023-07-27T01:59:22.588+0000] {dagbag.py:541} INFO - Filling up the DagBag from /home/airflow/.local/lib/python3.7/site-packages/airflow/example_dags/example_bash_operator.py
[2023-07-27T01:59:22.604+0000] {processor.py:836} INFO - DAG(s) dict_keys(['example_bash_operator']) retrieved from /home/airflow/.local/lib/python3.7/site-packages/airflow/example_dags/example_bash_operator.py
[2023-07-27T01:59:22.644+0000] {logging_mixin.py:150} INFO - [2023-07-27T01:59:22.644+0000] {dag.py:2742} INFO - Sync 1 DAGs
[2023-07-27T01:59:22.674+0000] {logging_mixin.py:150} INFO - [2023-07-27T01:59:22.674+0000] {dag.py:3508} INFO - Setting next_dagrun for example_bash_operator to 2023-07-26T00:00:00+00:00, run_after=2023-07-27T00:00:00+00:00
[2023-07-27T01:59:22.698+0000] {processor.py:179} INFO - Processing /home/airflow/.local/lib/python3.7/site-packages/airflow/example_dags/example_bash_operator.py took 0.116 seconds
[2023-07-27T01:59:52.789+0000] {processor.py:157} INFO - Started process (PID=4810) to work on /home/airflow/.local/lib/python3.7/site-packages/airflow/example_dags/example_bash_operator.py
[2023-07-27T01:59:52.790+0000] {processor.py:826} INFO - Processing file /home/airflow/.local/lib/python3.7/site-packages/airflow/example_dags/example_bash_operator.py for tasks to queue
[2023-07-27T01:59:52.791+0000] {logging_mixin.py:150} INFO - [2023-07-27T01:59:52.791+0000] {dagbag.py:541} INFO - Filling up the DagBag from /home/airflow/.local/lib/python3.7/site-packages/airflow/example_dags/example_bash_operator.py
[2023-07-27T01:59:52.807+0000] {processor.py:836} INFO - DAG(s) dict_keys(['example_bash_operator']) retrieved from /home/airflow/.local/lib/python3.7/site-packages/airflow/example_dags/example_bash_operator.py
[2023-07-27T01:59:52.848+0000] {logging_mixin.py:150} INFO - [2023-07-27T01:59:52.848+0000] {dag.py:2742} INFO - Sync 1 DAGs
[2023-07-27T01:59:52.876+0000] {logging_mixin.py:150} INFO - [2023-07-27T01:59:52.876+0000] {dag.py:3508} INFO - Setting next_dagrun for example_bash_operator to 2023-07-26T00:00:00+00:00, run_after=2023-07-27T00:00:00+00:00
[2023-07-27T01:59:52.900+0000] {processor.py:179} INFO - Processing /home/airflow/.local/lib/python3.7/site-packages/airflow/example_dags/example_bash_operator.py took 0.116 seconds
[2023-07-27T02:00:23.041+0000] {processor.py:157} INFO - Started process (PID=4870) to work on /home/airflow/.local/lib/python3.7/site-packages/airflow/example_dags/example_bash_operator.py
[2023-07-27T02:00:23.043+0000] {processor.py:826} INFO - Processing file /home/airflow/.local/lib/python3.7/site-packages/airflow/example_dags/example_bash_operator.py for tasks to queue
[2023-07-27T02:00:23.044+0000] {logging_mixin.py:150} INFO - [2023-07-27T02:00:23.043+0000] {dagbag.py:541} INFO - Filling up the DagBag from /home/airflow/.local/lib/python3.7/site-packages/airflow/example_dags/example_bash_operator.py
[2023-07-27T02:00:23.059+0000] {processor.py:836} INFO - DAG(s) dict_keys(['example_bash_operator']) retrieved from /home/airflow/.local/lib/python3.7/site-packages/airflow/example_dags/example_bash_operator.py
[2023-07-27T02:00:23.101+0000] {logging_mixin.py:150} INFO - [2023-07-27T02:00:23.101+0000] {dag.py:2742} INFO - Sync 1 DAGs
[2023-07-27T02:00:23.130+0000] {logging_mixin.py:150} INFO - [2023-07-27T02:00:23.130+0000] {dag.py:3508} INFO - Setting next_dagrun for example_bash_operator to 2023-07-26T00:00:00+00:00, run_after=2023-07-27T00:00:00+00:00
[2023-07-27T02:00:23.154+0000] {processor.py:179} INFO - Processing /home/airflow/.local/lib/python3.7/site-packages/airflow/example_dags/example_bash_operator.py took 0.116 seconds
[2023-07-27T02:00:53.347+0000] {processor.py:157} INFO - Started process (PID=4930) to work on /home/airflow/.local/lib/python3.7/site-packages/airflow/example_dags/example_bash_operator.py
[2023-07-27T02:00:53.349+0000] {processor.py:826} INFO - Processing file /home/airflow/.local/lib/python3.7/site-packages/airflow/example_dags/example_bash_operator.py for tasks to queue
[2023-07-27T02:00:53.350+0000] {logging_mixin.py:150} INFO - [2023-07-27T02:00:53.350+0000] {dagbag.py:541} INFO - Filling up the DagBag from /home/airflow/.local/lib/python3.7/site-packages/airflow/example_dags/example_bash_operator.py
[2023-07-27T02:00:53.366+0000] {processor.py:836} INFO - DAG(s) dict_keys(['example_bash_operator']) retrieved from /home/airflow/.local/lib/python3.7/site-packages/airflow/example_dags/example_bash_operator.py
[2023-07-27T02:00:53.409+0000] {logging_mixin.py:150} INFO - [2023-07-27T02:00:53.408+0000] {dag.py:2742} INFO - Sync 1 DAGs
[2023-07-27T02:00:53.439+0000] {logging_mixin.py:150} INFO - [2023-07-27T02:00:53.439+0000] {dag.py:3508} INFO - Setting next_dagrun for example_bash_operator to 2023-07-26T00:00:00+00:00, run_after=2023-07-27T00:00:00+00:00
[2023-07-27T02:00:53.461+0000] {processor.py:179} INFO - Processing /home/airflow/.local/lib/python3.7/site-packages/airflow/example_dags/example_bash_operator.py took 0.117 seconds
[2023-07-27T02:01:23.579+0000] {processor.py:157} INFO - Started process (PID=4990) to work on /home/airflow/.local/lib/python3.7/site-packages/airflow/example_dags/example_bash_operator.py
[2023-07-27T02:01:23.581+0000] {processor.py:826} INFO - Processing file /home/airflow/.local/lib/python3.7/site-packages/airflow/example_dags/example_bash_operator.py for tasks to queue
[2023-07-27T02:01:23.582+0000] {logging_mixin.py:150} INFO - [2023-07-27T02:01:23.582+0000] {dagbag.py:541} INFO - Filling up the DagBag from /home/airflow/.local/lib/python3.7/site-packages/airflow/example_dags/example_bash_operator.py
[2023-07-27T02:01:23.598+0000] {processor.py:836} INFO - DAG(s) dict_keys(['example_bash_operator']) retrieved from /home/airflow/.local/lib/python3.7/site-packages/airflow/example_dags/example_bash_operator.py
[2023-07-27T02:01:23.640+0000] {logging_mixin.py:150} INFO - [2023-07-27T02:01:23.640+0000] {dag.py:2742} INFO - Sync 1 DAGs
[2023-07-27T02:01:23.670+0000] {logging_mixin.py:150} INFO - [2023-07-27T02:01:23.670+0000] {dag.py:3508} INFO - Setting next_dagrun for example_bash_operator to 2023-07-26T00:00:00+00:00, run_after=2023-07-27T00:00:00+00:00
[2023-07-27T02:01:23.696+0000] {processor.py:179} INFO - Processing /home/airflow/.local/lib/python3.7/site-packages/airflow/example_dags/example_bash_operator.py took 0.120 seconds
[2023-07-27T02:01:54.001+0000] {processor.py:157} INFO - Started process (PID=5050) to work on /home/airflow/.local/lib/python3.7/site-packages/airflow/example_dags/example_bash_operator.py
[2023-07-27T02:01:54.002+0000] {processor.py:826} INFO - Processing file /home/airflow/.local/lib/python3.7/site-packages/airflow/example_dags/example_bash_operator.py for tasks to queue
[2023-07-27T02:01:54.003+0000] {logging_mixin.py:150} INFO - [2023-07-27T02:01:54.003+0000] {dagbag.py:541} INFO - Filling up the DagBag from /home/airflow/.local/lib/python3.7/site-packages/airflow/example_dags/example_bash_operator.py
[2023-07-27T02:01:54.018+0000] {processor.py:836} INFO - DAG(s) dict_keys(['example_bash_operator']) retrieved from /home/airflow/.local/lib/python3.7/site-packages/airflow/example_dags/example_bash_operator.py
[2023-07-27T02:01:54.060+0000] {logging_mixin.py:150} INFO - [2023-07-27T02:01:54.060+0000] {dag.py:2742} INFO - Sync 1 DAGs
[2023-07-27T02:01:54.090+0000] {logging_mixin.py:150} INFO - [2023-07-27T02:01:54.089+0000] {dag.py:3508} INFO - Setting next_dagrun for example_bash_operator to 2023-07-26T00:00:00+00:00, run_after=2023-07-27T00:00:00+00:00
[2023-07-27T02:01:54.112+0000] {processor.py:179} INFO - Processing /home/airflow/.local/lib/python3.7/site-packages/airflow/example_dags/example_bash_operator.py took 0.115 seconds
[2023-07-27T02:02:24.161+0000] {processor.py:157} INFO - Started process (PID=5110) to work on /home/airflow/.local/lib/python3.7/site-packages/airflow/example_dags/example_bash_operator.py
[2023-07-27T02:02:24.162+0000] {processor.py:826} INFO - Processing file /home/airflow/.local/lib/python3.7/site-packages/airflow/example_dags/example_bash_operator.py for tasks to queue
[2023-07-27T02:02:24.163+0000] {logging_mixin.py:150} INFO - [2023-07-27T02:02:24.163+0000] {dagbag.py:541} INFO - Filling up the DagBag from /home/airflow/.local/lib/python3.7/site-packages/airflow/example_dags/example_bash_operator.py
[2023-07-27T02:02:24.178+0000] {processor.py:836} INFO - DAG(s) dict_keys(['example_bash_operator']) retrieved from /home/airflow/.local/lib/python3.7/site-packages/airflow/example_dags/example_bash_operator.py
[2023-07-27T02:02:24.218+0000] {logging_mixin.py:150} INFO - [2023-07-27T02:02:24.218+0000] {dag.py:2742} INFO - Sync 1 DAGs
[2023-07-27T02:02:24.248+0000] {logging_mixin.py:150} INFO - [2023-07-27T02:02:24.248+0000] {dag.py:3508} INFO - Setting next_dagrun for example_bash_operator to 2023-07-26T00:00:00+00:00, run_after=2023-07-27T00:00:00+00:00
[2023-07-27T02:02:24.273+0000] {processor.py:179} INFO - Processing /home/airflow/.local/lib/python3.7/site-packages/airflow/example_dags/example_bash_operator.py took 0.115 seconds
[2023-07-27T02:02:54.392+0000] {processor.py:157} INFO - Started process (PID=5170) to work on /home/airflow/.local/lib/python3.7/site-packages/airflow/example_dags/example_bash_operator.py
[2023-07-27T02:02:54.393+0000] {processor.py:826} INFO - Processing file /home/airflow/.local/lib/python3.7/site-packages/airflow/example_dags/example_bash_operator.py for tasks to queue
[2023-07-27T02:02:54.395+0000] {logging_mixin.py:150} INFO - [2023-07-27T02:02:54.394+0000] {dagbag.py:541} INFO - Filling up the DagBag from /home/airflow/.local/lib/python3.7/site-packages/airflow/example_dags/example_bash_operator.py
[2023-07-27T02:02:54.412+0000] {processor.py:836} INFO - DAG(s) dict_keys(['example_bash_operator']) retrieved from /home/airflow/.local/lib/python3.7/site-packages/airflow/example_dags/example_bash_operator.py
[2023-07-27T02:02:54.453+0000] {logging_mixin.py:150} INFO - [2023-07-27T02:02:54.453+0000] {dag.py:2742} INFO - Sync 1 DAGs
[2023-07-27T02:02:54.482+0000] {logging_mixin.py:150} INFO - [2023-07-27T02:02:54.482+0000] {dag.py:3508} INFO - Setting next_dagrun for example_bash_operator to 2023-07-26T00:00:00+00:00, run_after=2023-07-27T00:00:00+00:00
[2023-07-27T02:02:54.511+0000] {processor.py:179} INFO - Processing /home/airflow/.local/lib/python3.7/site-packages/airflow/example_dags/example_bash_operator.py took 0.124 seconds
[2023-07-27T02:03:24.676+0000] {processor.py:157} INFO - Started process (PID=5230) to work on /home/airflow/.local/lib/python3.7/site-packages/airflow/example_dags/example_bash_operator.py
[2023-07-27T02:03:24.677+0000] {processor.py:826} INFO - Processing file /home/airflow/.local/lib/python3.7/site-packages/airflow/example_dags/example_bash_operator.py for tasks to queue
[2023-07-27T02:03:24.678+0000] {logging_mixin.py:150} INFO - [2023-07-27T02:03:24.678+0000] {dagbag.py:541} INFO - Filling up the DagBag from /home/airflow/.local/lib/python3.7/site-packages/airflow/example_dags/example_bash_operator.py
[2023-07-27T02:03:24.694+0000] {processor.py:836} INFO - DAG(s) dict_keys(['example_bash_operator']) retrieved from /home/airflow/.local/lib/python3.7/site-packages/airflow/example_dags/example_bash_operator.py
[2023-07-27T02:03:24.735+0000] {logging_mixin.py:150} INFO - [2023-07-27T02:03:24.735+0000] {dag.py:2742} INFO - Sync 1 DAGs
[2023-07-27T02:03:24.764+0000] {logging_mixin.py:150} INFO - [2023-07-27T02:03:24.764+0000] {dag.py:3508} INFO - Setting next_dagrun for example_bash_operator to 2023-07-26T00:00:00+00:00, run_after=2023-07-27T00:00:00+00:00
[2023-07-27T02:03:24.790+0000] {processor.py:179} INFO - Processing /home/airflow/.local/lib/python3.7/site-packages/airflow/example_dags/example_bash_operator.py took 0.118 seconds
[2023-07-27T02:03:55.544+0000] {processor.py:157} INFO - Started process (PID=5284) to work on /home/airflow/.local/lib/python3.7/site-packages/airflow/example_dags/example_bash_operator.py
[2023-07-27T02:03:55.545+0000] {processor.py:826} INFO - Processing file /home/airflow/.local/lib/python3.7/site-packages/airflow/example_dags/example_bash_operator.py for tasks to queue
[2023-07-27T02:03:55.546+0000] {logging_mixin.py:150} INFO - [2023-07-27T02:03:55.546+0000] {dagbag.py:541} INFO - Filling up the DagBag from /home/airflow/.local/lib/python3.7/site-packages/airflow/example_dags/example_bash_operator.py
[2023-07-27T02:03:55.562+0000] {processor.py:836} INFO - DAG(s) dict_keys(['example_bash_operator']) retrieved from /home/airflow/.local/lib/python3.7/site-packages/airflow/example_dags/example_bash_operator.py
[2023-07-27T02:03:55.602+0000] {logging_mixin.py:150} INFO - [2023-07-27T02:03:55.602+0000] {dag.py:2742} INFO - Sync 1 DAGs
[2023-07-27T02:03:55.631+0000] {logging_mixin.py:150} INFO - [2023-07-27T02:03:55.631+0000] {dag.py:3508} INFO - Setting next_dagrun for example_bash_operator to 2023-07-26T00:00:00+00:00, run_after=2023-07-27T00:00:00+00:00
[2023-07-27T02:03:55.655+0000] {processor.py:179} INFO - Processing /home/airflow/.local/lib/python3.7/site-packages/airflow/example_dags/example_bash_operator.py took 0.115 seconds
[2023-07-27T02:04:25.845+0000] {processor.py:157} INFO - Started process (PID=5344) to work on /home/airflow/.local/lib/python3.7/site-packages/airflow/example_dags/example_bash_operator.py
[2023-07-27T02:04:25.846+0000] {processor.py:826} INFO - Processing file /home/airflow/.local/lib/python3.7/site-packages/airflow/example_dags/example_bash_operator.py for tasks to queue
[2023-07-27T02:04:25.848+0000] {logging_mixin.py:150} INFO - [2023-07-27T02:04:25.847+0000] {dagbag.py:541} INFO - Filling up the DagBag from /home/airflow/.local/lib/python3.7/site-packages/airflow/example_dags/example_bash_operator.py
[2023-07-27T02:04:25.865+0000] {processor.py:836} INFO - DAG(s) dict_keys(['example_bash_operator']) retrieved from /home/airflow/.local/lib/python3.7/site-packages/airflow/example_dags/example_bash_operator.py
[2023-07-27T02:04:25.905+0000] {logging_mixin.py:150} INFO - [2023-07-27T02:04:25.905+0000] {dag.py:2742} INFO - Sync 1 DAGs
[2023-07-27T02:04:25.935+0000] {logging_mixin.py:150} INFO - [2023-07-27T02:04:25.935+0000] {dag.py:3508} INFO - Setting next_dagrun for example_bash_operator to 2023-07-26T00:00:00+00:00, run_after=2023-07-27T00:00:00+00:00
[2023-07-27T02:04:25.959+0000] {processor.py:179} INFO - Processing /home/airflow/.local/lib/python3.7/site-packages/airflow/example_dags/example_bash_operator.py took 0.118 seconds
[2023-07-27T02:04:56.446+0000] {processor.py:157} INFO - Started process (PID=5404) to work on /home/airflow/.local/lib/python3.7/site-packages/airflow/example_dags/example_bash_operator.py
[2023-07-27T02:04:56.448+0000] {processor.py:826} INFO - Processing file /home/airflow/.local/lib/python3.7/site-packages/airflow/example_dags/example_bash_operator.py for tasks to queue
[2023-07-27T02:04:56.449+0000] {logging_mixin.py:150} INFO - [2023-07-27T02:04:56.448+0000] {dagbag.py:541} INFO - Filling up the DagBag from /home/airflow/.local/lib/python3.7/site-packages/airflow/example_dags/example_bash_operator.py
[2023-07-27T02:04:56.464+0000] {processor.py:836} INFO - DAG(s) dict_keys(['example_bash_operator']) retrieved from /home/airflow/.local/lib/python3.7/site-packages/airflow/example_dags/example_bash_operator.py
[2023-07-27T02:04:56.503+0000] {logging_mixin.py:150} INFO - [2023-07-27T02:04:56.503+0000] {dag.py:2742} INFO - Sync 1 DAGs
[2023-07-27T02:04:56.533+0000] {logging_mixin.py:150} INFO - [2023-07-27T02:04:56.533+0000] {dag.py:3508} INFO - Setting next_dagrun for example_bash_operator to 2023-07-26T00:00:00+00:00, run_after=2023-07-27T00:00:00+00:00
[2023-07-27T02:04:56.557+0000] {processor.py:179} INFO - Processing /home/airflow/.local/lib/python3.7/site-packages/airflow/example_dags/example_bash_operator.py took 0.115 seconds
[2023-07-27T02:05:26.703+0000] {processor.py:157} INFO - Started process (PID=5464) to work on /home/airflow/.local/lib/python3.7/site-packages/airflow/example_dags/example_bash_operator.py
[2023-07-27T02:05:26.704+0000] {processor.py:826} INFO - Processing file /home/airflow/.local/lib/python3.7/site-packages/airflow/example_dags/example_bash_operator.py for tasks to queue
[2023-07-27T02:05:26.705+0000] {logging_mixin.py:150} INFO - [2023-07-27T02:05:26.705+0000] {dagbag.py:541} INFO - Filling up the DagBag from /home/airflow/.local/lib/python3.7/site-packages/airflow/example_dags/example_bash_operator.py
[2023-07-27T02:05:26.720+0000] {processor.py:836} INFO - DAG(s) dict_keys(['example_bash_operator']) retrieved from /home/airflow/.local/lib/python3.7/site-packages/airflow/example_dags/example_bash_operator.py
[2023-07-27T02:05:26.759+0000] {logging_mixin.py:150} INFO - [2023-07-27T02:05:26.758+0000] {dag.py:2742} INFO - Sync 1 DAGs
[2023-07-27T02:05:26.786+0000] {logging_mixin.py:150} INFO - [2023-07-27T02:05:26.786+0000] {dag.py:3508} INFO - Setting next_dagrun for example_bash_operator to 2023-07-26T00:00:00+00:00, run_after=2023-07-27T00:00:00+00:00
[2023-07-27T02:05:26.809+0000] {processor.py:179} INFO - Processing /home/airflow/.local/lib/python3.7/site-packages/airflow/example_dags/example_bash_operator.py took 0.109 seconds
[2023-07-27T02:05:57.280+0000] {processor.py:157} INFO - Started process (PID=5524) to work on /home/airflow/.local/lib/python3.7/site-packages/airflow/example_dags/example_bash_operator.py
[2023-07-27T02:05:57.281+0000] {processor.py:826} INFO - Processing file /home/airflow/.local/lib/python3.7/site-packages/airflow/example_dags/example_bash_operator.py for tasks to queue
[2023-07-27T02:05:57.282+0000] {logging_mixin.py:150} INFO - [2023-07-27T02:05:57.282+0000] {dagbag.py:541} INFO - Filling up the DagBag from /home/airflow/.local/lib/python3.7/site-packages/airflow/example_dags/example_bash_operator.py
[2023-07-27T02:05:57.298+0000] {processor.py:836} INFO - DAG(s) dict_keys(['example_bash_operator']) retrieved from /home/airflow/.local/lib/python3.7/site-packages/airflow/example_dags/example_bash_operator.py
[2023-07-27T02:05:57.339+0000] {logging_mixin.py:150} INFO - [2023-07-27T02:05:57.339+0000] {dag.py:2742} INFO - Sync 1 DAGs
[2023-07-27T02:05:57.368+0000] {logging_mixin.py:150} INFO - [2023-07-27T02:05:57.368+0000] {dag.py:3508} INFO - Setting next_dagrun for example_bash_operator to 2023-07-26T00:00:00+00:00, run_after=2023-07-27T00:00:00+00:00
[2023-07-27T02:05:57.391+0000] {processor.py:179} INFO - Processing /home/airflow/.local/lib/python3.7/site-packages/airflow/example_dags/example_bash_operator.py took 0.115 seconds
[2023-07-27T02:06:27.912+0000] {processor.py:157} INFO - Started process (PID=5584) to work on /home/airflow/.local/lib/python3.7/site-packages/airflow/example_dags/example_bash_operator.py
[2023-07-27T02:06:27.914+0000] {processor.py:826} INFO - Processing file /home/airflow/.local/lib/python3.7/site-packages/airflow/example_dags/example_bash_operator.py for tasks to queue
[2023-07-27T02:06:27.915+0000] {logging_mixin.py:150} INFO - [2023-07-27T02:06:27.914+0000] {dagbag.py:541} INFO - Filling up the DagBag from /home/airflow/.local/lib/python3.7/site-packages/airflow/example_dags/example_bash_operator.py
[2023-07-27T02:06:27.930+0000] {processor.py:836} INFO - DAG(s) dict_keys(['example_bash_operator']) retrieved from /home/airflow/.local/lib/python3.7/site-packages/airflow/example_dags/example_bash_operator.py
[2023-07-27T02:06:27.971+0000] {logging_mixin.py:150} INFO - [2023-07-27T02:06:27.971+0000] {dag.py:2742} INFO - Sync 1 DAGs
[2023-07-27T02:06:28.000+0000] {logging_mixin.py:150} INFO - [2023-07-27T02:06:28.000+0000] {dag.py:3508} INFO - Setting next_dagrun for example_bash_operator to 2023-07-26T00:00:00+00:00, run_after=2023-07-27T00:00:00+00:00
[2023-07-27T02:06:28.023+0000] {processor.py:179} INFO - Processing /home/airflow/.local/lib/python3.7/site-packages/airflow/example_dags/example_bash_operator.py took 0.114 seconds
[2023-07-27T02:06:58.500+0000] {processor.py:157} INFO - Started process (PID=5644) to work on /home/airflow/.local/lib/python3.7/site-packages/airflow/example_dags/example_bash_operator.py
[2023-07-27T02:06:58.501+0000] {processor.py:826} INFO - Processing file /home/airflow/.local/lib/python3.7/site-packages/airflow/example_dags/example_bash_operator.py for tasks to queue
[2023-07-27T02:06:58.503+0000] {logging_mixin.py:150} INFO - [2023-07-27T02:06:58.502+0000] {dagbag.py:541} INFO - Filling up the DagBag from /home/airflow/.local/lib/python3.7/site-packages/airflow/example_dags/example_bash_operator.py
[2023-07-27T02:06:58.530+0000] {processor.py:836} INFO - DAG(s) dict_keys(['example_bash_operator']) retrieved from /home/airflow/.local/lib/python3.7/site-packages/airflow/example_dags/example_bash_operator.py
[2023-07-27T02:06:58.585+0000] {logging_mixin.py:150} INFO - [2023-07-27T02:06:58.585+0000] {dag.py:2742} INFO - Sync 1 DAGs
[2023-07-27T02:06:58.629+0000] {logging_mixin.py:150} INFO - [2023-07-27T02:06:58.628+0000] {dag.py:3508} INFO - Setting next_dagrun for example_bash_operator to 2023-07-26T00:00:00+00:00, run_after=2023-07-27T00:00:00+00:00
[2023-07-27T02:06:58.804+0000] {processor.py:179} INFO - Processing /home/airflow/.local/lib/python3.7/site-packages/airflow/example_dags/example_bash_operator.py took 0.309 seconds
[2023-07-27T02:07:29.158+0000] {processor.py:157} INFO - Started process (PID=5704) to work on /home/airflow/.local/lib/python3.7/site-packages/airflow/example_dags/example_bash_operator.py
[2023-07-27T02:07:29.159+0000] {processor.py:826} INFO - Processing file /home/airflow/.local/lib/python3.7/site-packages/airflow/example_dags/example_bash_operator.py for tasks to queue
[2023-07-27T02:07:29.161+0000] {logging_mixin.py:150} INFO - [2023-07-27T02:07:29.160+0000] {dagbag.py:541} INFO - Filling up the DagBag from /home/airflow/.local/lib/python3.7/site-packages/airflow/example_dags/example_bash_operator.py
[2023-07-27T02:07:29.177+0000] {processor.py:836} INFO - DAG(s) dict_keys(['example_bash_operator']) retrieved from /home/airflow/.local/lib/python3.7/site-packages/airflow/example_dags/example_bash_operator.py
[2023-07-27T02:07:29.219+0000] {logging_mixin.py:150} INFO - [2023-07-27T02:07:29.219+0000] {dag.py:2742} INFO - Sync 1 DAGs
[2023-07-27T02:07:29.250+0000] {logging_mixin.py:150} INFO - [2023-07-27T02:07:29.249+0000] {dag.py:3508} INFO - Setting next_dagrun for example_bash_operator to 2023-07-26T00:00:00+00:00, run_after=2023-07-27T00:00:00+00:00
[2023-07-27T02:07:29.272+0000] {processor.py:179} INFO - Processing /home/airflow/.local/lib/python3.7/site-packages/airflow/example_dags/example_bash_operator.py took 0.117 seconds
[2023-07-27T02:07:59.953+0000] {processor.py:157} INFO - Started process (PID=5764) to work on /home/airflow/.local/lib/python3.7/site-packages/airflow/example_dags/example_bash_operator.py
[2023-07-27T02:07:59.954+0000] {processor.py:826} INFO - Processing file /home/airflow/.local/lib/python3.7/site-packages/airflow/example_dags/example_bash_operator.py for tasks to queue
[2023-07-27T02:07:59.955+0000] {logging_mixin.py:150} INFO - [2023-07-27T02:07:59.955+0000] {dagbag.py:541} INFO - Filling up the DagBag from /home/airflow/.local/lib/python3.7/site-packages/airflow/example_dags/example_bash_operator.py
[2023-07-27T02:07:59.982+0000] {processor.py:836} INFO - DAG(s) dict_keys(['example_bash_operator']) retrieved from /home/airflow/.local/lib/python3.7/site-packages/airflow/example_dags/example_bash_operator.py
[2023-07-27T02:08:00.046+0000] {logging_mixin.py:150} INFO - [2023-07-27T02:08:00.046+0000] {dag.py:2742} INFO - Sync 1 DAGs
[2023-07-27T02:08:00.085+0000] {logging_mixin.py:150} INFO - [2023-07-27T02:08:00.085+0000] {dag.py:3508} INFO - Setting next_dagrun for example_bash_operator to 2023-07-26T00:00:00+00:00, run_after=2023-07-27T00:00:00+00:00
[2023-07-27T02:08:00.113+0000] {processor.py:179} INFO - Processing /home/airflow/.local/lib/python3.7/site-packages/airflow/example_dags/example_bash_operator.py took 0.164 seconds
[2023-07-27T02:08:30.796+0000] {processor.py:157} INFO - Started process (PID=5825) to work on /home/airflow/.local/lib/python3.7/site-packages/airflow/example_dags/example_bash_operator.py
[2023-07-27T02:08:30.798+0000] {processor.py:826} INFO - Processing file /home/airflow/.local/lib/python3.7/site-packages/airflow/example_dags/example_bash_operator.py for tasks to queue
[2023-07-27T02:08:30.799+0000] {logging_mixin.py:150} INFO - [2023-07-27T02:08:30.799+0000] {dagbag.py:541} INFO - Filling up the DagBag from /home/airflow/.local/lib/python3.7/site-packages/airflow/example_dags/example_bash_operator.py
[2023-07-27T02:08:30.815+0000] {processor.py:836} INFO - DAG(s) dict_keys(['example_bash_operator']) retrieved from /home/airflow/.local/lib/python3.7/site-packages/airflow/example_dags/example_bash_operator.py
[2023-07-27T02:08:30.871+0000] {logging_mixin.py:150} INFO - [2023-07-27T02:08:30.871+0000] {dag.py:2742} INFO - Sync 1 DAGs
[2023-07-27T02:08:31.023+0000] {logging_mixin.py:150} INFO - [2023-07-27T02:08:31.023+0000] {dag.py:3508} INFO - Setting next_dagrun for example_bash_operator to 2023-07-26T00:00:00+00:00, run_after=2023-07-27T00:00:00+00:00
[2023-07-27T02:08:31.043+0000] {processor.py:179} INFO - Processing /home/airflow/.local/lib/python3.7/site-packages/airflow/example_dags/example_bash_operator.py took 0.250 seconds
[2023-07-27T02:09:01.303+0000] {processor.py:157} INFO - Started process (PID=5885) to work on /home/airflow/.local/lib/python3.7/site-packages/airflow/example_dags/example_bash_operator.py
[2023-07-27T02:09:01.304+0000] {processor.py:826} INFO - Processing file /home/airflow/.local/lib/python3.7/site-packages/airflow/example_dags/example_bash_operator.py for tasks to queue
[2023-07-27T02:09:01.306+0000] {logging_mixin.py:150} INFO - [2023-07-27T02:09:01.305+0000] {dagbag.py:541} INFO - Filling up the DagBag from /home/airflow/.local/lib/python3.7/site-packages/airflow/example_dags/example_bash_operator.py
[2023-07-27T02:09:01.321+0000] {processor.py:836} INFO - DAG(s) dict_keys(['example_bash_operator']) retrieved from /home/airflow/.local/lib/python3.7/site-packages/airflow/example_dags/example_bash_operator.py
[2023-07-27T02:09:01.388+0000] {logging_mixin.py:150} INFO - [2023-07-27T02:09:01.388+0000] {dag.py:2742} INFO - Sync 1 DAGs
[2023-07-27T02:09:01.420+0000] {logging_mixin.py:150} INFO - [2023-07-27T02:09:01.420+0000] {dag.py:3508} INFO - Setting next_dagrun for example_bash_operator to 2023-07-26T00:00:00+00:00, run_after=2023-07-27T00:00:00+00:00
[2023-07-27T02:09:01.456+0000] {processor.py:179} INFO - Processing /home/airflow/.local/lib/python3.7/site-packages/airflow/example_dags/example_bash_operator.py took 0.157 seconds
[2023-07-27T02:09:31.541+0000] {processor.py:157} INFO - Started process (PID=5945) to work on /home/airflow/.local/lib/python3.7/site-packages/airflow/example_dags/example_bash_operator.py
[2023-07-27T02:09:31.542+0000] {processor.py:826} INFO - Processing file /home/airflow/.local/lib/python3.7/site-packages/airflow/example_dags/example_bash_operator.py for tasks to queue
[2023-07-27T02:09:31.543+0000] {logging_mixin.py:150} INFO - [2023-07-27T02:09:31.543+0000] {dagbag.py:541} INFO - Filling up the DagBag from /home/airflow/.local/lib/python3.7/site-packages/airflow/example_dags/example_bash_operator.py
[2023-07-27T02:09:31.559+0000] {processor.py:836} INFO - DAG(s) dict_keys(['example_bash_operator']) retrieved from /home/airflow/.local/lib/python3.7/site-packages/airflow/example_dags/example_bash_operator.py
[2023-07-27T02:09:31.603+0000] {logging_mixin.py:150} INFO - [2023-07-27T02:09:31.603+0000] {dag.py:2742} INFO - Sync 1 DAGs
[2023-07-27T02:09:31.634+0000] {logging_mixin.py:150} INFO - [2023-07-27T02:09:31.634+0000] {dag.py:3508} INFO - Setting next_dagrun for example_bash_operator to 2023-07-26T00:00:00+00:00, run_after=2023-07-27T00:00:00+00:00
[2023-07-27T02:09:31.660+0000] {processor.py:179} INFO - Processing /home/airflow/.local/lib/python3.7/site-packages/airflow/example_dags/example_bash_operator.py took 0.122 seconds
[2023-07-27T02:10:01.979+0000] {processor.py:157} INFO - Started process (PID=6005) to work on /home/airflow/.local/lib/python3.7/site-packages/airflow/example_dags/example_bash_operator.py
[2023-07-27T02:10:01.981+0000] {processor.py:826} INFO - Processing file /home/airflow/.local/lib/python3.7/site-packages/airflow/example_dags/example_bash_operator.py for tasks to queue
[2023-07-27T02:10:01.982+0000] {logging_mixin.py:150} INFO - [2023-07-27T02:10:01.981+0000] {dagbag.py:541} INFO - Filling up the DagBag from /home/airflow/.local/lib/python3.7/site-packages/airflow/example_dags/example_bash_operator.py
[2023-07-27T02:10:02.002+0000] {processor.py:836} INFO - DAG(s) dict_keys(['example_bash_operator']) retrieved from /home/airflow/.local/lib/python3.7/site-packages/airflow/example_dags/example_bash_operator.py
[2023-07-27T02:10:02.045+0000] {logging_mixin.py:150} INFO - [2023-07-27T02:10:02.045+0000] {dag.py:2742} INFO - Sync 1 DAGs
[2023-07-27T02:10:02.213+0000] {logging_mixin.py:150} INFO - [2023-07-27T02:10:02.213+0000] {dag.py:3508} INFO - Setting next_dagrun for example_bash_operator to 2023-07-26T00:00:00+00:00, run_after=2023-07-27T00:00:00+00:00
[2023-07-27T02:10:02.239+0000] {processor.py:179} INFO - Processing /home/airflow/.local/lib/python3.7/site-packages/airflow/example_dags/example_bash_operator.py took 0.264 seconds
[2023-07-27T02:10:32.736+0000] {processor.py:157} INFO - Started process (PID=6065) to work on /home/airflow/.local/lib/python3.7/site-packages/airflow/example_dags/example_bash_operator.py
[2023-07-27T02:10:32.739+0000] {processor.py:826} INFO - Processing file /home/airflow/.local/lib/python3.7/site-packages/airflow/example_dags/example_bash_operator.py for tasks to queue
[2023-07-27T02:10:32.741+0000] {logging_mixin.py:150} INFO - [2023-07-27T02:10:32.741+0000] {dagbag.py:541} INFO - Filling up the DagBag from /home/airflow/.local/lib/python3.7/site-packages/airflow/example_dags/example_bash_operator.py
[2023-07-27T02:10:32.770+0000] {processor.py:836} INFO - DAG(s) dict_keys(['example_bash_operator']) retrieved from /home/airflow/.local/lib/python3.7/site-packages/airflow/example_dags/example_bash_operator.py
[2023-07-27T02:10:32.816+0000] {logging_mixin.py:150} INFO - [2023-07-27T02:10:32.815+0000] {dag.py:2742} INFO - Sync 1 DAGs
[2023-07-27T02:10:32.853+0000] {logging_mixin.py:150} INFO - [2023-07-27T02:10:32.852+0000] {dag.py:3508} INFO - Setting next_dagrun for example_bash_operator to 2023-07-26T00:00:00+00:00, run_after=2023-07-27T00:00:00+00:00
[2023-07-27T02:10:33.027+0000] {processor.py:179} INFO - Processing /home/airflow/.local/lib/python3.7/site-packages/airflow/example_dags/example_bash_operator.py took 0.294 seconds
