[2023-07-27T01:39:08.255+0000] {processor.py:157} INFO - Started process (PID=2363) to work on /home/airflow/.local/lib/python3.7/site-packages/airflow/example_dags/example_short_circuit_decorator.py
[2023-07-27T01:39:08.257+0000] {processor.py:826} INFO - Processing file /home/airflow/.local/lib/python3.7/site-packages/airflow/example_dags/example_short_circuit_decorator.py for tasks to queue
[2023-07-27T01:39:08.258+0000] {logging_mixin.py:150} INFO - [2023-07-27T01:39:08.258+0000] {dagbag.py:541} INFO - Filling up the DagBag from /home/airflow/.local/lib/python3.7/site-packages/airflow/example_dags/example_short_circuit_decorator.py
[2023-07-27T01:39:08.278+0000] {processor.py:836} INFO - DAG(s) dict_keys(['example_short_circuit_decorator']) retrieved from /home/airflow/.local/lib/python3.7/site-packages/airflow/example_dags/example_short_circuit_decorator.py
[2023-07-27T01:39:08.342+0000] {logging_mixin.py:150} INFO - [2023-07-27T01:39:08.341+0000] {dag.py:2742} INFO - Sync 1 DAGs
[2023-07-27T01:39:08.401+0000] {logging_mixin.py:150} INFO - [2023-07-27T01:39:08.401+0000] {dag.py:3508} INFO - Setting next_dagrun for example_short_circuit_decorator to 2023-07-26T01:39:08.399511+00:00, run_after=2023-07-27T01:39:08.399511+00:00
[2023-07-27T01:39:08.444+0000] {processor.py:179} INFO - Processing /home/airflow/.local/lib/python3.7/site-packages/airflow/example_dags/example_short_circuit_decorator.py took 0.192 seconds
[2023-07-27T01:39:38.979+0000] {processor.py:157} INFO - Started process (PID=2423) to work on /home/airflow/.local/lib/python3.7/site-packages/airflow/example_dags/example_short_circuit_decorator.py
[2023-07-27T01:39:38.981+0000] {processor.py:826} INFO - Processing file /home/airflow/.local/lib/python3.7/site-packages/airflow/example_dags/example_short_circuit_decorator.py for tasks to queue
[2023-07-27T01:39:38.982+0000] {logging_mixin.py:150} INFO - [2023-07-27T01:39:38.981+0000] {dagbag.py:541} INFO - Filling up the DagBag from /home/airflow/.local/lib/python3.7/site-packages/airflow/example_dags/example_short_circuit_decorator.py
[2023-07-27T01:39:38.993+0000] {processor.py:836} INFO - DAG(s) dict_keys(['example_short_circuit_decorator']) retrieved from /home/airflow/.local/lib/python3.7/site-packages/airflow/example_dags/example_short_circuit_decorator.py
[2023-07-27T01:39:39.022+0000] {logging_mixin.py:150} INFO - [2023-07-27T01:39:39.022+0000] {dag.py:2742} INFO - Sync 1 DAGs
[2023-07-27T01:39:39.049+0000] {logging_mixin.py:150} INFO - [2023-07-27T01:39:39.049+0000] {dag.py:3508} INFO - Setting next_dagrun for example_short_circuit_decorator to 2023-07-26T01:39:39.049013+00:00, run_after=2023-07-27T01:39:39.049013+00:00
[2023-07-27T01:39:39.072+0000] {processor.py:179} INFO - Processing /home/airflow/.local/lib/python3.7/site-packages/airflow/example_dags/example_short_circuit_decorator.py took 0.096 seconds
[2023-07-27T01:40:10.068+0000] {processor.py:157} INFO - Started process (PID=2483) to work on /home/airflow/.local/lib/python3.7/site-packages/airflow/example_dags/example_short_circuit_decorator.py
[2023-07-27T01:40:10.070+0000] {processor.py:826} INFO - Processing file /home/airflow/.local/lib/python3.7/site-packages/airflow/example_dags/example_short_circuit_decorator.py for tasks to queue
[2023-07-27T01:40:10.071+0000] {logging_mixin.py:150} INFO - [2023-07-27T01:40:10.071+0000] {dagbag.py:541} INFO - Filling up the DagBag from /home/airflow/.local/lib/python3.7/site-packages/airflow/example_dags/example_short_circuit_decorator.py
[2023-07-27T01:40:10.085+0000] {processor.py:836} INFO - DAG(s) dict_keys(['example_short_circuit_decorator']) retrieved from /home/airflow/.local/lib/python3.7/site-packages/airflow/example_dags/example_short_circuit_decorator.py
[2023-07-27T01:40:10.116+0000] {logging_mixin.py:150} INFO - [2023-07-27T01:40:10.116+0000] {dag.py:2742} INFO - Sync 1 DAGs
[2023-07-27T01:40:10.147+0000] {logging_mixin.py:150} INFO - [2023-07-27T01:40:10.147+0000] {dag.py:3508} INFO - Setting next_dagrun for example_short_circuit_decorator to 2023-07-26T01:40:10.147410+00:00, run_after=2023-07-27T01:40:10.147410+00:00
[2023-07-27T01:40:10.176+0000] {processor.py:179} INFO - Processing /home/airflow/.local/lib/python3.7/site-packages/airflow/example_dags/example_short_circuit_decorator.py took 0.112 seconds
[2023-07-27T01:40:40.440+0000] {processor.py:157} INFO - Started process (PID=2544) to work on /home/airflow/.local/lib/python3.7/site-packages/airflow/example_dags/example_short_circuit_decorator.py
[2023-07-27T01:40:40.441+0000] {processor.py:826} INFO - Processing file /home/airflow/.local/lib/python3.7/site-packages/airflow/example_dags/example_short_circuit_decorator.py for tasks to queue
[2023-07-27T01:40:40.443+0000] {logging_mixin.py:150} INFO - [2023-07-27T01:40:40.442+0000] {dagbag.py:541} INFO - Filling up the DagBag from /home/airflow/.local/lib/python3.7/site-packages/airflow/example_dags/example_short_circuit_decorator.py
[2023-07-27T01:40:40.453+0000] {processor.py:836} INFO - DAG(s) dict_keys(['example_short_circuit_decorator']) retrieved from /home/airflow/.local/lib/python3.7/site-packages/airflow/example_dags/example_short_circuit_decorator.py
[2023-07-27T01:40:40.480+0000] {logging_mixin.py:150} INFO - [2023-07-27T01:40:40.480+0000] {dag.py:2742} INFO - Sync 1 DAGs
[2023-07-27T01:40:40.507+0000] {logging_mixin.py:150} INFO - [2023-07-27T01:40:40.507+0000] {dag.py:3508} INFO - Setting next_dagrun for example_short_circuit_decorator to 2023-07-26T01:40:40.506851+00:00, run_after=2023-07-27T01:40:40.506851+00:00
[2023-07-27T01:40:40.530+0000] {processor.py:179} INFO - Processing /home/airflow/.local/lib/python3.7/site-packages/airflow/example_dags/example_short_circuit_decorator.py took 0.094 seconds
[2023-07-27T01:41:11.346+0000] {processor.py:157} INFO - Started process (PID=2604) to work on /home/airflow/.local/lib/python3.7/site-packages/airflow/example_dags/example_short_circuit_decorator.py
[2023-07-27T01:41:11.347+0000] {processor.py:826} INFO - Processing file /home/airflow/.local/lib/python3.7/site-packages/airflow/example_dags/example_short_circuit_decorator.py for tasks to queue
[2023-07-27T01:41:11.348+0000] {logging_mixin.py:150} INFO - [2023-07-27T01:41:11.348+0000] {dagbag.py:541} INFO - Filling up the DagBag from /home/airflow/.local/lib/python3.7/site-packages/airflow/example_dags/example_short_circuit_decorator.py
[2023-07-27T01:41:11.359+0000] {processor.py:836} INFO - DAG(s) dict_keys(['example_short_circuit_decorator']) retrieved from /home/airflow/.local/lib/python3.7/site-packages/airflow/example_dags/example_short_circuit_decorator.py
[2023-07-27T01:41:11.389+0000] {logging_mixin.py:150} INFO - [2023-07-27T01:41:11.389+0000] {dag.py:2742} INFO - Sync 1 DAGs
[2023-07-27T01:41:11.419+0000] {logging_mixin.py:150} INFO - [2023-07-27T01:41:11.419+0000] {dag.py:3508} INFO - Setting next_dagrun for example_short_circuit_decorator to 2023-07-26T01:41:11.419135+00:00, run_after=2023-07-27T01:41:11.419135+00:00
[2023-07-27T01:41:11.445+0000] {processor.py:179} INFO - Processing /home/airflow/.local/lib/python3.7/site-packages/airflow/example_dags/example_short_circuit_decorator.py took 0.104 seconds
[2023-07-27T01:41:41.660+0000] {processor.py:157} INFO - Started process (PID=2664) to work on /home/airflow/.local/lib/python3.7/site-packages/airflow/example_dags/example_short_circuit_decorator.py
[2023-07-27T01:41:41.662+0000] {processor.py:826} INFO - Processing file /home/airflow/.local/lib/python3.7/site-packages/airflow/example_dags/example_short_circuit_decorator.py for tasks to queue
[2023-07-27T01:41:41.663+0000] {logging_mixin.py:150} INFO - [2023-07-27T01:41:41.663+0000] {dagbag.py:541} INFO - Filling up the DagBag from /home/airflow/.local/lib/python3.7/site-packages/airflow/example_dags/example_short_circuit_decorator.py
[2023-07-27T01:41:41.673+0000] {processor.py:836} INFO - DAG(s) dict_keys(['example_short_circuit_decorator']) retrieved from /home/airflow/.local/lib/python3.7/site-packages/airflow/example_dags/example_short_circuit_decorator.py
[2023-07-27T01:41:41.701+0000] {logging_mixin.py:150} INFO - [2023-07-27T01:41:41.701+0000] {dag.py:2742} INFO - Sync 1 DAGs
[2023-07-27T01:41:41.729+0000] {logging_mixin.py:150} INFO - [2023-07-27T01:41:41.729+0000] {dag.py:3508} INFO - Setting next_dagrun for example_short_circuit_decorator to 2023-07-26T01:41:41.729336+00:00, run_after=2023-07-27T01:41:41.729336+00:00
[2023-07-27T01:41:41.758+0000] {processor.py:179} INFO - Processing /home/airflow/.local/lib/python3.7/site-packages/airflow/example_dags/example_short_circuit_decorator.py took 0.101 seconds
[2023-07-27T01:42:12.618+0000] {processor.py:157} INFO - Started process (PID=2724) to work on /home/airflow/.local/lib/python3.7/site-packages/airflow/example_dags/example_short_circuit_decorator.py
[2023-07-27T01:42:12.619+0000] {processor.py:826} INFO - Processing file /home/airflow/.local/lib/python3.7/site-packages/airflow/example_dags/example_short_circuit_decorator.py for tasks to queue
[2023-07-27T01:42:12.621+0000] {logging_mixin.py:150} INFO - [2023-07-27T01:42:12.620+0000] {dagbag.py:541} INFO - Filling up the DagBag from /home/airflow/.local/lib/python3.7/site-packages/airflow/example_dags/example_short_circuit_decorator.py
[2023-07-27T01:42:12.631+0000] {processor.py:836} INFO - DAG(s) dict_keys(['example_short_circuit_decorator']) retrieved from /home/airflow/.local/lib/python3.7/site-packages/airflow/example_dags/example_short_circuit_decorator.py
[2023-07-27T01:42:12.661+0000] {logging_mixin.py:150} INFO - [2023-07-27T01:42:12.661+0000] {dag.py:2742} INFO - Sync 1 DAGs
[2023-07-27T01:42:12.688+0000] {logging_mixin.py:150} INFO - [2023-07-27T01:42:12.688+0000] {dag.py:3508} INFO - Setting next_dagrun for example_short_circuit_decorator to 2023-07-26T01:42:12.687930+00:00, run_after=2023-07-27T01:42:12.687930+00:00
[2023-07-27T01:42:12.712+0000] {processor.py:179} INFO - Processing /home/airflow/.local/lib/python3.7/site-packages/airflow/example_dags/example_short_circuit_decorator.py took 0.098 seconds
[2023-07-27T01:42:43.446+0000] {processor.py:157} INFO - Started process (PID=2785) to work on /home/airflow/.local/lib/python3.7/site-packages/airflow/example_dags/example_short_circuit_decorator.py
[2023-07-27T01:42:43.447+0000] {processor.py:826} INFO - Processing file /home/airflow/.local/lib/python3.7/site-packages/airflow/example_dags/example_short_circuit_decorator.py for tasks to queue
[2023-07-27T01:42:43.449+0000] {logging_mixin.py:150} INFO - [2023-07-27T01:42:43.448+0000] {dagbag.py:541} INFO - Filling up the DagBag from /home/airflow/.local/lib/python3.7/site-packages/airflow/example_dags/example_short_circuit_decorator.py
[2023-07-27T01:42:43.460+0000] {processor.py:836} INFO - DAG(s) dict_keys(['example_short_circuit_decorator']) retrieved from /home/airflow/.local/lib/python3.7/site-packages/airflow/example_dags/example_short_circuit_decorator.py
[2023-07-27T01:42:43.489+0000] {logging_mixin.py:150} INFO - [2023-07-27T01:42:43.489+0000] {dag.py:2742} INFO - Sync 1 DAGs
[2023-07-27T01:42:43.516+0000] {logging_mixin.py:150} INFO - [2023-07-27T01:42:43.516+0000] {dag.py:3508} INFO - Setting next_dagrun for example_short_circuit_decorator to 2023-07-26T01:42:43.515980+00:00, run_after=2023-07-27T01:42:43.515980+00:00
[2023-07-27T01:42:43.541+0000] {processor.py:179} INFO - Processing /home/airflow/.local/lib/python3.7/site-packages/airflow/example_dags/example_short_circuit_decorator.py took 0.098 seconds
[2023-07-27T01:43:13.746+0000] {processor.py:157} INFO - Started process (PID=2846) to work on /home/airflow/.local/lib/python3.7/site-packages/airflow/example_dags/example_short_circuit_decorator.py
[2023-07-27T01:43:13.747+0000] {processor.py:826} INFO - Processing file /home/airflow/.local/lib/python3.7/site-packages/airflow/example_dags/example_short_circuit_decorator.py for tasks to queue
[2023-07-27T01:43:13.749+0000] {logging_mixin.py:150} INFO - [2023-07-27T01:43:13.748+0000] {dagbag.py:541} INFO - Filling up the DagBag from /home/airflow/.local/lib/python3.7/site-packages/airflow/example_dags/example_short_circuit_decorator.py
[2023-07-27T01:43:13.759+0000] {processor.py:836} INFO - DAG(s) dict_keys(['example_short_circuit_decorator']) retrieved from /home/airflow/.local/lib/python3.7/site-packages/airflow/example_dags/example_short_circuit_decorator.py
[2023-07-27T01:43:13.787+0000] {logging_mixin.py:150} INFO - [2023-07-27T01:43:13.786+0000] {dag.py:2742} INFO - Sync 1 DAGs
[2023-07-27T01:43:13.814+0000] {logging_mixin.py:150} INFO - [2023-07-27T01:43:13.814+0000] {dag.py:3508} INFO - Setting next_dagrun for example_short_circuit_decorator to 2023-07-26T01:43:13.814436+00:00, run_after=2023-07-27T01:43:13.814436+00:00
[2023-07-27T01:43:13.838+0000] {processor.py:179} INFO - Processing /home/airflow/.local/lib/python3.7/site-packages/airflow/example_dags/example_short_circuit_decorator.py took 0.095 seconds
[2023-07-27T01:43:43.959+0000] {processor.py:157} INFO - Started process (PID=2905) to work on /home/airflow/.local/lib/python3.7/site-packages/airflow/example_dags/example_short_circuit_decorator.py
[2023-07-27T01:43:43.960+0000] {processor.py:826} INFO - Processing file /home/airflow/.local/lib/python3.7/site-packages/airflow/example_dags/example_short_circuit_decorator.py for tasks to queue
[2023-07-27T01:43:43.961+0000] {logging_mixin.py:150} INFO - [2023-07-27T01:43:43.961+0000] {dagbag.py:541} INFO - Filling up the DagBag from /home/airflow/.local/lib/python3.7/site-packages/airflow/example_dags/example_short_circuit_decorator.py
[2023-07-27T01:43:43.974+0000] {processor.py:836} INFO - DAG(s) dict_keys(['example_short_circuit_decorator']) retrieved from /home/airflow/.local/lib/python3.7/site-packages/airflow/example_dags/example_short_circuit_decorator.py
[2023-07-27T01:43:44.008+0000] {logging_mixin.py:150} INFO - [2023-07-27T01:43:44.007+0000] {dag.py:2742} INFO - Sync 1 DAGs
[2023-07-27T01:43:44.039+0000] {logging_mixin.py:150} INFO - [2023-07-27T01:43:44.039+0000] {dag.py:3508} INFO - Setting next_dagrun for example_short_circuit_decorator to 2023-07-26T01:43:44.039493+00:00, run_after=2023-07-27T01:43:44.039493+00:00
[2023-07-27T01:43:44.095+0000] {processor.py:179} INFO - Processing /home/airflow/.local/lib/python3.7/site-packages/airflow/example_dags/example_short_circuit_decorator.py took 0.140 seconds
[2023-07-27T01:44:15.059+0000] {processor.py:157} INFO - Started process (PID=2973) to work on /home/airflow/.local/lib/python3.7/site-packages/airflow/example_dags/example_short_circuit_decorator.py
[2023-07-27T01:44:15.060+0000] {processor.py:826} INFO - Processing file /home/airflow/.local/lib/python3.7/site-packages/airflow/example_dags/example_short_circuit_decorator.py for tasks to queue
[2023-07-27T01:44:15.062+0000] {logging_mixin.py:150} INFO - [2023-07-27T01:44:15.061+0000] {dagbag.py:541} INFO - Filling up the DagBag from /home/airflow/.local/lib/python3.7/site-packages/airflow/example_dags/example_short_circuit_decorator.py
[2023-07-27T01:44:15.073+0000] {processor.py:836} INFO - DAG(s) dict_keys(['example_short_circuit_decorator']) retrieved from /home/airflow/.local/lib/python3.7/site-packages/airflow/example_dags/example_short_circuit_decorator.py
[2023-07-27T01:44:15.101+0000] {logging_mixin.py:150} INFO - [2023-07-27T01:44:15.101+0000] {dag.py:2742} INFO - Sync 1 DAGs
[2023-07-27T01:44:15.128+0000] {logging_mixin.py:150} INFO - [2023-07-27T01:44:15.128+0000] {dag.py:3508} INFO - Setting next_dagrun for example_short_circuit_decorator to 2023-07-26T01:44:15.128139+00:00, run_after=2023-07-27T01:44:15.128139+00:00
[2023-07-27T01:44:15.151+0000] {processor.py:179} INFO - Processing /home/airflow/.local/lib/python3.7/site-packages/airflow/example_dags/example_short_circuit_decorator.py took 0.095 seconds
[2023-07-27T01:44:45.592+0000] {processor.py:157} INFO - Started process (PID=3033) to work on /home/airflow/.local/lib/python3.7/site-packages/airflow/example_dags/example_short_circuit_decorator.py
[2023-07-27T01:44:45.593+0000] {processor.py:826} INFO - Processing file /home/airflow/.local/lib/python3.7/site-packages/airflow/example_dags/example_short_circuit_decorator.py for tasks to queue
[2023-07-27T01:44:45.594+0000] {logging_mixin.py:150} INFO - [2023-07-27T01:44:45.594+0000] {dagbag.py:541} INFO - Filling up the DagBag from /home/airflow/.local/lib/python3.7/site-packages/airflow/example_dags/example_short_circuit_decorator.py
[2023-07-27T01:44:45.605+0000] {processor.py:836} INFO - DAG(s) dict_keys(['example_short_circuit_decorator']) retrieved from /home/airflow/.local/lib/python3.7/site-packages/airflow/example_dags/example_short_circuit_decorator.py
[2023-07-27T01:44:45.633+0000] {logging_mixin.py:150} INFO - [2023-07-27T01:44:45.632+0000] {dag.py:2742} INFO - Sync 1 DAGs
[2023-07-27T01:44:45.661+0000] {logging_mixin.py:150} INFO - [2023-07-27T01:44:45.661+0000] {dag.py:3508} INFO - Setting next_dagrun for example_short_circuit_decorator to 2023-07-26T01:44:45.660941+00:00, run_after=2023-07-27T01:44:45.660941+00:00
[2023-07-27T01:44:45.683+0000] {processor.py:179} INFO - Processing /home/airflow/.local/lib/python3.7/site-packages/airflow/example_dags/example_short_circuit_decorator.py took 0.095 seconds
[2023-07-27T01:45:15.842+0000] {processor.py:157} INFO - Started process (PID=3094) to work on /home/airflow/.local/lib/python3.7/site-packages/airflow/example_dags/example_short_circuit_decorator.py
[2023-07-27T01:45:15.843+0000] {processor.py:826} INFO - Processing file /home/airflow/.local/lib/python3.7/site-packages/airflow/example_dags/example_short_circuit_decorator.py for tasks to queue
[2023-07-27T01:45:15.845+0000] {logging_mixin.py:150} INFO - [2023-07-27T01:45:15.844+0000] {dagbag.py:541} INFO - Filling up the DagBag from /home/airflow/.local/lib/python3.7/site-packages/airflow/example_dags/example_short_circuit_decorator.py
[2023-07-27T01:45:15.855+0000] {processor.py:836} INFO - DAG(s) dict_keys(['example_short_circuit_decorator']) retrieved from /home/airflow/.local/lib/python3.7/site-packages/airflow/example_dags/example_short_circuit_decorator.py
[2023-07-27T01:45:15.883+0000] {logging_mixin.py:150} INFO - [2023-07-27T01:45:15.883+0000] {dag.py:2742} INFO - Sync 1 DAGs
[2023-07-27T01:45:15.911+0000] {logging_mixin.py:150} INFO - [2023-07-27T01:45:15.911+0000] {dag.py:3508} INFO - Setting next_dagrun for example_short_circuit_decorator to 2023-07-26T01:45:15.911406+00:00, run_after=2023-07-27T01:45:15.911406+00:00
[2023-07-27T01:45:15.937+0000] {processor.py:179} INFO - Processing /home/airflow/.local/lib/python3.7/site-packages/airflow/example_dags/example_short_circuit_decorator.py took 0.099 seconds
[2023-07-27T01:45:46.565+0000] {processor.py:157} INFO - Started process (PID=3147) to work on /home/airflow/.local/lib/python3.7/site-packages/airflow/example_dags/example_short_circuit_decorator.py
[2023-07-27T01:45:46.566+0000] {processor.py:826} INFO - Processing file /home/airflow/.local/lib/python3.7/site-packages/airflow/example_dags/example_short_circuit_decorator.py for tasks to queue
[2023-07-27T01:45:46.567+0000] {logging_mixin.py:150} INFO - [2023-07-27T01:45:46.567+0000] {dagbag.py:541} INFO - Filling up the DagBag from /home/airflow/.local/lib/python3.7/site-packages/airflow/example_dags/example_short_circuit_decorator.py
[2023-07-27T01:45:46.578+0000] {processor.py:836} INFO - DAG(s) dict_keys(['example_short_circuit_decorator']) retrieved from /home/airflow/.local/lib/python3.7/site-packages/airflow/example_dags/example_short_circuit_decorator.py
[2023-07-27T01:45:46.606+0000] {logging_mixin.py:150} INFO - [2023-07-27T01:45:46.606+0000] {dag.py:2742} INFO - Sync 1 DAGs
[2023-07-27T01:45:46.634+0000] {logging_mixin.py:150} INFO - [2023-07-27T01:45:46.634+0000] {dag.py:3508} INFO - Setting next_dagrun for example_short_circuit_decorator to 2023-07-26T01:45:46.633809+00:00, run_after=2023-07-27T01:45:46.633809+00:00
[2023-07-27T01:45:46.656+0000] {processor.py:179} INFO - Processing /home/airflow/.local/lib/python3.7/site-packages/airflow/example_dags/example_short_circuit_decorator.py took 0.094 seconds
[2023-07-27T01:46:17.037+0000] {processor.py:157} INFO - Started process (PID=3207) to work on /home/airflow/.local/lib/python3.7/site-packages/airflow/example_dags/example_short_circuit_decorator.py
[2023-07-27T01:46:17.038+0000] {processor.py:826} INFO - Processing file /home/airflow/.local/lib/python3.7/site-packages/airflow/example_dags/example_short_circuit_decorator.py for tasks to queue
[2023-07-27T01:46:17.039+0000] {logging_mixin.py:150} INFO - [2023-07-27T01:46:17.039+0000] {dagbag.py:541} INFO - Filling up the DagBag from /home/airflow/.local/lib/python3.7/site-packages/airflow/example_dags/example_short_circuit_decorator.py
[2023-07-27T01:46:17.050+0000] {processor.py:836} INFO - DAG(s) dict_keys(['example_short_circuit_decorator']) retrieved from /home/airflow/.local/lib/python3.7/site-packages/airflow/example_dags/example_short_circuit_decorator.py
[2023-07-27T01:46:17.077+0000] {logging_mixin.py:150} INFO - [2023-07-27T01:46:17.077+0000] {dag.py:2742} INFO - Sync 1 DAGs
[2023-07-27T01:46:17.104+0000] {logging_mixin.py:150} INFO - [2023-07-27T01:46:17.103+0000] {dag.py:3508} INFO - Setting next_dagrun for example_short_circuit_decorator to 2023-07-26T01:46:17.103576+00:00, run_after=2023-07-27T01:46:17.103576+00:00
[2023-07-27T01:46:17.126+0000] {processor.py:179} INFO - Processing /home/airflow/.local/lib/python3.7/site-packages/airflow/example_dags/example_short_circuit_decorator.py took 0.093 seconds
[2023-07-27T01:46:47.746+0000] {processor.py:157} INFO - Started process (PID=3267) to work on /home/airflow/.local/lib/python3.7/site-packages/airflow/example_dags/example_short_circuit_decorator.py
[2023-07-27T01:46:47.747+0000] {processor.py:826} INFO - Processing file /home/airflow/.local/lib/python3.7/site-packages/airflow/example_dags/example_short_circuit_decorator.py for tasks to queue
[2023-07-27T01:46:47.748+0000] {logging_mixin.py:150} INFO - [2023-07-27T01:46:47.748+0000] {dagbag.py:541} INFO - Filling up the DagBag from /home/airflow/.local/lib/python3.7/site-packages/airflow/example_dags/example_short_circuit_decorator.py
[2023-07-27T01:46:47.759+0000] {processor.py:836} INFO - DAG(s) dict_keys(['example_short_circuit_decorator']) retrieved from /home/airflow/.local/lib/python3.7/site-packages/airflow/example_dags/example_short_circuit_decorator.py
[2023-07-27T01:46:47.787+0000] {logging_mixin.py:150} INFO - [2023-07-27T01:46:47.787+0000] {dag.py:2742} INFO - Sync 1 DAGs
[2023-07-27T01:46:47.814+0000] {logging_mixin.py:150} INFO - [2023-07-27T01:46:47.814+0000] {dag.py:3508} INFO - Setting next_dagrun for example_short_circuit_decorator to 2023-07-26T01:46:47.814328+00:00, run_after=2023-07-27T01:46:47.814328+00:00
[2023-07-27T01:46:47.838+0000] {processor.py:179} INFO - Processing /home/airflow/.local/lib/python3.7/site-packages/airflow/example_dags/example_short_circuit_decorator.py took 0.096 seconds
[2023-07-27T01:47:18.273+0000] {processor.py:157} INFO - Started process (PID=3327) to work on /home/airflow/.local/lib/python3.7/site-packages/airflow/example_dags/example_short_circuit_decorator.py
[2023-07-27T01:47:18.275+0000] {processor.py:826} INFO - Processing file /home/airflow/.local/lib/python3.7/site-packages/airflow/example_dags/example_short_circuit_decorator.py for tasks to queue
[2023-07-27T01:47:18.276+0000] {logging_mixin.py:150} INFO - [2023-07-27T01:47:18.276+0000] {dagbag.py:541} INFO - Filling up the DagBag from /home/airflow/.local/lib/python3.7/site-packages/airflow/example_dags/example_short_circuit_decorator.py
[2023-07-27T01:47:18.287+0000] {processor.py:836} INFO - DAG(s) dict_keys(['example_short_circuit_decorator']) retrieved from /home/airflow/.local/lib/python3.7/site-packages/airflow/example_dags/example_short_circuit_decorator.py
[2023-07-27T01:47:18.314+0000] {logging_mixin.py:150} INFO - [2023-07-27T01:47:18.314+0000] {dag.py:2742} INFO - Sync 1 DAGs
[2023-07-27T01:47:18.341+0000] {logging_mixin.py:150} INFO - [2023-07-27T01:47:18.341+0000] {dag.py:3508} INFO - Setting next_dagrun for example_short_circuit_decorator to 2023-07-26T01:47:18.341029+00:00, run_after=2023-07-27T01:47:18.341029+00:00
[2023-07-27T01:47:18.366+0000] {processor.py:179} INFO - Processing /home/airflow/.local/lib/python3.7/site-packages/airflow/example_dags/example_short_circuit_decorator.py took 0.096 seconds
[2023-07-27T01:47:49.221+0000] {processor.py:157} INFO - Started process (PID=3387) to work on /home/airflow/.local/lib/python3.7/site-packages/airflow/example_dags/example_short_circuit_decorator.py
[2023-07-27T01:47:49.223+0000] {processor.py:826} INFO - Processing file /home/airflow/.local/lib/python3.7/site-packages/airflow/example_dags/example_short_circuit_decorator.py for tasks to queue
[2023-07-27T01:47:49.224+0000] {logging_mixin.py:150} INFO - [2023-07-27T01:47:49.224+0000] {dagbag.py:541} INFO - Filling up the DagBag from /home/airflow/.local/lib/python3.7/site-packages/airflow/example_dags/example_short_circuit_decorator.py
[2023-07-27T01:47:49.235+0000] {processor.py:836} INFO - DAG(s) dict_keys(['example_short_circuit_decorator']) retrieved from /home/airflow/.local/lib/python3.7/site-packages/airflow/example_dags/example_short_circuit_decorator.py
[2023-07-27T01:47:49.263+0000] {logging_mixin.py:150} INFO - [2023-07-27T01:47:49.262+0000] {dag.py:2742} INFO - Sync 1 DAGs
[2023-07-27T01:47:49.290+0000] {logging_mixin.py:150} INFO - [2023-07-27T01:47:49.289+0000] {dag.py:3508} INFO - Setting next_dagrun for example_short_circuit_decorator to 2023-07-26T01:47:49.289722+00:00, run_after=2023-07-27T01:47:49.289722+00:00
[2023-07-27T01:47:49.313+0000] {processor.py:179} INFO - Processing /home/airflow/.local/lib/python3.7/site-packages/airflow/example_dags/example_short_circuit_decorator.py took 0.096 seconds
[2023-07-27T01:48:19.666+0000] {processor.py:157} INFO - Started process (PID=3447) to work on /home/airflow/.local/lib/python3.7/site-packages/airflow/example_dags/example_short_circuit_decorator.py
[2023-07-27T01:48:19.667+0000] {processor.py:826} INFO - Processing file /home/airflow/.local/lib/python3.7/site-packages/airflow/example_dags/example_short_circuit_decorator.py for tasks to queue
[2023-07-27T01:48:19.668+0000] {logging_mixin.py:150} INFO - [2023-07-27T01:48:19.668+0000] {dagbag.py:541} INFO - Filling up the DagBag from /home/airflow/.local/lib/python3.7/site-packages/airflow/example_dags/example_short_circuit_decorator.py
[2023-07-27T01:48:19.678+0000] {processor.py:836} INFO - DAG(s) dict_keys(['example_short_circuit_decorator']) retrieved from /home/airflow/.local/lib/python3.7/site-packages/airflow/example_dags/example_short_circuit_decorator.py
[2023-07-27T01:48:19.706+0000] {logging_mixin.py:150} INFO - [2023-07-27T01:48:19.706+0000] {dag.py:2742} INFO - Sync 1 DAGs
[2023-07-27T01:48:19.734+0000] {logging_mixin.py:150} INFO - [2023-07-27T01:48:19.734+0000] {dag.py:3508} INFO - Setting next_dagrun for example_short_circuit_decorator to 2023-07-26T01:48:19.733785+00:00, run_after=2023-07-27T01:48:19.733785+00:00
[2023-07-27T01:48:19.758+0000] {processor.py:179} INFO - Processing /home/airflow/.local/lib/python3.7/site-packages/airflow/example_dags/example_short_circuit_decorator.py took 0.096 seconds
[2023-07-27T01:48:49.923+0000] {processor.py:157} INFO - Started process (PID=3507) to work on /home/airflow/.local/lib/python3.7/site-packages/airflow/example_dags/example_short_circuit_decorator.py
[2023-07-27T01:48:49.924+0000] {processor.py:826} INFO - Processing file /home/airflow/.local/lib/python3.7/site-packages/airflow/example_dags/example_short_circuit_decorator.py for tasks to queue
[2023-07-27T01:48:49.926+0000] {logging_mixin.py:150} INFO - [2023-07-27T01:48:49.925+0000] {dagbag.py:541} INFO - Filling up the DagBag from /home/airflow/.local/lib/python3.7/site-packages/airflow/example_dags/example_short_circuit_decorator.py
[2023-07-27T01:48:49.936+0000] {processor.py:836} INFO - DAG(s) dict_keys(['example_short_circuit_decorator']) retrieved from /home/airflow/.local/lib/python3.7/site-packages/airflow/example_dags/example_short_circuit_decorator.py
[2023-07-27T01:48:49.964+0000] {logging_mixin.py:150} INFO - [2023-07-27T01:48:49.964+0000] {dag.py:2742} INFO - Sync 1 DAGs
[2023-07-27T01:48:49.992+0000] {logging_mixin.py:150} INFO - [2023-07-27T01:48:49.992+0000] {dag.py:3508} INFO - Setting next_dagrun for example_short_circuit_decorator to 2023-07-26T01:48:49.992384+00:00, run_after=2023-07-27T01:48:49.992384+00:00
[2023-07-27T01:48:50.016+0000] {processor.py:179} INFO - Processing /home/airflow/.local/lib/python3.7/site-packages/airflow/example_dags/example_short_circuit_decorator.py took 0.096 seconds
[2023-07-27T01:49:20.298+0000] {processor.py:157} INFO - Started process (PID=3567) to work on /home/airflow/.local/lib/python3.7/site-packages/airflow/example_dags/example_short_circuit_decorator.py
[2023-07-27T01:49:20.299+0000] {processor.py:826} INFO - Processing file /home/airflow/.local/lib/python3.7/site-packages/airflow/example_dags/example_short_circuit_decorator.py for tasks to queue
[2023-07-27T01:49:20.300+0000] {logging_mixin.py:150} INFO - [2023-07-27T01:49:20.300+0000] {dagbag.py:541} INFO - Filling up the DagBag from /home/airflow/.local/lib/python3.7/site-packages/airflow/example_dags/example_short_circuit_decorator.py
[2023-07-27T01:49:20.311+0000] {processor.py:836} INFO - DAG(s) dict_keys(['example_short_circuit_decorator']) retrieved from /home/airflow/.local/lib/python3.7/site-packages/airflow/example_dags/example_short_circuit_decorator.py
[2023-07-27T01:49:20.339+0000] {logging_mixin.py:150} INFO - [2023-07-27T01:49:20.339+0000] {dag.py:2742} INFO - Sync 1 DAGs
[2023-07-27T01:49:20.369+0000] {logging_mixin.py:150} INFO - [2023-07-27T01:49:20.369+0000] {dag.py:3508} INFO - Setting next_dagrun for example_short_circuit_decorator to 2023-07-26T01:49:20.369079+00:00, run_after=2023-07-27T01:49:20.369079+00:00
[2023-07-27T01:49:20.393+0000] {processor.py:179} INFO - Processing /home/airflow/.local/lib/python3.7/site-packages/airflow/example_dags/example_short_circuit_decorator.py took 0.099 seconds
[2023-07-27T01:49:50.808+0000] {processor.py:157} INFO - Started process (PID=3627) to work on /home/airflow/.local/lib/python3.7/site-packages/airflow/example_dags/example_short_circuit_decorator.py
[2023-07-27T01:49:50.810+0000] {processor.py:826} INFO - Processing file /home/airflow/.local/lib/python3.7/site-packages/airflow/example_dags/example_short_circuit_decorator.py for tasks to queue
[2023-07-27T01:49:50.811+0000] {logging_mixin.py:150} INFO - [2023-07-27T01:49:50.810+0000] {dagbag.py:541} INFO - Filling up the DagBag from /home/airflow/.local/lib/python3.7/site-packages/airflow/example_dags/example_short_circuit_decorator.py
[2023-07-27T01:49:50.821+0000] {processor.py:836} INFO - DAG(s) dict_keys(['example_short_circuit_decorator']) retrieved from /home/airflow/.local/lib/python3.7/site-packages/airflow/example_dags/example_short_circuit_decorator.py
[2023-07-27T01:49:50.850+0000] {logging_mixin.py:150} INFO - [2023-07-27T01:49:50.849+0000] {dag.py:2742} INFO - Sync 1 DAGs
[2023-07-27T01:49:50.878+0000] {logging_mixin.py:150} INFO - [2023-07-27T01:49:50.878+0000] {dag.py:3508} INFO - Setting next_dagrun for example_short_circuit_decorator to 2023-07-26T01:49:50.878293+00:00, run_after=2023-07-27T01:49:50.878293+00:00
[2023-07-27T01:49:50.902+0000] {processor.py:179} INFO - Processing /home/airflow/.local/lib/python3.7/site-packages/airflow/example_dags/example_short_circuit_decorator.py took 0.098 seconds
[2023-07-27T01:50:21.200+0000] {processor.py:157} INFO - Started process (PID=3687) to work on /home/airflow/.local/lib/python3.7/site-packages/airflow/example_dags/example_short_circuit_decorator.py
[2023-07-27T01:50:21.201+0000] {processor.py:826} INFO - Processing file /home/airflow/.local/lib/python3.7/site-packages/airflow/example_dags/example_short_circuit_decorator.py for tasks to queue
[2023-07-27T01:50:21.203+0000] {logging_mixin.py:150} INFO - [2023-07-27T01:50:21.202+0000] {dagbag.py:541} INFO - Filling up the DagBag from /home/airflow/.local/lib/python3.7/site-packages/airflow/example_dags/example_short_circuit_decorator.py
[2023-07-27T01:50:21.214+0000] {processor.py:836} INFO - DAG(s) dict_keys(['example_short_circuit_decorator']) retrieved from /home/airflow/.local/lib/python3.7/site-packages/airflow/example_dags/example_short_circuit_decorator.py
[2023-07-27T01:50:21.242+0000] {logging_mixin.py:150} INFO - [2023-07-27T01:50:21.242+0000] {dag.py:2742} INFO - Sync 1 DAGs
[2023-07-27T01:50:21.272+0000] {logging_mixin.py:150} INFO - [2023-07-27T01:50:21.271+0000] {dag.py:3508} INFO - Setting next_dagrun for example_short_circuit_decorator to 2023-07-26T01:50:21.271552+00:00, run_after=2023-07-27T01:50:21.271552+00:00
[2023-07-27T01:50:21.297+0000] {processor.py:179} INFO - Processing /home/airflow/.local/lib/python3.7/site-packages/airflow/example_dags/example_short_circuit_decorator.py took 0.101 seconds
[2023-07-27T01:50:51.794+0000] {processor.py:157} INFO - Started process (PID=3747) to work on /home/airflow/.local/lib/python3.7/site-packages/airflow/example_dags/example_short_circuit_decorator.py
[2023-07-27T01:50:51.795+0000] {processor.py:826} INFO - Processing file /home/airflow/.local/lib/python3.7/site-packages/airflow/example_dags/example_short_circuit_decorator.py for tasks to queue
[2023-07-27T01:50:51.797+0000] {logging_mixin.py:150} INFO - [2023-07-27T01:50:51.796+0000] {dagbag.py:541} INFO - Filling up the DagBag from /home/airflow/.local/lib/python3.7/site-packages/airflow/example_dags/example_short_circuit_decorator.py
[2023-07-27T01:50:51.807+0000] {processor.py:836} INFO - DAG(s) dict_keys(['example_short_circuit_decorator']) retrieved from /home/airflow/.local/lib/python3.7/site-packages/airflow/example_dags/example_short_circuit_decorator.py
[2023-07-27T01:50:51.836+0000] {logging_mixin.py:150} INFO - [2023-07-27T01:50:51.836+0000] {dag.py:2742} INFO - Sync 1 DAGs
[2023-07-27T01:50:51.868+0000] {logging_mixin.py:150} INFO - [2023-07-27T01:50:51.868+0000] {dag.py:3508} INFO - Setting next_dagrun for example_short_circuit_decorator to 2023-07-26T01:50:51.868437+00:00, run_after=2023-07-27T01:50:51.868437+00:00
[2023-07-27T01:50:51.908+0000] {processor.py:179} INFO - Processing /home/airflow/.local/lib/python3.7/site-packages/airflow/example_dags/example_short_circuit_decorator.py took 0.117 seconds
[2023-07-27T01:51:22.264+0000] {processor.py:157} INFO - Started process (PID=3807) to work on /home/airflow/.local/lib/python3.7/site-packages/airflow/example_dags/example_short_circuit_decorator.py
[2023-07-27T01:51:22.266+0000] {processor.py:826} INFO - Processing file /home/airflow/.local/lib/python3.7/site-packages/airflow/example_dags/example_short_circuit_decorator.py for tasks to queue
[2023-07-27T01:51:22.267+0000] {logging_mixin.py:150} INFO - [2023-07-27T01:51:22.266+0000] {dagbag.py:541} INFO - Filling up the DagBag from /home/airflow/.local/lib/python3.7/site-packages/airflow/example_dags/example_short_circuit_decorator.py
[2023-07-27T01:51:22.277+0000] {processor.py:836} INFO - DAG(s) dict_keys(['example_short_circuit_decorator']) retrieved from /home/airflow/.local/lib/python3.7/site-packages/airflow/example_dags/example_short_circuit_decorator.py
[2023-07-27T01:51:22.305+0000] {logging_mixin.py:150} INFO - [2023-07-27T01:51:22.305+0000] {dag.py:2742} INFO - Sync 1 DAGs
[2023-07-27T01:51:22.340+0000] {logging_mixin.py:150} INFO - [2023-07-27T01:51:22.340+0000] {dag.py:3508} INFO - Setting next_dagrun for example_short_circuit_decorator to 2023-07-26T01:51:22.339757+00:00, run_after=2023-07-27T01:51:22.339757+00:00
[2023-07-27T01:51:22.366+0000] {processor.py:179} INFO - Processing /home/airflow/.local/lib/python3.7/site-packages/airflow/example_dags/example_short_circuit_decorator.py took 0.105 seconds
[2023-07-27T01:51:53.326+0000] {processor.py:157} INFO - Started process (PID=3867) to work on /home/airflow/.local/lib/python3.7/site-packages/airflow/example_dags/example_short_circuit_decorator.py
[2023-07-27T01:51:53.327+0000] {processor.py:826} INFO - Processing file /home/airflow/.local/lib/python3.7/site-packages/airflow/example_dags/example_short_circuit_decorator.py for tasks to queue
[2023-07-27T01:51:53.328+0000] {logging_mixin.py:150} INFO - [2023-07-27T01:51:53.328+0000] {dagbag.py:541} INFO - Filling up the DagBag from /home/airflow/.local/lib/python3.7/site-packages/airflow/example_dags/example_short_circuit_decorator.py
[2023-07-27T01:51:53.339+0000] {processor.py:836} INFO - DAG(s) dict_keys(['example_short_circuit_decorator']) retrieved from /home/airflow/.local/lib/python3.7/site-packages/airflow/example_dags/example_short_circuit_decorator.py
[2023-07-27T01:51:53.367+0000] {logging_mixin.py:150} INFO - [2023-07-27T01:51:53.367+0000] {dag.py:2742} INFO - Sync 1 DAGs
[2023-07-27T01:51:53.394+0000] {logging_mixin.py:150} INFO - [2023-07-27T01:51:53.393+0000] {dag.py:3508} INFO - Setting next_dagrun for example_short_circuit_decorator to 2023-07-26T01:51:53.393702+00:00, run_after=2023-07-27T01:51:53.393702+00:00
[2023-07-27T01:51:53.419+0000] {processor.py:179} INFO - Processing /home/airflow/.local/lib/python3.7/site-packages/airflow/example_dags/example_short_circuit_decorator.py took 0.097 seconds
[2023-07-27T01:52:23.990+0000] {processor.py:157} INFO - Started process (PID=3926) to work on /home/airflow/.local/lib/python3.7/site-packages/airflow/example_dags/example_short_circuit_decorator.py
[2023-07-27T01:52:23.991+0000] {processor.py:826} INFO - Processing file /home/airflow/.local/lib/python3.7/site-packages/airflow/example_dags/example_short_circuit_decorator.py for tasks to queue
[2023-07-27T01:52:23.993+0000] {logging_mixin.py:150} INFO - [2023-07-27T01:52:23.992+0000] {dagbag.py:541} INFO - Filling up the DagBag from /home/airflow/.local/lib/python3.7/site-packages/airflow/example_dags/example_short_circuit_decorator.py
[2023-07-27T01:52:24.023+0000] {processor.py:836} INFO - DAG(s) dict_keys(['example_short_circuit_decorator']) retrieved from /home/airflow/.local/lib/python3.7/site-packages/airflow/example_dags/example_short_circuit_decorator.py
[2023-07-27T01:52:24.051+0000] {logging_mixin.py:150} INFO - [2023-07-27T01:52:24.051+0000] {dag.py:2742} INFO - Sync 1 DAGs
[2023-07-27T01:52:24.079+0000] {logging_mixin.py:150} INFO - [2023-07-27T01:52:24.079+0000] {dag.py:3508} INFO - Setting next_dagrun for example_short_circuit_decorator to 2023-07-26T01:52:24.079210+00:00, run_after=2023-07-27T01:52:24.079210+00:00
[2023-07-27T01:52:24.103+0000] {processor.py:179} INFO - Processing /home/airflow/.local/lib/python3.7/site-packages/airflow/example_dags/example_short_circuit_decorator.py took 0.116 seconds
[2023-07-27T01:52:54.698+0000] {processor.py:157} INFO - Started process (PID=3986) to work on /home/airflow/.local/lib/python3.7/site-packages/airflow/example_dags/example_short_circuit_decorator.py
[2023-07-27T01:52:54.699+0000] {processor.py:826} INFO - Processing file /home/airflow/.local/lib/python3.7/site-packages/airflow/example_dags/example_short_circuit_decorator.py for tasks to queue
[2023-07-27T01:52:54.701+0000] {logging_mixin.py:150} INFO - [2023-07-27T01:52:54.701+0000] {dagbag.py:541} INFO - Filling up the DagBag from /home/airflow/.local/lib/python3.7/site-packages/airflow/example_dags/example_short_circuit_decorator.py
[2023-07-27T01:52:54.711+0000] {processor.py:836} INFO - DAG(s) dict_keys(['example_short_circuit_decorator']) retrieved from /home/airflow/.local/lib/python3.7/site-packages/airflow/example_dags/example_short_circuit_decorator.py
[2023-07-27T01:52:54.740+0000] {logging_mixin.py:150} INFO - [2023-07-27T01:52:54.740+0000] {dag.py:2742} INFO - Sync 1 DAGs
[2023-07-27T01:52:54.769+0000] {logging_mixin.py:150} INFO - [2023-07-27T01:52:54.768+0000] {dag.py:3508} INFO - Setting next_dagrun for example_short_circuit_decorator to 2023-07-26T01:52:54.768571+00:00, run_after=2023-07-27T01:52:54.768571+00:00
[2023-07-27T01:52:54.795+0000] {processor.py:179} INFO - Processing /home/airflow/.local/lib/python3.7/site-packages/airflow/example_dags/example_short_circuit_decorator.py took 0.100 seconds
[2023-07-27T01:53:24.941+0000] {processor.py:157} INFO - Started process (PID=4046) to work on /home/airflow/.local/lib/python3.7/site-packages/airflow/example_dags/example_short_circuit_decorator.py
[2023-07-27T01:53:24.942+0000] {processor.py:826} INFO - Processing file /home/airflow/.local/lib/python3.7/site-packages/airflow/example_dags/example_short_circuit_decorator.py for tasks to queue
[2023-07-27T01:53:24.943+0000] {logging_mixin.py:150} INFO - [2023-07-27T01:53:24.943+0000] {dagbag.py:541} INFO - Filling up the DagBag from /home/airflow/.local/lib/python3.7/site-packages/airflow/example_dags/example_short_circuit_decorator.py
[2023-07-27T01:53:24.953+0000] {processor.py:836} INFO - DAG(s) dict_keys(['example_short_circuit_decorator']) retrieved from /home/airflow/.local/lib/python3.7/site-packages/airflow/example_dags/example_short_circuit_decorator.py
[2023-07-27T01:53:24.981+0000] {logging_mixin.py:150} INFO - [2023-07-27T01:53:24.980+0000] {dag.py:2742} INFO - Sync 1 DAGs
[2023-07-27T01:53:25.008+0000] {logging_mixin.py:150} INFO - [2023-07-27T01:53:25.008+0000] {dag.py:3508} INFO - Setting next_dagrun for example_short_circuit_decorator to 2023-07-26T01:53:25.008322+00:00, run_after=2023-07-27T01:53:25.008322+00:00
[2023-07-27T01:53:25.031+0000] {processor.py:179} INFO - Processing /home/airflow/.local/lib/python3.7/site-packages/airflow/example_dags/example_short_circuit_decorator.py took 0.094 seconds
[2023-07-27T01:53:55.135+0000] {processor.py:157} INFO - Started process (PID=4105) to work on /home/airflow/.local/lib/python3.7/site-packages/airflow/example_dags/example_short_circuit_decorator.py
[2023-07-27T01:53:55.136+0000] {processor.py:826} INFO - Processing file /home/airflow/.local/lib/python3.7/site-packages/airflow/example_dags/example_short_circuit_decorator.py for tasks to queue
[2023-07-27T01:53:55.137+0000] {logging_mixin.py:150} INFO - [2023-07-27T01:53:55.137+0000] {dagbag.py:541} INFO - Filling up the DagBag from /home/airflow/.local/lib/python3.7/site-packages/airflow/example_dags/example_short_circuit_decorator.py
[2023-07-27T01:53:55.148+0000] {processor.py:836} INFO - DAG(s) dict_keys(['example_short_circuit_decorator']) retrieved from /home/airflow/.local/lib/python3.7/site-packages/airflow/example_dags/example_short_circuit_decorator.py
[2023-07-27T01:53:55.176+0000] {logging_mixin.py:150} INFO - [2023-07-27T01:53:55.175+0000] {dag.py:2742} INFO - Sync 1 DAGs
[2023-07-27T01:53:55.204+0000] {logging_mixin.py:150} INFO - [2023-07-27T01:53:55.204+0000] {dag.py:3508} INFO - Setting next_dagrun for example_short_circuit_decorator to 2023-07-26T01:53:55.204477+00:00, run_after=2023-07-27T01:53:55.204477+00:00
[2023-07-27T01:53:55.230+0000] {processor.py:179} INFO - Processing /home/airflow/.local/lib/python3.7/site-packages/airflow/example_dags/example_short_circuit_decorator.py took 0.098 seconds
[2023-07-27T01:54:25.304+0000] {processor.py:157} INFO - Started process (PID=4165) to work on /home/airflow/.local/lib/python3.7/site-packages/airflow/example_dags/example_short_circuit_decorator.py
[2023-07-27T01:54:25.306+0000] {processor.py:826} INFO - Processing file /home/airflow/.local/lib/python3.7/site-packages/airflow/example_dags/example_short_circuit_decorator.py for tasks to queue
[2023-07-27T01:54:25.306+0000] {logging_mixin.py:150} INFO - [2023-07-27T01:54:25.306+0000] {dagbag.py:541} INFO - Filling up the DagBag from /home/airflow/.local/lib/python3.7/site-packages/airflow/example_dags/example_short_circuit_decorator.py
[2023-07-27T01:54:25.317+0000] {processor.py:836} INFO - DAG(s) dict_keys(['example_short_circuit_decorator']) retrieved from /home/airflow/.local/lib/python3.7/site-packages/airflow/example_dags/example_short_circuit_decorator.py
[2023-07-27T01:54:25.345+0000] {logging_mixin.py:150} INFO - [2023-07-27T01:54:25.345+0000] {dag.py:2742} INFO - Sync 1 DAGs
[2023-07-27T01:54:25.373+0000] {logging_mixin.py:150} INFO - [2023-07-27T01:54:25.372+0000] {dag.py:3508} INFO - Setting next_dagrun for example_short_circuit_decorator to 2023-07-26T01:54:25.372513+00:00, run_after=2023-07-27T01:54:25.372513+00:00
[2023-07-27T01:54:25.395+0000] {processor.py:179} INFO - Processing /home/airflow/.local/lib/python3.7/site-packages/airflow/example_dags/example_short_circuit_decorator.py took 0.094 seconds
[2023-07-27T01:54:55.433+0000] {processor.py:157} INFO - Started process (PID=4224) to work on /home/airflow/.local/lib/python3.7/site-packages/airflow/example_dags/example_short_circuit_decorator.py
[2023-07-27T01:54:55.434+0000] {processor.py:826} INFO - Processing file /home/airflow/.local/lib/python3.7/site-packages/airflow/example_dags/example_short_circuit_decorator.py for tasks to queue
[2023-07-27T01:54:55.435+0000] {logging_mixin.py:150} INFO - [2023-07-27T01:54:55.435+0000] {dagbag.py:541} INFO - Filling up the DagBag from /home/airflow/.local/lib/python3.7/site-packages/airflow/example_dags/example_short_circuit_decorator.py
[2023-07-27T01:54:55.446+0000] {processor.py:836} INFO - DAG(s) dict_keys(['example_short_circuit_decorator']) retrieved from /home/airflow/.local/lib/python3.7/site-packages/airflow/example_dags/example_short_circuit_decorator.py
[2023-07-27T01:54:55.479+0000] {logging_mixin.py:150} INFO - [2023-07-27T01:54:55.478+0000] {dag.py:2742} INFO - Sync 1 DAGs
[2023-07-27T01:54:55.508+0000] {logging_mixin.py:150} INFO - [2023-07-27T01:54:55.508+0000] {dag.py:3508} INFO - Setting next_dagrun for example_short_circuit_decorator to 2023-07-26T01:54:55.508373+00:00, run_after=2023-07-27T01:54:55.508373+00:00
[2023-07-27T01:54:55.535+0000] {processor.py:179} INFO - Processing /home/airflow/.local/lib/python3.7/site-packages/airflow/example_dags/example_short_circuit_decorator.py took 0.105 seconds
[2023-07-27T01:55:25.921+0000] {processor.py:157} INFO - Started process (PID=4285) to work on /home/airflow/.local/lib/python3.7/site-packages/airflow/example_dags/example_short_circuit_decorator.py
[2023-07-27T01:55:25.923+0000] {processor.py:826} INFO - Processing file /home/airflow/.local/lib/python3.7/site-packages/airflow/example_dags/example_short_circuit_decorator.py for tasks to queue
[2023-07-27T01:55:25.924+0000] {logging_mixin.py:150} INFO - [2023-07-27T01:55:25.924+0000] {dagbag.py:541} INFO - Filling up the DagBag from /home/airflow/.local/lib/python3.7/site-packages/airflow/example_dags/example_short_circuit_decorator.py
[2023-07-27T01:55:25.934+0000] {processor.py:836} INFO - DAG(s) dict_keys(['example_short_circuit_decorator']) retrieved from /home/airflow/.local/lib/python3.7/site-packages/airflow/example_dags/example_short_circuit_decorator.py
[2023-07-27T01:55:25.962+0000] {logging_mixin.py:150} INFO - [2023-07-27T01:55:25.962+0000] {dag.py:2742} INFO - Sync 1 DAGs
[2023-07-27T01:55:25.991+0000] {logging_mixin.py:150} INFO - [2023-07-27T01:55:25.991+0000] {dag.py:3508} INFO - Setting next_dagrun for example_short_circuit_decorator to 2023-07-26T01:55:25.990616+00:00, run_after=2023-07-27T01:55:25.990616+00:00
[2023-07-27T01:55:26.017+0000] {processor.py:179} INFO - Processing /home/airflow/.local/lib/python3.7/site-packages/airflow/example_dags/example_short_circuit_decorator.py took 0.099 seconds
[2023-07-27T01:55:56.222+0000] {processor.py:157} INFO - Started process (PID=4344) to work on /home/airflow/.local/lib/python3.7/site-packages/airflow/example_dags/example_short_circuit_decorator.py
[2023-07-27T01:55:56.223+0000] {processor.py:826} INFO - Processing file /home/airflow/.local/lib/python3.7/site-packages/airflow/example_dags/example_short_circuit_decorator.py for tasks to queue
[2023-07-27T01:55:56.225+0000] {logging_mixin.py:150} INFO - [2023-07-27T01:55:56.224+0000] {dagbag.py:541} INFO - Filling up the DagBag from /home/airflow/.local/lib/python3.7/site-packages/airflow/example_dags/example_short_circuit_decorator.py
[2023-07-27T01:55:56.235+0000] {processor.py:836} INFO - DAG(s) dict_keys(['example_short_circuit_decorator']) retrieved from /home/airflow/.local/lib/python3.7/site-packages/airflow/example_dags/example_short_circuit_decorator.py
[2023-07-27T01:55:56.263+0000] {logging_mixin.py:150} INFO - [2023-07-27T01:55:56.263+0000] {dag.py:2742} INFO - Sync 1 DAGs
[2023-07-27T01:55:56.292+0000] {logging_mixin.py:150} INFO - [2023-07-27T01:55:56.292+0000] {dag.py:3508} INFO - Setting next_dagrun for example_short_circuit_decorator to 2023-07-26T01:55:56.292329+00:00, run_after=2023-07-27T01:55:56.292329+00:00
[2023-07-27T01:55:56.316+0000] {processor.py:179} INFO - Processing /home/airflow/.local/lib/python3.7/site-packages/airflow/example_dags/example_short_circuit_decorator.py took 0.098 seconds
[2023-07-27T01:56:26.734+0000] {processor.py:157} INFO - Started process (PID=4405) to work on /home/airflow/.local/lib/python3.7/site-packages/airflow/example_dags/example_short_circuit_decorator.py
[2023-07-27T01:56:26.735+0000] {processor.py:826} INFO - Processing file /home/airflow/.local/lib/python3.7/site-packages/airflow/example_dags/example_short_circuit_decorator.py for tasks to queue
[2023-07-27T01:56:26.736+0000] {logging_mixin.py:150} INFO - [2023-07-27T01:56:26.736+0000] {dagbag.py:541} INFO - Filling up the DagBag from /home/airflow/.local/lib/python3.7/site-packages/airflow/example_dags/example_short_circuit_decorator.py
[2023-07-27T01:56:26.747+0000] {processor.py:836} INFO - DAG(s) dict_keys(['example_short_circuit_decorator']) retrieved from /home/airflow/.local/lib/python3.7/site-packages/airflow/example_dags/example_short_circuit_decorator.py
[2023-07-27T01:56:26.775+0000] {logging_mixin.py:150} INFO - [2023-07-27T01:56:26.775+0000] {dag.py:2742} INFO - Sync 1 DAGs
[2023-07-27T01:56:26.803+0000] {logging_mixin.py:150} INFO - [2023-07-27T01:56:26.803+0000] {dag.py:3508} INFO - Setting next_dagrun for example_short_circuit_decorator to 2023-07-26T01:56:26.803257+00:00, run_after=2023-07-27T01:56:26.803257+00:00
[2023-07-27T01:56:26.828+0000] {processor.py:179} INFO - Processing /home/airflow/.local/lib/python3.7/site-packages/airflow/example_dags/example_short_circuit_decorator.py took 0.097 seconds
[2023-07-27T01:56:57.307+0000] {processor.py:157} INFO - Started process (PID=4466) to work on /home/airflow/.local/lib/python3.7/site-packages/airflow/example_dags/example_short_circuit_decorator.py
[2023-07-27T01:56:57.308+0000] {processor.py:826} INFO - Processing file /home/airflow/.local/lib/python3.7/site-packages/airflow/example_dags/example_short_circuit_decorator.py for tasks to queue
[2023-07-27T01:56:57.309+0000] {logging_mixin.py:150} INFO - [2023-07-27T01:56:57.309+0000] {dagbag.py:541} INFO - Filling up the DagBag from /home/airflow/.local/lib/python3.7/site-packages/airflow/example_dags/example_short_circuit_decorator.py
[2023-07-27T01:56:57.320+0000] {processor.py:836} INFO - DAG(s) dict_keys(['example_short_circuit_decorator']) retrieved from /home/airflow/.local/lib/python3.7/site-packages/airflow/example_dags/example_short_circuit_decorator.py
[2023-07-27T01:56:57.349+0000] {logging_mixin.py:150} INFO - [2023-07-27T01:56:57.349+0000] {dag.py:2742} INFO - Sync 1 DAGs
[2023-07-27T01:56:57.379+0000] {logging_mixin.py:150} INFO - [2023-07-27T01:56:57.379+0000] {dag.py:3508} INFO - Setting next_dagrun for example_short_circuit_decorator to 2023-07-26T01:56:57.379149+00:00, run_after=2023-07-27T01:56:57.379149+00:00
[2023-07-27T01:56:57.413+0000] {processor.py:179} INFO - Processing /home/airflow/.local/lib/python3.7/site-packages/airflow/example_dags/example_short_circuit_decorator.py took 0.110 seconds
[2023-07-27T01:57:27.549+0000] {processor.py:157} INFO - Started process (PID=4527) to work on /home/airflow/.local/lib/python3.7/site-packages/airflow/example_dags/example_short_circuit_decorator.py
[2023-07-27T01:57:27.550+0000] {processor.py:826} INFO - Processing file /home/airflow/.local/lib/python3.7/site-packages/airflow/example_dags/example_short_circuit_decorator.py for tasks to queue
[2023-07-27T01:57:27.551+0000] {logging_mixin.py:150} INFO - [2023-07-27T01:57:27.551+0000] {dagbag.py:541} INFO - Filling up the DagBag from /home/airflow/.local/lib/python3.7/site-packages/airflow/example_dags/example_short_circuit_decorator.py
[2023-07-27T01:57:27.562+0000] {processor.py:836} INFO - DAG(s) dict_keys(['example_short_circuit_decorator']) retrieved from /home/airflow/.local/lib/python3.7/site-packages/airflow/example_dags/example_short_circuit_decorator.py
[2023-07-27T01:57:27.590+0000] {logging_mixin.py:150} INFO - [2023-07-27T01:57:27.590+0000] {dag.py:2742} INFO - Sync 1 DAGs
[2023-07-27T01:57:27.622+0000] {logging_mixin.py:150} INFO - [2023-07-27T01:57:27.622+0000] {dag.py:3508} INFO - Setting next_dagrun for example_short_circuit_decorator to 2023-07-26T01:57:27.621767+00:00, run_after=2023-07-27T01:57:27.621767+00:00
[2023-07-27T01:57:27.647+0000] {processor.py:179} INFO - Processing /home/airflow/.local/lib/python3.7/site-packages/airflow/example_dags/example_short_circuit_decorator.py took 0.102 seconds
[2023-07-27T01:57:57.799+0000] {processor.py:157} INFO - Started process (PID=4587) to work on /home/airflow/.local/lib/python3.7/site-packages/airflow/example_dags/example_short_circuit_decorator.py
[2023-07-27T01:57:57.801+0000] {processor.py:826} INFO - Processing file /home/airflow/.local/lib/python3.7/site-packages/airflow/example_dags/example_short_circuit_decorator.py for tasks to queue
[2023-07-27T01:57:57.802+0000] {logging_mixin.py:150} INFO - [2023-07-27T01:57:57.802+0000] {dagbag.py:541} INFO - Filling up the DagBag from /home/airflow/.local/lib/python3.7/site-packages/airflow/example_dags/example_short_circuit_decorator.py
[2023-07-27T01:57:57.812+0000] {processor.py:836} INFO - DAG(s) dict_keys(['example_short_circuit_decorator']) retrieved from /home/airflow/.local/lib/python3.7/site-packages/airflow/example_dags/example_short_circuit_decorator.py
[2023-07-27T01:57:57.841+0000] {logging_mixin.py:150} INFO - [2023-07-27T01:57:57.840+0000] {dag.py:2742} INFO - Sync 1 DAGs
[2023-07-27T01:57:57.868+0000] {logging_mixin.py:150} INFO - [2023-07-27T01:57:57.868+0000] {dag.py:3508} INFO - Setting next_dagrun for example_short_circuit_decorator to 2023-07-26T01:57:57.868398+00:00, run_after=2023-07-27T01:57:57.868398+00:00
[2023-07-27T01:57:57.893+0000] {processor.py:179} INFO - Processing /home/airflow/.local/lib/python3.7/site-packages/airflow/example_dags/example_short_circuit_decorator.py took 0.098 seconds
[2023-07-27T01:58:28.248+0000] {processor.py:157} INFO - Started process (PID=4647) to work on /home/airflow/.local/lib/python3.7/site-packages/airflow/example_dags/example_short_circuit_decorator.py
[2023-07-27T01:58:28.249+0000] {processor.py:826} INFO - Processing file /home/airflow/.local/lib/python3.7/site-packages/airflow/example_dags/example_short_circuit_decorator.py for tasks to queue
[2023-07-27T01:58:28.251+0000] {logging_mixin.py:150} INFO - [2023-07-27T01:58:28.250+0000] {dagbag.py:541} INFO - Filling up the DagBag from /home/airflow/.local/lib/python3.7/site-packages/airflow/example_dags/example_short_circuit_decorator.py
[2023-07-27T01:58:28.261+0000] {processor.py:836} INFO - DAG(s) dict_keys(['example_short_circuit_decorator']) retrieved from /home/airflow/.local/lib/python3.7/site-packages/airflow/example_dags/example_short_circuit_decorator.py
[2023-07-27T01:58:28.289+0000] {logging_mixin.py:150} INFO - [2023-07-27T01:58:28.289+0000] {dag.py:2742} INFO - Sync 1 DAGs
[2023-07-27T01:58:28.318+0000] {logging_mixin.py:150} INFO - [2023-07-27T01:58:28.318+0000] {dag.py:3508} INFO - Setting next_dagrun for example_short_circuit_decorator to 2023-07-26T01:58:28.318492+00:00, run_after=2023-07-27T01:58:28.318492+00:00
[2023-07-27T01:58:28.343+0000] {processor.py:179} INFO - Processing /home/airflow/.local/lib/python3.7/site-packages/airflow/example_dags/example_short_circuit_decorator.py took 0.098 seconds
[2023-07-27T01:58:58.459+0000] {processor.py:157} INFO - Started process (PID=4707) to work on /home/airflow/.local/lib/python3.7/site-packages/airflow/example_dags/example_short_circuit_decorator.py
[2023-07-27T01:58:58.460+0000] {processor.py:826} INFO - Processing file /home/airflow/.local/lib/python3.7/site-packages/airflow/example_dags/example_short_circuit_decorator.py for tasks to queue
[2023-07-27T01:58:58.461+0000] {logging_mixin.py:150} INFO - [2023-07-27T01:58:58.461+0000] {dagbag.py:541} INFO - Filling up the DagBag from /home/airflow/.local/lib/python3.7/site-packages/airflow/example_dags/example_short_circuit_decorator.py
[2023-07-27T01:58:58.472+0000] {processor.py:836} INFO - DAG(s) dict_keys(['example_short_circuit_decorator']) retrieved from /home/airflow/.local/lib/python3.7/site-packages/airflow/example_dags/example_short_circuit_decorator.py
[2023-07-27T01:58:58.500+0000] {logging_mixin.py:150} INFO - [2023-07-27T01:58:58.500+0000] {dag.py:2742} INFO - Sync 1 DAGs
[2023-07-27T01:58:58.529+0000] {logging_mixin.py:150} INFO - [2023-07-27T01:58:58.528+0000] {dag.py:3508} INFO - Setting next_dagrun for example_short_circuit_decorator to 2023-07-26T01:58:58.528567+00:00, run_after=2023-07-27T01:58:58.528567+00:00
[2023-07-27T01:58:58.552+0000] {processor.py:179} INFO - Processing /home/airflow/.local/lib/python3.7/site-packages/airflow/example_dags/example_short_circuit_decorator.py took 0.097 seconds
[2023-07-27T01:59:28.787+0000] {processor.py:157} INFO - Started process (PID=4767) to work on /home/airflow/.local/lib/python3.7/site-packages/airflow/example_dags/example_short_circuit_decorator.py
[2023-07-27T01:59:28.789+0000] {processor.py:826} INFO - Processing file /home/airflow/.local/lib/python3.7/site-packages/airflow/example_dags/example_short_circuit_decorator.py for tasks to queue
[2023-07-27T01:59:28.790+0000] {logging_mixin.py:150} INFO - [2023-07-27T01:59:28.790+0000] {dagbag.py:541} INFO - Filling up the DagBag from /home/airflow/.local/lib/python3.7/site-packages/airflow/example_dags/example_short_circuit_decorator.py
[2023-07-27T01:59:28.800+0000] {processor.py:836} INFO - DAG(s) dict_keys(['example_short_circuit_decorator']) retrieved from /home/airflow/.local/lib/python3.7/site-packages/airflow/example_dags/example_short_circuit_decorator.py
[2023-07-27T01:59:28.830+0000] {logging_mixin.py:150} INFO - [2023-07-27T01:59:28.829+0000] {dag.py:2742} INFO - Sync 1 DAGs
[2023-07-27T01:59:28.863+0000] {logging_mixin.py:150} INFO - [2023-07-27T01:59:28.863+0000] {dag.py:3508} INFO - Setting next_dagrun for example_short_circuit_decorator to 2023-07-26T01:59:28.863099+00:00, run_after=2023-07-27T01:59:28.863099+00:00
[2023-07-27T01:59:28.887+0000] {processor.py:179} INFO - Processing /home/airflow/.local/lib/python3.7/site-packages/airflow/example_dags/example_short_circuit_decorator.py took 0.104 seconds
[2023-07-27T01:59:59.514+0000] {processor.py:157} INFO - Started process (PID=4827) to work on /home/airflow/.local/lib/python3.7/site-packages/airflow/example_dags/example_short_circuit_decorator.py
[2023-07-27T01:59:59.515+0000] {processor.py:826} INFO - Processing file /home/airflow/.local/lib/python3.7/site-packages/airflow/example_dags/example_short_circuit_decorator.py for tasks to queue
[2023-07-27T01:59:59.516+0000] {logging_mixin.py:150} INFO - [2023-07-27T01:59:59.516+0000] {dagbag.py:541} INFO - Filling up the DagBag from /home/airflow/.local/lib/python3.7/site-packages/airflow/example_dags/example_short_circuit_decorator.py
[2023-07-27T01:59:59.527+0000] {processor.py:836} INFO - DAG(s) dict_keys(['example_short_circuit_decorator']) retrieved from /home/airflow/.local/lib/python3.7/site-packages/airflow/example_dags/example_short_circuit_decorator.py
[2023-07-27T01:59:59.558+0000] {logging_mixin.py:150} INFO - [2023-07-27T01:59:59.558+0000] {dag.py:2742} INFO - Sync 1 DAGs
[2023-07-27T01:59:59.592+0000] {logging_mixin.py:150} INFO - [2023-07-27T01:59:59.591+0000] {dag.py:3508} INFO - Setting next_dagrun for example_short_circuit_decorator to 2023-07-26T01:59:59.591523+00:00, run_after=2023-07-27T01:59:59.591523+00:00
[2023-07-27T01:59:59.619+0000] {processor.py:179} INFO - Processing /home/airflow/.local/lib/python3.7/site-packages/airflow/example_dags/example_short_circuit_decorator.py took 0.109 seconds
[2023-07-27T02:00:30.453+0000] {processor.py:157} INFO - Started process (PID=4887) to work on /home/airflow/.local/lib/python3.7/site-packages/airflow/example_dags/example_short_circuit_decorator.py
[2023-07-27T02:00:30.454+0000] {processor.py:826} INFO - Processing file /home/airflow/.local/lib/python3.7/site-packages/airflow/example_dags/example_short_circuit_decorator.py for tasks to queue
[2023-07-27T02:00:30.455+0000] {logging_mixin.py:150} INFO - [2023-07-27T02:00:30.455+0000] {dagbag.py:541} INFO - Filling up the DagBag from /home/airflow/.local/lib/python3.7/site-packages/airflow/example_dags/example_short_circuit_decorator.py
[2023-07-27T02:00:30.466+0000] {processor.py:836} INFO - DAG(s) dict_keys(['example_short_circuit_decorator']) retrieved from /home/airflow/.local/lib/python3.7/site-packages/airflow/example_dags/example_short_circuit_decorator.py
[2023-07-27T02:00:30.493+0000] {logging_mixin.py:150} INFO - [2023-07-27T02:00:30.493+0000] {dag.py:2742} INFO - Sync 1 DAGs
[2023-07-27T02:00:30.521+0000] {logging_mixin.py:150} INFO - [2023-07-27T02:00:30.521+0000] {dag.py:3508} INFO - Setting next_dagrun for example_short_circuit_decorator to 2023-07-26T02:00:30.521401+00:00, run_after=2023-07-27T02:00:30.521401+00:00
[2023-07-27T02:00:30.546+0000] {processor.py:179} INFO - Processing /home/airflow/.local/lib/python3.7/site-packages/airflow/example_dags/example_short_circuit_decorator.py took 0.097 seconds
[2023-07-27T02:01:00.661+0000] {processor.py:157} INFO - Started process (PID=4947) to work on /home/airflow/.local/lib/python3.7/site-packages/airflow/example_dags/example_short_circuit_decorator.py
[2023-07-27T02:01:00.662+0000] {processor.py:826} INFO - Processing file /home/airflow/.local/lib/python3.7/site-packages/airflow/example_dags/example_short_circuit_decorator.py for tasks to queue
[2023-07-27T02:01:00.663+0000] {logging_mixin.py:150} INFO - [2023-07-27T02:01:00.663+0000] {dagbag.py:541} INFO - Filling up the DagBag from /home/airflow/.local/lib/python3.7/site-packages/airflow/example_dags/example_short_circuit_decorator.py
[2023-07-27T02:01:00.674+0000] {processor.py:836} INFO - DAG(s) dict_keys(['example_short_circuit_decorator']) retrieved from /home/airflow/.local/lib/python3.7/site-packages/airflow/example_dags/example_short_circuit_decorator.py
[2023-07-27T02:01:00.709+0000] {logging_mixin.py:150} INFO - [2023-07-27T02:01:00.708+0000] {dag.py:2742} INFO - Sync 1 DAGs
[2023-07-27T02:01:00.738+0000] {logging_mixin.py:150} INFO - [2023-07-27T02:01:00.737+0000] {dag.py:3508} INFO - Setting next_dagrun for example_short_circuit_decorator to 2023-07-26T02:01:00.737711+00:00, run_after=2023-07-27T02:01:00.737711+00:00
[2023-07-27T02:01:00.762+0000] {processor.py:179} INFO - Processing /home/airflow/.local/lib/python3.7/site-packages/airflow/example_dags/example_short_circuit_decorator.py took 0.104 seconds
[2023-07-27T02:01:31.093+0000] {processor.py:157} INFO - Started process (PID=5007) to work on /home/airflow/.local/lib/python3.7/site-packages/airflow/example_dags/example_short_circuit_decorator.py
[2023-07-27T02:01:31.094+0000] {processor.py:826} INFO - Processing file /home/airflow/.local/lib/python3.7/site-packages/airflow/example_dags/example_short_circuit_decorator.py for tasks to queue
[2023-07-27T02:01:31.095+0000] {logging_mixin.py:150} INFO - [2023-07-27T02:01:31.095+0000] {dagbag.py:541} INFO - Filling up the DagBag from /home/airflow/.local/lib/python3.7/site-packages/airflow/example_dags/example_short_circuit_decorator.py
[2023-07-27T02:01:31.106+0000] {processor.py:836} INFO - DAG(s) dict_keys(['example_short_circuit_decorator']) retrieved from /home/airflow/.local/lib/python3.7/site-packages/airflow/example_dags/example_short_circuit_decorator.py
[2023-07-27T02:01:31.134+0000] {logging_mixin.py:150} INFO - [2023-07-27T02:01:31.133+0000] {dag.py:2742} INFO - Sync 1 DAGs
[2023-07-27T02:01:31.161+0000] {logging_mixin.py:150} INFO - [2023-07-27T02:01:31.161+0000] {dag.py:3508} INFO - Setting next_dagrun for example_short_circuit_decorator to 2023-07-26T02:01:31.161244+00:00, run_after=2023-07-27T02:01:31.161244+00:00
[2023-07-27T02:01:31.183+0000] {processor.py:179} INFO - Processing /home/airflow/.local/lib/python3.7/site-packages/airflow/example_dags/example_short_circuit_decorator.py took 0.094 seconds
[2023-07-27T02:02:01.271+0000] {processor.py:157} INFO - Started process (PID=5067) to work on /home/airflow/.local/lib/python3.7/site-packages/airflow/example_dags/example_short_circuit_decorator.py
[2023-07-27T02:02:01.273+0000] {processor.py:826} INFO - Processing file /home/airflow/.local/lib/python3.7/site-packages/airflow/example_dags/example_short_circuit_decorator.py for tasks to queue
[2023-07-27T02:02:01.274+0000] {logging_mixin.py:150} INFO - [2023-07-27T02:02:01.273+0000] {dagbag.py:541} INFO - Filling up the DagBag from /home/airflow/.local/lib/python3.7/site-packages/airflow/example_dags/example_short_circuit_decorator.py
[2023-07-27T02:02:01.285+0000] {processor.py:836} INFO - DAG(s) dict_keys(['example_short_circuit_decorator']) retrieved from /home/airflow/.local/lib/python3.7/site-packages/airflow/example_dags/example_short_circuit_decorator.py
[2023-07-27T02:02:01.313+0000] {logging_mixin.py:150} INFO - [2023-07-27T02:02:01.312+0000] {dag.py:2742} INFO - Sync 1 DAGs
[2023-07-27T02:02:01.341+0000] {logging_mixin.py:150} INFO - [2023-07-27T02:02:01.341+0000] {dag.py:3508} INFO - Setting next_dagrun for example_short_circuit_decorator to 2023-07-26T02:02:01.341250+00:00, run_after=2023-07-27T02:02:01.341250+00:00
[2023-07-27T02:02:01.364+0000] {processor.py:179} INFO - Processing /home/airflow/.local/lib/python3.7/site-packages/airflow/example_dags/example_short_circuit_decorator.py took 0.096 seconds
[2023-07-27T02:02:31.437+0000] {processor.py:157} INFO - Started process (PID=5128) to work on /home/airflow/.local/lib/python3.7/site-packages/airflow/example_dags/example_short_circuit_decorator.py
[2023-07-27T02:02:31.438+0000] {processor.py:826} INFO - Processing file /home/airflow/.local/lib/python3.7/site-packages/airflow/example_dags/example_short_circuit_decorator.py for tasks to queue
[2023-07-27T02:02:31.439+0000] {logging_mixin.py:150} INFO - [2023-07-27T02:02:31.439+0000] {dagbag.py:541} INFO - Filling up the DagBag from /home/airflow/.local/lib/python3.7/site-packages/airflow/example_dags/example_short_circuit_decorator.py
[2023-07-27T02:02:31.449+0000] {processor.py:836} INFO - DAG(s) dict_keys(['example_short_circuit_decorator']) retrieved from /home/airflow/.local/lib/python3.7/site-packages/airflow/example_dags/example_short_circuit_decorator.py
[2023-07-27T02:02:31.478+0000] {logging_mixin.py:150} INFO - [2023-07-27T02:02:31.477+0000] {dag.py:2742} INFO - Sync 1 DAGs
[2023-07-27T02:02:31.505+0000] {logging_mixin.py:150} INFO - [2023-07-27T02:02:31.505+0000] {dag.py:3508} INFO - Setting next_dagrun for example_short_circuit_decorator to 2023-07-26T02:02:31.505409+00:00, run_after=2023-07-27T02:02:31.505409+00:00
[2023-07-27T02:02:31.528+0000] {processor.py:179} INFO - Processing /home/airflow/.local/lib/python3.7/site-packages/airflow/example_dags/example_short_circuit_decorator.py took 0.094 seconds
[2023-07-27T02:03:01.666+0000] {processor.py:157} INFO - Started process (PID=5188) to work on /home/airflow/.local/lib/python3.7/site-packages/airflow/example_dags/example_short_circuit_decorator.py
[2023-07-27T02:03:01.667+0000] {processor.py:826} INFO - Processing file /home/airflow/.local/lib/python3.7/site-packages/airflow/example_dags/example_short_circuit_decorator.py for tasks to queue
[2023-07-27T02:03:01.668+0000] {logging_mixin.py:150} INFO - [2023-07-27T02:03:01.668+0000] {dagbag.py:541} INFO - Filling up the DagBag from /home/airflow/.local/lib/python3.7/site-packages/airflow/example_dags/example_short_circuit_decorator.py
[2023-07-27T02:03:01.679+0000] {processor.py:836} INFO - DAG(s) dict_keys(['example_short_circuit_decorator']) retrieved from /home/airflow/.local/lib/python3.7/site-packages/airflow/example_dags/example_short_circuit_decorator.py
[2023-07-27T02:03:01.708+0000] {logging_mixin.py:150} INFO - [2023-07-27T02:03:01.708+0000] {dag.py:2742} INFO - Sync 1 DAGs
[2023-07-27T02:03:01.736+0000] {logging_mixin.py:150} INFO - [2023-07-27T02:03:01.736+0000] {dag.py:3508} INFO - Setting next_dagrun for example_short_circuit_decorator to 2023-07-26T02:03:01.736217+00:00, run_after=2023-07-27T02:03:01.736217+00:00
[2023-07-27T02:03:01.767+0000] {processor.py:179} INFO - Processing /home/airflow/.local/lib/python3.7/site-packages/airflow/example_dags/example_short_circuit_decorator.py took 0.105 seconds
[2023-07-27T02:03:31.869+0000] {processor.py:157} INFO - Started process (PID=5247) to work on /home/airflow/.local/lib/python3.7/site-packages/airflow/example_dags/example_short_circuit_decorator.py
[2023-07-27T02:03:31.870+0000] {processor.py:826} INFO - Processing file /home/airflow/.local/lib/python3.7/site-packages/airflow/example_dags/example_short_circuit_decorator.py for tasks to queue
[2023-07-27T02:03:31.872+0000] {logging_mixin.py:150} INFO - [2023-07-27T02:03:31.871+0000] {dagbag.py:541} INFO - Filling up the DagBag from /home/airflow/.local/lib/python3.7/site-packages/airflow/example_dags/example_short_circuit_decorator.py
[2023-07-27T02:03:31.882+0000] {processor.py:836} INFO - DAG(s) dict_keys(['example_short_circuit_decorator']) retrieved from /home/airflow/.local/lib/python3.7/site-packages/airflow/example_dags/example_short_circuit_decorator.py
[2023-07-27T02:03:31.911+0000] {logging_mixin.py:150} INFO - [2023-07-27T02:03:31.910+0000] {dag.py:2742} INFO - Sync 1 DAGs
[2023-07-27T02:03:31.938+0000] {logging_mixin.py:150} INFO - [2023-07-27T02:03:31.938+0000] {dag.py:3508} INFO - Setting next_dagrun for example_short_circuit_decorator to 2023-07-26T02:03:31.938192+00:00, run_after=2023-07-27T02:03:31.938192+00:00
[2023-07-27T02:03:31.962+0000] {processor.py:179} INFO - Processing /home/airflow/.local/lib/python3.7/site-packages/airflow/example_dags/example_short_circuit_decorator.py took 0.096 seconds
[2023-07-27T02:04:02.477+0000] {processor.py:157} INFO - Started process (PID=5308) to work on /home/airflow/.local/lib/python3.7/site-packages/airflow/example_dags/example_short_circuit_decorator.py
[2023-07-27T02:04:02.478+0000] {processor.py:826} INFO - Processing file /home/airflow/.local/lib/python3.7/site-packages/airflow/example_dags/example_short_circuit_decorator.py for tasks to queue
[2023-07-27T02:04:02.479+0000] {logging_mixin.py:150} INFO - [2023-07-27T02:04:02.479+0000] {dagbag.py:541} INFO - Filling up the DagBag from /home/airflow/.local/lib/python3.7/site-packages/airflow/example_dags/example_short_circuit_decorator.py
[2023-07-27T02:04:02.491+0000] {processor.py:836} INFO - DAG(s) dict_keys(['example_short_circuit_decorator']) retrieved from /home/airflow/.local/lib/python3.7/site-packages/airflow/example_dags/example_short_circuit_decorator.py
[2023-07-27T02:04:02.520+0000] {logging_mixin.py:150} INFO - [2023-07-27T02:04:02.520+0000] {dag.py:2742} INFO - Sync 1 DAGs
[2023-07-27T02:04:02.550+0000] {logging_mixin.py:150} INFO - [2023-07-27T02:04:02.550+0000] {dag.py:3508} INFO - Setting next_dagrun for example_short_circuit_decorator to 2023-07-26T02:04:02.550227+00:00, run_after=2023-07-27T02:04:02.550227+00:00
[2023-07-27T02:04:02.585+0000] {processor.py:179} INFO - Processing /home/airflow/.local/lib/python3.7/site-packages/airflow/example_dags/example_short_circuit_decorator.py took 0.112 seconds
[2023-07-27T02:04:32.795+0000] {processor.py:157} INFO - Started process (PID=5368) to work on /home/airflow/.local/lib/python3.7/site-packages/airflow/example_dags/example_short_circuit_decorator.py
[2023-07-27T02:04:32.796+0000] {processor.py:826} INFO - Processing file /home/airflow/.local/lib/python3.7/site-packages/airflow/example_dags/example_short_circuit_decorator.py for tasks to queue
[2023-07-27T02:04:32.797+0000] {logging_mixin.py:150} INFO - [2023-07-27T02:04:32.797+0000] {dagbag.py:541} INFO - Filling up the DagBag from /home/airflow/.local/lib/python3.7/site-packages/airflow/example_dags/example_short_circuit_decorator.py
[2023-07-27T02:04:32.808+0000] {processor.py:836} INFO - DAG(s) dict_keys(['example_short_circuit_decorator']) retrieved from /home/airflow/.local/lib/python3.7/site-packages/airflow/example_dags/example_short_circuit_decorator.py
[2023-07-27T02:04:32.837+0000] {logging_mixin.py:150} INFO - [2023-07-27T02:04:32.837+0000] {dag.py:2742} INFO - Sync 1 DAGs
[2023-07-27T02:04:32.866+0000] {logging_mixin.py:150} INFO - [2023-07-27T02:04:32.866+0000] {dag.py:3508} INFO - Setting next_dagrun for example_short_circuit_decorator to 2023-07-26T02:04:32.866141+00:00, run_after=2023-07-27T02:04:32.866141+00:00
[2023-07-27T02:04:32.891+0000] {processor.py:179} INFO - Processing /home/airflow/.local/lib/python3.7/site-packages/airflow/example_dags/example_short_circuit_decorator.py took 0.100 seconds
[2023-07-27T02:05:02.964+0000] {processor.py:157} INFO - Started process (PID=5427) to work on /home/airflow/.local/lib/python3.7/site-packages/airflow/example_dags/example_short_circuit_decorator.py
[2023-07-27T02:05:02.965+0000] {processor.py:826} INFO - Processing file /home/airflow/.local/lib/python3.7/site-packages/airflow/example_dags/example_short_circuit_decorator.py for tasks to queue
[2023-07-27T02:05:02.967+0000] {logging_mixin.py:150} INFO - [2023-07-27T02:05:02.967+0000] {dagbag.py:541} INFO - Filling up the DagBag from /home/airflow/.local/lib/python3.7/site-packages/airflow/example_dags/example_short_circuit_decorator.py
[2023-07-27T02:05:02.977+0000] {processor.py:836} INFO - DAG(s) dict_keys(['example_short_circuit_decorator']) retrieved from /home/airflow/.local/lib/python3.7/site-packages/airflow/example_dags/example_short_circuit_decorator.py
[2023-07-27T02:05:03.006+0000] {logging_mixin.py:150} INFO - [2023-07-27T02:05:03.006+0000] {dag.py:2742} INFO - Sync 1 DAGs
[2023-07-27T02:05:03.036+0000] {logging_mixin.py:150} INFO - [2023-07-27T02:05:03.036+0000] {dag.py:3508} INFO - Setting next_dagrun for example_short_circuit_decorator to 2023-07-26T02:05:03.036424+00:00, run_after=2023-07-27T02:05:03.036424+00:00
[2023-07-27T02:05:03.060+0000] {processor.py:179} INFO - Processing /home/airflow/.local/lib/python3.7/site-packages/airflow/example_dags/example_short_circuit_decorator.py took 0.099 seconds
[2023-07-27T02:05:33.474+0000] {processor.py:157} INFO - Started process (PID=5488) to work on /home/airflow/.local/lib/python3.7/site-packages/airflow/example_dags/example_short_circuit_decorator.py
[2023-07-27T02:05:33.475+0000] {processor.py:826} INFO - Processing file /home/airflow/.local/lib/python3.7/site-packages/airflow/example_dags/example_short_circuit_decorator.py for tasks to queue
[2023-07-27T02:05:33.476+0000] {logging_mixin.py:150} INFO - [2023-07-27T02:05:33.476+0000] {dagbag.py:541} INFO - Filling up the DagBag from /home/airflow/.local/lib/python3.7/site-packages/airflow/example_dags/example_short_circuit_decorator.py
[2023-07-27T02:05:33.487+0000] {processor.py:836} INFO - DAG(s) dict_keys(['example_short_circuit_decorator']) retrieved from /home/airflow/.local/lib/python3.7/site-packages/airflow/example_dags/example_short_circuit_decorator.py
[2023-07-27T02:05:33.518+0000] {logging_mixin.py:150} INFO - [2023-07-27T02:05:33.517+0000] {dag.py:2742} INFO - Sync 1 DAGs
[2023-07-27T02:05:33.546+0000] {logging_mixin.py:150} INFO - [2023-07-27T02:05:33.546+0000] {dag.py:3508} INFO - Setting next_dagrun for example_short_circuit_decorator to 2023-07-26T02:05:33.545941+00:00, run_after=2023-07-27T02:05:33.545941+00:00
[2023-07-27T02:05:33.682+0000] {processor.py:179} INFO - Processing /home/airflow/.local/lib/python3.7/site-packages/airflow/example_dags/example_short_circuit_decorator.py took 0.212 seconds
[2023-07-27T02:06:04.006+0000] {processor.py:157} INFO - Started process (PID=5547) to work on /home/airflow/.local/lib/python3.7/site-packages/airflow/example_dags/example_short_circuit_decorator.py
[2023-07-27T02:06:04.007+0000] {processor.py:826} INFO - Processing file /home/airflow/.local/lib/python3.7/site-packages/airflow/example_dags/example_short_circuit_decorator.py for tasks to queue
[2023-07-27T02:06:04.008+0000] {logging_mixin.py:150} INFO - [2023-07-27T02:06:04.008+0000] {dagbag.py:541} INFO - Filling up the DagBag from /home/airflow/.local/lib/python3.7/site-packages/airflow/example_dags/example_short_circuit_decorator.py
[2023-07-27T02:06:04.019+0000] {processor.py:836} INFO - DAG(s) dict_keys(['example_short_circuit_decorator']) retrieved from /home/airflow/.local/lib/python3.7/site-packages/airflow/example_dags/example_short_circuit_decorator.py
[2023-07-27T02:06:04.047+0000] {logging_mixin.py:150} INFO - [2023-07-27T02:06:04.046+0000] {dag.py:2742} INFO - Sync 1 DAGs
[2023-07-27T02:06:04.075+0000] {logging_mixin.py:150} INFO - [2023-07-27T02:06:04.075+0000] {dag.py:3508} INFO - Setting next_dagrun for example_short_circuit_decorator to 2023-07-26T02:06:04.074948+00:00, run_after=2023-07-27T02:06:04.074948+00:00
[2023-07-27T02:06:04.100+0000] {processor.py:179} INFO - Processing /home/airflow/.local/lib/python3.7/site-packages/airflow/example_dags/example_short_circuit_decorator.py took 0.098 seconds
[2023-07-27T02:06:34.589+0000] {processor.py:157} INFO - Started process (PID=5607) to work on /home/airflow/.local/lib/python3.7/site-packages/airflow/example_dags/example_short_circuit_decorator.py
[2023-07-27T02:06:34.590+0000] {processor.py:826} INFO - Processing file /home/airflow/.local/lib/python3.7/site-packages/airflow/example_dags/example_short_circuit_decorator.py for tasks to queue
[2023-07-27T02:06:34.591+0000] {logging_mixin.py:150} INFO - [2023-07-27T02:06:34.591+0000] {dagbag.py:541} INFO - Filling up the DagBag from /home/airflow/.local/lib/python3.7/site-packages/airflow/example_dags/example_short_circuit_decorator.py
[2023-07-27T02:06:34.602+0000] {processor.py:836} INFO - DAG(s) dict_keys(['example_short_circuit_decorator']) retrieved from /home/airflow/.local/lib/python3.7/site-packages/airflow/example_dags/example_short_circuit_decorator.py
[2023-07-27T02:06:34.631+0000] {logging_mixin.py:150} INFO - [2023-07-27T02:06:34.631+0000] {dag.py:2742} INFO - Sync 1 DAGs
[2023-07-27T02:06:34.660+0000] {logging_mixin.py:150} INFO - [2023-07-27T02:06:34.660+0000] {dag.py:3508} INFO - Setting next_dagrun for example_short_circuit_decorator to 2023-07-26T02:06:34.659927+00:00, run_after=2023-07-27T02:06:34.659927+00:00
[2023-07-27T02:06:34.684+0000] {processor.py:179} INFO - Processing /home/airflow/.local/lib/python3.7/site-packages/airflow/example_dags/example_short_circuit_decorator.py took 0.099 seconds
[2023-07-27T02:07:05.147+0000] {processor.py:157} INFO - Started process (PID=5667) to work on /home/airflow/.local/lib/python3.7/site-packages/airflow/example_dags/example_short_circuit_decorator.py
[2023-07-27T02:07:05.148+0000] {processor.py:826} INFO - Processing file /home/airflow/.local/lib/python3.7/site-packages/airflow/example_dags/example_short_circuit_decorator.py for tasks to queue
[2023-07-27T02:07:05.149+0000] {logging_mixin.py:150} INFO - [2023-07-27T02:07:05.149+0000] {dagbag.py:541} INFO - Filling up the DagBag from /home/airflow/.local/lib/python3.7/site-packages/airflow/example_dags/example_short_circuit_decorator.py
[2023-07-27T02:07:05.163+0000] {processor.py:836} INFO - DAG(s) dict_keys(['example_short_circuit_decorator']) retrieved from /home/airflow/.local/lib/python3.7/site-packages/airflow/example_dags/example_short_circuit_decorator.py
[2023-07-27T02:07:05.205+0000] {logging_mixin.py:150} INFO - [2023-07-27T02:07:05.205+0000] {dag.py:2742} INFO - Sync 1 DAGs
[2023-07-27T02:07:05.377+0000] {logging_mixin.py:150} INFO - [2023-07-27T02:07:05.377+0000] {dag.py:3508} INFO - Setting next_dagrun for example_short_circuit_decorator to 2023-07-26T02:07:05.377025+00:00, run_after=2023-07-27T02:07:05.377025+00:00
[2023-07-27T02:07:05.403+0000] {processor.py:179} INFO - Processing /home/airflow/.local/lib/python3.7/site-packages/airflow/example_dags/example_short_circuit_decorator.py took 0.260 seconds
[2023-07-27T02:07:35.901+0000] {processor.py:157} INFO - Started process (PID=5727) to work on /home/airflow/.local/lib/python3.7/site-packages/airflow/example_dags/example_short_circuit_decorator.py
[2023-07-27T02:07:35.902+0000] {processor.py:826} INFO - Processing file /home/airflow/.local/lib/python3.7/site-packages/airflow/example_dags/example_short_circuit_decorator.py for tasks to queue
[2023-07-27T02:07:35.903+0000] {logging_mixin.py:150} INFO - [2023-07-27T02:07:35.903+0000] {dagbag.py:541} INFO - Filling up the DagBag from /home/airflow/.local/lib/python3.7/site-packages/airflow/example_dags/example_short_circuit_decorator.py
[2023-07-27T02:07:35.916+0000] {processor.py:836} INFO - DAG(s) dict_keys(['example_short_circuit_decorator']) retrieved from /home/airflow/.local/lib/python3.7/site-packages/airflow/example_dags/example_short_circuit_decorator.py
[2023-07-27T02:07:35.945+0000] {logging_mixin.py:150} INFO - [2023-07-27T02:07:35.945+0000] {dag.py:2742} INFO - Sync 1 DAGs
[2023-07-27T02:07:35.978+0000] {logging_mixin.py:150} INFO - [2023-07-27T02:07:35.978+0000] {dag.py:3508} INFO - Setting next_dagrun for example_short_circuit_decorator to 2023-07-26T02:07:35.978189+00:00, run_after=2023-07-27T02:07:35.978189+00:00
[2023-07-27T02:07:36.118+0000] {processor.py:179} INFO - Processing /home/airflow/.local/lib/python3.7/site-packages/airflow/example_dags/example_short_circuit_decorator.py took 0.221 seconds
[2023-07-27T02:08:06.213+0000] {processor.py:157} INFO - Started process (PID=5787) to work on /home/airflow/.local/lib/python3.7/site-packages/airflow/example_dags/example_short_circuit_decorator.py
[2023-07-27T02:08:06.215+0000] {processor.py:826} INFO - Processing file /home/airflow/.local/lib/python3.7/site-packages/airflow/example_dags/example_short_circuit_decorator.py for tasks to queue
[2023-07-27T02:08:06.217+0000] {logging_mixin.py:150} INFO - [2023-07-27T02:08:06.216+0000] {dagbag.py:541} INFO - Filling up the DagBag from /home/airflow/.local/lib/python3.7/site-packages/airflow/example_dags/example_short_circuit_decorator.py
[2023-07-27T02:08:06.235+0000] {processor.py:836} INFO - DAG(s) dict_keys(['example_short_circuit_decorator']) retrieved from /home/airflow/.local/lib/python3.7/site-packages/airflow/example_dags/example_short_circuit_decorator.py
[2023-07-27T02:08:06.272+0000] {logging_mixin.py:150} INFO - [2023-07-27T02:08:06.272+0000] {dag.py:2742} INFO - Sync 1 DAGs
[2023-07-27T02:08:06.305+0000] {logging_mixin.py:150} INFO - [2023-07-27T02:08:06.304+0000] {dag.py:3508} INFO - Setting next_dagrun for example_short_circuit_decorator to 2023-07-26T02:08:06.304682+00:00, run_after=2023-07-27T02:08:06.304682+00:00
[2023-07-27T02:08:06.334+0000] {processor.py:179} INFO - Processing /home/airflow/.local/lib/python3.7/site-packages/airflow/example_dags/example_short_circuit_decorator.py took 0.125 seconds
[2023-07-27T02:08:36.556+0000] {processor.py:157} INFO - Started process (PID=5848) to work on /home/airflow/.local/lib/python3.7/site-packages/airflow/example_dags/example_short_circuit_decorator.py
[2023-07-27T02:08:36.557+0000] {processor.py:826} INFO - Processing file /home/airflow/.local/lib/python3.7/site-packages/airflow/example_dags/example_short_circuit_decorator.py for tasks to queue
[2023-07-27T02:08:36.559+0000] {logging_mixin.py:150} INFO - [2023-07-27T02:08:36.558+0000] {dagbag.py:541} INFO - Filling up the DagBag from /home/airflow/.local/lib/python3.7/site-packages/airflow/example_dags/example_short_circuit_decorator.py
[2023-07-27T02:08:36.570+0000] {processor.py:836} INFO - DAG(s) dict_keys(['example_short_circuit_decorator']) retrieved from /home/airflow/.local/lib/python3.7/site-packages/airflow/example_dags/example_short_circuit_decorator.py
[2023-07-27T02:08:36.599+0000] {logging_mixin.py:150} INFO - [2023-07-27T02:08:36.598+0000] {dag.py:2742} INFO - Sync 1 DAGs
[2023-07-27T02:08:36.740+0000] {logging_mixin.py:150} INFO - [2023-07-27T02:08:36.740+0000] {dag.py:3508} INFO - Setting next_dagrun for example_short_circuit_decorator to 2023-07-26T02:08:36.740181+00:00, run_after=2023-07-27T02:08:36.740181+00:00
[2023-07-27T02:08:36.769+0000] {processor.py:179} INFO - Processing /home/airflow/.local/lib/python3.7/site-packages/airflow/example_dags/example_short_circuit_decorator.py took 0.216 seconds
[2023-07-27T02:09:07.052+0000] {processor.py:157} INFO - Started process (PID=5908) to work on /home/airflow/.local/lib/python3.7/site-packages/airflow/example_dags/example_short_circuit_decorator.py
[2023-07-27T02:09:07.053+0000] {processor.py:826} INFO - Processing file /home/airflow/.local/lib/python3.7/site-packages/airflow/example_dags/example_short_circuit_decorator.py for tasks to queue
[2023-07-27T02:09:07.054+0000] {logging_mixin.py:150} INFO - [2023-07-27T02:09:07.054+0000] {dagbag.py:541} INFO - Filling up the DagBag from /home/airflow/.local/lib/python3.7/site-packages/airflow/example_dags/example_short_circuit_decorator.py
[2023-07-27T02:09:07.065+0000] {processor.py:836} INFO - DAG(s) dict_keys(['example_short_circuit_decorator']) retrieved from /home/airflow/.local/lib/python3.7/site-packages/airflow/example_dags/example_short_circuit_decorator.py
[2023-07-27T02:09:07.094+0000] {logging_mixin.py:150} INFO - [2023-07-27T02:09:07.094+0000] {dag.py:2742} INFO - Sync 1 DAGs
[2023-07-27T02:09:07.123+0000] {logging_mixin.py:150} INFO - [2023-07-27T02:09:07.123+0000] {dag.py:3508} INFO - Setting next_dagrun for example_short_circuit_decorator to 2023-07-26T02:09:07.123523+00:00, run_after=2023-07-27T02:09:07.123523+00:00
[2023-07-27T02:09:07.264+0000] {processor.py:179} INFO - Processing /home/airflow/.local/lib/python3.7/site-packages/airflow/example_dags/example_short_circuit_decorator.py took 0.216 seconds
[2023-07-27T02:09:37.830+0000] {processor.py:157} INFO - Started process (PID=5961) to work on /home/airflow/.local/lib/python3.7/site-packages/airflow/example_dags/example_short_circuit_decorator.py
[2023-07-27T02:09:37.832+0000] {processor.py:826} INFO - Processing file /home/airflow/.local/lib/python3.7/site-packages/airflow/example_dags/example_short_circuit_decorator.py for tasks to queue
[2023-07-27T02:09:37.833+0000] {logging_mixin.py:150} INFO - [2023-07-27T02:09:37.833+0000] {dagbag.py:541} INFO - Filling up the DagBag from /home/airflow/.local/lib/python3.7/site-packages/airflow/example_dags/example_short_circuit_decorator.py
[2023-07-27T02:09:37.844+0000] {processor.py:836} INFO - DAG(s) dict_keys(['example_short_circuit_decorator']) retrieved from /home/airflow/.local/lib/python3.7/site-packages/airflow/example_dags/example_short_circuit_decorator.py
[2023-07-27T02:09:37.872+0000] {logging_mixin.py:150} INFO - [2023-07-27T02:09:37.872+0000] {dag.py:2742} INFO - Sync 1 DAGs
[2023-07-27T02:09:37.900+0000] {logging_mixin.py:150} INFO - [2023-07-27T02:09:37.900+0000] {dag.py:3508} INFO - Setting next_dagrun for example_short_circuit_decorator to 2023-07-26T02:09:37.900116+00:00, run_after=2023-07-27T02:09:37.900116+00:00
[2023-07-27T02:09:37.924+0000] {processor.py:179} INFO - Processing /home/airflow/.local/lib/python3.7/site-packages/airflow/example_dags/example_short_circuit_decorator.py took 0.098 seconds
[2023-07-27T02:10:08.501+0000] {processor.py:157} INFO - Started process (PID=6021) to work on /home/airflow/.local/lib/python3.7/site-packages/airflow/example_dags/example_short_circuit_decorator.py
[2023-07-27T02:10:08.503+0000] {processor.py:826} INFO - Processing file /home/airflow/.local/lib/python3.7/site-packages/airflow/example_dags/example_short_circuit_decorator.py for tasks to queue
[2023-07-27T02:10:08.504+0000] {logging_mixin.py:150} INFO - [2023-07-27T02:10:08.504+0000] {dagbag.py:541} INFO - Filling up the DagBag from /home/airflow/.local/lib/python3.7/site-packages/airflow/example_dags/example_short_circuit_decorator.py
[2023-07-27T02:10:08.517+0000] {processor.py:836} INFO - DAG(s) dict_keys(['example_short_circuit_decorator']) retrieved from /home/airflow/.local/lib/python3.7/site-packages/airflow/example_dags/example_short_circuit_decorator.py
[2023-07-27T02:10:08.551+0000] {logging_mixin.py:150} INFO - [2023-07-27T02:10:08.550+0000] {dag.py:2742} INFO - Sync 1 DAGs
[2023-07-27T02:10:08.701+0000] {logging_mixin.py:150} INFO - [2023-07-27T02:10:08.701+0000] {dag.py:3508} INFO - Setting next_dagrun for example_short_circuit_decorator to 2023-07-26T02:10:08.701385+00:00, run_after=2023-07-27T02:10:08.701385+00:00
[2023-07-27T02:10:08.726+0000] {processor.py:179} INFO - Processing /home/airflow/.local/lib/python3.7/site-packages/airflow/example_dags/example_short_circuit_decorator.py took 0.229 seconds
[2023-07-27T02:10:39.305+0000] {processor.py:157} INFO - Started process (PID=6082) to work on /home/airflow/.local/lib/python3.7/site-packages/airflow/example_dags/example_short_circuit_decorator.py
[2023-07-27T02:10:39.307+0000] {processor.py:826} INFO - Processing file /home/airflow/.local/lib/python3.7/site-packages/airflow/example_dags/example_short_circuit_decorator.py for tasks to queue
[2023-07-27T02:10:39.308+0000] {logging_mixin.py:150} INFO - [2023-07-27T02:10:39.307+0000] {dagbag.py:541} INFO - Filling up the DagBag from /home/airflow/.local/lib/python3.7/site-packages/airflow/example_dags/example_short_circuit_decorator.py
[2023-07-27T02:10:39.321+0000] {processor.py:836} INFO - DAG(s) dict_keys(['example_short_circuit_decorator']) retrieved from /home/airflow/.local/lib/python3.7/site-packages/airflow/example_dags/example_short_circuit_decorator.py
[2023-07-27T02:10:39.355+0000] {logging_mixin.py:150} INFO - [2023-07-27T02:10:39.354+0000] {dag.py:2742} INFO - Sync 1 DAGs
[2023-07-27T02:10:39.390+0000] {logging_mixin.py:150} INFO - [2023-07-27T02:10:39.389+0000] {dag.py:3508} INFO - Setting next_dagrun for example_short_circuit_decorator to 2023-07-26T02:10:39.389532+00:00, run_after=2023-07-27T02:10:39.389532+00:00
[2023-07-27T02:10:39.549+0000] {processor.py:179} INFO - Processing /home/airflow/.local/lib/python3.7/site-packages/airflow/example_dags/example_short_circuit_decorator.py took 0.247 seconds
