[2023-07-27T01:39:08.511+0000] {processor.py:157} INFO - Started process (PID=2365) to work on /home/airflow/.local/lib/python3.7/site-packages/airflow/example_dags/example_branch_operator.py
[2023-07-27T01:39:08.516+0000] {processor.py:826} INFO - Processing file /home/airflow/.local/lib/python3.7/site-packages/airflow/example_dags/example_branch_operator.py for tasks to queue
[2023-07-27T01:39:08.525+0000] {logging_mixin.py:150} INFO - [2023-07-27T01:39:08.523+0000] {dagbag.py:541} INFO - Filling up the DagBag from /home/airflow/.local/lib/python3.7/site-packages/airflow/example_dags/example_branch_operator.py
[2023-07-27T01:39:08.548+0000] {processor.py:836} INFO - DAG(s) dict_keys(['example_branch_operator']) retrieved from /home/airflow/.local/lib/python3.7/site-packages/airflow/example_dags/example_branch_operator.py
[2023-07-27T01:39:08.602+0000] {logging_mixin.py:150} INFO - [2023-07-27T01:39:08.602+0000] {dag.py:2742} INFO - Sync 1 DAGs
[2023-07-27T01:39:08.658+0000] {logging_mixin.py:150} INFO - [2023-07-27T01:39:08.658+0000] {dag.py:3508} INFO - Setting next_dagrun for example_branch_operator to 2023-07-26T00:00:00+00:00, run_after=2023-07-27T00:00:00+00:00
[2023-07-27T01:39:08.810+0000] {processor.py:179} INFO - Processing /home/airflow/.local/lib/python3.7/site-packages/airflow/example_dags/example_branch_operator.py took 0.304 seconds
[2023-07-27T01:39:39.239+0000] {processor.py:157} INFO - Started process (PID=2425) to work on /home/airflow/.local/lib/python3.7/site-packages/airflow/example_dags/example_branch_operator.py
[2023-07-27T01:39:39.240+0000] {processor.py:826} INFO - Processing file /home/airflow/.local/lib/python3.7/site-packages/airflow/example_dags/example_branch_operator.py for tasks to queue
[2023-07-27T01:39:39.241+0000] {logging_mixin.py:150} INFO - [2023-07-27T01:39:39.241+0000] {dagbag.py:541} INFO - Filling up the DagBag from /home/airflow/.local/lib/python3.7/site-packages/airflow/example_dags/example_branch_operator.py
[2023-07-27T01:39:39.252+0000] {processor.py:836} INFO - DAG(s) dict_keys(['example_branch_operator']) retrieved from /home/airflow/.local/lib/python3.7/site-packages/airflow/example_dags/example_branch_operator.py
[2023-07-27T01:39:39.283+0000] {logging_mixin.py:150} INFO - [2023-07-27T01:39:39.282+0000] {dag.py:2742} INFO - Sync 1 DAGs
[2023-07-27T01:39:39.313+0000] {logging_mixin.py:150} INFO - [2023-07-27T01:39:39.313+0000] {dag.py:3508} INFO - Setting next_dagrun for example_branch_operator to 2023-07-26T00:00:00+00:00, run_after=2023-07-27T00:00:00+00:00
[2023-07-27T01:39:39.336+0000] {processor.py:179} INFO - Processing /home/airflow/.local/lib/python3.7/site-packages/airflow/example_dags/example_branch_operator.py took 0.101 seconds
[2023-07-27T01:40:10.204+0000] {processor.py:157} INFO - Started process (PID=2485) to work on /home/airflow/.local/lib/python3.7/site-packages/airflow/example_dags/example_branch_operator.py
[2023-07-27T01:40:10.206+0000] {processor.py:826} INFO - Processing file /home/airflow/.local/lib/python3.7/site-packages/airflow/example_dags/example_branch_operator.py for tasks to queue
[2023-07-27T01:40:10.207+0000] {logging_mixin.py:150} INFO - [2023-07-27T01:40:10.207+0000] {dagbag.py:541} INFO - Filling up the DagBag from /home/airflow/.local/lib/python3.7/site-packages/airflow/example_dags/example_branch_operator.py
[2023-07-27T01:40:10.221+0000] {processor.py:836} INFO - DAG(s) dict_keys(['example_branch_operator']) retrieved from /home/airflow/.local/lib/python3.7/site-packages/airflow/example_dags/example_branch_operator.py
[2023-07-27T01:40:10.258+0000] {logging_mixin.py:150} INFO - [2023-07-27T01:40:10.258+0000] {dag.py:2742} INFO - Sync 1 DAGs
[2023-07-27T01:40:10.298+0000] {logging_mixin.py:150} INFO - [2023-07-27T01:40:10.298+0000] {dag.py:3508} INFO - Setting next_dagrun for example_branch_operator to 2023-07-26T00:00:00+00:00, run_after=2023-07-27T00:00:00+00:00
[2023-07-27T01:40:10.329+0000] {processor.py:179} INFO - Processing /home/airflow/.local/lib/python3.7/site-packages/airflow/example_dags/example_branch_operator.py took 0.128 seconds
[2023-07-27T01:40:40.692+0000] {processor.py:157} INFO - Started process (PID=2546) to work on /home/airflow/.local/lib/python3.7/site-packages/airflow/example_dags/example_branch_operator.py
[2023-07-27T01:40:40.694+0000] {processor.py:826} INFO - Processing file /home/airflow/.local/lib/python3.7/site-packages/airflow/example_dags/example_branch_operator.py for tasks to queue
[2023-07-27T01:40:40.695+0000] {logging_mixin.py:150} INFO - [2023-07-27T01:40:40.694+0000] {dagbag.py:541} INFO - Filling up the DagBag from /home/airflow/.local/lib/python3.7/site-packages/airflow/example_dags/example_branch_operator.py
[2023-07-27T01:40:40.705+0000] {processor.py:836} INFO - DAG(s) dict_keys(['example_branch_operator']) retrieved from /home/airflow/.local/lib/python3.7/site-packages/airflow/example_dags/example_branch_operator.py
[2023-07-27T01:40:40.735+0000] {logging_mixin.py:150} INFO - [2023-07-27T01:40:40.734+0000] {dag.py:2742} INFO - Sync 1 DAGs
[2023-07-27T01:40:40.764+0000] {logging_mixin.py:150} INFO - [2023-07-27T01:40:40.764+0000] {dag.py:3508} INFO - Setting next_dagrun for example_branch_operator to 2023-07-26T00:00:00+00:00, run_after=2023-07-27T00:00:00+00:00
[2023-07-27T01:40:40.787+0000] {processor.py:179} INFO - Processing /home/airflow/.local/lib/python3.7/site-packages/airflow/example_dags/example_branch_operator.py took 0.098 seconds
[2023-07-27T01:41:11.686+0000] {processor.py:157} INFO - Started process (PID=2606) to work on /home/airflow/.local/lib/python3.7/site-packages/airflow/example_dags/example_branch_operator.py
[2023-07-27T01:41:11.687+0000] {processor.py:826} INFO - Processing file /home/airflow/.local/lib/python3.7/site-packages/airflow/example_dags/example_branch_operator.py for tasks to queue
[2023-07-27T01:41:11.689+0000] {logging_mixin.py:150} INFO - [2023-07-27T01:41:11.688+0000] {dagbag.py:541} INFO - Filling up the DagBag from /home/airflow/.local/lib/python3.7/site-packages/airflow/example_dags/example_branch_operator.py
[2023-07-27T01:41:11.701+0000] {processor.py:836} INFO - DAG(s) dict_keys(['example_branch_operator']) retrieved from /home/airflow/.local/lib/python3.7/site-packages/airflow/example_dags/example_branch_operator.py
[2023-07-27T01:41:11.736+0000] {logging_mixin.py:150} INFO - [2023-07-27T01:41:11.735+0000] {dag.py:2742} INFO - Sync 1 DAGs
[2023-07-27T01:41:11.767+0000] {logging_mixin.py:150} INFO - [2023-07-27T01:41:11.767+0000] {dag.py:3508} INFO - Setting next_dagrun for example_branch_operator to 2023-07-26T00:00:00+00:00, run_after=2023-07-27T00:00:00+00:00
[2023-07-27T01:41:11.789+0000] {processor.py:179} INFO - Processing /home/airflow/.local/lib/python3.7/site-packages/airflow/example_dags/example_branch_operator.py took 0.107 seconds
[2023-07-27T01:41:42.062+0000] {processor.py:157} INFO - Started process (PID=2667) to work on /home/airflow/.local/lib/python3.7/site-packages/airflow/example_dags/example_branch_operator.py
[2023-07-27T01:41:42.064+0000] {processor.py:826} INFO - Processing file /home/airflow/.local/lib/python3.7/site-packages/airflow/example_dags/example_branch_operator.py for tasks to queue
[2023-07-27T01:41:42.066+0000] {logging_mixin.py:150} INFO - [2023-07-27T01:41:42.065+0000] {dagbag.py:541} INFO - Filling up the DagBag from /home/airflow/.local/lib/python3.7/site-packages/airflow/example_dags/example_branch_operator.py
[2023-07-27T01:41:42.076+0000] {processor.py:836} INFO - DAG(s) dict_keys(['example_branch_operator']) retrieved from /home/airflow/.local/lib/python3.7/site-packages/airflow/example_dags/example_branch_operator.py
[2023-07-27T01:41:42.108+0000] {logging_mixin.py:150} INFO - [2023-07-27T01:41:42.108+0000] {dag.py:2742} INFO - Sync 1 DAGs
[2023-07-27T01:41:42.139+0000] {logging_mixin.py:150} INFO - [2023-07-27T01:41:42.139+0000] {dag.py:3508} INFO - Setting next_dagrun for example_branch_operator to 2023-07-26T00:00:00+00:00, run_after=2023-07-27T00:00:00+00:00
[2023-07-27T01:41:42.161+0000] {processor.py:179} INFO - Processing /home/airflow/.local/lib/python3.7/site-packages/airflow/example_dags/example_branch_operator.py took 0.103 seconds
[2023-07-27T01:42:12.755+0000] {processor.py:157} INFO - Started process (PID=2726) to work on /home/airflow/.local/lib/python3.7/site-packages/airflow/example_dags/example_branch_operator.py
[2023-07-27T01:42:12.756+0000] {processor.py:826} INFO - Processing file /home/airflow/.local/lib/python3.7/site-packages/airflow/example_dags/example_branch_operator.py for tasks to queue
[2023-07-27T01:42:12.757+0000] {logging_mixin.py:150} INFO - [2023-07-27T01:42:12.757+0000] {dagbag.py:541} INFO - Filling up the DagBag from /home/airflow/.local/lib/python3.7/site-packages/airflow/example_dags/example_branch_operator.py
[2023-07-27T01:42:12.768+0000] {processor.py:836} INFO - DAG(s) dict_keys(['example_branch_operator']) retrieved from /home/airflow/.local/lib/python3.7/site-packages/airflow/example_dags/example_branch_operator.py
[2023-07-27T01:42:12.796+0000] {logging_mixin.py:150} INFO - [2023-07-27T01:42:12.796+0000] {dag.py:2742} INFO - Sync 1 DAGs
[2023-07-27T01:42:12.825+0000] {logging_mixin.py:150} INFO - [2023-07-27T01:42:12.825+0000] {dag.py:3508} INFO - Setting next_dagrun for example_branch_operator to 2023-07-26T00:00:00+00:00, run_after=2023-07-27T00:00:00+00:00
[2023-07-27T01:42:12.850+0000] {processor.py:179} INFO - Processing /home/airflow/.local/lib/python3.7/site-packages/airflow/example_dags/example_branch_operator.py took 0.099 seconds
[2023-07-27T01:42:43.709+0000] {processor.py:157} INFO - Started process (PID=2787) to work on /home/airflow/.local/lib/python3.7/site-packages/airflow/example_dags/example_branch_operator.py
[2023-07-27T01:42:43.710+0000] {processor.py:826} INFO - Processing file /home/airflow/.local/lib/python3.7/site-packages/airflow/example_dags/example_branch_operator.py for tasks to queue
[2023-07-27T01:42:43.711+0000] {logging_mixin.py:150} INFO - [2023-07-27T01:42:43.711+0000] {dagbag.py:541} INFO - Filling up the DagBag from /home/airflow/.local/lib/python3.7/site-packages/airflow/example_dags/example_branch_operator.py
[2023-07-27T01:42:43.721+0000] {processor.py:836} INFO - DAG(s) dict_keys(['example_branch_operator']) retrieved from /home/airflow/.local/lib/python3.7/site-packages/airflow/example_dags/example_branch_operator.py
[2023-07-27T01:42:43.751+0000] {logging_mixin.py:150} INFO - [2023-07-27T01:42:43.751+0000] {dag.py:2742} INFO - Sync 1 DAGs
[2023-07-27T01:42:43.785+0000] {logging_mixin.py:150} INFO - [2023-07-27T01:42:43.784+0000] {dag.py:3508} INFO - Setting next_dagrun for example_branch_operator to 2023-07-26T00:00:00+00:00, run_after=2023-07-27T00:00:00+00:00
[2023-07-27T01:42:43.823+0000] {processor.py:179} INFO - Processing /home/airflow/.local/lib/python3.7/site-packages/airflow/example_dags/example_branch_operator.py took 0.117 seconds
[2023-07-27T01:43:14.035+0000] {processor.py:157} INFO - Started process (PID=2855) to work on /home/airflow/.local/lib/python3.7/site-packages/airflow/example_dags/example_branch_operator.py
[2023-07-27T01:43:14.036+0000] {processor.py:826} INFO - Processing file /home/airflow/.local/lib/python3.7/site-packages/airflow/example_dags/example_branch_operator.py for tasks to queue
[2023-07-27T01:43:14.037+0000] {logging_mixin.py:150} INFO - [2023-07-27T01:43:14.037+0000] {dagbag.py:541} INFO - Filling up the DagBag from /home/airflow/.local/lib/python3.7/site-packages/airflow/example_dags/example_branch_operator.py
[2023-07-27T01:43:14.048+0000] {processor.py:836} INFO - DAG(s) dict_keys(['example_branch_operator']) retrieved from /home/airflow/.local/lib/python3.7/site-packages/airflow/example_dags/example_branch_operator.py
[2023-07-27T01:43:14.075+0000] {logging_mixin.py:150} INFO - [2023-07-27T01:43:14.075+0000] {dag.py:2742} INFO - Sync 1 DAGs
[2023-07-27T01:43:14.107+0000] {logging_mixin.py:150} INFO - [2023-07-27T01:43:14.107+0000] {dag.py:3508} INFO - Setting next_dagrun for example_branch_operator to 2023-07-26T00:00:00+00:00, run_after=2023-07-27T00:00:00+00:00
[2023-07-27T01:43:14.130+0000] {processor.py:179} INFO - Processing /home/airflow/.local/lib/python3.7/site-packages/airflow/example_dags/example_branch_operator.py took 0.098 seconds
[2023-07-27T01:43:44.204+0000] {processor.py:157} INFO - Started process (PID=2915) to work on /home/airflow/.local/lib/python3.7/site-packages/airflow/example_dags/example_branch_operator.py
[2023-07-27T01:43:44.205+0000] {processor.py:826} INFO - Processing file /home/airflow/.local/lib/python3.7/site-packages/airflow/example_dags/example_branch_operator.py for tasks to queue
[2023-07-27T01:43:44.206+0000] {logging_mixin.py:150} INFO - [2023-07-27T01:43:44.206+0000] {dagbag.py:541} INFO - Filling up the DagBag from /home/airflow/.local/lib/python3.7/site-packages/airflow/example_dags/example_branch_operator.py
[2023-07-27T01:43:44.216+0000] {processor.py:836} INFO - DAG(s) dict_keys(['example_branch_operator']) retrieved from /home/airflow/.local/lib/python3.7/site-packages/airflow/example_dags/example_branch_operator.py
[2023-07-27T01:43:44.243+0000] {logging_mixin.py:150} INFO - [2023-07-27T01:43:44.243+0000] {dag.py:2742} INFO - Sync 1 DAGs
[2023-07-27T01:43:44.272+0000] {logging_mixin.py:150} INFO - [2023-07-27T01:43:44.271+0000] {dag.py:3508} INFO - Setting next_dagrun for example_branch_operator to 2023-07-26T00:00:00+00:00, run_after=2023-07-27T00:00:00+00:00
[2023-07-27T01:43:44.303+0000] {processor.py:179} INFO - Processing /home/airflow/.local/lib/python3.7/site-packages/airflow/example_dags/example_branch_operator.py took 0.103 seconds
[2023-07-27T01:44:15.307+0000] {processor.py:157} INFO - Started process (PID=2975) to work on /home/airflow/.local/lib/python3.7/site-packages/airflow/example_dags/example_branch_operator.py
[2023-07-27T01:44:15.308+0000] {processor.py:826} INFO - Processing file /home/airflow/.local/lib/python3.7/site-packages/airflow/example_dags/example_branch_operator.py for tasks to queue
[2023-07-27T01:44:15.309+0000] {logging_mixin.py:150} INFO - [2023-07-27T01:44:15.308+0000] {dagbag.py:541} INFO - Filling up the DagBag from /home/airflow/.local/lib/python3.7/site-packages/airflow/example_dags/example_branch_operator.py
[2023-07-27T01:44:15.319+0000] {processor.py:836} INFO - DAG(s) dict_keys(['example_branch_operator']) retrieved from /home/airflow/.local/lib/python3.7/site-packages/airflow/example_dags/example_branch_operator.py
[2023-07-27T01:44:15.348+0000] {logging_mixin.py:150} INFO - [2023-07-27T01:44:15.348+0000] {dag.py:2742} INFO - Sync 1 DAGs
[2023-07-27T01:44:15.377+0000] {logging_mixin.py:150} INFO - [2023-07-27T01:44:15.377+0000] {dag.py:3508} INFO - Setting next_dagrun for example_branch_operator to 2023-07-26T00:00:00+00:00, run_after=2023-07-27T00:00:00+00:00
[2023-07-27T01:44:15.400+0000] {processor.py:179} INFO - Processing /home/airflow/.local/lib/python3.7/site-packages/airflow/example_dags/example_branch_operator.py took 0.097 seconds
[2023-07-27T01:44:45.849+0000] {processor.py:157} INFO - Started process (PID=3035) to work on /home/airflow/.local/lib/python3.7/site-packages/airflow/example_dags/example_branch_operator.py
[2023-07-27T01:44:45.851+0000] {processor.py:826} INFO - Processing file /home/airflow/.local/lib/python3.7/site-packages/airflow/example_dags/example_branch_operator.py for tasks to queue
[2023-07-27T01:44:45.852+0000] {logging_mixin.py:150} INFO - [2023-07-27T01:44:45.852+0000] {dagbag.py:541} INFO - Filling up the DagBag from /home/airflow/.local/lib/python3.7/site-packages/airflow/example_dags/example_branch_operator.py
[2023-07-27T01:44:45.862+0000] {processor.py:836} INFO - DAG(s) dict_keys(['example_branch_operator']) retrieved from /home/airflow/.local/lib/python3.7/site-packages/airflow/example_dags/example_branch_operator.py
[2023-07-27T01:44:45.892+0000] {logging_mixin.py:150} INFO - [2023-07-27T01:44:45.891+0000] {dag.py:2742} INFO - Sync 1 DAGs
[2023-07-27T01:44:45.921+0000] {logging_mixin.py:150} INFO - [2023-07-27T01:44:45.921+0000] {dag.py:3508} INFO - Setting next_dagrun for example_branch_operator to 2023-07-26T00:00:00+00:00, run_after=2023-07-27T00:00:00+00:00
[2023-07-27T01:44:45.945+0000] {processor.py:179} INFO - Processing /home/airflow/.local/lib/python3.7/site-packages/airflow/example_dags/example_branch_operator.py took 0.099 seconds
[2023-07-27T01:45:16.091+0000] {processor.py:157} INFO - Started process (PID=3096) to work on /home/airflow/.local/lib/python3.7/site-packages/airflow/example_dags/example_branch_operator.py
[2023-07-27T01:45:16.092+0000] {processor.py:826} INFO - Processing file /home/airflow/.local/lib/python3.7/site-packages/airflow/example_dags/example_branch_operator.py for tasks to queue
[2023-07-27T01:45:16.093+0000] {logging_mixin.py:150} INFO - [2023-07-27T01:45:16.093+0000] {dagbag.py:541} INFO - Filling up the DagBag from /home/airflow/.local/lib/python3.7/site-packages/airflow/example_dags/example_branch_operator.py
[2023-07-27T01:45:16.104+0000] {processor.py:836} INFO - DAG(s) dict_keys(['example_branch_operator']) retrieved from /home/airflow/.local/lib/python3.7/site-packages/airflow/example_dags/example_branch_operator.py
[2023-07-27T01:45:16.136+0000] {logging_mixin.py:150} INFO - [2023-07-27T01:45:16.135+0000] {dag.py:2742} INFO - Sync 1 DAGs
[2023-07-27T01:45:16.180+0000] {logging_mixin.py:150} INFO - [2023-07-27T01:45:16.180+0000] {dag.py:3508} INFO - Setting next_dagrun for example_branch_operator to 2023-07-26T00:00:00+00:00, run_after=2023-07-27T00:00:00+00:00
[2023-07-27T01:45:16.209+0000] {processor.py:179} INFO - Processing /home/airflow/.local/lib/python3.7/site-packages/airflow/example_dags/example_branch_operator.py took 0.121 seconds
[2023-07-27T01:45:46.874+0000] {processor.py:157} INFO - Started process (PID=3156) to work on /home/airflow/.local/lib/python3.7/site-packages/airflow/example_dags/example_branch_operator.py
[2023-07-27T01:45:46.875+0000] {processor.py:826} INFO - Processing file /home/airflow/.local/lib/python3.7/site-packages/airflow/example_dags/example_branch_operator.py for tasks to queue
[2023-07-27T01:45:46.876+0000] {logging_mixin.py:150} INFO - [2023-07-27T01:45:46.876+0000] {dagbag.py:541} INFO - Filling up the DagBag from /home/airflow/.local/lib/python3.7/site-packages/airflow/example_dags/example_branch_operator.py
[2023-07-27T01:45:46.886+0000] {processor.py:836} INFO - DAG(s) dict_keys(['example_branch_operator']) retrieved from /home/airflow/.local/lib/python3.7/site-packages/airflow/example_dags/example_branch_operator.py
[2023-07-27T01:45:46.915+0000] {logging_mixin.py:150} INFO - [2023-07-27T01:45:46.915+0000] {dag.py:2742} INFO - Sync 1 DAGs
[2023-07-27T01:45:46.945+0000] {logging_mixin.py:150} INFO - [2023-07-27T01:45:46.944+0000] {dag.py:3508} INFO - Setting next_dagrun for example_branch_operator to 2023-07-26T00:00:00+00:00, run_after=2023-07-27T00:00:00+00:00
[2023-07-27T01:45:46.968+0000] {processor.py:179} INFO - Processing /home/airflow/.local/lib/python3.7/site-packages/airflow/example_dags/example_branch_operator.py took 0.098 seconds
[2023-07-27T01:46:17.303+0000] {processor.py:157} INFO - Started process (PID=3209) to work on /home/airflow/.local/lib/python3.7/site-packages/airflow/example_dags/example_branch_operator.py
[2023-07-27T01:46:17.304+0000] {processor.py:826} INFO - Processing file /home/airflow/.local/lib/python3.7/site-packages/airflow/example_dags/example_branch_operator.py for tasks to queue
[2023-07-27T01:46:17.305+0000] {logging_mixin.py:150} INFO - [2023-07-27T01:46:17.305+0000] {dagbag.py:541} INFO - Filling up the DagBag from /home/airflow/.local/lib/python3.7/site-packages/airflow/example_dags/example_branch_operator.py
[2023-07-27T01:46:17.315+0000] {processor.py:836} INFO - DAG(s) dict_keys(['example_branch_operator']) retrieved from /home/airflow/.local/lib/python3.7/site-packages/airflow/example_dags/example_branch_operator.py
[2023-07-27T01:46:17.346+0000] {logging_mixin.py:150} INFO - [2023-07-27T01:46:17.345+0000] {dag.py:2742} INFO - Sync 1 DAGs
[2023-07-27T01:46:17.375+0000] {logging_mixin.py:150} INFO - [2023-07-27T01:46:17.374+0000] {dag.py:3508} INFO - Setting next_dagrun for example_branch_operator to 2023-07-26T00:00:00+00:00, run_after=2023-07-27T00:00:00+00:00
[2023-07-27T01:46:17.398+0000] {processor.py:179} INFO - Processing /home/airflow/.local/lib/python3.7/site-packages/airflow/example_dags/example_branch_operator.py took 0.099 seconds
[2023-07-27T01:46:48.074+0000] {processor.py:157} INFO - Started process (PID=3270) to work on /home/airflow/.local/lib/python3.7/site-packages/airflow/example_dags/example_branch_operator.py
[2023-07-27T01:46:48.076+0000] {processor.py:826} INFO - Processing file /home/airflow/.local/lib/python3.7/site-packages/airflow/example_dags/example_branch_operator.py for tasks to queue
[2023-07-27T01:46:48.077+0000] {logging_mixin.py:150} INFO - [2023-07-27T01:46:48.076+0000] {dagbag.py:541} INFO - Filling up the DagBag from /home/airflow/.local/lib/python3.7/site-packages/airflow/example_dags/example_branch_operator.py
[2023-07-27T01:46:48.087+0000] {processor.py:836} INFO - DAG(s) dict_keys(['example_branch_operator']) retrieved from /home/airflow/.local/lib/python3.7/site-packages/airflow/example_dags/example_branch_operator.py
[2023-07-27T01:46:48.115+0000] {logging_mixin.py:150} INFO - [2023-07-27T01:46:48.115+0000] {dag.py:2742} INFO - Sync 1 DAGs
[2023-07-27T01:46:48.144+0000] {logging_mixin.py:150} INFO - [2023-07-27T01:46:48.144+0000] {dag.py:3508} INFO - Setting next_dagrun for example_branch_operator to 2023-07-26T00:00:00+00:00, run_after=2023-07-27T00:00:00+00:00
[2023-07-27T01:46:48.177+0000] {processor.py:179} INFO - Processing /home/airflow/.local/lib/python3.7/site-packages/airflow/example_dags/example_branch_operator.py took 0.106 seconds
[2023-07-27T01:47:18.531+0000] {processor.py:157} INFO - Started process (PID=3329) to work on /home/airflow/.local/lib/python3.7/site-packages/airflow/example_dags/example_branch_operator.py
[2023-07-27T01:47:18.532+0000] {processor.py:826} INFO - Processing file /home/airflow/.local/lib/python3.7/site-packages/airflow/example_dags/example_branch_operator.py for tasks to queue
[2023-07-27T01:47:18.533+0000] {logging_mixin.py:150} INFO - [2023-07-27T01:47:18.533+0000] {dagbag.py:541} INFO - Filling up the DagBag from /home/airflow/.local/lib/python3.7/site-packages/airflow/example_dags/example_branch_operator.py
[2023-07-27T01:47:18.543+0000] {processor.py:836} INFO - DAG(s) dict_keys(['example_branch_operator']) retrieved from /home/airflow/.local/lib/python3.7/site-packages/airflow/example_dags/example_branch_operator.py
[2023-07-27T01:47:18.573+0000] {logging_mixin.py:150} INFO - [2023-07-27T01:47:18.573+0000] {dag.py:2742} INFO - Sync 1 DAGs
[2023-07-27T01:47:18.604+0000] {logging_mixin.py:150} INFO - [2023-07-27T01:47:18.603+0000] {dag.py:3508} INFO - Setting next_dagrun for example_branch_operator to 2023-07-26T00:00:00+00:00, run_after=2023-07-27T00:00:00+00:00
[2023-07-27T01:47:18.628+0000] {processor.py:179} INFO - Processing /home/airflow/.local/lib/python3.7/site-packages/airflow/example_dags/example_branch_operator.py took 0.101 seconds
[2023-07-27T01:47:49.476+0000] {processor.py:157} INFO - Started process (PID=3389) to work on /home/airflow/.local/lib/python3.7/site-packages/airflow/example_dags/example_branch_operator.py
[2023-07-27T01:47:49.477+0000] {processor.py:826} INFO - Processing file /home/airflow/.local/lib/python3.7/site-packages/airflow/example_dags/example_branch_operator.py for tasks to queue
[2023-07-27T01:47:49.478+0000] {logging_mixin.py:150} INFO - [2023-07-27T01:47:49.478+0000] {dagbag.py:541} INFO - Filling up the DagBag from /home/airflow/.local/lib/python3.7/site-packages/airflow/example_dags/example_branch_operator.py
[2023-07-27T01:47:49.488+0000] {processor.py:836} INFO - DAG(s) dict_keys(['example_branch_operator']) retrieved from /home/airflow/.local/lib/python3.7/site-packages/airflow/example_dags/example_branch_operator.py
[2023-07-27T01:47:49.519+0000] {logging_mixin.py:150} INFO - [2023-07-27T01:47:49.519+0000] {dag.py:2742} INFO - Sync 1 DAGs
[2023-07-27T01:47:49.549+0000] {logging_mixin.py:150} INFO - [2023-07-27T01:47:49.548+0000] {dag.py:3508} INFO - Setting next_dagrun for example_branch_operator to 2023-07-26T00:00:00+00:00, run_after=2023-07-27T00:00:00+00:00
[2023-07-27T01:47:49.571+0000] {processor.py:179} INFO - Processing /home/airflow/.local/lib/python3.7/site-packages/airflow/example_dags/example_branch_operator.py took 0.099 seconds
[2023-07-27T01:48:19.926+0000] {processor.py:157} INFO - Started process (PID=3449) to work on /home/airflow/.local/lib/python3.7/site-packages/airflow/example_dags/example_branch_operator.py
[2023-07-27T01:48:19.927+0000] {processor.py:826} INFO - Processing file /home/airflow/.local/lib/python3.7/site-packages/airflow/example_dags/example_branch_operator.py for tasks to queue
[2023-07-27T01:48:19.928+0000] {logging_mixin.py:150} INFO - [2023-07-27T01:48:19.928+0000] {dagbag.py:541} INFO - Filling up the DagBag from /home/airflow/.local/lib/python3.7/site-packages/airflow/example_dags/example_branch_operator.py
[2023-07-27T01:48:19.938+0000] {processor.py:836} INFO - DAG(s) dict_keys(['example_branch_operator']) retrieved from /home/airflow/.local/lib/python3.7/site-packages/airflow/example_dags/example_branch_operator.py
[2023-07-27T01:48:19.967+0000] {logging_mixin.py:150} INFO - [2023-07-27T01:48:19.967+0000] {dag.py:2742} INFO - Sync 1 DAGs
[2023-07-27T01:48:19.998+0000] {logging_mixin.py:150} INFO - [2023-07-27T01:48:19.997+0000] {dag.py:3508} INFO - Setting next_dagrun for example_branch_operator to 2023-07-26T00:00:00+00:00, run_after=2023-07-27T00:00:00+00:00
[2023-07-27T01:48:20.021+0000] {processor.py:179} INFO - Processing /home/airflow/.local/lib/python3.7/site-packages/airflow/example_dags/example_branch_operator.py took 0.099 seconds
[2023-07-27T01:48:50.216+0000] {processor.py:157} INFO - Started process (PID=3510) to work on /home/airflow/.local/lib/python3.7/site-packages/airflow/example_dags/example_branch_operator.py
[2023-07-27T01:48:50.217+0000] {processor.py:826} INFO - Processing file /home/airflow/.local/lib/python3.7/site-packages/airflow/example_dags/example_branch_operator.py for tasks to queue
[2023-07-27T01:48:50.218+0000] {logging_mixin.py:150} INFO - [2023-07-27T01:48:50.218+0000] {dagbag.py:541} INFO - Filling up the DagBag from /home/airflow/.local/lib/python3.7/site-packages/airflow/example_dags/example_branch_operator.py
[2023-07-27T01:48:50.229+0000] {processor.py:836} INFO - DAG(s) dict_keys(['example_branch_operator']) retrieved from /home/airflow/.local/lib/python3.7/site-packages/airflow/example_dags/example_branch_operator.py
[2023-07-27T01:48:50.256+0000] {logging_mixin.py:150} INFO - [2023-07-27T01:48:50.256+0000] {dag.py:2742} INFO - Sync 1 DAGs
[2023-07-27T01:48:50.286+0000] {logging_mixin.py:150} INFO - [2023-07-27T01:48:50.286+0000] {dag.py:3508} INFO - Setting next_dagrun for example_branch_operator to 2023-07-26T00:00:00+00:00, run_after=2023-07-27T00:00:00+00:00
[2023-07-27T01:48:50.309+0000] {processor.py:179} INFO - Processing /home/airflow/.local/lib/python3.7/site-packages/airflow/example_dags/example_branch_operator.py took 0.097 seconds
[2023-07-27T01:49:20.543+0000] {processor.py:157} INFO - Started process (PID=3570) to work on /home/airflow/.local/lib/python3.7/site-packages/airflow/example_dags/example_branch_operator.py
[2023-07-27T01:49:20.544+0000] {processor.py:826} INFO - Processing file /home/airflow/.local/lib/python3.7/site-packages/airflow/example_dags/example_branch_operator.py for tasks to queue
[2023-07-27T01:49:20.545+0000] {logging_mixin.py:150} INFO - [2023-07-27T01:49:20.545+0000] {dagbag.py:541} INFO - Filling up the DagBag from /home/airflow/.local/lib/python3.7/site-packages/airflow/example_dags/example_branch_operator.py
[2023-07-27T01:49:20.556+0000] {processor.py:836} INFO - DAG(s) dict_keys(['example_branch_operator']) retrieved from /home/airflow/.local/lib/python3.7/site-packages/airflow/example_dags/example_branch_operator.py
[2023-07-27T01:49:20.587+0000] {logging_mixin.py:150} INFO - [2023-07-27T01:49:20.587+0000] {dag.py:2742} INFO - Sync 1 DAGs
[2023-07-27T01:49:20.618+0000] {logging_mixin.py:150} INFO - [2023-07-27T01:49:20.618+0000] {dag.py:3508} INFO - Setting next_dagrun for example_branch_operator to 2023-07-26T00:00:00+00:00, run_after=2023-07-27T00:00:00+00:00
[2023-07-27T01:49:20.640+0000] {processor.py:179} INFO - Processing /home/airflow/.local/lib/python3.7/site-packages/airflow/example_dags/example_branch_operator.py took 0.101 seconds
[2023-07-27T01:49:50.929+0000] {processor.py:157} INFO - Started process (PID=3629) to work on /home/airflow/.local/lib/python3.7/site-packages/airflow/example_dags/example_branch_operator.py
[2023-07-27T01:49:50.930+0000] {processor.py:826} INFO - Processing file /home/airflow/.local/lib/python3.7/site-packages/airflow/example_dags/example_branch_operator.py for tasks to queue
[2023-07-27T01:49:50.931+0000] {logging_mixin.py:150} INFO - [2023-07-27T01:49:50.931+0000] {dagbag.py:541} INFO - Filling up the DagBag from /home/airflow/.local/lib/python3.7/site-packages/airflow/example_dags/example_branch_operator.py
[2023-07-27T01:49:50.942+0000] {processor.py:836} INFO - DAG(s) dict_keys(['example_branch_operator']) retrieved from /home/airflow/.local/lib/python3.7/site-packages/airflow/example_dags/example_branch_operator.py
[2023-07-27T01:49:50.970+0000] {logging_mixin.py:150} INFO - [2023-07-27T01:49:50.969+0000] {dag.py:2742} INFO - Sync 1 DAGs
[2023-07-27T01:49:50.999+0000] {logging_mixin.py:150} INFO - [2023-07-27T01:49:50.999+0000] {dag.py:3508} INFO - Setting next_dagrun for example_branch_operator to 2023-07-26T00:00:00+00:00, run_after=2023-07-27T00:00:00+00:00
[2023-07-27T01:49:51.023+0000] {processor.py:179} INFO - Processing /home/airflow/.local/lib/python3.7/site-packages/airflow/example_dags/example_branch_operator.py took 0.097 seconds
[2023-07-27T01:50:21.326+0000] {processor.py:157} INFO - Started process (PID=3689) to work on /home/airflow/.local/lib/python3.7/site-packages/airflow/example_dags/example_branch_operator.py
[2023-07-27T01:50:21.327+0000] {processor.py:826} INFO - Processing file /home/airflow/.local/lib/python3.7/site-packages/airflow/example_dags/example_branch_operator.py for tasks to queue
[2023-07-27T01:50:21.328+0000] {logging_mixin.py:150} INFO - [2023-07-27T01:50:21.328+0000] {dagbag.py:541} INFO - Filling up the DagBag from /home/airflow/.local/lib/python3.7/site-packages/airflow/example_dags/example_branch_operator.py
[2023-07-27T01:50:21.338+0000] {processor.py:836} INFO - DAG(s) dict_keys(['example_branch_operator']) retrieved from /home/airflow/.local/lib/python3.7/site-packages/airflow/example_dags/example_branch_operator.py
[2023-07-27T01:50:21.367+0000] {logging_mixin.py:150} INFO - [2023-07-27T01:50:21.367+0000] {dag.py:2742} INFO - Sync 1 DAGs
[2023-07-27T01:50:21.397+0000] {logging_mixin.py:150} INFO - [2023-07-27T01:50:21.397+0000] {dag.py:3508} INFO - Setting next_dagrun for example_branch_operator to 2023-07-26T00:00:00+00:00, run_after=2023-07-27T00:00:00+00:00
[2023-07-27T01:50:21.423+0000] {processor.py:179} INFO - Processing /home/airflow/.local/lib/python3.7/site-packages/airflow/example_dags/example_branch_operator.py took 0.101 seconds
[2023-07-27T01:50:51.939+0000] {processor.py:157} INFO - Started process (PID=3749) to work on /home/airflow/.local/lib/python3.7/site-packages/airflow/example_dags/example_branch_operator.py
[2023-07-27T01:50:51.942+0000] {processor.py:826} INFO - Processing file /home/airflow/.local/lib/python3.7/site-packages/airflow/example_dags/example_branch_operator.py for tasks to queue
[2023-07-27T01:50:51.943+0000] {logging_mixin.py:150} INFO - [2023-07-27T01:50:51.942+0000] {dagbag.py:541} INFO - Filling up the DagBag from /home/airflow/.local/lib/python3.7/site-packages/airflow/example_dags/example_branch_operator.py
[2023-07-27T01:50:51.954+0000] {processor.py:836} INFO - DAG(s) dict_keys(['example_branch_operator']) retrieved from /home/airflow/.local/lib/python3.7/site-packages/airflow/example_dags/example_branch_operator.py
[2023-07-27T01:50:51.984+0000] {logging_mixin.py:150} INFO - [2023-07-27T01:50:51.984+0000] {dag.py:2742} INFO - Sync 1 DAGs
[2023-07-27T01:50:52.019+0000] {logging_mixin.py:150} INFO - [2023-07-27T01:50:52.019+0000] {dag.py:3508} INFO - Setting next_dagrun for example_branch_operator to 2023-07-26T00:00:00+00:00, run_after=2023-07-27T00:00:00+00:00
[2023-07-27T01:50:52.049+0000] {processor.py:179} INFO - Processing /home/airflow/.local/lib/python3.7/site-packages/airflow/example_dags/example_branch_operator.py took 0.116 seconds
[2023-07-27T01:51:22.392+0000] {processor.py:157} INFO - Started process (PID=3809) to work on /home/airflow/.local/lib/python3.7/site-packages/airflow/example_dags/example_branch_operator.py
[2023-07-27T01:51:22.393+0000] {processor.py:826} INFO - Processing file /home/airflow/.local/lib/python3.7/site-packages/airflow/example_dags/example_branch_operator.py for tasks to queue
[2023-07-27T01:51:22.394+0000] {logging_mixin.py:150} INFO - [2023-07-27T01:51:22.394+0000] {dagbag.py:541} INFO - Filling up the DagBag from /home/airflow/.local/lib/python3.7/site-packages/airflow/example_dags/example_branch_operator.py
[2023-07-27T01:51:22.404+0000] {processor.py:836} INFO - DAG(s) dict_keys(['example_branch_operator']) retrieved from /home/airflow/.local/lib/python3.7/site-packages/airflow/example_dags/example_branch_operator.py
[2023-07-27T01:51:22.433+0000] {logging_mixin.py:150} INFO - [2023-07-27T01:51:22.433+0000] {dag.py:2742} INFO - Sync 1 DAGs
[2023-07-27T01:51:22.465+0000] {logging_mixin.py:150} INFO - [2023-07-27T01:51:22.465+0000] {dag.py:3508} INFO - Setting next_dagrun for example_branch_operator to 2023-07-26T00:00:00+00:00, run_after=2023-07-27T00:00:00+00:00
[2023-07-27T01:51:22.487+0000] {processor.py:179} INFO - Processing /home/airflow/.local/lib/python3.7/site-packages/airflow/example_dags/example_branch_operator.py took 0.099 seconds
[2023-07-27T01:51:53.453+0000] {processor.py:157} INFO - Started process (PID=3869) to work on /home/airflow/.local/lib/python3.7/site-packages/airflow/example_dags/example_branch_operator.py
[2023-07-27T01:51:53.454+0000] {processor.py:826} INFO - Processing file /home/airflow/.local/lib/python3.7/site-packages/airflow/example_dags/example_branch_operator.py for tasks to queue
[2023-07-27T01:51:53.455+0000] {logging_mixin.py:150} INFO - [2023-07-27T01:51:53.455+0000] {dagbag.py:541} INFO - Filling up the DagBag from /home/airflow/.local/lib/python3.7/site-packages/airflow/example_dags/example_branch_operator.py
[2023-07-27T01:51:53.465+0000] {processor.py:836} INFO - DAG(s) dict_keys(['example_branch_operator']) retrieved from /home/airflow/.local/lib/python3.7/site-packages/airflow/example_dags/example_branch_operator.py
[2023-07-27T01:51:53.492+0000] {logging_mixin.py:150} INFO - [2023-07-27T01:51:53.492+0000] {dag.py:2742} INFO - Sync 1 DAGs
[2023-07-27T01:51:53.521+0000] {logging_mixin.py:150} INFO - [2023-07-27T01:51:53.521+0000] {dag.py:3508} INFO - Setting next_dagrun for example_branch_operator to 2023-07-26T00:00:00+00:00, run_after=2023-07-27T00:00:00+00:00
[2023-07-27T01:51:53.547+0000] {processor.py:179} INFO - Processing /home/airflow/.local/lib/python3.7/site-packages/airflow/example_dags/example_branch_operator.py took 0.098 seconds
[2023-07-27T01:52:24.265+0000] {processor.py:157} INFO - Started process (PID=3928) to work on /home/airflow/.local/lib/python3.7/site-packages/airflow/example_dags/example_branch_operator.py
[2023-07-27T01:52:24.266+0000] {processor.py:826} INFO - Processing file /home/airflow/.local/lib/python3.7/site-packages/airflow/example_dags/example_branch_operator.py for tasks to queue
[2023-07-27T01:52:24.268+0000] {logging_mixin.py:150} INFO - [2023-07-27T01:52:24.267+0000] {dagbag.py:541} INFO - Filling up the DagBag from /home/airflow/.local/lib/python3.7/site-packages/airflow/example_dags/example_branch_operator.py
[2023-07-27T01:52:24.278+0000] {processor.py:836} INFO - DAG(s) dict_keys(['example_branch_operator']) retrieved from /home/airflow/.local/lib/python3.7/site-packages/airflow/example_dags/example_branch_operator.py
[2023-07-27T01:52:24.308+0000] {logging_mixin.py:150} INFO - [2023-07-27T01:52:24.308+0000] {dag.py:2742} INFO - Sync 1 DAGs
[2023-07-27T01:52:24.337+0000] {logging_mixin.py:150} INFO - [2023-07-27T01:52:24.337+0000] {dag.py:3508} INFO - Setting next_dagrun for example_branch_operator to 2023-07-26T00:00:00+00:00, run_after=2023-07-27T00:00:00+00:00
[2023-07-27T01:52:24.387+0000] {processor.py:179} INFO - Processing /home/airflow/.local/lib/python3.7/site-packages/airflow/example_dags/example_branch_operator.py took 0.126 seconds
[2023-07-27T01:52:55.032+0000] {processor.py:157} INFO - Started process (PID=3989) to work on /home/airflow/.local/lib/python3.7/site-packages/airflow/example_dags/example_branch_operator.py
[2023-07-27T01:52:55.033+0000] {processor.py:826} INFO - Processing file /home/airflow/.local/lib/python3.7/site-packages/airflow/example_dags/example_branch_operator.py for tasks to queue
[2023-07-27T01:52:55.034+0000] {logging_mixin.py:150} INFO - [2023-07-27T01:52:55.034+0000] {dagbag.py:541} INFO - Filling up the DagBag from /home/airflow/.local/lib/python3.7/site-packages/airflow/example_dags/example_branch_operator.py
[2023-07-27T01:52:55.044+0000] {processor.py:836} INFO - DAG(s) dict_keys(['example_branch_operator']) retrieved from /home/airflow/.local/lib/python3.7/site-packages/airflow/example_dags/example_branch_operator.py
[2023-07-27T01:52:55.072+0000] {logging_mixin.py:150} INFO - [2023-07-27T01:52:55.072+0000] {dag.py:2742} INFO - Sync 1 DAGs
[2023-07-27T01:52:55.101+0000] {logging_mixin.py:150} INFO - [2023-07-27T01:52:55.101+0000] {dag.py:3508} INFO - Setting next_dagrun for example_branch_operator to 2023-07-26T00:00:00+00:00, run_after=2023-07-27T00:00:00+00:00
[2023-07-27T01:52:55.139+0000] {processor.py:179} INFO - Processing /home/airflow/.local/lib/python3.7/site-packages/airflow/example_dags/example_branch_operator.py took 0.111 seconds
[2023-07-27T01:53:25.226+0000] {processor.py:157} INFO - Started process (PID=4049) to work on /home/airflow/.local/lib/python3.7/site-packages/airflow/example_dags/example_branch_operator.py
[2023-07-27T01:53:25.227+0000] {processor.py:826} INFO - Processing file /home/airflow/.local/lib/python3.7/site-packages/airflow/example_dags/example_branch_operator.py for tasks to queue
[2023-07-27T01:53:25.228+0000] {logging_mixin.py:150} INFO - [2023-07-27T01:53:25.228+0000] {dagbag.py:541} INFO - Filling up the DagBag from /home/airflow/.local/lib/python3.7/site-packages/airflow/example_dags/example_branch_operator.py
[2023-07-27T01:53:25.239+0000] {processor.py:836} INFO - DAG(s) dict_keys(['example_branch_operator']) retrieved from /home/airflow/.local/lib/python3.7/site-packages/airflow/example_dags/example_branch_operator.py
[2023-07-27T01:53:25.266+0000] {logging_mixin.py:150} INFO - [2023-07-27T01:53:25.266+0000] {dag.py:2742} INFO - Sync 1 DAGs
[2023-07-27T01:53:25.295+0000] {logging_mixin.py:150} INFO - [2023-07-27T01:53:25.294+0000] {dag.py:3508} INFO - Setting next_dagrun for example_branch_operator to 2023-07-26T00:00:00+00:00, run_after=2023-07-27T00:00:00+00:00
[2023-07-27T01:53:25.320+0000] {processor.py:179} INFO - Processing /home/airflow/.local/lib/python3.7/site-packages/airflow/example_dags/example_branch_operator.py took 0.098 seconds
[2023-07-27T01:53:55.355+0000] {processor.py:157} INFO - Started process (PID=4108) to work on /home/airflow/.local/lib/python3.7/site-packages/airflow/example_dags/example_branch_operator.py
[2023-07-27T01:53:55.356+0000] {processor.py:826} INFO - Processing file /home/airflow/.local/lib/python3.7/site-packages/airflow/example_dags/example_branch_operator.py for tasks to queue
[2023-07-27T01:53:55.357+0000] {logging_mixin.py:150} INFO - [2023-07-27T01:53:55.357+0000] {dagbag.py:541} INFO - Filling up the DagBag from /home/airflow/.local/lib/python3.7/site-packages/airflow/example_dags/example_branch_operator.py
[2023-07-27T01:53:55.367+0000] {processor.py:836} INFO - DAG(s) dict_keys(['example_branch_operator']) retrieved from /home/airflow/.local/lib/python3.7/site-packages/airflow/example_dags/example_branch_operator.py
[2023-07-27T01:53:55.395+0000] {logging_mixin.py:150} INFO - [2023-07-27T01:53:55.395+0000] {dag.py:2742} INFO - Sync 1 DAGs
[2023-07-27T01:53:55.423+0000] {logging_mixin.py:150} INFO - [2023-07-27T01:53:55.423+0000] {dag.py:3508} INFO - Setting next_dagrun for example_branch_operator to 2023-07-26T00:00:00+00:00, run_after=2023-07-27T00:00:00+00:00
[2023-07-27T01:53:55.445+0000] {processor.py:179} INFO - Processing /home/airflow/.local/lib/python3.7/site-packages/airflow/example_dags/example_branch_operator.py took 0.094 seconds
[2023-07-27T01:54:25.534+0000] {processor.py:157} INFO - Started process (PID=4168) to work on /home/airflow/.local/lib/python3.7/site-packages/airflow/example_dags/example_branch_operator.py
[2023-07-27T01:54:25.535+0000] {processor.py:826} INFO - Processing file /home/airflow/.local/lib/python3.7/site-packages/airflow/example_dags/example_branch_operator.py for tasks to queue
[2023-07-27T01:54:25.536+0000] {logging_mixin.py:150} INFO - [2023-07-27T01:54:25.536+0000] {dagbag.py:541} INFO - Filling up the DagBag from /home/airflow/.local/lib/python3.7/site-packages/airflow/example_dags/example_branch_operator.py
[2023-07-27T01:54:25.546+0000] {processor.py:836} INFO - DAG(s) dict_keys(['example_branch_operator']) retrieved from /home/airflow/.local/lib/python3.7/site-packages/airflow/example_dags/example_branch_operator.py
[2023-07-27T01:54:25.573+0000] {logging_mixin.py:150} INFO - [2023-07-27T01:54:25.573+0000] {dag.py:2742} INFO - Sync 1 DAGs
[2023-07-27T01:54:25.601+0000] {logging_mixin.py:150} INFO - [2023-07-27T01:54:25.601+0000] {dag.py:3508} INFO - Setting next_dagrun for example_branch_operator to 2023-07-26T00:00:00+00:00, run_after=2023-07-27T00:00:00+00:00
[2023-07-27T01:54:25.623+0000] {processor.py:179} INFO - Processing /home/airflow/.local/lib/python3.7/site-packages/airflow/example_dags/example_branch_operator.py took 0.093 seconds
[2023-07-27T01:54:55.755+0000] {processor.py:157} INFO - Started process (PID=4228) to work on /home/airflow/.local/lib/python3.7/site-packages/airflow/example_dags/example_branch_operator.py
[2023-07-27T01:54:55.756+0000] {processor.py:826} INFO - Processing file /home/airflow/.local/lib/python3.7/site-packages/airflow/example_dags/example_branch_operator.py for tasks to queue
[2023-07-27T01:54:55.757+0000] {logging_mixin.py:150} INFO - [2023-07-27T01:54:55.757+0000] {dagbag.py:541} INFO - Filling up the DagBag from /home/airflow/.local/lib/python3.7/site-packages/airflow/example_dags/example_branch_operator.py
[2023-07-27T01:54:55.768+0000] {processor.py:836} INFO - DAG(s) dict_keys(['example_branch_operator']) retrieved from /home/airflow/.local/lib/python3.7/site-packages/airflow/example_dags/example_branch_operator.py
[2023-07-27T01:54:55.795+0000] {logging_mixin.py:150} INFO - [2023-07-27T01:54:55.795+0000] {dag.py:2742} INFO - Sync 1 DAGs
[2023-07-27T01:54:55.824+0000] {logging_mixin.py:150} INFO - [2023-07-27T01:54:55.824+0000] {dag.py:3508} INFO - Setting next_dagrun for example_branch_operator to 2023-07-26T00:00:00+00:00, run_after=2023-07-27T00:00:00+00:00
[2023-07-27T01:54:55.851+0000] {processor.py:179} INFO - Processing /home/airflow/.local/lib/python3.7/site-packages/airflow/example_dags/example_branch_operator.py took 0.099 seconds
[2023-07-27T01:55:26.089+0000] {processor.py:157} INFO - Started process (PID=4288) to work on /home/airflow/.local/lib/python3.7/site-packages/airflow/example_dags/example_branch_operator.py
[2023-07-27T01:55:26.090+0000] {processor.py:826} INFO - Processing file /home/airflow/.local/lib/python3.7/site-packages/airflow/example_dags/example_branch_operator.py for tasks to queue
[2023-07-27T01:55:26.091+0000] {logging_mixin.py:150} INFO - [2023-07-27T01:55:26.091+0000] {dagbag.py:541} INFO - Filling up the DagBag from /home/airflow/.local/lib/python3.7/site-packages/airflow/example_dags/example_branch_operator.py
[2023-07-27T01:55:26.101+0000] {processor.py:836} INFO - DAG(s) dict_keys(['example_branch_operator']) retrieved from /home/airflow/.local/lib/python3.7/site-packages/airflow/example_dags/example_branch_operator.py
[2023-07-27T01:55:26.130+0000] {logging_mixin.py:150} INFO - [2023-07-27T01:55:26.130+0000] {dag.py:2742} INFO - Sync 1 DAGs
[2023-07-27T01:55:26.160+0000] {logging_mixin.py:150} INFO - [2023-07-27T01:55:26.160+0000] {dag.py:3508} INFO - Setting next_dagrun for example_branch_operator to 2023-07-26T00:00:00+00:00, run_after=2023-07-27T00:00:00+00:00
[2023-07-27T01:55:26.184+0000] {processor.py:179} INFO - Processing /home/airflow/.local/lib/python3.7/site-packages/airflow/example_dags/example_branch_operator.py took 0.098 seconds
[2023-07-27T01:55:56.346+0000] {processor.py:157} INFO - Started process (PID=4346) to work on /home/airflow/.local/lib/python3.7/site-packages/airflow/example_dags/example_branch_operator.py
[2023-07-27T01:55:56.347+0000] {processor.py:826} INFO - Processing file /home/airflow/.local/lib/python3.7/site-packages/airflow/example_dags/example_branch_operator.py for tasks to queue
[2023-07-27T01:55:56.349+0000] {logging_mixin.py:150} INFO - [2023-07-27T01:55:56.348+0000] {dagbag.py:541} INFO - Filling up the DagBag from /home/airflow/.local/lib/python3.7/site-packages/airflow/example_dags/example_branch_operator.py
[2023-07-27T01:55:56.359+0000] {processor.py:836} INFO - DAG(s) dict_keys(['example_branch_operator']) retrieved from /home/airflow/.local/lib/python3.7/site-packages/airflow/example_dags/example_branch_operator.py
[2023-07-27T01:55:56.388+0000] {logging_mixin.py:150} INFO - [2023-07-27T01:55:56.387+0000] {dag.py:2742} INFO - Sync 1 DAGs
[2023-07-27T01:55:56.418+0000] {logging_mixin.py:150} INFO - [2023-07-27T01:55:56.418+0000] {dag.py:3508} INFO - Setting next_dagrun for example_branch_operator to 2023-07-26T00:00:00+00:00, run_after=2023-07-27T00:00:00+00:00
[2023-07-27T01:55:56.442+0000] {processor.py:179} INFO - Processing /home/airflow/.local/lib/python3.7/site-packages/airflow/example_dags/example_branch_operator.py took 0.099 seconds
[2023-07-27T01:56:26.855+0000] {processor.py:157} INFO - Started process (PID=4407) to work on /home/airflow/.local/lib/python3.7/site-packages/airflow/example_dags/example_branch_operator.py
[2023-07-27T01:56:26.856+0000] {processor.py:826} INFO - Processing file /home/airflow/.local/lib/python3.7/site-packages/airflow/example_dags/example_branch_operator.py for tasks to queue
[2023-07-27T01:56:26.857+0000] {logging_mixin.py:150} INFO - [2023-07-27T01:56:26.857+0000] {dagbag.py:541} INFO - Filling up the DagBag from /home/airflow/.local/lib/python3.7/site-packages/airflow/example_dags/example_branch_operator.py
[2023-07-27T01:56:26.867+0000] {processor.py:836} INFO - DAG(s) dict_keys(['example_branch_operator']) retrieved from /home/airflow/.local/lib/python3.7/site-packages/airflow/example_dags/example_branch_operator.py
[2023-07-27T01:56:26.897+0000] {logging_mixin.py:150} INFO - [2023-07-27T01:56:26.897+0000] {dag.py:2742} INFO - Sync 1 DAGs
[2023-07-27T01:56:26.929+0000] {logging_mixin.py:150} INFO - [2023-07-27T01:56:26.929+0000] {dag.py:3508} INFO - Setting next_dagrun for example_branch_operator to 2023-07-26T00:00:00+00:00, run_after=2023-07-27T00:00:00+00:00
[2023-07-27T01:56:26.953+0000] {processor.py:179} INFO - Processing /home/airflow/.local/lib/python3.7/site-packages/airflow/example_dags/example_branch_operator.py took 0.102 seconds
[2023-07-27T01:56:57.442+0000] {processor.py:157} INFO - Started process (PID=4468) to work on /home/airflow/.local/lib/python3.7/site-packages/airflow/example_dags/example_branch_operator.py
[2023-07-27T01:56:57.443+0000] {processor.py:826} INFO - Processing file /home/airflow/.local/lib/python3.7/site-packages/airflow/example_dags/example_branch_operator.py for tasks to queue
[2023-07-27T01:56:57.444+0000] {logging_mixin.py:150} INFO - [2023-07-27T01:56:57.444+0000] {dagbag.py:541} INFO - Filling up the DagBag from /home/airflow/.local/lib/python3.7/site-packages/airflow/example_dags/example_branch_operator.py
[2023-07-27T01:56:57.454+0000] {processor.py:836} INFO - DAG(s) dict_keys(['example_branch_operator']) retrieved from /home/airflow/.local/lib/python3.7/site-packages/airflow/example_dags/example_branch_operator.py
[2023-07-27T01:56:57.483+0000] {logging_mixin.py:150} INFO - [2023-07-27T01:56:57.483+0000] {dag.py:2742} INFO - Sync 1 DAGs
[2023-07-27T01:56:57.512+0000] {logging_mixin.py:150} INFO - [2023-07-27T01:56:57.512+0000] {dag.py:3508} INFO - Setting next_dagrun for example_branch_operator to 2023-07-26T00:00:00+00:00, run_after=2023-07-27T00:00:00+00:00
[2023-07-27T01:56:57.542+0000] {processor.py:179} INFO - Processing /home/airflow/.local/lib/python3.7/site-packages/airflow/example_dags/example_branch_operator.py took 0.104 seconds
[2023-07-27T01:57:27.812+0000] {processor.py:157} INFO - Started process (PID=4529) to work on /home/airflow/.local/lib/python3.7/site-packages/airflow/example_dags/example_branch_operator.py
[2023-07-27T01:57:27.813+0000] {processor.py:826} INFO - Processing file /home/airflow/.local/lib/python3.7/site-packages/airflow/example_dags/example_branch_operator.py for tasks to queue
[2023-07-27T01:57:27.814+0000] {logging_mixin.py:150} INFO - [2023-07-27T01:57:27.814+0000] {dagbag.py:541} INFO - Filling up the DagBag from /home/airflow/.local/lib/python3.7/site-packages/airflow/example_dags/example_branch_operator.py
[2023-07-27T01:57:27.825+0000] {processor.py:836} INFO - DAG(s) dict_keys(['example_branch_operator']) retrieved from /home/airflow/.local/lib/python3.7/site-packages/airflow/example_dags/example_branch_operator.py
[2023-07-27T01:57:27.857+0000] {logging_mixin.py:150} INFO - [2023-07-27T01:57:27.857+0000] {dag.py:2742} INFO - Sync 1 DAGs
[2023-07-27T01:57:27.886+0000] {logging_mixin.py:150} INFO - [2023-07-27T01:57:27.886+0000] {dag.py:3508} INFO - Setting next_dagrun for example_branch_operator to 2023-07-26T00:00:00+00:00, run_after=2023-07-27T00:00:00+00:00
[2023-07-27T01:57:27.910+0000] {processor.py:179} INFO - Processing /home/airflow/.local/lib/python3.7/site-packages/airflow/example_dags/example_branch_operator.py took 0.102 seconds
[2023-07-27T01:57:58.125+0000] {processor.py:157} INFO - Started process (PID=4590) to work on /home/airflow/.local/lib/python3.7/site-packages/airflow/example_dags/example_branch_operator.py
[2023-07-27T01:57:58.127+0000] {processor.py:826} INFO - Processing file /home/airflow/.local/lib/python3.7/site-packages/airflow/example_dags/example_branch_operator.py for tasks to queue
[2023-07-27T01:57:58.128+0000] {logging_mixin.py:150} INFO - [2023-07-27T01:57:58.128+0000] {dagbag.py:541} INFO - Filling up the DagBag from /home/airflow/.local/lib/python3.7/site-packages/airflow/example_dags/example_branch_operator.py
[2023-07-27T01:57:58.138+0000] {processor.py:836} INFO - DAG(s) dict_keys(['example_branch_operator']) retrieved from /home/airflow/.local/lib/python3.7/site-packages/airflow/example_dags/example_branch_operator.py
[2023-07-27T01:57:58.166+0000] {logging_mixin.py:150} INFO - [2023-07-27T01:57:58.166+0000] {dag.py:2742} INFO - Sync 1 DAGs
[2023-07-27T01:57:58.195+0000] {logging_mixin.py:150} INFO - [2023-07-27T01:57:58.194+0000] {dag.py:3508} INFO - Setting next_dagrun for example_branch_operator to 2023-07-26T00:00:00+00:00, run_after=2023-07-27T00:00:00+00:00
[2023-07-27T01:57:58.220+0000] {processor.py:179} INFO - Processing /home/airflow/.local/lib/python3.7/site-packages/airflow/example_dags/example_branch_operator.py took 0.098 seconds
[2023-07-27T01:58:28.417+0000] {processor.py:157} INFO - Started process (PID=4650) to work on /home/airflow/.local/lib/python3.7/site-packages/airflow/example_dags/example_branch_operator.py
[2023-07-27T01:58:28.418+0000] {processor.py:826} INFO - Processing file /home/airflow/.local/lib/python3.7/site-packages/airflow/example_dags/example_branch_operator.py for tasks to queue
[2023-07-27T01:58:28.419+0000] {logging_mixin.py:150} INFO - [2023-07-27T01:58:28.419+0000] {dagbag.py:541} INFO - Filling up the DagBag from /home/airflow/.local/lib/python3.7/site-packages/airflow/example_dags/example_branch_operator.py
[2023-07-27T01:58:28.430+0000] {processor.py:836} INFO - DAG(s) dict_keys(['example_branch_operator']) retrieved from /home/airflow/.local/lib/python3.7/site-packages/airflow/example_dags/example_branch_operator.py
[2023-07-27T01:58:28.459+0000] {logging_mixin.py:150} INFO - [2023-07-27T01:58:28.458+0000] {dag.py:2742} INFO - Sync 1 DAGs
[2023-07-27T01:58:28.488+0000] {logging_mixin.py:150} INFO - [2023-07-27T01:58:28.487+0000] {dag.py:3508} INFO - Setting next_dagrun for example_branch_operator to 2023-07-26T00:00:00+00:00, run_after=2023-07-27T00:00:00+00:00
[2023-07-27T01:58:28.512+0000] {processor.py:179} INFO - Processing /home/airflow/.local/lib/python3.7/site-packages/airflow/example_dags/example_branch_operator.py took 0.098 seconds
[2023-07-27T01:58:58.637+0000] {processor.py:157} INFO - Started process (PID=4710) to work on /home/airflow/.local/lib/python3.7/site-packages/airflow/example_dags/example_branch_operator.py
[2023-07-27T01:58:58.638+0000] {processor.py:826} INFO - Processing file /home/airflow/.local/lib/python3.7/site-packages/airflow/example_dags/example_branch_operator.py for tasks to queue
[2023-07-27T01:58:58.639+0000] {logging_mixin.py:150} INFO - [2023-07-27T01:58:58.639+0000] {dagbag.py:541} INFO - Filling up the DagBag from /home/airflow/.local/lib/python3.7/site-packages/airflow/example_dags/example_branch_operator.py
[2023-07-27T01:58:58.649+0000] {processor.py:836} INFO - DAG(s) dict_keys(['example_branch_operator']) retrieved from /home/airflow/.local/lib/python3.7/site-packages/airflow/example_dags/example_branch_operator.py
[2023-07-27T01:58:58.677+0000] {logging_mixin.py:150} INFO - [2023-07-27T01:58:58.677+0000] {dag.py:2742} INFO - Sync 1 DAGs
[2023-07-27T01:58:58.706+0000] {logging_mixin.py:150} INFO - [2023-07-27T01:58:58.706+0000] {dag.py:3508} INFO - Setting next_dagrun for example_branch_operator to 2023-07-26T00:00:00+00:00, run_after=2023-07-27T00:00:00+00:00
[2023-07-27T01:58:58.729+0000] {processor.py:179} INFO - Processing /home/airflow/.local/lib/python3.7/site-packages/airflow/example_dags/example_branch_operator.py took 0.095 seconds
[2023-07-27T01:59:29.054+0000] {processor.py:157} INFO - Started process (PID=4770) to work on /home/airflow/.local/lib/python3.7/site-packages/airflow/example_dags/example_branch_operator.py
[2023-07-27T01:59:29.056+0000] {processor.py:826} INFO - Processing file /home/airflow/.local/lib/python3.7/site-packages/airflow/example_dags/example_branch_operator.py for tasks to queue
[2023-07-27T01:59:29.057+0000] {logging_mixin.py:150} INFO - [2023-07-27T01:59:29.057+0000] {dagbag.py:541} INFO - Filling up the DagBag from /home/airflow/.local/lib/python3.7/site-packages/airflow/example_dags/example_branch_operator.py
[2023-07-27T01:59:29.068+0000] {processor.py:836} INFO - DAG(s) dict_keys(['example_branch_operator']) retrieved from /home/airflow/.local/lib/python3.7/site-packages/airflow/example_dags/example_branch_operator.py
[2023-07-27T01:59:29.098+0000] {logging_mixin.py:150} INFO - [2023-07-27T01:59:29.097+0000] {dag.py:2742} INFO - Sync 1 DAGs
[2023-07-27T01:59:29.127+0000] {logging_mixin.py:150} INFO - [2023-07-27T01:59:29.127+0000] {dag.py:3508} INFO - Setting next_dagrun for example_branch_operator to 2023-07-26T00:00:00+00:00, run_after=2023-07-27T00:00:00+00:00
[2023-07-27T01:59:29.153+0000] {processor.py:179} INFO - Processing /home/airflow/.local/lib/python3.7/site-packages/airflow/example_dags/example_branch_operator.py took 0.103 seconds
[2023-07-27T01:59:59.653+0000] {processor.py:157} INFO - Started process (PID=4829) to work on /home/airflow/.local/lib/python3.7/site-packages/airflow/example_dags/example_branch_operator.py
[2023-07-27T01:59:59.654+0000] {processor.py:826} INFO - Processing file /home/airflow/.local/lib/python3.7/site-packages/airflow/example_dags/example_branch_operator.py for tasks to queue
[2023-07-27T01:59:59.656+0000] {logging_mixin.py:150} INFO - [2023-07-27T01:59:59.655+0000] {dagbag.py:541} INFO - Filling up the DagBag from /home/airflow/.local/lib/python3.7/site-packages/airflow/example_dags/example_branch_operator.py
[2023-07-27T01:59:59.667+0000] {processor.py:836} INFO - DAG(s) dict_keys(['example_branch_operator']) retrieved from /home/airflow/.local/lib/python3.7/site-packages/airflow/example_dags/example_branch_operator.py
[2023-07-27T01:59:59.696+0000] {logging_mixin.py:150} INFO - [2023-07-27T01:59:59.696+0000] {dag.py:2742} INFO - Sync 1 DAGs
[2023-07-27T01:59:59.729+0000] {logging_mixin.py:150} INFO - [2023-07-27T01:59:59.729+0000] {dag.py:3508} INFO - Setting next_dagrun for example_branch_operator to 2023-07-26T00:00:00+00:00, run_after=2023-07-27T00:00:00+00:00
[2023-07-27T01:59:59.754+0000] {processor.py:179} INFO - Processing /home/airflow/.local/lib/python3.7/site-packages/airflow/example_dags/example_branch_operator.py took 0.104 seconds
[2023-07-27T02:00:30.572+0000] {processor.py:157} INFO - Started process (PID=4889) to work on /home/airflow/.local/lib/python3.7/site-packages/airflow/example_dags/example_branch_operator.py
[2023-07-27T02:00:30.573+0000] {processor.py:826} INFO - Processing file /home/airflow/.local/lib/python3.7/site-packages/airflow/example_dags/example_branch_operator.py for tasks to queue
[2023-07-27T02:00:30.574+0000] {logging_mixin.py:150} INFO - [2023-07-27T02:00:30.574+0000] {dagbag.py:541} INFO - Filling up the DagBag from /home/airflow/.local/lib/python3.7/site-packages/airflow/example_dags/example_branch_operator.py
[2023-07-27T02:00:30.585+0000] {processor.py:836} INFO - DAG(s) dict_keys(['example_branch_operator']) retrieved from /home/airflow/.local/lib/python3.7/site-packages/airflow/example_dags/example_branch_operator.py
[2023-07-27T02:00:30.613+0000] {logging_mixin.py:150} INFO - [2023-07-27T02:00:30.613+0000] {dag.py:2742} INFO - Sync 1 DAGs
[2023-07-27T02:00:30.643+0000] {logging_mixin.py:150} INFO - [2023-07-27T02:00:30.643+0000] {dag.py:3508} INFO - Setting next_dagrun for example_branch_operator to 2023-07-26T00:00:00+00:00, run_after=2023-07-27T00:00:00+00:00
[2023-07-27T02:00:30.668+0000] {processor.py:179} INFO - Processing /home/airflow/.local/lib/python3.7/site-packages/airflow/example_dags/example_branch_operator.py took 0.100 seconds
[2023-07-27T02:01:00.791+0000] {processor.py:157} INFO - Started process (PID=4949) to work on /home/airflow/.local/lib/python3.7/site-packages/airflow/example_dags/example_branch_operator.py
[2023-07-27T02:01:00.792+0000] {processor.py:826} INFO - Processing file /home/airflow/.local/lib/python3.7/site-packages/airflow/example_dags/example_branch_operator.py for tasks to queue
[2023-07-27T02:01:00.793+0000] {logging_mixin.py:150} INFO - [2023-07-27T02:01:00.793+0000] {dagbag.py:541} INFO - Filling up the DagBag from /home/airflow/.local/lib/python3.7/site-packages/airflow/example_dags/example_branch_operator.py
[2023-07-27T02:01:00.803+0000] {processor.py:836} INFO - DAG(s) dict_keys(['example_branch_operator']) retrieved from /home/airflow/.local/lib/python3.7/site-packages/airflow/example_dags/example_branch_operator.py
[2023-07-27T02:01:00.831+0000] {logging_mixin.py:150} INFO - [2023-07-27T02:01:00.831+0000] {dag.py:2742} INFO - Sync 1 DAGs
[2023-07-27T02:01:00.862+0000] {logging_mixin.py:150} INFO - [2023-07-27T02:01:00.862+0000] {dag.py:3508} INFO - Setting next_dagrun for example_branch_operator to 2023-07-26T00:00:00+00:00, run_after=2023-07-27T00:00:00+00:00
[2023-07-27T02:01:00.885+0000] {processor.py:179} INFO - Processing /home/airflow/.local/lib/python3.7/site-packages/airflow/example_dags/example_branch_operator.py took 0.098 seconds
[2023-07-27T02:01:31.218+0000] {processor.py:157} INFO - Started process (PID=5009) to work on /home/airflow/.local/lib/python3.7/site-packages/airflow/example_dags/example_branch_operator.py
[2023-07-27T02:01:31.219+0000] {processor.py:826} INFO - Processing file /home/airflow/.local/lib/python3.7/site-packages/airflow/example_dags/example_branch_operator.py for tasks to queue
[2023-07-27T02:01:31.220+0000] {logging_mixin.py:150} INFO - [2023-07-27T02:01:31.220+0000] {dagbag.py:541} INFO - Filling up the DagBag from /home/airflow/.local/lib/python3.7/site-packages/airflow/example_dags/example_branch_operator.py
[2023-07-27T02:01:31.230+0000] {processor.py:836} INFO - DAG(s) dict_keys(['example_branch_operator']) retrieved from /home/airflow/.local/lib/python3.7/site-packages/airflow/example_dags/example_branch_operator.py
[2023-07-27T02:01:31.257+0000] {logging_mixin.py:150} INFO - [2023-07-27T02:01:31.257+0000] {dag.py:2742} INFO - Sync 1 DAGs
[2023-07-27T02:01:31.287+0000] {logging_mixin.py:150} INFO - [2023-07-27T02:01:31.286+0000] {dag.py:3508} INFO - Setting next_dagrun for example_branch_operator to 2023-07-26T00:00:00+00:00, run_after=2023-07-27T00:00:00+00:00
[2023-07-27T02:01:31.309+0000] {processor.py:179} INFO - Processing /home/airflow/.local/lib/python3.7/site-packages/airflow/example_dags/example_branch_operator.py took 0.094 seconds
[2023-07-27T02:02:01.392+0000] {processor.py:157} INFO - Started process (PID=5069) to work on /home/airflow/.local/lib/python3.7/site-packages/airflow/example_dags/example_branch_operator.py
[2023-07-27T02:02:01.393+0000] {processor.py:826} INFO - Processing file /home/airflow/.local/lib/python3.7/site-packages/airflow/example_dags/example_branch_operator.py for tasks to queue
[2023-07-27T02:02:01.395+0000] {logging_mixin.py:150} INFO - [2023-07-27T02:02:01.395+0000] {dagbag.py:541} INFO - Filling up the DagBag from /home/airflow/.local/lib/python3.7/site-packages/airflow/example_dags/example_branch_operator.py
[2023-07-27T02:02:01.405+0000] {processor.py:836} INFO - DAG(s) dict_keys(['example_branch_operator']) retrieved from /home/airflow/.local/lib/python3.7/site-packages/airflow/example_dags/example_branch_operator.py
[2023-07-27T02:02:01.434+0000] {logging_mixin.py:150} INFO - [2023-07-27T02:02:01.433+0000] {dag.py:2742} INFO - Sync 1 DAGs
[2023-07-27T02:02:01.463+0000] {logging_mixin.py:150} INFO - [2023-07-27T02:02:01.463+0000] {dag.py:3508} INFO - Setting next_dagrun for example_branch_operator to 2023-07-26T00:00:00+00:00, run_after=2023-07-27T00:00:00+00:00
[2023-07-27T02:02:01.487+0000] {processor.py:179} INFO - Processing /home/airflow/.local/lib/python3.7/site-packages/airflow/example_dags/example_branch_operator.py took 0.099 seconds
[2023-07-27T02:02:31.636+0000] {processor.py:157} INFO - Started process (PID=5130) to work on /home/airflow/.local/lib/python3.7/site-packages/airflow/example_dags/example_branch_operator.py
[2023-07-27T02:02:31.637+0000] {processor.py:826} INFO - Processing file /home/airflow/.local/lib/python3.7/site-packages/airflow/example_dags/example_branch_operator.py for tasks to queue
[2023-07-27T02:02:31.638+0000] {logging_mixin.py:150} INFO - [2023-07-27T02:02:31.638+0000] {dagbag.py:541} INFO - Filling up the DagBag from /home/airflow/.local/lib/python3.7/site-packages/airflow/example_dags/example_branch_operator.py
[2023-07-27T02:02:31.648+0000] {processor.py:836} INFO - DAG(s) dict_keys(['example_branch_operator']) retrieved from /home/airflow/.local/lib/python3.7/site-packages/airflow/example_dags/example_branch_operator.py
[2023-07-27T02:02:31.678+0000] {logging_mixin.py:150} INFO - [2023-07-27T02:02:31.678+0000] {dag.py:2742} INFO - Sync 1 DAGs
[2023-07-27T02:02:31.709+0000] {logging_mixin.py:150} INFO - [2023-07-27T02:02:31.709+0000] {dag.py:3508} INFO - Setting next_dagrun for example_branch_operator to 2023-07-26T00:00:00+00:00, run_after=2023-07-27T00:00:00+00:00
[2023-07-27T02:02:31.734+0000] {processor.py:179} INFO - Processing /home/airflow/.local/lib/python3.7/site-packages/airflow/example_dags/example_branch_operator.py took 0.102 seconds
[2023-07-27T02:03:01.877+0000] {processor.py:157} INFO - Started process (PID=5190) to work on /home/airflow/.local/lib/python3.7/site-packages/airflow/example_dags/example_branch_operator.py
[2023-07-27T02:03:01.878+0000] {processor.py:826} INFO - Processing file /home/airflow/.local/lib/python3.7/site-packages/airflow/example_dags/example_branch_operator.py for tasks to queue
[2023-07-27T02:03:01.880+0000] {logging_mixin.py:150} INFO - [2023-07-27T02:03:01.879+0000] {dagbag.py:541} INFO - Filling up the DagBag from /home/airflow/.local/lib/python3.7/site-packages/airflow/example_dags/example_branch_operator.py
[2023-07-27T02:03:01.890+0000] {processor.py:836} INFO - DAG(s) dict_keys(['example_branch_operator']) retrieved from /home/airflow/.local/lib/python3.7/site-packages/airflow/example_dags/example_branch_operator.py
[2023-07-27T02:03:01.918+0000] {logging_mixin.py:150} INFO - [2023-07-27T02:03:01.918+0000] {dag.py:2742} INFO - Sync 1 DAGs
[2023-07-27T02:03:01.950+0000] {logging_mixin.py:150} INFO - [2023-07-27T02:03:01.950+0000] {dag.py:3508} INFO - Setting next_dagrun for example_branch_operator to 2023-07-26T00:00:00+00:00, run_after=2023-07-27T00:00:00+00:00
[2023-07-27T02:03:01.989+0000] {processor.py:179} INFO - Processing /home/airflow/.local/lib/python3.7/site-packages/airflow/example_dags/example_branch_operator.py took 0.115 seconds
[2023-07-27T02:03:32.213+0000] {processor.py:157} INFO - Started process (PID=5251) to work on /home/airflow/.local/lib/python3.7/site-packages/airflow/example_dags/example_branch_operator.py
[2023-07-27T02:03:32.214+0000] {processor.py:826} INFO - Processing file /home/airflow/.local/lib/python3.7/site-packages/airflow/example_dags/example_branch_operator.py for tasks to queue
[2023-07-27T02:03:32.216+0000] {logging_mixin.py:150} INFO - [2023-07-27T02:03:32.215+0000] {dagbag.py:541} INFO - Filling up the DagBag from /home/airflow/.local/lib/python3.7/site-packages/airflow/example_dags/example_branch_operator.py
[2023-07-27T02:03:32.226+0000] {processor.py:836} INFO - DAG(s) dict_keys(['example_branch_operator']) retrieved from /home/airflow/.local/lib/python3.7/site-packages/airflow/example_dags/example_branch_operator.py
[2023-07-27T02:03:32.253+0000] {logging_mixin.py:150} INFO - [2023-07-27T02:03:32.253+0000] {dag.py:2742} INFO - Sync 1 DAGs
[2023-07-27T02:03:32.282+0000] {logging_mixin.py:150} INFO - [2023-07-27T02:03:32.282+0000] {dag.py:3508} INFO - Setting next_dagrun for example_branch_operator to 2023-07-26T00:00:00+00:00, run_after=2023-07-27T00:00:00+00:00
[2023-07-27T02:03:32.305+0000] {processor.py:179} INFO - Processing /home/airflow/.local/lib/python3.7/site-packages/airflow/example_dags/example_branch_operator.py took 0.096 seconds
[2023-07-27T02:04:02.613+0000] {processor.py:157} INFO - Started process (PID=5310) to work on /home/airflow/.local/lib/python3.7/site-packages/airflow/example_dags/example_branch_operator.py
[2023-07-27T02:04:02.614+0000] {processor.py:826} INFO - Processing file /home/airflow/.local/lib/python3.7/site-packages/airflow/example_dags/example_branch_operator.py for tasks to queue
[2023-07-27T02:04:02.615+0000] {logging_mixin.py:150} INFO - [2023-07-27T02:04:02.615+0000] {dagbag.py:541} INFO - Filling up the DagBag from /home/airflow/.local/lib/python3.7/site-packages/airflow/example_dags/example_branch_operator.py
[2023-07-27T02:04:02.625+0000] {processor.py:836} INFO - DAG(s) dict_keys(['example_branch_operator']) retrieved from /home/airflow/.local/lib/python3.7/site-packages/airflow/example_dags/example_branch_operator.py
[2023-07-27T02:04:02.653+0000] {logging_mixin.py:150} INFO - [2023-07-27T02:04:02.653+0000] {dag.py:2742} INFO - Sync 1 DAGs
[2023-07-27T02:04:02.683+0000] {logging_mixin.py:150} INFO - [2023-07-27T02:04:02.683+0000] {dag.py:3508} INFO - Setting next_dagrun for example_branch_operator to 2023-07-26T00:00:00+00:00, run_after=2023-07-27T00:00:00+00:00
[2023-07-27T02:04:02.706+0000] {processor.py:179} INFO - Processing /home/airflow/.local/lib/python3.7/site-packages/airflow/example_dags/example_branch_operator.py took 0.097 seconds
[2023-07-27T02:04:33.018+0000] {processor.py:157} INFO - Started process (PID=5370) to work on /home/airflow/.local/lib/python3.7/site-packages/airflow/example_dags/example_branch_operator.py
[2023-07-27T02:04:33.019+0000] {processor.py:826} INFO - Processing file /home/airflow/.local/lib/python3.7/site-packages/airflow/example_dags/example_branch_operator.py for tasks to queue
[2023-07-27T02:04:33.021+0000] {logging_mixin.py:150} INFO - [2023-07-27T02:04:33.020+0000] {dagbag.py:541} INFO - Filling up the DagBag from /home/airflow/.local/lib/python3.7/site-packages/airflow/example_dags/example_branch_operator.py
[2023-07-27T02:04:33.031+0000] {processor.py:836} INFO - DAG(s) dict_keys(['example_branch_operator']) retrieved from /home/airflow/.local/lib/python3.7/site-packages/airflow/example_dags/example_branch_operator.py
[2023-07-27T02:04:33.060+0000] {logging_mixin.py:150} INFO - [2023-07-27T02:04:33.060+0000] {dag.py:2742} INFO - Sync 1 DAGs
[2023-07-27T02:04:33.090+0000] {logging_mixin.py:150} INFO - [2023-07-27T02:04:33.090+0000] {dag.py:3508} INFO - Setting next_dagrun for example_branch_operator to 2023-07-26T00:00:00+00:00, run_after=2023-07-27T00:00:00+00:00
[2023-07-27T02:04:33.113+0000] {processor.py:179} INFO - Processing /home/airflow/.local/lib/python3.7/site-packages/airflow/example_dags/example_branch_operator.py took 0.099 seconds
[2023-07-27T02:05:03.213+0000] {processor.py:157} INFO - Started process (PID=5430) to work on /home/airflow/.local/lib/python3.7/site-packages/airflow/example_dags/example_branch_operator.py
[2023-07-27T02:05:03.214+0000] {processor.py:826} INFO - Processing file /home/airflow/.local/lib/python3.7/site-packages/airflow/example_dags/example_branch_operator.py for tasks to queue
[2023-07-27T02:05:03.216+0000] {logging_mixin.py:150} INFO - [2023-07-27T02:05:03.215+0000] {dagbag.py:541} INFO - Filling up the DagBag from /home/airflow/.local/lib/python3.7/site-packages/airflow/example_dags/example_branch_operator.py
[2023-07-27T02:05:03.226+0000] {processor.py:836} INFO - DAG(s) dict_keys(['example_branch_operator']) retrieved from /home/airflow/.local/lib/python3.7/site-packages/airflow/example_dags/example_branch_operator.py
[2023-07-27T02:05:03.255+0000] {logging_mixin.py:150} INFO - [2023-07-27T02:05:03.255+0000] {dag.py:2742} INFO - Sync 1 DAGs
[2023-07-27T02:05:03.286+0000] {logging_mixin.py:150} INFO - [2023-07-27T02:05:03.286+0000] {dag.py:3508} INFO - Setting next_dagrun for example_branch_operator to 2023-07-26T00:00:00+00:00, run_after=2023-07-27T00:00:00+00:00
[2023-07-27T02:05:03.309+0000] {processor.py:179} INFO - Processing /home/airflow/.local/lib/python3.7/site-packages/airflow/example_dags/example_branch_operator.py took 0.099 seconds
[2023-07-27T02:05:33.759+0000] {processor.py:157} INFO - Started process (PID=5491) to work on /home/airflow/.local/lib/python3.7/site-packages/airflow/example_dags/example_branch_operator.py
[2023-07-27T02:05:33.760+0000] {processor.py:826} INFO - Processing file /home/airflow/.local/lib/python3.7/site-packages/airflow/example_dags/example_branch_operator.py for tasks to queue
[2023-07-27T02:05:33.761+0000] {logging_mixin.py:150} INFO - [2023-07-27T02:05:33.761+0000] {dagbag.py:541} INFO - Filling up the DagBag from /home/airflow/.local/lib/python3.7/site-packages/airflow/example_dags/example_branch_operator.py
[2023-07-27T02:05:33.772+0000] {processor.py:836} INFO - DAG(s) dict_keys(['example_branch_operator']) retrieved from /home/airflow/.local/lib/python3.7/site-packages/airflow/example_dags/example_branch_operator.py
[2023-07-27T02:05:33.800+0000] {logging_mixin.py:150} INFO - [2023-07-27T02:05:33.800+0000] {dag.py:2742} INFO - Sync 1 DAGs
[2023-07-27T02:05:33.830+0000] {logging_mixin.py:150} INFO - [2023-07-27T02:05:33.830+0000] {dag.py:3508} INFO - Setting next_dagrun for example_branch_operator to 2023-07-26T00:00:00+00:00, run_after=2023-07-27T00:00:00+00:00
[2023-07-27T02:05:33.968+0000] {processor.py:179} INFO - Processing /home/airflow/.local/lib/python3.7/site-packages/airflow/example_dags/example_branch_operator.py took 0.213 seconds
[2023-07-27T02:06:04.250+0000] {processor.py:157} INFO - Started process (PID=5550) to work on /home/airflow/.local/lib/python3.7/site-packages/airflow/example_dags/example_branch_operator.py
[2023-07-27T02:06:04.251+0000] {processor.py:826} INFO - Processing file /home/airflow/.local/lib/python3.7/site-packages/airflow/example_dags/example_branch_operator.py for tasks to queue
[2023-07-27T02:06:04.252+0000] {logging_mixin.py:150} INFO - [2023-07-27T02:06:04.252+0000] {dagbag.py:541} INFO - Filling up the DagBag from /home/airflow/.local/lib/python3.7/site-packages/airflow/example_dags/example_branch_operator.py
[2023-07-27T02:06:04.262+0000] {processor.py:836} INFO - DAG(s) dict_keys(['example_branch_operator']) retrieved from /home/airflow/.local/lib/python3.7/site-packages/airflow/example_dags/example_branch_operator.py
[2023-07-27T02:06:04.290+0000] {logging_mixin.py:150} INFO - [2023-07-27T02:06:04.290+0000] {dag.py:2742} INFO - Sync 1 DAGs
[2023-07-27T02:06:04.320+0000] {logging_mixin.py:150} INFO - [2023-07-27T02:06:04.320+0000] {dag.py:3508} INFO - Setting next_dagrun for example_branch_operator to 2023-07-26T00:00:00+00:00, run_after=2023-07-27T00:00:00+00:00
[2023-07-27T02:06:04.344+0000] {processor.py:179} INFO - Processing /home/airflow/.local/lib/python3.7/site-packages/airflow/example_dags/example_branch_operator.py took 0.097 seconds
[2023-07-27T02:06:34.711+0000] {processor.py:157} INFO - Started process (PID=5609) to work on /home/airflow/.local/lib/python3.7/site-packages/airflow/example_dags/example_branch_operator.py
[2023-07-27T02:06:34.713+0000] {processor.py:826} INFO - Processing file /home/airflow/.local/lib/python3.7/site-packages/airflow/example_dags/example_branch_operator.py for tasks to queue
[2023-07-27T02:06:34.714+0000] {logging_mixin.py:150} INFO - [2023-07-27T02:06:34.713+0000] {dagbag.py:541} INFO - Filling up the DagBag from /home/airflow/.local/lib/python3.7/site-packages/airflow/example_dags/example_branch_operator.py
[2023-07-27T02:06:34.724+0000] {processor.py:836} INFO - DAG(s) dict_keys(['example_branch_operator']) retrieved from /home/airflow/.local/lib/python3.7/site-packages/airflow/example_dags/example_branch_operator.py
[2023-07-27T02:06:34.752+0000] {logging_mixin.py:150} INFO - [2023-07-27T02:06:34.752+0000] {dag.py:2742} INFO - Sync 1 DAGs
[2023-07-27T02:06:34.783+0000] {logging_mixin.py:150} INFO - [2023-07-27T02:06:34.783+0000] {dag.py:3508} INFO - Setting next_dagrun for example_branch_operator to 2023-07-26T00:00:00+00:00, run_after=2023-07-27T00:00:00+00:00
[2023-07-27T02:06:34.806+0000] {processor.py:179} INFO - Processing /home/airflow/.local/lib/python3.7/site-packages/airflow/example_dags/example_branch_operator.py took 0.098 seconds
[2023-07-27T02:07:05.476+0000] {processor.py:157} INFO - Started process (PID=5670) to work on /home/airflow/.local/lib/python3.7/site-packages/airflow/example_dags/example_branch_operator.py
[2023-07-27T02:07:05.477+0000] {processor.py:826} INFO - Processing file /home/airflow/.local/lib/python3.7/site-packages/airflow/example_dags/example_branch_operator.py for tasks to queue
[2023-07-27T02:07:05.479+0000] {logging_mixin.py:150} INFO - [2023-07-27T02:07:05.478+0000] {dagbag.py:541} INFO - Filling up the DagBag from /home/airflow/.local/lib/python3.7/site-packages/airflow/example_dags/example_branch_operator.py
[2023-07-27T02:07:05.489+0000] {processor.py:836} INFO - DAG(s) dict_keys(['example_branch_operator']) retrieved from /home/airflow/.local/lib/python3.7/site-packages/airflow/example_dags/example_branch_operator.py
[2023-07-27T02:07:05.520+0000] {logging_mixin.py:150} INFO - [2023-07-27T02:07:05.520+0000] {dag.py:2742} INFO - Sync 1 DAGs
[2023-07-27T02:07:05.552+0000] {logging_mixin.py:150} INFO - [2023-07-27T02:07:05.552+0000] {dag.py:3508} INFO - Setting next_dagrun for example_branch_operator to 2023-07-26T00:00:00+00:00, run_after=2023-07-27T00:00:00+00:00
[2023-07-27T02:07:05.576+0000] {processor.py:179} INFO - Processing /home/airflow/.local/lib/python3.7/site-packages/airflow/example_dags/example_branch_operator.py took 0.104 seconds
[2023-07-27T02:07:36.154+0000] {processor.py:157} INFO - Started process (PID=5729) to work on /home/airflow/.local/lib/python3.7/site-packages/airflow/example_dags/example_branch_operator.py
[2023-07-27T02:07:36.155+0000] {processor.py:826} INFO - Processing file /home/airflow/.local/lib/python3.7/site-packages/airflow/example_dags/example_branch_operator.py for tasks to queue
[2023-07-27T02:07:36.156+0000] {logging_mixin.py:150} INFO - [2023-07-27T02:07:36.156+0000] {dagbag.py:541} INFO - Filling up the DagBag from /home/airflow/.local/lib/python3.7/site-packages/airflow/example_dags/example_branch_operator.py
[2023-07-27T02:07:36.169+0000] {processor.py:836} INFO - DAG(s) dict_keys(['example_branch_operator']) retrieved from /home/airflow/.local/lib/python3.7/site-packages/airflow/example_dags/example_branch_operator.py
[2023-07-27T02:07:36.205+0000] {logging_mixin.py:150} INFO - [2023-07-27T02:07:36.204+0000] {dag.py:2742} INFO - Sync 1 DAGs
[2023-07-27T02:07:36.236+0000] {logging_mixin.py:150} INFO - [2023-07-27T02:07:36.236+0000] {dag.py:3508} INFO - Setting next_dagrun for example_branch_operator to 2023-07-26T00:00:00+00:00, run_after=2023-07-27T00:00:00+00:00
[2023-07-27T02:07:36.393+0000] {processor.py:179} INFO - Processing /home/airflow/.local/lib/python3.7/site-packages/airflow/example_dags/example_branch_operator.py took 0.242 seconds
[2023-07-27T02:08:06.447+0000] {processor.py:157} INFO - Started process (PID=5789) to work on /home/airflow/.local/lib/python3.7/site-packages/airflow/example_dags/example_branch_operator.py
[2023-07-27T02:08:06.449+0000] {processor.py:826} INFO - Processing file /home/airflow/.local/lib/python3.7/site-packages/airflow/example_dags/example_branch_operator.py for tasks to queue
[2023-07-27T02:08:06.450+0000] {logging_mixin.py:150} INFO - [2023-07-27T02:08:06.449+0000] {dagbag.py:541} INFO - Filling up the DagBag from /home/airflow/.local/lib/python3.7/site-packages/airflow/example_dags/example_branch_operator.py
[2023-07-27T02:08:06.462+0000] {processor.py:836} INFO - DAG(s) dict_keys(['example_branch_operator']) retrieved from /home/airflow/.local/lib/python3.7/site-packages/airflow/example_dags/example_branch_operator.py
[2023-07-27T02:08:06.496+0000] {logging_mixin.py:150} INFO - [2023-07-27T02:08:06.495+0000] {dag.py:2742} INFO - Sync 1 DAGs
[2023-07-27T02:08:06.530+0000] {logging_mixin.py:150} INFO - [2023-07-27T02:08:06.530+0000] {dag.py:3508} INFO - Setting next_dagrun for example_branch_operator to 2023-07-26T00:00:00+00:00, run_after=2023-07-27T00:00:00+00:00
[2023-07-27T02:08:06.563+0000] {processor.py:179} INFO - Processing /home/airflow/.local/lib/python3.7/site-packages/airflow/example_dags/example_branch_operator.py took 0.120 seconds
[2023-07-27T02:08:36.801+0000] {processor.py:157} INFO - Started process (PID=5850) to work on /home/airflow/.local/lib/python3.7/site-packages/airflow/example_dags/example_branch_operator.py
[2023-07-27T02:08:36.803+0000] {processor.py:826} INFO - Processing file /home/airflow/.local/lib/python3.7/site-packages/airflow/example_dags/example_branch_operator.py for tasks to queue
[2023-07-27T02:08:36.804+0000] {logging_mixin.py:150} INFO - [2023-07-27T02:08:36.803+0000] {dagbag.py:541} INFO - Filling up the DagBag from /home/airflow/.local/lib/python3.7/site-packages/airflow/example_dags/example_branch_operator.py
[2023-07-27T02:08:36.814+0000] {processor.py:836} INFO - DAG(s) dict_keys(['example_branch_operator']) retrieved from /home/airflow/.local/lib/python3.7/site-packages/airflow/example_dags/example_branch_operator.py
[2023-07-27T02:08:36.847+0000] {logging_mixin.py:150} INFO - [2023-07-27T02:08:36.847+0000] {dag.py:2742} INFO - Sync 1 DAGs
[2023-07-27T02:08:37.007+0000] {logging_mixin.py:150} INFO - [2023-07-27T02:08:37.006+0000] {dag.py:3508} INFO - Setting next_dagrun for example_branch_operator to 2023-07-26T00:00:00+00:00, run_after=2023-07-27T00:00:00+00:00
[2023-07-27T02:08:37.041+0000] {processor.py:179} INFO - Processing /home/airflow/.local/lib/python3.7/site-packages/airflow/example_dags/example_branch_operator.py took 0.243 seconds
[2023-07-27T02:09:07.294+0000] {processor.py:157} INFO - Started process (PID=5910) to work on /home/airflow/.local/lib/python3.7/site-packages/airflow/example_dags/example_branch_operator.py
[2023-07-27T02:09:07.295+0000] {processor.py:826} INFO - Processing file /home/airflow/.local/lib/python3.7/site-packages/airflow/example_dags/example_branch_operator.py for tasks to queue
[2023-07-27T02:09:07.296+0000] {logging_mixin.py:150} INFO - [2023-07-27T02:09:07.296+0000] {dagbag.py:541} INFO - Filling up the DagBag from /home/airflow/.local/lib/python3.7/site-packages/airflow/example_dags/example_branch_operator.py
[2023-07-27T02:09:07.307+0000] {processor.py:836} INFO - DAG(s) dict_keys(['example_branch_operator']) retrieved from /home/airflow/.local/lib/python3.7/site-packages/airflow/example_dags/example_branch_operator.py
[2023-07-27T02:09:07.337+0000] {logging_mixin.py:150} INFO - [2023-07-27T02:09:07.336+0000] {dag.py:2742} INFO - Sync 1 DAGs
[2023-07-27T02:09:07.371+0000] {logging_mixin.py:150} INFO - [2023-07-27T02:09:07.370+0000] {dag.py:3508} INFO - Setting next_dagrun for example_branch_operator to 2023-07-26T00:00:00+00:00, run_after=2023-07-27T00:00:00+00:00
[2023-07-27T02:09:07.504+0000] {processor.py:179} INFO - Processing /home/airflow/.local/lib/python3.7/site-packages/airflow/example_dags/example_branch_operator.py took 0.214 seconds
[2023-07-27T02:09:38.024+0000] {processor.py:157} INFO - Started process (PID=5963) to work on /home/airflow/.local/lib/python3.7/site-packages/airflow/example_dags/example_branch_operator.py
[2023-07-27T02:09:38.025+0000] {processor.py:826} INFO - Processing file /home/airflow/.local/lib/python3.7/site-packages/airflow/example_dags/example_branch_operator.py for tasks to queue
[2023-07-27T02:09:38.026+0000] {logging_mixin.py:150} INFO - [2023-07-27T02:09:38.026+0000] {dagbag.py:541} INFO - Filling up the DagBag from /home/airflow/.local/lib/python3.7/site-packages/airflow/example_dags/example_branch_operator.py
[2023-07-27T02:09:38.036+0000] {processor.py:836} INFO - DAG(s) dict_keys(['example_branch_operator']) retrieved from /home/airflow/.local/lib/python3.7/site-packages/airflow/example_dags/example_branch_operator.py
[2023-07-27T02:09:38.066+0000] {logging_mixin.py:150} INFO - [2023-07-27T02:09:38.066+0000] {dag.py:2742} INFO - Sync 1 DAGs
[2023-07-27T02:09:38.095+0000] {logging_mixin.py:150} INFO - [2023-07-27T02:09:38.095+0000] {dag.py:3508} INFO - Setting next_dagrun for example_branch_operator to 2023-07-26T00:00:00+00:00, run_after=2023-07-27T00:00:00+00:00
[2023-07-27T02:09:38.121+0000] {processor.py:179} INFO - Processing /home/airflow/.local/lib/python3.7/site-packages/airflow/example_dags/example_branch_operator.py took 0.100 seconds
[2023-07-27T02:10:08.756+0000] {processor.py:157} INFO - Started process (PID=6023) to work on /home/airflow/.local/lib/python3.7/site-packages/airflow/example_dags/example_branch_operator.py
[2023-07-27T02:10:08.757+0000] {processor.py:826} INFO - Processing file /home/airflow/.local/lib/python3.7/site-packages/airflow/example_dags/example_branch_operator.py for tasks to queue
[2023-07-27T02:10:08.759+0000] {logging_mixin.py:150} INFO - [2023-07-27T02:10:08.758+0000] {dagbag.py:541} INFO - Filling up the DagBag from /home/airflow/.local/lib/python3.7/site-packages/airflow/example_dags/example_branch_operator.py
[2023-07-27T02:10:08.769+0000] {processor.py:836} INFO - DAG(s) dict_keys(['example_branch_operator']) retrieved from /home/airflow/.local/lib/python3.7/site-packages/airflow/example_dags/example_branch_operator.py
[2023-07-27T02:10:08.801+0000] {logging_mixin.py:150} INFO - [2023-07-27T02:10:08.801+0000] {dag.py:2742} INFO - Sync 1 DAGs
[2023-07-27T02:10:08.956+0000] {logging_mixin.py:150} INFO - [2023-07-27T02:10:08.956+0000] {dag.py:3508} INFO - Setting next_dagrun for example_branch_operator to 2023-07-26T00:00:00+00:00, run_after=2023-07-27T00:00:00+00:00
[2023-07-27T02:10:08.980+0000] {processor.py:179} INFO - Processing /home/airflow/.local/lib/python3.7/site-packages/airflow/example_dags/example_branch_operator.py took 0.227 seconds
[2023-07-27T02:10:39.585+0000] {processor.py:157} INFO - Started process (PID=6084) to work on /home/airflow/.local/lib/python3.7/site-packages/airflow/example_dags/example_branch_operator.py
[2023-07-27T02:10:39.586+0000] {processor.py:826} INFO - Processing file /home/airflow/.local/lib/python3.7/site-packages/airflow/example_dags/example_branch_operator.py for tasks to queue
[2023-07-27T02:10:39.587+0000] {logging_mixin.py:150} INFO - [2023-07-27T02:10:39.587+0000] {dagbag.py:541} INFO - Filling up the DagBag from /home/airflow/.local/lib/python3.7/site-packages/airflow/example_dags/example_branch_operator.py
[2023-07-27T02:10:39.599+0000] {processor.py:836} INFO - DAG(s) dict_keys(['example_branch_operator']) retrieved from /home/airflow/.local/lib/python3.7/site-packages/airflow/example_dags/example_branch_operator.py
[2023-07-27T02:10:39.631+0000] {logging_mixin.py:150} INFO - [2023-07-27T02:10:39.631+0000] {dag.py:2742} INFO - Sync 1 DAGs
[2023-07-27T02:10:39.669+0000] {logging_mixin.py:150} INFO - [2023-07-27T02:10:39.669+0000] {dag.py:3508} INFO - Setting next_dagrun for example_branch_operator to 2023-07-26T00:00:00+00:00, run_after=2023-07-27T00:00:00+00:00
[2023-07-27T02:10:40.026+0000] {logging_mixin.py:150} INFO - [2023-07-27T02:10:40.025+0000] {process_utils.py:258} INFO - Waiting up to 5 seconds for processes to exit...
[2023-07-27T02:10:40.027+0000] {logging_mixin.py:150} WARNING - Exception ignored in: <function _collection_gced at 0x7f61f4380320>
[2023-07-27T02:10:40.027+0000] {logging_mixin.py:150} WARNING - Traceback (most recent call last):
[2023-07-27T02:10:40.028+0000] {logging_mixin.py:150} WARNING -   File "/home/airflow/.local/lib/python3.7/site-packages/sqlalchemy/event/registry.py", line 53, in _collection_gced
[2023-07-27T02:10:40.028+0000] {logging_mixin.py:150} WARNING -     def _collection_gced(ref):
[2023-07-27T02:10:40.028+0000] {logging_mixin.py:150} WARNING -   File "/home/airflow/.local/lib/python3.7/site-packages/airflow/dag_processing/manager.py", line 471, in _exit_gracefully
[2023-07-27T02:10:40.029+0000] {logging_mixin.py:150} WARNING -     self.log.debug("Current Stacktrace is: %s", "\n".join(map(str, inspect.stack())))
[2023-07-27T02:10:40.030+0000] {logging_mixin.py:150} WARNING -   File "/usr/local/lib/python3.7/inspect.py", line 1513, in stack
[2023-07-27T02:10:40.031+0000] {logging_mixin.py:150} WARNING -     return getouterframes(sys._getframe(1), context)
[2023-07-27T02:10:40.031+0000] {logging_mixin.py:150} WARNING -   File "/usr/local/lib/python3.7/inspect.py", line 1490, in getouterframes
[2023-07-27T02:10:40.032+0000] {logging_mixin.py:150} WARNING -     frameinfo = (frame,) + getframeinfo(frame, context)
[2023-07-27T02:10:40.033+0000] {logging_mixin.py:150} WARNING -   File "/usr/local/lib/python3.7/inspect.py", line 1464, in getframeinfo
[2023-07-27T02:10:40.034+0000] {logging_mixin.py:150} WARNING -     lines, lnum = findsource(frame)
[2023-07-27T02:10:40.035+0000] {logging_mixin.py:150} WARNING -   File "/usr/local/lib/python3.7/inspect.py", line 780, in findsource
[2023-07-27T02:10:40.035+0000] {logging_mixin.py:150} WARNING -     module = getmodule(object, file)
[2023-07-27T02:10:40.036+0000] {logging_mixin.py:150} WARNING -   File "/usr/local/lib/python3.7/inspect.py", line 742, in getmodule
[2023-07-27T02:10:40.037+0000] {logging_mixin.py:150} WARNING -     os.path.realpath(f)] = module.__name__
[2023-07-27T02:10:40.038+0000] {logging_mixin.py:150} WARNING -   File "/usr/local/lib/python3.7/posixpath.py", line 395, in realpath
[2023-07-27T02:10:40.038+0000] {logging_mixin.py:150} WARNING -     path, ok = _joinrealpath(filename[:0], filename, {})
[2023-07-27T02:10:40.039+0000] {logging_mixin.py:150} WARNING -   File "/usr/local/lib/python3.7/posixpath.py", line 429, in _joinrealpath
[2023-07-27T02:10:40.040+0000] {logging_mixin.py:150} WARNING -     if not islink(newpath):
[2023-07-27T02:10:40.042+0000] {logging_mixin.py:150} WARNING -   File "/usr/local/lib/python3.7/posixpath.py", line 171, in islink
[2023-07-27T02:10:40.043+0000] {logging_mixin.py:150} WARNING -     st = os.lstat(path)
[2023-07-27T02:10:40.043+0000] {logging_mixin.py:150} WARNING -   File "/home/airflow/.local/lib/python3.7/site-packages/airflow/dag_processing/manager.py", line 471, in _exit_gracefully
[2023-07-27T02:10:40.044+0000] {logging_mixin.py:150} WARNING -     self.log.debug("Current Stacktrace is: %s", "\n".join(map(str, inspect.stack())))
[2023-07-27T02:10:40.044+0000] {logging_mixin.py:150} WARNING -   File "/usr/local/lib/python3.7/inspect.py", line 1513, in stack
[2023-07-27T02:10:40.046+0000] {logging_mixin.py:150} WARNING -     return getouterframes(sys._getframe(1), context)
[2023-07-27T02:10:40.046+0000] {logging_mixin.py:150} WARNING -   File "/usr/local/lib/python3.7/inspect.py", line 1490, in getouterframes
[2023-07-27T02:10:40.047+0000] {logging_mixin.py:150} WARNING -     frameinfo = (frame,) + getframeinfo(frame, context)
[2023-07-27T02:10:40.047+0000] {logging_mixin.py:150} WARNING -   File "/usr/local/lib/python3.7/inspect.py", line 1464, in getframeinfo
[2023-07-27T02:10:40.048+0000] {logging_mixin.py:150} WARNING -     lines, lnum = findsource(frame)
[2023-07-27T02:10:40.049+0000] {logging_mixin.py:150} WARNING -   File "/usr/local/lib/python3.7/inspect.py", line 780, in findsource
[2023-07-27T02:10:40.049+0000] {logging_mixin.py:150} WARNING -     module = getmodule(object, file)
[2023-07-27T02:10:40.050+0000] {logging_mixin.py:150} WARNING -   File "/usr/local/lib/python3.7/inspect.py", line 742, in getmodule
[2023-07-27T02:10:40.050+0000] {logging_mixin.py:150} WARNING -     os.path.realpath(f)] = module.__name__
[2023-07-27T02:10:40.051+0000] {logging_mixin.py:150} WARNING -   File "/usr/local/lib/python3.7/posixpath.py", line 395, in realpath
[2023-07-27T02:10:40.051+0000] {logging_mixin.py:150} WARNING -     path, ok = _joinrealpath(filename[:0], filename, {})
[2023-07-27T02:10:40.052+0000] {logging_mixin.py:150} WARNING -   File "/usr/local/lib/python3.7/posixpath.py", line 429, in _joinrealpath
[2023-07-27T02:10:40.053+0000] {logging_mixin.py:150} WARNING -     if not islink(newpath):
[2023-07-27T02:10:40.053+0000] {logging_mixin.py:150} WARNING -   File "/usr/local/lib/python3.7/posixpath.py", line 171, in islink
[2023-07-27T02:10:40.054+0000] {logging_mixin.py:150} WARNING -     st = os.lstat(path)
[2023-07-27T02:10:40.054+0000] {logging_mixin.py:150} WARNING -   File "/home/airflow/.local/lib/python3.7/site-packages/airflow/dag_processing/manager.py", line 475, in _exit_gracefully
[2023-07-27T02:10:40.055+0000] {logging_mixin.py:150} WARNING -     sys.exit(os.EX_OK)
[2023-07-27T02:10:40.056+0000] {logging_mixin.py:150} WARNING - SystemExit: 0
[2023-07-27T02:10:40.081+0000] {processor.py:179} INFO - Processing /home/airflow/.local/lib/python3.7/site-packages/airflow/example_dags/example_branch_operator.py took 0.501 seconds
