[2023-07-27T01:39:05.897+0000] {processor.py:157} INFO - Started process (PID=2351) to work on /home/airflow/.local/lib/python3.7/site-packages/airflow/example_dags/example_task_group_decorator.py
[2023-07-27T01:39:05.899+0000] {processor.py:826} INFO - Processing file /home/airflow/.local/lib/python3.7/site-packages/airflow/example_dags/example_task_group_decorator.py for tasks to queue
[2023-07-27T01:39:05.901+0000] {logging_mixin.py:150} INFO - [2023-07-27T01:39:05.901+0000] {dagbag.py:541} INFO - Filling up the DagBag from /home/airflow/.local/lib/python3.7/site-packages/airflow/example_dags/example_task_group_decorator.py
[2023-07-27T01:39:05.979+0000] {processor.py:836} INFO - DAG(s) dict_keys(['example_task_group_decorator']) retrieved from /home/airflow/.local/lib/python3.7/site-packages/airflow/example_dags/example_task_group_decorator.py
[2023-07-27T01:39:06.076+0000] {logging_mixin.py:150} INFO - [2023-07-27T01:39:06.075+0000] {dag.py:2742} INFO - Sync 1 DAGs
[2023-07-27T01:39:06.152+0000] {logging_mixin.py:150} INFO - [2023-07-27T01:39:06.152+0000] {dag.py:3508} INFO - Setting next_dagrun for example_task_group_decorator to 2023-07-26T01:39:06.152445+00:00, run_after=2023-07-27T01:39:06.152445+00:00
[2023-07-27T01:39:06.215+0000] {processor.py:179} INFO - Processing /home/airflow/.local/lib/python3.7/site-packages/airflow/example_dags/example_task_group_decorator.py took 0.328 seconds
[2023-07-27T01:39:36.847+0000] {processor.py:157} INFO - Started process (PID=2411) to work on /home/airflow/.local/lib/python3.7/site-packages/airflow/example_dags/example_task_group_decorator.py
[2023-07-27T01:39:36.848+0000] {processor.py:826} INFO - Processing file /home/airflow/.local/lib/python3.7/site-packages/airflow/example_dags/example_task_group_decorator.py for tasks to queue
[2023-07-27T01:39:36.850+0000] {logging_mixin.py:150} INFO - [2023-07-27T01:39:36.849+0000] {dagbag.py:541} INFO - Filling up the DagBag from /home/airflow/.local/lib/python3.7/site-packages/airflow/example_dags/example_task_group_decorator.py
[2023-07-27T01:39:36.866+0000] {processor.py:836} INFO - DAG(s) dict_keys(['example_task_group_decorator']) retrieved from /home/airflow/.local/lib/python3.7/site-packages/airflow/example_dags/example_task_group_decorator.py
[2023-07-27T01:39:36.896+0000] {logging_mixin.py:150} INFO - [2023-07-27T01:39:36.896+0000] {dag.py:2742} INFO - Sync 1 DAGs
[2023-07-27T01:39:36.923+0000] {logging_mixin.py:150} INFO - [2023-07-27T01:39:36.923+0000] {dag.py:3508} INFO - Setting next_dagrun for example_task_group_decorator to 2023-07-26T01:39:36.923173+00:00, run_after=2023-07-27T01:39:36.923173+00:00
[2023-07-27T01:39:36.946+0000] {processor.py:179} INFO - Processing /home/airflow/.local/lib/python3.7/site-packages/airflow/example_dags/example_task_group_decorator.py took 0.102 seconds
[2023-07-27T01:40:07.530+0000] {processor.py:157} INFO - Started process (PID=2471) to work on /home/airflow/.local/lib/python3.7/site-packages/airflow/example_dags/example_task_group_decorator.py
[2023-07-27T01:40:07.550+0000] {processor.py:826} INFO - Processing file /home/airflow/.local/lib/python3.7/site-packages/airflow/example_dags/example_task_group_decorator.py for tasks to queue
[2023-07-27T01:40:07.554+0000] {logging_mixin.py:150} INFO - [2023-07-27T01:40:07.554+0000] {dagbag.py:541} INFO - Filling up the DagBag from /home/airflow/.local/lib/python3.7/site-packages/airflow/example_dags/example_task_group_decorator.py
[2023-07-27T01:40:07.594+0000] {processor.py:836} INFO - DAG(s) dict_keys(['example_task_group_decorator']) retrieved from /home/airflow/.local/lib/python3.7/site-packages/airflow/example_dags/example_task_group_decorator.py
[2023-07-27T01:40:07.684+0000] {logging_mixin.py:150} INFO - [2023-07-27T01:40:07.684+0000] {dag.py:2742} INFO - Sync 1 DAGs
[2023-07-27T01:40:07.739+0000] {logging_mixin.py:150} INFO - [2023-07-27T01:40:07.739+0000] {dag.py:3508} INFO - Setting next_dagrun for example_task_group_decorator to 2023-07-26T01:40:07.739448+00:00, run_after=2023-07-27T01:40:07.739448+00:00
[2023-07-27T01:40:07.820+0000] {processor.py:179} INFO - Processing /home/airflow/.local/lib/python3.7/site-packages/airflow/example_dags/example_task_group_decorator.py took 0.294 seconds
[2023-07-27T01:40:38.457+0000] {processor.py:157} INFO - Started process (PID=2532) to work on /home/airflow/.local/lib/python3.7/site-packages/airflow/example_dags/example_task_group_decorator.py
[2023-07-27T01:40:38.459+0000] {processor.py:826} INFO - Processing file /home/airflow/.local/lib/python3.7/site-packages/airflow/example_dags/example_task_group_decorator.py for tasks to queue
[2023-07-27T01:40:38.460+0000] {logging_mixin.py:150} INFO - [2023-07-27T01:40:38.459+0000] {dagbag.py:541} INFO - Filling up the DagBag from /home/airflow/.local/lib/python3.7/site-packages/airflow/example_dags/example_task_group_decorator.py
[2023-07-27T01:40:38.476+0000] {processor.py:836} INFO - DAG(s) dict_keys(['example_task_group_decorator']) retrieved from /home/airflow/.local/lib/python3.7/site-packages/airflow/example_dags/example_task_group_decorator.py
[2023-07-27T01:40:38.505+0000] {logging_mixin.py:150} INFO - [2023-07-27T01:40:38.505+0000] {dag.py:2742} INFO - Sync 1 DAGs
[2023-07-27T01:40:38.531+0000] {logging_mixin.py:150} INFO - [2023-07-27T01:40:38.531+0000] {dag.py:3508} INFO - Setting next_dagrun for example_task_group_decorator to 2023-07-26T01:40:38.531421+00:00, run_after=2023-07-27T01:40:38.531421+00:00
[2023-07-27T01:40:38.556+0000] {processor.py:179} INFO - Processing /home/airflow/.local/lib/python3.7/site-packages/airflow/example_dags/example_task_group_decorator.py took 0.102 seconds
[2023-07-27T01:41:09.412+0000] {processor.py:157} INFO - Started process (PID=2592) to work on /home/airflow/.local/lib/python3.7/site-packages/airflow/example_dags/example_task_group_decorator.py
[2023-07-27T01:41:09.414+0000] {processor.py:826} INFO - Processing file /home/airflow/.local/lib/python3.7/site-packages/airflow/example_dags/example_task_group_decorator.py for tasks to queue
[2023-07-27T01:41:09.415+0000] {logging_mixin.py:150} INFO - [2023-07-27T01:41:09.415+0000] {dagbag.py:541} INFO - Filling up the DagBag from /home/airflow/.local/lib/python3.7/site-packages/airflow/example_dags/example_task_group_decorator.py
[2023-07-27T01:41:09.432+0000] {processor.py:836} INFO - DAG(s) dict_keys(['example_task_group_decorator']) retrieved from /home/airflow/.local/lib/python3.7/site-packages/airflow/example_dags/example_task_group_decorator.py
[2023-07-27T01:41:09.460+0000] {logging_mixin.py:150} INFO - [2023-07-27T01:41:09.460+0000] {dag.py:2742} INFO - Sync 1 DAGs
[2023-07-27T01:41:09.488+0000] {logging_mixin.py:150} INFO - [2023-07-27T01:41:09.487+0000] {dag.py:3508} INFO - Setting next_dagrun for example_task_group_decorator to 2023-07-26T01:41:09.487580+00:00, run_after=2023-07-27T01:41:09.487580+00:00
[2023-07-27T01:41:09.511+0000] {processor.py:179} INFO - Processing /home/airflow/.local/lib/python3.7/site-packages/airflow/example_dags/example_task_group_decorator.py took 0.103 seconds
[2023-07-27T01:41:39.666+0000] {processor.py:157} INFO - Started process (PID=2651) to work on /home/airflow/.local/lib/python3.7/site-packages/airflow/example_dags/example_task_group_decorator.py
[2023-07-27T01:41:39.667+0000] {processor.py:826} INFO - Processing file /home/airflow/.local/lib/python3.7/site-packages/airflow/example_dags/example_task_group_decorator.py for tasks to queue
[2023-07-27T01:41:39.668+0000] {logging_mixin.py:150} INFO - [2023-07-27T01:41:39.668+0000] {dagbag.py:541} INFO - Filling up the DagBag from /home/airflow/.local/lib/python3.7/site-packages/airflow/example_dags/example_task_group_decorator.py
[2023-07-27T01:41:39.687+0000] {processor.py:836} INFO - DAG(s) dict_keys(['example_task_group_decorator']) retrieved from /home/airflow/.local/lib/python3.7/site-packages/airflow/example_dags/example_task_group_decorator.py
[2023-07-27T01:41:39.718+0000] {logging_mixin.py:150} INFO - [2023-07-27T01:41:39.717+0000] {dag.py:2742} INFO - Sync 1 DAGs
[2023-07-27T01:41:39.745+0000] {logging_mixin.py:150} INFO - [2023-07-27T01:41:39.745+0000] {dag.py:3508} INFO - Setting next_dagrun for example_task_group_decorator to 2023-07-26T01:41:39.745130+00:00, run_after=2023-07-27T01:41:39.745130+00:00
[2023-07-27T01:41:39.769+0000] {processor.py:179} INFO - Processing /home/airflow/.local/lib/python3.7/site-packages/airflow/example_dags/example_task_group_decorator.py took 0.107 seconds
[2023-07-27T01:42:10.630+0000] {processor.py:157} INFO - Started process (PID=2712) to work on /home/airflow/.local/lib/python3.7/site-packages/airflow/example_dags/example_task_group_decorator.py
[2023-07-27T01:42:10.631+0000] {processor.py:826} INFO - Processing file /home/airflow/.local/lib/python3.7/site-packages/airflow/example_dags/example_task_group_decorator.py for tasks to queue
[2023-07-27T01:42:10.632+0000] {logging_mixin.py:150} INFO - [2023-07-27T01:42:10.632+0000] {dagbag.py:541} INFO - Filling up the DagBag from /home/airflow/.local/lib/python3.7/site-packages/airflow/example_dags/example_task_group_decorator.py
[2023-07-27T01:42:10.649+0000] {processor.py:836} INFO - DAG(s) dict_keys(['example_task_group_decorator']) retrieved from /home/airflow/.local/lib/python3.7/site-packages/airflow/example_dags/example_task_group_decorator.py
[2023-07-27T01:42:10.679+0000] {logging_mixin.py:150} INFO - [2023-07-27T01:42:10.679+0000] {dag.py:2742} INFO - Sync 1 DAGs
[2023-07-27T01:42:10.707+0000] {logging_mixin.py:150} INFO - [2023-07-27T01:42:10.707+0000] {dag.py:3508} INFO - Setting next_dagrun for example_task_group_decorator to 2023-07-26T01:42:10.707057+00:00, run_after=2023-07-27T01:42:10.707057+00:00
[2023-07-27T01:42:10.733+0000] {processor.py:179} INFO - Processing /home/airflow/.local/lib/python3.7/site-packages/airflow/example_dags/example_task_group_decorator.py took 0.108 seconds
[2023-07-27T01:42:41.491+0000] {processor.py:157} INFO - Started process (PID=2773) to work on /home/airflow/.local/lib/python3.7/site-packages/airflow/example_dags/example_task_group_decorator.py
[2023-07-27T01:42:41.492+0000] {processor.py:826} INFO - Processing file /home/airflow/.local/lib/python3.7/site-packages/airflow/example_dags/example_task_group_decorator.py for tasks to queue
[2023-07-27T01:42:41.494+0000] {logging_mixin.py:150} INFO - [2023-07-27T01:42:41.494+0000] {dagbag.py:541} INFO - Filling up the DagBag from /home/airflow/.local/lib/python3.7/site-packages/airflow/example_dags/example_task_group_decorator.py
[2023-07-27T01:42:41.511+0000] {processor.py:836} INFO - DAG(s) dict_keys(['example_task_group_decorator']) retrieved from /home/airflow/.local/lib/python3.7/site-packages/airflow/example_dags/example_task_group_decorator.py
[2023-07-27T01:42:41.545+0000] {logging_mixin.py:150} INFO - [2023-07-27T01:42:41.545+0000] {dag.py:2742} INFO - Sync 1 DAGs
[2023-07-27T01:42:41.583+0000] {logging_mixin.py:150} INFO - [2023-07-27T01:42:41.583+0000] {dag.py:3508} INFO - Setting next_dagrun for example_task_group_decorator to 2023-07-26T01:42:41.583059+00:00, run_after=2023-07-27T01:42:41.583059+00:00
[2023-07-27T01:42:41.606+0000] {processor.py:179} INFO - Processing /home/airflow/.local/lib/python3.7/site-packages/airflow/example_dags/example_task_group_decorator.py took 0.118 seconds
[2023-07-27T01:43:11.650+0000] {processor.py:157} INFO - Started process (PID=2833) to work on /home/airflow/.local/lib/python3.7/site-packages/airflow/example_dags/example_task_group_decorator.py
[2023-07-27T01:43:11.651+0000] {processor.py:826} INFO - Processing file /home/airflow/.local/lib/python3.7/site-packages/airflow/example_dags/example_task_group_decorator.py for tasks to queue
[2023-07-27T01:43:11.652+0000] {logging_mixin.py:150} INFO - [2023-07-27T01:43:11.652+0000] {dagbag.py:541} INFO - Filling up the DagBag from /home/airflow/.local/lib/python3.7/site-packages/airflow/example_dags/example_task_group_decorator.py
[2023-07-27T01:43:11.669+0000] {processor.py:836} INFO - DAG(s) dict_keys(['example_task_group_decorator']) retrieved from /home/airflow/.local/lib/python3.7/site-packages/airflow/example_dags/example_task_group_decorator.py
[2023-07-27T01:43:11.698+0000] {logging_mixin.py:150} INFO - [2023-07-27T01:43:11.697+0000] {dag.py:2742} INFO - Sync 1 DAGs
[2023-07-27T01:43:11.725+0000] {logging_mixin.py:150} INFO - [2023-07-27T01:43:11.725+0000] {dag.py:3508} INFO - Setting next_dagrun for example_task_group_decorator to 2023-07-26T01:43:11.724953+00:00, run_after=2023-07-27T01:43:11.724953+00:00
[2023-07-27T01:43:11.746+0000] {processor.py:179} INFO - Processing /home/airflow/.local/lib/python3.7/site-packages/airflow/example_dags/example_task_group_decorator.py took 0.100 seconds
[2023-07-27T01:43:41.783+0000] {processor.py:157} INFO - Started process (PID=2886) to work on /home/airflow/.local/lib/python3.7/site-packages/airflow/example_dags/example_task_group_decorator.py
[2023-07-27T01:43:41.785+0000] {processor.py:826} INFO - Processing file /home/airflow/.local/lib/python3.7/site-packages/airflow/example_dags/example_task_group_decorator.py for tasks to queue
[2023-07-27T01:43:41.786+0000] {logging_mixin.py:150} INFO - [2023-07-27T01:43:41.786+0000] {dagbag.py:541} INFO - Filling up the DagBag from /home/airflow/.local/lib/python3.7/site-packages/airflow/example_dags/example_task_group_decorator.py
[2023-07-27T01:43:41.803+0000] {processor.py:836} INFO - DAG(s) dict_keys(['example_task_group_decorator']) retrieved from /home/airflow/.local/lib/python3.7/site-packages/airflow/example_dags/example_task_group_decorator.py
[2023-07-27T01:43:41.833+0000] {logging_mixin.py:150} INFO - [2023-07-27T01:43:41.833+0000] {dag.py:2742} INFO - Sync 1 DAGs
[2023-07-27T01:43:41.861+0000] {logging_mixin.py:150} INFO - [2023-07-27T01:43:41.860+0000] {dag.py:3508} INFO - Setting next_dagrun for example_task_group_decorator to 2023-07-26T01:43:41.860501+00:00, run_after=2023-07-27T01:43:41.860501+00:00
[2023-07-27T01:43:41.887+0000] {processor.py:179} INFO - Processing /home/airflow/.local/lib/python3.7/site-packages/airflow/example_dags/example_task_group_decorator.py took 0.107 seconds
[2023-07-27T01:44:12.839+0000] {processor.py:157} INFO - Started process (PID=2947) to work on /home/airflow/.local/lib/python3.7/site-packages/airflow/example_dags/example_task_group_decorator.py
[2023-07-27T01:44:12.840+0000] {processor.py:826} INFO - Processing file /home/airflow/.local/lib/python3.7/site-packages/airflow/example_dags/example_task_group_decorator.py for tasks to queue
[2023-07-27T01:44:12.841+0000] {logging_mixin.py:150} INFO - [2023-07-27T01:44:12.841+0000] {dagbag.py:541} INFO - Filling up the DagBag from /home/airflow/.local/lib/python3.7/site-packages/airflow/example_dags/example_task_group_decorator.py
[2023-07-27T01:44:12.858+0000] {processor.py:836} INFO - DAG(s) dict_keys(['example_task_group_decorator']) retrieved from /home/airflow/.local/lib/python3.7/site-packages/airflow/example_dags/example_task_group_decorator.py
[2023-07-27T01:44:12.890+0000] {logging_mixin.py:150} INFO - [2023-07-27T01:44:12.890+0000] {dag.py:2742} INFO - Sync 1 DAGs
[2023-07-27T01:44:12.917+0000] {logging_mixin.py:150} INFO - [2023-07-27T01:44:12.917+0000] {dag.py:3508} INFO - Setting next_dagrun for example_task_group_decorator to 2023-07-26T01:44:12.917158+00:00, run_after=2023-07-27T01:44:12.917158+00:00
[2023-07-27T01:44:12.940+0000] {processor.py:179} INFO - Processing /home/airflow/.local/lib/python3.7/site-packages/airflow/example_dags/example_task_group_decorator.py took 0.104 seconds
[2023-07-27T01:44:43.562+0000] {processor.py:157} INFO - Started process (PID=3007) to work on /home/airflow/.local/lib/python3.7/site-packages/airflow/example_dags/example_task_group_decorator.py
[2023-07-27T01:44:43.564+0000] {processor.py:826} INFO - Processing file /home/airflow/.local/lib/python3.7/site-packages/airflow/example_dags/example_task_group_decorator.py for tasks to queue
[2023-07-27T01:44:43.565+0000] {logging_mixin.py:150} INFO - [2023-07-27T01:44:43.564+0000] {dagbag.py:541} INFO - Filling up the DagBag from /home/airflow/.local/lib/python3.7/site-packages/airflow/example_dags/example_task_group_decorator.py
[2023-07-27T01:44:43.582+0000] {processor.py:836} INFO - DAG(s) dict_keys(['example_task_group_decorator']) retrieved from /home/airflow/.local/lib/python3.7/site-packages/airflow/example_dags/example_task_group_decorator.py
[2023-07-27T01:44:43.613+0000] {logging_mixin.py:150} INFO - [2023-07-27T01:44:43.613+0000] {dag.py:2742} INFO - Sync 1 DAGs
[2023-07-27T01:44:43.642+0000] {logging_mixin.py:150} INFO - [2023-07-27T01:44:43.642+0000] {dag.py:3508} INFO - Setting next_dagrun for example_task_group_decorator to 2023-07-26T01:44:43.642290+00:00, run_after=2023-07-27T01:44:43.642290+00:00
[2023-07-27T01:44:43.664+0000] {processor.py:179} INFO - Processing /home/airflow/.local/lib/python3.7/site-packages/airflow/example_dags/example_task_group_decorator.py took 0.106 seconds
[2023-07-27T01:45:14.071+0000] {processor.py:157} INFO - Started process (PID=3067) to work on /home/airflow/.local/lib/python3.7/site-packages/airflow/example_dags/example_task_group_decorator.py
[2023-07-27T01:45:14.073+0000] {processor.py:826} INFO - Processing file /home/airflow/.local/lib/python3.7/site-packages/airflow/example_dags/example_task_group_decorator.py for tasks to queue
[2023-07-27T01:45:14.074+0000] {logging_mixin.py:150} INFO - [2023-07-27T01:45:14.074+0000] {dagbag.py:541} INFO - Filling up the DagBag from /home/airflow/.local/lib/python3.7/site-packages/airflow/example_dags/example_task_group_decorator.py
[2023-07-27T01:45:14.091+0000] {processor.py:836} INFO - DAG(s) dict_keys(['example_task_group_decorator']) retrieved from /home/airflow/.local/lib/python3.7/site-packages/airflow/example_dags/example_task_group_decorator.py
[2023-07-27T01:45:14.121+0000] {logging_mixin.py:150} INFO - [2023-07-27T01:45:14.121+0000] {dag.py:2742} INFO - Sync 1 DAGs
[2023-07-27T01:45:14.149+0000] {logging_mixin.py:150} INFO - [2023-07-27T01:45:14.149+0000] {dag.py:3508} INFO - Setting next_dagrun for example_task_group_decorator to 2023-07-26T01:45:14.149030+00:00, run_after=2023-07-27T01:45:14.149030+00:00
[2023-07-27T01:45:14.173+0000] {processor.py:179} INFO - Processing /home/airflow/.local/lib/python3.7/site-packages/airflow/example_dags/example_task_group_decorator.py took 0.105 seconds
[2023-07-27T01:45:44.222+0000] {processor.py:157} INFO - Started process (PID=3127) to work on /home/airflow/.local/lib/python3.7/site-packages/airflow/example_dags/example_task_group_decorator.py
[2023-07-27T01:45:44.223+0000] {processor.py:826} INFO - Processing file /home/airflow/.local/lib/python3.7/site-packages/airflow/example_dags/example_task_group_decorator.py for tasks to queue
[2023-07-27T01:45:44.224+0000] {logging_mixin.py:150} INFO - [2023-07-27T01:45:44.224+0000] {dagbag.py:541} INFO - Filling up the DagBag from /home/airflow/.local/lib/python3.7/site-packages/airflow/example_dags/example_task_group_decorator.py
[2023-07-27T01:45:44.240+0000] {processor.py:836} INFO - DAG(s) dict_keys(['example_task_group_decorator']) retrieved from /home/airflow/.local/lib/python3.7/site-packages/airflow/example_dags/example_task_group_decorator.py
[2023-07-27T01:45:44.270+0000] {logging_mixin.py:150} INFO - [2023-07-27T01:45:44.270+0000] {dag.py:2742} INFO - Sync 1 DAGs
[2023-07-27T01:45:44.297+0000] {logging_mixin.py:150} INFO - [2023-07-27T01:45:44.297+0000] {dag.py:3508} INFO - Setting next_dagrun for example_task_group_decorator to 2023-07-26T01:45:44.297016+00:00, run_after=2023-07-27T01:45:44.297016+00:00
[2023-07-27T01:45:44.325+0000] {processor.py:179} INFO - Processing /home/airflow/.local/lib/python3.7/site-packages/airflow/example_dags/example_task_group_decorator.py took 0.106 seconds
[2023-07-27T01:46:14.496+0000] {processor.py:157} INFO - Started process (PID=3187) to work on /home/airflow/.local/lib/python3.7/site-packages/airflow/example_dags/example_task_group_decorator.py
[2023-07-27T01:46:14.497+0000] {processor.py:826} INFO - Processing file /home/airflow/.local/lib/python3.7/site-packages/airflow/example_dags/example_task_group_decorator.py for tasks to queue
[2023-07-27T01:46:14.499+0000] {logging_mixin.py:150} INFO - [2023-07-27T01:46:14.498+0000] {dagbag.py:541} INFO - Filling up the DagBag from /home/airflow/.local/lib/python3.7/site-packages/airflow/example_dags/example_task_group_decorator.py
[2023-07-27T01:46:14.515+0000] {processor.py:836} INFO - DAG(s) dict_keys(['example_task_group_decorator']) retrieved from /home/airflow/.local/lib/python3.7/site-packages/airflow/example_dags/example_task_group_decorator.py
[2023-07-27T01:46:14.544+0000] {logging_mixin.py:150} INFO - [2023-07-27T01:46:14.544+0000] {dag.py:2742} INFO - Sync 1 DAGs
[2023-07-27T01:46:14.571+0000] {logging_mixin.py:150} INFO - [2023-07-27T01:46:14.571+0000] {dag.py:3508} INFO - Setting next_dagrun for example_task_group_decorator to 2023-07-26T01:46:14.571274+00:00, run_after=2023-07-27T01:46:14.571274+00:00
[2023-07-27T01:46:14.601+0000] {processor.py:179} INFO - Processing /home/airflow/.local/lib/python3.7/site-packages/airflow/example_dags/example_task_group_decorator.py took 0.109 seconds
[2023-07-27T01:46:45.793+0000] {processor.py:157} INFO - Started process (PID=3255) to work on /home/airflow/.local/lib/python3.7/site-packages/airflow/example_dags/example_task_group_decorator.py
[2023-07-27T01:46:45.794+0000] {processor.py:826} INFO - Processing file /home/airflow/.local/lib/python3.7/site-packages/airflow/example_dags/example_task_group_decorator.py for tasks to queue
[2023-07-27T01:46:45.795+0000] {logging_mixin.py:150} INFO - [2023-07-27T01:46:45.795+0000] {dagbag.py:541} INFO - Filling up the DagBag from /home/airflow/.local/lib/python3.7/site-packages/airflow/example_dags/example_task_group_decorator.py
[2023-07-27T01:46:45.812+0000] {processor.py:836} INFO - DAG(s) dict_keys(['example_task_group_decorator']) retrieved from /home/airflow/.local/lib/python3.7/site-packages/airflow/example_dags/example_task_group_decorator.py
[2023-07-27T01:46:45.842+0000] {logging_mixin.py:150} INFO - [2023-07-27T01:46:45.842+0000] {dag.py:2742} INFO - Sync 1 DAGs
[2023-07-27T01:46:45.872+0000] {logging_mixin.py:150} INFO - [2023-07-27T01:46:45.872+0000] {dag.py:3508} INFO - Setting next_dagrun for example_task_group_decorator to 2023-07-26T01:46:45.871913+00:00, run_after=2023-07-27T01:46:45.871913+00:00
[2023-07-27T01:46:45.896+0000] {processor.py:179} INFO - Processing /home/airflow/.local/lib/python3.7/site-packages/airflow/example_dags/example_task_group_decorator.py took 0.107 seconds
[2023-07-27T01:47:16.205+0000] {processor.py:157} INFO - Started process (PID=3315) to work on /home/airflow/.local/lib/python3.7/site-packages/airflow/example_dags/example_task_group_decorator.py
[2023-07-27T01:47:16.206+0000] {processor.py:826} INFO - Processing file /home/airflow/.local/lib/python3.7/site-packages/airflow/example_dags/example_task_group_decorator.py for tasks to queue
[2023-07-27T01:47:16.208+0000] {logging_mixin.py:150} INFO - [2023-07-27T01:47:16.207+0000] {dagbag.py:541} INFO - Filling up the DagBag from /home/airflow/.local/lib/python3.7/site-packages/airflow/example_dags/example_task_group_decorator.py
[2023-07-27T01:47:16.225+0000] {processor.py:836} INFO - DAG(s) dict_keys(['example_task_group_decorator']) retrieved from /home/airflow/.local/lib/python3.7/site-packages/airflow/example_dags/example_task_group_decorator.py
[2023-07-27T01:47:16.254+0000] {logging_mixin.py:150} INFO - [2023-07-27T01:47:16.254+0000] {dag.py:2742} INFO - Sync 1 DAGs
[2023-07-27T01:47:16.282+0000] {logging_mixin.py:150} INFO - [2023-07-27T01:47:16.282+0000] {dag.py:3508} INFO - Setting next_dagrun for example_task_group_decorator to 2023-07-26T01:47:16.282127+00:00, run_after=2023-07-27T01:47:16.282127+00:00
[2023-07-27T01:47:16.306+0000] {processor.py:179} INFO - Processing /home/airflow/.local/lib/python3.7/site-packages/airflow/example_dags/example_task_group_decorator.py took 0.104 seconds
[2023-07-27T01:47:47.255+0000] {processor.py:157} INFO - Started process (PID=3375) to work on /home/airflow/.local/lib/python3.7/site-packages/airflow/example_dags/example_task_group_decorator.py
[2023-07-27T01:47:47.256+0000] {processor.py:826} INFO - Processing file /home/airflow/.local/lib/python3.7/site-packages/airflow/example_dags/example_task_group_decorator.py for tasks to queue
[2023-07-27T01:47:47.257+0000] {logging_mixin.py:150} INFO - [2023-07-27T01:47:47.257+0000] {dagbag.py:541} INFO - Filling up the DagBag from /home/airflow/.local/lib/python3.7/site-packages/airflow/example_dags/example_task_group_decorator.py
[2023-07-27T01:47:47.275+0000] {processor.py:836} INFO - DAG(s) dict_keys(['example_task_group_decorator']) retrieved from /home/airflow/.local/lib/python3.7/site-packages/airflow/example_dags/example_task_group_decorator.py
[2023-07-27T01:47:47.304+0000] {logging_mixin.py:150} INFO - [2023-07-27T01:47:47.304+0000] {dag.py:2742} INFO - Sync 1 DAGs
[2023-07-27T01:47:47.332+0000] {logging_mixin.py:150} INFO - [2023-07-27T01:47:47.332+0000] {dag.py:3508} INFO - Setting next_dagrun for example_task_group_decorator to 2023-07-26T01:47:47.331784+00:00, run_after=2023-07-27T01:47:47.331784+00:00
[2023-07-27T01:47:47.356+0000] {processor.py:179} INFO - Processing /home/airflow/.local/lib/python3.7/site-packages/airflow/example_dags/example_task_group_decorator.py took 0.105 seconds
[2023-07-27T01:48:17.714+0000] {processor.py:157} INFO - Started process (PID=3435) to work on /home/airflow/.local/lib/python3.7/site-packages/airflow/example_dags/example_task_group_decorator.py
[2023-07-27T01:48:17.716+0000] {processor.py:826} INFO - Processing file /home/airflow/.local/lib/python3.7/site-packages/airflow/example_dags/example_task_group_decorator.py for tasks to queue
[2023-07-27T01:48:17.717+0000] {logging_mixin.py:150} INFO - [2023-07-27T01:48:17.716+0000] {dagbag.py:541} INFO - Filling up the DagBag from /home/airflow/.local/lib/python3.7/site-packages/airflow/example_dags/example_task_group_decorator.py
[2023-07-27T01:48:17.734+0000] {processor.py:836} INFO - DAG(s) dict_keys(['example_task_group_decorator']) retrieved from /home/airflow/.local/lib/python3.7/site-packages/airflow/example_dags/example_task_group_decorator.py
[2023-07-27T01:48:17.765+0000] {logging_mixin.py:150} INFO - [2023-07-27T01:48:17.765+0000] {dag.py:2742} INFO - Sync 1 DAGs
[2023-07-27T01:48:17.793+0000] {logging_mixin.py:150} INFO - [2023-07-27T01:48:17.793+0000] {dag.py:3508} INFO - Setting next_dagrun for example_task_group_decorator to 2023-07-26T01:48:17.793383+00:00, run_after=2023-07-27T01:48:17.793383+00:00
[2023-07-27T01:48:17.818+0000] {processor.py:179} INFO - Processing /home/airflow/.local/lib/python3.7/site-packages/airflow/example_dags/example_task_group_decorator.py took 0.108 seconds
[2023-07-27T01:48:47.899+0000] {processor.py:157} INFO - Started process (PID=3494) to work on /home/airflow/.local/lib/python3.7/site-packages/airflow/example_dags/example_task_group_decorator.py
[2023-07-27T01:48:47.900+0000] {processor.py:826} INFO - Processing file /home/airflow/.local/lib/python3.7/site-packages/airflow/example_dags/example_task_group_decorator.py for tasks to queue
[2023-07-27T01:48:47.901+0000] {logging_mixin.py:150} INFO - [2023-07-27T01:48:47.901+0000] {dagbag.py:541} INFO - Filling up the DagBag from /home/airflow/.local/lib/python3.7/site-packages/airflow/example_dags/example_task_group_decorator.py
[2023-07-27T01:48:47.918+0000] {processor.py:836} INFO - DAG(s) dict_keys(['example_task_group_decorator']) retrieved from /home/airflow/.local/lib/python3.7/site-packages/airflow/example_dags/example_task_group_decorator.py
[2023-07-27T01:48:47.947+0000] {logging_mixin.py:150} INFO - [2023-07-27T01:48:47.947+0000] {dag.py:2742} INFO - Sync 1 DAGs
[2023-07-27T01:48:47.974+0000] {logging_mixin.py:150} INFO - [2023-07-27T01:48:47.974+0000] {dag.py:3508} INFO - Setting next_dagrun for example_task_group_decorator to 2023-07-26T01:48:47.974393+00:00, run_after=2023-07-27T01:48:47.974393+00:00
[2023-07-27T01:48:47.997+0000] {processor.py:179} INFO - Processing /home/airflow/.local/lib/python3.7/site-packages/airflow/example_dags/example_task_group_decorator.py took 0.102 seconds
[2023-07-27T01:49:18.288+0000] {processor.py:157} INFO - Started process (PID=3555) to work on /home/airflow/.local/lib/python3.7/site-packages/airflow/example_dags/example_task_group_decorator.py
[2023-07-27T01:49:18.289+0000] {processor.py:826} INFO - Processing file /home/airflow/.local/lib/python3.7/site-packages/airflow/example_dags/example_task_group_decorator.py for tasks to queue
[2023-07-27T01:49:18.291+0000] {logging_mixin.py:150} INFO - [2023-07-27T01:49:18.290+0000] {dagbag.py:541} INFO - Filling up the DagBag from /home/airflow/.local/lib/python3.7/site-packages/airflow/example_dags/example_task_group_decorator.py
[2023-07-27T01:49:18.308+0000] {processor.py:836} INFO - DAG(s) dict_keys(['example_task_group_decorator']) retrieved from /home/airflow/.local/lib/python3.7/site-packages/airflow/example_dags/example_task_group_decorator.py
[2023-07-27T01:49:18.338+0000] {logging_mixin.py:150} INFO - [2023-07-27T01:49:18.338+0000] {dag.py:2742} INFO - Sync 1 DAGs
[2023-07-27T01:49:18.367+0000] {logging_mixin.py:150} INFO - [2023-07-27T01:49:18.367+0000] {dag.py:3508} INFO - Setting next_dagrun for example_task_group_decorator to 2023-07-26T01:49:18.366897+00:00, run_after=2023-07-27T01:49:18.366897+00:00
[2023-07-27T01:49:18.391+0000] {processor.py:179} INFO - Processing /home/airflow/.local/lib/python3.7/site-packages/airflow/example_dags/example_task_group_decorator.py took 0.107 seconds
[2023-07-27T01:49:48.819+0000] {processor.py:157} INFO - Started process (PID=3615) to work on /home/airflow/.local/lib/python3.7/site-packages/airflow/example_dags/example_task_group_decorator.py
[2023-07-27T01:49:48.821+0000] {processor.py:826} INFO - Processing file /home/airflow/.local/lib/python3.7/site-packages/airflow/example_dags/example_task_group_decorator.py for tasks to queue
[2023-07-27T01:49:48.822+0000] {logging_mixin.py:150} INFO - [2023-07-27T01:49:48.822+0000] {dagbag.py:541} INFO - Filling up the DagBag from /home/airflow/.local/lib/python3.7/site-packages/airflow/example_dags/example_task_group_decorator.py
[2023-07-27T01:49:48.848+0000] {processor.py:836} INFO - DAG(s) dict_keys(['example_task_group_decorator']) retrieved from /home/airflow/.local/lib/python3.7/site-packages/airflow/example_dags/example_task_group_decorator.py
[2023-07-27T01:49:48.877+0000] {logging_mixin.py:150} INFO - [2023-07-27T01:49:48.877+0000] {dag.py:2742} INFO - Sync 1 DAGs
[2023-07-27T01:49:48.906+0000] {logging_mixin.py:150} INFO - [2023-07-27T01:49:48.906+0000] {dag.py:3508} INFO - Setting next_dagrun for example_task_group_decorator to 2023-07-26T01:49:48.906381+00:00, run_after=2023-07-27T01:49:48.906381+00:00
[2023-07-27T01:49:48.928+0000] {processor.py:179} INFO - Processing /home/airflow/.local/lib/python3.7/site-packages/airflow/example_dags/example_task_group_decorator.py took 0.112 seconds
[2023-07-27T01:50:19.233+0000] {processor.py:157} INFO - Started process (PID=3675) to work on /home/airflow/.local/lib/python3.7/site-packages/airflow/example_dags/example_task_group_decorator.py
[2023-07-27T01:50:19.234+0000] {processor.py:826} INFO - Processing file /home/airflow/.local/lib/python3.7/site-packages/airflow/example_dags/example_task_group_decorator.py for tasks to queue
[2023-07-27T01:50:19.235+0000] {logging_mixin.py:150} INFO - [2023-07-27T01:50:19.235+0000] {dagbag.py:541} INFO - Filling up the DagBag from /home/airflow/.local/lib/python3.7/site-packages/airflow/example_dags/example_task_group_decorator.py
[2023-07-27T01:50:19.255+0000] {processor.py:836} INFO - DAG(s) dict_keys(['example_task_group_decorator']) retrieved from /home/airflow/.local/lib/python3.7/site-packages/airflow/example_dags/example_task_group_decorator.py
[2023-07-27T01:50:19.288+0000] {logging_mixin.py:150} INFO - [2023-07-27T01:50:19.288+0000] {dag.py:2742} INFO - Sync 1 DAGs
[2023-07-27T01:50:19.318+0000] {logging_mixin.py:150} INFO - [2023-07-27T01:50:19.317+0000] {dag.py:3508} INFO - Setting next_dagrun for example_task_group_decorator to 2023-07-26T01:50:19.317602+00:00, run_after=2023-07-27T01:50:19.317602+00:00
[2023-07-27T01:50:19.342+0000] {processor.py:179} INFO - Processing /home/airflow/.local/lib/python3.7/site-packages/airflow/example_dags/example_task_group_decorator.py took 0.112 seconds
[2023-07-27T01:50:49.387+0000] {processor.py:157} INFO - Started process (PID=3734) to work on /home/airflow/.local/lib/python3.7/site-packages/airflow/example_dags/example_task_group_decorator.py
[2023-07-27T01:50:49.388+0000] {processor.py:826} INFO - Processing file /home/airflow/.local/lib/python3.7/site-packages/airflow/example_dags/example_task_group_decorator.py for tasks to queue
[2023-07-27T01:50:49.389+0000] {logging_mixin.py:150} INFO - [2023-07-27T01:50:49.389+0000] {dagbag.py:541} INFO - Filling up the DagBag from /home/airflow/.local/lib/python3.7/site-packages/airflow/example_dags/example_task_group_decorator.py
[2023-07-27T01:50:49.406+0000] {processor.py:836} INFO - DAG(s) dict_keys(['example_task_group_decorator']) retrieved from /home/airflow/.local/lib/python3.7/site-packages/airflow/example_dags/example_task_group_decorator.py
[2023-07-27T01:50:49.436+0000] {logging_mixin.py:150} INFO - [2023-07-27T01:50:49.436+0000] {dag.py:2742} INFO - Sync 1 DAGs
[2023-07-27T01:50:49.464+0000] {logging_mixin.py:150} INFO - [2023-07-27T01:50:49.463+0000] {dag.py:3508} INFO - Setting next_dagrun for example_task_group_decorator to 2023-07-26T01:50:49.463642+00:00, run_after=2023-07-27T01:50:49.463642+00:00
[2023-07-27T01:50:49.510+0000] {processor.py:179} INFO - Processing /home/airflow/.local/lib/python3.7/site-packages/airflow/example_dags/example_task_group_decorator.py took 0.126 seconds
[2023-07-27T01:51:19.980+0000] {processor.py:157} INFO - Started process (PID=3795) to work on /home/airflow/.local/lib/python3.7/site-packages/airflow/example_dags/example_task_group_decorator.py
[2023-07-27T01:51:19.981+0000] {processor.py:826} INFO - Processing file /home/airflow/.local/lib/python3.7/site-packages/airflow/example_dags/example_task_group_decorator.py for tasks to queue
[2023-07-27T01:51:19.983+0000] {logging_mixin.py:150} INFO - [2023-07-27T01:51:19.982+0000] {dagbag.py:541} INFO - Filling up the DagBag from /home/airflow/.local/lib/python3.7/site-packages/airflow/example_dags/example_task_group_decorator.py
[2023-07-27T01:51:19.999+0000] {processor.py:836} INFO - DAG(s) dict_keys(['example_task_group_decorator']) retrieved from /home/airflow/.local/lib/python3.7/site-packages/airflow/example_dags/example_task_group_decorator.py
[2023-07-27T01:51:20.027+0000] {logging_mixin.py:150} INFO - [2023-07-27T01:51:20.026+0000] {dag.py:2742} INFO - Sync 1 DAGs
[2023-07-27T01:51:20.054+0000] {logging_mixin.py:150} INFO - [2023-07-27T01:51:20.054+0000] {dag.py:3508} INFO - Setting next_dagrun for example_task_group_decorator to 2023-07-26T01:51:20.054496+00:00, run_after=2023-07-27T01:51:20.054496+00:00
[2023-07-27T01:51:20.078+0000] {processor.py:179} INFO - Processing /home/airflow/.local/lib/python3.7/site-packages/airflow/example_dags/example_task_group_decorator.py took 0.102 seconds
[2023-07-27T01:51:50.196+0000] {processor.py:157} INFO - Started process (PID=3854) to work on /home/airflow/.local/lib/python3.7/site-packages/airflow/example_dags/example_task_group_decorator.py
[2023-07-27T01:51:50.197+0000] {processor.py:826} INFO - Processing file /home/airflow/.local/lib/python3.7/site-packages/airflow/example_dags/example_task_group_decorator.py for tasks to queue
[2023-07-27T01:51:50.198+0000] {logging_mixin.py:150} INFO - [2023-07-27T01:51:50.198+0000] {dagbag.py:541} INFO - Filling up the DagBag from /home/airflow/.local/lib/python3.7/site-packages/airflow/example_dags/example_task_group_decorator.py
[2023-07-27T01:51:50.215+0000] {processor.py:836} INFO - DAG(s) dict_keys(['example_task_group_decorator']) retrieved from /home/airflow/.local/lib/python3.7/site-packages/airflow/example_dags/example_task_group_decorator.py
[2023-07-27T01:51:50.246+0000] {logging_mixin.py:150} INFO - [2023-07-27T01:51:50.245+0000] {dag.py:2742} INFO - Sync 1 DAGs
[2023-07-27T01:51:50.275+0000] {logging_mixin.py:150} INFO - [2023-07-27T01:51:50.274+0000] {dag.py:3508} INFO - Setting next_dagrun for example_task_group_decorator to 2023-07-26T01:51:50.274694+00:00, run_after=2023-07-27T01:51:50.274694+00:00
[2023-07-27T01:51:50.301+0000] {processor.py:179} INFO - Processing /home/airflow/.local/lib/python3.7/site-packages/airflow/example_dags/example_task_group_decorator.py took 0.108 seconds
[2023-07-27T01:52:20.992+0000] {processor.py:157} INFO - Started process (PID=3914) to work on /home/airflow/.local/lib/python3.7/site-packages/airflow/example_dags/example_task_group_decorator.py
[2023-07-27T01:52:20.994+0000] {processor.py:826} INFO - Processing file /home/airflow/.local/lib/python3.7/site-packages/airflow/example_dags/example_task_group_decorator.py for tasks to queue
[2023-07-27T01:52:20.995+0000] {logging_mixin.py:150} INFO - [2023-07-27T01:52:20.995+0000] {dagbag.py:541} INFO - Filling up the DagBag from /home/airflow/.local/lib/python3.7/site-packages/airflow/example_dags/example_task_group_decorator.py
[2023-07-27T01:52:21.012+0000] {processor.py:836} INFO - DAG(s) dict_keys(['example_task_group_decorator']) retrieved from /home/airflow/.local/lib/python3.7/site-packages/airflow/example_dags/example_task_group_decorator.py
[2023-07-27T01:52:21.042+0000] {logging_mixin.py:150} INFO - [2023-07-27T01:52:21.041+0000] {dag.py:2742} INFO - Sync 1 DAGs
[2023-07-27T01:52:21.069+0000] {logging_mixin.py:150} INFO - [2023-07-27T01:52:21.069+0000] {dag.py:3508} INFO - Setting next_dagrun for example_task_group_decorator to 2023-07-26T01:52:21.068760+00:00, run_after=2023-07-27T01:52:21.068760+00:00
[2023-07-27T01:52:21.093+0000] {processor.py:179} INFO - Processing /home/airflow/.local/lib/python3.7/site-packages/airflow/example_dags/example_task_group_decorator.py took 0.104 seconds
[2023-07-27T01:52:51.642+0000] {processor.py:157} INFO - Started process (PID=3974) to work on /home/airflow/.local/lib/python3.7/site-packages/airflow/example_dags/example_task_group_decorator.py
[2023-07-27T01:52:51.643+0000] {processor.py:826} INFO - Processing file /home/airflow/.local/lib/python3.7/site-packages/airflow/example_dags/example_task_group_decorator.py for tasks to queue
[2023-07-27T01:52:51.644+0000] {logging_mixin.py:150} INFO - [2023-07-27T01:52:51.644+0000] {dagbag.py:541} INFO - Filling up the DagBag from /home/airflow/.local/lib/python3.7/site-packages/airflow/example_dags/example_task_group_decorator.py
[2023-07-27T01:52:51.661+0000] {processor.py:836} INFO - DAG(s) dict_keys(['example_task_group_decorator']) retrieved from /home/airflow/.local/lib/python3.7/site-packages/airflow/example_dags/example_task_group_decorator.py
[2023-07-27T01:52:51.692+0000] {logging_mixin.py:150} INFO - [2023-07-27T01:52:51.692+0000] {dag.py:2742} INFO - Sync 1 DAGs
[2023-07-27T01:52:51.723+0000] {logging_mixin.py:150} INFO - [2023-07-27T01:52:51.722+0000] {dag.py:3508} INFO - Setting next_dagrun for example_task_group_decorator to 2023-07-26T01:52:51.722577+00:00, run_after=2023-07-27T01:52:51.722577+00:00
[2023-07-27T01:52:51.746+0000] {processor.py:179} INFO - Processing /home/airflow/.local/lib/python3.7/site-packages/airflow/example_dags/example_task_group_decorator.py took 0.108 seconds
[2023-07-27T01:53:21.884+0000] {processor.py:157} INFO - Started process (PID=4034) to work on /home/airflow/.local/lib/python3.7/site-packages/airflow/example_dags/example_task_group_decorator.py
[2023-07-27T01:53:21.886+0000] {processor.py:826} INFO - Processing file /home/airflow/.local/lib/python3.7/site-packages/airflow/example_dags/example_task_group_decorator.py for tasks to queue
[2023-07-27T01:53:21.887+0000] {logging_mixin.py:150} INFO - [2023-07-27T01:53:21.886+0000] {dagbag.py:541} INFO - Filling up the DagBag from /home/airflow/.local/lib/python3.7/site-packages/airflow/example_dags/example_task_group_decorator.py
[2023-07-27T01:53:21.904+0000] {processor.py:836} INFO - DAG(s) dict_keys(['example_task_group_decorator']) retrieved from /home/airflow/.local/lib/python3.7/site-packages/airflow/example_dags/example_task_group_decorator.py
[2023-07-27T01:53:21.934+0000] {logging_mixin.py:150} INFO - [2023-07-27T01:53:21.933+0000] {dag.py:2742} INFO - Sync 1 DAGs
[2023-07-27T01:53:21.965+0000] {logging_mixin.py:150} INFO - [2023-07-27T01:53:21.964+0000] {dag.py:3508} INFO - Setting next_dagrun for example_task_group_decorator to 2023-07-26T01:53:21.964698+00:00, run_after=2023-07-27T01:53:21.964698+00:00
[2023-07-27T01:53:21.991+0000] {processor.py:179} INFO - Processing /home/airflow/.local/lib/python3.7/site-packages/airflow/example_dags/example_task_group_decorator.py took 0.110 seconds
[2023-07-27T01:53:52.117+0000] {processor.py:157} INFO - Started process (PID=4093) to work on /home/airflow/.local/lib/python3.7/site-packages/airflow/example_dags/example_task_group_decorator.py
[2023-07-27T01:53:52.118+0000] {processor.py:826} INFO - Processing file /home/airflow/.local/lib/python3.7/site-packages/airflow/example_dags/example_task_group_decorator.py for tasks to queue
[2023-07-27T01:53:52.119+0000] {logging_mixin.py:150} INFO - [2023-07-27T01:53:52.119+0000] {dagbag.py:541} INFO - Filling up the DagBag from /home/airflow/.local/lib/python3.7/site-packages/airflow/example_dags/example_task_group_decorator.py
[2023-07-27T01:53:52.135+0000] {processor.py:836} INFO - DAG(s) dict_keys(['example_task_group_decorator']) retrieved from /home/airflow/.local/lib/python3.7/site-packages/airflow/example_dags/example_task_group_decorator.py
[2023-07-27T01:53:52.164+0000] {logging_mixin.py:150} INFO - [2023-07-27T01:53:52.164+0000] {dag.py:2742} INFO - Sync 1 DAGs
[2023-07-27T01:53:52.192+0000] {logging_mixin.py:150} INFO - [2023-07-27T01:53:52.191+0000] {dag.py:3508} INFO - Setting next_dagrun for example_task_group_decorator to 2023-07-26T01:53:52.191573+00:00, run_after=2023-07-27T01:53:52.191573+00:00
[2023-07-27T01:53:52.215+0000] {processor.py:179} INFO - Processing /home/airflow/.local/lib/python3.7/site-packages/airflow/example_dags/example_task_group_decorator.py took 0.102 seconds
[2023-07-27T01:54:22.400+0000] {processor.py:157} INFO - Started process (PID=4153) to work on /home/airflow/.local/lib/python3.7/site-packages/airflow/example_dags/example_task_group_decorator.py
[2023-07-27T01:54:22.402+0000] {processor.py:826} INFO - Processing file /home/airflow/.local/lib/python3.7/site-packages/airflow/example_dags/example_task_group_decorator.py for tasks to queue
[2023-07-27T01:54:22.405+0000] {logging_mixin.py:150} INFO - [2023-07-27T01:54:22.404+0000] {dagbag.py:541} INFO - Filling up the DagBag from /home/airflow/.local/lib/python3.7/site-packages/airflow/example_dags/example_task_group_decorator.py
[2023-07-27T01:54:22.423+0000] {processor.py:836} INFO - DAG(s) dict_keys(['example_task_group_decorator']) retrieved from /home/airflow/.local/lib/python3.7/site-packages/airflow/example_dags/example_task_group_decorator.py
[2023-07-27T01:54:22.453+0000] {logging_mixin.py:150} INFO - [2023-07-27T01:54:22.453+0000] {dag.py:2742} INFO - Sync 1 DAGs
[2023-07-27T01:54:22.481+0000] {logging_mixin.py:150} INFO - [2023-07-27T01:54:22.481+0000] {dag.py:3508} INFO - Setting next_dagrun for example_task_group_decorator to 2023-07-26T01:54:22.480981+00:00, run_after=2023-07-27T01:54:22.480981+00:00
[2023-07-27T01:54:22.505+0000] {processor.py:179} INFO - Processing /home/airflow/.local/lib/python3.7/site-packages/airflow/example_dags/example_task_group_decorator.py took 0.113 seconds
[2023-07-27T01:54:52.633+0000] {processor.py:157} INFO - Started process (PID=4213) to work on /home/airflow/.local/lib/python3.7/site-packages/airflow/example_dags/example_task_group_decorator.py
[2023-07-27T01:54:52.635+0000] {processor.py:826} INFO - Processing file /home/airflow/.local/lib/python3.7/site-packages/airflow/example_dags/example_task_group_decorator.py for tasks to queue
[2023-07-27T01:54:52.636+0000] {logging_mixin.py:150} INFO - [2023-07-27T01:54:52.636+0000] {dagbag.py:541} INFO - Filling up the DagBag from /home/airflow/.local/lib/python3.7/site-packages/airflow/example_dags/example_task_group_decorator.py
[2023-07-27T01:54:52.658+0000] {processor.py:836} INFO - DAG(s) dict_keys(['example_task_group_decorator']) retrieved from /home/airflow/.local/lib/python3.7/site-packages/airflow/example_dags/example_task_group_decorator.py
[2023-07-27T01:54:52.688+0000] {logging_mixin.py:150} INFO - [2023-07-27T01:54:52.688+0000] {dag.py:2742} INFO - Sync 1 DAGs
[2023-07-27T01:54:52.719+0000] {logging_mixin.py:150} INFO - [2023-07-27T01:54:52.719+0000] {dag.py:3508} INFO - Setting next_dagrun for example_task_group_decorator to 2023-07-26T01:54:52.719234+00:00, run_after=2023-07-27T01:54:52.719234+00:00
[2023-07-27T01:54:52.742+0000] {processor.py:179} INFO - Processing /home/airflow/.local/lib/python3.7/site-packages/airflow/example_dags/example_task_group_decorator.py took 0.113 seconds
[2023-07-27T01:55:23.134+0000] {processor.py:157} INFO - Started process (PID=4274) to work on /home/airflow/.local/lib/python3.7/site-packages/airflow/example_dags/example_task_group_decorator.py
[2023-07-27T01:55:23.135+0000] {processor.py:826} INFO - Processing file /home/airflow/.local/lib/python3.7/site-packages/airflow/example_dags/example_task_group_decorator.py for tasks to queue
[2023-07-27T01:55:23.136+0000] {logging_mixin.py:150} INFO - [2023-07-27T01:55:23.136+0000] {dagbag.py:541} INFO - Filling up the DagBag from /home/airflow/.local/lib/python3.7/site-packages/airflow/example_dags/example_task_group_decorator.py
[2023-07-27T01:55:23.153+0000] {processor.py:836} INFO - DAG(s) dict_keys(['example_task_group_decorator']) retrieved from /home/airflow/.local/lib/python3.7/site-packages/airflow/example_dags/example_task_group_decorator.py
[2023-07-27T01:55:23.183+0000] {logging_mixin.py:150} INFO - [2023-07-27T01:55:23.182+0000] {dag.py:2742} INFO - Sync 1 DAGs
[2023-07-27T01:55:23.210+0000] {logging_mixin.py:150} INFO - [2023-07-27T01:55:23.210+0000] {dag.py:3508} INFO - Setting next_dagrun for example_task_group_decorator to 2023-07-26T01:55:23.209803+00:00, run_after=2023-07-27T01:55:23.209803+00:00
[2023-07-27T01:55:23.234+0000] {processor.py:179} INFO - Processing /home/airflow/.local/lib/python3.7/site-packages/airflow/example_dags/example_task_group_decorator.py took 0.104 seconds
[2023-07-27T01:55:53.363+0000] {processor.py:157} INFO - Started process (PID=4332) to work on /home/airflow/.local/lib/python3.7/site-packages/airflow/example_dags/example_task_group_decorator.py
[2023-07-27T01:55:53.364+0000] {processor.py:826} INFO - Processing file /home/airflow/.local/lib/python3.7/site-packages/airflow/example_dags/example_task_group_decorator.py for tasks to queue
[2023-07-27T01:55:53.365+0000] {logging_mixin.py:150} INFO - [2023-07-27T01:55:53.365+0000] {dagbag.py:541} INFO - Filling up the DagBag from /home/airflow/.local/lib/python3.7/site-packages/airflow/example_dags/example_task_group_decorator.py
[2023-07-27T01:55:53.381+0000] {processor.py:836} INFO - DAG(s) dict_keys(['example_task_group_decorator']) retrieved from /home/airflow/.local/lib/python3.7/site-packages/airflow/example_dags/example_task_group_decorator.py
[2023-07-27T01:55:53.412+0000] {logging_mixin.py:150} INFO - [2023-07-27T01:55:53.412+0000] {dag.py:2742} INFO - Sync 1 DAGs
[2023-07-27T01:55:53.439+0000] {logging_mixin.py:150} INFO - [2023-07-27T01:55:53.439+0000] {dag.py:3508} INFO - Setting next_dagrun for example_task_group_decorator to 2023-07-26T01:55:53.439258+00:00, run_after=2023-07-27T01:55:53.439258+00:00
[2023-07-27T01:55:53.464+0000] {processor.py:179} INFO - Processing /home/airflow/.local/lib/python3.7/site-packages/airflow/example_dags/example_task_group_decorator.py took 0.105 seconds
[2023-07-27T01:56:23.964+0000] {processor.py:157} INFO - Started process (PID=4394) to work on /home/airflow/.local/lib/python3.7/site-packages/airflow/example_dags/example_task_group_decorator.py
[2023-07-27T01:56:23.965+0000] {processor.py:826} INFO - Processing file /home/airflow/.local/lib/python3.7/site-packages/airflow/example_dags/example_task_group_decorator.py for tasks to queue
[2023-07-27T01:56:23.967+0000] {logging_mixin.py:150} INFO - [2023-07-27T01:56:23.966+0000] {dagbag.py:541} INFO - Filling up the DagBag from /home/airflow/.local/lib/python3.7/site-packages/airflow/example_dags/example_task_group_decorator.py
[2023-07-27T01:56:23.984+0000] {processor.py:836} INFO - DAG(s) dict_keys(['example_task_group_decorator']) retrieved from /home/airflow/.local/lib/python3.7/site-packages/airflow/example_dags/example_task_group_decorator.py
[2023-07-27T01:56:24.014+0000] {logging_mixin.py:150} INFO - [2023-07-27T01:56:24.014+0000] {dag.py:2742} INFO - Sync 1 DAGs
[2023-07-27T01:56:24.044+0000] {logging_mixin.py:150} INFO - [2023-07-27T01:56:24.044+0000] {dag.py:3508} INFO - Setting next_dagrun for example_task_group_decorator to 2023-07-26T01:56:24.043872+00:00, run_after=2023-07-27T01:56:24.043872+00:00
[2023-07-27T01:56:24.067+0000] {processor.py:179} INFO - Processing /home/airflow/.local/lib/python3.7/site-packages/airflow/example_dags/example_task_group_decorator.py took 0.106 seconds
[2023-07-27T01:56:54.496+0000] {processor.py:157} INFO - Started process (PID=4455) to work on /home/airflow/.local/lib/python3.7/site-packages/airflow/example_dags/example_task_group_decorator.py
[2023-07-27T01:56:54.498+0000] {processor.py:826} INFO - Processing file /home/airflow/.local/lib/python3.7/site-packages/airflow/example_dags/example_task_group_decorator.py for tasks to queue
[2023-07-27T01:56:54.499+0000] {logging_mixin.py:150} INFO - [2023-07-27T01:56:54.499+0000] {dagbag.py:541} INFO - Filling up the DagBag from /home/airflow/.local/lib/python3.7/site-packages/airflow/example_dags/example_task_group_decorator.py
[2023-07-27T01:56:54.517+0000] {processor.py:836} INFO - DAG(s) dict_keys(['example_task_group_decorator']) retrieved from /home/airflow/.local/lib/python3.7/site-packages/airflow/example_dags/example_task_group_decorator.py
[2023-07-27T01:56:54.545+0000] {logging_mixin.py:150} INFO - [2023-07-27T01:56:54.544+0000] {dag.py:2742} INFO - Sync 1 DAGs
[2023-07-27T01:56:54.572+0000] {logging_mixin.py:150} INFO - [2023-07-27T01:56:54.572+0000] {dag.py:3508} INFO - Setting next_dagrun for example_task_group_decorator to 2023-07-26T01:56:54.572232+00:00, run_after=2023-07-27T01:56:54.572232+00:00
[2023-07-27T01:56:54.609+0000] {processor.py:179} INFO - Processing /home/airflow/.local/lib/python3.7/site-packages/airflow/example_dags/example_task_group_decorator.py took 0.116 seconds
[2023-07-27T01:57:24.737+0000] {processor.py:157} INFO - Started process (PID=4515) to work on /home/airflow/.local/lib/python3.7/site-packages/airflow/example_dags/example_task_group_decorator.py
[2023-07-27T01:57:24.738+0000] {processor.py:826} INFO - Processing file /home/airflow/.local/lib/python3.7/site-packages/airflow/example_dags/example_task_group_decorator.py for tasks to queue
[2023-07-27T01:57:24.739+0000] {logging_mixin.py:150} INFO - [2023-07-27T01:57:24.739+0000] {dagbag.py:541} INFO - Filling up the DagBag from /home/airflow/.local/lib/python3.7/site-packages/airflow/example_dags/example_task_group_decorator.py
[2023-07-27T01:57:24.755+0000] {processor.py:836} INFO - DAG(s) dict_keys(['example_task_group_decorator']) retrieved from /home/airflow/.local/lib/python3.7/site-packages/airflow/example_dags/example_task_group_decorator.py
[2023-07-27T01:57:24.785+0000] {logging_mixin.py:150} INFO - [2023-07-27T01:57:24.785+0000] {dag.py:2742} INFO - Sync 1 DAGs
[2023-07-27T01:57:24.812+0000] {logging_mixin.py:150} INFO - [2023-07-27T01:57:24.811+0000] {dag.py:3508} INFO - Setting next_dagrun for example_task_group_decorator to 2023-07-26T01:57:24.811623+00:00, run_after=2023-07-27T01:57:24.811623+00:00
[2023-07-27T01:57:24.836+0000] {processor.py:179} INFO - Processing /home/airflow/.local/lib/python3.7/site-packages/airflow/example_dags/example_task_group_decorator.py took 0.102 seconds
[2023-07-27T01:57:54.884+0000] {processor.py:157} INFO - Started process (PID=4575) to work on /home/airflow/.local/lib/python3.7/site-packages/airflow/example_dags/example_task_group_decorator.py
[2023-07-27T01:57:54.886+0000] {processor.py:826} INFO - Processing file /home/airflow/.local/lib/python3.7/site-packages/airflow/example_dags/example_task_group_decorator.py for tasks to queue
[2023-07-27T01:57:54.887+0000] {logging_mixin.py:150} INFO - [2023-07-27T01:57:54.887+0000] {dagbag.py:541} INFO - Filling up the DagBag from /home/airflow/.local/lib/python3.7/site-packages/airflow/example_dags/example_task_group_decorator.py
[2023-07-27T01:57:54.904+0000] {processor.py:836} INFO - DAG(s) dict_keys(['example_task_group_decorator']) retrieved from /home/airflow/.local/lib/python3.7/site-packages/airflow/example_dags/example_task_group_decorator.py
[2023-07-27T01:57:54.934+0000] {logging_mixin.py:150} INFO - [2023-07-27T01:57:54.934+0000] {dag.py:2742} INFO - Sync 1 DAGs
[2023-07-27T01:57:54.963+0000] {logging_mixin.py:150} INFO - [2023-07-27T01:57:54.963+0000] {dag.py:3508} INFO - Setting next_dagrun for example_task_group_decorator to 2023-07-26T01:57:54.962850+00:00, run_after=2023-07-27T01:57:54.962850+00:00
[2023-07-27T01:57:54.990+0000] {processor.py:179} INFO - Processing /home/airflow/.local/lib/python3.7/site-packages/airflow/example_dags/example_task_group_decorator.py took 0.109 seconds
[2023-07-27T01:58:25.353+0000] {processor.py:157} INFO - Started process (PID=4635) to work on /home/airflow/.local/lib/python3.7/site-packages/airflow/example_dags/example_task_group_decorator.py
[2023-07-27T01:58:25.354+0000] {processor.py:826} INFO - Processing file /home/airflow/.local/lib/python3.7/site-packages/airflow/example_dags/example_task_group_decorator.py for tasks to queue
[2023-07-27T01:58:25.355+0000] {logging_mixin.py:150} INFO - [2023-07-27T01:58:25.355+0000] {dagbag.py:541} INFO - Filling up the DagBag from /home/airflow/.local/lib/python3.7/site-packages/airflow/example_dags/example_task_group_decorator.py
[2023-07-27T01:58:25.373+0000] {processor.py:836} INFO - DAG(s) dict_keys(['example_task_group_decorator']) retrieved from /home/airflow/.local/lib/python3.7/site-packages/airflow/example_dags/example_task_group_decorator.py
[2023-07-27T01:58:25.402+0000] {logging_mixin.py:150} INFO - [2023-07-27T01:58:25.402+0000] {dag.py:2742} INFO - Sync 1 DAGs
[2023-07-27T01:58:25.431+0000] {logging_mixin.py:150} INFO - [2023-07-27T01:58:25.430+0000] {dag.py:3508} INFO - Setting next_dagrun for example_task_group_decorator to 2023-07-26T01:58:25.430582+00:00, run_after=2023-07-27T01:58:25.430582+00:00
[2023-07-27T01:58:25.454+0000] {processor.py:179} INFO - Processing /home/airflow/.local/lib/python3.7/site-packages/airflow/example_dags/example_task_group_decorator.py took 0.104 seconds
[2023-07-27T01:58:55.568+0000] {processor.py:157} INFO - Started process (PID=4695) to work on /home/airflow/.local/lib/python3.7/site-packages/airflow/example_dags/example_task_group_decorator.py
[2023-07-27T01:58:55.569+0000] {processor.py:826} INFO - Processing file /home/airflow/.local/lib/python3.7/site-packages/airflow/example_dags/example_task_group_decorator.py for tasks to queue
[2023-07-27T01:58:55.570+0000] {logging_mixin.py:150} INFO - [2023-07-27T01:58:55.570+0000] {dagbag.py:541} INFO - Filling up the DagBag from /home/airflow/.local/lib/python3.7/site-packages/airflow/example_dags/example_task_group_decorator.py
[2023-07-27T01:58:55.587+0000] {processor.py:836} INFO - DAG(s) dict_keys(['example_task_group_decorator']) retrieved from /home/airflow/.local/lib/python3.7/site-packages/airflow/example_dags/example_task_group_decorator.py
[2023-07-27T01:58:55.616+0000] {logging_mixin.py:150} INFO - [2023-07-27T01:58:55.616+0000] {dag.py:2742} INFO - Sync 1 DAGs
[2023-07-27T01:58:55.644+0000] {logging_mixin.py:150} INFO - [2023-07-27T01:58:55.644+0000] {dag.py:3508} INFO - Setting next_dagrun for example_task_group_decorator to 2023-07-26T01:58:55.643983+00:00, run_after=2023-07-27T01:58:55.643983+00:00
[2023-07-27T01:58:55.667+0000] {processor.py:179} INFO - Processing /home/airflow/.local/lib/python3.7/site-packages/airflow/example_dags/example_task_group_decorator.py took 0.103 seconds
[2023-07-27T01:59:25.905+0000] {processor.py:157} INFO - Started process (PID=4755) to work on /home/airflow/.local/lib/python3.7/site-packages/airflow/example_dags/example_task_group_decorator.py
[2023-07-27T01:59:25.906+0000] {processor.py:826} INFO - Processing file /home/airflow/.local/lib/python3.7/site-packages/airflow/example_dags/example_task_group_decorator.py for tasks to queue
[2023-07-27T01:59:25.908+0000] {logging_mixin.py:150} INFO - [2023-07-27T01:59:25.907+0000] {dagbag.py:541} INFO - Filling up the DagBag from /home/airflow/.local/lib/python3.7/site-packages/airflow/example_dags/example_task_group_decorator.py
[2023-07-27T01:59:25.925+0000] {processor.py:836} INFO - DAG(s) dict_keys(['example_task_group_decorator']) retrieved from /home/airflow/.local/lib/python3.7/site-packages/airflow/example_dags/example_task_group_decorator.py
[2023-07-27T01:59:25.954+0000] {logging_mixin.py:150} INFO - [2023-07-27T01:59:25.954+0000] {dag.py:2742} INFO - Sync 1 DAGs
[2023-07-27T01:59:25.981+0000] {logging_mixin.py:150} INFO - [2023-07-27T01:59:25.981+0000] {dag.py:3508} INFO - Setting next_dagrun for example_task_group_decorator to 2023-07-26T01:59:25.981296+00:00, run_after=2023-07-27T01:59:25.981296+00:00
[2023-07-27T01:59:26.004+0000] {processor.py:179} INFO - Processing /home/airflow/.local/lib/python3.7/site-packages/airflow/example_dags/example_task_group_decorator.py took 0.102 seconds
[2023-07-27T01:59:56.390+0000] {processor.py:157} INFO - Started process (PID=4815) to work on /home/airflow/.local/lib/python3.7/site-packages/airflow/example_dags/example_task_group_decorator.py
[2023-07-27T01:59:56.391+0000] {processor.py:826} INFO - Processing file /home/airflow/.local/lib/python3.7/site-packages/airflow/example_dags/example_task_group_decorator.py for tasks to queue
[2023-07-27T01:59:56.392+0000] {logging_mixin.py:150} INFO - [2023-07-27T01:59:56.392+0000] {dagbag.py:541} INFO - Filling up the DagBag from /home/airflow/.local/lib/python3.7/site-packages/airflow/example_dags/example_task_group_decorator.py
[2023-07-27T01:59:56.409+0000] {processor.py:836} INFO - DAG(s) dict_keys(['example_task_group_decorator']) retrieved from /home/airflow/.local/lib/python3.7/site-packages/airflow/example_dags/example_task_group_decorator.py
[2023-07-27T01:59:56.438+0000] {logging_mixin.py:150} INFO - [2023-07-27T01:59:56.437+0000] {dag.py:2742} INFO - Sync 1 DAGs
[2023-07-27T01:59:56.465+0000] {logging_mixin.py:150} INFO - [2023-07-27T01:59:56.464+0000] {dag.py:3508} INFO - Setting next_dagrun for example_task_group_decorator to 2023-07-26T01:59:56.464685+00:00, run_after=2023-07-27T01:59:56.464685+00:00
[2023-07-27T01:59:56.487+0000] {processor.py:179} INFO - Processing /home/airflow/.local/lib/python3.7/site-packages/airflow/example_dags/example_task_group_decorator.py took 0.101 seconds
[2023-07-27T02:00:26.615+0000] {processor.py:157} INFO - Started process (PID=4875) to work on /home/airflow/.local/lib/python3.7/site-packages/airflow/example_dags/example_task_group_decorator.py
[2023-07-27T02:00:26.616+0000] {processor.py:826} INFO - Processing file /home/airflow/.local/lib/python3.7/site-packages/airflow/example_dags/example_task_group_decorator.py for tasks to queue
[2023-07-27T02:00:26.617+0000] {logging_mixin.py:150} INFO - [2023-07-27T02:00:26.617+0000] {dagbag.py:541} INFO - Filling up the DagBag from /home/airflow/.local/lib/python3.7/site-packages/airflow/example_dags/example_task_group_decorator.py
[2023-07-27T02:00:26.634+0000] {processor.py:836} INFO - DAG(s) dict_keys(['example_task_group_decorator']) retrieved from /home/airflow/.local/lib/python3.7/site-packages/airflow/example_dags/example_task_group_decorator.py
[2023-07-27T02:00:26.665+0000] {logging_mixin.py:150} INFO - [2023-07-27T02:00:26.665+0000] {dag.py:2742} INFO - Sync 1 DAGs
[2023-07-27T02:00:26.692+0000] {logging_mixin.py:150} INFO - [2023-07-27T02:00:26.692+0000] {dag.py:3508} INFO - Setting next_dagrun for example_task_group_decorator to 2023-07-26T02:00:26.692149+00:00, run_after=2023-07-27T02:00:26.692149+00:00
[2023-07-27T02:00:26.715+0000] {processor.py:179} INFO - Processing /home/airflow/.local/lib/python3.7/site-packages/airflow/example_dags/example_task_group_decorator.py took 0.104 seconds
[2023-07-27T02:00:56.807+0000] {processor.py:157} INFO - Started process (PID=4935) to work on /home/airflow/.local/lib/python3.7/site-packages/airflow/example_dags/example_task_group_decorator.py
[2023-07-27T02:00:56.808+0000] {processor.py:826} INFO - Processing file /home/airflow/.local/lib/python3.7/site-packages/airflow/example_dags/example_task_group_decorator.py for tasks to queue
[2023-07-27T02:00:56.810+0000] {logging_mixin.py:150} INFO - [2023-07-27T02:00:56.809+0000] {dagbag.py:541} INFO - Filling up the DagBag from /home/airflow/.local/lib/python3.7/site-packages/airflow/example_dags/example_task_group_decorator.py
[2023-07-27T02:00:56.828+0000] {processor.py:836} INFO - DAG(s) dict_keys(['example_task_group_decorator']) retrieved from /home/airflow/.local/lib/python3.7/site-packages/airflow/example_dags/example_task_group_decorator.py
[2023-07-27T02:00:56.858+0000] {logging_mixin.py:150} INFO - [2023-07-27T02:00:56.858+0000] {dag.py:2742} INFO - Sync 1 DAGs
[2023-07-27T02:00:56.887+0000] {logging_mixin.py:150} INFO - [2023-07-27T02:00:56.887+0000] {dag.py:3508} INFO - Setting next_dagrun for example_task_group_decorator to 2023-07-26T02:00:56.886880+00:00, run_after=2023-07-27T02:00:56.886880+00:00
[2023-07-27T02:00:56.910+0000] {processor.py:179} INFO - Processing /home/airflow/.local/lib/python3.7/site-packages/airflow/example_dags/example_task_group_decorator.py took 0.107 seconds
[2023-07-27T02:01:27.052+0000] {processor.py:157} INFO - Started process (PID=4995) to work on /home/airflow/.local/lib/python3.7/site-packages/airflow/example_dags/example_task_group_decorator.py
[2023-07-27T02:01:27.053+0000] {processor.py:826} INFO - Processing file /home/airflow/.local/lib/python3.7/site-packages/airflow/example_dags/example_task_group_decorator.py for tasks to queue
[2023-07-27T02:01:27.054+0000] {logging_mixin.py:150} INFO - [2023-07-27T02:01:27.054+0000] {dagbag.py:541} INFO - Filling up the DagBag from /home/airflow/.local/lib/python3.7/site-packages/airflow/example_dags/example_task_group_decorator.py
[2023-07-27T02:01:27.071+0000] {processor.py:836} INFO - DAG(s) dict_keys(['example_task_group_decorator']) retrieved from /home/airflow/.local/lib/python3.7/site-packages/airflow/example_dags/example_task_group_decorator.py
[2023-07-27T02:01:27.101+0000] {logging_mixin.py:150} INFO - [2023-07-27T02:01:27.101+0000] {dag.py:2742} INFO - Sync 1 DAGs
[2023-07-27T02:01:27.129+0000] {logging_mixin.py:150} INFO - [2023-07-27T02:01:27.129+0000] {dag.py:3508} INFO - Setting next_dagrun for example_task_group_decorator to 2023-07-26T02:01:27.128912+00:00, run_after=2023-07-27T02:01:27.128912+00:00
[2023-07-27T02:01:27.153+0000] {processor.py:179} INFO - Processing /home/airflow/.local/lib/python3.7/site-packages/airflow/example_dags/example_task_group_decorator.py took 0.104 seconds
[2023-07-27T02:01:57.440+0000] {processor.py:157} INFO - Started process (PID=5055) to work on /home/airflow/.local/lib/python3.7/site-packages/airflow/example_dags/example_task_group_decorator.py
[2023-07-27T02:01:57.441+0000] {processor.py:826} INFO - Processing file /home/airflow/.local/lib/python3.7/site-packages/airflow/example_dags/example_task_group_decorator.py for tasks to queue
[2023-07-27T02:01:57.442+0000] {logging_mixin.py:150} INFO - [2023-07-27T02:01:57.442+0000] {dagbag.py:541} INFO - Filling up the DagBag from /home/airflow/.local/lib/python3.7/site-packages/airflow/example_dags/example_task_group_decorator.py
[2023-07-27T02:01:57.459+0000] {processor.py:836} INFO - DAG(s) dict_keys(['example_task_group_decorator']) retrieved from /home/airflow/.local/lib/python3.7/site-packages/airflow/example_dags/example_task_group_decorator.py
[2023-07-27T02:01:57.490+0000] {logging_mixin.py:150} INFO - [2023-07-27T02:01:57.489+0000] {dag.py:2742} INFO - Sync 1 DAGs
[2023-07-27T02:01:57.517+0000] {logging_mixin.py:150} INFO - [2023-07-27T02:01:57.517+0000] {dag.py:3508} INFO - Setting next_dagrun for example_task_group_decorator to 2023-07-26T02:01:57.516884+00:00, run_after=2023-07-27T02:01:57.516884+00:00
[2023-07-27T02:01:57.540+0000] {processor.py:179} INFO - Processing /home/airflow/.local/lib/python3.7/site-packages/airflow/example_dags/example_task_group_decorator.py took 0.104 seconds
[2023-07-27T02:02:27.578+0000] {processor.py:157} INFO - Started process (PID=5116) to work on /home/airflow/.local/lib/python3.7/site-packages/airflow/example_dags/example_task_group_decorator.py
[2023-07-27T02:02:27.580+0000] {processor.py:826} INFO - Processing file /home/airflow/.local/lib/python3.7/site-packages/airflow/example_dags/example_task_group_decorator.py for tasks to queue
[2023-07-27T02:02:27.581+0000] {logging_mixin.py:150} INFO - [2023-07-27T02:02:27.581+0000] {dagbag.py:541} INFO - Filling up the DagBag from /home/airflow/.local/lib/python3.7/site-packages/airflow/example_dags/example_task_group_decorator.py
[2023-07-27T02:02:27.598+0000] {processor.py:836} INFO - DAG(s) dict_keys(['example_task_group_decorator']) retrieved from /home/airflow/.local/lib/python3.7/site-packages/airflow/example_dags/example_task_group_decorator.py
[2023-07-27T02:02:27.628+0000] {logging_mixin.py:150} INFO - [2023-07-27T02:02:27.628+0000] {dag.py:2742} INFO - Sync 1 DAGs
[2023-07-27T02:02:27.659+0000] {logging_mixin.py:150} INFO - [2023-07-27T02:02:27.658+0000] {dag.py:3508} INFO - Setting next_dagrun for example_task_group_decorator to 2023-07-26T02:02:27.658569+00:00, run_after=2023-07-27T02:02:27.658569+00:00
[2023-07-27T02:02:27.682+0000] {processor.py:179} INFO - Processing /home/airflow/.local/lib/python3.7/site-packages/airflow/example_dags/example_task_group_decorator.py took 0.107 seconds
[2023-07-27T02:02:57.894+0000] {processor.py:157} INFO - Started process (PID=5176) to work on /home/airflow/.local/lib/python3.7/site-packages/airflow/example_dags/example_task_group_decorator.py
[2023-07-27T02:02:57.896+0000] {processor.py:826} INFO - Processing file /home/airflow/.local/lib/python3.7/site-packages/airflow/example_dags/example_task_group_decorator.py for tasks to queue
[2023-07-27T02:02:57.898+0000] {logging_mixin.py:150} INFO - [2023-07-27T02:02:57.898+0000] {dagbag.py:541} INFO - Filling up the DagBag from /home/airflow/.local/lib/python3.7/site-packages/airflow/example_dags/example_task_group_decorator.py
[2023-07-27T02:02:57.918+0000] {processor.py:836} INFO - DAG(s) dict_keys(['example_task_group_decorator']) retrieved from /home/airflow/.local/lib/python3.7/site-packages/airflow/example_dags/example_task_group_decorator.py
[2023-07-27T02:02:57.949+0000] {logging_mixin.py:150} INFO - [2023-07-27T02:02:57.948+0000] {dag.py:2742} INFO - Sync 1 DAGs
[2023-07-27T02:02:57.976+0000] {logging_mixin.py:150} INFO - [2023-07-27T02:02:57.976+0000] {dag.py:3508} INFO - Setting next_dagrun for example_task_group_decorator to 2023-07-26T02:02:57.976203+00:00, run_after=2023-07-27T02:02:57.976203+00:00
[2023-07-27T02:02:58.013+0000] {processor.py:179} INFO - Processing /home/airflow/.local/lib/python3.7/site-packages/airflow/example_dags/example_task_group_decorator.py took 0.124 seconds
[2023-07-27T02:03:28.148+0000] {processor.py:157} INFO - Started process (PID=5236) to work on /home/airflow/.local/lib/python3.7/site-packages/airflow/example_dags/example_task_group_decorator.py
[2023-07-27T02:03:28.149+0000] {processor.py:826} INFO - Processing file /home/airflow/.local/lib/python3.7/site-packages/airflow/example_dags/example_task_group_decorator.py for tasks to queue
[2023-07-27T02:03:28.150+0000] {logging_mixin.py:150} INFO - [2023-07-27T02:03:28.150+0000] {dagbag.py:541} INFO - Filling up the DagBag from /home/airflow/.local/lib/python3.7/site-packages/airflow/example_dags/example_task_group_decorator.py
[2023-07-27T02:03:28.168+0000] {processor.py:836} INFO - DAG(s) dict_keys(['example_task_group_decorator']) retrieved from /home/airflow/.local/lib/python3.7/site-packages/airflow/example_dags/example_task_group_decorator.py
[2023-07-27T02:03:28.199+0000] {logging_mixin.py:150} INFO - [2023-07-27T02:03:28.198+0000] {dag.py:2742} INFO - Sync 1 DAGs
[2023-07-27T02:03:28.225+0000] {logging_mixin.py:150} INFO - [2023-07-27T02:03:28.225+0000] {dag.py:3508} INFO - Setting next_dagrun for example_task_group_decorator to 2023-07-26T02:03:28.225304+00:00, run_after=2023-07-27T02:03:28.225304+00:00
[2023-07-27T02:03:28.250+0000] {processor.py:179} INFO - Processing /home/airflow/.local/lib/python3.7/site-packages/airflow/example_dags/example_task_group_decorator.py took 0.106 seconds
[2023-07-27T02:03:58.601+0000] {processor.py:157} INFO - Started process (PID=5296) to work on /home/airflow/.local/lib/python3.7/site-packages/airflow/example_dags/example_task_group_decorator.py
[2023-07-27T02:03:58.602+0000] {processor.py:826} INFO - Processing file /home/airflow/.local/lib/python3.7/site-packages/airflow/example_dags/example_task_group_decorator.py for tasks to queue
[2023-07-27T02:03:58.603+0000] {logging_mixin.py:150} INFO - [2023-07-27T02:03:58.603+0000] {dagbag.py:541} INFO - Filling up the DagBag from /home/airflow/.local/lib/python3.7/site-packages/airflow/example_dags/example_task_group_decorator.py
[2023-07-27T02:03:58.620+0000] {processor.py:836} INFO - DAG(s) dict_keys(['example_task_group_decorator']) retrieved from /home/airflow/.local/lib/python3.7/site-packages/airflow/example_dags/example_task_group_decorator.py
[2023-07-27T02:03:58.651+0000] {logging_mixin.py:150} INFO - [2023-07-27T02:03:58.651+0000] {dag.py:2742} INFO - Sync 1 DAGs
[2023-07-27T02:03:58.679+0000] {logging_mixin.py:150} INFO - [2023-07-27T02:03:58.678+0000] {dag.py:3508} INFO - Setting next_dagrun for example_task_group_decorator to 2023-07-26T02:03:58.678658+00:00, run_after=2023-07-27T02:03:58.678658+00:00
[2023-07-27T02:03:58.702+0000] {processor.py:179} INFO - Processing /home/airflow/.local/lib/python3.7/site-packages/airflow/example_dags/example_task_group_decorator.py took 0.105 seconds
[2023-07-27T02:04:28.777+0000] {processor.py:157} INFO - Started process (PID=5356) to work on /home/airflow/.local/lib/python3.7/site-packages/airflow/example_dags/example_task_group_decorator.py
[2023-07-27T02:04:28.778+0000] {processor.py:826} INFO - Processing file /home/airflow/.local/lib/python3.7/site-packages/airflow/example_dags/example_task_group_decorator.py for tasks to queue
[2023-07-27T02:04:28.779+0000] {logging_mixin.py:150} INFO - [2023-07-27T02:04:28.779+0000] {dagbag.py:541} INFO - Filling up the DagBag from /home/airflow/.local/lib/python3.7/site-packages/airflow/example_dags/example_task_group_decorator.py
[2023-07-27T02:04:28.797+0000] {processor.py:836} INFO - DAG(s) dict_keys(['example_task_group_decorator']) retrieved from /home/airflow/.local/lib/python3.7/site-packages/airflow/example_dags/example_task_group_decorator.py
[2023-07-27T02:04:28.827+0000] {logging_mixin.py:150} INFO - [2023-07-27T02:04:28.827+0000] {dag.py:2742} INFO - Sync 1 DAGs
[2023-07-27T02:04:28.855+0000] {logging_mixin.py:150} INFO - [2023-07-27T02:04:28.855+0000] {dag.py:3508} INFO - Setting next_dagrun for example_task_group_decorator to 2023-07-26T02:04:28.855031+00:00, run_after=2023-07-27T02:04:28.855031+00:00
[2023-07-27T02:04:28.878+0000] {processor.py:179} INFO - Processing /home/airflow/.local/lib/python3.7/site-packages/airflow/example_dags/example_task_group_decorator.py took 0.105 seconds
[2023-07-27T02:04:59.267+0000] {processor.py:157} INFO - Started process (PID=5416) to work on /home/airflow/.local/lib/python3.7/site-packages/airflow/example_dags/example_task_group_decorator.py
[2023-07-27T02:04:59.269+0000] {processor.py:826} INFO - Processing file /home/airflow/.local/lib/python3.7/site-packages/airflow/example_dags/example_task_group_decorator.py for tasks to queue
[2023-07-27T02:04:59.270+0000] {logging_mixin.py:150} INFO - [2023-07-27T02:04:59.269+0000] {dagbag.py:541} INFO - Filling up the DagBag from /home/airflow/.local/lib/python3.7/site-packages/airflow/example_dags/example_task_group_decorator.py
[2023-07-27T02:04:59.287+0000] {processor.py:836} INFO - DAG(s) dict_keys(['example_task_group_decorator']) retrieved from /home/airflow/.local/lib/python3.7/site-packages/airflow/example_dags/example_task_group_decorator.py
[2023-07-27T02:04:59.317+0000] {logging_mixin.py:150} INFO - [2023-07-27T02:04:59.316+0000] {dag.py:2742} INFO - Sync 1 DAGs
[2023-07-27T02:04:59.345+0000] {logging_mixin.py:150} INFO - [2023-07-27T02:04:59.345+0000] {dag.py:3508} INFO - Setting next_dagrun for example_task_group_decorator to 2023-07-26T02:04:59.344885+00:00, run_after=2023-07-27T02:04:59.344885+00:00
[2023-07-27T02:04:59.368+0000] {processor.py:179} INFO - Processing /home/airflow/.local/lib/python3.7/site-packages/airflow/example_dags/example_task_group_decorator.py took 0.104 seconds
[2023-07-27T02:05:29.691+0000] {processor.py:157} INFO - Started process (PID=5477) to work on /home/airflow/.local/lib/python3.7/site-packages/airflow/example_dags/example_task_group_decorator.py
[2023-07-27T02:05:29.693+0000] {processor.py:826} INFO - Processing file /home/airflow/.local/lib/python3.7/site-packages/airflow/example_dags/example_task_group_decorator.py for tasks to queue
[2023-07-27T02:05:29.694+0000] {logging_mixin.py:150} INFO - [2023-07-27T02:05:29.693+0000] {dagbag.py:541} INFO - Filling up the DagBag from /home/airflow/.local/lib/python3.7/site-packages/airflow/example_dags/example_task_group_decorator.py
[2023-07-27T02:05:29.710+0000] {processor.py:836} INFO - DAG(s) dict_keys(['example_task_group_decorator']) retrieved from /home/airflow/.local/lib/python3.7/site-packages/airflow/example_dags/example_task_group_decorator.py
[2023-07-27T02:05:29.740+0000] {logging_mixin.py:150} INFO - [2023-07-27T02:05:29.739+0000] {dag.py:2742} INFO - Sync 1 DAGs
[2023-07-27T02:05:29.768+0000] {logging_mixin.py:150} INFO - [2023-07-27T02:05:29.768+0000] {dag.py:3508} INFO - Setting next_dagrun for example_task_group_decorator to 2023-07-26T02:05:29.767879+00:00, run_after=2023-07-27T02:05:29.767879+00:00
[2023-07-27T02:05:29.801+0000] {processor.py:179} INFO - Processing /home/airflow/.local/lib/python3.7/site-packages/airflow/example_dags/example_task_group_decorator.py took 0.113 seconds
[2023-07-27T02:06:00.289+0000] {processor.py:157} INFO - Started process (PID=5536) to work on /home/airflow/.local/lib/python3.7/site-packages/airflow/example_dags/example_task_group_decorator.py
[2023-07-27T02:06:00.290+0000] {processor.py:826} INFO - Processing file /home/airflow/.local/lib/python3.7/site-packages/airflow/example_dags/example_task_group_decorator.py for tasks to queue
[2023-07-27T02:06:00.292+0000] {logging_mixin.py:150} INFO - [2023-07-27T02:06:00.291+0000] {dagbag.py:541} INFO - Filling up the DagBag from /home/airflow/.local/lib/python3.7/site-packages/airflow/example_dags/example_task_group_decorator.py
[2023-07-27T02:06:00.308+0000] {processor.py:836} INFO - DAG(s) dict_keys(['example_task_group_decorator']) retrieved from /home/airflow/.local/lib/python3.7/site-packages/airflow/example_dags/example_task_group_decorator.py
[2023-07-27T02:06:00.339+0000] {logging_mixin.py:150} INFO - [2023-07-27T02:06:00.338+0000] {dag.py:2742} INFO - Sync 1 DAGs
[2023-07-27T02:06:00.367+0000] {logging_mixin.py:150} INFO - [2023-07-27T02:06:00.367+0000] {dag.py:3508} INFO - Setting next_dagrun for example_task_group_decorator to 2023-07-26T02:06:00.366875+00:00, run_after=2023-07-27T02:06:00.366875+00:00
[2023-07-27T02:06:00.392+0000] {processor.py:179} INFO - Processing /home/airflow/.local/lib/python3.7/site-packages/airflow/example_dags/example_task_group_decorator.py took 0.106 seconds
[2023-07-27T02:06:30.866+0000] {processor.py:157} INFO - Started process (PID=5596) to work on /home/airflow/.local/lib/python3.7/site-packages/airflow/example_dags/example_task_group_decorator.py
[2023-07-27T02:06:30.867+0000] {processor.py:826} INFO - Processing file /home/airflow/.local/lib/python3.7/site-packages/airflow/example_dags/example_task_group_decorator.py for tasks to queue
[2023-07-27T02:06:30.868+0000] {logging_mixin.py:150} INFO - [2023-07-27T02:06:30.868+0000] {dagbag.py:541} INFO - Filling up the DagBag from /home/airflow/.local/lib/python3.7/site-packages/airflow/example_dags/example_task_group_decorator.py
[2023-07-27T02:06:30.885+0000] {processor.py:836} INFO - DAG(s) dict_keys(['example_task_group_decorator']) retrieved from /home/airflow/.local/lib/python3.7/site-packages/airflow/example_dags/example_task_group_decorator.py
[2023-07-27T02:06:30.915+0000] {logging_mixin.py:150} INFO - [2023-07-27T02:06:30.915+0000] {dag.py:2742} INFO - Sync 1 DAGs
[2023-07-27T02:06:30.943+0000] {logging_mixin.py:150} INFO - [2023-07-27T02:06:30.943+0000] {dag.py:3508} INFO - Setting next_dagrun for example_task_group_decorator to 2023-07-26T02:06:30.942938+00:00, run_after=2023-07-27T02:06:30.942938+00:00
[2023-07-27T02:06:30.967+0000] {processor.py:179} INFO - Processing /home/airflow/.local/lib/python3.7/site-packages/airflow/example_dags/example_task_group_decorator.py took 0.105 seconds
[2023-07-27T02:07:01.314+0000] {processor.py:157} INFO - Started process (PID=5649) to work on /home/airflow/.local/lib/python3.7/site-packages/airflow/example_dags/example_task_group_decorator.py
[2023-07-27T02:07:01.316+0000] {processor.py:826} INFO - Processing file /home/airflow/.local/lib/python3.7/site-packages/airflow/example_dags/example_task_group_decorator.py for tasks to queue
[2023-07-27T02:07:01.317+0000] {logging_mixin.py:150} INFO - [2023-07-27T02:07:01.317+0000] {dagbag.py:541} INFO - Filling up the DagBag from /home/airflow/.local/lib/python3.7/site-packages/airflow/example_dags/example_task_group_decorator.py
[2023-07-27T02:07:01.334+0000] {processor.py:836} INFO - DAG(s) dict_keys(['example_task_group_decorator']) retrieved from /home/airflow/.local/lib/python3.7/site-packages/airflow/example_dags/example_task_group_decorator.py
[2023-07-27T02:07:01.363+0000] {logging_mixin.py:150} INFO - [2023-07-27T02:07:01.363+0000] {dag.py:2742} INFO - Sync 1 DAGs
[2023-07-27T02:07:01.391+0000] {logging_mixin.py:150} INFO - [2023-07-27T02:07:01.391+0000] {dag.py:3508} INFO - Setting next_dagrun for example_task_group_decorator to 2023-07-26T02:07:01.391398+00:00, run_after=2023-07-27T02:07:01.391398+00:00
[2023-07-27T02:07:01.523+0000] {processor.py:179} INFO - Processing /home/airflow/.local/lib/python3.7/site-packages/airflow/example_dags/example_task_group_decorator.py took 0.213 seconds
[2023-07-27T02:07:31.579+0000] {processor.py:157} INFO - Started process (PID=5709) to work on /home/airflow/.local/lib/python3.7/site-packages/airflow/example_dags/example_task_group_decorator.py
[2023-07-27T02:07:31.580+0000] {processor.py:826} INFO - Processing file /home/airflow/.local/lib/python3.7/site-packages/airflow/example_dags/example_task_group_decorator.py for tasks to queue
[2023-07-27T02:07:31.581+0000] {logging_mixin.py:150} INFO - [2023-07-27T02:07:31.581+0000] {dagbag.py:541} INFO - Filling up the DagBag from /home/airflow/.local/lib/python3.7/site-packages/airflow/example_dags/example_task_group_decorator.py
[2023-07-27T02:07:31.598+0000] {processor.py:836} INFO - DAG(s) dict_keys(['example_task_group_decorator']) retrieved from /home/airflow/.local/lib/python3.7/site-packages/airflow/example_dags/example_task_group_decorator.py
[2023-07-27T02:07:31.627+0000] {logging_mixin.py:150} INFO - [2023-07-27T02:07:31.627+0000] {dag.py:2742} INFO - Sync 1 DAGs
[2023-07-27T02:07:31.655+0000] {logging_mixin.py:150} INFO - [2023-07-27T02:07:31.655+0000] {dag.py:3508} INFO - Setting next_dagrun for example_task_group_decorator to 2023-07-26T02:07:31.655007+00:00, run_after=2023-07-27T02:07:31.655007+00:00
[2023-07-27T02:07:31.678+0000] {processor.py:179} INFO - Processing /home/airflow/.local/lib/python3.7/site-packages/airflow/example_dags/example_task_group_decorator.py took 0.103 seconds
[2023-07-27T02:08:02.492+0000] {processor.py:157} INFO - Started process (PID=5769) to work on /home/airflow/.local/lib/python3.7/site-packages/airflow/example_dags/example_task_group_decorator.py
[2023-07-27T02:08:02.493+0000] {processor.py:826} INFO - Processing file /home/airflow/.local/lib/python3.7/site-packages/airflow/example_dags/example_task_group_decorator.py for tasks to queue
[2023-07-27T02:08:02.494+0000] {logging_mixin.py:150} INFO - [2023-07-27T02:08:02.494+0000] {dagbag.py:541} INFO - Filling up the DagBag from /home/airflow/.local/lib/python3.7/site-packages/airflow/example_dags/example_task_group_decorator.py
[2023-07-27T02:08:02.514+0000] {processor.py:836} INFO - DAG(s) dict_keys(['example_task_group_decorator']) retrieved from /home/airflow/.local/lib/python3.7/site-packages/airflow/example_dags/example_task_group_decorator.py
[2023-07-27T02:08:02.569+0000] {logging_mixin.py:150} INFO - [2023-07-27T02:08:02.569+0000] {dag.py:2742} INFO - Sync 1 DAGs
[2023-07-27T02:08:02.600+0000] {logging_mixin.py:150} INFO - [2023-07-27T02:08:02.600+0000] {dag.py:3508} INFO - Setting next_dagrun for example_task_group_decorator to 2023-07-26T02:08:02.600429+00:00, run_after=2023-07-27T02:08:02.600429+00:00
[2023-07-27T02:08:02.638+0000] {processor.py:179} INFO - Processing /home/airflow/.local/lib/python3.7/site-packages/airflow/example_dags/example_task_group_decorator.py took 0.150 seconds
[2023-07-27T02:08:33.339+0000] {processor.py:157} INFO - Started process (PID=5830) to work on /home/airflow/.local/lib/python3.7/site-packages/airflow/example_dags/example_task_group_decorator.py
[2023-07-27T02:08:33.341+0000] {processor.py:826} INFO - Processing file /home/airflow/.local/lib/python3.7/site-packages/airflow/example_dags/example_task_group_decorator.py for tasks to queue
[2023-07-27T02:08:33.342+0000] {logging_mixin.py:150} INFO - [2023-07-27T02:08:33.341+0000] {dagbag.py:541} INFO - Filling up the DagBag from /home/airflow/.local/lib/python3.7/site-packages/airflow/example_dags/example_task_group_decorator.py
[2023-07-27T02:08:33.359+0000] {processor.py:836} INFO - DAG(s) dict_keys(['example_task_group_decorator']) retrieved from /home/airflow/.local/lib/python3.7/site-packages/airflow/example_dags/example_task_group_decorator.py
[2023-07-27T02:08:33.389+0000] {logging_mixin.py:150} INFO - [2023-07-27T02:08:33.389+0000] {dag.py:2742} INFO - Sync 1 DAGs
[2023-07-27T02:08:33.525+0000] {logging_mixin.py:150} INFO - [2023-07-27T02:08:33.524+0000] {dag.py:3508} INFO - Setting next_dagrun for example_task_group_decorator to 2023-07-26T02:08:33.524688+00:00, run_after=2023-07-27T02:08:33.524688+00:00
[2023-07-27T02:08:33.549+0000] {processor.py:179} INFO - Processing /home/airflow/.local/lib/python3.7/site-packages/airflow/example_dags/example_task_group_decorator.py took 0.213 seconds
[2023-07-27T02:09:03.845+0000] {processor.py:157} INFO - Started process (PID=5890) to work on /home/airflow/.local/lib/python3.7/site-packages/airflow/example_dags/example_task_group_decorator.py
[2023-07-27T02:09:03.846+0000] {processor.py:826} INFO - Processing file /home/airflow/.local/lib/python3.7/site-packages/airflow/example_dags/example_task_group_decorator.py for tasks to queue
[2023-07-27T02:09:03.847+0000] {logging_mixin.py:150} INFO - [2023-07-27T02:09:03.847+0000] {dagbag.py:541} INFO - Filling up the DagBag from /home/airflow/.local/lib/python3.7/site-packages/airflow/example_dags/example_task_group_decorator.py
[2023-07-27T02:09:03.865+0000] {processor.py:836} INFO - DAG(s) dict_keys(['example_task_group_decorator']) retrieved from /home/airflow/.local/lib/python3.7/site-packages/airflow/example_dags/example_task_group_decorator.py
[2023-07-27T02:09:03.894+0000] {logging_mixin.py:150} INFO - [2023-07-27T02:09:03.894+0000] {dag.py:2742} INFO - Sync 1 DAGs
[2023-07-27T02:09:03.922+0000] {logging_mixin.py:150} INFO - [2023-07-27T02:09:03.922+0000] {dag.py:3508} INFO - Setting next_dagrun for example_task_group_decorator to 2023-07-26T02:09:03.921958+00:00, run_after=2023-07-27T02:09:03.921958+00:00
[2023-07-27T02:09:03.950+0000] {processor.py:179} INFO - Processing /home/airflow/.local/lib/python3.7/site-packages/airflow/example_dags/example_task_group_decorator.py took 0.108 seconds
[2023-07-27T02:09:33.987+0000] {processor.py:157} INFO - Started process (PID=5950) to work on /home/airflow/.local/lib/python3.7/site-packages/airflow/example_dags/example_task_group_decorator.py
[2023-07-27T02:09:33.988+0000] {processor.py:826} INFO - Processing file /home/airflow/.local/lib/python3.7/site-packages/airflow/example_dags/example_task_group_decorator.py for tasks to queue
[2023-07-27T02:09:33.990+0000] {logging_mixin.py:150} INFO - [2023-07-27T02:09:33.989+0000] {dagbag.py:541} INFO - Filling up the DagBag from /home/airflow/.local/lib/python3.7/site-packages/airflow/example_dags/example_task_group_decorator.py
[2023-07-27T02:09:34.007+0000] {processor.py:836} INFO - DAG(s) dict_keys(['example_task_group_decorator']) retrieved from /home/airflow/.local/lib/python3.7/site-packages/airflow/example_dags/example_task_group_decorator.py
[2023-07-27T02:09:34.037+0000] {logging_mixin.py:150} INFO - [2023-07-27T02:09:34.037+0000] {dag.py:2742} INFO - Sync 1 DAGs
[2023-07-27T02:09:34.064+0000] {logging_mixin.py:150} INFO - [2023-07-27T02:09:34.064+0000] {dag.py:3508} INFO - Setting next_dagrun for example_task_group_decorator to 2023-07-26T02:09:34.063885+00:00, run_after=2023-07-27T02:09:34.063885+00:00
[2023-07-27T02:09:34.087+0000] {processor.py:179} INFO - Processing /home/airflow/.local/lib/python3.7/site-packages/airflow/example_dags/example_task_group_decorator.py took 0.103 seconds
[2023-07-27T02:10:04.829+0000] {processor.py:157} INFO - Started process (PID=6010) to work on /home/airflow/.local/lib/python3.7/site-packages/airflow/example_dags/example_task_group_decorator.py
[2023-07-27T02:10:04.830+0000] {processor.py:826} INFO - Processing file /home/airflow/.local/lib/python3.7/site-packages/airflow/example_dags/example_task_group_decorator.py for tasks to queue
[2023-07-27T02:10:04.831+0000] {logging_mixin.py:150} INFO - [2023-07-27T02:10:04.831+0000] {dagbag.py:541} INFO - Filling up the DagBag from /home/airflow/.local/lib/python3.7/site-packages/airflow/example_dags/example_task_group_decorator.py
[2023-07-27T02:10:04.852+0000] {processor.py:836} INFO - DAG(s) dict_keys(['example_task_group_decorator']) retrieved from /home/airflow/.local/lib/python3.7/site-packages/airflow/example_dags/example_task_group_decorator.py
[2023-07-27T02:10:04.885+0000] {logging_mixin.py:150} INFO - [2023-07-27T02:10:04.885+0000] {dag.py:2742} INFO - Sync 1 DAGs
[2023-07-27T02:10:05.057+0000] {logging_mixin.py:150} INFO - [2023-07-27T02:10:05.057+0000] {dag.py:3508} INFO - Setting next_dagrun for example_task_group_decorator to 2023-07-26T02:10:05.057230+00:00, run_after=2023-07-27T02:10:05.057230+00:00
[2023-07-27T02:10:05.094+0000] {processor.py:179} INFO - Processing /home/airflow/.local/lib/python3.7/site-packages/airflow/example_dags/example_task_group_decorator.py took 0.269 seconds
[2023-07-27T02:10:35.372+0000] {processor.py:157} INFO - Started process (PID=6071) to work on /home/airflow/.local/lib/python3.7/site-packages/airflow/example_dags/example_task_group_decorator.py
[2023-07-27T02:10:35.373+0000] {processor.py:826} INFO - Processing file /home/airflow/.local/lib/python3.7/site-packages/airflow/example_dags/example_task_group_decorator.py for tasks to queue
[2023-07-27T02:10:35.374+0000] {logging_mixin.py:150} INFO - [2023-07-27T02:10:35.374+0000] {dagbag.py:541} INFO - Filling up the DagBag from /home/airflow/.local/lib/python3.7/site-packages/airflow/example_dags/example_task_group_decorator.py
[2023-07-27T02:10:35.392+0000] {processor.py:836} INFO - DAG(s) dict_keys(['example_task_group_decorator']) retrieved from /home/airflow/.local/lib/python3.7/site-packages/airflow/example_dags/example_task_group_decorator.py
[2023-07-27T02:10:35.422+0000] {logging_mixin.py:150} INFO - [2023-07-27T02:10:35.422+0000] {dag.py:2742} INFO - Sync 1 DAGs
[2023-07-27T02:10:35.451+0000] {logging_mixin.py:150} INFO - [2023-07-27T02:10:35.451+0000] {dag.py:3508} INFO - Setting next_dagrun for example_task_group_decorator to 2023-07-26T02:10:35.450803+00:00, run_after=2023-07-27T02:10:35.450803+00:00
[2023-07-27T02:10:35.476+0000] {processor.py:179} INFO - Processing /home/airflow/.local/lib/python3.7/site-packages/airflow/example_dags/example_task_group_decorator.py took 0.107 seconds
