[2023-07-27T01:39:09.852+0000] {processor.py:157} INFO - Started process (PID=2374) to work on /home/airflow/.local/lib/python3.7/site-packages/airflow/example_dags/example_branch_labels.py
[2023-07-27T01:39:09.855+0000] {processor.py:826} INFO - Processing file /home/airflow/.local/lib/python3.7/site-packages/airflow/example_dags/example_branch_labels.py for tasks to queue
[2023-07-27T01:39:09.856+0000] {logging_mixin.py:150} INFO - [2023-07-27T01:39:09.856+0000] {dagbag.py:541} INFO - Filling up the DagBag from /home/airflow/.local/lib/python3.7/site-packages/airflow/example_dags/example_branch_labels.py
[2023-07-27T01:39:09.872+0000] {processor.py:836} INFO - DAG(s) dict_keys(['example_branch_labels']) retrieved from /home/airflow/.local/lib/python3.7/site-packages/airflow/example_dags/example_branch_labels.py
[2023-07-27T01:39:09.908+0000] {logging_mixin.py:150} INFO - [2023-07-27T01:39:09.908+0000] {dag.py:2742} INFO - Sync 1 DAGs
[2023-07-27T01:39:09.953+0000] {logging_mixin.py:150} INFO - [2023-07-27T01:39:09.952+0000] {dag.py:3508} INFO - Setting next_dagrun for example_branch_labels to 2023-07-26T00:00:00+00:00, run_after=2023-07-27T00:00:00+00:00
[2023-07-27T01:39:09.988+0000] {processor.py:179} INFO - Processing /home/airflow/.local/lib/python3.7/site-packages/airflow/example_dags/example_branch_labels.py took 0.140 seconds
[2023-07-27T01:39:40.055+0000] {processor.py:157} INFO - Started process (PID=2434) to work on /home/airflow/.local/lib/python3.7/site-packages/airflow/example_dags/example_branch_labels.py
[2023-07-27T01:39:40.056+0000] {processor.py:826} INFO - Processing file /home/airflow/.local/lib/python3.7/site-packages/airflow/example_dags/example_branch_labels.py for tasks to queue
[2023-07-27T01:39:40.058+0000] {logging_mixin.py:150} INFO - [2023-07-27T01:39:40.057+0000] {dagbag.py:541} INFO - Filling up the DagBag from /home/airflow/.local/lib/python3.7/site-packages/airflow/example_dags/example_branch_labels.py
[2023-07-27T01:39:40.067+0000] {processor.py:836} INFO - DAG(s) dict_keys(['example_branch_labels']) retrieved from /home/airflow/.local/lib/python3.7/site-packages/airflow/example_dags/example_branch_labels.py
[2023-07-27T01:39:40.094+0000] {logging_mixin.py:150} INFO - [2023-07-27T01:39:40.093+0000] {dag.py:2742} INFO - Sync 1 DAGs
[2023-07-27T01:39:40.125+0000] {logging_mixin.py:150} INFO - [2023-07-27T01:39:40.125+0000] {dag.py:3508} INFO - Setting next_dagrun for example_branch_labels to 2023-07-26T00:00:00+00:00, run_after=2023-07-27T00:00:00+00:00
[2023-07-27T01:39:40.148+0000] {processor.py:179} INFO - Processing /home/airflow/.local/lib/python3.7/site-packages/airflow/example_dags/example_branch_labels.py took 0.096 seconds
[2023-07-27T01:40:10.985+0000] {processor.py:157} INFO - Started process (PID=2494) to work on /home/airflow/.local/lib/python3.7/site-packages/airflow/example_dags/example_branch_labels.py
[2023-07-27T01:40:10.987+0000] {processor.py:826} INFO - Processing file /home/airflow/.local/lib/python3.7/site-packages/airflow/example_dags/example_branch_labels.py for tasks to queue
[2023-07-27T01:40:10.988+0000] {logging_mixin.py:150} INFO - [2023-07-27T01:40:10.987+0000] {dagbag.py:541} INFO - Filling up the DagBag from /home/airflow/.local/lib/python3.7/site-packages/airflow/example_dags/example_branch_labels.py
[2023-07-27T01:40:11.005+0000] {processor.py:836} INFO - DAG(s) dict_keys(['example_branch_labels']) retrieved from /home/airflow/.local/lib/python3.7/site-packages/airflow/example_dags/example_branch_labels.py
[2023-07-27T01:40:11.049+0000] {logging_mixin.py:150} INFO - [2023-07-27T01:40:11.048+0000] {dag.py:2742} INFO - Sync 1 DAGs
[2023-07-27T01:40:11.112+0000] {logging_mixin.py:150} INFO - [2023-07-27T01:40:11.112+0000] {dag.py:3508} INFO - Setting next_dagrun for example_branch_labels to 2023-07-26T00:00:00+00:00, run_after=2023-07-27T00:00:00+00:00
[2023-07-27T01:40:11.151+0000] {processor.py:179} INFO - Processing /home/airflow/.local/lib/python3.7/site-packages/airflow/example_dags/example_branch_labels.py took 0.174 seconds
[2023-07-27T01:40:41.185+0000] {processor.py:157} INFO - Started process (PID=2555) to work on /home/airflow/.local/lib/python3.7/site-packages/airflow/example_dags/example_branch_labels.py
[2023-07-27T01:40:41.186+0000] {processor.py:826} INFO - Processing file /home/airflow/.local/lib/python3.7/site-packages/airflow/example_dags/example_branch_labels.py for tasks to queue
[2023-07-27T01:40:41.188+0000] {logging_mixin.py:150} INFO - [2023-07-27T01:40:41.187+0000] {dagbag.py:541} INFO - Filling up the DagBag from /home/airflow/.local/lib/python3.7/site-packages/airflow/example_dags/example_branch_labels.py
[2023-07-27T01:40:41.196+0000] {processor.py:836} INFO - DAG(s) dict_keys(['example_branch_labels']) retrieved from /home/airflow/.local/lib/python3.7/site-packages/airflow/example_dags/example_branch_labels.py
[2023-07-27T01:40:41.223+0000] {logging_mixin.py:150} INFO - [2023-07-27T01:40:41.223+0000] {dag.py:2742} INFO - Sync 1 DAGs
[2023-07-27T01:40:41.251+0000] {logging_mixin.py:150} INFO - [2023-07-27T01:40:41.251+0000] {dag.py:3508} INFO - Setting next_dagrun for example_branch_labels to 2023-07-26T00:00:00+00:00, run_after=2023-07-27T00:00:00+00:00
[2023-07-27T01:40:41.277+0000] {processor.py:179} INFO - Processing /home/airflow/.local/lib/python3.7/site-packages/airflow/example_dags/example_branch_labels.py took 0.097 seconds
[2023-07-27T01:41:12.180+0000] {processor.py:157} INFO - Started process (PID=2615) to work on /home/airflow/.local/lib/python3.7/site-packages/airflow/example_dags/example_branch_labels.py
[2023-07-27T01:41:12.181+0000] {processor.py:826} INFO - Processing file /home/airflow/.local/lib/python3.7/site-packages/airflow/example_dags/example_branch_labels.py for tasks to queue
[2023-07-27T01:41:12.182+0000] {logging_mixin.py:150} INFO - [2023-07-27T01:41:12.182+0000] {dagbag.py:541} INFO - Filling up the DagBag from /home/airflow/.local/lib/python3.7/site-packages/airflow/example_dags/example_branch_labels.py
[2023-07-27T01:41:12.191+0000] {processor.py:836} INFO - DAG(s) dict_keys(['example_branch_labels']) retrieved from /home/airflow/.local/lib/python3.7/site-packages/airflow/example_dags/example_branch_labels.py
[2023-07-27T01:41:12.218+0000] {logging_mixin.py:150} INFO - [2023-07-27T01:41:12.218+0000] {dag.py:2742} INFO - Sync 1 DAGs
[2023-07-27T01:41:12.246+0000] {logging_mixin.py:150} INFO - [2023-07-27T01:41:12.246+0000] {dag.py:3508} INFO - Setting next_dagrun for example_branch_labels to 2023-07-26T00:00:00+00:00, run_after=2023-07-27T00:00:00+00:00
[2023-07-27T01:41:12.268+0000] {processor.py:179} INFO - Processing /home/airflow/.local/lib/python3.7/site-packages/airflow/example_dags/example_branch_labels.py took 0.092 seconds
[2023-07-27T01:41:42.706+0000] {processor.py:157} INFO - Started process (PID=2675) to work on /home/airflow/.local/lib/python3.7/site-packages/airflow/example_dags/example_branch_labels.py
[2023-07-27T01:41:42.707+0000] {processor.py:826} INFO - Processing file /home/airflow/.local/lib/python3.7/site-packages/airflow/example_dags/example_branch_labels.py for tasks to queue
[2023-07-27T01:41:42.708+0000] {logging_mixin.py:150} INFO - [2023-07-27T01:41:42.708+0000] {dagbag.py:541} INFO - Filling up the DagBag from /home/airflow/.local/lib/python3.7/site-packages/airflow/example_dags/example_branch_labels.py
[2023-07-27T01:41:42.717+0000] {processor.py:836} INFO - DAG(s) dict_keys(['example_branch_labels']) retrieved from /home/airflow/.local/lib/python3.7/site-packages/airflow/example_dags/example_branch_labels.py
[2023-07-27T01:41:42.743+0000] {logging_mixin.py:150} INFO - [2023-07-27T01:41:42.742+0000] {dag.py:2742} INFO - Sync 1 DAGs
[2023-07-27T01:41:42.772+0000] {logging_mixin.py:150} INFO - [2023-07-27T01:41:42.771+0000] {dag.py:3508} INFO - Setting next_dagrun for example_branch_labels to 2023-07-26T00:00:00+00:00, run_after=2023-07-27T00:00:00+00:00
[2023-07-27T01:41:42.795+0000] {processor.py:179} INFO - Processing /home/airflow/.local/lib/python3.7/site-packages/airflow/example_dags/example_branch_labels.py took 0.093 seconds
[2023-07-27T01:42:13.320+0000] {processor.py:157} INFO - Started process (PID=2735) to work on /home/airflow/.local/lib/python3.7/site-packages/airflow/example_dags/example_branch_labels.py
[2023-07-27T01:42:13.321+0000] {processor.py:826} INFO - Processing file /home/airflow/.local/lib/python3.7/site-packages/airflow/example_dags/example_branch_labels.py for tasks to queue
[2023-07-27T01:42:13.322+0000] {logging_mixin.py:150} INFO - [2023-07-27T01:42:13.322+0000] {dagbag.py:541} INFO - Filling up the DagBag from /home/airflow/.local/lib/python3.7/site-packages/airflow/example_dags/example_branch_labels.py
[2023-07-27T01:42:13.331+0000] {processor.py:836} INFO - DAG(s) dict_keys(['example_branch_labels']) retrieved from /home/airflow/.local/lib/python3.7/site-packages/airflow/example_dags/example_branch_labels.py
[2023-07-27T01:42:13.359+0000] {logging_mixin.py:150} INFO - [2023-07-27T01:42:13.359+0000] {dag.py:2742} INFO - Sync 1 DAGs
[2023-07-27T01:42:13.388+0000] {logging_mixin.py:150} INFO - [2023-07-27T01:42:13.388+0000] {dag.py:3508} INFO - Setting next_dagrun for example_branch_labels to 2023-07-26T00:00:00+00:00, run_after=2023-07-27T00:00:00+00:00
[2023-07-27T01:42:13.412+0000] {processor.py:179} INFO - Processing /home/airflow/.local/lib/python3.7/site-packages/airflow/example_dags/example_branch_labels.py took 0.096 seconds
[2023-07-27T01:42:44.225+0000] {processor.py:157} INFO - Started process (PID=2804) to work on /home/airflow/.local/lib/python3.7/site-packages/airflow/example_dags/example_branch_labels.py
[2023-07-27T01:42:44.226+0000] {processor.py:826} INFO - Processing file /home/airflow/.local/lib/python3.7/site-packages/airflow/example_dags/example_branch_labels.py for tasks to queue
[2023-07-27T01:42:44.227+0000] {logging_mixin.py:150} INFO - [2023-07-27T01:42:44.227+0000] {dagbag.py:541} INFO - Filling up the DagBag from /home/airflow/.local/lib/python3.7/site-packages/airflow/example_dags/example_branch_labels.py
[2023-07-27T01:42:44.236+0000] {processor.py:836} INFO - DAG(s) dict_keys(['example_branch_labels']) retrieved from /home/airflow/.local/lib/python3.7/site-packages/airflow/example_dags/example_branch_labels.py
[2023-07-27T01:42:44.264+0000] {logging_mixin.py:150} INFO - [2023-07-27T01:42:44.264+0000] {dag.py:2742} INFO - Sync 1 DAGs
[2023-07-27T01:42:44.293+0000] {logging_mixin.py:150} INFO - [2023-07-27T01:42:44.293+0000] {dag.py:3508} INFO - Setting next_dagrun for example_branch_labels to 2023-07-26T00:00:00+00:00, run_after=2023-07-27T00:00:00+00:00
[2023-07-27T01:42:44.325+0000] {processor.py:179} INFO - Processing /home/airflow/.local/lib/python3.7/site-packages/airflow/example_dags/example_branch_labels.py took 0.104 seconds
[2023-07-27T01:43:14.665+0000] {processor.py:157} INFO - Started process (PID=2864) to work on /home/airflow/.local/lib/python3.7/site-packages/airflow/example_dags/example_branch_labels.py
[2023-07-27T01:43:14.666+0000] {processor.py:826} INFO - Processing file /home/airflow/.local/lib/python3.7/site-packages/airflow/example_dags/example_branch_labels.py for tasks to queue
[2023-07-27T01:43:14.667+0000] {logging_mixin.py:150} INFO - [2023-07-27T01:43:14.667+0000] {dagbag.py:541} INFO - Filling up the DagBag from /home/airflow/.local/lib/python3.7/site-packages/airflow/example_dags/example_branch_labels.py
[2023-07-27T01:43:14.676+0000] {processor.py:836} INFO - DAG(s) dict_keys(['example_branch_labels']) retrieved from /home/airflow/.local/lib/python3.7/site-packages/airflow/example_dags/example_branch_labels.py
[2023-07-27T01:43:14.702+0000] {logging_mixin.py:150} INFO - [2023-07-27T01:43:14.701+0000] {dag.py:2742} INFO - Sync 1 DAGs
[2023-07-27T01:43:14.730+0000] {logging_mixin.py:150} INFO - [2023-07-27T01:43:14.730+0000] {dag.py:3508} INFO - Setting next_dagrun for example_branch_labels to 2023-07-26T00:00:00+00:00, run_after=2023-07-27T00:00:00+00:00
[2023-07-27T01:43:14.752+0000] {processor.py:179} INFO - Processing /home/airflow/.local/lib/python3.7/site-packages/airflow/example_dags/example_branch_labels.py took 0.090 seconds
[2023-07-27T01:43:44.899+0000] {processor.py:157} INFO - Started process (PID=2924) to work on /home/airflow/.local/lib/python3.7/site-packages/airflow/example_dags/example_branch_labels.py
[2023-07-27T01:43:44.900+0000] {processor.py:826} INFO - Processing file /home/airflow/.local/lib/python3.7/site-packages/airflow/example_dags/example_branch_labels.py for tasks to queue
[2023-07-27T01:43:44.901+0000] {logging_mixin.py:150} INFO - [2023-07-27T01:43:44.901+0000] {dagbag.py:541} INFO - Filling up the DagBag from /home/airflow/.local/lib/python3.7/site-packages/airflow/example_dags/example_branch_labels.py
[2023-07-27T01:43:44.910+0000] {processor.py:836} INFO - DAG(s) dict_keys(['example_branch_labels']) retrieved from /home/airflow/.local/lib/python3.7/site-packages/airflow/example_dags/example_branch_labels.py
[2023-07-27T01:43:44.936+0000] {logging_mixin.py:150} INFO - [2023-07-27T01:43:44.936+0000] {dag.py:2742} INFO - Sync 1 DAGs
[2023-07-27T01:43:44.965+0000] {logging_mixin.py:150} INFO - [2023-07-27T01:43:44.965+0000] {dag.py:3508} INFO - Setting next_dagrun for example_branch_labels to 2023-07-26T00:00:00+00:00, run_after=2023-07-27T00:00:00+00:00
[2023-07-27T01:43:44.995+0000] {processor.py:179} INFO - Processing /home/airflow/.local/lib/python3.7/site-packages/airflow/example_dags/example_branch_labels.py took 0.100 seconds
[2023-07-27T01:44:15.799+0000] {processor.py:157} INFO - Started process (PID=2984) to work on /home/airflow/.local/lib/python3.7/site-packages/airflow/example_dags/example_branch_labels.py
[2023-07-27T01:44:15.806+0000] {processor.py:826} INFO - Processing file /home/airflow/.local/lib/python3.7/site-packages/airflow/example_dags/example_branch_labels.py for tasks to queue
[2023-07-27T01:44:15.815+0000] {logging_mixin.py:150} INFO - [2023-07-27T01:44:15.814+0000] {dagbag.py:541} INFO - Filling up the DagBag from /home/airflow/.local/lib/python3.7/site-packages/airflow/example_dags/example_branch_labels.py
[2023-07-27T01:44:15.831+0000] {processor.py:836} INFO - DAG(s) dict_keys(['example_branch_labels']) retrieved from /home/airflow/.local/lib/python3.7/site-packages/airflow/example_dags/example_branch_labels.py
[2023-07-27T01:44:15.895+0000] {logging_mixin.py:150} INFO - [2023-07-27T01:44:15.895+0000] {dag.py:2742} INFO - Sync 1 DAGs
[2023-07-27T01:44:15.947+0000] {logging_mixin.py:150} INFO - [2023-07-27T01:44:15.947+0000] {dag.py:3508} INFO - Setting next_dagrun for example_branch_labels to 2023-07-26T00:00:00+00:00, run_after=2023-07-27T00:00:00+00:00
[2023-07-27T01:44:15.978+0000] {processor.py:179} INFO - Processing /home/airflow/.local/lib/python3.7/site-packages/airflow/example_dags/example_branch_labels.py took 0.183 seconds
[2023-07-27T01:44:46.334+0000] {processor.py:157} INFO - Started process (PID=3044) to work on /home/airflow/.local/lib/python3.7/site-packages/airflow/example_dags/example_branch_labels.py
[2023-07-27T01:44:46.335+0000] {processor.py:826} INFO - Processing file /home/airflow/.local/lib/python3.7/site-packages/airflow/example_dags/example_branch_labels.py for tasks to queue
[2023-07-27T01:44:46.336+0000] {logging_mixin.py:150} INFO - [2023-07-27T01:44:46.336+0000] {dagbag.py:541} INFO - Filling up the DagBag from /home/airflow/.local/lib/python3.7/site-packages/airflow/example_dags/example_branch_labels.py
[2023-07-27T01:44:46.345+0000] {processor.py:836} INFO - DAG(s) dict_keys(['example_branch_labels']) retrieved from /home/airflow/.local/lib/python3.7/site-packages/airflow/example_dags/example_branch_labels.py
[2023-07-27T01:44:46.373+0000] {logging_mixin.py:150} INFO - [2023-07-27T01:44:46.373+0000] {dag.py:2742} INFO - Sync 1 DAGs
[2023-07-27T01:44:46.402+0000] {logging_mixin.py:150} INFO - [2023-07-27T01:44:46.402+0000] {dag.py:3508} INFO - Setting next_dagrun for example_branch_labels to 2023-07-26T00:00:00+00:00, run_after=2023-07-27T00:00:00+00:00
[2023-07-27T01:44:46.434+0000] {processor.py:179} INFO - Processing /home/airflow/.local/lib/python3.7/site-packages/airflow/example_dags/example_branch_labels.py took 0.104 seconds
[2023-07-27T01:45:16.613+0000] {processor.py:157} INFO - Started process (PID=3105) to work on /home/airflow/.local/lib/python3.7/site-packages/airflow/example_dags/example_branch_labels.py
[2023-07-27T01:45:16.615+0000] {processor.py:826} INFO - Processing file /home/airflow/.local/lib/python3.7/site-packages/airflow/example_dags/example_branch_labels.py for tasks to queue
[2023-07-27T01:45:16.616+0000] {logging_mixin.py:150} INFO - [2023-07-27T01:45:16.616+0000] {dagbag.py:541} INFO - Filling up the DagBag from /home/airflow/.local/lib/python3.7/site-packages/airflow/example_dags/example_branch_labels.py
[2023-07-27T01:45:16.625+0000] {processor.py:836} INFO - DAG(s) dict_keys(['example_branch_labels']) retrieved from /home/airflow/.local/lib/python3.7/site-packages/airflow/example_dags/example_branch_labels.py
[2023-07-27T01:45:16.652+0000] {logging_mixin.py:150} INFO - [2023-07-27T01:45:16.651+0000] {dag.py:2742} INFO - Sync 1 DAGs
[2023-07-27T01:45:16.681+0000] {logging_mixin.py:150} INFO - [2023-07-27T01:45:16.681+0000] {dag.py:3508} INFO - Setting next_dagrun for example_branch_labels to 2023-07-26T00:00:00+00:00, run_after=2023-07-27T00:00:00+00:00
[2023-07-27T01:45:16.714+0000] {processor.py:179} INFO - Processing /home/airflow/.local/lib/python3.7/site-packages/airflow/example_dags/example_branch_labels.py took 0.104 seconds
[2023-07-27T01:45:47.539+0000] {processor.py:157} INFO - Started process (PID=3165) to work on /home/airflow/.local/lib/python3.7/site-packages/airflow/example_dags/example_branch_labels.py
[2023-07-27T01:45:47.540+0000] {processor.py:826} INFO - Processing file /home/airflow/.local/lib/python3.7/site-packages/airflow/example_dags/example_branch_labels.py for tasks to queue
[2023-07-27T01:45:47.541+0000] {logging_mixin.py:150} INFO - [2023-07-27T01:45:47.541+0000] {dagbag.py:541} INFO - Filling up the DagBag from /home/airflow/.local/lib/python3.7/site-packages/airflow/example_dags/example_branch_labels.py
[2023-07-27T01:45:47.550+0000] {processor.py:836} INFO - DAG(s) dict_keys(['example_branch_labels']) retrieved from /home/airflow/.local/lib/python3.7/site-packages/airflow/example_dags/example_branch_labels.py
[2023-07-27T01:45:47.576+0000] {logging_mixin.py:150} INFO - [2023-07-27T01:45:47.576+0000] {dag.py:2742} INFO - Sync 1 DAGs
[2023-07-27T01:45:47.606+0000] {logging_mixin.py:150} INFO - [2023-07-27T01:45:47.605+0000] {dag.py:3508} INFO - Setting next_dagrun for example_branch_labels to 2023-07-26T00:00:00+00:00, run_after=2023-07-27T00:00:00+00:00
[2023-07-27T01:45:47.638+0000] {processor.py:179} INFO - Processing /home/airflow/.local/lib/python3.7/site-packages/airflow/example_dags/example_branch_labels.py took 0.103 seconds
[2023-07-27T01:46:18.060+0000] {processor.py:157} INFO - Started process (PID=3225) to work on /home/airflow/.local/lib/python3.7/site-packages/airflow/example_dags/example_branch_labels.py
[2023-07-27T01:46:18.061+0000] {processor.py:826} INFO - Processing file /home/airflow/.local/lib/python3.7/site-packages/airflow/example_dags/example_branch_labels.py for tasks to queue
[2023-07-27T01:46:18.062+0000] {logging_mixin.py:150} INFO - [2023-07-27T01:46:18.062+0000] {dagbag.py:541} INFO - Filling up the DagBag from /home/airflow/.local/lib/python3.7/site-packages/airflow/example_dags/example_branch_labels.py
[2023-07-27T01:46:18.072+0000] {processor.py:836} INFO - DAG(s) dict_keys(['example_branch_labels']) retrieved from /home/airflow/.local/lib/python3.7/site-packages/airflow/example_dags/example_branch_labels.py
[2023-07-27T01:46:18.100+0000] {logging_mixin.py:150} INFO - [2023-07-27T01:46:18.100+0000] {dag.py:2742} INFO - Sync 1 DAGs
[2023-07-27T01:46:18.128+0000] {logging_mixin.py:150} INFO - [2023-07-27T01:46:18.127+0000] {dag.py:3508} INFO - Setting next_dagrun for example_branch_labels to 2023-07-26T00:00:00+00:00, run_after=2023-07-27T00:00:00+00:00
[2023-07-27T01:46:18.148+0000] {processor.py:179} INFO - Processing /home/airflow/.local/lib/python3.7/site-packages/airflow/example_dags/example_branch_labels.py took 0.092 seconds
[2023-07-27T01:46:48.758+0000] {processor.py:157} INFO - Started process (PID=3278) to work on /home/airflow/.local/lib/python3.7/site-packages/airflow/example_dags/example_branch_labels.py
[2023-07-27T01:46:48.759+0000] {processor.py:826} INFO - Processing file /home/airflow/.local/lib/python3.7/site-packages/airflow/example_dags/example_branch_labels.py for tasks to queue
[2023-07-27T01:46:48.760+0000] {logging_mixin.py:150} INFO - [2023-07-27T01:46:48.760+0000] {dagbag.py:541} INFO - Filling up the DagBag from /home/airflow/.local/lib/python3.7/site-packages/airflow/example_dags/example_branch_labels.py
[2023-07-27T01:46:48.768+0000] {processor.py:836} INFO - DAG(s) dict_keys(['example_branch_labels']) retrieved from /home/airflow/.local/lib/python3.7/site-packages/airflow/example_dags/example_branch_labels.py
[2023-07-27T01:46:48.794+0000] {logging_mixin.py:150} INFO - [2023-07-27T01:46:48.794+0000] {dag.py:2742} INFO - Sync 1 DAGs
[2023-07-27T01:46:48.823+0000] {logging_mixin.py:150} INFO - [2023-07-27T01:46:48.823+0000] {dag.py:3508} INFO - Setting next_dagrun for example_branch_labels to 2023-07-26T00:00:00+00:00, run_after=2023-07-27T00:00:00+00:00
[2023-07-27T01:46:48.844+0000] {processor.py:179} INFO - Processing /home/airflow/.local/lib/python3.7/site-packages/airflow/example_dags/example_branch_labels.py took 0.090 seconds
[2023-07-27T01:47:19.030+0000] {processor.py:157} INFO - Started process (PID=3338) to work on /home/airflow/.local/lib/python3.7/site-packages/airflow/example_dags/example_branch_labels.py
[2023-07-27T01:47:19.032+0000] {processor.py:826} INFO - Processing file /home/airflow/.local/lib/python3.7/site-packages/airflow/example_dags/example_branch_labels.py for tasks to queue
[2023-07-27T01:47:19.033+0000] {logging_mixin.py:150} INFO - [2023-07-27T01:47:19.032+0000] {dagbag.py:541} INFO - Filling up the DagBag from /home/airflow/.local/lib/python3.7/site-packages/airflow/example_dags/example_branch_labels.py
[2023-07-27T01:47:19.044+0000] {processor.py:836} INFO - DAG(s) dict_keys(['example_branch_labels']) retrieved from /home/airflow/.local/lib/python3.7/site-packages/airflow/example_dags/example_branch_labels.py
[2023-07-27T01:47:19.072+0000] {logging_mixin.py:150} INFO - [2023-07-27T01:47:19.072+0000] {dag.py:2742} INFO - Sync 1 DAGs
[2023-07-27T01:47:19.106+0000] {logging_mixin.py:150} INFO - [2023-07-27T01:47:19.106+0000] {dag.py:3508} INFO - Setting next_dagrun for example_branch_labels to 2023-07-26T00:00:00+00:00, run_after=2023-07-27T00:00:00+00:00
[2023-07-27T01:47:19.128+0000] {processor.py:179} INFO - Processing /home/airflow/.local/lib/python3.7/site-packages/airflow/example_dags/example_branch_labels.py took 0.102 seconds
[2023-07-27T01:47:49.960+0000] {processor.py:157} INFO - Started process (PID=3398) to work on /home/airflow/.local/lib/python3.7/site-packages/airflow/example_dags/example_branch_labels.py
[2023-07-27T01:47:49.961+0000] {processor.py:826} INFO - Processing file /home/airflow/.local/lib/python3.7/site-packages/airflow/example_dags/example_branch_labels.py for tasks to queue
[2023-07-27T01:47:49.962+0000] {logging_mixin.py:150} INFO - [2023-07-27T01:47:49.962+0000] {dagbag.py:541} INFO - Filling up the DagBag from /home/airflow/.local/lib/python3.7/site-packages/airflow/example_dags/example_branch_labels.py
[2023-07-27T01:47:49.971+0000] {processor.py:836} INFO - DAG(s) dict_keys(['example_branch_labels']) retrieved from /home/airflow/.local/lib/python3.7/site-packages/airflow/example_dags/example_branch_labels.py
[2023-07-27T01:47:49.998+0000] {logging_mixin.py:150} INFO - [2023-07-27T01:47:49.998+0000] {dag.py:2742} INFO - Sync 1 DAGs
[2023-07-27T01:47:50.026+0000] {logging_mixin.py:150} INFO - [2023-07-27T01:47:50.026+0000] {dag.py:3508} INFO - Setting next_dagrun for example_branch_labels to 2023-07-26T00:00:00+00:00, run_after=2023-07-27T00:00:00+00:00
[2023-07-27T01:47:50.047+0000] {processor.py:179} INFO - Processing /home/airflow/.local/lib/python3.7/site-packages/airflow/example_dags/example_branch_labels.py took 0.091 seconds
[2023-07-27T01:48:20.416+0000] {processor.py:157} INFO - Started process (PID=3458) to work on /home/airflow/.local/lib/python3.7/site-packages/airflow/example_dags/example_branch_labels.py
[2023-07-27T01:48:20.417+0000] {processor.py:826} INFO - Processing file /home/airflow/.local/lib/python3.7/site-packages/airflow/example_dags/example_branch_labels.py for tasks to queue
[2023-07-27T01:48:20.418+0000] {logging_mixin.py:150} INFO - [2023-07-27T01:48:20.418+0000] {dagbag.py:541} INFO - Filling up the DagBag from /home/airflow/.local/lib/python3.7/site-packages/airflow/example_dags/example_branch_labels.py
[2023-07-27T01:48:20.428+0000] {processor.py:836} INFO - DAG(s) dict_keys(['example_branch_labels']) retrieved from /home/airflow/.local/lib/python3.7/site-packages/airflow/example_dags/example_branch_labels.py
[2023-07-27T01:48:20.455+0000] {logging_mixin.py:150} INFO - [2023-07-27T01:48:20.455+0000] {dag.py:2742} INFO - Sync 1 DAGs
[2023-07-27T01:48:20.484+0000] {logging_mixin.py:150} INFO - [2023-07-27T01:48:20.484+0000] {dag.py:3508} INFO - Setting next_dagrun for example_branch_labels to 2023-07-26T00:00:00+00:00, run_after=2023-07-27T00:00:00+00:00
[2023-07-27T01:48:20.505+0000] {processor.py:179} INFO - Processing /home/airflow/.local/lib/python3.7/site-packages/airflow/example_dags/example_branch_labels.py took 0.092 seconds
[2023-07-27T01:48:50.703+0000] {processor.py:157} INFO - Started process (PID=3518) to work on /home/airflow/.local/lib/python3.7/site-packages/airflow/example_dags/example_branch_labels.py
[2023-07-27T01:48:50.704+0000] {processor.py:826} INFO - Processing file /home/airflow/.local/lib/python3.7/site-packages/airflow/example_dags/example_branch_labels.py for tasks to queue
[2023-07-27T01:48:50.705+0000] {logging_mixin.py:150} INFO - [2023-07-27T01:48:50.705+0000] {dagbag.py:541} INFO - Filling up the DagBag from /home/airflow/.local/lib/python3.7/site-packages/airflow/example_dags/example_branch_labels.py
[2023-07-27T01:48:50.714+0000] {processor.py:836} INFO - DAG(s) dict_keys(['example_branch_labels']) retrieved from /home/airflow/.local/lib/python3.7/site-packages/airflow/example_dags/example_branch_labels.py
[2023-07-27T01:48:50.740+0000] {logging_mixin.py:150} INFO - [2023-07-27T01:48:50.740+0000] {dag.py:2742} INFO - Sync 1 DAGs
[2023-07-27T01:48:50.771+0000] {logging_mixin.py:150} INFO - [2023-07-27T01:48:50.770+0000] {dag.py:3508} INFO - Setting next_dagrun for example_branch_labels to 2023-07-26T00:00:00+00:00, run_after=2023-07-27T00:00:00+00:00
[2023-07-27T01:48:50.793+0000] {processor.py:179} INFO - Processing /home/airflow/.local/lib/python3.7/site-packages/airflow/example_dags/example_branch_labels.py took 0.094 seconds
[2023-07-27T01:49:21.241+0000] {processor.py:157} INFO - Started process (PID=3579) to work on /home/airflow/.local/lib/python3.7/site-packages/airflow/example_dags/example_branch_labels.py
[2023-07-27T01:49:21.242+0000] {processor.py:826} INFO - Processing file /home/airflow/.local/lib/python3.7/site-packages/airflow/example_dags/example_branch_labels.py for tasks to queue
[2023-07-27T01:49:21.243+0000] {logging_mixin.py:150} INFO - [2023-07-27T01:49:21.243+0000] {dagbag.py:541} INFO - Filling up the DagBag from /home/airflow/.local/lib/python3.7/site-packages/airflow/example_dags/example_branch_labels.py
[2023-07-27T01:49:21.251+0000] {processor.py:836} INFO - DAG(s) dict_keys(['example_branch_labels']) retrieved from /home/airflow/.local/lib/python3.7/site-packages/airflow/example_dags/example_branch_labels.py
[2023-07-27T01:49:21.278+0000] {logging_mixin.py:150} INFO - [2023-07-27T01:49:21.277+0000] {dag.py:2742} INFO - Sync 1 DAGs
[2023-07-27T01:49:21.306+0000] {logging_mixin.py:150} INFO - [2023-07-27T01:49:21.306+0000] {dag.py:3508} INFO - Setting next_dagrun for example_branch_labels to 2023-07-26T00:00:00+00:00, run_after=2023-07-27T00:00:00+00:00
[2023-07-27T01:49:21.328+0000] {processor.py:179} INFO - Processing /home/airflow/.local/lib/python3.7/site-packages/airflow/example_dags/example_branch_labels.py took 0.091 seconds
[2023-07-27T01:49:51.679+0000] {processor.py:157} INFO - Started process (PID=3639) to work on /home/airflow/.local/lib/python3.7/site-packages/airflow/example_dags/example_branch_labels.py
[2023-07-27T01:49:51.680+0000] {processor.py:826} INFO - Processing file /home/airflow/.local/lib/python3.7/site-packages/airflow/example_dags/example_branch_labels.py for tasks to queue
[2023-07-27T01:49:51.681+0000] {logging_mixin.py:150} INFO - [2023-07-27T01:49:51.681+0000] {dagbag.py:541} INFO - Filling up the DagBag from /home/airflow/.local/lib/python3.7/site-packages/airflow/example_dags/example_branch_labels.py
[2023-07-27T01:49:51.691+0000] {processor.py:836} INFO - DAG(s) dict_keys(['example_branch_labels']) retrieved from /home/airflow/.local/lib/python3.7/site-packages/airflow/example_dags/example_branch_labels.py
[2023-07-27T01:49:51.717+0000] {logging_mixin.py:150} INFO - [2023-07-27T01:49:51.717+0000] {dag.py:2742} INFO - Sync 1 DAGs
[2023-07-27T01:49:51.745+0000] {logging_mixin.py:150} INFO - [2023-07-27T01:49:51.745+0000] {dag.py:3508} INFO - Setting next_dagrun for example_branch_labels to 2023-07-26T00:00:00+00:00, run_after=2023-07-27T00:00:00+00:00
[2023-07-27T01:49:51.770+0000] {processor.py:179} INFO - Processing /home/airflow/.local/lib/python3.7/site-packages/airflow/example_dags/example_branch_labels.py took 0.095 seconds
[2023-07-27T01:50:22.249+0000] {processor.py:157} INFO - Started process (PID=3699) to work on /home/airflow/.local/lib/python3.7/site-packages/airflow/example_dags/example_branch_labels.py
[2023-07-27T01:50:22.250+0000] {processor.py:826} INFO - Processing file /home/airflow/.local/lib/python3.7/site-packages/airflow/example_dags/example_branch_labels.py for tasks to queue
[2023-07-27T01:50:22.252+0000] {logging_mixin.py:150} INFO - [2023-07-27T01:50:22.251+0000] {dagbag.py:541} INFO - Filling up the DagBag from /home/airflow/.local/lib/python3.7/site-packages/airflow/example_dags/example_branch_labels.py
[2023-07-27T01:50:22.261+0000] {processor.py:836} INFO - DAG(s) dict_keys(['example_branch_labels']) retrieved from /home/airflow/.local/lib/python3.7/site-packages/airflow/example_dags/example_branch_labels.py
[2023-07-27T01:50:22.287+0000] {logging_mixin.py:150} INFO - [2023-07-27T01:50:22.287+0000] {dag.py:2742} INFO - Sync 1 DAGs
[2023-07-27T01:50:22.318+0000] {logging_mixin.py:150} INFO - [2023-07-27T01:50:22.318+0000] {dag.py:3508} INFO - Setting next_dagrun for example_branch_labels to 2023-07-26T00:00:00+00:00, run_after=2023-07-27T00:00:00+00:00
[2023-07-27T01:50:22.339+0000] {processor.py:179} INFO - Processing /home/airflow/.local/lib/python3.7/site-packages/airflow/example_dags/example_branch_labels.py took 0.094 seconds
[2023-07-27T01:50:52.791+0000] {processor.py:157} INFO - Started process (PID=3759) to work on /home/airflow/.local/lib/python3.7/site-packages/airflow/example_dags/example_branch_labels.py
[2023-07-27T01:50:52.792+0000] {processor.py:826} INFO - Processing file /home/airflow/.local/lib/python3.7/site-packages/airflow/example_dags/example_branch_labels.py for tasks to queue
[2023-07-27T01:50:52.794+0000] {logging_mixin.py:150} INFO - [2023-07-27T01:50:52.793+0000] {dagbag.py:541} INFO - Filling up the DagBag from /home/airflow/.local/lib/python3.7/site-packages/airflow/example_dags/example_branch_labels.py
[2023-07-27T01:50:52.802+0000] {processor.py:836} INFO - DAG(s) dict_keys(['example_branch_labels']) retrieved from /home/airflow/.local/lib/python3.7/site-packages/airflow/example_dags/example_branch_labels.py
[2023-07-27T01:50:52.831+0000] {logging_mixin.py:150} INFO - [2023-07-27T01:50:52.830+0000] {dag.py:2742} INFO - Sync 1 DAGs
[2023-07-27T01:50:52.860+0000] {logging_mixin.py:150} INFO - [2023-07-27T01:50:52.860+0000] {dag.py:3508} INFO - Setting next_dagrun for example_branch_labels to 2023-07-26T00:00:00+00:00, run_after=2023-07-27T00:00:00+00:00
[2023-07-27T01:50:52.893+0000] {processor.py:179} INFO - Processing /home/airflow/.local/lib/python3.7/site-packages/airflow/example_dags/example_branch_labels.py took 0.106 seconds
[2023-07-27T01:51:23.554+0000] {processor.py:157} INFO - Started process (PID=3819) to work on /home/airflow/.local/lib/python3.7/site-packages/airflow/example_dags/example_branch_labels.py
[2023-07-27T01:51:23.555+0000] {processor.py:826} INFO - Processing file /home/airflow/.local/lib/python3.7/site-packages/airflow/example_dags/example_branch_labels.py for tasks to queue
[2023-07-27T01:51:23.556+0000] {logging_mixin.py:150} INFO - [2023-07-27T01:51:23.556+0000] {dagbag.py:541} INFO - Filling up the DagBag from /home/airflow/.local/lib/python3.7/site-packages/airflow/example_dags/example_branch_labels.py
[2023-07-27T01:51:23.565+0000] {processor.py:836} INFO - DAG(s) dict_keys(['example_branch_labels']) retrieved from /home/airflow/.local/lib/python3.7/site-packages/airflow/example_dags/example_branch_labels.py
[2023-07-27T01:51:23.592+0000] {logging_mixin.py:150} INFO - [2023-07-27T01:51:23.592+0000] {dag.py:2742} INFO - Sync 1 DAGs
[2023-07-27T01:51:23.621+0000] {logging_mixin.py:150} INFO - [2023-07-27T01:51:23.621+0000] {dag.py:3508} INFO - Setting next_dagrun for example_branch_labels to 2023-07-26T00:00:00+00:00, run_after=2023-07-27T00:00:00+00:00
[2023-07-27T01:51:23.644+0000] {processor.py:179} INFO - Processing /home/airflow/.local/lib/python3.7/site-packages/airflow/example_dags/example_branch_labels.py took 0.093 seconds
[2023-07-27T01:51:54.469+0000] {processor.py:157} INFO - Started process (PID=3879) to work on /home/airflow/.local/lib/python3.7/site-packages/airflow/example_dags/example_branch_labels.py
[2023-07-27T01:51:54.470+0000] {processor.py:826} INFO - Processing file /home/airflow/.local/lib/python3.7/site-packages/airflow/example_dags/example_branch_labels.py for tasks to queue
[2023-07-27T01:51:54.471+0000] {logging_mixin.py:150} INFO - [2023-07-27T01:51:54.471+0000] {dagbag.py:541} INFO - Filling up the DagBag from /home/airflow/.local/lib/python3.7/site-packages/airflow/example_dags/example_branch_labels.py
[2023-07-27T01:51:54.479+0000] {processor.py:836} INFO - DAG(s) dict_keys(['example_branch_labels']) retrieved from /home/airflow/.local/lib/python3.7/site-packages/airflow/example_dags/example_branch_labels.py
[2023-07-27T01:51:54.504+0000] {logging_mixin.py:150} INFO - [2023-07-27T01:51:54.504+0000] {dag.py:2742} INFO - Sync 1 DAGs
[2023-07-27T01:51:54.532+0000] {logging_mixin.py:150} INFO - [2023-07-27T01:51:54.532+0000] {dag.py:3508} INFO - Setting next_dagrun for example_branch_labels to 2023-07-26T00:00:00+00:00, run_after=2023-07-27T00:00:00+00:00
[2023-07-27T01:51:54.554+0000] {processor.py:179} INFO - Processing /home/airflow/.local/lib/python3.7/site-packages/airflow/example_dags/example_branch_labels.py took 0.088 seconds
[2023-07-27T01:52:24.924+0000] {processor.py:157} INFO - Started process (PID=3938) to work on /home/airflow/.local/lib/python3.7/site-packages/airflow/example_dags/example_branch_labels.py
[2023-07-27T01:52:24.925+0000] {processor.py:826} INFO - Processing file /home/airflow/.local/lib/python3.7/site-packages/airflow/example_dags/example_branch_labels.py for tasks to queue
[2023-07-27T01:52:24.926+0000] {logging_mixin.py:150} INFO - [2023-07-27T01:52:24.926+0000] {dagbag.py:541} INFO - Filling up the DagBag from /home/airflow/.local/lib/python3.7/site-packages/airflow/example_dags/example_branch_labels.py
[2023-07-27T01:52:24.935+0000] {processor.py:836} INFO - DAG(s) dict_keys(['example_branch_labels']) retrieved from /home/airflow/.local/lib/python3.7/site-packages/airflow/example_dags/example_branch_labels.py
[2023-07-27T01:52:24.962+0000] {logging_mixin.py:150} INFO - [2023-07-27T01:52:24.961+0000] {dag.py:2742} INFO - Sync 1 DAGs
[2023-07-27T01:52:24.991+0000] {logging_mixin.py:150} INFO - [2023-07-27T01:52:24.991+0000] {dag.py:3508} INFO - Setting next_dagrun for example_branch_labels to 2023-07-26T00:00:00+00:00, run_after=2023-07-27T00:00:00+00:00
[2023-07-27T01:52:25.013+0000] {processor.py:179} INFO - Processing /home/airflow/.local/lib/python3.7/site-packages/airflow/example_dags/example_branch_labels.py took 0.092 seconds
[2023-07-27T01:52:56.129+0000] {processor.py:157} INFO - Started process (PID=3998) to work on /home/airflow/.local/lib/python3.7/site-packages/airflow/example_dags/example_branch_labels.py
[2023-07-27T01:52:56.130+0000] {processor.py:826} INFO - Processing file /home/airflow/.local/lib/python3.7/site-packages/airflow/example_dags/example_branch_labels.py for tasks to queue
[2023-07-27T01:52:56.131+0000] {logging_mixin.py:150} INFO - [2023-07-27T01:52:56.131+0000] {dagbag.py:541} INFO - Filling up the DagBag from /home/airflow/.local/lib/python3.7/site-packages/airflow/example_dags/example_branch_labels.py
[2023-07-27T01:52:56.140+0000] {processor.py:836} INFO - DAG(s) dict_keys(['example_branch_labels']) retrieved from /home/airflow/.local/lib/python3.7/site-packages/airflow/example_dags/example_branch_labels.py
[2023-07-27T01:52:56.166+0000] {logging_mixin.py:150} INFO - [2023-07-27T01:52:56.166+0000] {dag.py:2742} INFO - Sync 1 DAGs
[2023-07-27T01:52:56.194+0000] {logging_mixin.py:150} INFO - [2023-07-27T01:52:56.194+0000] {dag.py:3508} INFO - Setting next_dagrun for example_branch_labels to 2023-07-26T00:00:00+00:00, run_after=2023-07-27T00:00:00+00:00
[2023-07-27T01:52:56.216+0000] {processor.py:179} INFO - Processing /home/airflow/.local/lib/python3.7/site-packages/airflow/example_dags/example_branch_labels.py took 0.090 seconds
[2023-07-27T01:53:26.764+0000] {processor.py:157} INFO - Started process (PID=4058) to work on /home/airflow/.local/lib/python3.7/site-packages/airflow/example_dags/example_branch_labels.py
[2023-07-27T01:53:26.765+0000] {processor.py:826} INFO - Processing file /home/airflow/.local/lib/python3.7/site-packages/airflow/example_dags/example_branch_labels.py for tasks to queue
[2023-07-27T01:53:26.767+0000] {logging_mixin.py:150} INFO - [2023-07-27T01:53:26.767+0000] {dagbag.py:541} INFO - Filling up the DagBag from /home/airflow/.local/lib/python3.7/site-packages/airflow/example_dags/example_branch_labels.py
[2023-07-27T01:53:26.776+0000] {processor.py:836} INFO - DAG(s) dict_keys(['example_branch_labels']) retrieved from /home/airflow/.local/lib/python3.7/site-packages/airflow/example_dags/example_branch_labels.py
[2023-07-27T01:53:26.803+0000] {logging_mixin.py:150} INFO - [2023-07-27T01:53:26.803+0000] {dag.py:2742} INFO - Sync 1 DAGs
[2023-07-27T01:53:26.833+0000] {logging_mixin.py:150} INFO - [2023-07-27T01:53:26.833+0000] {dag.py:3508} INFO - Setting next_dagrun for example_branch_labels to 2023-07-26T00:00:00+00:00, run_after=2023-07-27T00:00:00+00:00
[2023-07-27T01:53:26.855+0000] {processor.py:179} INFO - Processing /home/airflow/.local/lib/python3.7/site-packages/airflow/example_dags/example_branch_labels.py took 0.095 seconds
[2023-07-27T01:53:57.140+0000] {processor.py:157} INFO - Started process (PID=4117) to work on /home/airflow/.local/lib/python3.7/site-packages/airflow/example_dags/example_branch_labels.py
[2023-07-27T01:53:57.141+0000] {processor.py:826} INFO - Processing file /home/airflow/.local/lib/python3.7/site-packages/airflow/example_dags/example_branch_labels.py for tasks to queue
[2023-07-27T01:53:57.142+0000] {logging_mixin.py:150} INFO - [2023-07-27T01:53:57.142+0000] {dagbag.py:541} INFO - Filling up the DagBag from /home/airflow/.local/lib/python3.7/site-packages/airflow/example_dags/example_branch_labels.py
[2023-07-27T01:53:57.151+0000] {processor.py:836} INFO - DAG(s) dict_keys(['example_branch_labels']) retrieved from /home/airflow/.local/lib/python3.7/site-packages/airflow/example_dags/example_branch_labels.py
[2023-07-27T01:53:57.178+0000] {logging_mixin.py:150} INFO - [2023-07-27T01:53:57.178+0000] {dag.py:2742} INFO - Sync 1 DAGs
[2023-07-27T01:53:57.207+0000] {logging_mixin.py:150} INFO - [2023-07-27T01:53:57.207+0000] {dag.py:3508} INFO - Setting next_dagrun for example_branch_labels to 2023-07-26T00:00:00+00:00, run_after=2023-07-27T00:00:00+00:00
[2023-07-27T01:53:57.229+0000] {processor.py:179} INFO - Processing /home/airflow/.local/lib/python3.7/site-packages/airflow/example_dags/example_branch_labels.py took 0.092 seconds
[2023-07-27T01:54:27.562+0000] {processor.py:157} INFO - Started process (PID=4177) to work on /home/airflow/.local/lib/python3.7/site-packages/airflow/example_dags/example_branch_labels.py
[2023-07-27T01:54:27.564+0000] {processor.py:826} INFO - Processing file /home/airflow/.local/lib/python3.7/site-packages/airflow/example_dags/example_branch_labels.py for tasks to queue
[2023-07-27T01:54:27.565+0000] {logging_mixin.py:150} INFO - [2023-07-27T01:54:27.565+0000] {dagbag.py:541} INFO - Filling up the DagBag from /home/airflow/.local/lib/python3.7/site-packages/airflow/example_dags/example_branch_labels.py
[2023-07-27T01:54:27.573+0000] {processor.py:836} INFO - DAG(s) dict_keys(['example_branch_labels']) retrieved from /home/airflow/.local/lib/python3.7/site-packages/airflow/example_dags/example_branch_labels.py
[2023-07-27T01:54:27.601+0000] {logging_mixin.py:150} INFO - [2023-07-27T01:54:27.601+0000] {dag.py:2742} INFO - Sync 1 DAGs
[2023-07-27T01:54:27.629+0000] {logging_mixin.py:150} INFO - [2023-07-27T01:54:27.629+0000] {dag.py:3508} INFO - Setting next_dagrun for example_branch_labels to 2023-07-26T00:00:00+00:00, run_after=2023-07-27T00:00:00+00:00
[2023-07-27T01:54:27.652+0000] {processor.py:179} INFO - Processing /home/airflow/.local/lib/python3.7/site-packages/airflow/example_dags/example_branch_labels.py took 0.093 seconds
[2023-07-27T01:54:58.042+0000] {processor.py:157} INFO - Started process (PID=4237) to work on /home/airflow/.local/lib/python3.7/site-packages/airflow/example_dags/example_branch_labels.py
[2023-07-27T01:54:58.043+0000] {processor.py:826} INFO - Processing file /home/airflow/.local/lib/python3.7/site-packages/airflow/example_dags/example_branch_labels.py for tasks to queue
[2023-07-27T01:54:58.045+0000] {logging_mixin.py:150} INFO - [2023-07-27T01:54:58.044+0000] {dagbag.py:541} INFO - Filling up the DagBag from /home/airflow/.local/lib/python3.7/site-packages/airflow/example_dags/example_branch_labels.py
[2023-07-27T01:54:58.053+0000] {processor.py:836} INFO - DAG(s) dict_keys(['example_branch_labels']) retrieved from /home/airflow/.local/lib/python3.7/site-packages/airflow/example_dags/example_branch_labels.py
[2023-07-27T01:54:58.081+0000] {logging_mixin.py:150} INFO - [2023-07-27T01:54:58.081+0000] {dag.py:2742} INFO - Sync 1 DAGs
[2023-07-27T01:54:58.110+0000] {logging_mixin.py:150} INFO - [2023-07-27T01:54:58.110+0000] {dag.py:3508} INFO - Setting next_dagrun for example_branch_labels to 2023-07-26T00:00:00+00:00, run_after=2023-07-27T00:00:00+00:00
[2023-07-27T01:54:58.132+0000] {processor.py:179} INFO - Processing /home/airflow/.local/lib/python3.7/site-packages/airflow/example_dags/example_branch_labels.py took 0.094 seconds
[2023-07-27T01:55:28.750+0000] {processor.py:157} INFO - Started process (PID=4298) to work on /home/airflow/.local/lib/python3.7/site-packages/airflow/example_dags/example_branch_labels.py
[2023-07-27T01:55:28.752+0000] {processor.py:826} INFO - Processing file /home/airflow/.local/lib/python3.7/site-packages/airflow/example_dags/example_branch_labels.py for tasks to queue
[2023-07-27T01:55:28.753+0000] {logging_mixin.py:150} INFO - [2023-07-27T01:55:28.753+0000] {dagbag.py:541} INFO - Filling up the DagBag from /home/airflow/.local/lib/python3.7/site-packages/airflow/example_dags/example_branch_labels.py
[2023-07-27T01:55:28.761+0000] {processor.py:836} INFO - DAG(s) dict_keys(['example_branch_labels']) retrieved from /home/airflow/.local/lib/python3.7/site-packages/airflow/example_dags/example_branch_labels.py
[2023-07-27T01:55:28.789+0000] {logging_mixin.py:150} INFO - [2023-07-27T01:55:28.789+0000] {dag.py:2742} INFO - Sync 1 DAGs
[2023-07-27T01:55:28.818+0000] {logging_mixin.py:150} INFO - [2023-07-27T01:55:28.818+0000] {dag.py:3508} INFO - Setting next_dagrun for example_branch_labels to 2023-07-26T00:00:00+00:00, run_after=2023-07-27T00:00:00+00:00
[2023-07-27T01:55:28.846+0000] {processor.py:179} INFO - Processing /home/airflow/.local/lib/python3.7/site-packages/airflow/example_dags/example_branch_labels.py took 0.100 seconds
[2023-07-27T01:55:59.019+0000] {processor.py:157} INFO - Started process (PID=4356) to work on /home/airflow/.local/lib/python3.7/site-packages/airflow/example_dags/example_branch_labels.py
[2023-07-27T01:55:59.020+0000] {processor.py:826} INFO - Processing file /home/airflow/.local/lib/python3.7/site-packages/airflow/example_dags/example_branch_labels.py for tasks to queue
[2023-07-27T01:55:59.021+0000] {logging_mixin.py:150} INFO - [2023-07-27T01:55:59.021+0000] {dagbag.py:541} INFO - Filling up the DagBag from /home/airflow/.local/lib/python3.7/site-packages/airflow/example_dags/example_branch_labels.py
[2023-07-27T01:55:59.030+0000] {processor.py:836} INFO - DAG(s) dict_keys(['example_branch_labels']) retrieved from /home/airflow/.local/lib/python3.7/site-packages/airflow/example_dags/example_branch_labels.py
[2023-07-27T01:55:59.058+0000] {logging_mixin.py:150} INFO - [2023-07-27T01:55:59.058+0000] {dag.py:2742} INFO - Sync 1 DAGs
[2023-07-27T01:55:59.087+0000] {logging_mixin.py:150} INFO - [2023-07-27T01:55:59.086+0000] {dag.py:3508} INFO - Setting next_dagrun for example_branch_labels to 2023-07-26T00:00:00+00:00, run_after=2023-07-27T00:00:00+00:00
[2023-07-27T01:55:59.109+0000] {processor.py:179} INFO - Processing /home/airflow/.local/lib/python3.7/site-packages/airflow/example_dags/example_branch_labels.py took 0.095 seconds
[2023-07-27T01:56:29.425+0000] {processor.py:157} INFO - Started process (PID=4416) to work on /home/airflow/.local/lib/python3.7/site-packages/airflow/example_dags/example_branch_labels.py
[2023-07-27T01:56:29.426+0000] {processor.py:826} INFO - Processing file /home/airflow/.local/lib/python3.7/site-packages/airflow/example_dags/example_branch_labels.py for tasks to queue
[2023-07-27T01:56:29.427+0000] {logging_mixin.py:150} INFO - [2023-07-27T01:56:29.427+0000] {dagbag.py:541} INFO - Filling up the DagBag from /home/airflow/.local/lib/python3.7/site-packages/airflow/example_dags/example_branch_labels.py
[2023-07-27T01:56:29.436+0000] {processor.py:836} INFO - DAG(s) dict_keys(['example_branch_labels']) retrieved from /home/airflow/.local/lib/python3.7/site-packages/airflow/example_dags/example_branch_labels.py
[2023-07-27T01:56:29.467+0000] {logging_mixin.py:150} INFO - [2023-07-27T01:56:29.467+0000] {dag.py:2742} INFO - Sync 1 DAGs
[2023-07-27T01:56:29.500+0000] {logging_mixin.py:150} INFO - [2023-07-27T01:56:29.500+0000] {dag.py:3508} INFO - Setting next_dagrun for example_branch_labels to 2023-07-26T00:00:00+00:00, run_after=2023-07-27T00:00:00+00:00
[2023-07-27T01:56:29.524+0000] {processor.py:179} INFO - Processing /home/airflow/.local/lib/python3.7/site-packages/airflow/example_dags/example_branch_labels.py took 0.102 seconds
[2023-07-27T01:57:00.110+0000] {processor.py:157} INFO - Started process (PID=4478) to work on /home/airflow/.local/lib/python3.7/site-packages/airflow/example_dags/example_branch_labels.py
[2023-07-27T01:57:00.111+0000] {processor.py:826} INFO - Processing file /home/airflow/.local/lib/python3.7/site-packages/airflow/example_dags/example_branch_labels.py for tasks to queue
[2023-07-27T01:57:00.113+0000] {logging_mixin.py:150} INFO - [2023-07-27T01:57:00.112+0000] {dagbag.py:541} INFO - Filling up the DagBag from /home/airflow/.local/lib/python3.7/site-packages/airflow/example_dags/example_branch_labels.py
[2023-07-27T01:57:00.121+0000] {processor.py:836} INFO - DAG(s) dict_keys(['example_branch_labels']) retrieved from /home/airflow/.local/lib/python3.7/site-packages/airflow/example_dags/example_branch_labels.py
[2023-07-27T01:57:00.149+0000] {logging_mixin.py:150} INFO - [2023-07-27T01:57:00.148+0000] {dag.py:2742} INFO - Sync 1 DAGs
[2023-07-27T01:57:00.178+0000] {logging_mixin.py:150} INFO - [2023-07-27T01:57:00.178+0000] {dag.py:3508} INFO - Setting next_dagrun for example_branch_labels to 2023-07-26T00:00:00+00:00, run_after=2023-07-27T00:00:00+00:00
[2023-07-27T01:57:00.214+0000] {processor.py:179} INFO - Processing /home/airflow/.local/lib/python3.7/site-packages/airflow/example_dags/example_branch_labels.py took 0.107 seconds
[2023-07-27T01:57:30.316+0000] {processor.py:157} INFO - Started process (PID=4538) to work on /home/airflow/.local/lib/python3.7/site-packages/airflow/example_dags/example_branch_labels.py
[2023-07-27T01:57:30.317+0000] {processor.py:826} INFO - Processing file /home/airflow/.local/lib/python3.7/site-packages/airflow/example_dags/example_branch_labels.py for tasks to queue
[2023-07-27T01:57:30.318+0000] {logging_mixin.py:150} INFO - [2023-07-27T01:57:30.318+0000] {dagbag.py:541} INFO - Filling up the DagBag from /home/airflow/.local/lib/python3.7/site-packages/airflow/example_dags/example_branch_labels.py
[2023-07-27T01:57:30.327+0000] {processor.py:836} INFO - DAG(s) dict_keys(['example_branch_labels']) retrieved from /home/airflow/.local/lib/python3.7/site-packages/airflow/example_dags/example_branch_labels.py
[2023-07-27T01:57:30.353+0000] {logging_mixin.py:150} INFO - [2023-07-27T01:57:30.353+0000] {dag.py:2742} INFO - Sync 1 DAGs
[2023-07-27T01:57:30.381+0000] {logging_mixin.py:150} INFO - [2023-07-27T01:57:30.381+0000] {dag.py:3508} INFO - Setting next_dagrun for example_branch_labels to 2023-07-26T00:00:00+00:00, run_after=2023-07-27T00:00:00+00:00
[2023-07-27T01:57:30.402+0000] {processor.py:179} INFO - Processing /home/airflow/.local/lib/python3.7/site-packages/airflow/example_dags/example_branch_labels.py took 0.090 seconds
[2023-07-27T01:58:00.807+0000] {processor.py:157} INFO - Started process (PID=4598) to work on /home/airflow/.local/lib/python3.7/site-packages/airflow/example_dags/example_branch_labels.py
[2023-07-27T01:58:00.808+0000] {processor.py:826} INFO - Processing file /home/airflow/.local/lib/python3.7/site-packages/airflow/example_dags/example_branch_labels.py for tasks to queue
[2023-07-27T01:58:00.809+0000] {logging_mixin.py:150} INFO - [2023-07-27T01:58:00.809+0000] {dagbag.py:541} INFO - Filling up the DagBag from /home/airflow/.local/lib/python3.7/site-packages/airflow/example_dags/example_branch_labels.py
[2023-07-27T01:58:00.819+0000] {processor.py:836} INFO - DAG(s) dict_keys(['example_branch_labels']) retrieved from /home/airflow/.local/lib/python3.7/site-packages/airflow/example_dags/example_branch_labels.py
[2023-07-27T01:58:00.850+0000] {logging_mixin.py:150} INFO - [2023-07-27T01:58:00.850+0000] {dag.py:2742} INFO - Sync 1 DAGs
[2023-07-27T01:58:00.884+0000] {logging_mixin.py:150} INFO - [2023-07-27T01:58:00.884+0000] {dag.py:3508} INFO - Setting next_dagrun for example_branch_labels to 2023-07-26T00:00:00+00:00, run_after=2023-07-27T00:00:00+00:00
[2023-07-27T01:58:00.911+0000] {processor.py:179} INFO - Processing /home/airflow/.local/lib/python3.7/site-packages/airflow/example_dags/example_branch_labels.py took 0.107 seconds
[2023-07-27T01:58:31.053+0000] {processor.py:157} INFO - Started process (PID=4658) to work on /home/airflow/.local/lib/python3.7/site-packages/airflow/example_dags/example_branch_labels.py
[2023-07-27T01:58:31.054+0000] {processor.py:826} INFO - Processing file /home/airflow/.local/lib/python3.7/site-packages/airflow/example_dags/example_branch_labels.py for tasks to queue
[2023-07-27T01:58:31.055+0000] {logging_mixin.py:150} INFO - [2023-07-27T01:58:31.055+0000] {dagbag.py:541} INFO - Filling up the DagBag from /home/airflow/.local/lib/python3.7/site-packages/airflow/example_dags/example_branch_labels.py
[2023-07-27T01:58:31.064+0000] {processor.py:836} INFO - DAG(s) dict_keys(['example_branch_labels']) retrieved from /home/airflow/.local/lib/python3.7/site-packages/airflow/example_dags/example_branch_labels.py
[2023-07-27T01:58:31.090+0000] {logging_mixin.py:150} INFO - [2023-07-27T01:58:31.090+0000] {dag.py:2742} INFO - Sync 1 DAGs
[2023-07-27T01:58:31.119+0000] {logging_mixin.py:150} INFO - [2023-07-27T01:58:31.119+0000] {dag.py:3508} INFO - Setting next_dagrun for example_branch_labels to 2023-07-26T00:00:00+00:00, run_after=2023-07-27T00:00:00+00:00
[2023-07-27T01:58:31.144+0000] {processor.py:179} INFO - Processing /home/airflow/.local/lib/python3.7/site-packages/airflow/example_dags/example_branch_labels.py took 0.095 seconds
[2023-07-27T01:59:01.567+0000] {processor.py:157} INFO - Started process (PID=4718) to work on /home/airflow/.local/lib/python3.7/site-packages/airflow/example_dags/example_branch_labels.py
[2023-07-27T01:59:01.568+0000] {processor.py:826} INFO - Processing file /home/airflow/.local/lib/python3.7/site-packages/airflow/example_dags/example_branch_labels.py for tasks to queue
[2023-07-27T01:59:01.569+0000] {logging_mixin.py:150} INFO - [2023-07-27T01:59:01.569+0000] {dagbag.py:541} INFO - Filling up the DagBag from /home/airflow/.local/lib/python3.7/site-packages/airflow/example_dags/example_branch_labels.py
[2023-07-27T01:59:01.577+0000] {processor.py:836} INFO - DAG(s) dict_keys(['example_branch_labels']) retrieved from /home/airflow/.local/lib/python3.7/site-packages/airflow/example_dags/example_branch_labels.py
[2023-07-27T01:59:01.603+0000] {logging_mixin.py:150} INFO - [2023-07-27T01:59:01.603+0000] {dag.py:2742} INFO - Sync 1 DAGs
[2023-07-27T01:59:01.634+0000] {logging_mixin.py:150} INFO - [2023-07-27T01:59:01.634+0000] {dag.py:3508} INFO - Setting next_dagrun for example_branch_labels to 2023-07-26T00:00:00+00:00, run_after=2023-07-27T00:00:00+00:00
[2023-07-27T01:59:01.657+0000] {processor.py:179} INFO - Processing /home/airflow/.local/lib/python3.7/site-packages/airflow/example_dags/example_branch_labels.py took 0.093 seconds
[2023-07-27T01:59:31.774+0000] {processor.py:157} INFO - Started process (PID=4778) to work on /home/airflow/.local/lib/python3.7/site-packages/airflow/example_dags/example_branch_labels.py
[2023-07-27T01:59:31.775+0000] {processor.py:826} INFO - Processing file /home/airflow/.local/lib/python3.7/site-packages/airflow/example_dags/example_branch_labels.py for tasks to queue
[2023-07-27T01:59:31.776+0000] {logging_mixin.py:150} INFO - [2023-07-27T01:59:31.776+0000] {dagbag.py:541} INFO - Filling up the DagBag from /home/airflow/.local/lib/python3.7/site-packages/airflow/example_dags/example_branch_labels.py
[2023-07-27T01:59:31.786+0000] {processor.py:836} INFO - DAG(s) dict_keys(['example_branch_labels']) retrieved from /home/airflow/.local/lib/python3.7/site-packages/airflow/example_dags/example_branch_labels.py
[2023-07-27T01:59:31.812+0000] {logging_mixin.py:150} INFO - [2023-07-27T01:59:31.812+0000] {dag.py:2742} INFO - Sync 1 DAGs
[2023-07-27T01:59:31.842+0000] {logging_mixin.py:150} INFO - [2023-07-27T01:59:31.841+0000] {dag.py:3508} INFO - Setting next_dagrun for example_branch_labels to 2023-07-26T00:00:00+00:00, run_after=2023-07-27T00:00:00+00:00
[2023-07-27T01:59:31.865+0000] {processor.py:179} INFO - Processing /home/airflow/.local/lib/python3.7/site-packages/airflow/example_dags/example_branch_labels.py took 0.096 seconds
[2023-07-27T02:00:02.483+0000] {processor.py:157} INFO - Started process (PID=4838) to work on /home/airflow/.local/lib/python3.7/site-packages/airflow/example_dags/example_branch_labels.py
[2023-07-27T02:00:02.484+0000] {processor.py:826} INFO - Processing file /home/airflow/.local/lib/python3.7/site-packages/airflow/example_dags/example_branch_labels.py for tasks to queue
[2023-07-27T02:00:02.485+0000] {logging_mixin.py:150} INFO - [2023-07-27T02:00:02.485+0000] {dagbag.py:541} INFO - Filling up the DagBag from /home/airflow/.local/lib/python3.7/site-packages/airflow/example_dags/example_branch_labels.py
[2023-07-27T02:00:02.494+0000] {processor.py:836} INFO - DAG(s) dict_keys(['example_branch_labels']) retrieved from /home/airflow/.local/lib/python3.7/site-packages/airflow/example_dags/example_branch_labels.py
[2023-07-27T02:00:02.520+0000] {logging_mixin.py:150} INFO - [2023-07-27T02:00:02.519+0000] {dag.py:2742} INFO - Sync 1 DAGs
[2023-07-27T02:00:02.548+0000] {logging_mixin.py:150} INFO - [2023-07-27T02:00:02.547+0000] {dag.py:3508} INFO - Setting next_dagrun for example_branch_labels to 2023-07-26T00:00:00+00:00, run_after=2023-07-27T00:00:00+00:00
[2023-07-27T02:00:02.569+0000] {processor.py:179} INFO - Processing /home/airflow/.local/lib/python3.7/site-packages/airflow/example_dags/example_branch_labels.py took 0.090 seconds
[2023-07-27T02:00:33.429+0000] {processor.py:157} INFO - Started process (PID=4898) to work on /home/airflow/.local/lib/python3.7/site-packages/airflow/example_dags/example_branch_labels.py
[2023-07-27T02:00:33.430+0000] {processor.py:826} INFO - Processing file /home/airflow/.local/lib/python3.7/site-packages/airflow/example_dags/example_branch_labels.py for tasks to queue
[2023-07-27T02:00:33.431+0000] {logging_mixin.py:150} INFO - [2023-07-27T02:00:33.431+0000] {dagbag.py:541} INFO - Filling up the DagBag from /home/airflow/.local/lib/python3.7/site-packages/airflow/example_dags/example_branch_labels.py
[2023-07-27T02:00:33.440+0000] {processor.py:836} INFO - DAG(s) dict_keys(['example_branch_labels']) retrieved from /home/airflow/.local/lib/python3.7/site-packages/airflow/example_dags/example_branch_labels.py
[2023-07-27T02:00:33.465+0000] {logging_mixin.py:150} INFO - [2023-07-27T02:00:33.465+0000] {dag.py:2742} INFO - Sync 1 DAGs
[2023-07-27T02:00:33.493+0000] {logging_mixin.py:150} INFO - [2023-07-27T02:00:33.493+0000] {dag.py:3508} INFO - Setting next_dagrun for example_branch_labels to 2023-07-26T00:00:00+00:00, run_after=2023-07-27T00:00:00+00:00
[2023-07-27T02:00:33.515+0000] {processor.py:179} INFO - Processing /home/airflow/.local/lib/python3.7/site-packages/airflow/example_dags/example_branch_labels.py took 0.089 seconds
[2023-07-27T02:01:03.610+0000] {processor.py:157} INFO - Started process (PID=4958) to work on /home/airflow/.local/lib/python3.7/site-packages/airflow/example_dags/example_branch_labels.py
[2023-07-27T02:01:03.612+0000] {processor.py:826} INFO - Processing file /home/airflow/.local/lib/python3.7/site-packages/airflow/example_dags/example_branch_labels.py for tasks to queue
[2023-07-27T02:01:03.613+0000] {logging_mixin.py:150} INFO - [2023-07-27T02:01:03.612+0000] {dagbag.py:541} INFO - Filling up the DagBag from /home/airflow/.local/lib/python3.7/site-packages/airflow/example_dags/example_branch_labels.py
[2023-07-27T02:01:03.621+0000] {processor.py:836} INFO - DAG(s) dict_keys(['example_branch_labels']) retrieved from /home/airflow/.local/lib/python3.7/site-packages/airflow/example_dags/example_branch_labels.py
[2023-07-27T02:01:03.649+0000] {logging_mixin.py:150} INFO - [2023-07-27T02:01:03.649+0000] {dag.py:2742} INFO - Sync 1 DAGs
[2023-07-27T02:01:03.677+0000] {logging_mixin.py:150} INFO - [2023-07-27T02:01:03.677+0000] {dag.py:3508} INFO - Setting next_dagrun for example_branch_labels to 2023-07-26T00:00:00+00:00, run_after=2023-07-27T00:00:00+00:00
[2023-07-27T02:01:03.699+0000] {processor.py:179} INFO - Processing /home/airflow/.local/lib/python3.7/site-packages/airflow/example_dags/example_branch_labels.py took 0.092 seconds
[2023-07-27T02:01:33.945+0000] {processor.py:157} INFO - Started process (PID=5018) to work on /home/airflow/.local/lib/python3.7/site-packages/airflow/example_dags/example_branch_labels.py
[2023-07-27T02:01:33.946+0000] {processor.py:826} INFO - Processing file /home/airflow/.local/lib/python3.7/site-packages/airflow/example_dags/example_branch_labels.py for tasks to queue
[2023-07-27T02:01:33.947+0000] {logging_mixin.py:150} INFO - [2023-07-27T02:01:33.947+0000] {dagbag.py:541} INFO - Filling up the DagBag from /home/airflow/.local/lib/python3.7/site-packages/airflow/example_dags/example_branch_labels.py
[2023-07-27T02:01:33.956+0000] {processor.py:836} INFO - DAG(s) dict_keys(['example_branch_labels']) retrieved from /home/airflow/.local/lib/python3.7/site-packages/airflow/example_dags/example_branch_labels.py
[2023-07-27T02:01:33.983+0000] {logging_mixin.py:150} INFO - [2023-07-27T02:01:33.983+0000] {dag.py:2742} INFO - Sync 1 DAGs
[2023-07-27T02:01:34.012+0000] {logging_mixin.py:150} INFO - [2023-07-27T02:01:34.012+0000] {dag.py:3508} INFO - Setting next_dagrun for example_branch_labels to 2023-07-26T00:00:00+00:00, run_after=2023-07-27T00:00:00+00:00
[2023-07-27T02:01:34.035+0000] {processor.py:179} INFO - Processing /home/airflow/.local/lib/python3.7/site-packages/airflow/example_dags/example_branch_labels.py took 0.093 seconds
[2023-07-27T02:02:04.122+0000] {processor.py:157} INFO - Started process (PID=5078) to work on /home/airflow/.local/lib/python3.7/site-packages/airflow/example_dags/example_branch_labels.py
[2023-07-27T02:02:04.124+0000] {processor.py:826} INFO - Processing file /home/airflow/.local/lib/python3.7/site-packages/airflow/example_dags/example_branch_labels.py for tasks to queue
[2023-07-27T02:02:04.125+0000] {logging_mixin.py:150} INFO - [2023-07-27T02:02:04.125+0000] {dagbag.py:541} INFO - Filling up the DagBag from /home/airflow/.local/lib/python3.7/site-packages/airflow/example_dags/example_branch_labels.py
[2023-07-27T02:02:04.136+0000] {processor.py:836} INFO - DAG(s) dict_keys(['example_branch_labels']) retrieved from /home/airflow/.local/lib/python3.7/site-packages/airflow/example_dags/example_branch_labels.py
[2023-07-27T02:02:04.163+0000] {logging_mixin.py:150} INFO - [2023-07-27T02:02:04.163+0000] {dag.py:2742} INFO - Sync 1 DAGs
[2023-07-27T02:02:04.191+0000] {logging_mixin.py:150} INFO - [2023-07-27T02:02:04.191+0000] {dag.py:3508} INFO - Setting next_dagrun for example_branch_labels to 2023-07-26T00:00:00+00:00, run_after=2023-07-27T00:00:00+00:00
[2023-07-27T02:02:04.215+0000] {processor.py:179} INFO - Processing /home/airflow/.local/lib/python3.7/site-packages/airflow/example_dags/example_branch_labels.py took 0.100 seconds
[2023-07-27T02:02:34.312+0000] {processor.py:157} INFO - Started process (PID=5139) to work on /home/airflow/.local/lib/python3.7/site-packages/airflow/example_dags/example_branch_labels.py
[2023-07-27T02:02:34.313+0000] {processor.py:826} INFO - Processing file /home/airflow/.local/lib/python3.7/site-packages/airflow/example_dags/example_branch_labels.py for tasks to queue
[2023-07-27T02:02:34.314+0000] {logging_mixin.py:150} INFO - [2023-07-27T02:02:34.314+0000] {dagbag.py:541} INFO - Filling up the DagBag from /home/airflow/.local/lib/python3.7/site-packages/airflow/example_dags/example_branch_labels.py
[2023-07-27T02:02:34.324+0000] {processor.py:836} INFO - DAG(s) dict_keys(['example_branch_labels']) retrieved from /home/airflow/.local/lib/python3.7/site-packages/airflow/example_dags/example_branch_labels.py
[2023-07-27T02:02:34.350+0000] {logging_mixin.py:150} INFO - [2023-07-27T02:02:34.350+0000] {dag.py:2742} INFO - Sync 1 DAGs
[2023-07-27T02:02:34.379+0000] {logging_mixin.py:150} INFO - [2023-07-27T02:02:34.379+0000] {dag.py:3508} INFO - Setting next_dagrun for example_branch_labels to 2023-07-26T00:00:00+00:00, run_after=2023-07-27T00:00:00+00:00
[2023-07-27T02:02:34.402+0000] {processor.py:179} INFO - Processing /home/airflow/.local/lib/python3.7/site-packages/airflow/example_dags/example_branch_labels.py took 0.094 seconds
[2023-07-27T02:03:04.497+0000] {processor.py:157} INFO - Started process (PID=5199) to work on /home/airflow/.local/lib/python3.7/site-packages/airflow/example_dags/example_branch_labels.py
[2023-07-27T02:03:04.498+0000] {processor.py:826} INFO - Processing file /home/airflow/.local/lib/python3.7/site-packages/airflow/example_dags/example_branch_labels.py for tasks to queue
[2023-07-27T02:03:04.499+0000] {logging_mixin.py:150} INFO - [2023-07-27T02:03:04.499+0000] {dagbag.py:541} INFO - Filling up the DagBag from /home/airflow/.local/lib/python3.7/site-packages/airflow/example_dags/example_branch_labels.py
[2023-07-27T02:03:04.508+0000] {processor.py:836} INFO - DAG(s) dict_keys(['example_branch_labels']) retrieved from /home/airflow/.local/lib/python3.7/site-packages/airflow/example_dags/example_branch_labels.py
[2023-07-27T02:03:04.535+0000] {logging_mixin.py:150} INFO - [2023-07-27T02:03:04.535+0000] {dag.py:2742} INFO - Sync 1 DAGs
[2023-07-27T02:03:04.563+0000] {logging_mixin.py:150} INFO - [2023-07-27T02:03:04.563+0000] {dag.py:3508} INFO - Setting next_dagrun for example_branch_labels to 2023-07-26T00:00:00+00:00, run_after=2023-07-27T00:00:00+00:00
[2023-07-27T02:03:04.594+0000] {processor.py:179} INFO - Processing /home/airflow/.local/lib/python3.7/site-packages/airflow/example_dags/example_branch_labels.py took 0.101 seconds
[2023-07-27T02:03:34.795+0000] {processor.py:157} INFO - Started process (PID=5259) to work on /home/airflow/.local/lib/python3.7/site-packages/airflow/example_dags/example_branch_labels.py
[2023-07-27T02:03:34.797+0000] {processor.py:826} INFO - Processing file /home/airflow/.local/lib/python3.7/site-packages/airflow/example_dags/example_branch_labels.py for tasks to queue
[2023-07-27T02:03:34.799+0000] {logging_mixin.py:150} INFO - [2023-07-27T02:03:34.798+0000] {dagbag.py:541} INFO - Filling up the DagBag from /home/airflow/.local/lib/python3.7/site-packages/airflow/example_dags/example_branch_labels.py
[2023-07-27T02:03:34.810+0000] {processor.py:836} INFO - DAG(s) dict_keys(['example_branch_labels']) retrieved from /home/airflow/.local/lib/python3.7/site-packages/airflow/example_dags/example_branch_labels.py
[2023-07-27T02:03:34.836+0000] {logging_mixin.py:150} INFO - [2023-07-27T02:03:34.836+0000] {dag.py:2742} INFO - Sync 1 DAGs
[2023-07-27T02:03:34.865+0000] {logging_mixin.py:150} INFO - [2023-07-27T02:03:34.864+0000] {dag.py:3508} INFO - Setting next_dagrun for example_branch_labels to 2023-07-26T00:00:00+00:00, run_after=2023-07-27T00:00:00+00:00
[2023-07-27T02:03:34.887+0000] {processor.py:179} INFO - Processing /home/airflow/.local/lib/python3.7/site-packages/airflow/example_dags/example_branch_labels.py took 0.097 seconds
[2023-07-27T02:04:05.299+0000] {processor.py:157} INFO - Started process (PID=5319) to work on /home/airflow/.local/lib/python3.7/site-packages/airflow/example_dags/example_branch_labels.py
[2023-07-27T02:04:05.301+0000] {processor.py:826} INFO - Processing file /home/airflow/.local/lib/python3.7/site-packages/airflow/example_dags/example_branch_labels.py for tasks to queue
[2023-07-27T02:04:05.302+0000] {logging_mixin.py:150} INFO - [2023-07-27T02:04:05.302+0000] {dagbag.py:541} INFO - Filling up the DagBag from /home/airflow/.local/lib/python3.7/site-packages/airflow/example_dags/example_branch_labels.py
[2023-07-27T02:04:05.312+0000] {processor.py:836} INFO - DAG(s) dict_keys(['example_branch_labels']) retrieved from /home/airflow/.local/lib/python3.7/site-packages/airflow/example_dags/example_branch_labels.py
[2023-07-27T02:04:05.339+0000] {logging_mixin.py:150} INFO - [2023-07-27T02:04:05.339+0000] {dag.py:2742} INFO - Sync 1 DAGs
[2023-07-27T02:04:05.368+0000] {logging_mixin.py:150} INFO - [2023-07-27T02:04:05.367+0000] {dag.py:3508} INFO - Setting next_dagrun for example_branch_labels to 2023-07-26T00:00:00+00:00, run_after=2023-07-27T00:00:00+00:00
[2023-07-27T02:04:05.390+0000] {processor.py:179} INFO - Processing /home/airflow/.local/lib/python3.7/site-packages/airflow/example_dags/example_branch_labels.py took 0.095 seconds
[2023-07-27T02:04:35.529+0000] {processor.py:157} INFO - Started process (PID=5379) to work on /home/airflow/.local/lib/python3.7/site-packages/airflow/example_dags/example_branch_labels.py
[2023-07-27T02:04:35.530+0000] {processor.py:826} INFO - Processing file /home/airflow/.local/lib/python3.7/site-packages/airflow/example_dags/example_branch_labels.py for tasks to queue
[2023-07-27T02:04:35.531+0000] {logging_mixin.py:150} INFO - [2023-07-27T02:04:35.531+0000] {dagbag.py:541} INFO - Filling up the DagBag from /home/airflow/.local/lib/python3.7/site-packages/airflow/example_dags/example_branch_labels.py
[2023-07-27T02:04:35.540+0000] {processor.py:836} INFO - DAG(s) dict_keys(['example_branch_labels']) retrieved from /home/airflow/.local/lib/python3.7/site-packages/airflow/example_dags/example_branch_labels.py
[2023-07-27T02:04:35.567+0000] {logging_mixin.py:150} INFO - [2023-07-27T02:04:35.566+0000] {dag.py:2742} INFO - Sync 1 DAGs
[2023-07-27T02:04:35.595+0000] {logging_mixin.py:150} INFO - [2023-07-27T02:04:35.595+0000] {dag.py:3508} INFO - Setting next_dagrun for example_branch_labels to 2023-07-26T00:00:00+00:00, run_after=2023-07-27T00:00:00+00:00
[2023-07-27T02:04:35.627+0000] {processor.py:179} INFO - Processing /home/airflow/.local/lib/python3.7/site-packages/airflow/example_dags/example_branch_labels.py took 0.102 seconds
[2023-07-27T02:05:05.924+0000] {processor.py:157} INFO - Started process (PID=5439) to work on /home/airflow/.local/lib/python3.7/site-packages/airflow/example_dags/example_branch_labels.py
[2023-07-27T02:05:05.926+0000] {processor.py:826} INFO - Processing file /home/airflow/.local/lib/python3.7/site-packages/airflow/example_dags/example_branch_labels.py for tasks to queue
[2023-07-27T02:05:05.927+0000] {logging_mixin.py:150} INFO - [2023-07-27T02:05:05.927+0000] {dagbag.py:541} INFO - Filling up the DagBag from /home/airflow/.local/lib/python3.7/site-packages/airflow/example_dags/example_branch_labels.py
[2023-07-27T02:05:05.936+0000] {processor.py:836} INFO - DAG(s) dict_keys(['example_branch_labels']) retrieved from /home/airflow/.local/lib/python3.7/site-packages/airflow/example_dags/example_branch_labels.py
[2023-07-27T02:05:05.962+0000] {logging_mixin.py:150} INFO - [2023-07-27T02:05:05.962+0000] {dag.py:2742} INFO - Sync 1 DAGs
[2023-07-27T02:05:05.990+0000] {logging_mixin.py:150} INFO - [2023-07-27T02:05:05.989+0000] {dag.py:3508} INFO - Setting next_dagrun for example_branch_labels to 2023-07-26T00:00:00+00:00, run_after=2023-07-27T00:00:00+00:00
[2023-07-27T02:05:06.011+0000] {processor.py:179} INFO - Processing /home/airflow/.local/lib/python3.7/site-packages/airflow/example_dags/example_branch_labels.py took 0.091 seconds
[2023-07-27T02:05:36.697+0000] {processor.py:157} INFO - Started process (PID=5500) to work on /home/airflow/.local/lib/python3.7/site-packages/airflow/example_dags/example_branch_labels.py
[2023-07-27T02:05:36.698+0000] {processor.py:826} INFO - Processing file /home/airflow/.local/lib/python3.7/site-packages/airflow/example_dags/example_branch_labels.py for tasks to queue
[2023-07-27T02:05:36.699+0000] {logging_mixin.py:150} INFO - [2023-07-27T02:05:36.699+0000] {dagbag.py:541} INFO - Filling up the DagBag from /home/airflow/.local/lib/python3.7/site-packages/airflow/example_dags/example_branch_labels.py
[2023-07-27T02:05:36.708+0000] {processor.py:836} INFO - DAG(s) dict_keys(['example_branch_labels']) retrieved from /home/airflow/.local/lib/python3.7/site-packages/airflow/example_dags/example_branch_labels.py
[2023-07-27T02:05:36.734+0000] {logging_mixin.py:150} INFO - [2023-07-27T02:05:36.734+0000] {dag.py:2742} INFO - Sync 1 DAGs
[2023-07-27T02:05:36.765+0000] {logging_mixin.py:150} INFO - [2023-07-27T02:05:36.765+0000] {dag.py:3508} INFO - Setting next_dagrun for example_branch_labels to 2023-07-26T00:00:00+00:00, run_after=2023-07-27T00:00:00+00:00
[2023-07-27T02:05:36.788+0000] {processor.py:179} INFO - Processing /home/airflow/.local/lib/python3.7/site-packages/airflow/example_dags/example_branch_labels.py took 0.095 seconds
[2023-07-27T02:06:06.962+0000] {processor.py:157} INFO - Started process (PID=5559) to work on /home/airflow/.local/lib/python3.7/site-packages/airflow/example_dags/example_branch_labels.py
[2023-07-27T02:06:06.964+0000] {processor.py:826} INFO - Processing file /home/airflow/.local/lib/python3.7/site-packages/airflow/example_dags/example_branch_labels.py for tasks to queue
[2023-07-27T02:06:06.965+0000] {logging_mixin.py:150} INFO - [2023-07-27T02:06:06.964+0000] {dagbag.py:541} INFO - Filling up the DagBag from /home/airflow/.local/lib/python3.7/site-packages/airflow/example_dags/example_branch_labels.py
[2023-07-27T02:06:06.973+0000] {processor.py:836} INFO - DAG(s) dict_keys(['example_branch_labels']) retrieved from /home/airflow/.local/lib/python3.7/site-packages/airflow/example_dags/example_branch_labels.py
[2023-07-27T02:06:07.002+0000] {logging_mixin.py:150} INFO - [2023-07-27T02:06:07.001+0000] {dag.py:2742} INFO - Sync 1 DAGs
[2023-07-27T02:06:07.031+0000] {logging_mixin.py:150} INFO - [2023-07-27T02:06:07.031+0000] {dag.py:3508} INFO - Setting next_dagrun for example_branch_labels to 2023-07-26T00:00:00+00:00, run_after=2023-07-27T00:00:00+00:00
[2023-07-27T02:06:07.054+0000] {processor.py:179} INFO - Processing /home/airflow/.local/lib/python3.7/site-packages/airflow/example_dags/example_branch_labels.py took 0.095 seconds
[2023-07-27T02:06:37.733+0000] {processor.py:157} INFO - Started process (PID=5619) to work on /home/airflow/.local/lib/python3.7/site-packages/airflow/example_dags/example_branch_labels.py
[2023-07-27T02:06:37.734+0000] {processor.py:826} INFO - Processing file /home/airflow/.local/lib/python3.7/site-packages/airflow/example_dags/example_branch_labels.py for tasks to queue
[2023-07-27T02:06:37.735+0000] {logging_mixin.py:150} INFO - [2023-07-27T02:06:37.735+0000] {dagbag.py:541} INFO - Filling up the DagBag from /home/airflow/.local/lib/python3.7/site-packages/airflow/example_dags/example_branch_labels.py
[2023-07-27T02:06:37.744+0000] {processor.py:836} INFO - DAG(s) dict_keys(['example_branch_labels']) retrieved from /home/airflow/.local/lib/python3.7/site-packages/airflow/example_dags/example_branch_labels.py
[2023-07-27T02:06:37.790+0000] {logging_mixin.py:150} INFO - [2023-07-27T02:06:37.790+0000] {dag.py:2742} INFO - Sync 1 DAGs
[2023-07-27T02:06:37.819+0000] {logging_mixin.py:150} INFO - [2023-07-27T02:06:37.819+0000] {dag.py:3508} INFO - Setting next_dagrun for example_branch_labels to 2023-07-26T00:00:00+00:00, run_after=2023-07-27T00:00:00+00:00
[2023-07-27T02:06:37.844+0000] {processor.py:179} INFO - Processing /home/airflow/.local/lib/python3.7/site-packages/airflow/example_dags/example_branch_labels.py took 0.114 seconds
[2023-07-27T02:07:08.348+0000] {processor.py:157} INFO - Started process (PID=5679) to work on /home/airflow/.local/lib/python3.7/site-packages/airflow/example_dags/example_branch_labels.py
[2023-07-27T02:07:08.349+0000] {processor.py:826} INFO - Processing file /home/airflow/.local/lib/python3.7/site-packages/airflow/example_dags/example_branch_labels.py for tasks to queue
[2023-07-27T02:07:08.350+0000] {logging_mixin.py:150} INFO - [2023-07-27T02:07:08.350+0000] {dagbag.py:541} INFO - Filling up the DagBag from /home/airflow/.local/lib/python3.7/site-packages/airflow/example_dags/example_branch_labels.py
[2023-07-27T02:07:08.359+0000] {processor.py:836} INFO - DAG(s) dict_keys(['example_branch_labels']) retrieved from /home/airflow/.local/lib/python3.7/site-packages/airflow/example_dags/example_branch_labels.py
[2023-07-27T02:07:08.385+0000] {logging_mixin.py:150} INFO - [2023-07-27T02:07:08.384+0000] {dag.py:2742} INFO - Sync 1 DAGs
[2023-07-27T02:07:08.413+0000] {logging_mixin.py:150} INFO - [2023-07-27T02:07:08.413+0000] {dag.py:3508} INFO - Setting next_dagrun for example_branch_labels to 2023-07-26T00:00:00+00:00, run_after=2023-07-27T00:00:00+00:00
[2023-07-27T02:07:08.439+0000] {processor.py:179} INFO - Processing /home/airflow/.local/lib/python3.7/site-packages/airflow/example_dags/example_branch_labels.py took 0.095 seconds
[2023-07-27T02:07:38.504+0000] {processor.py:157} INFO - Started process (PID=5739) to work on /home/airflow/.local/lib/python3.7/site-packages/airflow/example_dags/example_branch_labels.py
[2023-07-27T02:07:38.507+0000] {processor.py:826} INFO - Processing file /home/airflow/.local/lib/python3.7/site-packages/airflow/example_dags/example_branch_labels.py for tasks to queue
[2023-07-27T02:07:38.509+0000] {logging_mixin.py:150} INFO - [2023-07-27T02:07:38.509+0000] {dagbag.py:541} INFO - Filling up the DagBag from /home/airflow/.local/lib/python3.7/site-packages/airflow/example_dags/example_branch_labels.py
[2023-07-27T02:07:38.525+0000] {processor.py:836} INFO - DAG(s) dict_keys(['example_branch_labels']) retrieved from /home/airflow/.local/lib/python3.7/site-packages/airflow/example_dags/example_branch_labels.py
[2023-07-27T02:07:38.572+0000] {logging_mixin.py:150} INFO - [2023-07-27T02:07:38.572+0000] {dag.py:2742} INFO - Sync 1 DAGs
[2023-07-27T02:07:38.614+0000] {logging_mixin.py:150} INFO - [2023-07-27T02:07:38.614+0000] {dag.py:3508} INFO - Setting next_dagrun for example_branch_labels to 2023-07-26T00:00:00+00:00, run_after=2023-07-27T00:00:00+00:00
[2023-07-27T02:07:38.798+0000] {processor.py:179} INFO - Processing /home/airflow/.local/lib/python3.7/site-packages/airflow/example_dags/example_branch_labels.py took 0.297 seconds
[2023-07-27T02:08:09.346+0000] {processor.py:157} INFO - Started process (PID=5799) to work on /home/airflow/.local/lib/python3.7/site-packages/airflow/example_dags/example_branch_labels.py
[2023-07-27T02:08:09.347+0000] {processor.py:826} INFO - Processing file /home/airflow/.local/lib/python3.7/site-packages/airflow/example_dags/example_branch_labels.py for tasks to queue
[2023-07-27T02:08:09.348+0000] {logging_mixin.py:150} INFO - [2023-07-27T02:08:09.348+0000] {dagbag.py:541} INFO - Filling up the DagBag from /home/airflow/.local/lib/python3.7/site-packages/airflow/example_dags/example_branch_labels.py
[2023-07-27T02:08:09.357+0000] {processor.py:836} INFO - DAG(s) dict_keys(['example_branch_labels']) retrieved from /home/airflow/.local/lib/python3.7/site-packages/airflow/example_dags/example_branch_labels.py
[2023-07-27T02:08:09.386+0000] {logging_mixin.py:150} INFO - [2023-07-27T02:08:09.386+0000] {dag.py:2742} INFO - Sync 1 DAGs
[2023-07-27T02:08:09.419+0000] {logging_mixin.py:150} INFO - [2023-07-27T02:08:09.418+0000] {dag.py:3508} INFO - Setting next_dagrun for example_branch_labels to 2023-07-26T00:00:00+00:00, run_after=2023-07-27T00:00:00+00:00
[2023-07-27T02:08:09.446+0000] {processor.py:179} INFO - Processing /home/airflow/.local/lib/python3.7/site-packages/airflow/example_dags/example_branch_labels.py took 0.104 seconds
[2023-07-27T02:08:39.767+0000] {processor.py:157} INFO - Started process (PID=5860) to work on /home/airflow/.local/lib/python3.7/site-packages/airflow/example_dags/example_branch_labels.py
[2023-07-27T02:08:39.768+0000] {processor.py:826} INFO - Processing file /home/airflow/.local/lib/python3.7/site-packages/airflow/example_dags/example_branch_labels.py for tasks to queue
[2023-07-27T02:08:39.769+0000] {logging_mixin.py:150} INFO - [2023-07-27T02:08:39.769+0000] {dagbag.py:541} INFO - Filling up the DagBag from /home/airflow/.local/lib/python3.7/site-packages/airflow/example_dags/example_branch_labels.py
[2023-07-27T02:08:39.778+0000] {processor.py:836} INFO - DAG(s) dict_keys(['example_branch_labels']) retrieved from /home/airflow/.local/lib/python3.7/site-packages/airflow/example_dags/example_branch_labels.py
[2023-07-27T02:08:39.805+0000] {logging_mixin.py:150} INFO - [2023-07-27T02:08:39.805+0000] {dag.py:2742} INFO - Sync 1 DAGs
[2023-07-27T02:08:39.834+0000] {logging_mixin.py:150} INFO - [2023-07-27T02:08:39.834+0000] {dag.py:3508} INFO - Setting next_dagrun for example_branch_labels to 2023-07-26T00:00:00+00:00, run_after=2023-07-27T00:00:00+00:00
[2023-07-27T02:08:39.876+0000] {processor.py:179} INFO - Processing /home/airflow/.local/lib/python3.7/site-packages/airflow/example_dags/example_branch_labels.py took 0.113 seconds
[2023-07-27T02:09:10.452+0000] {processor.py:157} INFO - Started process (PID=5920) to work on /home/airflow/.local/lib/python3.7/site-packages/airflow/example_dags/example_branch_labels.py
[2023-07-27T02:09:10.453+0000] {processor.py:826} INFO - Processing file /home/airflow/.local/lib/python3.7/site-packages/airflow/example_dags/example_branch_labels.py for tasks to queue
[2023-07-27T02:09:10.454+0000] {logging_mixin.py:150} INFO - [2023-07-27T02:09:10.454+0000] {dagbag.py:541} INFO - Filling up the DagBag from /home/airflow/.local/lib/python3.7/site-packages/airflow/example_dags/example_branch_labels.py
[2023-07-27T02:09:10.463+0000] {processor.py:836} INFO - DAG(s) dict_keys(['example_branch_labels']) retrieved from /home/airflow/.local/lib/python3.7/site-packages/airflow/example_dags/example_branch_labels.py
[2023-07-27T02:09:10.489+0000] {logging_mixin.py:150} INFO - [2023-07-27T02:09:10.489+0000] {dag.py:2742} INFO - Sync 1 DAGs
[2023-07-27T02:09:10.624+0000] {logging_mixin.py:150} INFO - [2023-07-27T02:09:10.623+0000] {dag.py:3508} INFO - Setting next_dagrun for example_branch_labels to 2023-07-26T00:00:00+00:00, run_after=2023-07-27T00:00:00+00:00
[2023-07-27T02:09:10.646+0000] {processor.py:179} INFO - Processing /home/airflow/.local/lib/python3.7/site-packages/airflow/example_dags/example_branch_labels.py took 0.197 seconds
[2023-07-27T02:09:40.809+0000] {processor.py:157} INFO - Started process (PID=5980) to work on /home/airflow/.local/lib/python3.7/site-packages/airflow/example_dags/example_branch_labels.py
[2023-07-27T02:09:40.810+0000] {processor.py:826} INFO - Processing file /home/airflow/.local/lib/python3.7/site-packages/airflow/example_dags/example_branch_labels.py for tasks to queue
[2023-07-27T02:09:40.812+0000] {logging_mixin.py:150} INFO - [2023-07-27T02:09:40.811+0000] {dagbag.py:541} INFO - Filling up the DagBag from /home/airflow/.local/lib/python3.7/site-packages/airflow/example_dags/example_branch_labels.py
[2023-07-27T02:09:40.820+0000] {processor.py:836} INFO - DAG(s) dict_keys(['example_branch_labels']) retrieved from /home/airflow/.local/lib/python3.7/site-packages/airflow/example_dags/example_branch_labels.py
[2023-07-27T02:09:40.847+0000] {logging_mixin.py:150} INFO - [2023-07-27T02:09:40.846+0000] {dag.py:2742} INFO - Sync 1 DAGs
[2023-07-27T02:09:40.876+0000] {logging_mixin.py:150} INFO - [2023-07-27T02:09:40.875+0000] {dag.py:3508} INFO - Setting next_dagrun for example_branch_labels to 2023-07-26T00:00:00+00:00, run_after=2023-07-27T00:00:00+00:00
[2023-07-27T02:09:40.897+0000] {processor.py:179} INFO - Processing /home/airflow/.local/lib/python3.7/site-packages/airflow/example_dags/example_branch_labels.py took 0.092 seconds
[2023-07-27T02:10:11.706+0000] {processor.py:157} INFO - Started process (PID=6040) to work on /home/airflow/.local/lib/python3.7/site-packages/airflow/example_dags/example_branch_labels.py
[2023-07-27T02:10:11.707+0000] {processor.py:826} INFO - Processing file /home/airflow/.local/lib/python3.7/site-packages/airflow/example_dags/example_branch_labels.py for tasks to queue
[2023-07-27T02:10:11.708+0000] {logging_mixin.py:150} INFO - [2023-07-27T02:10:11.708+0000] {dagbag.py:541} INFO - Filling up the DagBag from /home/airflow/.local/lib/python3.7/site-packages/airflow/example_dags/example_branch_labels.py
[2023-07-27T02:10:11.717+0000] {processor.py:836} INFO - DAG(s) dict_keys(['example_branch_labels']) retrieved from /home/airflow/.local/lib/python3.7/site-packages/airflow/example_dags/example_branch_labels.py
[2023-07-27T02:10:11.851+0000] {logging_mixin.py:150} INFO - [2023-07-27T02:10:11.851+0000] {dag.py:2742} INFO - Sync 1 DAGs
[2023-07-27T02:10:11.878+0000] {logging_mixin.py:150} INFO - [2023-07-27T02:10:11.877+0000] {dag.py:3508} INFO - Setting next_dagrun for example_branch_labels to 2023-07-26T00:00:00+00:00, run_after=2023-07-27T00:00:00+00:00
[2023-07-27T02:10:11.900+0000] {processor.py:179} INFO - Processing /home/airflow/.local/lib/python3.7/site-packages/airflow/example_dags/example_branch_labels.py took 0.198 seconds
