[2023-07-27T01:39:04.404+0000] {processor.py:157} INFO - Started process (PID=2346) to work on /home/airflow/.local/lib/python3.7/site-packages/airflow/example_dags/example_trigger_target_dag.py
[2023-07-27T01:39:04.405+0000] {processor.py:826} INFO - Processing file /home/airflow/.local/lib/python3.7/site-packages/airflow/example_dags/example_trigger_target_dag.py for tasks to queue
[2023-07-27T01:39:04.407+0000] {logging_mixin.py:150} INFO - [2023-07-27T01:39:04.407+0000] {dagbag.py:541} INFO - Filling up the DagBag from /home/airflow/.local/lib/python3.7/site-packages/airflow/example_dags/example_trigger_target_dag.py
[2023-07-27T01:39:04.423+0000] {processor.py:836} INFO - DAG(s) dict_keys(['example_trigger_target_dag']) retrieved from /home/airflow/.local/lib/python3.7/site-packages/airflow/example_dags/example_trigger_target_dag.py
[2023-07-27T01:39:04.499+0000] {logging_mixin.py:150} INFO - [2023-07-27T01:39:04.496+0000] {dag.py:2742} INFO - Sync 1 DAGs
[2023-07-27T01:39:04.583+0000] {logging_mixin.py:150} INFO - [2023-07-27T01:39:04.583+0000] {dag.py:3508} INFO - Setting next_dagrun for example_trigger_target_dag to None, run_after=None
[2023-07-27T01:39:04.689+0000] {processor.py:179} INFO - Processing /home/airflow/.local/lib/python3.7/site-packages/airflow/example_dags/example_trigger_target_dag.py took 0.289 seconds
[2023-07-27T01:39:35.255+0000] {processor.py:157} INFO - Started process (PID=2405) to work on /home/airflow/.local/lib/python3.7/site-packages/airflow/example_dags/example_trigger_target_dag.py
[2023-07-27T01:39:35.256+0000] {processor.py:826} INFO - Processing file /home/airflow/.local/lib/python3.7/site-packages/airflow/example_dags/example_trigger_target_dag.py for tasks to queue
[2023-07-27T01:39:35.258+0000] {logging_mixin.py:150} INFO - [2023-07-27T01:39:35.257+0000] {dagbag.py:541} INFO - Filling up the DagBag from /home/airflow/.local/lib/python3.7/site-packages/airflow/example_dags/example_trigger_target_dag.py
[2023-07-27T01:39:35.271+0000] {processor.py:836} INFO - DAG(s) dict_keys(['example_trigger_target_dag']) retrieved from /home/airflow/.local/lib/python3.7/site-packages/airflow/example_dags/example_trigger_target_dag.py
[2023-07-27T01:39:35.304+0000] {logging_mixin.py:150} INFO - [2023-07-27T01:39:35.304+0000] {dag.py:2742} INFO - Sync 1 DAGs
[2023-07-27T01:39:35.353+0000] {logging_mixin.py:150} INFO - [2023-07-27T01:39:35.353+0000] {dag.py:3508} INFO - Setting next_dagrun for example_trigger_target_dag to None, run_after=None
[2023-07-27T01:39:35.394+0000] {processor.py:179} INFO - Processing /home/airflow/.local/lib/python3.7/site-packages/airflow/example_dags/example_trigger_target_dag.py took 0.142 seconds
[2023-07-27T01:40:06.563+0000] {processor.py:157} INFO - Started process (PID=2466) to work on /home/airflow/.local/lib/python3.7/site-packages/airflow/example_dags/example_trigger_target_dag.py
[2023-07-27T01:40:06.564+0000] {processor.py:826} INFO - Processing file /home/airflow/.local/lib/python3.7/site-packages/airflow/example_dags/example_trigger_target_dag.py for tasks to queue
[2023-07-27T01:40:06.566+0000] {logging_mixin.py:150} INFO - [2023-07-27T01:40:06.565+0000] {dagbag.py:541} INFO - Filling up the DagBag from /home/airflow/.local/lib/python3.7/site-packages/airflow/example_dags/example_trigger_target_dag.py
[2023-07-27T01:40:06.579+0000] {processor.py:836} INFO - DAG(s) dict_keys(['example_trigger_target_dag']) retrieved from /home/airflow/.local/lib/python3.7/site-packages/airflow/example_dags/example_trigger_target_dag.py
[2023-07-27T01:40:06.633+0000] {logging_mixin.py:150} INFO - [2023-07-27T01:40:06.632+0000] {dag.py:2742} INFO - Sync 1 DAGs
[2023-07-27T01:40:06.705+0000] {logging_mixin.py:150} INFO - [2023-07-27T01:40:06.705+0000] {dag.py:3508} INFO - Setting next_dagrun for example_trigger_target_dag to None, run_after=None
[2023-07-27T01:40:06.786+0000] {processor.py:179} INFO - Processing /home/airflow/.local/lib/python3.7/site-packages/airflow/example_dags/example_trigger_target_dag.py took 0.227 seconds
[2023-07-27T01:40:37.207+0000] {processor.py:157} INFO - Started process (PID=2527) to work on /home/airflow/.local/lib/python3.7/site-packages/airflow/example_dags/example_trigger_target_dag.py
[2023-07-27T01:40:37.208+0000] {processor.py:826} INFO - Processing file /home/airflow/.local/lib/python3.7/site-packages/airflow/example_dags/example_trigger_target_dag.py for tasks to queue
[2023-07-27T01:40:37.210+0000] {logging_mixin.py:150} INFO - [2023-07-27T01:40:37.209+0000] {dagbag.py:541} INFO - Filling up the DagBag from /home/airflow/.local/lib/python3.7/site-packages/airflow/example_dags/example_trigger_target_dag.py
[2023-07-27T01:40:37.216+0000] {processor.py:836} INFO - DAG(s) dict_keys(['example_trigger_target_dag']) retrieved from /home/airflow/.local/lib/python3.7/site-packages/airflow/example_dags/example_trigger_target_dag.py
[2023-07-27T01:40:37.241+0000] {logging_mixin.py:150} INFO - [2023-07-27T01:40:37.241+0000] {dag.py:2742} INFO - Sync 1 DAGs
[2023-07-27T01:40:37.268+0000] {logging_mixin.py:150} INFO - [2023-07-27T01:40:37.267+0000] {dag.py:3508} INFO - Setting next_dagrun for example_trigger_target_dag to None, run_after=None
[2023-07-27T01:40:37.290+0000] {processor.py:179} INFO - Processing /home/airflow/.local/lib/python3.7/site-packages/airflow/example_dags/example_trigger_target_dag.py took 0.087 seconds
[2023-07-27T01:41:07.923+0000] {processor.py:157} INFO - Started process (PID=2587) to work on /home/airflow/.local/lib/python3.7/site-packages/airflow/example_dags/example_trigger_target_dag.py
[2023-07-27T01:41:07.924+0000] {processor.py:826} INFO - Processing file /home/airflow/.local/lib/python3.7/site-packages/airflow/example_dags/example_trigger_target_dag.py for tasks to queue
[2023-07-27T01:41:07.925+0000] {logging_mixin.py:150} INFO - [2023-07-27T01:41:07.925+0000] {dagbag.py:541} INFO - Filling up the DagBag from /home/airflow/.local/lib/python3.7/site-packages/airflow/example_dags/example_trigger_target_dag.py
[2023-07-27T01:41:07.931+0000] {processor.py:836} INFO - DAG(s) dict_keys(['example_trigger_target_dag']) retrieved from /home/airflow/.local/lib/python3.7/site-packages/airflow/example_dags/example_trigger_target_dag.py
[2023-07-27T01:41:07.957+0000] {logging_mixin.py:150} INFO - [2023-07-27T01:41:07.956+0000] {dag.py:2742} INFO - Sync 1 DAGs
[2023-07-27T01:41:07.984+0000] {logging_mixin.py:150} INFO - [2023-07-27T01:41:07.984+0000] {dag.py:3508} INFO - Setting next_dagrun for example_trigger_target_dag to None, run_after=None
[2023-07-27T01:41:08.008+0000] {processor.py:179} INFO - Processing /home/airflow/.local/lib/python3.7/site-packages/airflow/example_dags/example_trigger_target_dag.py took 0.088 seconds
[2023-07-27T01:41:38.098+0000] {processor.py:157} INFO - Started process (PID=2646) to work on /home/airflow/.local/lib/python3.7/site-packages/airflow/example_dags/example_trigger_target_dag.py
[2023-07-27T01:41:38.099+0000] {processor.py:826} INFO - Processing file /home/airflow/.local/lib/python3.7/site-packages/airflow/example_dags/example_trigger_target_dag.py for tasks to queue
[2023-07-27T01:41:38.100+0000] {logging_mixin.py:150} INFO - [2023-07-27T01:41:38.100+0000] {dagbag.py:541} INFO - Filling up the DagBag from /home/airflow/.local/lib/python3.7/site-packages/airflow/example_dags/example_trigger_target_dag.py
[2023-07-27T01:41:38.106+0000] {processor.py:836} INFO - DAG(s) dict_keys(['example_trigger_target_dag']) retrieved from /home/airflow/.local/lib/python3.7/site-packages/airflow/example_dags/example_trigger_target_dag.py
[2023-07-27T01:41:38.131+0000] {logging_mixin.py:150} INFO - [2023-07-27T01:41:38.131+0000] {dag.py:2742} INFO - Sync 1 DAGs
[2023-07-27T01:41:38.159+0000] {logging_mixin.py:150} INFO - [2023-07-27T01:41:38.158+0000] {dag.py:3508} INFO - Setting next_dagrun for example_trigger_target_dag to None, run_after=None
[2023-07-27T01:41:38.180+0000] {processor.py:179} INFO - Processing /home/airflow/.local/lib/python3.7/site-packages/airflow/example_dags/example_trigger_target_dag.py took 0.086 seconds
[2023-07-27T01:42:08.870+0000] {processor.py:157} INFO - Started process (PID=2699) to work on /home/airflow/.local/lib/python3.7/site-packages/airflow/example_dags/example_trigger_target_dag.py
[2023-07-27T01:42:08.871+0000] {processor.py:826} INFO - Processing file /home/airflow/.local/lib/python3.7/site-packages/airflow/example_dags/example_trigger_target_dag.py for tasks to queue
[2023-07-27T01:42:08.873+0000] {logging_mixin.py:150} INFO - [2023-07-27T01:42:08.872+0000] {dagbag.py:541} INFO - Filling up the DagBag from /home/airflow/.local/lib/python3.7/site-packages/airflow/example_dags/example_trigger_target_dag.py
[2023-07-27T01:42:08.879+0000] {processor.py:836} INFO - DAG(s) dict_keys(['example_trigger_target_dag']) retrieved from /home/airflow/.local/lib/python3.7/site-packages/airflow/example_dags/example_trigger_target_dag.py
[2023-07-27T01:42:08.906+0000] {logging_mixin.py:150} INFO - [2023-07-27T01:42:08.906+0000] {dag.py:2742} INFO - Sync 1 DAGs
[2023-07-27T01:42:08.937+0000] {logging_mixin.py:150} INFO - [2023-07-27T01:42:08.937+0000] {dag.py:3508} INFO - Setting next_dagrun for example_trigger_target_dag to None, run_after=None
[2023-07-27T01:42:08.962+0000] {processor.py:179} INFO - Processing /home/airflow/.local/lib/python3.7/site-packages/airflow/example_dags/example_trigger_target_dag.py took 0.096 seconds
[2023-07-27T01:42:39.604+0000] {processor.py:157} INFO - Started process (PID=2760) to work on /home/airflow/.local/lib/python3.7/site-packages/airflow/example_dags/example_trigger_target_dag.py
[2023-07-27T01:42:39.606+0000] {processor.py:826} INFO - Processing file /home/airflow/.local/lib/python3.7/site-packages/airflow/example_dags/example_trigger_target_dag.py for tasks to queue
[2023-07-27T01:42:39.607+0000] {logging_mixin.py:150} INFO - [2023-07-27T01:42:39.607+0000] {dagbag.py:541} INFO - Filling up the DagBag from /home/airflow/.local/lib/python3.7/site-packages/airflow/example_dags/example_trigger_target_dag.py
[2023-07-27T01:42:39.614+0000] {processor.py:836} INFO - DAG(s) dict_keys(['example_trigger_target_dag']) retrieved from /home/airflow/.local/lib/python3.7/site-packages/airflow/example_dags/example_trigger_target_dag.py
[2023-07-27T01:42:39.640+0000] {logging_mixin.py:150} INFO - [2023-07-27T01:42:39.640+0000] {dag.py:2742} INFO - Sync 1 DAGs
[2023-07-27T01:42:39.668+0000] {logging_mixin.py:150} INFO - [2023-07-27T01:42:39.668+0000] {dag.py:3508} INFO - Setting next_dagrun for example_trigger_target_dag to None, run_after=None
[2023-07-27T01:42:39.691+0000] {processor.py:179} INFO - Processing /home/airflow/.local/lib/python3.7/site-packages/airflow/example_dags/example_trigger_target_dag.py took 0.090 seconds
[2023-07-27T01:43:10.437+0000] {processor.py:157} INFO - Started process (PID=2821) to work on /home/airflow/.local/lib/python3.7/site-packages/airflow/example_dags/example_trigger_target_dag.py
[2023-07-27T01:43:10.438+0000] {processor.py:826} INFO - Processing file /home/airflow/.local/lib/python3.7/site-packages/airflow/example_dags/example_trigger_target_dag.py for tasks to queue
[2023-07-27T01:43:10.440+0000] {logging_mixin.py:150} INFO - [2023-07-27T01:43:10.439+0000] {dagbag.py:541} INFO - Filling up the DagBag from /home/airflow/.local/lib/python3.7/site-packages/airflow/example_dags/example_trigger_target_dag.py
[2023-07-27T01:43:10.445+0000] {processor.py:836} INFO - DAG(s) dict_keys(['example_trigger_target_dag']) retrieved from /home/airflow/.local/lib/python3.7/site-packages/airflow/example_dags/example_trigger_target_dag.py
[2023-07-27T01:43:10.470+0000] {logging_mixin.py:150} INFO - [2023-07-27T01:43:10.470+0000] {dag.py:2742} INFO - Sync 1 DAGs
[2023-07-27T01:43:10.497+0000] {logging_mixin.py:150} INFO - [2023-07-27T01:43:10.497+0000] {dag.py:3508} INFO - Setting next_dagrun for example_trigger_target_dag to None, run_after=None
[2023-07-27T01:43:10.521+0000] {processor.py:179} INFO - Processing /home/airflow/.local/lib/python3.7/site-packages/airflow/example_dags/example_trigger_target_dag.py took 0.088 seconds
[2023-07-27T01:43:41.048+0000] {processor.py:157} INFO - Started process (PID=2881) to work on /home/airflow/.local/lib/python3.7/site-packages/airflow/example_dags/example_trigger_target_dag.py
[2023-07-27T01:43:41.049+0000] {processor.py:826} INFO - Processing file /home/airflow/.local/lib/python3.7/site-packages/airflow/example_dags/example_trigger_target_dag.py for tasks to queue
[2023-07-27T01:43:41.050+0000] {logging_mixin.py:150} INFO - [2023-07-27T01:43:41.050+0000] {dagbag.py:541} INFO - Filling up the DagBag from /home/airflow/.local/lib/python3.7/site-packages/airflow/example_dags/example_trigger_target_dag.py
[2023-07-27T01:43:41.056+0000] {processor.py:836} INFO - DAG(s) dict_keys(['example_trigger_target_dag']) retrieved from /home/airflow/.local/lib/python3.7/site-packages/airflow/example_dags/example_trigger_target_dag.py
[2023-07-27T01:43:41.081+0000] {logging_mixin.py:150} INFO - [2023-07-27T01:43:41.081+0000] {dag.py:2742} INFO - Sync 1 DAGs
[2023-07-27T01:43:41.107+0000] {logging_mixin.py:150} INFO - [2023-07-27T01:43:41.107+0000] {dag.py:3508} INFO - Setting next_dagrun for example_trigger_target_dag to None, run_after=None
[2023-07-27T01:43:41.136+0000] {processor.py:179} INFO - Processing /home/airflow/.local/lib/python3.7/site-packages/airflow/example_dags/example_trigger_target_dag.py took 0.092 seconds
[2023-07-27T01:44:11.356+0000] {processor.py:157} INFO - Started process (PID=2941) to work on /home/airflow/.local/lib/python3.7/site-packages/airflow/example_dags/example_trigger_target_dag.py
[2023-07-27T01:44:11.358+0000] {processor.py:826} INFO - Processing file /home/airflow/.local/lib/python3.7/site-packages/airflow/example_dags/example_trigger_target_dag.py for tasks to queue
[2023-07-27T01:44:11.359+0000] {logging_mixin.py:150} INFO - [2023-07-27T01:44:11.358+0000] {dagbag.py:541} INFO - Filling up the DagBag from /home/airflow/.local/lib/python3.7/site-packages/airflow/example_dags/example_trigger_target_dag.py
[2023-07-27T01:44:11.365+0000] {processor.py:836} INFO - DAG(s) dict_keys(['example_trigger_target_dag']) retrieved from /home/airflow/.local/lib/python3.7/site-packages/airflow/example_dags/example_trigger_target_dag.py
[2023-07-27T01:44:11.392+0000] {logging_mixin.py:150} INFO - [2023-07-27T01:44:11.391+0000] {dag.py:2742} INFO - Sync 1 DAGs
[2023-07-27T01:44:11.421+0000] {logging_mixin.py:150} INFO - [2023-07-27T01:44:11.420+0000] {dag.py:3508} INFO - Setting next_dagrun for example_trigger_target_dag to None, run_after=None
[2023-07-27T01:44:11.444+0000] {processor.py:179} INFO - Processing /home/airflow/.local/lib/python3.7/site-packages/airflow/example_dags/example_trigger_target_dag.py took 0.092 seconds
[2023-07-27T01:44:42.065+0000] {processor.py:157} INFO - Started process (PID=3001) to work on /home/airflow/.local/lib/python3.7/site-packages/airflow/example_dags/example_trigger_target_dag.py
[2023-07-27T01:44:42.066+0000] {processor.py:826} INFO - Processing file /home/airflow/.local/lib/python3.7/site-packages/airflow/example_dags/example_trigger_target_dag.py for tasks to queue
[2023-07-27T01:44:42.067+0000] {logging_mixin.py:150} INFO - [2023-07-27T01:44:42.067+0000] {dagbag.py:541} INFO - Filling up the DagBag from /home/airflow/.local/lib/python3.7/site-packages/airflow/example_dags/example_trigger_target_dag.py
[2023-07-27T01:44:42.073+0000] {processor.py:836} INFO - DAG(s) dict_keys(['example_trigger_target_dag']) retrieved from /home/airflow/.local/lib/python3.7/site-packages/airflow/example_dags/example_trigger_target_dag.py
[2023-07-27T01:44:42.098+0000] {logging_mixin.py:150} INFO - [2023-07-27T01:44:42.098+0000] {dag.py:2742} INFO - Sync 1 DAGs
[2023-07-27T01:44:42.125+0000] {logging_mixin.py:150} INFO - [2023-07-27T01:44:42.125+0000] {dag.py:3508} INFO - Setting next_dagrun for example_trigger_target_dag to None, run_after=None
[2023-07-27T01:44:42.152+0000] {processor.py:179} INFO - Processing /home/airflow/.local/lib/python3.7/site-packages/airflow/example_dags/example_trigger_target_dag.py took 0.091 seconds
[2023-07-27T01:45:12.563+0000] {processor.py:157} INFO - Started process (PID=3061) to work on /home/airflow/.local/lib/python3.7/site-packages/airflow/example_dags/example_trigger_target_dag.py
[2023-07-27T01:45:12.564+0000] {processor.py:826} INFO - Processing file /home/airflow/.local/lib/python3.7/site-packages/airflow/example_dags/example_trigger_target_dag.py for tasks to queue
[2023-07-27T01:45:12.565+0000] {logging_mixin.py:150} INFO - [2023-07-27T01:45:12.565+0000] {dagbag.py:541} INFO - Filling up the DagBag from /home/airflow/.local/lib/python3.7/site-packages/airflow/example_dags/example_trigger_target_dag.py
[2023-07-27T01:45:12.571+0000] {processor.py:836} INFO - DAG(s) dict_keys(['example_trigger_target_dag']) retrieved from /home/airflow/.local/lib/python3.7/site-packages/airflow/example_dags/example_trigger_target_dag.py
[2023-07-27T01:45:12.596+0000] {logging_mixin.py:150} INFO - [2023-07-27T01:45:12.596+0000] {dag.py:2742} INFO - Sync 1 DAGs
[2023-07-27T01:45:12.623+0000] {logging_mixin.py:150} INFO - [2023-07-27T01:45:12.623+0000] {dag.py:3508} INFO - Setting next_dagrun for example_trigger_target_dag to None, run_after=None
[2023-07-27T01:45:12.646+0000] {processor.py:179} INFO - Processing /home/airflow/.local/lib/python3.7/site-packages/airflow/example_dags/example_trigger_target_dag.py took 0.087 seconds
[2023-07-27T01:45:42.839+0000] {processor.py:157} INFO - Started process (PID=3122) to work on /home/airflow/.local/lib/python3.7/site-packages/airflow/example_dags/example_trigger_target_dag.py
[2023-07-27T01:45:42.840+0000] {processor.py:826} INFO - Processing file /home/airflow/.local/lib/python3.7/site-packages/airflow/example_dags/example_trigger_target_dag.py for tasks to queue
[2023-07-27T01:45:42.842+0000] {logging_mixin.py:150} INFO - [2023-07-27T01:45:42.842+0000] {dagbag.py:541} INFO - Filling up the DagBag from /home/airflow/.local/lib/python3.7/site-packages/airflow/example_dags/example_trigger_target_dag.py
[2023-07-27T01:45:42.849+0000] {processor.py:836} INFO - DAG(s) dict_keys(['example_trigger_target_dag']) retrieved from /home/airflow/.local/lib/python3.7/site-packages/airflow/example_dags/example_trigger_target_dag.py
[2023-07-27T01:45:42.875+0000] {logging_mixin.py:150} INFO - [2023-07-27T01:45:42.875+0000] {dag.py:2742} INFO - Sync 1 DAGs
[2023-07-27T01:45:42.902+0000] {logging_mixin.py:150} INFO - [2023-07-27T01:45:42.902+0000] {dag.py:3508} INFO - Setting next_dagrun for example_trigger_target_dag to None, run_after=None
[2023-07-27T01:45:42.928+0000] {processor.py:179} INFO - Processing /home/airflow/.local/lib/python3.7/site-packages/airflow/example_dags/example_trigger_target_dag.py took 0.094 seconds
[2023-07-27T01:46:13.077+0000] {processor.py:157} INFO - Started process (PID=3182) to work on /home/airflow/.local/lib/python3.7/site-packages/airflow/example_dags/example_trigger_target_dag.py
[2023-07-27T01:46:13.078+0000] {processor.py:826} INFO - Processing file /home/airflow/.local/lib/python3.7/site-packages/airflow/example_dags/example_trigger_target_dag.py for tasks to queue
[2023-07-27T01:46:13.079+0000] {logging_mixin.py:150} INFO - [2023-07-27T01:46:13.079+0000] {dagbag.py:541} INFO - Filling up the DagBag from /home/airflow/.local/lib/python3.7/site-packages/airflow/example_dags/example_trigger_target_dag.py
[2023-07-27T01:46:13.085+0000] {processor.py:836} INFO - DAG(s) dict_keys(['example_trigger_target_dag']) retrieved from /home/airflow/.local/lib/python3.7/site-packages/airflow/example_dags/example_trigger_target_dag.py
[2023-07-27T01:46:13.110+0000] {logging_mixin.py:150} INFO - [2023-07-27T01:46:13.110+0000] {dag.py:2742} INFO - Sync 1 DAGs
[2023-07-27T01:46:13.137+0000] {logging_mixin.py:150} INFO - [2023-07-27T01:46:13.137+0000] {dag.py:3508} INFO - Setting next_dagrun for example_trigger_target_dag to None, run_after=None
[2023-07-27T01:46:13.161+0000] {processor.py:179} INFO - Processing /home/airflow/.local/lib/python3.7/site-packages/airflow/example_dags/example_trigger_target_dag.py took 0.088 seconds
[2023-07-27T01:46:43.373+0000] {processor.py:157} INFO - Started process (PID=3242) to work on /home/airflow/.local/lib/python3.7/site-packages/airflow/example_dags/example_trigger_target_dag.py
[2023-07-27T01:46:43.374+0000] {processor.py:826} INFO - Processing file /home/airflow/.local/lib/python3.7/site-packages/airflow/example_dags/example_trigger_target_dag.py for tasks to queue
[2023-07-27T01:46:43.375+0000] {logging_mixin.py:150} INFO - [2023-07-27T01:46:43.375+0000] {dagbag.py:541} INFO - Filling up the DagBag from /home/airflow/.local/lib/python3.7/site-packages/airflow/example_dags/example_trigger_target_dag.py
[2023-07-27T01:46:43.381+0000] {processor.py:836} INFO - DAG(s) dict_keys(['example_trigger_target_dag']) retrieved from /home/airflow/.local/lib/python3.7/site-packages/airflow/example_dags/example_trigger_target_dag.py
[2023-07-27T01:46:43.408+0000] {logging_mixin.py:150} INFO - [2023-07-27T01:46:43.408+0000] {dag.py:2742} INFO - Sync 1 DAGs
[2023-07-27T01:46:43.435+0000] {logging_mixin.py:150} INFO - [2023-07-27T01:46:43.435+0000] {dag.py:3508} INFO - Setting next_dagrun for example_trigger_target_dag to None, run_after=None
[2023-07-27T01:46:43.458+0000] {processor.py:179} INFO - Processing /home/airflow/.local/lib/python3.7/site-packages/airflow/example_dags/example_trigger_target_dag.py took 0.089 seconds
[2023-07-27T01:47:13.607+0000] {processor.py:157} INFO - Started process (PID=3302) to work on /home/airflow/.local/lib/python3.7/site-packages/airflow/example_dags/example_trigger_target_dag.py
[2023-07-27T01:47:13.608+0000] {processor.py:826} INFO - Processing file /home/airflow/.local/lib/python3.7/site-packages/airflow/example_dags/example_trigger_target_dag.py for tasks to queue
[2023-07-27T01:47:13.609+0000] {logging_mixin.py:150} INFO - [2023-07-27T01:47:13.609+0000] {dagbag.py:541} INFO - Filling up the DagBag from /home/airflow/.local/lib/python3.7/site-packages/airflow/example_dags/example_trigger_target_dag.py
[2023-07-27T01:47:13.615+0000] {processor.py:836} INFO - DAG(s) dict_keys(['example_trigger_target_dag']) retrieved from /home/airflow/.local/lib/python3.7/site-packages/airflow/example_dags/example_trigger_target_dag.py
[2023-07-27T01:47:13.641+0000] {logging_mixin.py:150} INFO - [2023-07-27T01:47:13.640+0000] {dag.py:2742} INFO - Sync 1 DAGs
[2023-07-27T01:47:13.668+0000] {logging_mixin.py:150} INFO - [2023-07-27T01:47:13.667+0000] {dag.py:3508} INFO - Setting next_dagrun for example_trigger_target_dag to None, run_after=None
[2023-07-27T01:47:13.690+0000] {processor.py:179} INFO - Processing /home/airflow/.local/lib/python3.7/site-packages/airflow/example_dags/example_trigger_target_dag.py took 0.087 seconds
[2023-07-27T01:47:43.866+0000] {processor.py:157} INFO - Started process (PID=3362) to work on /home/airflow/.local/lib/python3.7/site-packages/airflow/example_dags/example_trigger_target_dag.py
[2023-07-27T01:47:43.867+0000] {processor.py:826} INFO - Processing file /home/airflow/.local/lib/python3.7/site-packages/airflow/example_dags/example_trigger_target_dag.py for tasks to queue
[2023-07-27T01:47:43.868+0000] {logging_mixin.py:150} INFO - [2023-07-27T01:47:43.868+0000] {dagbag.py:541} INFO - Filling up the DagBag from /home/airflow/.local/lib/python3.7/site-packages/airflow/example_dags/example_trigger_target_dag.py
[2023-07-27T01:47:43.874+0000] {processor.py:836} INFO - DAG(s) dict_keys(['example_trigger_target_dag']) retrieved from /home/airflow/.local/lib/python3.7/site-packages/airflow/example_dags/example_trigger_target_dag.py
[2023-07-27T01:47:43.900+0000] {logging_mixin.py:150} INFO - [2023-07-27T01:47:43.899+0000] {dag.py:2742} INFO - Sync 1 DAGs
[2023-07-27T01:47:43.928+0000] {logging_mixin.py:150} INFO - [2023-07-27T01:47:43.927+0000] {dag.py:3508} INFO - Setting next_dagrun for example_trigger_target_dag to None, run_after=None
[2023-07-27T01:47:43.951+0000] {processor.py:179} INFO - Processing /home/airflow/.local/lib/python3.7/site-packages/airflow/example_dags/example_trigger_target_dag.py took 0.088 seconds
[2023-07-27T01:48:14.200+0000] {processor.py:157} INFO - Started process (PID=3422) to work on /home/airflow/.local/lib/python3.7/site-packages/airflow/example_dags/example_trigger_target_dag.py
[2023-07-27T01:48:14.201+0000] {processor.py:826} INFO - Processing file /home/airflow/.local/lib/python3.7/site-packages/airflow/example_dags/example_trigger_target_dag.py for tasks to queue
[2023-07-27T01:48:14.202+0000] {logging_mixin.py:150} INFO - [2023-07-27T01:48:14.202+0000] {dagbag.py:541} INFO - Filling up the DagBag from /home/airflow/.local/lib/python3.7/site-packages/airflow/example_dags/example_trigger_target_dag.py
[2023-07-27T01:48:14.209+0000] {processor.py:836} INFO - DAG(s) dict_keys(['example_trigger_target_dag']) retrieved from /home/airflow/.local/lib/python3.7/site-packages/airflow/example_dags/example_trigger_target_dag.py
[2023-07-27T01:48:14.235+0000] {logging_mixin.py:150} INFO - [2023-07-27T01:48:14.234+0000] {dag.py:2742} INFO - Sync 1 DAGs
[2023-07-27T01:48:14.261+0000] {logging_mixin.py:150} INFO - [2023-07-27T01:48:14.261+0000] {dag.py:3508} INFO - Setting next_dagrun for example_trigger_target_dag to None, run_after=None
[2023-07-27T01:48:14.283+0000] {processor.py:179} INFO - Processing /home/airflow/.local/lib/python3.7/site-packages/airflow/example_dags/example_trigger_target_dag.py took 0.087 seconds
[2023-07-27T01:48:44.635+0000] {processor.py:157} INFO - Started process (PID=3482) to work on /home/airflow/.local/lib/python3.7/site-packages/airflow/example_dags/example_trigger_target_dag.py
[2023-07-27T01:48:44.637+0000] {processor.py:826} INFO - Processing file /home/airflow/.local/lib/python3.7/site-packages/airflow/example_dags/example_trigger_target_dag.py for tasks to queue
[2023-07-27T01:48:44.639+0000] {logging_mixin.py:150} INFO - [2023-07-27T01:48:44.638+0000] {dagbag.py:541} INFO - Filling up the DagBag from /home/airflow/.local/lib/python3.7/site-packages/airflow/example_dags/example_trigger_target_dag.py
[2023-07-27T01:48:44.644+0000] {processor.py:836} INFO - DAG(s) dict_keys(['example_trigger_target_dag']) retrieved from /home/airflow/.local/lib/python3.7/site-packages/airflow/example_dags/example_trigger_target_dag.py
[2023-07-27T01:48:44.669+0000] {logging_mixin.py:150} INFO - [2023-07-27T01:48:44.669+0000] {dag.py:2742} INFO - Sync 1 DAGs
[2023-07-27T01:48:44.697+0000] {logging_mixin.py:150} INFO - [2023-07-27T01:48:44.696+0000] {dag.py:3508} INFO - Setting next_dagrun for example_trigger_target_dag to None, run_after=None
[2023-07-27T01:48:44.719+0000] {processor.py:179} INFO - Processing /home/airflow/.local/lib/python3.7/site-packages/airflow/example_dags/example_trigger_target_dag.py took 0.087 seconds
[2023-07-27T01:49:15.082+0000] {processor.py:157} INFO - Started process (PID=3542) to work on /home/airflow/.local/lib/python3.7/site-packages/airflow/example_dags/example_trigger_target_dag.py
[2023-07-27T01:49:15.083+0000] {processor.py:826} INFO - Processing file /home/airflow/.local/lib/python3.7/site-packages/airflow/example_dags/example_trigger_target_dag.py for tasks to queue
[2023-07-27T01:49:15.084+0000] {logging_mixin.py:150} INFO - [2023-07-27T01:49:15.084+0000] {dagbag.py:541} INFO - Filling up the DagBag from /home/airflow/.local/lib/python3.7/site-packages/airflow/example_dags/example_trigger_target_dag.py
[2023-07-27T01:49:15.090+0000] {processor.py:836} INFO - DAG(s) dict_keys(['example_trigger_target_dag']) retrieved from /home/airflow/.local/lib/python3.7/site-packages/airflow/example_dags/example_trigger_target_dag.py
[2023-07-27T01:49:15.115+0000] {logging_mixin.py:150} INFO - [2023-07-27T01:49:15.115+0000] {dag.py:2742} INFO - Sync 1 DAGs
[2023-07-27T01:49:15.142+0000] {logging_mixin.py:150} INFO - [2023-07-27T01:49:15.142+0000] {dag.py:3508} INFO - Setting next_dagrun for example_trigger_target_dag to None, run_after=None
[2023-07-27T01:49:15.164+0000] {processor.py:179} INFO - Processing /home/airflow/.local/lib/python3.7/site-packages/airflow/example_dags/example_trigger_target_dag.py took 0.086 seconds
[2023-07-27T01:49:45.642+0000] {processor.py:157} INFO - Started process (PID=3609) to work on /home/airflow/.local/lib/python3.7/site-packages/airflow/example_dags/example_trigger_target_dag.py
[2023-07-27T01:49:45.644+0000] {processor.py:826} INFO - Processing file /home/airflow/.local/lib/python3.7/site-packages/airflow/example_dags/example_trigger_target_dag.py for tasks to queue
[2023-07-27T01:49:45.645+0000] {logging_mixin.py:150} INFO - [2023-07-27T01:49:45.645+0000] {dagbag.py:541} INFO - Filling up the DagBag from /home/airflow/.local/lib/python3.7/site-packages/airflow/example_dags/example_trigger_target_dag.py
[2023-07-27T01:49:45.656+0000] {processor.py:836} INFO - DAG(s) dict_keys(['example_trigger_target_dag']) retrieved from /home/airflow/.local/lib/python3.7/site-packages/airflow/example_dags/example_trigger_target_dag.py
[2023-07-27T01:49:45.683+0000] {logging_mixin.py:150} INFO - [2023-07-27T01:49:45.683+0000] {dag.py:2742} INFO - Sync 1 DAGs
[2023-07-27T01:49:45.710+0000] {logging_mixin.py:150} INFO - [2023-07-27T01:49:45.710+0000] {dag.py:3508} INFO - Setting next_dagrun for example_trigger_target_dag to None, run_after=None
[2023-07-27T01:49:45.732+0000] {processor.py:179} INFO - Processing /home/airflow/.local/lib/python3.7/site-packages/airflow/example_dags/example_trigger_target_dag.py took 0.094 seconds
[2023-07-27T01:50:15.931+0000] {processor.py:157} INFO - Started process (PID=3670) to work on /home/airflow/.local/lib/python3.7/site-packages/airflow/example_dags/example_trigger_target_dag.py
[2023-07-27T01:50:15.932+0000] {processor.py:826} INFO - Processing file /home/airflow/.local/lib/python3.7/site-packages/airflow/example_dags/example_trigger_target_dag.py for tasks to queue
[2023-07-27T01:50:15.934+0000] {logging_mixin.py:150} INFO - [2023-07-27T01:50:15.933+0000] {dagbag.py:541} INFO - Filling up the DagBag from /home/airflow/.local/lib/python3.7/site-packages/airflow/example_dags/example_trigger_target_dag.py
[2023-07-27T01:50:15.940+0000] {processor.py:836} INFO - DAG(s) dict_keys(['example_trigger_target_dag']) retrieved from /home/airflow/.local/lib/python3.7/site-packages/airflow/example_dags/example_trigger_target_dag.py
[2023-07-27T01:50:15.965+0000] {logging_mixin.py:150} INFO - [2023-07-27T01:50:15.965+0000] {dag.py:2742} INFO - Sync 1 DAGs
[2023-07-27T01:50:15.992+0000] {logging_mixin.py:150} INFO - [2023-07-27T01:50:15.992+0000] {dag.py:3508} INFO - Setting next_dagrun for example_trigger_target_dag to None, run_after=None
[2023-07-27T01:50:16.015+0000] {processor.py:179} INFO - Processing /home/airflow/.local/lib/python3.7/site-packages/airflow/example_dags/example_trigger_target_dag.py took 0.088 seconds
[2023-07-27T01:50:46.081+0000] {processor.py:157} INFO - Started process (PID=3730) to work on /home/airflow/.local/lib/python3.7/site-packages/airflow/example_dags/example_trigger_target_dag.py
[2023-07-27T01:50:46.082+0000] {processor.py:826} INFO - Processing file /home/airflow/.local/lib/python3.7/site-packages/airflow/example_dags/example_trigger_target_dag.py for tasks to queue
[2023-07-27T01:50:46.083+0000] {logging_mixin.py:150} INFO - [2023-07-27T01:50:46.083+0000] {dagbag.py:541} INFO - Filling up the DagBag from /home/airflow/.local/lib/python3.7/site-packages/airflow/example_dags/example_trigger_target_dag.py
[2023-07-27T01:50:46.089+0000] {processor.py:836} INFO - DAG(s) dict_keys(['example_trigger_target_dag']) retrieved from /home/airflow/.local/lib/python3.7/site-packages/airflow/example_dags/example_trigger_target_dag.py
[2023-07-27T01:50:46.114+0000] {logging_mixin.py:150} INFO - [2023-07-27T01:50:46.114+0000] {dag.py:2742} INFO - Sync 1 DAGs
[2023-07-27T01:50:46.142+0000] {logging_mixin.py:150} INFO - [2023-07-27T01:50:46.142+0000] {dag.py:3508} INFO - Setting next_dagrun for example_trigger_target_dag to None, run_after=None
[2023-07-27T01:50:46.175+0000] {processor.py:179} INFO - Processing /home/airflow/.local/lib/python3.7/site-packages/airflow/example_dags/example_trigger_target_dag.py took 0.097 seconds
[2023-07-27T01:51:16.675+0000] {processor.py:157} INFO - Started process (PID=3790) to work on /home/airflow/.local/lib/python3.7/site-packages/airflow/example_dags/example_trigger_target_dag.py
[2023-07-27T01:51:16.676+0000] {processor.py:826} INFO - Processing file /home/airflow/.local/lib/python3.7/site-packages/airflow/example_dags/example_trigger_target_dag.py for tasks to queue
[2023-07-27T01:51:16.677+0000] {logging_mixin.py:150} INFO - [2023-07-27T01:51:16.677+0000] {dagbag.py:541} INFO - Filling up the DagBag from /home/airflow/.local/lib/python3.7/site-packages/airflow/example_dags/example_trigger_target_dag.py
[2023-07-27T01:51:16.683+0000] {processor.py:836} INFO - DAG(s) dict_keys(['example_trigger_target_dag']) retrieved from /home/airflow/.local/lib/python3.7/site-packages/airflow/example_dags/example_trigger_target_dag.py
[2023-07-27T01:51:16.708+0000] {logging_mixin.py:150} INFO - [2023-07-27T01:51:16.708+0000] {dag.py:2742} INFO - Sync 1 DAGs
[2023-07-27T01:51:16.736+0000] {logging_mixin.py:150} INFO - [2023-07-27T01:51:16.735+0000] {dag.py:3508} INFO - Setting next_dagrun for example_trigger_target_dag to None, run_after=None
[2023-07-27T01:51:16.760+0000] {processor.py:179} INFO - Processing /home/airflow/.local/lib/python3.7/site-packages/airflow/example_dags/example_trigger_target_dag.py took 0.089 seconds
[2023-07-27T01:51:46.933+0000] {processor.py:157} INFO - Started process (PID=3850) to work on /home/airflow/.local/lib/python3.7/site-packages/airflow/example_dags/example_trigger_target_dag.py
[2023-07-27T01:51:46.934+0000] {processor.py:826} INFO - Processing file /home/airflow/.local/lib/python3.7/site-packages/airflow/example_dags/example_trigger_target_dag.py for tasks to queue
[2023-07-27T01:51:46.935+0000] {logging_mixin.py:150} INFO - [2023-07-27T01:51:46.935+0000] {dagbag.py:541} INFO - Filling up the DagBag from /home/airflow/.local/lib/python3.7/site-packages/airflow/example_dags/example_trigger_target_dag.py
[2023-07-27T01:51:46.941+0000] {processor.py:836} INFO - DAG(s) dict_keys(['example_trigger_target_dag']) retrieved from /home/airflow/.local/lib/python3.7/site-packages/airflow/example_dags/example_trigger_target_dag.py
[2023-07-27T01:51:46.966+0000] {logging_mixin.py:150} INFO - [2023-07-27T01:51:46.966+0000] {dag.py:2742} INFO - Sync 1 DAGs
[2023-07-27T01:51:46.993+0000] {logging_mixin.py:150} INFO - [2023-07-27T01:51:46.993+0000] {dag.py:3508} INFO - Setting next_dagrun for example_trigger_target_dag to None, run_after=None
[2023-07-27T01:51:47.017+0000] {processor.py:179} INFO - Processing /home/airflow/.local/lib/python3.7/site-packages/airflow/example_dags/example_trigger_target_dag.py took 0.087 seconds
[2023-07-27T01:52:17.707+0000] {processor.py:157} INFO - Started process (PID=3909) to work on /home/airflow/.local/lib/python3.7/site-packages/airflow/example_dags/example_trigger_target_dag.py
[2023-07-27T01:52:17.708+0000] {processor.py:826} INFO - Processing file /home/airflow/.local/lib/python3.7/site-packages/airflow/example_dags/example_trigger_target_dag.py for tasks to queue
[2023-07-27T01:52:17.709+0000] {logging_mixin.py:150} INFO - [2023-07-27T01:52:17.709+0000] {dagbag.py:541} INFO - Filling up the DagBag from /home/airflow/.local/lib/python3.7/site-packages/airflow/example_dags/example_trigger_target_dag.py
[2023-07-27T01:52:17.716+0000] {processor.py:836} INFO - DAG(s) dict_keys(['example_trigger_target_dag']) retrieved from /home/airflow/.local/lib/python3.7/site-packages/airflow/example_dags/example_trigger_target_dag.py
[2023-07-27T01:52:17.742+0000] {logging_mixin.py:150} INFO - [2023-07-27T01:52:17.741+0000] {dag.py:2742} INFO - Sync 1 DAGs
[2023-07-27T01:52:17.769+0000] {logging_mixin.py:150} INFO - [2023-07-27T01:52:17.769+0000] {dag.py:3508} INFO - Setting next_dagrun for example_trigger_target_dag to None, run_after=None
[2023-07-27T01:52:17.793+0000] {processor.py:179} INFO - Processing /home/airflow/.local/lib/python3.7/site-packages/airflow/example_dags/example_trigger_target_dag.py took 0.089 seconds
[2023-07-27T01:52:48.302+0000] {processor.py:157} INFO - Started process (PID=3969) to work on /home/airflow/.local/lib/python3.7/site-packages/airflow/example_dags/example_trigger_target_dag.py
[2023-07-27T01:52:48.303+0000] {processor.py:826} INFO - Processing file /home/airflow/.local/lib/python3.7/site-packages/airflow/example_dags/example_trigger_target_dag.py for tasks to queue
[2023-07-27T01:52:48.305+0000] {logging_mixin.py:150} INFO - [2023-07-27T01:52:48.304+0000] {dagbag.py:541} INFO - Filling up the DagBag from /home/airflow/.local/lib/python3.7/site-packages/airflow/example_dags/example_trigger_target_dag.py
[2023-07-27T01:52:48.311+0000] {processor.py:836} INFO - DAG(s) dict_keys(['example_trigger_target_dag']) retrieved from /home/airflow/.local/lib/python3.7/site-packages/airflow/example_dags/example_trigger_target_dag.py
[2023-07-27T01:52:48.337+0000] {logging_mixin.py:150} INFO - [2023-07-27T01:52:48.337+0000] {dag.py:2742} INFO - Sync 1 DAGs
[2023-07-27T01:52:48.365+0000] {logging_mixin.py:150} INFO - [2023-07-27T01:52:48.364+0000] {dag.py:3508} INFO - Setting next_dagrun for example_trigger_target_dag to None, run_after=None
[2023-07-27T01:52:48.391+0000] {processor.py:179} INFO - Processing /home/airflow/.local/lib/python3.7/site-packages/airflow/example_dags/example_trigger_target_dag.py took 0.093 seconds
[2023-07-27T01:53:18.491+0000] {processor.py:157} INFO - Started process (PID=4029) to work on /home/airflow/.local/lib/python3.7/site-packages/airflow/example_dags/example_trigger_target_dag.py
[2023-07-27T01:53:18.493+0000] {processor.py:826} INFO - Processing file /home/airflow/.local/lib/python3.7/site-packages/airflow/example_dags/example_trigger_target_dag.py for tasks to queue
[2023-07-27T01:53:18.494+0000] {logging_mixin.py:150} INFO - [2023-07-27T01:53:18.494+0000] {dagbag.py:541} INFO - Filling up the DagBag from /home/airflow/.local/lib/python3.7/site-packages/airflow/example_dags/example_trigger_target_dag.py
[2023-07-27T01:53:18.501+0000] {processor.py:836} INFO - DAG(s) dict_keys(['example_trigger_target_dag']) retrieved from /home/airflow/.local/lib/python3.7/site-packages/airflow/example_dags/example_trigger_target_dag.py
[2023-07-27T01:53:18.526+0000] {logging_mixin.py:150} INFO - [2023-07-27T01:53:18.525+0000] {dag.py:2742} INFO - Sync 1 DAGs
[2023-07-27T01:53:18.553+0000] {logging_mixin.py:150} INFO - [2023-07-27T01:53:18.553+0000] {dag.py:3508} INFO - Setting next_dagrun for example_trigger_target_dag to None, run_after=None
[2023-07-27T01:53:18.577+0000] {processor.py:179} INFO - Processing /home/airflow/.local/lib/python3.7/site-packages/airflow/example_dags/example_trigger_target_dag.py took 0.091 seconds
[2023-07-27T01:53:48.789+0000] {processor.py:157} INFO - Started process (PID=4089) to work on /home/airflow/.local/lib/python3.7/site-packages/airflow/example_dags/example_trigger_target_dag.py
[2023-07-27T01:53:48.790+0000] {processor.py:826} INFO - Processing file /home/airflow/.local/lib/python3.7/site-packages/airflow/example_dags/example_trigger_target_dag.py for tasks to queue
[2023-07-27T01:53:48.792+0000] {logging_mixin.py:150} INFO - [2023-07-27T01:53:48.791+0000] {dagbag.py:541} INFO - Filling up the DagBag from /home/airflow/.local/lib/python3.7/site-packages/airflow/example_dags/example_trigger_target_dag.py
[2023-07-27T01:53:48.798+0000] {processor.py:836} INFO - DAG(s) dict_keys(['example_trigger_target_dag']) retrieved from /home/airflow/.local/lib/python3.7/site-packages/airflow/example_dags/example_trigger_target_dag.py
[2023-07-27T01:53:48.826+0000] {logging_mixin.py:150} INFO - [2023-07-27T01:53:48.826+0000] {dag.py:2742} INFO - Sync 1 DAGs
[2023-07-27T01:53:48.853+0000] {logging_mixin.py:150} INFO - [2023-07-27T01:53:48.853+0000] {dag.py:3508} INFO - Setting next_dagrun for example_trigger_target_dag to None, run_after=None
[2023-07-27T01:53:48.875+0000] {processor.py:179} INFO - Processing /home/airflow/.local/lib/python3.7/site-packages/airflow/example_dags/example_trigger_target_dag.py took 0.090 seconds
[2023-07-27T01:54:19.045+0000] {processor.py:157} INFO - Started process (PID=4149) to work on /home/airflow/.local/lib/python3.7/site-packages/airflow/example_dags/example_trigger_target_dag.py
[2023-07-27T01:54:19.046+0000] {processor.py:826} INFO - Processing file /home/airflow/.local/lib/python3.7/site-packages/airflow/example_dags/example_trigger_target_dag.py for tasks to queue
[2023-07-27T01:54:19.047+0000] {logging_mixin.py:150} INFO - [2023-07-27T01:54:19.047+0000] {dagbag.py:541} INFO - Filling up the DagBag from /home/airflow/.local/lib/python3.7/site-packages/airflow/example_dags/example_trigger_target_dag.py
[2023-07-27T01:54:19.054+0000] {processor.py:836} INFO - DAG(s) dict_keys(['example_trigger_target_dag']) retrieved from /home/airflow/.local/lib/python3.7/site-packages/airflow/example_dags/example_trigger_target_dag.py
[2023-07-27T01:54:19.079+0000] {logging_mixin.py:150} INFO - [2023-07-27T01:54:19.079+0000] {dag.py:2742} INFO - Sync 1 DAGs
[2023-07-27T01:54:19.107+0000] {logging_mixin.py:150} INFO - [2023-07-27T01:54:19.106+0000] {dag.py:3508} INFO - Setting next_dagrun for example_trigger_target_dag to None, run_after=None
[2023-07-27T01:54:19.131+0000] {processor.py:179} INFO - Processing /home/airflow/.local/lib/python3.7/site-packages/airflow/example_dags/example_trigger_target_dag.py took 0.089 seconds
[2023-07-27T01:54:49.429+0000] {processor.py:157} INFO - Started process (PID=4209) to work on /home/airflow/.local/lib/python3.7/site-packages/airflow/example_dags/example_trigger_target_dag.py
[2023-07-27T01:54:49.430+0000] {processor.py:826} INFO - Processing file /home/airflow/.local/lib/python3.7/site-packages/airflow/example_dags/example_trigger_target_dag.py for tasks to queue
[2023-07-27T01:54:49.431+0000] {logging_mixin.py:150} INFO - [2023-07-27T01:54:49.431+0000] {dagbag.py:541} INFO - Filling up the DagBag from /home/airflow/.local/lib/python3.7/site-packages/airflow/example_dags/example_trigger_target_dag.py
[2023-07-27T01:54:49.438+0000] {processor.py:836} INFO - DAG(s) dict_keys(['example_trigger_target_dag']) retrieved from /home/airflow/.local/lib/python3.7/site-packages/airflow/example_dags/example_trigger_target_dag.py
[2023-07-27T01:54:49.466+0000] {logging_mixin.py:150} INFO - [2023-07-27T01:54:49.466+0000] {dag.py:2742} INFO - Sync 1 DAGs
[2023-07-27T01:54:49.494+0000] {logging_mixin.py:150} INFO - [2023-07-27T01:54:49.493+0000] {dag.py:3508} INFO - Setting next_dagrun for example_trigger_target_dag to None, run_after=None
[2023-07-27T01:54:49.519+0000] {processor.py:179} INFO - Processing /home/airflow/.local/lib/python3.7/site-packages/airflow/example_dags/example_trigger_target_dag.py took 0.094 seconds
[2023-07-27T01:55:19.932+0000] {processor.py:157} INFO - Started process (PID=4269) to work on /home/airflow/.local/lib/python3.7/site-packages/airflow/example_dags/example_trigger_target_dag.py
[2023-07-27T01:55:19.933+0000] {processor.py:826} INFO - Processing file /home/airflow/.local/lib/python3.7/site-packages/airflow/example_dags/example_trigger_target_dag.py for tasks to queue
[2023-07-27T01:55:19.934+0000] {logging_mixin.py:150} INFO - [2023-07-27T01:55:19.934+0000] {dagbag.py:541} INFO - Filling up the DagBag from /home/airflow/.local/lib/python3.7/site-packages/airflow/example_dags/example_trigger_target_dag.py
[2023-07-27T01:55:19.941+0000] {processor.py:836} INFO - DAG(s) dict_keys(['example_trigger_target_dag']) retrieved from /home/airflow/.local/lib/python3.7/site-packages/airflow/example_dags/example_trigger_target_dag.py
[2023-07-27T01:55:19.966+0000] {logging_mixin.py:150} INFO - [2023-07-27T01:55:19.966+0000] {dag.py:2742} INFO - Sync 1 DAGs
[2023-07-27T01:55:19.994+0000] {logging_mixin.py:150} INFO - [2023-07-27T01:55:19.994+0000] {dag.py:3508} INFO - Setting next_dagrun for example_trigger_target_dag to None, run_after=None
[2023-07-27T01:55:20.019+0000] {processor.py:179} INFO - Processing /home/airflow/.local/lib/python3.7/site-packages/airflow/example_dags/example_trigger_target_dag.py took 0.091 seconds
[2023-07-27T01:55:50.200+0000] {processor.py:157} INFO - Started process (PID=4328) to work on /home/airflow/.local/lib/python3.7/site-packages/airflow/example_dags/example_trigger_target_dag.py
[2023-07-27T01:55:50.202+0000] {processor.py:826} INFO - Processing file /home/airflow/.local/lib/python3.7/site-packages/airflow/example_dags/example_trigger_target_dag.py for tasks to queue
[2023-07-27T01:55:50.203+0000] {logging_mixin.py:150} INFO - [2023-07-27T01:55:50.203+0000] {dagbag.py:541} INFO - Filling up the DagBag from /home/airflow/.local/lib/python3.7/site-packages/airflow/example_dags/example_trigger_target_dag.py
[2023-07-27T01:55:50.209+0000] {processor.py:836} INFO - DAG(s) dict_keys(['example_trigger_target_dag']) retrieved from /home/airflow/.local/lib/python3.7/site-packages/airflow/example_dags/example_trigger_target_dag.py
[2023-07-27T01:55:50.234+0000] {logging_mixin.py:150} INFO - [2023-07-27T01:55:50.234+0000] {dag.py:2742} INFO - Sync 1 DAGs
[2023-07-27T01:55:50.261+0000] {logging_mixin.py:150} INFO - [2023-07-27T01:55:50.261+0000] {dag.py:3508} INFO - Setting next_dagrun for example_trigger_target_dag to None, run_after=None
[2023-07-27T01:55:50.283+0000] {processor.py:179} INFO - Processing /home/airflow/.local/lib/python3.7/site-packages/airflow/example_dags/example_trigger_target_dag.py took 0.086 seconds
[2023-07-27T01:56:20.693+0000] {processor.py:157} INFO - Started process (PID=4389) to work on /home/airflow/.local/lib/python3.7/site-packages/airflow/example_dags/example_trigger_target_dag.py
[2023-07-27T01:56:20.695+0000] {processor.py:826} INFO - Processing file /home/airflow/.local/lib/python3.7/site-packages/airflow/example_dags/example_trigger_target_dag.py for tasks to queue
[2023-07-27T01:56:20.696+0000] {logging_mixin.py:150} INFO - [2023-07-27T01:56:20.696+0000] {dagbag.py:541} INFO - Filling up the DagBag from /home/airflow/.local/lib/python3.7/site-packages/airflow/example_dags/example_trigger_target_dag.py
[2023-07-27T01:56:20.702+0000] {processor.py:836} INFO - DAG(s) dict_keys(['example_trigger_target_dag']) retrieved from /home/airflow/.local/lib/python3.7/site-packages/airflow/example_dags/example_trigger_target_dag.py
[2023-07-27T01:56:20.727+0000] {logging_mixin.py:150} INFO - [2023-07-27T01:56:20.727+0000] {dag.py:2742} INFO - Sync 1 DAGs
[2023-07-27T01:56:20.755+0000] {logging_mixin.py:150} INFO - [2023-07-27T01:56:20.755+0000] {dag.py:3508} INFO - Setting next_dagrun for example_trigger_target_dag to None, run_after=None
[2023-07-27T01:56:20.779+0000] {processor.py:179} INFO - Processing /home/airflow/.local/lib/python3.7/site-packages/airflow/example_dags/example_trigger_target_dag.py took 0.089 seconds
[2023-07-27T01:56:51.176+0000] {processor.py:157} INFO - Started process (PID=4450) to work on /home/airflow/.local/lib/python3.7/site-packages/airflow/example_dags/example_trigger_target_dag.py
[2023-07-27T01:56:51.178+0000] {processor.py:826} INFO - Processing file /home/airflow/.local/lib/python3.7/site-packages/airflow/example_dags/example_trigger_target_dag.py for tasks to queue
[2023-07-27T01:56:51.179+0000] {logging_mixin.py:150} INFO - [2023-07-27T01:56:51.178+0000] {dagbag.py:541} INFO - Filling up the DagBag from /home/airflow/.local/lib/python3.7/site-packages/airflow/example_dags/example_trigger_target_dag.py
[2023-07-27T01:56:51.185+0000] {processor.py:836} INFO - DAG(s) dict_keys(['example_trigger_target_dag']) retrieved from /home/airflow/.local/lib/python3.7/site-packages/airflow/example_dags/example_trigger_target_dag.py
[2023-07-27T01:56:51.215+0000] {logging_mixin.py:150} INFO - [2023-07-27T01:56:51.214+0000] {dag.py:2742} INFO - Sync 1 DAGs
[2023-07-27T01:56:51.242+0000] {logging_mixin.py:150} INFO - [2023-07-27T01:56:51.242+0000] {dag.py:3508} INFO - Setting next_dagrun for example_trigger_target_dag to None, run_after=None
[2023-07-27T01:56:51.278+0000] {processor.py:179} INFO - Processing /home/airflow/.local/lib/python3.7/site-packages/airflow/example_dags/example_trigger_target_dag.py took 0.105 seconds
[2023-07-27T01:57:21.324+0000] {processor.py:157} INFO - Started process (PID=4511) to work on /home/airflow/.local/lib/python3.7/site-packages/airflow/example_dags/example_trigger_target_dag.py
[2023-07-27T01:57:21.326+0000] {processor.py:826} INFO - Processing file /home/airflow/.local/lib/python3.7/site-packages/airflow/example_dags/example_trigger_target_dag.py for tasks to queue
[2023-07-27T01:57:21.327+0000] {logging_mixin.py:150} INFO - [2023-07-27T01:57:21.326+0000] {dagbag.py:541} INFO - Filling up the DagBag from /home/airflow/.local/lib/python3.7/site-packages/airflow/example_dags/example_trigger_target_dag.py
[2023-07-27T01:57:21.333+0000] {processor.py:836} INFO - DAG(s) dict_keys(['example_trigger_target_dag']) retrieved from /home/airflow/.local/lib/python3.7/site-packages/airflow/example_dags/example_trigger_target_dag.py
[2023-07-27T01:57:21.357+0000] {logging_mixin.py:150} INFO - [2023-07-27T01:57:21.357+0000] {dag.py:2742} INFO - Sync 1 DAGs
[2023-07-27T01:57:21.383+0000] {logging_mixin.py:150} INFO - [2023-07-27T01:57:21.383+0000] {dag.py:3508} INFO - Setting next_dagrun for example_trigger_target_dag to None, run_after=None
[2023-07-27T01:57:21.405+0000] {processor.py:179} INFO - Processing /home/airflow/.local/lib/python3.7/site-packages/airflow/example_dags/example_trigger_target_dag.py took 0.084 seconds
[2023-07-27T01:57:51.590+0000] {processor.py:157} INFO - Started process (PID=4571) to work on /home/airflow/.local/lib/python3.7/site-packages/airflow/example_dags/example_trigger_target_dag.py
[2023-07-27T01:57:51.592+0000] {processor.py:826} INFO - Processing file /home/airflow/.local/lib/python3.7/site-packages/airflow/example_dags/example_trigger_target_dag.py for tasks to queue
[2023-07-27T01:57:51.593+0000] {logging_mixin.py:150} INFO - [2023-07-27T01:57:51.593+0000] {dagbag.py:541} INFO - Filling up the DagBag from /home/airflow/.local/lib/python3.7/site-packages/airflow/example_dags/example_trigger_target_dag.py
[2023-07-27T01:57:51.599+0000] {processor.py:836} INFO - DAG(s) dict_keys(['example_trigger_target_dag']) retrieved from /home/airflow/.local/lib/python3.7/site-packages/airflow/example_dags/example_trigger_target_dag.py
[2023-07-27T01:57:51.625+0000] {logging_mixin.py:150} INFO - [2023-07-27T01:57:51.624+0000] {dag.py:2742} INFO - Sync 1 DAGs
[2023-07-27T01:57:51.652+0000] {logging_mixin.py:150} INFO - [2023-07-27T01:57:51.652+0000] {dag.py:3508} INFO - Setting next_dagrun for example_trigger_target_dag to None, run_after=None
[2023-07-27T01:57:51.674+0000] {processor.py:179} INFO - Processing /home/airflow/.local/lib/python3.7/site-packages/airflow/example_dags/example_trigger_target_dag.py took 0.088 seconds
[2023-07-27T01:58:22.054+0000] {processor.py:157} INFO - Started process (PID=4631) to work on /home/airflow/.local/lib/python3.7/site-packages/airflow/example_dags/example_trigger_target_dag.py
[2023-07-27T01:58:22.056+0000] {processor.py:826} INFO - Processing file /home/airflow/.local/lib/python3.7/site-packages/airflow/example_dags/example_trigger_target_dag.py for tasks to queue
[2023-07-27T01:58:22.057+0000] {logging_mixin.py:150} INFO - [2023-07-27T01:58:22.057+0000] {dagbag.py:541} INFO - Filling up the DagBag from /home/airflow/.local/lib/python3.7/site-packages/airflow/example_dags/example_trigger_target_dag.py
[2023-07-27T01:58:22.063+0000] {processor.py:836} INFO - DAG(s) dict_keys(['example_trigger_target_dag']) retrieved from /home/airflow/.local/lib/python3.7/site-packages/airflow/example_dags/example_trigger_target_dag.py
[2023-07-27T01:58:22.086+0000] {logging_mixin.py:150} INFO - [2023-07-27T01:58:22.086+0000] {dag.py:2742} INFO - Sync 1 DAGs
[2023-07-27T01:58:22.114+0000] {logging_mixin.py:150} INFO - [2023-07-27T01:58:22.113+0000] {dag.py:3508} INFO - Setting next_dagrun for example_trigger_target_dag to None, run_after=None
[2023-07-27T01:58:22.135+0000] {processor.py:179} INFO - Processing /home/airflow/.local/lib/python3.7/site-packages/airflow/example_dags/example_trigger_target_dag.py took 0.085 seconds
[2023-07-27T01:58:52.253+0000] {processor.py:157} INFO - Started process (PID=4691) to work on /home/airflow/.local/lib/python3.7/site-packages/airflow/example_dags/example_trigger_target_dag.py
[2023-07-27T01:58:52.254+0000] {processor.py:826} INFO - Processing file /home/airflow/.local/lib/python3.7/site-packages/airflow/example_dags/example_trigger_target_dag.py for tasks to queue
[2023-07-27T01:58:52.256+0000] {logging_mixin.py:150} INFO - [2023-07-27T01:58:52.255+0000] {dagbag.py:541} INFO - Filling up the DagBag from /home/airflow/.local/lib/python3.7/site-packages/airflow/example_dags/example_trigger_target_dag.py
[2023-07-27T01:58:52.262+0000] {processor.py:836} INFO - DAG(s) dict_keys(['example_trigger_target_dag']) retrieved from /home/airflow/.local/lib/python3.7/site-packages/airflow/example_dags/example_trigger_target_dag.py
[2023-07-27T01:58:52.288+0000] {logging_mixin.py:150} INFO - [2023-07-27T01:58:52.288+0000] {dag.py:2742} INFO - Sync 1 DAGs
[2023-07-27T01:58:52.326+0000] {logging_mixin.py:150} INFO - [2023-07-27T01:58:52.326+0000] {dag.py:3508} INFO - Setting next_dagrun for example_trigger_target_dag to None, run_after=None
[2023-07-27T01:58:52.349+0000] {processor.py:179} INFO - Processing /home/airflow/.local/lib/python3.7/site-packages/airflow/example_dags/example_trigger_target_dag.py took 0.100 seconds
[2023-07-27T01:59:22.734+0000] {processor.py:157} INFO - Started process (PID=4751) to work on /home/airflow/.local/lib/python3.7/site-packages/airflow/example_dags/example_trigger_target_dag.py
[2023-07-27T01:59:22.735+0000] {processor.py:826} INFO - Processing file /home/airflow/.local/lib/python3.7/site-packages/airflow/example_dags/example_trigger_target_dag.py for tasks to queue
[2023-07-27T01:59:22.736+0000] {logging_mixin.py:150} INFO - [2023-07-27T01:59:22.736+0000] {dagbag.py:541} INFO - Filling up the DagBag from /home/airflow/.local/lib/python3.7/site-packages/airflow/example_dags/example_trigger_target_dag.py
[2023-07-27T01:59:22.742+0000] {processor.py:836} INFO - DAG(s) dict_keys(['example_trigger_target_dag']) retrieved from /home/airflow/.local/lib/python3.7/site-packages/airflow/example_dags/example_trigger_target_dag.py
[2023-07-27T01:59:22.768+0000] {logging_mixin.py:150} INFO - [2023-07-27T01:59:22.768+0000] {dag.py:2742} INFO - Sync 1 DAGs
[2023-07-27T01:59:22.795+0000] {logging_mixin.py:150} INFO - [2023-07-27T01:59:22.795+0000] {dag.py:3508} INFO - Setting next_dagrun for example_trigger_target_dag to None, run_after=None
[2023-07-27T01:59:22.818+0000] {processor.py:179} INFO - Processing /home/airflow/.local/lib/python3.7/site-packages/airflow/example_dags/example_trigger_target_dag.py took 0.088 seconds
[2023-07-27T01:59:52.939+0000] {processor.py:157} INFO - Started process (PID=4811) to work on /home/airflow/.local/lib/python3.7/site-packages/airflow/example_dags/example_trigger_target_dag.py
[2023-07-27T01:59:52.940+0000] {processor.py:826} INFO - Processing file /home/airflow/.local/lib/python3.7/site-packages/airflow/example_dags/example_trigger_target_dag.py for tasks to queue
[2023-07-27T01:59:52.941+0000] {logging_mixin.py:150} INFO - [2023-07-27T01:59:52.941+0000] {dagbag.py:541} INFO - Filling up the DagBag from /home/airflow/.local/lib/python3.7/site-packages/airflow/example_dags/example_trigger_target_dag.py
[2023-07-27T01:59:52.948+0000] {processor.py:836} INFO - DAG(s) dict_keys(['example_trigger_target_dag']) retrieved from /home/airflow/.local/lib/python3.7/site-packages/airflow/example_dags/example_trigger_target_dag.py
[2023-07-27T01:59:52.973+0000] {logging_mixin.py:150} INFO - [2023-07-27T01:59:52.972+0000] {dag.py:2742} INFO - Sync 1 DAGs
[2023-07-27T01:59:52.999+0000] {logging_mixin.py:150} INFO - [2023-07-27T01:59:52.999+0000] {dag.py:3508} INFO - Setting next_dagrun for example_trigger_target_dag to None, run_after=None
[2023-07-27T01:59:53.020+0000] {processor.py:179} INFO - Processing /home/airflow/.local/lib/python3.7/site-packages/airflow/example_dags/example_trigger_target_dag.py took 0.084 seconds
[2023-07-27T02:00:23.192+0000] {processor.py:157} INFO - Started process (PID=4871) to work on /home/airflow/.local/lib/python3.7/site-packages/airflow/example_dags/example_trigger_target_dag.py
[2023-07-27T02:00:23.193+0000] {processor.py:826} INFO - Processing file /home/airflow/.local/lib/python3.7/site-packages/airflow/example_dags/example_trigger_target_dag.py for tasks to queue
[2023-07-27T02:00:23.195+0000] {logging_mixin.py:150} INFO - [2023-07-27T02:00:23.194+0000] {dagbag.py:541} INFO - Filling up the DagBag from /home/airflow/.local/lib/python3.7/site-packages/airflow/example_dags/example_trigger_target_dag.py
[2023-07-27T02:00:23.201+0000] {processor.py:836} INFO - DAG(s) dict_keys(['example_trigger_target_dag']) retrieved from /home/airflow/.local/lib/python3.7/site-packages/airflow/example_dags/example_trigger_target_dag.py
[2023-07-27T02:00:23.226+0000] {logging_mixin.py:150} INFO - [2023-07-27T02:00:23.225+0000] {dag.py:2742} INFO - Sync 1 DAGs
[2023-07-27T02:00:23.253+0000] {logging_mixin.py:150} INFO - [2023-07-27T02:00:23.252+0000] {dag.py:3508} INFO - Setting next_dagrun for example_trigger_target_dag to None, run_after=None
[2023-07-27T02:00:23.274+0000] {processor.py:179} INFO - Processing /home/airflow/.local/lib/python3.7/site-packages/airflow/example_dags/example_trigger_target_dag.py took 0.085 seconds
[2023-07-27T02:00:53.497+0000] {processor.py:157} INFO - Started process (PID=4931) to work on /home/airflow/.local/lib/python3.7/site-packages/airflow/example_dags/example_trigger_target_dag.py
[2023-07-27T02:00:53.498+0000] {processor.py:826} INFO - Processing file /home/airflow/.local/lib/python3.7/site-packages/airflow/example_dags/example_trigger_target_dag.py for tasks to queue
[2023-07-27T02:00:53.499+0000] {logging_mixin.py:150} INFO - [2023-07-27T02:00:53.499+0000] {dagbag.py:541} INFO - Filling up the DagBag from /home/airflow/.local/lib/python3.7/site-packages/airflow/example_dags/example_trigger_target_dag.py
[2023-07-27T02:00:53.505+0000] {processor.py:836} INFO - DAG(s) dict_keys(['example_trigger_target_dag']) retrieved from /home/airflow/.local/lib/python3.7/site-packages/airflow/example_dags/example_trigger_target_dag.py
[2023-07-27T02:00:53.530+0000] {logging_mixin.py:150} INFO - [2023-07-27T02:00:53.530+0000] {dag.py:2742} INFO - Sync 1 DAGs
[2023-07-27T02:00:53.557+0000] {logging_mixin.py:150} INFO - [2023-07-27T02:00:53.557+0000] {dag.py:3508} INFO - Setting next_dagrun for example_trigger_target_dag to None, run_after=None
[2023-07-27T02:00:53.579+0000] {processor.py:179} INFO - Processing /home/airflow/.local/lib/python3.7/site-packages/airflow/example_dags/example_trigger_target_dag.py took 0.085 seconds
[2023-07-27T02:01:23.732+0000] {processor.py:157} INFO - Started process (PID=4991) to work on /home/airflow/.local/lib/python3.7/site-packages/airflow/example_dags/example_trigger_target_dag.py
[2023-07-27T02:01:23.733+0000] {processor.py:826} INFO - Processing file /home/airflow/.local/lib/python3.7/site-packages/airflow/example_dags/example_trigger_target_dag.py for tasks to queue
[2023-07-27T02:01:23.734+0000] {logging_mixin.py:150} INFO - [2023-07-27T02:01:23.734+0000] {dagbag.py:541} INFO - Filling up the DagBag from /home/airflow/.local/lib/python3.7/site-packages/airflow/example_dags/example_trigger_target_dag.py
[2023-07-27T02:01:23.740+0000] {processor.py:836} INFO - DAG(s) dict_keys(['example_trigger_target_dag']) retrieved from /home/airflow/.local/lib/python3.7/site-packages/airflow/example_dags/example_trigger_target_dag.py
[2023-07-27T02:01:23.765+0000] {logging_mixin.py:150} INFO - [2023-07-27T02:01:23.765+0000] {dag.py:2742} INFO - Sync 1 DAGs
[2023-07-27T02:01:23.791+0000] {logging_mixin.py:150} INFO - [2023-07-27T02:01:23.791+0000] {dag.py:3508} INFO - Setting next_dagrun for example_trigger_target_dag to None, run_after=None
[2023-07-27T02:01:23.813+0000] {processor.py:179} INFO - Processing /home/airflow/.local/lib/python3.7/site-packages/airflow/example_dags/example_trigger_target_dag.py took 0.084 seconds
[2023-07-27T02:01:54.150+0000] {processor.py:157} INFO - Started process (PID=5051) to work on /home/airflow/.local/lib/python3.7/site-packages/airflow/example_dags/example_trigger_target_dag.py
[2023-07-27T02:01:54.152+0000] {processor.py:826} INFO - Processing file /home/airflow/.local/lib/python3.7/site-packages/airflow/example_dags/example_trigger_target_dag.py for tasks to queue
[2023-07-27T02:01:54.153+0000] {logging_mixin.py:150} INFO - [2023-07-27T02:01:54.153+0000] {dagbag.py:541} INFO - Filling up the DagBag from /home/airflow/.local/lib/python3.7/site-packages/airflow/example_dags/example_trigger_target_dag.py
[2023-07-27T02:01:54.159+0000] {processor.py:836} INFO - DAG(s) dict_keys(['example_trigger_target_dag']) retrieved from /home/airflow/.local/lib/python3.7/site-packages/airflow/example_dags/example_trigger_target_dag.py
[2023-07-27T02:01:54.184+0000] {logging_mixin.py:150} INFO - [2023-07-27T02:01:54.184+0000] {dag.py:2742} INFO - Sync 1 DAGs
[2023-07-27T02:01:54.213+0000] {logging_mixin.py:150} INFO - [2023-07-27T02:01:54.213+0000] {dag.py:3508} INFO - Setting next_dagrun for example_trigger_target_dag to None, run_after=None
[2023-07-27T02:01:54.235+0000] {processor.py:179} INFO - Processing /home/airflow/.local/lib/python3.7/site-packages/airflow/example_dags/example_trigger_target_dag.py took 0.088 seconds
[2023-07-27T02:02:24.303+0000] {processor.py:157} INFO - Started process (PID=5112) to work on /home/airflow/.local/lib/python3.7/site-packages/airflow/example_dags/example_trigger_target_dag.py
[2023-07-27T02:02:24.305+0000] {processor.py:826} INFO - Processing file /home/airflow/.local/lib/python3.7/site-packages/airflow/example_dags/example_trigger_target_dag.py for tasks to queue
[2023-07-27T02:02:24.306+0000] {logging_mixin.py:150} INFO - [2023-07-27T02:02:24.306+0000] {dagbag.py:541} INFO - Filling up the DagBag from /home/airflow/.local/lib/python3.7/site-packages/airflow/example_dags/example_trigger_target_dag.py
[2023-07-27T02:02:24.312+0000] {processor.py:836} INFO - DAG(s) dict_keys(['example_trigger_target_dag']) retrieved from /home/airflow/.local/lib/python3.7/site-packages/airflow/example_dags/example_trigger_target_dag.py
[2023-07-27T02:02:24.338+0000] {logging_mixin.py:150} INFO - [2023-07-27T02:02:24.337+0000] {dag.py:2742} INFO - Sync 1 DAGs
[2023-07-27T02:02:24.365+0000] {logging_mixin.py:150} INFO - [2023-07-27T02:02:24.365+0000] {dag.py:3508} INFO - Setting next_dagrun for example_trigger_target_dag to None, run_after=None
[2023-07-27T02:02:24.390+0000] {processor.py:179} INFO - Processing /home/airflow/.local/lib/python3.7/site-packages/airflow/example_dags/example_trigger_target_dag.py took 0.091 seconds
[2023-07-27T02:02:54.546+0000] {processor.py:157} INFO - Started process (PID=5172) to work on /home/airflow/.local/lib/python3.7/site-packages/airflow/example_dags/example_trigger_target_dag.py
[2023-07-27T02:02:54.547+0000] {processor.py:826} INFO - Processing file /home/airflow/.local/lib/python3.7/site-packages/airflow/example_dags/example_trigger_target_dag.py for tasks to queue
[2023-07-27T02:02:54.548+0000] {logging_mixin.py:150} INFO - [2023-07-27T02:02:54.548+0000] {dagbag.py:541} INFO - Filling up the DagBag from /home/airflow/.local/lib/python3.7/site-packages/airflow/example_dags/example_trigger_target_dag.py
[2023-07-27T02:02:54.555+0000] {processor.py:836} INFO - DAG(s) dict_keys(['example_trigger_target_dag']) retrieved from /home/airflow/.local/lib/python3.7/site-packages/airflow/example_dags/example_trigger_target_dag.py
[2023-07-27T02:02:54.579+0000] {logging_mixin.py:150} INFO - [2023-07-27T02:02:54.579+0000] {dag.py:2742} INFO - Sync 1 DAGs
[2023-07-27T02:02:54.607+0000] {logging_mixin.py:150} INFO - [2023-07-27T02:02:54.607+0000] {dag.py:3508} INFO - Setting next_dagrun for example_trigger_target_dag to None, run_after=None
[2023-07-27T02:02:54.644+0000] {processor.py:179} INFO - Processing /home/airflow/.local/lib/python3.7/site-packages/airflow/example_dags/example_trigger_target_dag.py took 0.102 seconds
[2023-07-27T02:03:24.827+0000] {processor.py:157} INFO - Started process (PID=5232) to work on /home/airflow/.local/lib/python3.7/site-packages/airflow/example_dags/example_trigger_target_dag.py
[2023-07-27T02:03:24.828+0000] {processor.py:826} INFO - Processing file /home/airflow/.local/lib/python3.7/site-packages/airflow/example_dags/example_trigger_target_dag.py for tasks to queue
[2023-07-27T02:03:24.829+0000] {logging_mixin.py:150} INFO - [2023-07-27T02:03:24.829+0000] {dagbag.py:541} INFO - Filling up the DagBag from /home/airflow/.local/lib/python3.7/site-packages/airflow/example_dags/example_trigger_target_dag.py
[2023-07-27T02:03:24.835+0000] {processor.py:836} INFO - DAG(s) dict_keys(['example_trigger_target_dag']) retrieved from /home/airflow/.local/lib/python3.7/site-packages/airflow/example_dags/example_trigger_target_dag.py
[2023-07-27T02:03:24.861+0000] {logging_mixin.py:150} INFO - [2023-07-27T02:03:24.861+0000] {dag.py:2742} INFO - Sync 1 DAGs
[2023-07-27T02:03:24.889+0000] {logging_mixin.py:150} INFO - [2023-07-27T02:03:24.889+0000] {dag.py:3508} INFO - Setting next_dagrun for example_trigger_target_dag to None, run_after=None
[2023-07-27T02:03:24.913+0000] {processor.py:179} INFO - Processing /home/airflow/.local/lib/python3.7/site-packages/airflow/example_dags/example_trigger_target_dag.py took 0.090 seconds
[2023-07-27T02:03:55.693+0000] {processor.py:157} INFO - Started process (PID=5285) to work on /home/airflow/.local/lib/python3.7/site-packages/airflow/example_dags/example_trigger_target_dag.py
[2023-07-27T02:03:55.694+0000] {processor.py:826} INFO - Processing file /home/airflow/.local/lib/python3.7/site-packages/airflow/example_dags/example_trigger_target_dag.py for tasks to queue
[2023-07-27T02:03:55.695+0000] {logging_mixin.py:150} INFO - [2023-07-27T02:03:55.695+0000] {dagbag.py:541} INFO - Filling up the DagBag from /home/airflow/.local/lib/python3.7/site-packages/airflow/example_dags/example_trigger_target_dag.py
[2023-07-27T02:03:55.701+0000] {processor.py:836} INFO - DAG(s) dict_keys(['example_trigger_target_dag']) retrieved from /home/airflow/.local/lib/python3.7/site-packages/airflow/example_dags/example_trigger_target_dag.py
[2023-07-27T02:03:55.726+0000] {logging_mixin.py:150} INFO - [2023-07-27T02:03:55.726+0000] {dag.py:2742} INFO - Sync 1 DAGs
[2023-07-27T02:03:55.752+0000] {logging_mixin.py:150} INFO - [2023-07-27T02:03:55.752+0000] {dag.py:3508} INFO - Setting next_dagrun for example_trigger_target_dag to None, run_after=None
[2023-07-27T02:03:55.774+0000] {processor.py:179} INFO - Processing /home/airflow/.local/lib/python3.7/site-packages/airflow/example_dags/example_trigger_target_dag.py took 0.085 seconds
[2023-07-27T02:04:25.996+0000] {processor.py:157} INFO - Started process (PID=5345) to work on /home/airflow/.local/lib/python3.7/site-packages/airflow/example_dags/example_trigger_target_dag.py
[2023-07-27T02:04:25.997+0000] {processor.py:826} INFO - Processing file /home/airflow/.local/lib/python3.7/site-packages/airflow/example_dags/example_trigger_target_dag.py for tasks to queue
[2023-07-27T02:04:25.998+0000] {logging_mixin.py:150} INFO - [2023-07-27T02:04:25.998+0000] {dagbag.py:541} INFO - Filling up the DagBag from /home/airflow/.local/lib/python3.7/site-packages/airflow/example_dags/example_trigger_target_dag.py
[2023-07-27T02:04:26.004+0000] {processor.py:836} INFO - DAG(s) dict_keys(['example_trigger_target_dag']) retrieved from /home/airflow/.local/lib/python3.7/site-packages/airflow/example_dags/example_trigger_target_dag.py
[2023-07-27T02:04:26.029+0000] {logging_mixin.py:150} INFO - [2023-07-27T02:04:26.029+0000] {dag.py:2742} INFO - Sync 1 DAGs
[2023-07-27T02:04:26.056+0000] {logging_mixin.py:150} INFO - [2023-07-27T02:04:26.056+0000] {dag.py:3508} INFO - Setting next_dagrun for example_trigger_target_dag to None, run_after=None
[2023-07-27T02:04:26.078+0000] {processor.py:179} INFO - Processing /home/airflow/.local/lib/python3.7/site-packages/airflow/example_dags/example_trigger_target_dag.py took 0.085 seconds
[2023-07-27T02:04:56.583+0000] {processor.py:157} INFO - Started process (PID=5405) to work on /home/airflow/.local/lib/python3.7/site-packages/airflow/example_dags/example_trigger_target_dag.py
[2023-07-27T02:04:56.584+0000] {processor.py:826} INFO - Processing file /home/airflow/.local/lib/python3.7/site-packages/airflow/example_dags/example_trigger_target_dag.py for tasks to queue
[2023-07-27T02:04:56.585+0000] {logging_mixin.py:150} INFO - [2023-07-27T02:04:56.585+0000] {dagbag.py:541} INFO - Filling up the DagBag from /home/airflow/.local/lib/python3.7/site-packages/airflow/example_dags/example_trigger_target_dag.py
[2023-07-27T02:04:56.593+0000] {processor.py:836} INFO - DAG(s) dict_keys(['example_trigger_target_dag']) retrieved from /home/airflow/.local/lib/python3.7/site-packages/airflow/example_dags/example_trigger_target_dag.py
[2023-07-27T02:04:56.618+0000] {logging_mixin.py:150} INFO - [2023-07-27T02:04:56.618+0000] {dag.py:2742} INFO - Sync 1 DAGs
[2023-07-27T02:04:56.646+0000] {logging_mixin.py:150} INFO - [2023-07-27T02:04:56.646+0000] {dag.py:3508} INFO - Setting next_dagrun for example_trigger_target_dag to None, run_after=None
[2023-07-27T02:04:56.688+0000] {processor.py:179} INFO - Processing /home/airflow/.local/lib/python3.7/site-packages/airflow/example_dags/example_trigger_target_dag.py took 0.108 seconds
[2023-07-27T02:05:26.846+0000] {processor.py:157} INFO - Started process (PID=5466) to work on /home/airflow/.local/lib/python3.7/site-packages/airflow/example_dags/example_trigger_target_dag.py
[2023-07-27T02:05:26.848+0000] {processor.py:826} INFO - Processing file /home/airflow/.local/lib/python3.7/site-packages/airflow/example_dags/example_trigger_target_dag.py for tasks to queue
[2023-07-27T02:05:26.849+0000] {logging_mixin.py:150} INFO - [2023-07-27T02:05:26.849+0000] {dagbag.py:541} INFO - Filling up the DagBag from /home/airflow/.local/lib/python3.7/site-packages/airflow/example_dags/example_trigger_target_dag.py
[2023-07-27T02:05:26.855+0000] {processor.py:836} INFO - DAG(s) dict_keys(['example_trigger_target_dag']) retrieved from /home/airflow/.local/lib/python3.7/site-packages/airflow/example_dags/example_trigger_target_dag.py
[2023-07-27T02:05:26.880+0000] {logging_mixin.py:150} INFO - [2023-07-27T02:05:26.880+0000] {dag.py:2742} INFO - Sync 1 DAGs
[2023-07-27T02:05:26.907+0000] {logging_mixin.py:150} INFO - [2023-07-27T02:05:26.907+0000] {dag.py:3508} INFO - Setting next_dagrun for example_trigger_target_dag to None, run_after=None
[2023-07-27T02:05:26.931+0000] {processor.py:179} INFO - Processing /home/airflow/.local/lib/python3.7/site-packages/airflow/example_dags/example_trigger_target_dag.py took 0.088 seconds
[2023-07-27T02:05:57.430+0000] {processor.py:157} INFO - Started process (PID=5525) to work on /home/airflow/.local/lib/python3.7/site-packages/airflow/example_dags/example_trigger_target_dag.py
[2023-07-27T02:05:57.431+0000] {processor.py:826} INFO - Processing file /home/airflow/.local/lib/python3.7/site-packages/airflow/example_dags/example_trigger_target_dag.py for tasks to queue
[2023-07-27T02:05:57.432+0000] {logging_mixin.py:150} INFO - [2023-07-27T02:05:57.432+0000] {dagbag.py:541} INFO - Filling up the DagBag from /home/airflow/.local/lib/python3.7/site-packages/airflow/example_dags/example_trigger_target_dag.py
[2023-07-27T02:05:57.438+0000] {processor.py:836} INFO - DAG(s) dict_keys(['example_trigger_target_dag']) retrieved from /home/airflow/.local/lib/python3.7/site-packages/airflow/example_dags/example_trigger_target_dag.py
[2023-07-27T02:05:57.463+0000] {logging_mixin.py:150} INFO - [2023-07-27T02:05:57.462+0000] {dag.py:2742} INFO - Sync 1 DAGs
[2023-07-27T02:05:57.489+0000] {logging_mixin.py:150} INFO - [2023-07-27T02:05:57.489+0000] {dag.py:3508} INFO - Setting next_dagrun for example_trigger_target_dag to None, run_after=None
[2023-07-27T02:05:57.511+0000] {processor.py:179} INFO - Processing /home/airflow/.local/lib/python3.7/site-packages/airflow/example_dags/example_trigger_target_dag.py took 0.085 seconds
[2023-07-27T02:06:28.063+0000] {processor.py:157} INFO - Started process (PID=5585) to work on /home/airflow/.local/lib/python3.7/site-packages/airflow/example_dags/example_trigger_target_dag.py
[2023-07-27T02:06:28.064+0000] {processor.py:826} INFO - Processing file /home/airflow/.local/lib/python3.7/site-packages/airflow/example_dags/example_trigger_target_dag.py for tasks to queue
[2023-07-27T02:06:28.066+0000] {logging_mixin.py:150} INFO - [2023-07-27T02:06:28.066+0000] {dagbag.py:541} INFO - Filling up the DagBag from /home/airflow/.local/lib/python3.7/site-packages/airflow/example_dags/example_trigger_target_dag.py
[2023-07-27T02:06:28.072+0000] {processor.py:836} INFO - DAG(s) dict_keys(['example_trigger_target_dag']) retrieved from /home/airflow/.local/lib/python3.7/site-packages/airflow/example_dags/example_trigger_target_dag.py
[2023-07-27T02:06:28.095+0000] {logging_mixin.py:150} INFO - [2023-07-27T02:06:28.095+0000] {dag.py:2742} INFO - Sync 1 DAGs
[2023-07-27T02:06:28.122+0000] {logging_mixin.py:150} INFO - [2023-07-27T02:06:28.122+0000] {dag.py:3508} INFO - Setting next_dagrun for example_trigger_target_dag to None, run_after=None
[2023-07-27T02:06:28.144+0000] {processor.py:179} INFO - Processing /home/airflow/.local/lib/python3.7/site-packages/airflow/example_dags/example_trigger_target_dag.py took 0.084 seconds
[2023-07-27T02:06:58.850+0000] {processor.py:157} INFO - Started process (PID=5645) to work on /home/airflow/.local/lib/python3.7/site-packages/airflow/example_dags/example_trigger_target_dag.py
[2023-07-27T02:06:58.858+0000] {processor.py:826} INFO - Processing file /home/airflow/.local/lib/python3.7/site-packages/airflow/example_dags/example_trigger_target_dag.py for tasks to queue
[2023-07-27T02:06:58.861+0000] {logging_mixin.py:150} INFO - [2023-07-27T02:06:58.861+0000] {dagbag.py:541} INFO - Filling up the DagBag from /home/airflow/.local/lib/python3.7/site-packages/airflow/example_dags/example_trigger_target_dag.py
[2023-07-27T02:06:58.870+0000] {processor.py:836} INFO - DAG(s) dict_keys(['example_trigger_target_dag']) retrieved from /home/airflow/.local/lib/python3.7/site-packages/airflow/example_dags/example_trigger_target_dag.py
[2023-07-27T02:06:58.904+0000] {logging_mixin.py:150} INFO - [2023-07-27T02:06:58.904+0000] {dag.py:2742} INFO - Sync 1 DAGs
[2023-07-27T02:06:58.943+0000] {logging_mixin.py:150} INFO - [2023-07-27T02:06:58.942+0000] {dag.py:3508} INFO - Setting next_dagrun for example_trigger_target_dag to None, run_after=None
[2023-07-27T02:06:58.974+0000] {processor.py:179} INFO - Processing /home/airflow/.local/lib/python3.7/site-packages/airflow/example_dags/example_trigger_target_dag.py took 0.131 seconds
[2023-07-27T02:07:29.311+0000] {processor.py:157} INFO - Started process (PID=5705) to work on /home/airflow/.local/lib/python3.7/site-packages/airflow/example_dags/example_trigger_target_dag.py
[2023-07-27T02:07:29.312+0000] {processor.py:826} INFO - Processing file /home/airflow/.local/lib/python3.7/site-packages/airflow/example_dags/example_trigger_target_dag.py for tasks to queue
[2023-07-27T02:07:29.313+0000] {logging_mixin.py:150} INFO - [2023-07-27T02:07:29.313+0000] {dagbag.py:541} INFO - Filling up the DagBag from /home/airflow/.local/lib/python3.7/site-packages/airflow/example_dags/example_trigger_target_dag.py
[2023-07-27T02:07:29.320+0000] {processor.py:836} INFO - DAG(s) dict_keys(['example_trigger_target_dag']) retrieved from /home/airflow/.local/lib/python3.7/site-packages/airflow/example_dags/example_trigger_target_dag.py
[2023-07-27T02:07:29.345+0000] {logging_mixin.py:150} INFO - [2023-07-27T02:07:29.345+0000] {dag.py:2742} INFO - Sync 1 DAGs
[2023-07-27T02:07:29.373+0000] {logging_mixin.py:150} INFO - [2023-07-27T02:07:29.372+0000] {dag.py:3508} INFO - Setting next_dagrun for example_trigger_target_dag to None, run_after=None
[2023-07-27T02:07:29.396+0000] {processor.py:179} INFO - Processing /home/airflow/.local/lib/python3.7/site-packages/airflow/example_dags/example_trigger_target_dag.py took 0.089 seconds
[2023-07-27T02:08:00.153+0000] {processor.py:157} INFO - Started process (PID=5765) to work on /home/airflow/.local/lib/python3.7/site-packages/airflow/example_dags/example_trigger_target_dag.py
[2023-07-27T02:08:00.154+0000] {processor.py:826} INFO - Processing file /home/airflow/.local/lib/python3.7/site-packages/airflow/example_dags/example_trigger_target_dag.py for tasks to queue
[2023-07-27T02:08:00.155+0000] {logging_mixin.py:150} INFO - [2023-07-27T02:08:00.155+0000] {dagbag.py:541} INFO - Filling up the DagBag from /home/airflow/.local/lib/python3.7/site-packages/airflow/example_dags/example_trigger_target_dag.py
[2023-07-27T02:08:00.162+0000] {processor.py:836} INFO - DAG(s) dict_keys(['example_trigger_target_dag']) retrieved from /home/airflow/.local/lib/python3.7/site-packages/airflow/example_dags/example_trigger_target_dag.py
[2023-07-27T02:08:00.189+0000] {logging_mixin.py:150} INFO - [2023-07-27T02:08:00.189+0000] {dag.py:2742} INFO - Sync 1 DAGs
[2023-07-27T02:08:00.217+0000] {logging_mixin.py:150} INFO - [2023-07-27T02:08:00.217+0000] {dag.py:3508} INFO - Setting next_dagrun for example_trigger_target_dag to None, run_after=None
[2023-07-27T02:08:00.244+0000] {processor.py:179} INFO - Processing /home/airflow/.local/lib/python3.7/site-packages/airflow/example_dags/example_trigger_target_dag.py took 0.094 seconds
[2023-07-27T02:08:31.073+0000] {processor.py:157} INFO - Started process (PID=5826) to work on /home/airflow/.local/lib/python3.7/site-packages/airflow/example_dags/example_trigger_target_dag.py
[2023-07-27T02:08:31.074+0000] {processor.py:826} INFO - Processing file /home/airflow/.local/lib/python3.7/site-packages/airflow/example_dags/example_trigger_target_dag.py for tasks to queue
[2023-07-27T02:08:31.075+0000] {logging_mixin.py:150} INFO - [2023-07-27T02:08:31.075+0000] {dagbag.py:541} INFO - Filling up the DagBag from /home/airflow/.local/lib/python3.7/site-packages/airflow/example_dags/example_trigger_target_dag.py
[2023-07-27T02:08:31.082+0000] {processor.py:836} INFO - DAG(s) dict_keys(['example_trigger_target_dag']) retrieved from /home/airflow/.local/lib/python3.7/site-packages/airflow/example_dags/example_trigger_target_dag.py
[2023-07-27T02:08:31.106+0000] {logging_mixin.py:150} INFO - [2023-07-27T02:08:31.106+0000] {dag.py:2742} INFO - Sync 1 DAGs
[2023-07-27T02:08:31.134+0000] {logging_mixin.py:150} INFO - [2023-07-27T02:08:31.134+0000] {dag.py:3508} INFO - Setting next_dagrun for example_trigger_target_dag to None, run_after=None
[2023-07-27T02:08:31.265+0000] {processor.py:179} INFO - Processing /home/airflow/.local/lib/python3.7/site-packages/airflow/example_dags/example_trigger_target_dag.py took 0.195 seconds
[2023-07-27T02:09:01.482+0000] {processor.py:157} INFO - Started process (PID=5886) to work on /home/airflow/.local/lib/python3.7/site-packages/airflow/example_dags/example_trigger_target_dag.py
[2023-07-27T02:09:01.483+0000] {processor.py:826} INFO - Processing file /home/airflow/.local/lib/python3.7/site-packages/airflow/example_dags/example_trigger_target_dag.py for tasks to queue
[2023-07-27T02:09:01.484+0000] {logging_mixin.py:150} INFO - [2023-07-27T02:09:01.484+0000] {dagbag.py:541} INFO - Filling up the DagBag from /home/airflow/.local/lib/python3.7/site-packages/airflow/example_dags/example_trigger_target_dag.py
[2023-07-27T02:09:01.491+0000] {processor.py:836} INFO - DAG(s) dict_keys(['example_trigger_target_dag']) retrieved from /home/airflow/.local/lib/python3.7/site-packages/airflow/example_dags/example_trigger_target_dag.py
[2023-07-27T02:09:01.516+0000] {logging_mixin.py:150} INFO - [2023-07-27T02:09:01.515+0000] {dag.py:2742} INFO - Sync 1 DAGs
[2023-07-27T02:09:01.543+0000] {logging_mixin.py:150} INFO - [2023-07-27T02:09:01.543+0000] {dag.py:3508} INFO - Setting next_dagrun for example_trigger_target_dag to None, run_after=None
[2023-07-27T02:09:01.570+0000] {processor.py:179} INFO - Processing /home/airflow/.local/lib/python3.7/site-packages/airflow/example_dags/example_trigger_target_dag.py took 0.092 seconds
[2023-07-27T02:09:31.695+0000] {processor.py:157} INFO - Started process (PID=5946) to work on /home/airflow/.local/lib/python3.7/site-packages/airflow/example_dags/example_trigger_target_dag.py
[2023-07-27T02:09:31.697+0000] {processor.py:826} INFO - Processing file /home/airflow/.local/lib/python3.7/site-packages/airflow/example_dags/example_trigger_target_dag.py for tasks to queue
[2023-07-27T02:09:31.698+0000] {logging_mixin.py:150} INFO - [2023-07-27T02:09:31.698+0000] {dagbag.py:541} INFO - Filling up the DagBag from /home/airflow/.local/lib/python3.7/site-packages/airflow/example_dags/example_trigger_target_dag.py
[2023-07-27T02:09:31.709+0000] {processor.py:836} INFO - DAG(s) dict_keys(['example_trigger_target_dag']) retrieved from /home/airflow/.local/lib/python3.7/site-packages/airflow/example_dags/example_trigger_target_dag.py
[2023-07-27T02:09:31.736+0000] {logging_mixin.py:150} INFO - [2023-07-27T02:09:31.735+0000] {dag.py:2742} INFO - Sync 1 DAGs
[2023-07-27T02:09:31.767+0000] {logging_mixin.py:150} INFO - [2023-07-27T02:09:31.767+0000] {dag.py:3508} INFO - Setting next_dagrun for example_trigger_target_dag to None, run_after=None
[2023-07-27T02:09:31.795+0000] {processor.py:179} INFO - Processing /home/airflow/.local/lib/python3.7/site-packages/airflow/example_dags/example_trigger_target_dag.py took 0.104 seconds
[2023-07-27T02:10:02.285+0000] {processor.py:157} INFO - Started process (PID=6006) to work on /home/airflow/.local/lib/python3.7/site-packages/airflow/example_dags/example_trigger_target_dag.py
[2023-07-27T02:10:02.286+0000] {processor.py:826} INFO - Processing file /home/airflow/.local/lib/python3.7/site-packages/airflow/example_dags/example_trigger_target_dag.py for tasks to queue
[2023-07-27T02:10:02.288+0000] {logging_mixin.py:150} INFO - [2023-07-27T02:10:02.287+0000] {dagbag.py:541} INFO - Filling up the DagBag from /home/airflow/.local/lib/python3.7/site-packages/airflow/example_dags/example_trigger_target_dag.py
[2023-07-27T02:10:02.295+0000] {processor.py:836} INFO - DAG(s) dict_keys(['example_trigger_target_dag']) retrieved from /home/airflow/.local/lib/python3.7/site-packages/airflow/example_dags/example_trigger_target_dag.py
[2023-07-27T02:10:02.324+0000] {logging_mixin.py:150} INFO - [2023-07-27T02:10:02.324+0000] {dag.py:2742} INFO - Sync 1 DAGs
[2023-07-27T02:10:02.467+0000] {logging_mixin.py:150} INFO - [2023-07-27T02:10:02.467+0000] {dag.py:3508} INFO - Setting next_dagrun for example_trigger_target_dag to None, run_after=None
[2023-07-27T02:10:02.490+0000] {processor.py:179} INFO - Processing /home/airflow/.local/lib/python3.7/site-packages/airflow/example_dags/example_trigger_target_dag.py took 0.209 seconds
[2023-07-27T02:10:32.933+0000] {processor.py:157} INFO - Started process (PID=6066) to work on /home/airflow/.local/lib/python3.7/site-packages/airflow/example_dags/example_trigger_target_dag.py
[2023-07-27T02:10:32.945+0000] {processor.py:826} INFO - Processing file /home/airflow/.local/lib/python3.7/site-packages/airflow/example_dags/example_trigger_target_dag.py for tasks to queue
[2023-07-27T02:10:32.947+0000] {logging_mixin.py:150} INFO - [2023-07-27T02:10:32.946+0000] {dagbag.py:541} INFO - Filling up the DagBag from /home/airflow/.local/lib/python3.7/site-packages/airflow/example_dags/example_trigger_target_dag.py
[2023-07-27T02:10:32.954+0000] {processor.py:836} INFO - DAG(s) dict_keys(['example_trigger_target_dag']) retrieved from /home/airflow/.local/lib/python3.7/site-packages/airflow/example_dags/example_trigger_target_dag.py
[2023-07-27T02:10:32.988+0000] {logging_mixin.py:150} INFO - [2023-07-27T02:10:32.988+0000] {dag.py:2742} INFO - Sync 1 DAGs
[2023-07-27T02:10:33.018+0000] {logging_mixin.py:150} INFO - [2023-07-27T02:10:33.017+0000] {dag.py:3508} INFO - Setting next_dagrun for example_trigger_target_dag to None, run_after=None
[2023-07-27T02:10:33.045+0000] {processor.py:179} INFO - Processing /home/airflow/.local/lib/python3.7/site-packages/airflow/example_dags/example_trigger_target_dag.py took 0.116 seconds
