[2023-07-27T01:39:09.676+0000] {processor.py:157} INFO - Started process (PID=2373) to work on /home/airflow/.local/lib/python3.7/site-packages/airflow/example_dags/example_dynamic_task_mapping.py
[2023-07-27T01:39:09.679+0000] {processor.py:826} INFO - Processing file /home/airflow/.local/lib/python3.7/site-packages/airflow/example_dags/example_dynamic_task_mapping.py for tasks to queue
[2023-07-27T01:39:09.680+0000] {logging_mixin.py:150} INFO - [2023-07-27T01:39:09.680+0000] {dagbag.py:541} INFO - Filling up the DagBag from /home/airflow/.local/lib/python3.7/site-packages/airflow/example_dags/example_dynamic_task_mapping.py
[2023-07-27T01:39:09.701+0000] {processor.py:836} INFO - DAG(s) dict_keys(['example_dynamic_task_mapping']) retrieved from /home/airflow/.local/lib/python3.7/site-packages/airflow/example_dags/example_dynamic_task_mapping.py
[2023-07-27T01:39:09.779+0000] {logging_mixin.py:150} INFO - [2023-07-27T01:39:09.779+0000] {dag.py:2742} INFO - Sync 1 DAGs
[2023-07-27T01:39:09.868+0000] {logging_mixin.py:150} INFO - [2023-07-27T01:39:09.867+0000] {dag.py:3508} INFO - Setting next_dagrun for example_dynamic_task_mapping to 2022-03-04T00:00:00+00:00, run_after=2022-03-05T00:00:00+00:00
[2023-07-27T01:39:09.905+0000] {processor.py:179} INFO - Processing /home/airflow/.local/lib/python3.7/site-packages/airflow/example_dags/example_dynamic_task_mapping.py took 0.235 seconds
[2023-07-27T01:39:40.055+0000] {processor.py:157} INFO - Started process (PID=2433) to work on /home/airflow/.local/lib/python3.7/site-packages/airflow/example_dags/example_dynamic_task_mapping.py
[2023-07-27T01:39:40.056+0000] {processor.py:826} INFO - Processing file /home/airflow/.local/lib/python3.7/site-packages/airflow/example_dags/example_dynamic_task_mapping.py for tasks to queue
[2023-07-27T01:39:40.058+0000] {logging_mixin.py:150} INFO - [2023-07-27T01:39:40.057+0000] {dagbag.py:541} INFO - Filling up the DagBag from /home/airflow/.local/lib/python3.7/site-packages/airflow/example_dags/example_dynamic_task_mapping.py
[2023-07-27T01:39:40.066+0000] {processor.py:836} INFO - DAG(s) dict_keys(['example_dynamic_task_mapping']) retrieved from /home/airflow/.local/lib/python3.7/site-packages/airflow/example_dags/example_dynamic_task_mapping.py
[2023-07-27T01:39:40.091+0000] {logging_mixin.py:150} INFO - [2023-07-27T01:39:40.090+0000] {dag.py:2742} INFO - Sync 1 DAGs
[2023-07-27T01:39:40.120+0000] {logging_mixin.py:150} INFO - [2023-07-27T01:39:40.120+0000] {dag.py:3508} INFO - Setting next_dagrun for example_dynamic_task_mapping to 2022-03-04T00:00:00+00:00, run_after=2022-03-05T00:00:00+00:00
[2023-07-27T01:39:40.143+0000] {processor.py:179} INFO - Processing /home/airflow/.local/lib/python3.7/site-packages/airflow/example_dags/example_dynamic_task_mapping.py took 0.092 seconds
[2023-07-27T01:40:10.800+0000] {processor.py:157} INFO - Started process (PID=2493) to work on /home/airflow/.local/lib/python3.7/site-packages/airflow/example_dags/example_dynamic_task_mapping.py
[2023-07-27T01:40:10.806+0000] {processor.py:826} INFO - Processing file /home/airflow/.local/lib/python3.7/site-packages/airflow/example_dags/example_dynamic_task_mapping.py for tasks to queue
[2023-07-27T01:40:10.808+0000] {logging_mixin.py:150} INFO - [2023-07-27T01:40:10.808+0000] {dagbag.py:541} INFO - Filling up the DagBag from /home/airflow/.local/lib/python3.7/site-packages/airflow/example_dags/example_dynamic_task_mapping.py
[2023-07-27T01:40:10.820+0000] {processor.py:836} INFO - DAG(s) dict_keys(['example_dynamic_task_mapping']) retrieved from /home/airflow/.local/lib/python3.7/site-packages/airflow/example_dags/example_dynamic_task_mapping.py
[2023-07-27T01:40:10.877+0000] {logging_mixin.py:150} INFO - [2023-07-27T01:40:10.869+0000] {dag.py:2742} INFO - Sync 1 DAGs
[2023-07-27T01:40:10.938+0000] {logging_mixin.py:150} INFO - [2023-07-27T01:40:10.938+0000] {dag.py:3508} INFO - Setting next_dagrun for example_dynamic_task_mapping to 2022-03-04T00:00:00+00:00, run_after=2022-03-05T00:00:00+00:00
[2023-07-27T01:40:10.996+0000] {processor.py:179} INFO - Processing /home/airflow/.local/lib/python3.7/site-packages/airflow/example_dags/example_dynamic_task_mapping.py took 0.202 seconds
[2023-07-27T01:40:41.104+0000] {processor.py:157} INFO - Started process (PID=2554) to work on /home/airflow/.local/lib/python3.7/site-packages/airflow/example_dags/example_dynamic_task_mapping.py
[2023-07-27T01:40:41.105+0000] {processor.py:826} INFO - Processing file /home/airflow/.local/lib/python3.7/site-packages/airflow/example_dags/example_dynamic_task_mapping.py for tasks to queue
[2023-07-27T01:40:41.106+0000] {logging_mixin.py:150} INFO - [2023-07-27T01:40:41.106+0000] {dagbag.py:541} INFO - Filling up the DagBag from /home/airflow/.local/lib/python3.7/site-packages/airflow/example_dags/example_dynamic_task_mapping.py
[2023-07-27T01:40:41.114+0000] {processor.py:836} INFO - DAG(s) dict_keys(['example_dynamic_task_mapping']) retrieved from /home/airflow/.local/lib/python3.7/site-packages/airflow/example_dags/example_dynamic_task_mapping.py
[2023-07-27T01:40:41.139+0000] {logging_mixin.py:150} INFO - [2023-07-27T01:40:41.139+0000] {dag.py:2742} INFO - Sync 1 DAGs
[2023-07-27T01:40:41.168+0000] {logging_mixin.py:150} INFO - [2023-07-27T01:40:41.168+0000] {dag.py:3508} INFO - Setting next_dagrun for example_dynamic_task_mapping to 2022-03-04T00:00:00+00:00, run_after=2022-03-05T00:00:00+00:00
[2023-07-27T01:40:41.192+0000] {processor.py:179} INFO - Processing /home/airflow/.local/lib/python3.7/site-packages/airflow/example_dags/example_dynamic_task_mapping.py took 0.092 seconds
[2023-07-27T01:41:12.107+0000] {processor.py:157} INFO - Started process (PID=2614) to work on /home/airflow/.local/lib/python3.7/site-packages/airflow/example_dags/example_dynamic_task_mapping.py
[2023-07-27T01:41:12.108+0000] {processor.py:826} INFO - Processing file /home/airflow/.local/lib/python3.7/site-packages/airflow/example_dags/example_dynamic_task_mapping.py for tasks to queue
[2023-07-27T01:41:12.109+0000] {logging_mixin.py:150} INFO - [2023-07-27T01:41:12.109+0000] {dagbag.py:541} INFO - Filling up the DagBag from /home/airflow/.local/lib/python3.7/site-packages/airflow/example_dags/example_dynamic_task_mapping.py
[2023-07-27T01:41:12.117+0000] {processor.py:836} INFO - DAG(s) dict_keys(['example_dynamic_task_mapping']) retrieved from /home/airflow/.local/lib/python3.7/site-packages/airflow/example_dags/example_dynamic_task_mapping.py
[2023-07-27T01:41:12.141+0000] {logging_mixin.py:150} INFO - [2023-07-27T01:41:12.141+0000] {dag.py:2742} INFO - Sync 1 DAGs
[2023-07-27T01:41:12.169+0000] {logging_mixin.py:150} INFO - [2023-07-27T01:41:12.169+0000] {dag.py:3508} INFO - Setting next_dagrun for example_dynamic_task_mapping to 2022-03-04T00:00:00+00:00, run_after=2022-03-05T00:00:00+00:00
[2023-07-27T01:41:12.192+0000] {processor.py:179} INFO - Processing /home/airflow/.local/lib/python3.7/site-packages/airflow/example_dags/example_dynamic_task_mapping.py took 0.089 seconds
[2023-07-27T01:41:42.584+0000] {processor.py:157} INFO - Started process (PID=2674) to work on /home/airflow/.local/lib/python3.7/site-packages/airflow/example_dags/example_dynamic_task_mapping.py
[2023-07-27T01:41:42.586+0000] {processor.py:826} INFO - Processing file /home/airflow/.local/lib/python3.7/site-packages/airflow/example_dags/example_dynamic_task_mapping.py for tasks to queue
[2023-07-27T01:41:42.587+0000] {logging_mixin.py:150} INFO - [2023-07-27T01:41:42.587+0000] {dagbag.py:541} INFO - Filling up the DagBag from /home/airflow/.local/lib/python3.7/site-packages/airflow/example_dags/example_dynamic_task_mapping.py
[2023-07-27T01:41:42.595+0000] {processor.py:836} INFO - DAG(s) dict_keys(['example_dynamic_task_mapping']) retrieved from /home/airflow/.local/lib/python3.7/site-packages/airflow/example_dags/example_dynamic_task_mapping.py
[2023-07-27T01:41:42.618+0000] {logging_mixin.py:150} INFO - [2023-07-27T01:41:42.618+0000] {dag.py:2742} INFO - Sync 1 DAGs
[2023-07-27T01:41:42.646+0000] {logging_mixin.py:150} INFO - [2023-07-27T01:41:42.646+0000] {dag.py:3508} INFO - Setting next_dagrun for example_dynamic_task_mapping to 2022-03-04T00:00:00+00:00, run_after=2022-03-05T00:00:00+00:00
[2023-07-27T01:41:42.671+0000] {processor.py:179} INFO - Processing /home/airflow/.local/lib/python3.7/site-packages/airflow/example_dags/example_dynamic_task_mapping.py took 0.091 seconds
[2023-07-27T01:42:13.251+0000] {processor.py:157} INFO - Started process (PID=2734) to work on /home/airflow/.local/lib/python3.7/site-packages/airflow/example_dags/example_dynamic_task_mapping.py
[2023-07-27T01:42:13.252+0000] {processor.py:826} INFO - Processing file /home/airflow/.local/lib/python3.7/site-packages/airflow/example_dags/example_dynamic_task_mapping.py for tasks to queue
[2023-07-27T01:42:13.253+0000] {logging_mixin.py:150} INFO - [2023-07-27T01:42:13.253+0000] {dagbag.py:541} INFO - Filling up the DagBag from /home/airflow/.local/lib/python3.7/site-packages/airflow/example_dags/example_dynamic_task_mapping.py
[2023-07-27T01:42:13.261+0000] {processor.py:836} INFO - DAG(s) dict_keys(['example_dynamic_task_mapping']) retrieved from /home/airflow/.local/lib/python3.7/site-packages/airflow/example_dags/example_dynamic_task_mapping.py
[2023-07-27T01:42:13.287+0000] {logging_mixin.py:150} INFO - [2023-07-27T01:42:13.287+0000] {dag.py:2742} INFO - Sync 1 DAGs
[2023-07-27T01:42:13.317+0000] {logging_mixin.py:150} INFO - [2023-07-27T01:42:13.317+0000] {dag.py:3508} INFO - Setting next_dagrun for example_dynamic_task_mapping to 2022-03-04T00:00:00+00:00, run_after=2022-03-05T00:00:00+00:00
[2023-07-27T01:42:13.340+0000] {processor.py:179} INFO - Processing /home/airflow/.local/lib/python3.7/site-packages/airflow/example_dags/example_dynamic_task_mapping.py took 0.093 seconds
[2023-07-27T01:42:44.168+0000] {processor.py:157} INFO - Started process (PID=2803) to work on /home/airflow/.local/lib/python3.7/site-packages/airflow/example_dags/example_dynamic_task_mapping.py
[2023-07-27T01:42:44.170+0000] {processor.py:826} INFO - Processing file /home/airflow/.local/lib/python3.7/site-packages/airflow/example_dags/example_dynamic_task_mapping.py for tasks to queue
[2023-07-27T01:42:44.171+0000] {logging_mixin.py:150} INFO - [2023-07-27T01:42:44.170+0000] {dagbag.py:541} INFO - Filling up the DagBag from /home/airflow/.local/lib/python3.7/site-packages/airflow/example_dags/example_dynamic_task_mapping.py
[2023-07-27T01:42:44.179+0000] {processor.py:836} INFO - DAG(s) dict_keys(['example_dynamic_task_mapping']) retrieved from /home/airflow/.local/lib/python3.7/site-packages/airflow/example_dags/example_dynamic_task_mapping.py
[2023-07-27T01:42:44.203+0000] {logging_mixin.py:150} INFO - [2023-07-27T01:42:44.203+0000] {dag.py:2742} INFO - Sync 1 DAGs
[2023-07-27T01:42:44.233+0000] {logging_mixin.py:150} INFO - [2023-07-27T01:42:44.233+0000] {dag.py:3508} INFO - Setting next_dagrun for example_dynamic_task_mapping to 2022-03-04T00:00:00+00:00, run_after=2022-03-05T00:00:00+00:00
[2023-07-27T01:42:44.256+0000] {processor.py:179} INFO - Processing /home/airflow/.local/lib/python3.7/site-packages/airflow/example_dags/example_dynamic_task_mapping.py took 0.091 seconds
[2023-07-27T01:43:14.545+0000] {processor.py:157} INFO - Started process (PID=2863) to work on /home/airflow/.local/lib/python3.7/site-packages/airflow/example_dags/example_dynamic_task_mapping.py
[2023-07-27T01:43:14.546+0000] {processor.py:826} INFO - Processing file /home/airflow/.local/lib/python3.7/site-packages/airflow/example_dags/example_dynamic_task_mapping.py for tasks to queue
[2023-07-27T01:43:14.547+0000] {logging_mixin.py:150} INFO - [2023-07-27T01:43:14.547+0000] {dagbag.py:541} INFO - Filling up the DagBag from /home/airflow/.local/lib/python3.7/site-packages/airflow/example_dags/example_dynamic_task_mapping.py
[2023-07-27T01:43:14.555+0000] {processor.py:836} INFO - DAG(s) dict_keys(['example_dynamic_task_mapping']) retrieved from /home/airflow/.local/lib/python3.7/site-packages/airflow/example_dags/example_dynamic_task_mapping.py
[2023-07-27T01:43:14.580+0000] {logging_mixin.py:150} INFO - [2023-07-27T01:43:14.580+0000] {dag.py:2742} INFO - Sync 1 DAGs
[2023-07-27T01:43:14.606+0000] {logging_mixin.py:150} INFO - [2023-07-27T01:43:14.606+0000] {dag.py:3508} INFO - Setting next_dagrun for example_dynamic_task_mapping to 2022-03-04T00:00:00+00:00, run_after=2022-03-05T00:00:00+00:00
[2023-07-27T01:43:14.631+0000] {processor.py:179} INFO - Processing /home/airflow/.local/lib/python3.7/site-packages/airflow/example_dags/example_dynamic_task_mapping.py took 0.090 seconds
[2023-07-27T01:43:44.839+0000] {processor.py:157} INFO - Started process (PID=2923) to work on /home/airflow/.local/lib/python3.7/site-packages/airflow/example_dags/example_dynamic_task_mapping.py
[2023-07-27T01:43:44.840+0000] {processor.py:826} INFO - Processing file /home/airflow/.local/lib/python3.7/site-packages/airflow/example_dags/example_dynamic_task_mapping.py for tasks to queue
[2023-07-27T01:43:44.841+0000] {logging_mixin.py:150} INFO - [2023-07-27T01:43:44.841+0000] {dagbag.py:541} INFO - Filling up the DagBag from /home/airflow/.local/lib/python3.7/site-packages/airflow/example_dags/example_dynamic_task_mapping.py
[2023-07-27T01:43:44.850+0000] {processor.py:836} INFO - DAG(s) dict_keys(['example_dynamic_task_mapping']) retrieved from /home/airflow/.local/lib/python3.7/site-packages/airflow/example_dags/example_dynamic_task_mapping.py
[2023-07-27T01:43:44.876+0000] {logging_mixin.py:150} INFO - [2023-07-27T01:43:44.875+0000] {dag.py:2742} INFO - Sync 1 DAGs
[2023-07-27T01:43:44.906+0000] {logging_mixin.py:150} INFO - [2023-07-27T01:43:44.906+0000] {dag.py:3508} INFO - Setting next_dagrun for example_dynamic_task_mapping to 2022-03-04T00:00:00+00:00, run_after=2022-03-05T00:00:00+00:00
[2023-07-27T01:43:44.940+0000] {processor.py:179} INFO - Processing /home/airflow/.local/lib/python3.7/site-packages/airflow/example_dags/example_dynamic_task_mapping.py took 0.105 seconds
[2023-07-27T01:44:15.721+0000] {processor.py:157} INFO - Started process (PID=2983) to work on /home/airflow/.local/lib/python3.7/site-packages/airflow/example_dags/example_dynamic_task_mapping.py
[2023-07-27T01:44:15.723+0000] {processor.py:826} INFO - Processing file /home/airflow/.local/lib/python3.7/site-packages/airflow/example_dags/example_dynamic_task_mapping.py for tasks to queue
[2023-07-27T01:44:15.724+0000] {logging_mixin.py:150} INFO - [2023-07-27T01:44:15.724+0000] {dagbag.py:541} INFO - Filling up the DagBag from /home/airflow/.local/lib/python3.7/site-packages/airflow/example_dags/example_dynamic_task_mapping.py
[2023-07-27T01:44:15.732+0000] {processor.py:836} INFO - DAG(s) dict_keys(['example_dynamic_task_mapping']) retrieved from /home/airflow/.local/lib/python3.7/site-packages/airflow/example_dags/example_dynamic_task_mapping.py
[2023-07-27T01:44:15.760+0000] {logging_mixin.py:150} INFO - [2023-07-27T01:44:15.759+0000] {dag.py:2742} INFO - Sync 1 DAGs
[2023-07-27T01:44:15.789+0000] {logging_mixin.py:150} INFO - [2023-07-27T01:44:15.789+0000] {dag.py:3508} INFO - Setting next_dagrun for example_dynamic_task_mapping to 2022-03-04T00:00:00+00:00, run_after=2022-03-05T00:00:00+00:00
[2023-07-27T01:44:15.838+0000] {processor.py:179} INFO - Processing /home/airflow/.local/lib/python3.7/site-packages/airflow/example_dags/example_dynamic_task_mapping.py took 0.120 seconds
[2023-07-27T01:44:46.260+0000] {processor.py:157} INFO - Started process (PID=3043) to work on /home/airflow/.local/lib/python3.7/site-packages/airflow/example_dags/example_dynamic_task_mapping.py
[2023-07-27T01:44:46.262+0000] {processor.py:826} INFO - Processing file /home/airflow/.local/lib/python3.7/site-packages/airflow/example_dags/example_dynamic_task_mapping.py for tasks to queue
[2023-07-27T01:44:46.263+0000] {logging_mixin.py:150} INFO - [2023-07-27T01:44:46.263+0000] {dagbag.py:541} INFO - Filling up the DagBag from /home/airflow/.local/lib/python3.7/site-packages/airflow/example_dags/example_dynamic_task_mapping.py
[2023-07-27T01:44:46.271+0000] {processor.py:836} INFO - DAG(s) dict_keys(['example_dynamic_task_mapping']) retrieved from /home/airflow/.local/lib/python3.7/site-packages/airflow/example_dags/example_dynamic_task_mapping.py
[2023-07-27T01:44:46.296+0000] {logging_mixin.py:150} INFO - [2023-07-27T01:44:46.296+0000] {dag.py:2742} INFO - Sync 1 DAGs
[2023-07-27T01:44:46.327+0000] {logging_mixin.py:150} INFO - [2023-07-27T01:44:46.327+0000] {dag.py:3508} INFO - Setting next_dagrun for example_dynamic_task_mapping to 2022-03-04T00:00:00+00:00, run_after=2022-03-05T00:00:00+00:00
[2023-07-27T01:44:46.350+0000] {processor.py:179} INFO - Processing /home/airflow/.local/lib/python3.7/site-packages/airflow/example_dags/example_dynamic_task_mapping.py took 0.093 seconds
[2023-07-27T01:45:16.593+0000] {processor.py:157} INFO - Started process (PID=3104) to work on /home/airflow/.local/lib/python3.7/site-packages/airflow/example_dags/example_dynamic_task_mapping.py
[2023-07-27T01:45:16.594+0000] {processor.py:826} INFO - Processing file /home/airflow/.local/lib/python3.7/site-packages/airflow/example_dags/example_dynamic_task_mapping.py for tasks to queue
[2023-07-27T01:45:16.596+0000] {logging_mixin.py:150} INFO - [2023-07-27T01:45:16.595+0000] {dagbag.py:541} INFO - Filling up the DagBag from /home/airflow/.local/lib/python3.7/site-packages/airflow/example_dags/example_dynamic_task_mapping.py
[2023-07-27T01:45:16.604+0000] {processor.py:836} INFO - DAG(s) dict_keys(['example_dynamic_task_mapping']) retrieved from /home/airflow/.local/lib/python3.7/site-packages/airflow/example_dags/example_dynamic_task_mapping.py
[2023-07-27T01:45:16.627+0000] {logging_mixin.py:150} INFO - [2023-07-27T01:45:16.627+0000] {dag.py:2742} INFO - Sync 1 DAGs
[2023-07-27T01:45:16.656+0000] {logging_mixin.py:150} INFO - [2023-07-27T01:45:16.655+0000] {dag.py:3508} INFO - Setting next_dagrun for example_dynamic_task_mapping to 2022-03-04T00:00:00+00:00, run_after=2022-03-05T00:00:00+00:00
[2023-07-27T01:45:16.678+0000] {processor.py:179} INFO - Processing /home/airflow/.local/lib/python3.7/site-packages/airflow/example_dags/example_dynamic_task_mapping.py took 0.088 seconds
[2023-07-27T01:45:47.491+0000] {processor.py:157} INFO - Started process (PID=3164) to work on /home/airflow/.local/lib/python3.7/site-packages/airflow/example_dags/example_dynamic_task_mapping.py
[2023-07-27T01:45:47.492+0000] {processor.py:826} INFO - Processing file /home/airflow/.local/lib/python3.7/site-packages/airflow/example_dags/example_dynamic_task_mapping.py for tasks to queue
[2023-07-27T01:45:47.493+0000] {logging_mixin.py:150} INFO - [2023-07-27T01:45:47.493+0000] {dagbag.py:541} INFO - Filling up the DagBag from /home/airflow/.local/lib/python3.7/site-packages/airflow/example_dags/example_dynamic_task_mapping.py
[2023-07-27T01:45:47.502+0000] {processor.py:836} INFO - DAG(s) dict_keys(['example_dynamic_task_mapping']) retrieved from /home/airflow/.local/lib/python3.7/site-packages/airflow/example_dags/example_dynamic_task_mapping.py
[2023-07-27T01:45:47.527+0000] {logging_mixin.py:150} INFO - [2023-07-27T01:45:47.527+0000] {dag.py:2742} INFO - Sync 1 DAGs
[2023-07-27T01:45:47.556+0000] {logging_mixin.py:150} INFO - [2023-07-27T01:45:47.556+0000] {dag.py:3508} INFO - Setting next_dagrun for example_dynamic_task_mapping to 2022-03-04T00:00:00+00:00, run_after=2022-03-05T00:00:00+00:00
[2023-07-27T01:45:47.577+0000] {processor.py:179} INFO - Processing /home/airflow/.local/lib/python3.7/site-packages/airflow/example_dags/example_dynamic_task_mapping.py took 0.090 seconds
[2023-07-27T01:46:17.949+0000] {processor.py:157} INFO - Started process (PID=3224) to work on /home/airflow/.local/lib/python3.7/site-packages/airflow/example_dags/example_dynamic_task_mapping.py
[2023-07-27T01:46:17.950+0000] {processor.py:826} INFO - Processing file /home/airflow/.local/lib/python3.7/site-packages/airflow/example_dags/example_dynamic_task_mapping.py for tasks to queue
[2023-07-27T01:46:17.951+0000] {logging_mixin.py:150} INFO - [2023-07-27T01:46:17.951+0000] {dagbag.py:541} INFO - Filling up the DagBag from /home/airflow/.local/lib/python3.7/site-packages/airflow/example_dags/example_dynamic_task_mapping.py
[2023-07-27T01:46:17.959+0000] {processor.py:836} INFO - DAG(s) dict_keys(['example_dynamic_task_mapping']) retrieved from /home/airflow/.local/lib/python3.7/site-packages/airflow/example_dags/example_dynamic_task_mapping.py
[2023-07-27T01:46:17.982+0000] {logging_mixin.py:150} INFO - [2023-07-27T01:46:17.982+0000] {dag.py:2742} INFO - Sync 1 DAGs
[2023-07-27T01:46:18.009+0000] {logging_mixin.py:150} INFO - [2023-07-27T01:46:18.009+0000] {dag.py:3508} INFO - Setting next_dagrun for example_dynamic_task_mapping to 2022-03-04T00:00:00+00:00, run_after=2022-03-05T00:00:00+00:00
[2023-07-27T01:46:18.033+0000] {processor.py:179} INFO - Processing /home/airflow/.local/lib/python3.7/site-packages/airflow/example_dags/example_dynamic_task_mapping.py took 0.088 seconds
[2023-07-27T01:46:48.611+0000] {processor.py:157} INFO - Started process (PID=3277) to work on /home/airflow/.local/lib/python3.7/site-packages/airflow/example_dags/example_dynamic_task_mapping.py
[2023-07-27T01:46:48.614+0000] {processor.py:826} INFO - Processing file /home/airflow/.local/lib/python3.7/site-packages/airflow/example_dags/example_dynamic_task_mapping.py for tasks to queue
[2023-07-27T01:46:48.637+0000] {logging_mixin.py:150} INFO - [2023-07-27T01:46:48.636+0000] {dagbag.py:541} INFO - Filling up the DagBag from /home/airflow/.local/lib/python3.7/site-packages/airflow/example_dags/example_dynamic_task_mapping.py
[2023-07-27T01:46:48.644+0000] {processor.py:836} INFO - DAG(s) dict_keys(['example_dynamic_task_mapping']) retrieved from /home/airflow/.local/lib/python3.7/site-packages/airflow/example_dags/example_dynamic_task_mapping.py
[2023-07-27T01:46:48.668+0000] {logging_mixin.py:150} INFO - [2023-07-27T01:46:48.668+0000] {dag.py:2742} INFO - Sync 1 DAGs
[2023-07-27T01:46:48.698+0000] {logging_mixin.py:150} INFO - [2023-07-27T01:46:48.698+0000] {dag.py:3508} INFO - Setting next_dagrun for example_dynamic_task_mapping to 2022-03-04T00:00:00+00:00, run_after=2022-03-05T00:00:00+00:00
[2023-07-27T01:46:48.720+0000] {processor.py:179} INFO - Processing /home/airflow/.local/lib/python3.7/site-packages/airflow/example_dags/example_dynamic_task_mapping.py took 0.112 seconds
[2023-07-27T01:47:18.942+0000] {processor.py:157} INFO - Started process (PID=3337) to work on /home/airflow/.local/lib/python3.7/site-packages/airflow/example_dags/example_dynamic_task_mapping.py
[2023-07-27T01:47:18.943+0000] {processor.py:826} INFO - Processing file /home/airflow/.local/lib/python3.7/site-packages/airflow/example_dags/example_dynamic_task_mapping.py for tasks to queue
[2023-07-27T01:47:18.944+0000] {logging_mixin.py:150} INFO - [2023-07-27T01:47:18.944+0000] {dagbag.py:541} INFO - Filling up the DagBag from /home/airflow/.local/lib/python3.7/site-packages/airflow/example_dags/example_dynamic_task_mapping.py
[2023-07-27T01:47:18.952+0000] {processor.py:836} INFO - DAG(s) dict_keys(['example_dynamic_task_mapping']) retrieved from /home/airflow/.local/lib/python3.7/site-packages/airflow/example_dags/example_dynamic_task_mapping.py
[2023-07-27T01:47:18.979+0000] {logging_mixin.py:150} INFO - [2023-07-27T01:47:18.979+0000] {dag.py:2742} INFO - Sync 1 DAGs
[2023-07-27T01:47:19.010+0000] {logging_mixin.py:150} INFO - [2023-07-27T01:47:19.010+0000] {dag.py:3508} INFO - Setting next_dagrun for example_dynamic_task_mapping to 2022-03-04T00:00:00+00:00, run_after=2022-03-05T00:00:00+00:00
[2023-07-27T01:47:19.036+0000] {processor.py:179} INFO - Processing /home/airflow/.local/lib/python3.7/site-packages/airflow/example_dags/example_dynamic_task_mapping.py took 0.097 seconds
[2023-07-27T01:47:49.883+0000] {processor.py:157} INFO - Started process (PID=3397) to work on /home/airflow/.local/lib/python3.7/site-packages/airflow/example_dags/example_dynamic_task_mapping.py
[2023-07-27T01:47:49.885+0000] {processor.py:826} INFO - Processing file /home/airflow/.local/lib/python3.7/site-packages/airflow/example_dags/example_dynamic_task_mapping.py for tasks to queue
[2023-07-27T01:47:49.886+0000] {logging_mixin.py:150} INFO - [2023-07-27T01:47:49.886+0000] {dagbag.py:541} INFO - Filling up the DagBag from /home/airflow/.local/lib/python3.7/site-packages/airflow/example_dags/example_dynamic_task_mapping.py
[2023-07-27T01:47:49.894+0000] {processor.py:836} INFO - DAG(s) dict_keys(['example_dynamic_task_mapping']) retrieved from /home/airflow/.local/lib/python3.7/site-packages/airflow/example_dags/example_dynamic_task_mapping.py
[2023-07-27T01:47:49.918+0000] {logging_mixin.py:150} INFO - [2023-07-27T01:47:49.918+0000] {dag.py:2742} INFO - Sync 1 DAGs
[2023-07-27T01:47:49.947+0000] {logging_mixin.py:150} INFO - [2023-07-27T01:47:49.946+0000] {dag.py:3508} INFO - Setting next_dagrun for example_dynamic_task_mapping to 2022-03-04T00:00:00+00:00, run_after=2022-03-05T00:00:00+00:00
[2023-07-27T01:47:49.969+0000] {processor.py:179} INFO - Processing /home/airflow/.local/lib/python3.7/site-packages/airflow/example_dags/example_dynamic_task_mapping.py took 0.090 seconds
[2023-07-27T01:48:20.338+0000] {processor.py:157} INFO - Started process (PID=3457) to work on /home/airflow/.local/lib/python3.7/site-packages/airflow/example_dags/example_dynamic_task_mapping.py
[2023-07-27T01:48:20.340+0000] {processor.py:826} INFO - Processing file /home/airflow/.local/lib/python3.7/site-packages/airflow/example_dags/example_dynamic_task_mapping.py for tasks to queue
[2023-07-27T01:48:20.341+0000] {logging_mixin.py:150} INFO - [2023-07-27T01:48:20.341+0000] {dagbag.py:541} INFO - Filling up the DagBag from /home/airflow/.local/lib/python3.7/site-packages/airflow/example_dags/example_dynamic_task_mapping.py
[2023-07-27T01:48:20.350+0000] {processor.py:836} INFO - DAG(s) dict_keys(['example_dynamic_task_mapping']) retrieved from /home/airflow/.local/lib/python3.7/site-packages/airflow/example_dags/example_dynamic_task_mapping.py
[2023-07-27T01:48:20.374+0000] {logging_mixin.py:150} INFO - [2023-07-27T01:48:20.373+0000] {dag.py:2742} INFO - Sync 1 DAGs
[2023-07-27T01:48:20.402+0000] {logging_mixin.py:150} INFO - [2023-07-27T01:48:20.401+0000] {dag.py:3508} INFO - Setting next_dagrun for example_dynamic_task_mapping to 2022-03-04T00:00:00+00:00, run_after=2022-03-05T00:00:00+00:00
[2023-07-27T01:48:20.424+0000] {processor.py:179} INFO - Processing /home/airflow/.local/lib/python3.7/site-packages/airflow/example_dags/example_dynamic_task_mapping.py took 0.090 seconds
[2023-07-27T01:48:50.666+0000] {processor.py:157} INFO - Started process (PID=3517) to work on /home/airflow/.local/lib/python3.7/site-packages/airflow/example_dags/example_dynamic_task_mapping.py
[2023-07-27T01:48:50.667+0000] {processor.py:826} INFO - Processing file /home/airflow/.local/lib/python3.7/site-packages/airflow/example_dags/example_dynamic_task_mapping.py for tasks to queue
[2023-07-27T01:48:50.668+0000] {logging_mixin.py:150} INFO - [2023-07-27T01:48:50.668+0000] {dagbag.py:541} INFO - Filling up the DagBag from /home/airflow/.local/lib/python3.7/site-packages/airflow/example_dags/example_dynamic_task_mapping.py
[2023-07-27T01:48:50.676+0000] {processor.py:836} INFO - DAG(s) dict_keys(['example_dynamic_task_mapping']) retrieved from /home/airflow/.local/lib/python3.7/site-packages/airflow/example_dags/example_dynamic_task_mapping.py
[2023-07-27T01:48:50.701+0000] {logging_mixin.py:150} INFO - [2023-07-27T01:48:50.701+0000] {dag.py:2742} INFO - Sync 1 DAGs
[2023-07-27T01:48:50.729+0000] {logging_mixin.py:150} INFO - [2023-07-27T01:48:50.729+0000] {dag.py:3508} INFO - Setting next_dagrun for example_dynamic_task_mapping to 2022-03-04T00:00:00+00:00, run_after=2022-03-05T00:00:00+00:00
[2023-07-27T01:48:50.751+0000] {processor.py:179} INFO - Processing /home/airflow/.local/lib/python3.7/site-packages/airflow/example_dags/example_dynamic_task_mapping.py took 0.089 seconds
[2023-07-27T01:49:21.241+0000] {processor.py:157} INFO - Started process (PID=3578) to work on /home/airflow/.local/lib/python3.7/site-packages/airflow/example_dags/example_dynamic_task_mapping.py
[2023-07-27T01:49:21.242+0000] {processor.py:826} INFO - Processing file /home/airflow/.local/lib/python3.7/site-packages/airflow/example_dags/example_dynamic_task_mapping.py for tasks to queue
[2023-07-27T01:49:21.243+0000] {logging_mixin.py:150} INFO - [2023-07-27T01:49:21.243+0000] {dagbag.py:541} INFO - Filling up the DagBag from /home/airflow/.local/lib/python3.7/site-packages/airflow/example_dags/example_dynamic_task_mapping.py
[2023-07-27T01:49:21.251+0000] {processor.py:836} INFO - DAG(s) dict_keys(['example_dynamic_task_mapping']) retrieved from /home/airflow/.local/lib/python3.7/site-packages/airflow/example_dags/example_dynamic_task_mapping.py
[2023-07-27T01:49:21.275+0000] {logging_mixin.py:150} INFO - [2023-07-27T01:49:21.275+0000] {dag.py:2742} INFO - Sync 1 DAGs
[2023-07-27T01:49:21.302+0000] {logging_mixin.py:150} INFO - [2023-07-27T01:49:21.302+0000] {dag.py:3508} INFO - Setting next_dagrun for example_dynamic_task_mapping to 2022-03-04T00:00:00+00:00, run_after=2022-03-05T00:00:00+00:00
[2023-07-27T01:49:21.325+0000] {processor.py:179} INFO - Processing /home/airflow/.local/lib/python3.7/site-packages/airflow/example_dags/example_dynamic_task_mapping.py took 0.087 seconds
[2023-07-27T01:49:51.595+0000] {processor.py:157} INFO - Started process (PID=3638) to work on /home/airflow/.local/lib/python3.7/site-packages/airflow/example_dags/example_dynamic_task_mapping.py
[2023-07-27T01:49:51.597+0000] {processor.py:826} INFO - Processing file /home/airflow/.local/lib/python3.7/site-packages/airflow/example_dags/example_dynamic_task_mapping.py for tasks to queue
[2023-07-27T01:49:51.598+0000] {logging_mixin.py:150} INFO - [2023-07-27T01:49:51.597+0000] {dagbag.py:541} INFO - Filling up the DagBag from /home/airflow/.local/lib/python3.7/site-packages/airflow/example_dags/example_dynamic_task_mapping.py
[2023-07-27T01:49:51.606+0000] {processor.py:836} INFO - DAG(s) dict_keys(['example_dynamic_task_mapping']) retrieved from /home/airflow/.local/lib/python3.7/site-packages/airflow/example_dags/example_dynamic_task_mapping.py
[2023-07-27T01:49:51.630+0000] {logging_mixin.py:150} INFO - [2023-07-27T01:49:51.629+0000] {dag.py:2742} INFO - Sync 1 DAGs
[2023-07-27T01:49:51.658+0000] {logging_mixin.py:150} INFO - [2023-07-27T01:49:51.657+0000] {dag.py:3508} INFO - Setting next_dagrun for example_dynamic_task_mapping to 2022-03-04T00:00:00+00:00, run_after=2022-03-05T00:00:00+00:00
[2023-07-27T01:49:51.681+0000] {processor.py:179} INFO - Processing /home/airflow/.local/lib/python3.7/site-packages/airflow/example_dags/example_dynamic_task_mapping.py took 0.090 seconds
[2023-07-27T01:50:22.209+0000] {processor.py:157} INFO - Started process (PID=3698) to work on /home/airflow/.local/lib/python3.7/site-packages/airflow/example_dags/example_dynamic_task_mapping.py
[2023-07-27T01:50:22.210+0000] {processor.py:826} INFO - Processing file /home/airflow/.local/lib/python3.7/site-packages/airflow/example_dags/example_dynamic_task_mapping.py for tasks to queue
[2023-07-27T01:50:22.211+0000] {logging_mixin.py:150} INFO - [2023-07-27T01:50:22.211+0000] {dagbag.py:541} INFO - Filling up the DagBag from /home/airflow/.local/lib/python3.7/site-packages/airflow/example_dags/example_dynamic_task_mapping.py
[2023-07-27T01:50:22.219+0000] {processor.py:836} INFO - DAG(s) dict_keys(['example_dynamic_task_mapping']) retrieved from /home/airflow/.local/lib/python3.7/site-packages/airflow/example_dags/example_dynamic_task_mapping.py
[2023-07-27T01:50:22.244+0000] {logging_mixin.py:150} INFO - [2023-07-27T01:50:22.244+0000] {dag.py:2742} INFO - Sync 1 DAGs
[2023-07-27T01:50:22.272+0000] {logging_mixin.py:150} INFO - [2023-07-27T01:50:22.271+0000] {dag.py:3508} INFO - Setting next_dagrun for example_dynamic_task_mapping to 2022-03-04T00:00:00+00:00, run_after=2022-03-05T00:00:00+00:00
[2023-07-27T01:50:22.294+0000] {processor.py:179} INFO - Processing /home/airflow/.local/lib/python3.7/site-packages/airflow/example_dags/example_dynamic_task_mapping.py took 0.088 seconds
[2023-07-27T01:50:52.752+0000] {processor.py:157} INFO - Started process (PID=3758) to work on /home/airflow/.local/lib/python3.7/site-packages/airflow/example_dags/example_dynamic_task_mapping.py
[2023-07-27T01:50:52.754+0000] {processor.py:826} INFO - Processing file /home/airflow/.local/lib/python3.7/site-packages/airflow/example_dags/example_dynamic_task_mapping.py for tasks to queue
[2023-07-27T01:50:52.755+0000] {logging_mixin.py:150} INFO - [2023-07-27T01:50:52.755+0000] {dagbag.py:541} INFO - Filling up the DagBag from /home/airflow/.local/lib/python3.7/site-packages/airflow/example_dags/example_dynamic_task_mapping.py
[2023-07-27T01:50:52.764+0000] {processor.py:836} INFO - DAG(s) dict_keys(['example_dynamic_task_mapping']) retrieved from /home/airflow/.local/lib/python3.7/site-packages/airflow/example_dags/example_dynamic_task_mapping.py
[2023-07-27T01:50:52.790+0000] {logging_mixin.py:150} INFO - [2023-07-27T01:50:52.790+0000] {dag.py:2742} INFO - Sync 1 DAGs
[2023-07-27T01:50:52.820+0000] {logging_mixin.py:150} INFO - [2023-07-27T01:50:52.819+0000] {dag.py:3508} INFO - Setting next_dagrun for example_dynamic_task_mapping to 2022-03-04T00:00:00+00:00, run_after=2022-03-05T00:00:00+00:00
[2023-07-27T01:50:52.860+0000] {processor.py:179} INFO - Processing /home/airflow/.local/lib/python3.7/site-packages/airflow/example_dags/example_dynamic_task_mapping.py took 0.112 seconds
[2023-07-27T01:51:23.553+0000] {processor.py:157} INFO - Started process (PID=3818) to work on /home/airflow/.local/lib/python3.7/site-packages/airflow/example_dags/example_dynamic_task_mapping.py
[2023-07-27T01:51:23.555+0000] {processor.py:826} INFO - Processing file /home/airflow/.local/lib/python3.7/site-packages/airflow/example_dags/example_dynamic_task_mapping.py for tasks to queue
[2023-07-27T01:51:23.556+0000] {logging_mixin.py:150} INFO - [2023-07-27T01:51:23.555+0000] {dagbag.py:541} INFO - Filling up the DagBag from /home/airflow/.local/lib/python3.7/site-packages/airflow/example_dags/example_dynamic_task_mapping.py
[2023-07-27T01:51:23.563+0000] {processor.py:836} INFO - DAG(s) dict_keys(['example_dynamic_task_mapping']) retrieved from /home/airflow/.local/lib/python3.7/site-packages/airflow/example_dags/example_dynamic_task_mapping.py
[2023-07-27T01:51:23.588+0000] {logging_mixin.py:150} INFO - [2023-07-27T01:51:23.588+0000] {dag.py:2742} INFO - Sync 1 DAGs
[2023-07-27T01:51:23.616+0000] {logging_mixin.py:150} INFO - [2023-07-27T01:51:23.615+0000] {dag.py:3508} INFO - Setting next_dagrun for example_dynamic_task_mapping to 2022-03-04T00:00:00+00:00, run_after=2022-03-05T00:00:00+00:00
[2023-07-27T01:51:23.638+0000] {processor.py:179} INFO - Processing /home/airflow/.local/lib/python3.7/site-packages/airflow/example_dags/example_dynamic_task_mapping.py took 0.088 seconds
[2023-07-27T01:51:54.324+0000] {processor.py:157} INFO - Started process (PID=3878) to work on /home/airflow/.local/lib/python3.7/site-packages/airflow/example_dags/example_dynamic_task_mapping.py
[2023-07-27T01:51:54.325+0000] {processor.py:826} INFO - Processing file /home/airflow/.local/lib/python3.7/site-packages/airflow/example_dags/example_dynamic_task_mapping.py for tasks to queue
[2023-07-27T01:51:54.327+0000] {logging_mixin.py:150} INFO - [2023-07-27T01:51:54.326+0000] {dagbag.py:541} INFO - Filling up the DagBag from /home/airflow/.local/lib/python3.7/site-packages/airflow/example_dags/example_dynamic_task_mapping.py
[2023-07-27T01:51:54.335+0000] {processor.py:836} INFO - DAG(s) dict_keys(['example_dynamic_task_mapping']) retrieved from /home/airflow/.local/lib/python3.7/site-packages/airflow/example_dags/example_dynamic_task_mapping.py
[2023-07-27T01:51:54.389+0000] {logging_mixin.py:150} INFO - [2023-07-27T01:51:54.389+0000] {dag.py:2742} INFO - Sync 1 DAGs
[2023-07-27T01:51:54.425+0000] {logging_mixin.py:150} INFO - [2023-07-27T01:51:54.425+0000] {dag.py:3508} INFO - Setting next_dagrun for example_dynamic_task_mapping to 2022-03-04T00:00:00+00:00, run_after=2022-03-05T00:00:00+00:00
[2023-07-27T01:51:54.451+0000] {processor.py:179} INFO - Processing /home/airflow/.local/lib/python3.7/site-packages/airflow/example_dags/example_dynamic_task_mapping.py took 0.134 seconds
[2023-07-27T01:52:24.810+0000] {processor.py:157} INFO - Started process (PID=3937) to work on /home/airflow/.local/lib/python3.7/site-packages/airflow/example_dags/example_dynamic_task_mapping.py
[2023-07-27T01:52:24.811+0000] {processor.py:826} INFO - Processing file /home/airflow/.local/lib/python3.7/site-packages/airflow/example_dags/example_dynamic_task_mapping.py for tasks to queue
[2023-07-27T01:52:24.812+0000] {logging_mixin.py:150} INFO - [2023-07-27T01:52:24.812+0000] {dagbag.py:541} INFO - Filling up the DagBag from /home/airflow/.local/lib/python3.7/site-packages/airflow/example_dags/example_dynamic_task_mapping.py
[2023-07-27T01:52:24.821+0000] {processor.py:836} INFO - DAG(s) dict_keys(['example_dynamic_task_mapping']) retrieved from /home/airflow/.local/lib/python3.7/site-packages/airflow/example_dags/example_dynamic_task_mapping.py
[2023-07-27T01:52:24.847+0000] {logging_mixin.py:150} INFO - [2023-07-27T01:52:24.847+0000] {dag.py:2742} INFO - Sync 1 DAGs
[2023-07-27T01:52:24.876+0000] {logging_mixin.py:150} INFO - [2023-07-27T01:52:24.875+0000] {dag.py:3508} INFO - Setting next_dagrun for example_dynamic_task_mapping to 2022-03-04T00:00:00+00:00, run_after=2022-03-05T00:00:00+00:00
[2023-07-27T01:52:24.897+0000] {processor.py:179} INFO - Processing /home/airflow/.local/lib/python3.7/site-packages/airflow/example_dags/example_dynamic_task_mapping.py took 0.091 seconds
[2023-07-27T01:52:55.564+0000] {processor.py:157} INFO - Started process (PID=3996) to work on /home/airflow/.local/lib/python3.7/site-packages/airflow/example_dags/example_dynamic_task_mapping.py
[2023-07-27T01:52:55.565+0000] {processor.py:826} INFO - Processing file /home/airflow/.local/lib/python3.7/site-packages/airflow/example_dags/example_dynamic_task_mapping.py for tasks to queue
[2023-07-27T01:52:55.566+0000] {logging_mixin.py:150} INFO - [2023-07-27T01:52:55.566+0000] {dagbag.py:541} INFO - Filling up the DagBag from /home/airflow/.local/lib/python3.7/site-packages/airflow/example_dags/example_dynamic_task_mapping.py
[2023-07-27T01:52:55.574+0000] {processor.py:836} INFO - DAG(s) dict_keys(['example_dynamic_task_mapping']) retrieved from /home/airflow/.local/lib/python3.7/site-packages/airflow/example_dags/example_dynamic_task_mapping.py
[2023-07-27T01:52:55.599+0000] {logging_mixin.py:150} INFO - [2023-07-27T01:52:55.599+0000] {dag.py:2742} INFO - Sync 1 DAGs
[2023-07-27T01:52:55.627+0000] {logging_mixin.py:150} INFO - [2023-07-27T01:52:55.626+0000] {dag.py:3508} INFO - Setting next_dagrun for example_dynamic_task_mapping to 2022-03-04T00:00:00+00:00, run_after=2022-03-05T00:00:00+00:00
[2023-07-27T01:52:55.649+0000] {processor.py:179} INFO - Processing /home/airflow/.local/lib/python3.7/site-packages/airflow/example_dags/example_dynamic_task_mapping.py took 0.088 seconds
[2023-07-27T01:53:25.713+0000] {processor.py:157} INFO - Started process (PID=4056) to work on /home/airflow/.local/lib/python3.7/site-packages/airflow/example_dags/example_dynamic_task_mapping.py
[2023-07-27T01:53:25.714+0000] {processor.py:826} INFO - Processing file /home/airflow/.local/lib/python3.7/site-packages/airflow/example_dags/example_dynamic_task_mapping.py for tasks to queue
[2023-07-27T01:53:25.715+0000] {logging_mixin.py:150} INFO - [2023-07-27T01:53:25.715+0000] {dagbag.py:541} INFO - Filling up the DagBag from /home/airflow/.local/lib/python3.7/site-packages/airflow/example_dags/example_dynamic_task_mapping.py
[2023-07-27T01:53:25.723+0000] {processor.py:836} INFO - DAG(s) dict_keys(['example_dynamic_task_mapping']) retrieved from /home/airflow/.local/lib/python3.7/site-packages/airflow/example_dags/example_dynamic_task_mapping.py
[2023-07-27T01:53:25.747+0000] {logging_mixin.py:150} INFO - [2023-07-27T01:53:25.746+0000] {dag.py:2742} INFO - Sync 1 DAGs
[2023-07-27T01:53:25.775+0000] {logging_mixin.py:150} INFO - [2023-07-27T01:53:25.774+0000] {dag.py:3508} INFO - Setting next_dagrun for example_dynamic_task_mapping to 2022-03-04T00:00:00+00:00, run_after=2022-03-05T00:00:00+00:00
[2023-07-27T01:53:25.797+0000] {processor.py:179} INFO - Processing /home/airflow/.local/lib/python3.7/site-packages/airflow/example_dags/example_dynamic_task_mapping.py took 0.088 seconds
[2023-07-27T01:53:56.061+0000] {processor.py:157} INFO - Started process (PID=4116) to work on /home/airflow/.local/lib/python3.7/site-packages/airflow/example_dags/example_dynamic_task_mapping.py
[2023-07-27T01:53:56.062+0000] {processor.py:826} INFO - Processing file /home/airflow/.local/lib/python3.7/site-packages/airflow/example_dags/example_dynamic_task_mapping.py for tasks to queue
[2023-07-27T01:53:56.063+0000] {logging_mixin.py:150} INFO - [2023-07-27T01:53:56.063+0000] {dagbag.py:541} INFO - Filling up the DagBag from /home/airflow/.local/lib/python3.7/site-packages/airflow/example_dags/example_dynamic_task_mapping.py
[2023-07-27T01:53:56.071+0000] {processor.py:836} INFO - DAG(s) dict_keys(['example_dynamic_task_mapping']) retrieved from /home/airflow/.local/lib/python3.7/site-packages/airflow/example_dags/example_dynamic_task_mapping.py
[2023-07-27T01:53:56.097+0000] {logging_mixin.py:150} INFO - [2023-07-27T01:53:56.097+0000] {dag.py:2742} INFO - Sync 1 DAGs
[2023-07-27T01:53:56.125+0000] {logging_mixin.py:150} INFO - [2023-07-27T01:53:56.125+0000] {dag.py:3508} INFO - Setting next_dagrun for example_dynamic_task_mapping to 2022-03-04T00:00:00+00:00, run_after=2022-03-05T00:00:00+00:00
[2023-07-27T01:53:56.146+0000] {processor.py:179} INFO - Processing /home/airflow/.local/lib/python3.7/site-packages/airflow/example_dags/example_dynamic_task_mapping.py took 0.088 seconds
[2023-07-27T01:54:26.412+0000] {processor.py:157} INFO - Started process (PID=4176) to work on /home/airflow/.local/lib/python3.7/site-packages/airflow/example_dags/example_dynamic_task_mapping.py
[2023-07-27T01:54:26.414+0000] {processor.py:826} INFO - Processing file /home/airflow/.local/lib/python3.7/site-packages/airflow/example_dags/example_dynamic_task_mapping.py for tasks to queue
[2023-07-27T01:54:26.415+0000] {logging_mixin.py:150} INFO - [2023-07-27T01:54:26.415+0000] {dagbag.py:541} INFO - Filling up the DagBag from /home/airflow/.local/lib/python3.7/site-packages/airflow/example_dags/example_dynamic_task_mapping.py
[2023-07-27T01:54:26.423+0000] {processor.py:836} INFO - DAG(s) dict_keys(['example_dynamic_task_mapping']) retrieved from /home/airflow/.local/lib/python3.7/site-packages/airflow/example_dags/example_dynamic_task_mapping.py
[2023-07-27T01:54:26.447+0000] {logging_mixin.py:150} INFO - [2023-07-27T01:54:26.447+0000] {dag.py:2742} INFO - Sync 1 DAGs
[2023-07-27T01:54:26.474+0000] {logging_mixin.py:150} INFO - [2023-07-27T01:54:26.474+0000] {dag.py:3508} INFO - Setting next_dagrun for example_dynamic_task_mapping to 2022-03-04T00:00:00+00:00, run_after=2022-03-05T00:00:00+00:00
[2023-07-27T01:54:26.497+0000] {processor.py:179} INFO - Processing /home/airflow/.local/lib/python3.7/site-packages/airflow/example_dags/example_dynamic_task_mapping.py took 0.088 seconds
[2023-07-27T01:54:57.006+0000] {processor.py:157} INFO - Started process (PID=4236) to work on /home/airflow/.local/lib/python3.7/site-packages/airflow/example_dags/example_dynamic_task_mapping.py
[2023-07-27T01:54:57.007+0000] {processor.py:826} INFO - Processing file /home/airflow/.local/lib/python3.7/site-packages/airflow/example_dags/example_dynamic_task_mapping.py for tasks to queue
[2023-07-27T01:54:57.008+0000] {logging_mixin.py:150} INFO - [2023-07-27T01:54:57.008+0000] {dagbag.py:541} INFO - Filling up the DagBag from /home/airflow/.local/lib/python3.7/site-packages/airflow/example_dags/example_dynamic_task_mapping.py
[2023-07-27T01:54:57.016+0000] {processor.py:836} INFO - DAG(s) dict_keys(['example_dynamic_task_mapping']) retrieved from /home/airflow/.local/lib/python3.7/site-packages/airflow/example_dags/example_dynamic_task_mapping.py
[2023-07-27T01:54:57.040+0000] {logging_mixin.py:150} INFO - [2023-07-27T01:54:57.040+0000] {dag.py:2742} INFO - Sync 1 DAGs
[2023-07-27T01:54:57.067+0000] {logging_mixin.py:150} INFO - [2023-07-27T01:54:57.066+0000] {dag.py:3508} INFO - Setting next_dagrun for example_dynamic_task_mapping to 2022-03-04T00:00:00+00:00, run_after=2022-03-05T00:00:00+00:00
[2023-07-27T01:54:57.088+0000] {processor.py:179} INFO - Processing /home/airflow/.local/lib/python3.7/site-packages/airflow/example_dags/example_dynamic_task_mapping.py took 0.086 seconds
[2023-07-27T01:55:27.624+0000] {processor.py:157} INFO - Started process (PID=4296) to work on /home/airflow/.local/lib/python3.7/site-packages/airflow/example_dags/example_dynamic_task_mapping.py
[2023-07-27T01:55:27.625+0000] {processor.py:826} INFO - Processing file /home/airflow/.local/lib/python3.7/site-packages/airflow/example_dags/example_dynamic_task_mapping.py for tasks to queue
[2023-07-27T01:55:27.626+0000] {logging_mixin.py:150} INFO - [2023-07-27T01:55:27.626+0000] {dagbag.py:541} INFO - Filling up the DagBag from /home/airflow/.local/lib/python3.7/site-packages/airflow/example_dags/example_dynamic_task_mapping.py
[2023-07-27T01:55:27.634+0000] {processor.py:836} INFO - DAG(s) dict_keys(['example_dynamic_task_mapping']) retrieved from /home/airflow/.local/lib/python3.7/site-packages/airflow/example_dags/example_dynamic_task_mapping.py
[2023-07-27T01:55:27.658+0000] {logging_mixin.py:150} INFO - [2023-07-27T01:55:27.658+0000] {dag.py:2742} INFO - Sync 1 DAGs
[2023-07-27T01:55:27.686+0000] {logging_mixin.py:150} INFO - [2023-07-27T01:55:27.686+0000] {dag.py:3508} INFO - Setting next_dagrun for example_dynamic_task_mapping to 2022-03-04T00:00:00+00:00, run_after=2022-03-05T00:00:00+00:00
[2023-07-27T01:55:27.709+0000] {processor.py:179} INFO - Processing /home/airflow/.local/lib/python3.7/site-packages/airflow/example_dags/example_dynamic_task_mapping.py took 0.089 seconds
[2023-07-27T01:55:57.918+0000] {processor.py:157} INFO - Started process (PID=4354) to work on /home/airflow/.local/lib/python3.7/site-packages/airflow/example_dags/example_dynamic_task_mapping.py
[2023-07-27T01:55:57.920+0000] {processor.py:826} INFO - Processing file /home/airflow/.local/lib/python3.7/site-packages/airflow/example_dags/example_dynamic_task_mapping.py for tasks to queue
[2023-07-27T01:55:57.922+0000] {logging_mixin.py:150} INFO - [2023-07-27T01:55:57.922+0000] {dagbag.py:541} INFO - Filling up the DagBag from /home/airflow/.local/lib/python3.7/site-packages/airflow/example_dags/example_dynamic_task_mapping.py
[2023-07-27T01:55:57.934+0000] {processor.py:836} INFO - DAG(s) dict_keys(['example_dynamic_task_mapping']) retrieved from /home/airflow/.local/lib/python3.7/site-packages/airflow/example_dags/example_dynamic_task_mapping.py
[2023-07-27T01:55:57.962+0000] {logging_mixin.py:150} INFO - [2023-07-27T01:55:57.962+0000] {dag.py:2742} INFO - Sync 1 DAGs
[2023-07-27T01:55:57.988+0000] {logging_mixin.py:150} INFO - [2023-07-27T01:55:57.988+0000] {dag.py:3508} INFO - Setting next_dagrun for example_dynamic_task_mapping to 2022-03-04T00:00:00+00:00, run_after=2022-03-05T00:00:00+00:00
[2023-07-27T01:55:58.010+0000] {processor.py:179} INFO - Processing /home/airflow/.local/lib/python3.7/site-packages/airflow/example_dags/example_dynamic_task_mapping.py took 0.101 seconds
[2023-07-27T01:56:28.417+0000] {processor.py:157} INFO - Started process (PID=4415) to work on /home/airflow/.local/lib/python3.7/site-packages/airflow/example_dags/example_dynamic_task_mapping.py
[2023-07-27T01:56:28.418+0000] {processor.py:826} INFO - Processing file /home/airflow/.local/lib/python3.7/site-packages/airflow/example_dags/example_dynamic_task_mapping.py for tasks to queue
[2023-07-27T01:56:28.419+0000] {logging_mixin.py:150} INFO - [2023-07-27T01:56:28.419+0000] {dagbag.py:541} INFO - Filling up the DagBag from /home/airflow/.local/lib/python3.7/site-packages/airflow/example_dags/example_dynamic_task_mapping.py
[2023-07-27T01:56:28.427+0000] {processor.py:836} INFO - DAG(s) dict_keys(['example_dynamic_task_mapping']) retrieved from /home/airflow/.local/lib/python3.7/site-packages/airflow/example_dags/example_dynamic_task_mapping.py
[2023-07-27T01:56:28.452+0000] {logging_mixin.py:150} INFO - [2023-07-27T01:56:28.451+0000] {dag.py:2742} INFO - Sync 1 DAGs
[2023-07-27T01:56:28.478+0000] {logging_mixin.py:150} INFO - [2023-07-27T01:56:28.478+0000] {dag.py:3508} INFO - Setting next_dagrun for example_dynamic_task_mapping to 2022-03-04T00:00:00+00:00, run_after=2022-03-05T00:00:00+00:00
[2023-07-27T01:56:28.500+0000] {processor.py:179} INFO - Processing /home/airflow/.local/lib/python3.7/site-packages/airflow/example_dags/example_dynamic_task_mapping.py took 0.086 seconds
[2023-07-27T01:56:59.058+0000] {processor.py:157} INFO - Started process (PID=4476) to work on /home/airflow/.local/lib/python3.7/site-packages/airflow/example_dags/example_dynamic_task_mapping.py
[2023-07-27T01:56:59.060+0000] {processor.py:826} INFO - Processing file /home/airflow/.local/lib/python3.7/site-packages/airflow/example_dags/example_dynamic_task_mapping.py for tasks to queue
[2023-07-27T01:56:59.061+0000] {logging_mixin.py:150} INFO - [2023-07-27T01:56:59.061+0000] {dagbag.py:541} INFO - Filling up the DagBag from /home/airflow/.local/lib/python3.7/site-packages/airflow/example_dags/example_dynamic_task_mapping.py
[2023-07-27T01:56:59.069+0000] {processor.py:836} INFO - DAG(s) dict_keys(['example_dynamic_task_mapping']) retrieved from /home/airflow/.local/lib/python3.7/site-packages/airflow/example_dags/example_dynamic_task_mapping.py
[2023-07-27T01:56:59.093+0000] {logging_mixin.py:150} INFO - [2023-07-27T01:56:59.093+0000] {dag.py:2742} INFO - Sync 1 DAGs
[2023-07-27T01:56:59.120+0000] {logging_mixin.py:150} INFO - [2023-07-27T01:56:59.120+0000] {dag.py:3508} INFO - Setting next_dagrun for example_dynamic_task_mapping to 2022-03-04T00:00:00+00:00, run_after=2022-03-05T00:00:00+00:00
[2023-07-27T01:56:59.158+0000] {processor.py:179} INFO - Processing /home/airflow/.local/lib/python3.7/site-packages/airflow/example_dags/example_dynamic_task_mapping.py took 0.103 seconds
[2023-07-27T01:57:29.262+0000] {processor.py:157} INFO - Started process (PID=4537) to work on /home/airflow/.local/lib/python3.7/site-packages/airflow/example_dags/example_dynamic_task_mapping.py
[2023-07-27T01:57:29.263+0000] {processor.py:826} INFO - Processing file /home/airflow/.local/lib/python3.7/site-packages/airflow/example_dags/example_dynamic_task_mapping.py for tasks to queue
[2023-07-27T01:57:29.265+0000] {logging_mixin.py:150} INFO - [2023-07-27T01:57:29.264+0000] {dagbag.py:541} INFO - Filling up the DagBag from /home/airflow/.local/lib/python3.7/site-packages/airflow/example_dags/example_dynamic_task_mapping.py
[2023-07-27T01:57:29.272+0000] {processor.py:836} INFO - DAG(s) dict_keys(['example_dynamic_task_mapping']) retrieved from /home/airflow/.local/lib/python3.7/site-packages/airflow/example_dags/example_dynamic_task_mapping.py
[2023-07-27T01:57:29.296+0000] {logging_mixin.py:150} INFO - [2023-07-27T01:57:29.295+0000] {dag.py:2742} INFO - Sync 1 DAGs
[2023-07-27T01:57:29.323+0000] {logging_mixin.py:150} INFO - [2023-07-27T01:57:29.323+0000] {dag.py:3508} INFO - Setting next_dagrun for example_dynamic_task_mapping to 2022-03-04T00:00:00+00:00, run_after=2022-03-05T00:00:00+00:00
[2023-07-27T01:57:29.345+0000] {processor.py:179} INFO - Processing /home/airflow/.local/lib/python3.7/site-packages/airflow/example_dags/example_dynamic_task_mapping.py took 0.087 seconds
[2023-07-27T01:57:59.695+0000] {processor.py:157} INFO - Started process (PID=4597) to work on /home/airflow/.local/lib/python3.7/site-packages/airflow/example_dags/example_dynamic_task_mapping.py
[2023-07-27T01:57:59.696+0000] {processor.py:826} INFO - Processing file /home/airflow/.local/lib/python3.7/site-packages/airflow/example_dags/example_dynamic_task_mapping.py for tasks to queue
[2023-07-27T01:57:59.698+0000] {logging_mixin.py:150} INFO - [2023-07-27T01:57:59.697+0000] {dagbag.py:541} INFO - Filling up the DagBag from /home/airflow/.local/lib/python3.7/site-packages/airflow/example_dags/example_dynamic_task_mapping.py
[2023-07-27T01:57:59.706+0000] {processor.py:836} INFO - DAG(s) dict_keys(['example_dynamic_task_mapping']) retrieved from /home/airflow/.local/lib/python3.7/site-packages/airflow/example_dags/example_dynamic_task_mapping.py
[2023-07-27T01:57:59.730+0000] {logging_mixin.py:150} INFO - [2023-07-27T01:57:59.730+0000] {dag.py:2742} INFO - Sync 1 DAGs
[2023-07-27T01:57:59.761+0000] {logging_mixin.py:150} INFO - [2023-07-27T01:57:59.761+0000] {dag.py:3508} INFO - Setting next_dagrun for example_dynamic_task_mapping to 2022-03-04T00:00:00+00:00, run_after=2022-03-05T00:00:00+00:00
[2023-07-27T01:57:59.786+0000] {processor.py:179} INFO - Processing /home/airflow/.local/lib/python3.7/site-packages/airflow/example_dags/example_dynamic_task_mapping.py took 0.095 seconds
[2023-07-27T01:58:29.896+0000] {processor.py:157} INFO - Started process (PID=4657) to work on /home/airflow/.local/lib/python3.7/site-packages/airflow/example_dags/example_dynamic_task_mapping.py
[2023-07-27T01:58:29.897+0000] {processor.py:826} INFO - Processing file /home/airflow/.local/lib/python3.7/site-packages/airflow/example_dags/example_dynamic_task_mapping.py for tasks to queue
[2023-07-27T01:58:29.899+0000] {logging_mixin.py:150} INFO - [2023-07-27T01:58:29.898+0000] {dagbag.py:541} INFO - Filling up the DagBag from /home/airflow/.local/lib/python3.7/site-packages/airflow/example_dags/example_dynamic_task_mapping.py
[2023-07-27T01:58:29.906+0000] {processor.py:836} INFO - DAG(s) dict_keys(['example_dynamic_task_mapping']) retrieved from /home/airflow/.local/lib/python3.7/site-packages/airflow/example_dags/example_dynamic_task_mapping.py
[2023-07-27T01:58:29.930+0000] {logging_mixin.py:150} INFO - [2023-07-27T01:58:29.930+0000] {dag.py:2742} INFO - Sync 1 DAGs
[2023-07-27T01:58:29.957+0000] {logging_mixin.py:150} INFO - [2023-07-27T01:58:29.956+0000] {dag.py:3508} INFO - Setting next_dagrun for example_dynamic_task_mapping to 2022-03-04T00:00:00+00:00, run_after=2022-03-05T00:00:00+00:00
[2023-07-27T01:58:29.980+0000] {processor.py:179} INFO - Processing /home/airflow/.local/lib/python3.7/site-packages/airflow/example_dags/example_dynamic_task_mapping.py took 0.087 seconds
[2023-07-27T01:59:00.320+0000] {processor.py:157} INFO - Started process (PID=4717) to work on /home/airflow/.local/lib/python3.7/site-packages/airflow/example_dags/example_dynamic_task_mapping.py
[2023-07-27T01:59:00.322+0000] {processor.py:826} INFO - Processing file /home/airflow/.local/lib/python3.7/site-packages/airflow/example_dags/example_dynamic_task_mapping.py for tasks to queue
[2023-07-27T01:59:00.324+0000] {logging_mixin.py:150} INFO - [2023-07-27T01:59:00.323+0000] {dagbag.py:541} INFO - Filling up the DagBag from /home/airflow/.local/lib/python3.7/site-packages/airflow/example_dags/example_dynamic_task_mapping.py
[2023-07-27T01:59:00.335+0000] {processor.py:836} INFO - DAG(s) dict_keys(['example_dynamic_task_mapping']) retrieved from /home/airflow/.local/lib/python3.7/site-packages/airflow/example_dags/example_dynamic_task_mapping.py
[2023-07-27T01:59:00.360+0000] {logging_mixin.py:150} INFO - [2023-07-27T01:59:00.360+0000] {dag.py:2742} INFO - Sync 1 DAGs
[2023-07-27T01:59:00.386+0000] {logging_mixin.py:150} INFO - [2023-07-27T01:59:00.386+0000] {dag.py:3508} INFO - Setting next_dagrun for example_dynamic_task_mapping to 2022-03-04T00:00:00+00:00, run_after=2022-03-05T00:00:00+00:00
[2023-07-27T01:59:00.409+0000] {processor.py:179} INFO - Processing /home/airflow/.local/lib/python3.7/site-packages/airflow/example_dags/example_dynamic_task_mapping.py took 0.094 seconds
[2023-07-27T01:59:30.614+0000] {processor.py:157} INFO - Started process (PID=4777) to work on /home/airflow/.local/lib/python3.7/site-packages/airflow/example_dags/example_dynamic_task_mapping.py
[2023-07-27T01:59:30.615+0000] {processor.py:826} INFO - Processing file /home/airflow/.local/lib/python3.7/site-packages/airflow/example_dags/example_dynamic_task_mapping.py for tasks to queue
[2023-07-27T01:59:30.616+0000] {logging_mixin.py:150} INFO - [2023-07-27T01:59:30.616+0000] {dagbag.py:541} INFO - Filling up the DagBag from /home/airflow/.local/lib/python3.7/site-packages/airflow/example_dags/example_dynamic_task_mapping.py
[2023-07-27T01:59:30.624+0000] {processor.py:836} INFO - DAG(s) dict_keys(['example_dynamic_task_mapping']) retrieved from /home/airflow/.local/lib/python3.7/site-packages/airflow/example_dags/example_dynamic_task_mapping.py
[2023-07-27T01:59:30.650+0000] {logging_mixin.py:150} INFO - [2023-07-27T01:59:30.650+0000] {dag.py:2742} INFO - Sync 1 DAGs
[2023-07-27T01:59:30.677+0000] {logging_mixin.py:150} INFO - [2023-07-27T01:59:30.677+0000] {dag.py:3508} INFO - Setting next_dagrun for example_dynamic_task_mapping to 2022-03-04T00:00:00+00:00, run_after=2022-03-05T00:00:00+00:00
[2023-07-27T01:59:30.700+0000] {processor.py:179} INFO - Processing /home/airflow/.local/lib/python3.7/site-packages/airflow/example_dags/example_dynamic_task_mapping.py took 0.090 seconds
[2023-07-27T02:00:01.333+0000] {processor.py:157} INFO - Started process (PID=4837) to work on /home/airflow/.local/lib/python3.7/site-packages/airflow/example_dags/example_dynamic_task_mapping.py
[2023-07-27T02:00:01.335+0000] {processor.py:826} INFO - Processing file /home/airflow/.local/lib/python3.7/site-packages/airflow/example_dags/example_dynamic_task_mapping.py for tasks to queue
[2023-07-27T02:00:01.336+0000] {logging_mixin.py:150} INFO - [2023-07-27T02:00:01.336+0000] {dagbag.py:541} INFO - Filling up the DagBag from /home/airflow/.local/lib/python3.7/site-packages/airflow/example_dags/example_dynamic_task_mapping.py
[2023-07-27T02:00:01.345+0000] {processor.py:836} INFO - DAG(s) dict_keys(['example_dynamic_task_mapping']) retrieved from /home/airflow/.local/lib/python3.7/site-packages/airflow/example_dags/example_dynamic_task_mapping.py
[2023-07-27T02:00:01.370+0000] {logging_mixin.py:150} INFO - [2023-07-27T02:00:01.370+0000] {dag.py:2742} INFO - Sync 1 DAGs
[2023-07-27T02:00:01.398+0000] {logging_mixin.py:150} INFO - [2023-07-27T02:00:01.397+0000] {dag.py:3508} INFO - Setting next_dagrun for example_dynamic_task_mapping to 2022-03-04T00:00:00+00:00, run_after=2022-03-05T00:00:00+00:00
[2023-07-27T02:00:01.420+0000] {processor.py:179} INFO - Processing /home/airflow/.local/lib/python3.7/site-packages/airflow/example_dags/example_dynamic_task_mapping.py took 0.091 seconds
[2023-07-27T02:00:32.305+0000] {processor.py:157} INFO - Started process (PID=4897) to work on /home/airflow/.local/lib/python3.7/site-packages/airflow/example_dags/example_dynamic_task_mapping.py
[2023-07-27T02:00:32.306+0000] {processor.py:826} INFO - Processing file /home/airflow/.local/lib/python3.7/site-packages/airflow/example_dags/example_dynamic_task_mapping.py for tasks to queue
[2023-07-27T02:00:32.307+0000] {logging_mixin.py:150} INFO - [2023-07-27T02:00:32.307+0000] {dagbag.py:541} INFO - Filling up the DagBag from /home/airflow/.local/lib/python3.7/site-packages/airflow/example_dags/example_dynamic_task_mapping.py
[2023-07-27T02:00:32.316+0000] {processor.py:836} INFO - DAG(s) dict_keys(['example_dynamic_task_mapping']) retrieved from /home/airflow/.local/lib/python3.7/site-packages/airflow/example_dags/example_dynamic_task_mapping.py
[2023-07-27T02:00:32.340+0000] {logging_mixin.py:150} INFO - [2023-07-27T02:00:32.340+0000] {dag.py:2742} INFO - Sync 1 DAGs
[2023-07-27T02:00:32.376+0000] {logging_mixin.py:150} INFO - [2023-07-27T02:00:32.376+0000] {dag.py:3508} INFO - Setting next_dagrun for example_dynamic_task_mapping to 2022-03-04T00:00:00+00:00, run_after=2022-03-05T00:00:00+00:00
[2023-07-27T02:00:32.400+0000] {processor.py:179} INFO - Processing /home/airflow/.local/lib/python3.7/site-packages/airflow/example_dags/example_dynamic_task_mapping.py took 0.098 seconds
[2023-07-27T02:01:02.450+0000] {processor.py:157} INFO - Started process (PID=4957) to work on /home/airflow/.local/lib/python3.7/site-packages/airflow/example_dags/example_dynamic_task_mapping.py
[2023-07-27T02:01:02.452+0000] {processor.py:826} INFO - Processing file /home/airflow/.local/lib/python3.7/site-packages/airflow/example_dags/example_dynamic_task_mapping.py for tasks to queue
[2023-07-27T02:01:02.453+0000] {logging_mixin.py:150} INFO - [2023-07-27T02:01:02.453+0000] {dagbag.py:541} INFO - Filling up the DagBag from /home/airflow/.local/lib/python3.7/site-packages/airflow/example_dags/example_dynamic_task_mapping.py
[2023-07-27T02:01:02.461+0000] {processor.py:836} INFO - DAG(s) dict_keys(['example_dynamic_task_mapping']) retrieved from /home/airflow/.local/lib/python3.7/site-packages/airflow/example_dags/example_dynamic_task_mapping.py
[2023-07-27T02:01:02.486+0000] {logging_mixin.py:150} INFO - [2023-07-27T02:01:02.485+0000] {dag.py:2742} INFO - Sync 1 DAGs
[2023-07-27T02:01:02.513+0000] {logging_mixin.py:150} INFO - [2023-07-27T02:01:02.513+0000] {dag.py:3508} INFO - Setting next_dagrun for example_dynamic_task_mapping to 2022-03-04T00:00:00+00:00, run_after=2022-03-05T00:00:00+00:00
[2023-07-27T02:01:02.535+0000] {processor.py:179} INFO - Processing /home/airflow/.local/lib/python3.7/site-packages/airflow/example_dags/example_dynamic_task_mapping.py took 0.088 seconds
[2023-07-27T02:01:32.853+0000] {processor.py:157} INFO - Started process (PID=5017) to work on /home/airflow/.local/lib/python3.7/site-packages/airflow/example_dags/example_dynamic_task_mapping.py
[2023-07-27T02:01:32.855+0000] {processor.py:826} INFO - Processing file /home/airflow/.local/lib/python3.7/site-packages/airflow/example_dags/example_dynamic_task_mapping.py for tasks to queue
[2023-07-27T02:01:32.856+0000] {logging_mixin.py:150} INFO - [2023-07-27T02:01:32.856+0000] {dagbag.py:541} INFO - Filling up the DagBag from /home/airflow/.local/lib/python3.7/site-packages/airflow/example_dags/example_dynamic_task_mapping.py
[2023-07-27T02:01:32.865+0000] {processor.py:836} INFO - DAG(s) dict_keys(['example_dynamic_task_mapping']) retrieved from /home/airflow/.local/lib/python3.7/site-packages/airflow/example_dags/example_dynamic_task_mapping.py
[2023-07-27T02:01:32.890+0000] {logging_mixin.py:150} INFO - [2023-07-27T02:01:32.890+0000] {dag.py:2742} INFO - Sync 1 DAGs
[2023-07-27T02:01:32.917+0000] {logging_mixin.py:150} INFO - [2023-07-27T02:01:32.917+0000] {dag.py:3508} INFO - Setting next_dagrun for example_dynamic_task_mapping to 2022-03-04T00:00:00+00:00, run_after=2022-03-05T00:00:00+00:00
[2023-07-27T02:01:32.939+0000] {processor.py:179} INFO - Processing /home/airflow/.local/lib/python3.7/site-packages/airflow/example_dags/example_dynamic_task_mapping.py took 0.090 seconds
[2023-07-27T02:02:03.066+0000] {processor.py:157} INFO - Started process (PID=5077) to work on /home/airflow/.local/lib/python3.7/site-packages/airflow/example_dags/example_dynamic_task_mapping.py
[2023-07-27T02:02:03.067+0000] {processor.py:826} INFO - Processing file /home/airflow/.local/lib/python3.7/site-packages/airflow/example_dags/example_dynamic_task_mapping.py for tasks to queue
[2023-07-27T02:02:03.068+0000] {logging_mixin.py:150} INFO - [2023-07-27T02:02:03.068+0000] {dagbag.py:541} INFO - Filling up the DagBag from /home/airflow/.local/lib/python3.7/site-packages/airflow/example_dags/example_dynamic_task_mapping.py
[2023-07-27T02:02:03.076+0000] {processor.py:836} INFO - DAG(s) dict_keys(['example_dynamic_task_mapping']) retrieved from /home/airflow/.local/lib/python3.7/site-packages/airflow/example_dags/example_dynamic_task_mapping.py
[2023-07-27T02:02:03.101+0000] {logging_mixin.py:150} INFO - [2023-07-27T02:02:03.100+0000] {dag.py:2742} INFO - Sync 1 DAGs
[2023-07-27T02:02:03.127+0000] {logging_mixin.py:150} INFO - [2023-07-27T02:02:03.127+0000] {dag.py:3508} INFO - Setting next_dagrun for example_dynamic_task_mapping to 2022-03-04T00:00:00+00:00, run_after=2022-03-05T00:00:00+00:00
[2023-07-27T02:02:03.151+0000] {processor.py:179} INFO - Processing /home/airflow/.local/lib/python3.7/site-packages/airflow/example_dags/example_dynamic_task_mapping.py took 0.089 seconds
[2023-07-27T02:02:33.267+0000] {processor.py:157} INFO - Started process (PID=5138) to work on /home/airflow/.local/lib/python3.7/site-packages/airflow/example_dags/example_dynamic_task_mapping.py
[2023-07-27T02:02:33.268+0000] {processor.py:826} INFO - Processing file /home/airflow/.local/lib/python3.7/site-packages/airflow/example_dags/example_dynamic_task_mapping.py for tasks to queue
[2023-07-27T02:02:33.269+0000] {logging_mixin.py:150} INFO - [2023-07-27T02:02:33.269+0000] {dagbag.py:541} INFO - Filling up the DagBag from /home/airflow/.local/lib/python3.7/site-packages/airflow/example_dags/example_dynamic_task_mapping.py
[2023-07-27T02:02:33.277+0000] {processor.py:836} INFO - DAG(s) dict_keys(['example_dynamic_task_mapping']) retrieved from /home/airflow/.local/lib/python3.7/site-packages/airflow/example_dags/example_dynamic_task_mapping.py
[2023-07-27T02:02:33.302+0000] {logging_mixin.py:150} INFO - [2023-07-27T02:02:33.302+0000] {dag.py:2742} INFO - Sync 1 DAGs
[2023-07-27T02:02:33.329+0000] {logging_mixin.py:150} INFO - [2023-07-27T02:02:33.328+0000] {dag.py:3508} INFO - Setting next_dagrun for example_dynamic_task_mapping to 2022-03-04T00:00:00+00:00, run_after=2022-03-05T00:00:00+00:00
[2023-07-27T02:02:33.351+0000] {processor.py:179} INFO - Processing /home/airflow/.local/lib/python3.7/site-packages/airflow/example_dags/example_dynamic_task_mapping.py took 0.087 seconds
[2023-07-27T02:03:03.403+0000] {processor.py:157} INFO - Started process (PID=5198) to work on /home/airflow/.local/lib/python3.7/site-packages/airflow/example_dags/example_dynamic_task_mapping.py
[2023-07-27T02:03:03.404+0000] {processor.py:826} INFO - Processing file /home/airflow/.local/lib/python3.7/site-packages/airflow/example_dags/example_dynamic_task_mapping.py for tasks to queue
[2023-07-27T02:03:03.405+0000] {logging_mixin.py:150} INFO - [2023-07-27T02:03:03.405+0000] {dagbag.py:541} INFO - Filling up the DagBag from /home/airflow/.local/lib/python3.7/site-packages/airflow/example_dags/example_dynamic_task_mapping.py
[2023-07-27T02:03:03.413+0000] {processor.py:836} INFO - DAG(s) dict_keys(['example_dynamic_task_mapping']) retrieved from /home/airflow/.local/lib/python3.7/site-packages/airflow/example_dags/example_dynamic_task_mapping.py
[2023-07-27T02:03:03.438+0000] {logging_mixin.py:150} INFO - [2023-07-27T02:03:03.437+0000] {dag.py:2742} INFO - Sync 1 DAGs
[2023-07-27T02:03:03.464+0000] {logging_mixin.py:150} INFO - [2023-07-27T02:03:03.464+0000] {dag.py:3508} INFO - Setting next_dagrun for example_dynamic_task_mapping to 2022-03-04T00:00:00+00:00, run_after=2022-03-05T00:00:00+00:00
[2023-07-27T02:03:03.514+0000] {processor.py:179} INFO - Processing /home/airflow/.local/lib/python3.7/site-packages/airflow/example_dags/example_dynamic_task_mapping.py took 0.115 seconds
[2023-07-27T02:03:33.682+0000] {processor.py:157} INFO - Started process (PID=5258) to work on /home/airflow/.local/lib/python3.7/site-packages/airflow/example_dags/example_dynamic_task_mapping.py
[2023-07-27T02:03:33.685+0000] {processor.py:826} INFO - Processing file /home/airflow/.local/lib/python3.7/site-packages/airflow/example_dags/example_dynamic_task_mapping.py for tasks to queue
[2023-07-27T02:03:33.687+0000] {logging_mixin.py:150} INFO - [2023-07-27T02:03:33.686+0000] {dagbag.py:541} INFO - Filling up the DagBag from /home/airflow/.local/lib/python3.7/site-packages/airflow/example_dags/example_dynamic_task_mapping.py
[2023-07-27T02:03:33.699+0000] {processor.py:836} INFO - DAG(s) dict_keys(['example_dynamic_task_mapping']) retrieved from /home/airflow/.local/lib/python3.7/site-packages/airflow/example_dags/example_dynamic_task_mapping.py
[2023-07-27T02:03:33.734+0000] {logging_mixin.py:150} INFO - [2023-07-27T02:03:33.734+0000] {dag.py:2742} INFO - Sync 1 DAGs
[2023-07-27T02:03:33.761+0000] {logging_mixin.py:150} INFO - [2023-07-27T02:03:33.761+0000] {dag.py:3508} INFO - Setting next_dagrun for example_dynamic_task_mapping to 2022-03-04T00:00:00+00:00, run_after=2022-03-05T00:00:00+00:00
[2023-07-27T02:03:33.783+0000] {processor.py:179} INFO - Processing /home/airflow/.local/lib/python3.7/site-packages/airflow/example_dags/example_dynamic_task_mapping.py took 0.107 seconds
[2023-07-27T02:04:04.194+0000] {processor.py:157} INFO - Started process (PID=5318) to work on /home/airflow/.local/lib/python3.7/site-packages/airflow/example_dags/example_dynamic_task_mapping.py
[2023-07-27T02:04:04.196+0000] {processor.py:826} INFO - Processing file /home/airflow/.local/lib/python3.7/site-packages/airflow/example_dags/example_dynamic_task_mapping.py for tasks to queue
[2023-07-27T02:04:04.197+0000] {logging_mixin.py:150} INFO - [2023-07-27T02:04:04.197+0000] {dagbag.py:541} INFO - Filling up the DagBag from /home/airflow/.local/lib/python3.7/site-packages/airflow/example_dags/example_dynamic_task_mapping.py
[2023-07-27T02:04:04.205+0000] {processor.py:836} INFO - DAG(s) dict_keys(['example_dynamic_task_mapping']) retrieved from /home/airflow/.local/lib/python3.7/site-packages/airflow/example_dags/example_dynamic_task_mapping.py
[2023-07-27T02:04:04.230+0000] {logging_mixin.py:150} INFO - [2023-07-27T02:04:04.229+0000] {dag.py:2742} INFO - Sync 1 DAGs
[2023-07-27T02:04:04.257+0000] {logging_mixin.py:150} INFO - [2023-07-27T02:04:04.257+0000] {dag.py:3508} INFO - Setting next_dagrun for example_dynamic_task_mapping to 2022-03-04T00:00:00+00:00, run_after=2022-03-05T00:00:00+00:00
[2023-07-27T02:04:04.279+0000] {processor.py:179} INFO - Processing /home/airflow/.local/lib/python3.7/site-packages/airflow/example_dags/example_dynamic_task_mapping.py took 0.089 seconds
[2023-07-27T02:04:34.486+0000] {processor.py:157} INFO - Started process (PID=5378) to work on /home/airflow/.local/lib/python3.7/site-packages/airflow/example_dags/example_dynamic_task_mapping.py
[2023-07-27T02:04:34.487+0000] {processor.py:826} INFO - Processing file /home/airflow/.local/lib/python3.7/site-packages/airflow/example_dags/example_dynamic_task_mapping.py for tasks to queue
[2023-07-27T02:04:34.488+0000] {logging_mixin.py:150} INFO - [2023-07-27T02:04:34.488+0000] {dagbag.py:541} INFO - Filling up the DagBag from /home/airflow/.local/lib/python3.7/site-packages/airflow/example_dags/example_dynamic_task_mapping.py
[2023-07-27T02:04:34.496+0000] {processor.py:836} INFO - DAG(s) dict_keys(['example_dynamic_task_mapping']) retrieved from /home/airflow/.local/lib/python3.7/site-packages/airflow/example_dags/example_dynamic_task_mapping.py
[2023-07-27T02:04:34.520+0000] {logging_mixin.py:150} INFO - [2023-07-27T02:04:34.520+0000] {dag.py:2742} INFO - Sync 1 DAGs
[2023-07-27T02:04:34.547+0000] {logging_mixin.py:150} INFO - [2023-07-27T02:04:34.547+0000] {dag.py:3508} INFO - Setting next_dagrun for example_dynamic_task_mapping to 2022-03-04T00:00:00+00:00, run_after=2022-03-05T00:00:00+00:00
[2023-07-27T02:04:34.569+0000] {processor.py:179} INFO - Processing /home/airflow/.local/lib/python3.7/site-packages/airflow/example_dags/example_dynamic_task_mapping.py took 0.086 seconds
[2023-07-27T02:05:04.839+0000] {processor.py:157} INFO - Started process (PID=5438) to work on /home/airflow/.local/lib/python3.7/site-packages/airflow/example_dags/example_dynamic_task_mapping.py
[2023-07-27T02:05:04.841+0000] {processor.py:826} INFO - Processing file /home/airflow/.local/lib/python3.7/site-packages/airflow/example_dags/example_dynamic_task_mapping.py for tasks to queue
[2023-07-27T02:05:04.843+0000] {logging_mixin.py:150} INFO - [2023-07-27T02:05:04.842+0000] {dagbag.py:541} INFO - Filling up the DagBag from /home/airflow/.local/lib/python3.7/site-packages/airflow/example_dags/example_dynamic_task_mapping.py
[2023-07-27T02:05:04.852+0000] {processor.py:836} INFO - DAG(s) dict_keys(['example_dynamic_task_mapping']) retrieved from /home/airflow/.local/lib/python3.7/site-packages/airflow/example_dags/example_dynamic_task_mapping.py
[2023-07-27T02:05:04.877+0000] {logging_mixin.py:150} INFO - [2023-07-27T02:05:04.877+0000] {dag.py:2742} INFO - Sync 1 DAGs
[2023-07-27T02:05:04.905+0000] {logging_mixin.py:150} INFO - [2023-07-27T02:05:04.904+0000] {dag.py:3508} INFO - Setting next_dagrun for example_dynamic_task_mapping to 2022-03-04T00:00:00+00:00, run_after=2022-03-05T00:00:00+00:00
[2023-07-27T02:05:04.926+0000] {processor.py:179} INFO - Processing /home/airflow/.local/lib/python3.7/site-packages/airflow/example_dags/example_dynamic_task_mapping.py took 0.093 seconds
[2023-07-27T02:05:35.674+0000] {processor.py:157} INFO - Started process (PID=5499) to work on /home/airflow/.local/lib/python3.7/site-packages/airflow/example_dags/example_dynamic_task_mapping.py
[2023-07-27T02:05:35.675+0000] {processor.py:826} INFO - Processing file /home/airflow/.local/lib/python3.7/site-packages/airflow/example_dags/example_dynamic_task_mapping.py for tasks to queue
[2023-07-27T02:05:35.676+0000] {logging_mixin.py:150} INFO - [2023-07-27T02:05:35.676+0000] {dagbag.py:541} INFO - Filling up the DagBag from /home/airflow/.local/lib/python3.7/site-packages/airflow/example_dags/example_dynamic_task_mapping.py
[2023-07-27T02:05:35.684+0000] {processor.py:836} INFO - DAG(s) dict_keys(['example_dynamic_task_mapping']) retrieved from /home/airflow/.local/lib/python3.7/site-packages/airflow/example_dags/example_dynamic_task_mapping.py
[2023-07-27T02:05:35.707+0000] {logging_mixin.py:150} INFO - [2023-07-27T02:05:35.707+0000] {dag.py:2742} INFO - Sync 1 DAGs
[2023-07-27T02:05:35.735+0000] {logging_mixin.py:150} INFO - [2023-07-27T02:05:35.735+0000] {dag.py:3508} INFO - Setting next_dagrun for example_dynamic_task_mapping to 2022-03-04T00:00:00+00:00, run_after=2022-03-05T00:00:00+00:00
[2023-07-27T02:05:35.861+0000] {processor.py:179} INFO - Processing /home/airflow/.local/lib/python3.7/site-packages/airflow/example_dags/example_dynamic_task_mapping.py took 0.190 seconds
[2023-07-27T02:06:05.935+0000] {processor.py:157} INFO - Started process (PID=5558) to work on /home/airflow/.local/lib/python3.7/site-packages/airflow/example_dags/example_dynamic_task_mapping.py
[2023-07-27T02:06:05.936+0000] {processor.py:826} INFO - Processing file /home/airflow/.local/lib/python3.7/site-packages/airflow/example_dags/example_dynamic_task_mapping.py for tasks to queue
[2023-07-27T02:06:05.937+0000] {logging_mixin.py:150} INFO - [2023-07-27T02:06:05.937+0000] {dagbag.py:541} INFO - Filling up the DagBag from /home/airflow/.local/lib/python3.7/site-packages/airflow/example_dags/example_dynamic_task_mapping.py
[2023-07-27T02:06:05.945+0000] {processor.py:836} INFO - DAG(s) dict_keys(['example_dynamic_task_mapping']) retrieved from /home/airflow/.local/lib/python3.7/site-packages/airflow/example_dags/example_dynamic_task_mapping.py
[2023-07-27T02:06:05.968+0000] {logging_mixin.py:150} INFO - [2023-07-27T02:06:05.968+0000] {dag.py:2742} INFO - Sync 1 DAGs
[2023-07-27T02:06:05.996+0000] {logging_mixin.py:150} INFO - [2023-07-27T02:06:05.996+0000] {dag.py:3508} INFO - Setting next_dagrun for example_dynamic_task_mapping to 2022-03-04T00:00:00+00:00, run_after=2022-03-05T00:00:00+00:00
[2023-07-27T02:06:06.019+0000] {processor.py:179} INFO - Processing /home/airflow/.local/lib/python3.7/site-packages/airflow/example_dags/example_dynamic_task_mapping.py took 0.087 seconds
[2023-07-27T02:06:36.610+0000] {processor.py:157} INFO - Started process (PID=5618) to work on /home/airflow/.local/lib/python3.7/site-packages/airflow/example_dags/example_dynamic_task_mapping.py
[2023-07-27T02:06:36.611+0000] {processor.py:826} INFO - Processing file /home/airflow/.local/lib/python3.7/site-packages/airflow/example_dags/example_dynamic_task_mapping.py for tasks to queue
[2023-07-27T02:06:36.613+0000] {logging_mixin.py:150} INFO - [2023-07-27T02:06:36.612+0000] {dagbag.py:541} INFO - Filling up the DagBag from /home/airflow/.local/lib/python3.7/site-packages/airflow/example_dags/example_dynamic_task_mapping.py
[2023-07-27T02:06:36.621+0000] {processor.py:836} INFO - DAG(s) dict_keys(['example_dynamic_task_mapping']) retrieved from /home/airflow/.local/lib/python3.7/site-packages/airflow/example_dags/example_dynamic_task_mapping.py
[2023-07-27T02:06:36.645+0000] {logging_mixin.py:150} INFO - [2023-07-27T02:06:36.645+0000] {dag.py:2742} INFO - Sync 1 DAGs
[2023-07-27T02:06:36.673+0000] {logging_mixin.py:150} INFO - [2023-07-27T02:06:36.673+0000] {dag.py:3508} INFO - Setting next_dagrun for example_dynamic_task_mapping to 2022-03-04T00:00:00+00:00, run_after=2022-03-05T00:00:00+00:00
[2023-07-27T02:06:36.695+0000] {processor.py:179} INFO - Processing /home/airflow/.local/lib/python3.7/site-packages/airflow/example_dags/example_dynamic_task_mapping.py took 0.089 seconds
[2023-07-27T02:07:07.253+0000] {processor.py:157} INFO - Started process (PID=5678) to work on /home/airflow/.local/lib/python3.7/site-packages/airflow/example_dags/example_dynamic_task_mapping.py
[2023-07-27T02:07:07.254+0000] {processor.py:826} INFO - Processing file /home/airflow/.local/lib/python3.7/site-packages/airflow/example_dags/example_dynamic_task_mapping.py for tasks to queue
[2023-07-27T02:07:07.256+0000] {logging_mixin.py:150} INFO - [2023-07-27T02:07:07.255+0000] {dagbag.py:541} INFO - Filling up the DagBag from /home/airflow/.local/lib/python3.7/site-packages/airflow/example_dags/example_dynamic_task_mapping.py
[2023-07-27T02:07:07.264+0000] {processor.py:836} INFO - DAG(s) dict_keys(['example_dynamic_task_mapping']) retrieved from /home/airflow/.local/lib/python3.7/site-packages/airflow/example_dags/example_dynamic_task_mapping.py
[2023-07-27T02:07:07.289+0000] {logging_mixin.py:150} INFO - [2023-07-27T02:07:07.289+0000] {dag.py:2742} INFO - Sync 1 DAGs
[2023-07-27T02:07:07.321+0000] {logging_mixin.py:150} INFO - [2023-07-27T02:07:07.321+0000] {dag.py:3508} INFO - Setting next_dagrun for example_dynamic_task_mapping to 2022-03-04T00:00:00+00:00, run_after=2022-03-05T00:00:00+00:00
[2023-07-27T02:07:07.345+0000] {processor.py:179} INFO - Processing /home/airflow/.local/lib/python3.7/site-packages/airflow/example_dags/example_dynamic_task_mapping.py took 0.096 seconds
[2023-07-27T02:07:37.485+0000] {processor.py:157} INFO - Started process (PID=5738) to work on /home/airflow/.local/lib/python3.7/site-packages/airflow/example_dags/example_dynamic_task_mapping.py
[2023-07-27T02:07:37.487+0000] {processor.py:826} INFO - Processing file /home/airflow/.local/lib/python3.7/site-packages/airflow/example_dags/example_dynamic_task_mapping.py for tasks to queue
[2023-07-27T02:07:37.488+0000] {logging_mixin.py:150} INFO - [2023-07-27T02:07:37.488+0000] {dagbag.py:541} INFO - Filling up the DagBag from /home/airflow/.local/lib/python3.7/site-packages/airflow/example_dags/example_dynamic_task_mapping.py
[2023-07-27T02:07:37.496+0000] {processor.py:836} INFO - DAG(s) dict_keys(['example_dynamic_task_mapping']) retrieved from /home/airflow/.local/lib/python3.7/site-packages/airflow/example_dags/example_dynamic_task_mapping.py
[2023-07-27T02:07:37.522+0000] {logging_mixin.py:150} INFO - [2023-07-27T02:07:37.522+0000] {dag.py:2742} INFO - Sync 1 DAGs
[2023-07-27T02:07:37.551+0000] {logging_mixin.py:150} INFO - [2023-07-27T02:07:37.551+0000] {dag.py:3508} INFO - Setting next_dagrun for example_dynamic_task_mapping to 2022-03-04T00:00:00+00:00, run_after=2022-03-05T00:00:00+00:00
[2023-07-27T02:07:37.703+0000] {processor.py:179} INFO - Processing /home/airflow/.local/lib/python3.7/site-packages/airflow/example_dags/example_dynamic_task_mapping.py took 0.221 seconds
[2023-07-27T02:08:08.243+0000] {processor.py:157} INFO - Started process (PID=5798) to work on /home/airflow/.local/lib/python3.7/site-packages/airflow/example_dags/example_dynamic_task_mapping.py
[2023-07-27T02:08:08.244+0000] {processor.py:826} INFO - Processing file /home/airflow/.local/lib/python3.7/site-packages/airflow/example_dags/example_dynamic_task_mapping.py for tasks to queue
[2023-07-27T02:08:08.245+0000] {logging_mixin.py:150} INFO - [2023-07-27T02:08:08.245+0000] {dagbag.py:541} INFO - Filling up the DagBag from /home/airflow/.local/lib/python3.7/site-packages/airflow/example_dags/example_dynamic_task_mapping.py
[2023-07-27T02:08:08.255+0000] {processor.py:836} INFO - DAG(s) dict_keys(['example_dynamic_task_mapping']) retrieved from /home/airflow/.local/lib/python3.7/site-packages/airflow/example_dags/example_dynamic_task_mapping.py
[2023-07-27T02:08:08.281+0000] {logging_mixin.py:150} INFO - [2023-07-27T02:08:08.281+0000] {dag.py:2742} INFO - Sync 1 DAGs
[2023-07-27T02:08:08.314+0000] {logging_mixin.py:150} INFO - [2023-07-27T02:08:08.313+0000] {dag.py:3508} INFO - Setting next_dagrun for example_dynamic_task_mapping to 2022-03-04T00:00:00+00:00, run_after=2022-03-05T00:00:00+00:00
[2023-07-27T02:08:08.336+0000] {processor.py:179} INFO - Processing /home/airflow/.local/lib/python3.7/site-packages/airflow/example_dags/example_dynamic_task_mapping.py took 0.097 seconds
[2023-07-27T02:08:38.725+0000] {processor.py:157} INFO - Started process (PID=5859) to work on /home/airflow/.local/lib/python3.7/site-packages/airflow/example_dags/example_dynamic_task_mapping.py
[2023-07-27T02:08:38.727+0000] {processor.py:826} INFO - Processing file /home/airflow/.local/lib/python3.7/site-packages/airflow/example_dags/example_dynamic_task_mapping.py for tasks to queue
[2023-07-27T02:08:38.728+0000] {logging_mixin.py:150} INFO - [2023-07-27T02:08:38.728+0000] {dagbag.py:541} INFO - Filling up the DagBag from /home/airflow/.local/lib/python3.7/site-packages/airflow/example_dags/example_dynamic_task_mapping.py
[2023-07-27T02:08:38.738+0000] {processor.py:836} INFO - DAG(s) dict_keys(['example_dynamic_task_mapping']) retrieved from /home/airflow/.local/lib/python3.7/site-packages/airflow/example_dags/example_dynamic_task_mapping.py
[2023-07-27T02:08:38.763+0000] {logging_mixin.py:150} INFO - [2023-07-27T02:08:38.763+0000] {dag.py:2742} INFO - Sync 1 DAGs
[2023-07-27T02:08:38.791+0000] {logging_mixin.py:150} INFO - [2023-07-27T02:08:38.791+0000] {dag.py:3508} INFO - Setting next_dagrun for example_dynamic_task_mapping to 2022-03-04T00:00:00+00:00, run_after=2022-03-05T00:00:00+00:00
[2023-07-27T02:08:38.819+0000] {processor.py:179} INFO - Processing /home/airflow/.local/lib/python3.7/site-packages/airflow/example_dags/example_dynamic_task_mapping.py took 0.098 seconds
[2023-07-27T02:09:09.302+0000] {processor.py:157} INFO - Started process (PID=5919) to work on /home/airflow/.local/lib/python3.7/site-packages/airflow/example_dags/example_dynamic_task_mapping.py
[2023-07-27T02:09:09.303+0000] {processor.py:826} INFO - Processing file /home/airflow/.local/lib/python3.7/site-packages/airflow/example_dags/example_dynamic_task_mapping.py for tasks to queue
[2023-07-27T02:09:09.304+0000] {logging_mixin.py:150} INFO - [2023-07-27T02:09:09.304+0000] {dagbag.py:541} INFO - Filling up the DagBag from /home/airflow/.local/lib/python3.7/site-packages/airflow/example_dags/example_dynamic_task_mapping.py
[2023-07-27T02:09:09.312+0000] {processor.py:836} INFO - DAG(s) dict_keys(['example_dynamic_task_mapping']) retrieved from /home/airflow/.local/lib/python3.7/site-packages/airflow/example_dags/example_dynamic_task_mapping.py
[2023-07-27T02:09:09.337+0000] {logging_mixin.py:150} INFO - [2023-07-27T02:09:09.336+0000] {dag.py:2742} INFO - Sync 1 DAGs
[2023-07-27T02:09:09.466+0000] {logging_mixin.py:150} INFO - [2023-07-27T02:09:09.466+0000] {dag.py:3508} INFO - Setting next_dagrun for example_dynamic_task_mapping to 2022-03-04T00:00:00+00:00, run_after=2022-03-05T00:00:00+00:00
[2023-07-27T02:09:09.486+0000] {processor.py:179} INFO - Processing /home/airflow/.local/lib/python3.7/site-packages/airflow/example_dags/example_dynamic_task_mapping.py took 0.187 seconds
[2023-07-27T02:09:39.687+0000] {processor.py:157} INFO - Started process (PID=5979) to work on /home/airflow/.local/lib/python3.7/site-packages/airflow/example_dags/example_dynamic_task_mapping.py
[2023-07-27T02:09:39.688+0000] {processor.py:826} INFO - Processing file /home/airflow/.local/lib/python3.7/site-packages/airflow/example_dags/example_dynamic_task_mapping.py for tasks to queue
[2023-07-27T02:09:39.690+0000] {logging_mixin.py:150} INFO - [2023-07-27T02:09:39.689+0000] {dagbag.py:541} INFO - Filling up the DagBag from /home/airflow/.local/lib/python3.7/site-packages/airflow/example_dags/example_dynamic_task_mapping.py
[2023-07-27T02:09:39.697+0000] {processor.py:836} INFO - DAG(s) dict_keys(['example_dynamic_task_mapping']) retrieved from /home/airflow/.local/lib/python3.7/site-packages/airflow/example_dags/example_dynamic_task_mapping.py
[2023-07-27T02:09:39.722+0000] {logging_mixin.py:150} INFO - [2023-07-27T02:09:39.721+0000] {dag.py:2742} INFO - Sync 1 DAGs
[2023-07-27T02:09:39.751+0000] {logging_mixin.py:150} INFO - [2023-07-27T02:09:39.750+0000] {dag.py:3508} INFO - Setting next_dagrun for example_dynamic_task_mapping to 2022-03-04T00:00:00+00:00, run_after=2022-03-05T00:00:00+00:00
[2023-07-27T02:09:39.773+0000] {processor.py:179} INFO - Processing /home/airflow/.local/lib/python3.7/site-packages/airflow/example_dags/example_dynamic_task_mapping.py took 0.089 seconds
[2023-07-27T02:10:10.574+0000] {processor.py:157} INFO - Started process (PID=6039) to work on /home/airflow/.local/lib/python3.7/site-packages/airflow/example_dags/example_dynamic_task_mapping.py
[2023-07-27T02:10:10.575+0000] {processor.py:826} INFO - Processing file /home/airflow/.local/lib/python3.7/site-packages/airflow/example_dags/example_dynamic_task_mapping.py for tasks to queue
[2023-07-27T02:10:10.578+0000] {logging_mixin.py:150} INFO - [2023-07-27T02:10:10.578+0000] {dagbag.py:541} INFO - Filling up the DagBag from /home/airflow/.local/lib/python3.7/site-packages/airflow/example_dags/example_dynamic_task_mapping.py
[2023-07-27T02:10:10.589+0000] {processor.py:836} INFO - DAG(s) dict_keys(['example_dynamic_task_mapping']) retrieved from /home/airflow/.local/lib/python3.7/site-packages/airflow/example_dags/example_dynamic_task_mapping.py
[2023-07-27T02:10:10.732+0000] {logging_mixin.py:150} INFO - [2023-07-27T02:10:10.732+0000] {dag.py:2742} INFO - Sync 1 DAGs
[2023-07-27T02:10:10.756+0000] {logging_mixin.py:150} INFO - [2023-07-27T02:10:10.756+0000] {dag.py:3508} INFO - Setting next_dagrun for example_dynamic_task_mapping to 2022-03-04T00:00:00+00:00, run_after=2022-03-05T00:00:00+00:00
[2023-07-27T02:10:10.777+0000] {processor.py:179} INFO - Processing /home/airflow/.local/lib/python3.7/site-packages/airflow/example_dags/example_dynamic_task_mapping.py took 0.207 seconds
