[2023-07-27T01:39:08.913+0000] {processor.py:157} INFO - Started process (PID=2368) to work on /home/airflow/.local/lib/python3.7/site-packages/airflow/example_dags/example_complex.py
[2023-07-27T01:39:08.916+0000] {processor.py:826} INFO - Processing file /home/airflow/.local/lib/python3.7/site-packages/airflow/example_dags/example_complex.py for tasks to queue
[2023-07-27T01:39:08.922+0000] {logging_mixin.py:150} INFO - [2023-07-27T01:39:08.921+0000] {dagbag.py:541} INFO - Filling up the DagBag from /home/airflow/.local/lib/python3.7/site-packages/airflow/example_dags/example_complex.py
[2023-07-27T01:39:08.961+0000] {processor.py:836} INFO - DAG(s) dict_keys(['example_complex']) retrieved from /home/airflow/.local/lib/python3.7/site-packages/airflow/example_dags/example_complex.py
[2023-07-27T01:39:09.071+0000] {logging_mixin.py:150} INFO - [2023-07-27T01:39:09.070+0000] {dag.py:2742} INFO - Sync 1 DAGs
[2023-07-27T01:39:09.141+0000] {logging_mixin.py:150} INFO - [2023-07-27T01:39:09.141+0000] {dag.py:3508} INFO - Setting next_dagrun for example_complex to None, run_after=None
[2023-07-27T01:39:09.182+0000] {processor.py:179} INFO - Processing /home/airflow/.local/lib/python3.7/site-packages/airflow/example_dags/example_complex.py took 0.279 seconds
[2023-07-27T01:39:39.365+0000] {processor.py:157} INFO - Started process (PID=2428) to work on /home/airflow/.local/lib/python3.7/site-packages/airflow/example_dags/example_complex.py
[2023-07-27T01:39:39.366+0000] {processor.py:826} INFO - Processing file /home/airflow/.local/lib/python3.7/site-packages/airflow/example_dags/example_complex.py for tasks to queue
[2023-07-27T01:39:39.367+0000] {logging_mixin.py:150} INFO - [2023-07-27T01:39:39.367+0000] {dagbag.py:541} INFO - Filling up the DagBag from /home/airflow/.local/lib/python3.7/site-packages/airflow/example_dags/example_complex.py
[2023-07-27T01:39:39.381+0000] {processor.py:836} INFO - DAG(s) dict_keys(['example_complex']) retrieved from /home/airflow/.local/lib/python3.7/site-packages/airflow/example_dags/example_complex.py
[2023-07-27T01:39:39.419+0000] {logging_mixin.py:150} INFO - [2023-07-27T01:39:39.419+0000] {dag.py:2742} INFO - Sync 1 DAGs
[2023-07-27T01:39:39.446+0000] {logging_mixin.py:150} INFO - [2023-07-27T01:39:39.446+0000] {dag.py:3508} INFO - Setting next_dagrun for example_complex to None, run_after=None
[2023-07-27T01:39:39.469+0000] {processor.py:179} INFO - Processing /home/airflow/.local/lib/python3.7/site-packages/airflow/example_dags/example_complex.py took 0.108 seconds
[2023-07-27T01:40:10.361+0000] {processor.py:157} INFO - Started process (PID=2488) to work on /home/airflow/.local/lib/python3.7/site-packages/airflow/example_dags/example_complex.py
[2023-07-27T01:40:10.362+0000] {processor.py:826} INFO - Processing file /home/airflow/.local/lib/python3.7/site-packages/airflow/example_dags/example_complex.py for tasks to queue
[2023-07-27T01:40:10.363+0000] {logging_mixin.py:150} INFO - [2023-07-27T01:40:10.363+0000] {dagbag.py:541} INFO - Filling up the DagBag from /home/airflow/.local/lib/python3.7/site-packages/airflow/example_dags/example_complex.py
[2023-07-27T01:40:10.377+0000] {processor.py:836} INFO - DAG(s) dict_keys(['example_complex']) retrieved from /home/airflow/.local/lib/python3.7/site-packages/airflow/example_dags/example_complex.py
[2023-07-27T01:40:10.424+0000] {logging_mixin.py:150} INFO - [2023-07-27T01:40:10.424+0000] {dag.py:2742} INFO - Sync 1 DAGs
[2023-07-27T01:40:10.459+0000] {logging_mixin.py:150} INFO - [2023-07-27T01:40:10.459+0000] {dag.py:3508} INFO - Setting next_dagrun for example_complex to None, run_after=None
[2023-07-27T01:40:10.493+0000] {processor.py:179} INFO - Processing /home/airflow/.local/lib/python3.7/site-packages/airflow/example_dags/example_complex.py took 0.136 seconds
[2023-07-27T01:40:40.819+0000] {processor.py:157} INFO - Started process (PID=2549) to work on /home/airflow/.local/lib/python3.7/site-packages/airflow/example_dags/example_complex.py
[2023-07-27T01:40:40.821+0000] {processor.py:826} INFO - Processing file /home/airflow/.local/lib/python3.7/site-packages/airflow/example_dags/example_complex.py for tasks to queue
[2023-07-27T01:40:40.822+0000] {logging_mixin.py:150} INFO - [2023-07-27T01:40:40.822+0000] {dagbag.py:541} INFO - Filling up the DagBag from /home/airflow/.local/lib/python3.7/site-packages/airflow/example_dags/example_complex.py
[2023-07-27T01:40:40.835+0000] {processor.py:836} INFO - DAG(s) dict_keys(['example_complex']) retrieved from /home/airflow/.local/lib/python3.7/site-packages/airflow/example_dags/example_complex.py
[2023-07-27T01:40:40.874+0000] {logging_mixin.py:150} INFO - [2023-07-27T01:40:40.874+0000] {dag.py:2742} INFO - Sync 1 DAGs
[2023-07-27T01:40:40.901+0000] {logging_mixin.py:150} INFO - [2023-07-27T01:40:40.901+0000] {dag.py:3508} INFO - Setting next_dagrun for example_complex to None, run_after=None
[2023-07-27T01:40:40.925+0000] {processor.py:179} INFO - Processing /home/airflow/.local/lib/python3.7/site-packages/airflow/example_dags/example_complex.py took 0.110 seconds
[2023-07-27T01:41:11.817+0000] {processor.py:157} INFO - Started process (PID=2609) to work on /home/airflow/.local/lib/python3.7/site-packages/airflow/example_dags/example_complex.py
[2023-07-27T01:41:11.818+0000] {processor.py:826} INFO - Processing file /home/airflow/.local/lib/python3.7/site-packages/airflow/example_dags/example_complex.py for tasks to queue
[2023-07-27T01:41:11.819+0000] {logging_mixin.py:150} INFO - [2023-07-27T01:41:11.819+0000] {dagbag.py:541} INFO - Filling up the DagBag from /home/airflow/.local/lib/python3.7/site-packages/airflow/example_dags/example_complex.py
[2023-07-27T01:41:11.831+0000] {processor.py:836} INFO - DAG(s) dict_keys(['example_complex']) retrieved from /home/airflow/.local/lib/python3.7/site-packages/airflow/example_dags/example_complex.py
[2023-07-27T01:41:11.871+0000] {logging_mixin.py:150} INFO - [2023-07-27T01:41:11.871+0000] {dag.py:2742} INFO - Sync 1 DAGs
[2023-07-27T01:41:11.900+0000] {logging_mixin.py:150} INFO - [2023-07-27T01:41:11.900+0000] {dag.py:3508} INFO - Setting next_dagrun for example_complex to None, run_after=None
[2023-07-27T01:41:11.922+0000] {processor.py:179} INFO - Processing /home/airflow/.local/lib/python3.7/site-packages/airflow/example_dags/example_complex.py took 0.109 seconds
[2023-07-27T01:41:42.199+0000] {processor.py:157} INFO - Started process (PID=2669) to work on /home/airflow/.local/lib/python3.7/site-packages/airflow/example_dags/example_complex.py
[2023-07-27T01:41:42.200+0000] {processor.py:826} INFO - Processing file /home/airflow/.local/lib/python3.7/site-packages/airflow/example_dags/example_complex.py for tasks to queue
[2023-07-27T01:41:42.201+0000] {logging_mixin.py:150} INFO - [2023-07-27T01:41:42.201+0000] {dagbag.py:541} INFO - Filling up the DagBag from /home/airflow/.local/lib/python3.7/site-packages/airflow/example_dags/example_complex.py
[2023-07-27T01:41:42.214+0000] {processor.py:836} INFO - DAG(s) dict_keys(['example_complex']) retrieved from /home/airflow/.local/lib/python3.7/site-packages/airflow/example_dags/example_complex.py
[2023-07-27T01:41:42.249+0000] {logging_mixin.py:150} INFO - [2023-07-27T01:41:42.249+0000] {dag.py:2742} INFO - Sync 1 DAGs
[2023-07-27T01:41:42.278+0000] {logging_mixin.py:150} INFO - [2023-07-27T01:41:42.278+0000] {dag.py:3508} INFO - Setting next_dagrun for example_complex to None, run_after=None
[2023-07-27T01:41:42.301+0000] {processor.py:179} INFO - Processing /home/airflow/.local/lib/python3.7/site-packages/airflow/example_dags/example_complex.py took 0.106 seconds
[2023-07-27T01:42:12.909+0000] {processor.py:157} INFO - Started process (PID=2729) to work on /home/airflow/.local/lib/python3.7/site-packages/airflow/example_dags/example_complex.py
[2023-07-27T01:42:12.910+0000] {processor.py:826} INFO - Processing file /home/airflow/.local/lib/python3.7/site-packages/airflow/example_dags/example_complex.py for tasks to queue
[2023-07-27T01:42:12.911+0000] {logging_mixin.py:150} INFO - [2023-07-27T01:42:12.911+0000] {dagbag.py:541} INFO - Filling up the DagBag from /home/airflow/.local/lib/python3.7/site-packages/airflow/example_dags/example_complex.py
[2023-07-27T01:42:12.924+0000] {processor.py:836} INFO - DAG(s) dict_keys(['example_complex']) retrieved from /home/airflow/.local/lib/python3.7/site-packages/airflow/example_dags/example_complex.py
[2023-07-27T01:42:12.960+0000] {logging_mixin.py:150} INFO - [2023-07-27T01:42:12.960+0000] {dag.py:2742} INFO - Sync 1 DAGs
[2023-07-27T01:42:12.989+0000] {logging_mixin.py:150} INFO - [2023-07-27T01:42:12.989+0000] {dag.py:3508} INFO - Setting next_dagrun for example_complex to None, run_after=None
[2023-07-27T01:42:13.012+0000] {processor.py:179} INFO - Processing /home/airflow/.local/lib/python3.7/site-packages/airflow/example_dags/example_complex.py took 0.107 seconds
[2023-07-27T01:42:43.860+0000] {processor.py:157} INFO - Started process (PID=2798) to work on /home/airflow/.local/lib/python3.7/site-packages/airflow/example_dags/example_complex.py
[2023-07-27T01:42:43.861+0000] {processor.py:826} INFO - Processing file /home/airflow/.local/lib/python3.7/site-packages/airflow/example_dags/example_complex.py for tasks to queue
[2023-07-27T01:42:43.863+0000] {logging_mixin.py:150} INFO - [2023-07-27T01:42:43.862+0000] {dagbag.py:541} INFO - Filling up the DagBag from /home/airflow/.local/lib/python3.7/site-packages/airflow/example_dags/example_complex.py
[2023-07-27T01:42:43.881+0000] {processor.py:836} INFO - DAG(s) dict_keys(['example_complex']) retrieved from /home/airflow/.local/lib/python3.7/site-packages/airflow/example_dags/example_complex.py
[2023-07-27T01:42:43.919+0000] {logging_mixin.py:150} INFO - [2023-07-27T01:42:43.919+0000] {dag.py:2742} INFO - Sync 1 DAGs
[2023-07-27T01:42:43.947+0000] {logging_mixin.py:150} INFO - [2023-07-27T01:42:43.947+0000] {dag.py:3508} INFO - Setting next_dagrun for example_complex to None, run_after=None
[2023-07-27T01:42:43.975+0000] {processor.py:179} INFO - Processing /home/airflow/.local/lib/python3.7/site-packages/airflow/example_dags/example_complex.py took 0.119 seconds
[2023-07-27T01:43:14.292+0000] {processor.py:157} INFO - Started process (PID=2858) to work on /home/airflow/.local/lib/python3.7/site-packages/airflow/example_dags/example_complex.py
[2023-07-27T01:43:14.293+0000] {processor.py:826} INFO - Processing file /home/airflow/.local/lib/python3.7/site-packages/airflow/example_dags/example_complex.py for tasks to queue
[2023-07-27T01:43:14.294+0000] {logging_mixin.py:150} INFO - [2023-07-27T01:43:14.294+0000] {dagbag.py:541} INFO - Filling up the DagBag from /home/airflow/.local/lib/python3.7/site-packages/airflow/example_dags/example_complex.py
[2023-07-27T01:43:14.306+0000] {processor.py:836} INFO - DAG(s) dict_keys(['example_complex']) retrieved from /home/airflow/.local/lib/python3.7/site-packages/airflow/example_dags/example_complex.py
[2023-07-27T01:43:14.343+0000] {logging_mixin.py:150} INFO - [2023-07-27T01:43:14.343+0000] {dag.py:2742} INFO - Sync 1 DAGs
[2023-07-27T01:43:14.371+0000] {logging_mixin.py:150} INFO - [2023-07-27T01:43:14.371+0000] {dag.py:3508} INFO - Setting next_dagrun for example_complex to None, run_after=None
[2023-07-27T01:43:14.395+0000] {processor.py:179} INFO - Processing /home/airflow/.local/lib/python3.7/site-packages/airflow/example_dags/example_complex.py took 0.107 seconds
[2023-07-27T01:43:44.515+0000] {processor.py:157} INFO - Started process (PID=2918) to work on /home/airflow/.local/lib/python3.7/site-packages/airflow/example_dags/example_complex.py
[2023-07-27T01:43:44.516+0000] {processor.py:826} INFO - Processing file /home/airflow/.local/lib/python3.7/site-packages/airflow/example_dags/example_complex.py for tasks to queue
[2023-07-27T01:43:44.517+0000] {logging_mixin.py:150} INFO - [2023-07-27T01:43:44.517+0000] {dagbag.py:541} INFO - Filling up the DagBag from /home/airflow/.local/lib/python3.7/site-packages/airflow/example_dags/example_complex.py
[2023-07-27T01:43:44.529+0000] {processor.py:836} INFO - DAG(s) dict_keys(['example_complex']) retrieved from /home/airflow/.local/lib/python3.7/site-packages/airflow/example_dags/example_complex.py
[2023-07-27T01:43:44.567+0000] {logging_mixin.py:150} INFO - [2023-07-27T01:43:44.567+0000] {dag.py:2742} INFO - Sync 1 DAGs
[2023-07-27T01:43:44.595+0000] {logging_mixin.py:150} INFO - [2023-07-27T01:43:44.595+0000] {dag.py:3508} INFO - Setting next_dagrun for example_complex to None, run_after=None
[2023-07-27T01:43:44.623+0000] {processor.py:179} INFO - Processing /home/airflow/.local/lib/python3.7/site-packages/airflow/example_dags/example_complex.py took 0.113 seconds
[2023-07-27T01:44:15.428+0000] {processor.py:157} INFO - Started process (PID=2978) to work on /home/airflow/.local/lib/python3.7/site-packages/airflow/example_dags/example_complex.py
[2023-07-27T01:44:15.430+0000] {processor.py:826} INFO - Processing file /home/airflow/.local/lib/python3.7/site-packages/airflow/example_dags/example_complex.py for tasks to queue
[2023-07-27T01:44:15.431+0000] {logging_mixin.py:150} INFO - [2023-07-27T01:44:15.430+0000] {dagbag.py:541} INFO - Filling up the DagBag from /home/airflow/.local/lib/python3.7/site-packages/airflow/example_dags/example_complex.py
[2023-07-27T01:44:15.443+0000] {processor.py:836} INFO - DAG(s) dict_keys(['example_complex']) retrieved from /home/airflow/.local/lib/python3.7/site-packages/airflow/example_dags/example_complex.py
[2023-07-27T01:44:15.480+0000] {logging_mixin.py:150} INFO - [2023-07-27T01:44:15.480+0000] {dag.py:2742} INFO - Sync 1 DAGs
[2023-07-27T01:44:15.507+0000] {logging_mixin.py:150} INFO - [2023-07-27T01:44:15.507+0000] {dag.py:3508} INFO - Setting next_dagrun for example_complex to None, run_after=None
[2023-07-27T01:44:15.530+0000] {processor.py:179} INFO - Processing /home/airflow/.local/lib/python3.7/site-packages/airflow/example_dags/example_complex.py took 0.106 seconds
[2023-07-27T01:44:45.973+0000] {processor.py:157} INFO - Started process (PID=3038) to work on /home/airflow/.local/lib/python3.7/site-packages/airflow/example_dags/example_complex.py
[2023-07-27T01:44:45.974+0000] {processor.py:826} INFO - Processing file /home/airflow/.local/lib/python3.7/site-packages/airflow/example_dags/example_complex.py for tasks to queue
[2023-07-27T01:44:45.975+0000] {logging_mixin.py:150} INFO - [2023-07-27T01:44:45.975+0000] {dagbag.py:541} INFO - Filling up the DagBag from /home/airflow/.local/lib/python3.7/site-packages/airflow/example_dags/example_complex.py
[2023-07-27T01:44:45.989+0000] {processor.py:836} INFO - DAG(s) dict_keys(['example_complex']) retrieved from /home/airflow/.local/lib/python3.7/site-packages/airflow/example_dags/example_complex.py
[2023-07-27T01:44:46.027+0000] {logging_mixin.py:150} INFO - [2023-07-27T01:44:46.027+0000] {dag.py:2742} INFO - Sync 1 DAGs
[2023-07-27T01:44:46.055+0000] {logging_mixin.py:150} INFO - [2023-07-27T01:44:46.055+0000] {dag.py:3508} INFO - Setting next_dagrun for example_complex to None, run_after=None
[2023-07-27T01:44:46.084+0000] {processor.py:179} INFO - Processing /home/airflow/.local/lib/python3.7/site-packages/airflow/example_dags/example_complex.py took 0.114 seconds
[2023-07-27T01:45:16.244+0000] {processor.py:157} INFO - Started process (PID=3099) to work on /home/airflow/.local/lib/python3.7/site-packages/airflow/example_dags/example_complex.py
[2023-07-27T01:45:16.246+0000] {processor.py:826} INFO - Processing file /home/airflow/.local/lib/python3.7/site-packages/airflow/example_dags/example_complex.py for tasks to queue
[2023-07-27T01:45:16.247+0000] {logging_mixin.py:150} INFO - [2023-07-27T01:45:16.246+0000] {dagbag.py:541} INFO - Filling up the DagBag from /home/airflow/.local/lib/python3.7/site-packages/airflow/example_dags/example_complex.py
[2023-07-27T01:45:16.259+0000] {processor.py:836} INFO - DAG(s) dict_keys(['example_complex']) retrieved from /home/airflow/.local/lib/python3.7/site-packages/airflow/example_dags/example_complex.py
[2023-07-27T01:45:16.296+0000] {logging_mixin.py:150} INFO - [2023-07-27T01:45:16.296+0000] {dag.py:2742} INFO - Sync 1 DAGs
[2023-07-27T01:45:16.324+0000] {logging_mixin.py:150} INFO - [2023-07-27T01:45:16.324+0000] {dag.py:3508} INFO - Setting next_dagrun for example_complex to None, run_after=None
[2023-07-27T01:45:16.350+0000] {processor.py:179} INFO - Processing /home/airflow/.local/lib/python3.7/site-packages/airflow/example_dags/example_complex.py took 0.109 seconds
[2023-07-27T01:45:47.118+0000] {processor.py:157} INFO - Started process (PID=3159) to work on /home/airflow/.local/lib/python3.7/site-packages/airflow/example_dags/example_complex.py
[2023-07-27T01:45:47.120+0000] {processor.py:826} INFO - Processing file /home/airflow/.local/lib/python3.7/site-packages/airflow/example_dags/example_complex.py for tasks to queue
[2023-07-27T01:45:47.121+0000] {logging_mixin.py:150} INFO - [2023-07-27T01:45:47.120+0000] {dagbag.py:541} INFO - Filling up the DagBag from /home/airflow/.local/lib/python3.7/site-packages/airflow/example_dags/example_complex.py
[2023-07-27T01:45:47.133+0000] {processor.py:836} INFO - DAG(s) dict_keys(['example_complex']) retrieved from /home/airflow/.local/lib/python3.7/site-packages/airflow/example_dags/example_complex.py
[2023-07-27T01:45:47.170+0000] {logging_mixin.py:150} INFO - [2023-07-27T01:45:47.170+0000] {dag.py:2742} INFO - Sync 1 DAGs
[2023-07-27T01:45:47.198+0000] {logging_mixin.py:150} INFO - [2023-07-27T01:45:47.198+0000] {dag.py:3508} INFO - Setting next_dagrun for example_complex to None, run_after=None
[2023-07-27T01:45:47.221+0000] {processor.py:179} INFO - Processing /home/airflow/.local/lib/python3.7/site-packages/airflow/example_dags/example_complex.py took 0.106 seconds
[2023-07-27T01:46:17.428+0000] {processor.py:157} INFO - Started process (PID=3212) to work on /home/airflow/.local/lib/python3.7/site-packages/airflow/example_dags/example_complex.py
[2023-07-27T01:46:17.429+0000] {processor.py:826} INFO - Processing file /home/airflow/.local/lib/python3.7/site-packages/airflow/example_dags/example_complex.py for tasks to queue
[2023-07-27T01:46:17.430+0000] {logging_mixin.py:150} INFO - [2023-07-27T01:46:17.430+0000] {dagbag.py:541} INFO - Filling up the DagBag from /home/airflow/.local/lib/python3.7/site-packages/airflow/example_dags/example_complex.py
[2023-07-27T01:46:17.443+0000] {processor.py:836} INFO - DAG(s) dict_keys(['example_complex']) retrieved from /home/airflow/.local/lib/python3.7/site-packages/airflow/example_dags/example_complex.py
[2023-07-27T01:46:17.482+0000] {logging_mixin.py:150} INFO - [2023-07-27T01:46:17.481+0000] {dag.py:2742} INFO - Sync 1 DAGs
[2023-07-27T01:46:17.509+0000] {logging_mixin.py:150} INFO - [2023-07-27T01:46:17.509+0000] {dag.py:3508} INFO - Setting next_dagrun for example_complex to None, run_after=None
[2023-07-27T01:46:17.532+0000] {processor.py:179} INFO - Processing /home/airflow/.local/lib/python3.7/site-packages/airflow/example_dags/example_complex.py took 0.108 seconds
[2023-07-27T01:46:48.220+0000] {processor.py:157} INFO - Started process (PID=3272) to work on /home/airflow/.local/lib/python3.7/site-packages/airflow/example_dags/example_complex.py
[2023-07-27T01:46:48.221+0000] {processor.py:826} INFO - Processing file /home/airflow/.local/lib/python3.7/site-packages/airflow/example_dags/example_complex.py for tasks to queue
[2023-07-27T01:46:48.222+0000] {logging_mixin.py:150} INFO - [2023-07-27T01:46:48.222+0000] {dagbag.py:541} INFO - Filling up the DagBag from /home/airflow/.local/lib/python3.7/site-packages/airflow/example_dags/example_complex.py
[2023-07-27T01:46:48.234+0000] {processor.py:836} INFO - DAG(s) dict_keys(['example_complex']) retrieved from /home/airflow/.local/lib/python3.7/site-packages/airflow/example_dags/example_complex.py
[2023-07-27T01:46:48.270+0000] {logging_mixin.py:150} INFO - [2023-07-27T01:46:48.270+0000] {dag.py:2742} INFO - Sync 1 DAGs
[2023-07-27T01:46:48.298+0000] {logging_mixin.py:150} INFO - [2023-07-27T01:46:48.297+0000] {dag.py:3508} INFO - Setting next_dagrun for example_complex to None, run_after=None
[2023-07-27T01:46:48.320+0000] {processor.py:179} INFO - Processing /home/airflow/.local/lib/python3.7/site-packages/airflow/example_dags/example_complex.py took 0.104 seconds
[2023-07-27T01:47:18.658+0000] {processor.py:157} INFO - Started process (PID=3332) to work on /home/airflow/.local/lib/python3.7/site-packages/airflow/example_dags/example_complex.py
[2023-07-27T01:47:18.659+0000] {processor.py:826} INFO - Processing file /home/airflow/.local/lib/python3.7/site-packages/airflow/example_dags/example_complex.py for tasks to queue
[2023-07-27T01:47:18.660+0000] {logging_mixin.py:150} INFO - [2023-07-27T01:47:18.660+0000] {dagbag.py:541} INFO - Filling up the DagBag from /home/airflow/.local/lib/python3.7/site-packages/airflow/example_dags/example_complex.py
[2023-07-27T01:47:18.673+0000] {processor.py:836} INFO - DAG(s) dict_keys(['example_complex']) retrieved from /home/airflow/.local/lib/python3.7/site-packages/airflow/example_dags/example_complex.py
[2023-07-27T01:47:18.711+0000] {logging_mixin.py:150} INFO - [2023-07-27T01:47:18.711+0000] {dag.py:2742} INFO - Sync 1 DAGs
[2023-07-27T01:47:18.739+0000] {logging_mixin.py:150} INFO - [2023-07-27T01:47:18.738+0000] {dag.py:3508} INFO - Setting next_dagrun for example_complex to None, run_after=None
[2023-07-27T01:47:18.761+0000] {processor.py:179} INFO - Processing /home/airflow/.local/lib/python3.7/site-packages/airflow/example_dags/example_complex.py took 0.108 seconds
[2023-07-27T01:47:49.599+0000] {processor.py:157} INFO - Started process (PID=3392) to work on /home/airflow/.local/lib/python3.7/site-packages/airflow/example_dags/example_complex.py
[2023-07-27T01:47:49.601+0000] {processor.py:826} INFO - Processing file /home/airflow/.local/lib/python3.7/site-packages/airflow/example_dags/example_complex.py for tasks to queue
[2023-07-27T01:47:49.602+0000] {logging_mixin.py:150} INFO - [2023-07-27T01:47:49.601+0000] {dagbag.py:541} INFO - Filling up the DagBag from /home/airflow/.local/lib/python3.7/site-packages/airflow/example_dags/example_complex.py
[2023-07-27T01:47:49.614+0000] {processor.py:836} INFO - DAG(s) dict_keys(['example_complex']) retrieved from /home/airflow/.local/lib/python3.7/site-packages/airflow/example_dags/example_complex.py
[2023-07-27T01:47:49.653+0000] {logging_mixin.py:150} INFO - [2023-07-27T01:47:49.653+0000] {dag.py:2742} INFO - Sync 1 DAGs
[2023-07-27T01:47:49.680+0000] {logging_mixin.py:150} INFO - [2023-07-27T01:47:49.680+0000] {dag.py:3508} INFO - Setting next_dagrun for example_complex to None, run_after=None
[2023-07-27T01:47:49.703+0000] {processor.py:179} INFO - Processing /home/airflow/.local/lib/python3.7/site-packages/airflow/example_dags/example_complex.py took 0.108 seconds
[2023-07-27T01:48:20.051+0000] {processor.py:157} INFO - Started process (PID=3452) to work on /home/airflow/.local/lib/python3.7/site-packages/airflow/example_dags/example_complex.py
[2023-07-27T01:48:20.052+0000] {processor.py:826} INFO - Processing file /home/airflow/.local/lib/python3.7/site-packages/airflow/example_dags/example_complex.py for tasks to queue
[2023-07-27T01:48:20.053+0000] {logging_mixin.py:150} INFO - [2023-07-27T01:48:20.053+0000] {dagbag.py:541} INFO - Filling up the DagBag from /home/airflow/.local/lib/python3.7/site-packages/airflow/example_dags/example_complex.py
[2023-07-27T01:48:20.066+0000] {processor.py:836} INFO - DAG(s) dict_keys(['example_complex']) retrieved from /home/airflow/.local/lib/python3.7/site-packages/airflow/example_dags/example_complex.py
[2023-07-27T01:48:20.105+0000] {logging_mixin.py:150} INFO - [2023-07-27T01:48:20.104+0000] {dag.py:2742} INFO - Sync 1 DAGs
[2023-07-27T01:48:20.135+0000] {logging_mixin.py:150} INFO - [2023-07-27T01:48:20.134+0000] {dag.py:3508} INFO - Setting next_dagrun for example_complex to None, run_after=None
[2023-07-27T01:48:20.159+0000] {processor.py:179} INFO - Processing /home/airflow/.local/lib/python3.7/site-packages/airflow/example_dags/example_complex.py took 0.112 seconds
[2023-07-27T01:48:50.339+0000] {processor.py:157} INFO - Started process (PID=3512) to work on /home/airflow/.local/lib/python3.7/site-packages/airflow/example_dags/example_complex.py
[2023-07-27T01:48:50.341+0000] {processor.py:826} INFO - Processing file /home/airflow/.local/lib/python3.7/site-packages/airflow/example_dags/example_complex.py for tasks to queue
[2023-07-27T01:48:50.342+0000] {logging_mixin.py:150} INFO - [2023-07-27T01:48:50.341+0000] {dagbag.py:541} INFO - Filling up the DagBag from /home/airflow/.local/lib/python3.7/site-packages/airflow/example_dags/example_complex.py
[2023-07-27T01:48:50.354+0000] {processor.py:836} INFO - DAG(s) dict_keys(['example_complex']) retrieved from /home/airflow/.local/lib/python3.7/site-packages/airflow/example_dags/example_complex.py
[2023-07-27T01:48:50.391+0000] {logging_mixin.py:150} INFO - [2023-07-27T01:48:50.391+0000] {dag.py:2742} INFO - Sync 1 DAGs
[2023-07-27T01:48:50.420+0000] {logging_mixin.py:150} INFO - [2023-07-27T01:48:50.420+0000] {dag.py:3508} INFO - Setting next_dagrun for example_complex to None, run_after=None
[2023-07-27T01:48:50.442+0000] {processor.py:179} INFO - Processing /home/airflow/.local/lib/python3.7/site-packages/airflow/example_dags/example_complex.py took 0.107 seconds
[2023-07-27T01:49:20.817+0000] {processor.py:157} INFO - Started process (PID=3573) to work on /home/airflow/.local/lib/python3.7/site-packages/airflow/example_dags/example_complex.py
[2023-07-27T01:49:20.819+0000] {processor.py:826} INFO - Processing file /home/airflow/.local/lib/python3.7/site-packages/airflow/example_dags/example_complex.py for tasks to queue
[2023-07-27T01:49:20.820+0000] {logging_mixin.py:150} INFO - [2023-07-27T01:49:20.819+0000] {dagbag.py:541} INFO - Filling up the DagBag from /home/airflow/.local/lib/python3.7/site-packages/airflow/example_dags/example_complex.py
[2023-07-27T01:49:20.833+0000] {processor.py:836} INFO - DAG(s) dict_keys(['example_complex']) retrieved from /home/airflow/.local/lib/python3.7/site-packages/airflow/example_dags/example_complex.py
[2023-07-27T01:49:20.871+0000] {logging_mixin.py:150} INFO - [2023-07-27T01:49:20.870+0000] {dag.py:2742} INFO - Sync 1 DAGs
[2023-07-27T01:49:20.898+0000] {logging_mixin.py:150} INFO - [2023-07-27T01:49:20.898+0000] {dag.py:3508} INFO - Setting next_dagrun for example_complex to None, run_after=None
[2023-07-27T01:49:20.923+0000] {processor.py:179} INFO - Processing /home/airflow/.local/lib/python3.7/site-packages/airflow/example_dags/example_complex.py took 0.109 seconds
[2023-07-27T01:49:51.216+0000] {processor.py:157} INFO - Started process (PID=3633) to work on /home/airflow/.local/lib/python3.7/site-packages/airflow/example_dags/example_complex.py
[2023-07-27T01:49:51.217+0000] {processor.py:826} INFO - Processing file /home/airflow/.local/lib/python3.7/site-packages/airflow/example_dags/example_complex.py for tasks to queue
[2023-07-27T01:49:51.218+0000] {logging_mixin.py:150} INFO - [2023-07-27T01:49:51.218+0000] {dagbag.py:541} INFO - Filling up the DagBag from /home/airflow/.local/lib/python3.7/site-packages/airflow/example_dags/example_complex.py
[2023-07-27T01:49:51.232+0000] {processor.py:836} INFO - DAG(s) dict_keys(['example_complex']) retrieved from /home/airflow/.local/lib/python3.7/site-packages/airflow/example_dags/example_complex.py
[2023-07-27T01:49:51.272+0000] {logging_mixin.py:150} INFO - [2023-07-27T01:49:51.272+0000] {dag.py:2742} INFO - Sync 1 DAGs
[2023-07-27T01:49:51.301+0000] {logging_mixin.py:150} INFO - [2023-07-27T01:49:51.300+0000] {dag.py:3508} INFO - Setting next_dagrun for example_complex to None, run_after=None
[2023-07-27T01:49:51.323+0000] {processor.py:179} INFO - Processing /home/airflow/.local/lib/python3.7/site-packages/airflow/example_dags/example_complex.py took 0.110 seconds
[2023-07-27T01:50:21.598+0000] {processor.py:157} INFO - Started process (PID=3692) to work on /home/airflow/.local/lib/python3.7/site-packages/airflow/example_dags/example_complex.py
[2023-07-27T01:50:21.599+0000] {processor.py:826} INFO - Processing file /home/airflow/.local/lib/python3.7/site-packages/airflow/example_dags/example_complex.py for tasks to queue
[2023-07-27T01:50:21.601+0000] {logging_mixin.py:150} INFO - [2023-07-27T01:50:21.601+0000] {dagbag.py:541} INFO - Filling up the DagBag from /home/airflow/.local/lib/python3.7/site-packages/airflow/example_dags/example_complex.py
[2023-07-27T01:50:21.614+0000] {processor.py:836} INFO - DAG(s) dict_keys(['example_complex']) retrieved from /home/airflow/.local/lib/python3.7/site-packages/airflow/example_dags/example_complex.py
[2023-07-27T01:50:21.651+0000] {logging_mixin.py:150} INFO - [2023-07-27T01:50:21.650+0000] {dag.py:2742} INFO - Sync 1 DAGs
[2023-07-27T01:50:21.677+0000] {logging_mixin.py:150} INFO - [2023-07-27T01:50:21.677+0000] {dag.py:3508} INFO - Setting next_dagrun for example_complex to None, run_after=None
[2023-07-27T01:50:21.700+0000] {processor.py:179} INFO - Processing /home/airflow/.local/lib/python3.7/site-packages/airflow/example_dags/example_complex.py took 0.105 seconds
[2023-07-27T01:50:52.223+0000] {processor.py:157} INFO - Started process (PID=3753) to work on /home/airflow/.local/lib/python3.7/site-packages/airflow/example_dags/example_complex.py
[2023-07-27T01:50:52.224+0000] {processor.py:826} INFO - Processing file /home/airflow/.local/lib/python3.7/site-packages/airflow/example_dags/example_complex.py for tasks to queue
[2023-07-27T01:50:52.225+0000] {logging_mixin.py:150} INFO - [2023-07-27T01:50:52.225+0000] {dagbag.py:541} INFO - Filling up the DagBag from /home/airflow/.local/lib/python3.7/site-packages/airflow/example_dags/example_complex.py
[2023-07-27T01:50:52.238+0000] {processor.py:836} INFO - DAG(s) dict_keys(['example_complex']) retrieved from /home/airflow/.local/lib/python3.7/site-packages/airflow/example_dags/example_complex.py
[2023-07-27T01:50:52.275+0000] {logging_mixin.py:150} INFO - [2023-07-27T01:50:52.274+0000] {dag.py:2742} INFO - Sync 1 DAGs
[2023-07-27T01:50:52.303+0000] {logging_mixin.py:150} INFO - [2023-07-27T01:50:52.303+0000] {dag.py:3508} INFO - Setting next_dagrun for example_complex to None, run_after=None
[2023-07-27T01:50:52.339+0000] {processor.py:179} INFO - Processing /home/airflow/.local/lib/python3.7/site-packages/airflow/example_dags/example_complex.py took 0.119 seconds
[2023-07-27T01:51:22.654+0000] {processor.py:157} INFO - Started process (PID=3812) to work on /home/airflow/.local/lib/python3.7/site-packages/airflow/example_dags/example_complex.py
[2023-07-27T01:51:22.656+0000] {processor.py:826} INFO - Processing file /home/airflow/.local/lib/python3.7/site-packages/airflow/example_dags/example_complex.py for tasks to queue
[2023-07-27T01:51:22.657+0000] {logging_mixin.py:150} INFO - [2023-07-27T01:51:22.656+0000] {dagbag.py:541} INFO - Filling up the DagBag from /home/airflow/.local/lib/python3.7/site-packages/airflow/example_dags/example_complex.py
[2023-07-27T01:51:22.670+0000] {processor.py:836} INFO - DAG(s) dict_keys(['example_complex']) retrieved from /home/airflow/.local/lib/python3.7/site-packages/airflow/example_dags/example_complex.py
[2023-07-27T01:51:22.707+0000] {logging_mixin.py:150} INFO - [2023-07-27T01:51:22.706+0000] {dag.py:2742} INFO - Sync 1 DAGs
[2023-07-27T01:51:22.742+0000] {logging_mixin.py:150} INFO - [2023-07-27T01:51:22.742+0000] {dag.py:3508} INFO - Setting next_dagrun for example_complex to None, run_after=None
[2023-07-27T01:51:22.794+0000] {processor.py:179} INFO - Processing /home/airflow/.local/lib/python3.7/site-packages/airflow/example_dags/example_complex.py took 0.143 seconds
[2023-07-27T01:51:53.641+0000] {processor.py:157} INFO - Started process (PID=3872) to work on /home/airflow/.local/lib/python3.7/site-packages/airflow/example_dags/example_complex.py
[2023-07-27T01:51:53.642+0000] {processor.py:826} INFO - Processing file /home/airflow/.local/lib/python3.7/site-packages/airflow/example_dags/example_complex.py for tasks to queue
[2023-07-27T01:51:53.643+0000] {logging_mixin.py:150} INFO - [2023-07-27T01:51:53.643+0000] {dagbag.py:541} INFO - Filling up the DagBag from /home/airflow/.local/lib/python3.7/site-packages/airflow/example_dags/example_complex.py
[2023-07-27T01:51:53.655+0000] {processor.py:836} INFO - DAG(s) dict_keys(['example_complex']) retrieved from /home/airflow/.local/lib/python3.7/site-packages/airflow/example_dags/example_complex.py
[2023-07-27T01:51:53.691+0000] {logging_mixin.py:150} INFO - [2023-07-27T01:51:53.691+0000] {dag.py:2742} INFO - Sync 1 DAGs
[2023-07-27T01:51:53.718+0000] {logging_mixin.py:150} INFO - [2023-07-27T01:51:53.718+0000] {dag.py:3508} INFO - Setting next_dagrun for example_complex to None, run_after=None
[2023-07-27T01:51:53.742+0000] {processor.py:179} INFO - Processing /home/airflow/.local/lib/python3.7/site-packages/airflow/example_dags/example_complex.py took 0.105 seconds
[2023-07-27T01:52:24.414+0000] {processor.py:157} INFO - Started process (PID=3931) to work on /home/airflow/.local/lib/python3.7/site-packages/airflow/example_dags/example_complex.py
[2023-07-27T01:52:24.416+0000] {processor.py:826} INFO - Processing file /home/airflow/.local/lib/python3.7/site-packages/airflow/example_dags/example_complex.py for tasks to queue
[2023-07-27T01:52:24.417+0000] {logging_mixin.py:150} INFO - [2023-07-27T01:52:24.416+0000] {dagbag.py:541} INFO - Filling up the DagBag from /home/airflow/.local/lib/python3.7/site-packages/airflow/example_dags/example_complex.py
[2023-07-27T01:52:24.430+0000] {processor.py:836} INFO - DAG(s) dict_keys(['example_complex']) retrieved from /home/airflow/.local/lib/python3.7/site-packages/airflow/example_dags/example_complex.py
[2023-07-27T01:52:24.467+0000] {logging_mixin.py:150} INFO - [2023-07-27T01:52:24.467+0000] {dag.py:2742} INFO - Sync 1 DAGs
[2023-07-27T01:52:24.496+0000] {logging_mixin.py:150} INFO - [2023-07-27T01:52:24.496+0000] {dag.py:3508} INFO - Setting next_dagrun for example_complex to None, run_after=None
[2023-07-27T01:52:24.518+0000] {processor.py:179} INFO - Processing /home/airflow/.local/lib/python3.7/site-packages/airflow/example_dags/example_complex.py took 0.107 seconds
[2023-07-27T01:52:55.181+0000] {processor.py:157} INFO - Started process (PID=3991) to work on /home/airflow/.local/lib/python3.7/site-packages/airflow/example_dags/example_complex.py
[2023-07-27T01:52:55.182+0000] {processor.py:826} INFO - Processing file /home/airflow/.local/lib/python3.7/site-packages/airflow/example_dags/example_complex.py for tasks to queue
[2023-07-27T01:52:55.183+0000] {logging_mixin.py:150} INFO - [2023-07-27T01:52:55.183+0000] {dagbag.py:541} INFO - Filling up the DagBag from /home/airflow/.local/lib/python3.7/site-packages/airflow/example_dags/example_complex.py
[2023-07-27T01:52:55.196+0000] {processor.py:836} INFO - DAG(s) dict_keys(['example_complex']) retrieved from /home/airflow/.local/lib/python3.7/site-packages/airflow/example_dags/example_complex.py
[2023-07-27T01:52:55.234+0000] {logging_mixin.py:150} INFO - [2023-07-27T01:52:55.233+0000] {dag.py:2742} INFO - Sync 1 DAGs
[2023-07-27T01:52:55.262+0000] {logging_mixin.py:150} INFO - [2023-07-27T01:52:55.262+0000] {dag.py:3508} INFO - Setting next_dagrun for example_complex to None, run_after=None
[2023-07-27T01:52:55.285+0000] {processor.py:179} INFO - Processing /home/airflow/.local/lib/python3.7/site-packages/airflow/example_dags/example_complex.py took 0.108 seconds
[2023-07-27T01:53:25.374+0000] {processor.py:157} INFO - Started process (PID=4051) to work on /home/airflow/.local/lib/python3.7/site-packages/airflow/example_dags/example_complex.py
[2023-07-27T01:53:25.375+0000] {processor.py:826} INFO - Processing file /home/airflow/.local/lib/python3.7/site-packages/airflow/example_dags/example_complex.py for tasks to queue
[2023-07-27T01:53:25.376+0000] {logging_mixin.py:150} INFO - [2023-07-27T01:53:25.376+0000] {dagbag.py:541} INFO - Filling up the DagBag from /home/airflow/.local/lib/python3.7/site-packages/airflow/example_dags/example_complex.py
[2023-07-27T01:53:25.389+0000] {processor.py:836} INFO - DAG(s) dict_keys(['example_complex']) retrieved from /home/airflow/.local/lib/python3.7/site-packages/airflow/example_dags/example_complex.py
[2023-07-27T01:53:25.425+0000] {logging_mixin.py:150} INFO - [2023-07-27T01:53:25.425+0000] {dag.py:2742} INFO - Sync 1 DAGs
[2023-07-27T01:53:25.455+0000] {logging_mixin.py:150} INFO - [2023-07-27T01:53:25.454+0000] {dag.py:3508} INFO - Setting next_dagrun for example_complex to None, run_after=None
[2023-07-27T01:53:25.478+0000] {processor.py:179} INFO - Processing /home/airflow/.local/lib/python3.7/site-packages/airflow/example_dags/example_complex.py took 0.108 seconds
[2023-07-27T01:53:55.608+0000] {processor.py:157} INFO - Started process (PID=4111) to work on /home/airflow/.local/lib/python3.7/site-packages/airflow/example_dags/example_complex.py
[2023-07-27T01:53:55.609+0000] {processor.py:826} INFO - Processing file /home/airflow/.local/lib/python3.7/site-packages/airflow/example_dags/example_complex.py for tasks to queue
[2023-07-27T01:53:55.610+0000] {logging_mixin.py:150} INFO - [2023-07-27T01:53:55.610+0000] {dagbag.py:541} INFO - Filling up the DagBag from /home/airflow/.local/lib/python3.7/site-packages/airflow/example_dags/example_complex.py
[2023-07-27T01:53:55.624+0000] {processor.py:836} INFO - DAG(s) dict_keys(['example_complex']) retrieved from /home/airflow/.local/lib/python3.7/site-packages/airflow/example_dags/example_complex.py
[2023-07-27T01:53:55.662+0000] {logging_mixin.py:150} INFO - [2023-07-27T01:53:55.661+0000] {dag.py:2742} INFO - Sync 1 DAGs
[2023-07-27T01:53:55.689+0000] {logging_mixin.py:150} INFO - [2023-07-27T01:53:55.689+0000] {dag.py:3508} INFO - Setting next_dagrun for example_complex to None, run_after=None
[2023-07-27T01:53:55.714+0000] {processor.py:179} INFO - Processing /home/airflow/.local/lib/python3.7/site-packages/airflow/example_dags/example_complex.py took 0.111 seconds
[2023-07-27T01:54:25.796+0000] {processor.py:157} INFO - Started process (PID=4170) to work on /home/airflow/.local/lib/python3.7/site-packages/airflow/example_dags/example_complex.py
[2023-07-27T01:54:25.797+0000] {processor.py:826} INFO - Processing file /home/airflow/.local/lib/python3.7/site-packages/airflow/example_dags/example_complex.py for tasks to queue
[2023-07-27T01:54:25.799+0000] {logging_mixin.py:150} INFO - [2023-07-27T01:54:25.798+0000] {dagbag.py:541} INFO - Filling up the DagBag from /home/airflow/.local/lib/python3.7/site-packages/airflow/example_dags/example_complex.py
[2023-07-27T01:54:25.811+0000] {processor.py:836} INFO - DAG(s) dict_keys(['example_complex']) retrieved from /home/airflow/.local/lib/python3.7/site-packages/airflow/example_dags/example_complex.py
[2023-07-27T01:54:25.847+0000] {logging_mixin.py:150} INFO - [2023-07-27T01:54:25.847+0000] {dag.py:2742} INFO - Sync 1 DAGs
[2023-07-27T01:54:25.874+0000] {logging_mixin.py:150} INFO - [2023-07-27T01:54:25.874+0000] {dag.py:3508} INFO - Setting next_dagrun for example_complex to None, run_after=None
[2023-07-27T01:54:25.897+0000] {processor.py:179} INFO - Processing /home/airflow/.local/lib/python3.7/site-packages/airflow/example_dags/example_complex.py took 0.105 seconds
[2023-07-27T01:54:56.029+0000] {processor.py:157} INFO - Started process (PID=4230) to work on /home/airflow/.local/lib/python3.7/site-packages/airflow/example_dags/example_complex.py
[2023-07-27T01:54:56.030+0000] {processor.py:826} INFO - Processing file /home/airflow/.local/lib/python3.7/site-packages/airflow/example_dags/example_complex.py for tasks to queue
[2023-07-27T01:54:56.031+0000] {logging_mixin.py:150} INFO - [2023-07-27T01:54:56.031+0000] {dagbag.py:541} INFO - Filling up the DagBag from /home/airflow/.local/lib/python3.7/site-packages/airflow/example_dags/example_complex.py
[2023-07-27T01:54:56.044+0000] {processor.py:836} INFO - DAG(s) dict_keys(['example_complex']) retrieved from /home/airflow/.local/lib/python3.7/site-packages/airflow/example_dags/example_complex.py
[2023-07-27T01:54:56.081+0000] {logging_mixin.py:150} INFO - [2023-07-27T01:54:56.080+0000] {dag.py:2742} INFO - Sync 1 DAGs
[2023-07-27T01:54:56.107+0000] {logging_mixin.py:150} INFO - [2023-07-27T01:54:56.107+0000] {dag.py:3508} INFO - Setting next_dagrun for example_complex to None, run_after=None
[2023-07-27T01:54:56.130+0000] {processor.py:179} INFO - Processing /home/airflow/.local/lib/python3.7/site-packages/airflow/example_dags/example_complex.py took 0.105 seconds
[2023-07-27T01:55:26.213+0000] {processor.py:157} INFO - Started process (PID=4290) to work on /home/airflow/.local/lib/python3.7/site-packages/airflow/example_dags/example_complex.py
[2023-07-27T01:55:26.214+0000] {processor.py:826} INFO - Processing file /home/airflow/.local/lib/python3.7/site-packages/airflow/example_dags/example_complex.py for tasks to queue
[2023-07-27T01:55:26.215+0000] {logging_mixin.py:150} INFO - [2023-07-27T01:55:26.215+0000] {dagbag.py:541} INFO - Filling up the DagBag from /home/airflow/.local/lib/python3.7/site-packages/airflow/example_dags/example_complex.py
[2023-07-27T01:55:26.228+0000] {processor.py:836} INFO - DAG(s) dict_keys(['example_complex']) retrieved from /home/airflow/.local/lib/python3.7/site-packages/airflow/example_dags/example_complex.py
[2023-07-27T01:55:26.264+0000] {logging_mixin.py:150} INFO - [2023-07-27T01:55:26.264+0000] {dag.py:2742} INFO - Sync 1 DAGs
[2023-07-27T01:55:26.290+0000] {logging_mixin.py:150} INFO - [2023-07-27T01:55:26.290+0000] {dag.py:3508} INFO - Setting next_dagrun for example_complex to None, run_after=None
[2023-07-27T01:55:26.313+0000] {processor.py:179} INFO - Processing /home/airflow/.local/lib/python3.7/site-packages/airflow/example_dags/example_complex.py took 0.105 seconds
[2023-07-27T01:55:56.605+0000] {processor.py:157} INFO - Started process (PID=4349) to work on /home/airflow/.local/lib/python3.7/site-packages/airflow/example_dags/example_complex.py
[2023-07-27T01:55:56.606+0000] {processor.py:826} INFO - Processing file /home/airflow/.local/lib/python3.7/site-packages/airflow/example_dags/example_complex.py for tasks to queue
[2023-07-27T01:55:56.607+0000] {logging_mixin.py:150} INFO - [2023-07-27T01:55:56.607+0000] {dagbag.py:541} INFO - Filling up the DagBag from /home/airflow/.local/lib/python3.7/site-packages/airflow/example_dags/example_complex.py
[2023-07-27T01:55:56.620+0000] {processor.py:836} INFO - DAG(s) dict_keys(['example_complex']) retrieved from /home/airflow/.local/lib/python3.7/site-packages/airflow/example_dags/example_complex.py
[2023-07-27T01:55:56.656+0000] {logging_mixin.py:150} INFO - [2023-07-27T01:55:56.656+0000] {dag.py:2742} INFO - Sync 1 DAGs
[2023-07-27T01:55:56.683+0000] {logging_mixin.py:150} INFO - [2023-07-27T01:55:56.683+0000] {dag.py:3508} INFO - Setting next_dagrun for example_complex to None, run_after=None
[2023-07-27T01:55:56.706+0000] {processor.py:179} INFO - Processing /home/airflow/.local/lib/python3.7/site-packages/airflow/example_dags/example_complex.py took 0.105 seconds
[2023-07-27T01:56:27.131+0000] {processor.py:157} INFO - Started process (PID=4410) to work on /home/airflow/.local/lib/python3.7/site-packages/airflow/example_dags/example_complex.py
[2023-07-27T01:56:27.132+0000] {processor.py:826} INFO - Processing file /home/airflow/.local/lib/python3.7/site-packages/airflow/example_dags/example_complex.py for tasks to queue
[2023-07-27T01:56:27.134+0000] {logging_mixin.py:150} INFO - [2023-07-27T01:56:27.133+0000] {dagbag.py:541} INFO - Filling up the DagBag from /home/airflow/.local/lib/python3.7/site-packages/airflow/example_dags/example_complex.py
[2023-07-27T01:56:27.146+0000] {processor.py:836} INFO - DAG(s) dict_keys(['example_complex']) retrieved from /home/airflow/.local/lib/python3.7/site-packages/airflow/example_dags/example_complex.py
[2023-07-27T01:56:27.182+0000] {logging_mixin.py:150} INFO - [2023-07-27T01:56:27.181+0000] {dag.py:2742} INFO - Sync 1 DAGs
[2023-07-27T01:56:27.212+0000] {logging_mixin.py:150} INFO - [2023-07-27T01:56:27.211+0000] {dag.py:3508} INFO - Setting next_dagrun for example_complex to None, run_after=None
[2023-07-27T01:56:27.235+0000] {processor.py:179} INFO - Processing /home/airflow/.local/lib/python3.7/site-packages/airflow/example_dags/example_complex.py took 0.107 seconds
[2023-07-27T01:56:57.733+0000] {processor.py:157} INFO - Started process (PID=4471) to work on /home/airflow/.local/lib/python3.7/site-packages/airflow/example_dags/example_complex.py
[2023-07-27T01:56:57.734+0000] {processor.py:826} INFO - Processing file /home/airflow/.local/lib/python3.7/site-packages/airflow/example_dags/example_complex.py for tasks to queue
[2023-07-27T01:56:57.735+0000] {logging_mixin.py:150} INFO - [2023-07-27T01:56:57.735+0000] {dagbag.py:541} INFO - Filling up the DagBag from /home/airflow/.local/lib/python3.7/site-packages/airflow/example_dags/example_complex.py
[2023-07-27T01:56:57.748+0000] {processor.py:836} INFO - DAG(s) dict_keys(['example_complex']) retrieved from /home/airflow/.local/lib/python3.7/site-packages/airflow/example_dags/example_complex.py
[2023-07-27T01:56:57.784+0000] {logging_mixin.py:150} INFO - [2023-07-27T01:56:57.784+0000] {dag.py:2742} INFO - Sync 1 DAGs
[2023-07-27T01:56:57.811+0000] {logging_mixin.py:150} INFO - [2023-07-27T01:56:57.810+0000] {dag.py:3508} INFO - Setting next_dagrun for example_complex to None, run_after=None
[2023-07-27T01:56:57.855+0000] {processor.py:179} INFO - Processing /home/airflow/.local/lib/python3.7/site-packages/airflow/example_dags/example_complex.py took 0.125 seconds
[2023-07-27T01:57:27.987+0000] {processor.py:157} INFO - Started process (PID=4533) to work on /home/airflow/.local/lib/python3.7/site-packages/airflow/example_dags/example_complex.py
[2023-07-27T01:57:27.988+0000] {processor.py:826} INFO - Processing file /home/airflow/.local/lib/python3.7/site-packages/airflow/example_dags/example_complex.py for tasks to queue
[2023-07-27T01:57:27.989+0000] {logging_mixin.py:150} INFO - [2023-07-27T01:57:27.989+0000] {dagbag.py:541} INFO - Filling up the DagBag from /home/airflow/.local/lib/python3.7/site-packages/airflow/example_dags/example_complex.py
[2023-07-27T01:57:28.002+0000] {processor.py:836} INFO - DAG(s) dict_keys(['example_complex']) retrieved from /home/airflow/.local/lib/python3.7/site-packages/airflow/example_dags/example_complex.py
[2023-07-27T01:57:28.039+0000] {logging_mixin.py:150} INFO - [2023-07-27T01:57:28.039+0000] {dag.py:2742} INFO - Sync 1 DAGs
[2023-07-27T01:57:28.069+0000] {logging_mixin.py:150} INFO - [2023-07-27T01:57:28.069+0000] {dag.py:3508} INFO - Setting next_dagrun for example_complex to None, run_after=None
[2023-07-27T01:57:28.092+0000] {processor.py:179} INFO - Processing /home/airflow/.local/lib/python3.7/site-packages/airflow/example_dags/example_complex.py took 0.109 seconds
[2023-07-27T01:57:58.259+0000] {processor.py:157} INFO - Started process (PID=4592) to work on /home/airflow/.local/lib/python3.7/site-packages/airflow/example_dags/example_complex.py
[2023-07-27T01:57:58.260+0000] {processor.py:826} INFO - Processing file /home/airflow/.local/lib/python3.7/site-packages/airflow/example_dags/example_complex.py for tasks to queue
[2023-07-27T01:57:58.261+0000] {logging_mixin.py:150} INFO - [2023-07-27T01:57:58.261+0000] {dagbag.py:541} INFO - Filling up the DagBag from /home/airflow/.local/lib/python3.7/site-packages/airflow/example_dags/example_complex.py
[2023-07-27T01:57:58.274+0000] {processor.py:836} INFO - DAG(s) dict_keys(['example_complex']) retrieved from /home/airflow/.local/lib/python3.7/site-packages/airflow/example_dags/example_complex.py
[2023-07-27T01:57:58.311+0000] {logging_mixin.py:150} INFO - [2023-07-27T01:57:58.310+0000] {dag.py:2742} INFO - Sync 1 DAGs
[2023-07-27T01:57:58.338+0000] {logging_mixin.py:150} INFO - [2023-07-27T01:57:58.338+0000] {dag.py:3508} INFO - Setting next_dagrun for example_complex to None, run_after=None
[2023-07-27T01:57:58.361+0000] {processor.py:179} INFO - Processing /home/airflow/.local/lib/python3.7/site-packages/airflow/example_dags/example_complex.py took 0.106 seconds
[2023-07-27T01:58:28.540+0000] {processor.py:157} INFO - Started process (PID=4652) to work on /home/airflow/.local/lib/python3.7/site-packages/airflow/example_dags/example_complex.py
[2023-07-27T01:58:28.542+0000] {processor.py:826} INFO - Processing file /home/airflow/.local/lib/python3.7/site-packages/airflow/example_dags/example_complex.py for tasks to queue
[2023-07-27T01:58:28.543+0000] {logging_mixin.py:150} INFO - [2023-07-27T01:58:28.542+0000] {dagbag.py:541} INFO - Filling up the DagBag from /home/airflow/.local/lib/python3.7/site-packages/airflow/example_dags/example_complex.py
[2023-07-27T01:58:28.555+0000] {processor.py:836} INFO - DAG(s) dict_keys(['example_complex']) retrieved from /home/airflow/.local/lib/python3.7/site-packages/airflow/example_dags/example_complex.py
[2023-07-27T01:58:28.593+0000] {logging_mixin.py:150} INFO - [2023-07-27T01:58:28.593+0000] {dag.py:2742} INFO - Sync 1 DAGs
[2023-07-27T01:58:28.620+0000] {logging_mixin.py:150} INFO - [2023-07-27T01:58:28.620+0000] {dag.py:3508} INFO - Setting next_dagrun for example_complex to None, run_after=None
[2023-07-27T01:58:28.644+0000] {processor.py:179} INFO - Processing /home/airflow/.local/lib/python3.7/site-packages/airflow/example_dags/example_complex.py took 0.107 seconds
[2023-07-27T01:58:58.887+0000] {processor.py:157} INFO - Started process (PID=4712) to work on /home/airflow/.local/lib/python3.7/site-packages/airflow/example_dags/example_complex.py
[2023-07-27T01:58:58.888+0000] {processor.py:826} INFO - Processing file /home/airflow/.local/lib/python3.7/site-packages/airflow/example_dags/example_complex.py for tasks to queue
[2023-07-27T01:58:58.889+0000] {logging_mixin.py:150} INFO - [2023-07-27T01:58:58.889+0000] {dagbag.py:541} INFO - Filling up the DagBag from /home/airflow/.local/lib/python3.7/site-packages/airflow/example_dags/example_complex.py
[2023-07-27T01:58:58.902+0000] {processor.py:836} INFO - DAG(s) dict_keys(['example_complex']) retrieved from /home/airflow/.local/lib/python3.7/site-packages/airflow/example_dags/example_complex.py
[2023-07-27T01:58:58.937+0000] {logging_mixin.py:150} INFO - [2023-07-27T01:58:58.937+0000] {dag.py:2742} INFO - Sync 1 DAGs
[2023-07-27T01:58:58.964+0000] {logging_mixin.py:150} INFO - [2023-07-27T01:58:58.964+0000] {dag.py:3508} INFO - Setting next_dagrun for example_complex to None, run_after=None
[2023-07-27T01:58:58.987+0000] {processor.py:179} INFO - Processing /home/airflow/.local/lib/python3.7/site-packages/airflow/example_dags/example_complex.py took 0.103 seconds
[2023-07-27T01:59:29.194+0000] {processor.py:157} INFO - Started process (PID=4772) to work on /home/airflow/.local/lib/python3.7/site-packages/airflow/example_dags/example_complex.py
[2023-07-27T01:59:29.195+0000] {processor.py:826} INFO - Processing file /home/airflow/.local/lib/python3.7/site-packages/airflow/example_dags/example_complex.py for tasks to queue
[2023-07-27T01:59:29.196+0000] {logging_mixin.py:150} INFO - [2023-07-27T01:59:29.196+0000] {dagbag.py:541} INFO - Filling up the DagBag from /home/airflow/.local/lib/python3.7/site-packages/airflow/example_dags/example_complex.py
[2023-07-27T01:59:29.209+0000] {processor.py:836} INFO - DAG(s) dict_keys(['example_complex']) retrieved from /home/airflow/.local/lib/python3.7/site-packages/airflow/example_dags/example_complex.py
[2023-07-27T01:59:29.246+0000] {logging_mixin.py:150} INFO - [2023-07-27T01:59:29.246+0000] {dag.py:2742} INFO - Sync 1 DAGs
[2023-07-27T01:59:29.273+0000] {logging_mixin.py:150} INFO - [2023-07-27T01:59:29.273+0000] {dag.py:3508} INFO - Setting next_dagrun for example_complex to None, run_after=None
[2023-07-27T01:59:29.297+0000] {processor.py:179} INFO - Processing /home/airflow/.local/lib/python3.7/site-packages/airflow/example_dags/example_complex.py took 0.106 seconds
[2023-07-27T01:59:59.916+0000] {processor.py:157} INFO - Started process (PID=4832) to work on /home/airflow/.local/lib/python3.7/site-packages/airflow/example_dags/example_complex.py
[2023-07-27T01:59:59.917+0000] {processor.py:826} INFO - Processing file /home/airflow/.local/lib/python3.7/site-packages/airflow/example_dags/example_complex.py for tasks to queue
[2023-07-27T01:59:59.919+0000] {logging_mixin.py:150} INFO - [2023-07-27T01:59:59.918+0000] {dagbag.py:541} INFO - Filling up the DagBag from /home/airflow/.local/lib/python3.7/site-packages/airflow/example_dags/example_complex.py
[2023-07-27T01:59:59.931+0000] {processor.py:836} INFO - DAG(s) dict_keys(['example_complex']) retrieved from /home/airflow/.local/lib/python3.7/site-packages/airflow/example_dags/example_complex.py
[2023-07-27T01:59:59.968+0000] {logging_mixin.py:150} INFO - [2023-07-27T01:59:59.968+0000] {dag.py:2742} INFO - Sync 1 DAGs
[2023-07-27T01:59:59.995+0000] {logging_mixin.py:150} INFO - [2023-07-27T01:59:59.995+0000] {dag.py:3508} INFO - Setting next_dagrun for example_complex to None, run_after=None
[2023-07-27T02:00:00.020+0000] {processor.py:179} INFO - Processing /home/airflow/.local/lib/python3.7/site-packages/airflow/example_dags/example_complex.py took 0.108 seconds
[2023-07-27T02:00:30.835+0000] {processor.py:157} INFO - Started process (PID=4892) to work on /home/airflow/.local/lib/python3.7/site-packages/airflow/example_dags/example_complex.py
[2023-07-27T02:00:30.837+0000] {processor.py:826} INFO - Processing file /home/airflow/.local/lib/python3.7/site-packages/airflow/example_dags/example_complex.py for tasks to queue
[2023-07-27T02:00:30.839+0000] {logging_mixin.py:150} INFO - [2023-07-27T02:00:30.838+0000] {dagbag.py:541} INFO - Filling up the DagBag from /home/airflow/.local/lib/python3.7/site-packages/airflow/example_dags/example_complex.py
[2023-07-27T02:00:30.857+0000] {processor.py:836} INFO - DAG(s) dict_keys(['example_complex']) retrieved from /home/airflow/.local/lib/python3.7/site-packages/airflow/example_dags/example_complex.py
[2023-07-27T02:00:30.945+0000] {logging_mixin.py:150} INFO - [2023-07-27T02:00:30.945+0000] {dag.py:2742} INFO - Sync 1 DAGs
[2023-07-27T02:00:30.973+0000] {logging_mixin.py:150} INFO - [2023-07-27T02:00:30.973+0000] {dag.py:3508} INFO - Setting next_dagrun for example_complex to None, run_after=None
[2023-07-27T02:00:30.998+0000] {processor.py:179} INFO - Processing /home/airflow/.local/lib/python3.7/site-packages/airflow/example_dags/example_complex.py took 0.166 seconds
[2023-07-27T02:01:01.051+0000] {processor.py:157} INFO - Started process (PID=4952) to work on /home/airflow/.local/lib/python3.7/site-packages/airflow/example_dags/example_complex.py
[2023-07-27T02:01:01.052+0000] {processor.py:826} INFO - Processing file /home/airflow/.local/lib/python3.7/site-packages/airflow/example_dags/example_complex.py for tasks to queue
[2023-07-27T02:01:01.053+0000] {logging_mixin.py:150} INFO - [2023-07-27T02:01:01.053+0000] {dagbag.py:541} INFO - Filling up the DagBag from /home/airflow/.local/lib/python3.7/site-packages/airflow/example_dags/example_complex.py
[2023-07-27T02:01:01.065+0000] {processor.py:836} INFO - DAG(s) dict_keys(['example_complex']) retrieved from /home/airflow/.local/lib/python3.7/site-packages/airflow/example_dags/example_complex.py
[2023-07-27T02:01:01.101+0000] {logging_mixin.py:150} INFO - [2023-07-27T02:01:01.101+0000] {dag.py:2742} INFO - Sync 1 DAGs
[2023-07-27T02:01:01.129+0000] {logging_mixin.py:150} INFO - [2023-07-27T02:01:01.129+0000] {dag.py:3508} INFO - Setting next_dagrun for example_complex to None, run_after=None
[2023-07-27T02:01:01.151+0000] {processor.py:179} INFO - Processing /home/airflow/.local/lib/python3.7/site-packages/airflow/example_dags/example_complex.py took 0.104 seconds
[2023-07-27T02:01:31.401+0000] {processor.py:157} INFO - Started process (PID=5012) to work on /home/airflow/.local/lib/python3.7/site-packages/airflow/example_dags/example_complex.py
[2023-07-27T02:01:31.402+0000] {processor.py:826} INFO - Processing file /home/airflow/.local/lib/python3.7/site-packages/airflow/example_dags/example_complex.py for tasks to queue
[2023-07-27T02:01:31.403+0000] {logging_mixin.py:150} INFO - [2023-07-27T02:01:31.403+0000] {dagbag.py:541} INFO - Filling up the DagBag from /home/airflow/.local/lib/python3.7/site-packages/airflow/example_dags/example_complex.py
[2023-07-27T02:01:31.417+0000] {processor.py:836} INFO - DAG(s) dict_keys(['example_complex']) retrieved from /home/airflow/.local/lib/python3.7/site-packages/airflow/example_dags/example_complex.py
[2023-07-27T02:01:31.454+0000] {logging_mixin.py:150} INFO - [2023-07-27T02:01:31.454+0000] {dag.py:2742} INFO - Sync 1 DAGs
[2023-07-27T02:01:31.481+0000] {logging_mixin.py:150} INFO - [2023-07-27T02:01:31.481+0000] {dag.py:3508} INFO - Setting next_dagrun for example_complex to None, run_after=None
[2023-07-27T02:01:31.505+0000] {processor.py:179} INFO - Processing /home/airflow/.local/lib/python3.7/site-packages/airflow/example_dags/example_complex.py took 0.107 seconds
[2023-07-27T02:02:01.661+0000] {processor.py:157} INFO - Started process (PID=5072) to work on /home/airflow/.local/lib/python3.7/site-packages/airflow/example_dags/example_complex.py
[2023-07-27T02:02:01.662+0000] {processor.py:826} INFO - Processing file /home/airflow/.local/lib/python3.7/site-packages/airflow/example_dags/example_complex.py for tasks to queue
[2023-07-27T02:02:01.663+0000] {logging_mixin.py:150} INFO - [2023-07-27T02:02:01.663+0000] {dagbag.py:541} INFO - Filling up the DagBag from /home/airflow/.local/lib/python3.7/site-packages/airflow/example_dags/example_complex.py
[2023-07-27T02:02:01.675+0000] {processor.py:836} INFO - DAG(s) dict_keys(['example_complex']) retrieved from /home/airflow/.local/lib/python3.7/site-packages/airflow/example_dags/example_complex.py
[2023-07-27T02:02:01.712+0000] {logging_mixin.py:150} INFO - [2023-07-27T02:02:01.712+0000] {dag.py:2742} INFO - Sync 1 DAGs
[2023-07-27T02:02:01.740+0000] {logging_mixin.py:150} INFO - [2023-07-27T02:02:01.740+0000] {dag.py:3508} INFO - Setting next_dagrun for example_complex to None, run_after=None
[2023-07-27T02:02:01.770+0000] {processor.py:179} INFO - Processing /home/airflow/.local/lib/python3.7/site-packages/airflow/example_dags/example_complex.py took 0.112 seconds
[2023-07-27T02:02:31.874+0000] {processor.py:157} INFO - Started process (PID=5133) to work on /home/airflow/.local/lib/python3.7/site-packages/airflow/example_dags/example_complex.py
[2023-07-27T02:02:31.876+0000] {processor.py:826} INFO - Processing file /home/airflow/.local/lib/python3.7/site-packages/airflow/example_dags/example_complex.py for tasks to queue
[2023-07-27T02:02:31.877+0000] {logging_mixin.py:150} INFO - [2023-07-27T02:02:31.876+0000] {dagbag.py:541} INFO - Filling up the DagBag from /home/airflow/.local/lib/python3.7/site-packages/airflow/example_dags/example_complex.py
[2023-07-27T02:02:31.889+0000] {processor.py:836} INFO - DAG(s) dict_keys(['example_complex']) retrieved from /home/airflow/.local/lib/python3.7/site-packages/airflow/example_dags/example_complex.py
[2023-07-27T02:02:31.926+0000] {logging_mixin.py:150} INFO - [2023-07-27T02:02:31.926+0000] {dag.py:2742} INFO - Sync 1 DAGs
[2023-07-27T02:02:31.953+0000] {logging_mixin.py:150} INFO - [2023-07-27T02:02:31.953+0000] {dag.py:3508} INFO - Setting next_dagrun for example_complex to None, run_after=None
[2023-07-27T02:02:31.977+0000] {processor.py:179} INFO - Processing /home/airflow/.local/lib/python3.7/site-packages/airflow/example_dags/example_complex.py took 0.106 seconds
[2023-07-27T02:03:02.021+0000] {processor.py:157} INFO - Started process (PID=5193) to work on /home/airflow/.local/lib/python3.7/site-packages/airflow/example_dags/example_complex.py
[2023-07-27T02:03:02.022+0000] {processor.py:826} INFO - Processing file /home/airflow/.local/lib/python3.7/site-packages/airflow/example_dags/example_complex.py for tasks to queue
[2023-07-27T02:03:02.023+0000] {logging_mixin.py:150} INFO - [2023-07-27T02:03:02.023+0000] {dagbag.py:541} INFO - Filling up the DagBag from /home/airflow/.local/lib/python3.7/site-packages/airflow/example_dags/example_complex.py
[2023-07-27T02:03:02.036+0000] {processor.py:836} INFO - DAG(s) dict_keys(['example_complex']) retrieved from /home/airflow/.local/lib/python3.7/site-packages/airflow/example_dags/example_complex.py
[2023-07-27T02:03:02.073+0000] {logging_mixin.py:150} INFO - [2023-07-27T02:03:02.073+0000] {dag.py:2742} INFO - Sync 1 DAGs
[2023-07-27T02:03:02.102+0000] {logging_mixin.py:150} INFO - [2023-07-27T02:03:02.102+0000] {dag.py:3508} INFO - Setting next_dagrun for example_complex to None, run_after=None
[2023-07-27T02:03:02.134+0000] {processor.py:179} INFO - Processing /home/airflow/.local/lib/python3.7/site-packages/airflow/example_dags/example_complex.py took 0.117 seconds
[2023-07-27T02:03:32.336+0000] {processor.py:157} INFO - Started process (PID=5253) to work on /home/airflow/.local/lib/python3.7/site-packages/airflow/example_dags/example_complex.py
[2023-07-27T02:03:32.338+0000] {processor.py:826} INFO - Processing file /home/airflow/.local/lib/python3.7/site-packages/airflow/example_dags/example_complex.py for tasks to queue
[2023-07-27T02:03:32.339+0000] {logging_mixin.py:150} INFO - [2023-07-27T02:03:32.339+0000] {dagbag.py:541} INFO - Filling up the DagBag from /home/airflow/.local/lib/python3.7/site-packages/airflow/example_dags/example_complex.py
[2023-07-27T02:03:32.355+0000] {processor.py:836} INFO - DAG(s) dict_keys(['example_complex']) retrieved from /home/airflow/.local/lib/python3.7/site-packages/airflow/example_dags/example_complex.py
[2023-07-27T02:03:32.394+0000] {logging_mixin.py:150} INFO - [2023-07-27T02:03:32.393+0000] {dag.py:2742} INFO - Sync 1 DAGs
[2023-07-27T02:03:32.424+0000] {logging_mixin.py:150} INFO - [2023-07-27T02:03:32.424+0000] {dag.py:3508} INFO - Setting next_dagrun for example_complex to None, run_after=None
[2023-07-27T02:03:32.451+0000] {processor.py:179} INFO - Processing /home/airflow/.local/lib/python3.7/site-packages/airflow/example_dags/example_complex.py took 0.120 seconds
[2023-07-27T02:04:02.883+0000] {processor.py:157} INFO - Started process (PID=5313) to work on /home/airflow/.local/lib/python3.7/site-packages/airflow/example_dags/example_complex.py
[2023-07-27T02:04:02.884+0000] {processor.py:826} INFO - Processing file /home/airflow/.local/lib/python3.7/site-packages/airflow/example_dags/example_complex.py for tasks to queue
[2023-07-27T02:04:02.886+0000] {logging_mixin.py:150} INFO - [2023-07-27T02:04:02.885+0000] {dagbag.py:541} INFO - Filling up the DagBag from /home/airflow/.local/lib/python3.7/site-packages/airflow/example_dags/example_complex.py
[2023-07-27T02:04:02.898+0000] {processor.py:836} INFO - DAG(s) dict_keys(['example_complex']) retrieved from /home/airflow/.local/lib/python3.7/site-packages/airflow/example_dags/example_complex.py
[2023-07-27T02:04:02.933+0000] {logging_mixin.py:150} INFO - [2023-07-27T02:04:02.933+0000] {dag.py:2742} INFO - Sync 1 DAGs
[2023-07-27T02:04:02.960+0000] {logging_mixin.py:150} INFO - [2023-07-27T02:04:02.960+0000] {dag.py:3508} INFO - Setting next_dagrun for example_complex to None, run_after=None
[2023-07-27T02:04:02.983+0000] {processor.py:179} INFO - Processing /home/airflow/.local/lib/python3.7/site-packages/airflow/example_dags/example_complex.py took 0.103 seconds
[2023-07-27T02:04:33.142+0000] {processor.py:157} INFO - Started process (PID=5373) to work on /home/airflow/.local/lib/python3.7/site-packages/airflow/example_dags/example_complex.py
[2023-07-27T02:04:33.144+0000] {processor.py:826} INFO - Processing file /home/airflow/.local/lib/python3.7/site-packages/airflow/example_dags/example_complex.py for tasks to queue
[2023-07-27T02:04:33.145+0000] {logging_mixin.py:150} INFO - [2023-07-27T02:04:33.144+0000] {dagbag.py:541} INFO - Filling up the DagBag from /home/airflow/.local/lib/python3.7/site-packages/airflow/example_dags/example_complex.py
[2023-07-27T02:04:33.157+0000] {processor.py:836} INFO - DAG(s) dict_keys(['example_complex']) retrieved from /home/airflow/.local/lib/python3.7/site-packages/airflow/example_dags/example_complex.py
[2023-07-27T02:04:33.194+0000] {logging_mixin.py:150} INFO - [2023-07-27T02:04:33.194+0000] {dag.py:2742} INFO - Sync 1 DAGs
[2023-07-27T02:04:33.224+0000] {logging_mixin.py:150} INFO - [2023-07-27T02:04:33.224+0000] {dag.py:3508} INFO - Setting next_dagrun for example_complex to None, run_after=None
[2023-07-27T02:04:33.246+0000] {processor.py:179} INFO - Processing /home/airflow/.local/lib/python3.7/site-packages/airflow/example_dags/example_complex.py took 0.107 seconds
[2023-07-27T02:05:03.517+0000] {processor.py:157} INFO - Started process (PID=5433) to work on /home/airflow/.local/lib/python3.7/site-packages/airflow/example_dags/example_complex.py
[2023-07-27T02:05:03.518+0000] {processor.py:826} INFO - Processing file /home/airflow/.local/lib/python3.7/site-packages/airflow/example_dags/example_complex.py for tasks to queue
[2023-07-27T02:05:03.519+0000] {logging_mixin.py:150} INFO - [2023-07-27T02:05:03.519+0000] {dagbag.py:541} INFO - Filling up the DagBag from /home/airflow/.local/lib/python3.7/site-packages/airflow/example_dags/example_complex.py
[2023-07-27T02:05:03.532+0000] {processor.py:836} INFO - DAG(s) dict_keys(['example_complex']) retrieved from /home/airflow/.local/lib/python3.7/site-packages/airflow/example_dags/example_complex.py
[2023-07-27T02:05:03.568+0000] {logging_mixin.py:150} INFO - [2023-07-27T02:05:03.567+0000] {dag.py:2742} INFO - Sync 1 DAGs
[2023-07-27T02:05:03.595+0000] {logging_mixin.py:150} INFO - [2023-07-27T02:05:03.595+0000] {dag.py:3508} INFO - Setting next_dagrun for example_complex to None, run_after=None
[2023-07-27T02:05:03.620+0000] {processor.py:179} INFO - Processing /home/airflow/.local/lib/python3.7/site-packages/airflow/example_dags/example_complex.py took 0.107 seconds
[2023-07-27T02:05:34.072+0000] {processor.py:157} INFO - Started process (PID=5494) to work on /home/airflow/.local/lib/python3.7/site-packages/airflow/example_dags/example_complex.py
[2023-07-27T02:05:34.073+0000] {processor.py:826} INFO - Processing file /home/airflow/.local/lib/python3.7/site-packages/airflow/example_dags/example_complex.py for tasks to queue
[2023-07-27T02:05:34.074+0000] {logging_mixin.py:150} INFO - [2023-07-27T02:05:34.074+0000] {dagbag.py:541} INFO - Filling up the DagBag from /home/airflow/.local/lib/python3.7/site-packages/airflow/example_dags/example_complex.py
[2023-07-27T02:05:34.087+0000] {processor.py:836} INFO - DAG(s) dict_keys(['example_complex']) retrieved from /home/airflow/.local/lib/python3.7/site-packages/airflow/example_dags/example_complex.py
[2023-07-27T02:05:34.124+0000] {logging_mixin.py:150} INFO - [2023-07-27T02:05:34.124+0000] {dag.py:2742} INFO - Sync 1 DAGs
[2023-07-27T02:05:34.154+0000] {logging_mixin.py:150} INFO - [2023-07-27T02:05:34.153+0000] {dag.py:3508} INFO - Setting next_dagrun for example_complex to None, run_after=None
[2023-07-27T02:05:34.291+0000] {processor.py:179} INFO - Processing /home/airflow/.local/lib/python3.7/site-packages/airflow/example_dags/example_complex.py took 0.223 seconds
[2023-07-27T02:06:04.551+0000] {processor.py:157} INFO - Started process (PID=5553) to work on /home/airflow/.local/lib/python3.7/site-packages/airflow/example_dags/example_complex.py
[2023-07-27T02:06:04.552+0000] {processor.py:826} INFO - Processing file /home/airflow/.local/lib/python3.7/site-packages/airflow/example_dags/example_complex.py for tasks to queue
[2023-07-27T02:06:04.553+0000] {logging_mixin.py:150} INFO - [2023-07-27T02:06:04.553+0000] {dagbag.py:541} INFO - Filling up the DagBag from /home/airflow/.local/lib/python3.7/site-packages/airflow/example_dags/example_complex.py
[2023-07-27T02:06:04.565+0000] {processor.py:836} INFO - DAG(s) dict_keys(['example_complex']) retrieved from /home/airflow/.local/lib/python3.7/site-packages/airflow/example_dags/example_complex.py
[2023-07-27T02:06:04.601+0000] {logging_mixin.py:150} INFO - [2023-07-27T02:06:04.601+0000] {dag.py:2742} INFO - Sync 1 DAGs
[2023-07-27T02:06:04.628+0000] {logging_mixin.py:150} INFO - [2023-07-27T02:06:04.628+0000] {dag.py:3508} INFO - Setting next_dagrun for example_complex to None, run_after=None
[2023-07-27T02:06:04.650+0000] {processor.py:179} INFO - Processing /home/airflow/.local/lib/python3.7/site-packages/airflow/example_dags/example_complex.py took 0.103 seconds
[2023-07-27T02:06:35.177+0000] {processor.py:157} INFO - Started process (PID=5613) to work on /home/airflow/.local/lib/python3.7/site-packages/airflow/example_dags/example_complex.py
[2023-07-27T02:06:35.178+0000] {processor.py:826} INFO - Processing file /home/airflow/.local/lib/python3.7/site-packages/airflow/example_dags/example_complex.py for tasks to queue
[2023-07-27T02:06:35.179+0000] {logging_mixin.py:150} INFO - [2023-07-27T02:06:35.179+0000] {dagbag.py:541} INFO - Filling up the DagBag from /home/airflow/.local/lib/python3.7/site-packages/airflow/example_dags/example_complex.py
[2023-07-27T02:06:35.194+0000] {processor.py:836} INFO - DAG(s) dict_keys(['example_complex']) retrieved from /home/airflow/.local/lib/python3.7/site-packages/airflow/example_dags/example_complex.py
[2023-07-27T02:06:35.231+0000] {logging_mixin.py:150} INFO - [2023-07-27T02:06:35.231+0000] {dag.py:2742} INFO - Sync 1 DAGs
[2023-07-27T02:06:35.259+0000] {logging_mixin.py:150} INFO - [2023-07-27T02:06:35.258+0000] {dag.py:3508} INFO - Setting next_dagrun for example_complex to None, run_after=None
[2023-07-27T02:06:35.282+0000] {processor.py:179} INFO - Processing /home/airflow/.local/lib/python3.7/site-packages/airflow/example_dags/example_complex.py took 0.108 seconds
[2023-07-27T02:07:05.841+0000] {processor.py:157} INFO - Started process (PID=5673) to work on /home/airflow/.local/lib/python3.7/site-packages/airflow/example_dags/example_complex.py
[2023-07-27T02:07:05.843+0000] {processor.py:826} INFO - Processing file /home/airflow/.local/lib/python3.7/site-packages/airflow/example_dags/example_complex.py for tasks to queue
[2023-07-27T02:07:05.844+0000] {logging_mixin.py:150} INFO - [2023-07-27T02:07:05.843+0000] {dagbag.py:541} INFO - Filling up the DagBag from /home/airflow/.local/lib/python3.7/site-packages/airflow/example_dags/example_complex.py
[2023-07-27T02:07:05.857+0000] {processor.py:836} INFO - DAG(s) dict_keys(['example_complex']) retrieved from /home/airflow/.local/lib/python3.7/site-packages/airflow/example_dags/example_complex.py
[2023-07-27T02:07:05.911+0000] {logging_mixin.py:150} INFO - [2023-07-27T02:07:05.910+0000] {dag.py:2742} INFO - Sync 1 DAGs
[2023-07-27T02:07:05.958+0000] {logging_mixin.py:150} INFO - [2023-07-27T02:07:05.958+0000] {dag.py:3508} INFO - Setting next_dagrun for example_complex to None, run_after=None
[2023-07-27T02:07:05.995+0000] {processor.py:179} INFO - Processing /home/airflow/.local/lib/python3.7/site-packages/airflow/example_dags/example_complex.py took 0.158 seconds
[2023-07-27T02:07:36.647+0000] {processor.py:157} INFO - Started process (PID=5733) to work on /home/airflow/.local/lib/python3.7/site-packages/airflow/example_dags/example_complex.py
[2023-07-27T02:07:36.648+0000] {processor.py:826} INFO - Processing file /home/airflow/.local/lib/python3.7/site-packages/airflow/example_dags/example_complex.py for tasks to queue
[2023-07-27T02:07:36.650+0000] {logging_mixin.py:150} INFO - [2023-07-27T02:07:36.649+0000] {dagbag.py:541} INFO - Filling up the DagBag from /home/airflow/.local/lib/python3.7/site-packages/airflow/example_dags/example_complex.py
[2023-07-27T02:07:36.663+0000] {processor.py:836} INFO - DAG(s) dict_keys(['example_complex']) retrieved from /home/airflow/.local/lib/python3.7/site-packages/airflow/example_dags/example_complex.py
[2023-07-27T02:07:36.705+0000] {logging_mixin.py:150} INFO - [2023-07-27T02:07:36.705+0000] {dag.py:2742} INFO - Sync 1 DAGs
[2023-07-27T02:07:36.741+0000] {logging_mixin.py:150} INFO - [2023-07-27T02:07:36.740+0000] {dag.py:3508} INFO - Setting next_dagrun for example_complex to None, run_after=None
[2023-07-27T02:07:36.890+0000] {processor.py:179} INFO - Processing /home/airflow/.local/lib/python3.7/site-packages/airflow/example_dags/example_complex.py took 0.247 seconds
[2023-07-27T02:08:07.769+0000] {processor.py:157} INFO - Started process (PID=5793) to work on /home/airflow/.local/lib/python3.7/site-packages/airflow/example_dags/example_complex.py
[2023-07-27T02:08:07.771+0000] {processor.py:826} INFO - Processing file /home/airflow/.local/lib/python3.7/site-packages/airflow/example_dags/example_complex.py for tasks to queue
[2023-07-27T02:08:07.773+0000] {logging_mixin.py:150} INFO - [2023-07-27T02:08:07.773+0000] {dagbag.py:541} INFO - Filling up the DagBag from /home/airflow/.local/lib/python3.7/site-packages/airflow/example_dags/example_complex.py
[2023-07-27T02:08:07.791+0000] {processor.py:836} INFO - DAG(s) dict_keys(['example_complex']) retrieved from /home/airflow/.local/lib/python3.7/site-packages/airflow/example_dags/example_complex.py
[2023-07-27T02:08:07.855+0000] {logging_mixin.py:150} INFO - [2023-07-27T02:08:07.855+0000] {dag.py:2742} INFO - Sync 1 DAGs
[2023-07-27T02:08:07.890+0000] {logging_mixin.py:150} INFO - [2023-07-27T02:08:07.890+0000] {dag.py:3508} INFO - Setting next_dagrun for example_complex to None, run_after=None
[2023-07-27T02:08:07.920+0000] {processor.py:179} INFO - Processing /home/airflow/.local/lib/python3.7/site-packages/airflow/example_dags/example_complex.py took 0.155 seconds
[2023-07-27T02:08:38.345+0000] {processor.py:157} INFO - Started process (PID=5854) to work on /home/airflow/.local/lib/python3.7/site-packages/airflow/example_dags/example_complex.py
[2023-07-27T02:08:38.346+0000] {processor.py:826} INFO - Processing file /home/airflow/.local/lib/python3.7/site-packages/airflow/example_dags/example_complex.py for tasks to queue
[2023-07-27T02:08:38.347+0000] {logging_mixin.py:150} INFO - [2023-07-27T02:08:38.347+0000] {dagbag.py:541} INFO - Filling up the DagBag from /home/airflow/.local/lib/python3.7/site-packages/airflow/example_dags/example_complex.py
[2023-07-27T02:08:38.360+0000] {processor.py:836} INFO - DAG(s) dict_keys(['example_complex']) retrieved from /home/airflow/.local/lib/python3.7/site-packages/airflow/example_dags/example_complex.py
[2023-07-27T02:08:38.398+0000] {logging_mixin.py:150} INFO - [2023-07-27T02:08:38.397+0000] {dag.py:2742} INFO - Sync 1 DAGs
[2023-07-27T02:08:38.428+0000] {logging_mixin.py:150} INFO - [2023-07-27T02:08:38.428+0000] {dag.py:3508} INFO - Setting next_dagrun for example_complex to None, run_after=None
[2023-07-27T02:08:38.463+0000] {processor.py:179} INFO - Processing /home/airflow/.local/lib/python3.7/site-packages/airflow/example_dags/example_complex.py took 0.123 seconds
[2023-07-27T02:09:08.743+0000] {processor.py:157} INFO - Started process (PID=5914) to work on /home/airflow/.local/lib/python3.7/site-packages/airflow/example_dags/example_complex.py
[2023-07-27T02:09:08.744+0000] {processor.py:826} INFO - Processing file /home/airflow/.local/lib/python3.7/site-packages/airflow/example_dags/example_complex.py for tasks to queue
[2023-07-27T02:09:08.745+0000] {logging_mixin.py:150} INFO - [2023-07-27T02:09:08.745+0000] {dagbag.py:541} INFO - Filling up the DagBag from /home/airflow/.local/lib/python3.7/site-packages/airflow/example_dags/example_complex.py
[2023-07-27T02:09:08.758+0000] {processor.py:836} INFO - DAG(s) dict_keys(['example_complex']) retrieved from /home/airflow/.local/lib/python3.7/site-packages/airflow/example_dags/example_complex.py
[2023-07-27T02:09:08.795+0000] {logging_mixin.py:150} INFO - [2023-07-27T02:09:08.795+0000] {dag.py:2742} INFO - Sync 1 DAGs
[2023-07-27T02:09:08.931+0000] {logging_mixin.py:150} INFO - [2023-07-27T02:09:08.930+0000] {dag.py:3508} INFO - Setting next_dagrun for example_complex to None, run_after=None
[2023-07-27T02:09:08.953+0000] {processor.py:179} INFO - Processing /home/airflow/.local/lib/python3.7/site-packages/airflow/example_dags/example_complex.py took 0.214 seconds
[2023-07-27T02:09:39.319+0000] {processor.py:157} INFO - Started process (PID=5974) to work on /home/airflow/.local/lib/python3.7/site-packages/airflow/example_dags/example_complex.py
[2023-07-27T02:09:39.320+0000] {processor.py:826} INFO - Processing file /home/airflow/.local/lib/python3.7/site-packages/airflow/example_dags/example_complex.py for tasks to queue
[2023-07-27T02:09:39.322+0000] {logging_mixin.py:150} INFO - [2023-07-27T02:09:39.321+0000] {dagbag.py:541} INFO - Filling up the DagBag from /home/airflow/.local/lib/python3.7/site-packages/airflow/example_dags/example_complex.py
[2023-07-27T02:09:39.334+0000] {processor.py:836} INFO - DAG(s) dict_keys(['example_complex']) retrieved from /home/airflow/.local/lib/python3.7/site-packages/airflow/example_dags/example_complex.py
[2023-07-27T02:09:39.372+0000] {logging_mixin.py:150} INFO - [2023-07-27T02:09:39.372+0000] {dag.py:2742} INFO - Sync 1 DAGs
[2023-07-27T02:09:39.400+0000] {logging_mixin.py:150} INFO - [2023-07-27T02:09:39.400+0000] {dag.py:3508} INFO - Setting next_dagrun for example_complex to None, run_after=None
[2023-07-27T02:09:39.422+0000] {processor.py:179} INFO - Processing /home/airflow/.local/lib/python3.7/site-packages/airflow/example_dags/example_complex.py took 0.107 seconds
[2023-07-27T02:10:09.701+0000] {processor.py:157} INFO - Started process (PID=6034) to work on /home/airflow/.local/lib/python3.7/site-packages/airflow/example_dags/example_complex.py
[2023-07-27T02:10:09.703+0000] {processor.py:826} INFO - Processing file /home/airflow/.local/lib/python3.7/site-packages/airflow/example_dags/example_complex.py for tasks to queue
[2023-07-27T02:10:09.704+0000] {logging_mixin.py:150} INFO - [2023-07-27T02:10:09.704+0000] {dagbag.py:541} INFO - Filling up the DagBag from /home/airflow/.local/lib/python3.7/site-packages/airflow/example_dags/example_complex.py
[2023-07-27T02:10:09.718+0000] {processor.py:836} INFO - DAG(s) dict_keys(['example_complex']) retrieved from /home/airflow/.local/lib/python3.7/site-packages/airflow/example_dags/example_complex.py
[2023-07-27T02:10:09.884+0000] {logging_mixin.py:150} INFO - [2023-07-27T02:10:09.884+0000] {dag.py:2742} INFO - Sync 1 DAGs
[2023-07-27T02:10:09.909+0000] {logging_mixin.py:150} INFO - [2023-07-27T02:10:09.909+0000] {dag.py:3508} INFO - Setting next_dagrun for example_complex to None, run_after=None
[2023-07-27T02:10:09.932+0000] {processor.py:179} INFO - Processing /home/airflow/.local/lib/python3.7/site-packages/airflow/example_dags/example_complex.py took 0.235 seconds
