[2023-07-27T01:39:08.378+0000] {processor.py:157} INFO - Started process (PID=2364) to work on /home/airflow/.local/lib/python3.7/site-packages/airflow/example_dags/example_xcomargs.py
[2023-07-27T01:39:08.385+0000] {processor.py:826} INFO - Processing file /home/airflow/.local/lib/python3.7/site-packages/airflow/example_dags/example_xcomargs.py for tasks to queue
[2023-07-27T01:39:08.387+0000] {logging_mixin.py:150} INFO - [2023-07-27T01:39:08.386+0000] {dagbag.py:541} INFO - Filling up the DagBag from /home/airflow/.local/lib/python3.7/site-packages/airflow/example_dags/example_xcomargs.py
[2023-07-27T01:39:08.407+0000] {processor.py:836} INFO - DAG(s) dict_keys(['example_xcom_args_with_operators', 'example_xcom_args']) retrieved from /home/airflow/.local/lib/python3.7/site-packages/airflow/example_dags/example_xcomargs.py
[2023-07-27T01:39:08.498+0000] {logging_mixin.py:150} INFO - [2023-07-27T01:39:08.488+0000] {dag.py:2742} INFO - Sync 2 DAGs
[2023-07-27T01:39:08.563+0000] {logging_mixin.py:150} INFO - [2023-07-27T01:39:08.562+0000] {dag.py:3508} INFO - Setting next_dagrun for example_xcom_args to None, run_after=None
[2023-07-27T01:39:08.569+0000] {logging_mixin.py:150} INFO - [2023-07-27T01:39:08.569+0000] {dag.py:3508} INFO - Setting next_dagrun for example_xcom_args_with_operators to None, run_after=None
[2023-07-27T01:39:08.607+0000] {processor.py:179} INFO - Processing /home/airflow/.local/lib/python3.7/site-packages/airflow/example_dags/example_xcomargs.py took 0.234 seconds
[2023-07-27T01:39:39.111+0000] {processor.py:157} INFO - Started process (PID=2424) to work on /home/airflow/.local/lib/python3.7/site-packages/airflow/example_dags/example_xcomargs.py
[2023-07-27T01:39:39.113+0000] {processor.py:826} INFO - Processing file /home/airflow/.local/lib/python3.7/site-packages/airflow/example_dags/example_xcomargs.py for tasks to queue
[2023-07-27T01:39:39.114+0000] {logging_mixin.py:150} INFO - [2023-07-27T01:39:39.113+0000] {dagbag.py:541} INFO - Filling up the DagBag from /home/airflow/.local/lib/python3.7/site-packages/airflow/example_dags/example_xcomargs.py
[2023-07-27T01:39:39.123+0000] {processor.py:836} INFO - DAG(s) dict_keys(['example_xcom_args_with_operators', 'example_xcom_args']) retrieved from /home/airflow/.local/lib/python3.7/site-packages/airflow/example_dags/example_xcomargs.py
[2023-07-27T01:39:39.152+0000] {logging_mixin.py:150} INFO - [2023-07-27T01:39:39.152+0000] {dag.py:2742} INFO - Sync 2 DAGs
[2023-07-27T01:39:39.179+0000] {logging_mixin.py:150} INFO - [2023-07-27T01:39:39.179+0000] {dag.py:3508} INFO - Setting next_dagrun for example_xcom_args to None, run_after=None
[2023-07-27T01:39:39.183+0000] {logging_mixin.py:150} INFO - [2023-07-27T01:39:39.183+0000] {dag.py:3508} INFO - Setting next_dagrun for example_xcom_args_with_operators to None, run_after=None
[2023-07-27T01:39:39.203+0000] {processor.py:179} INFO - Processing /home/airflow/.local/lib/python3.7/site-packages/airflow/example_dags/example_xcomargs.py took 0.095 seconds
[2023-07-27T01:40:10.100+0000] {processor.py:157} INFO - Started process (PID=2484) to work on /home/airflow/.local/lib/python3.7/site-packages/airflow/example_dags/example_xcomargs.py
[2023-07-27T01:40:10.102+0000] {processor.py:826} INFO - Processing file /home/airflow/.local/lib/python3.7/site-packages/airflow/example_dags/example_xcomargs.py for tasks to queue
[2023-07-27T01:40:10.103+0000] {logging_mixin.py:150} INFO - [2023-07-27T01:40:10.103+0000] {dagbag.py:541} INFO - Filling up the DagBag from /home/airflow/.local/lib/python3.7/site-packages/airflow/example_dags/example_xcomargs.py
[2023-07-27T01:40:10.114+0000] {processor.py:836} INFO - DAG(s) dict_keys(['example_xcom_args', 'example_xcom_args_with_operators']) retrieved from /home/airflow/.local/lib/python3.7/site-packages/airflow/example_dags/example_xcomargs.py
[2023-07-27T01:40:10.147+0000] {logging_mixin.py:150} INFO - [2023-07-27T01:40:10.147+0000] {dag.py:2742} INFO - Sync 2 DAGs
[2023-07-27T01:40:10.181+0000] {logging_mixin.py:150} INFO - [2023-07-27T01:40:10.180+0000] {dag.py:3508} INFO - Setting next_dagrun for example_xcom_args to None, run_after=None
[2023-07-27T01:40:10.186+0000] {logging_mixin.py:150} INFO - [2023-07-27T01:40:10.185+0000] {dag.py:3508} INFO - Setting next_dagrun for example_xcom_args_with_operators to None, run_after=None
[2023-07-27T01:40:10.211+0000] {processor.py:179} INFO - Processing /home/airflow/.local/lib/python3.7/site-packages/airflow/example_dags/example_xcomargs.py took 0.115 seconds
[2023-07-27T01:40:40.568+0000] {processor.py:157} INFO - Started process (PID=2545) to work on /home/airflow/.local/lib/python3.7/site-packages/airflow/example_dags/example_xcomargs.py
[2023-07-27T01:40:40.569+0000] {processor.py:826} INFO - Processing file /home/airflow/.local/lib/python3.7/site-packages/airflow/example_dags/example_xcomargs.py for tasks to queue
[2023-07-27T01:40:40.570+0000] {logging_mixin.py:150} INFO - [2023-07-27T01:40:40.570+0000] {dagbag.py:541} INFO - Filling up the DagBag from /home/airflow/.local/lib/python3.7/site-packages/airflow/example_dags/example_xcomargs.py
[2023-07-27T01:40:40.579+0000] {processor.py:836} INFO - DAG(s) dict_keys(['example_xcom_args_with_operators', 'example_xcom_args']) retrieved from /home/airflow/.local/lib/python3.7/site-packages/airflow/example_dags/example_xcomargs.py
[2023-07-27T01:40:40.607+0000] {logging_mixin.py:150} INFO - [2023-07-27T01:40:40.607+0000] {dag.py:2742} INFO - Sync 2 DAGs
[2023-07-27T01:40:40.634+0000] {logging_mixin.py:150} INFO - [2023-07-27T01:40:40.634+0000] {dag.py:3508} INFO - Setting next_dagrun for example_xcom_args to None, run_after=None
[2023-07-27T01:40:40.638+0000] {logging_mixin.py:150} INFO - [2023-07-27T01:40:40.638+0000] {dag.py:3508} INFO - Setting next_dagrun for example_xcom_args_with_operators to None, run_after=None
[2023-07-27T01:40:40.659+0000] {processor.py:179} INFO - Processing /home/airflow/.local/lib/python3.7/site-packages/airflow/example_dags/example_xcomargs.py took 0.095 seconds
[2023-07-27T01:41:11.487+0000] {processor.py:157} INFO - Started process (PID=2605) to work on /home/airflow/.local/lib/python3.7/site-packages/airflow/example_dags/example_xcomargs.py
[2023-07-27T01:41:11.488+0000] {processor.py:826} INFO - Processing file /home/airflow/.local/lib/python3.7/site-packages/airflow/example_dags/example_xcomargs.py for tasks to queue
[2023-07-27T01:41:11.489+0000] {logging_mixin.py:150} INFO - [2023-07-27T01:41:11.489+0000] {dagbag.py:541} INFO - Filling up the DagBag from /home/airflow/.local/lib/python3.7/site-packages/airflow/example_dags/example_xcomargs.py
[2023-07-27T01:41:11.511+0000] {processor.py:836} INFO - DAG(s) dict_keys(['example_xcom_args_with_operators', 'example_xcom_args']) retrieved from /home/airflow/.local/lib/python3.7/site-packages/airflow/example_dags/example_xcomargs.py
[2023-07-27T01:41:11.542+0000] {logging_mixin.py:150} INFO - [2023-07-27T01:41:11.542+0000] {dag.py:2742} INFO - Sync 2 DAGs
[2023-07-27T01:41:11.571+0000] {logging_mixin.py:150} INFO - [2023-07-27T01:41:11.571+0000] {dag.py:3508} INFO - Setting next_dagrun for example_xcom_args to None, run_after=None
[2023-07-27T01:41:11.575+0000] {logging_mixin.py:150} INFO - [2023-07-27T01:41:11.575+0000] {dag.py:3508} INFO - Setting next_dagrun for example_xcom_args_with_operators to None, run_after=None
[2023-07-27T01:41:11.600+0000] {processor.py:179} INFO - Processing /home/airflow/.local/lib/python3.7/site-packages/airflow/example_dags/example_xcomargs.py took 0.117 seconds
[2023-07-27T01:41:41.810+0000] {processor.py:157} INFO - Started process (PID=2665) to work on /home/airflow/.local/lib/python3.7/site-packages/airflow/example_dags/example_xcomargs.py
[2023-07-27T01:41:41.811+0000] {processor.py:826} INFO - Processing file /home/airflow/.local/lib/python3.7/site-packages/airflow/example_dags/example_xcomargs.py for tasks to queue
[2023-07-27T01:41:41.812+0000] {logging_mixin.py:150} INFO - [2023-07-27T01:41:41.812+0000] {dagbag.py:541} INFO - Filling up the DagBag from /home/airflow/.local/lib/python3.7/site-packages/airflow/example_dags/example_xcomargs.py
[2023-07-27T01:41:41.822+0000] {processor.py:836} INFO - DAG(s) dict_keys(['example_xcom_args', 'example_xcom_args_with_operators']) retrieved from /home/airflow/.local/lib/python3.7/site-packages/airflow/example_dags/example_xcomargs.py
[2023-07-27T01:41:41.852+0000] {logging_mixin.py:150} INFO - [2023-07-27T01:41:41.851+0000] {dag.py:2742} INFO - Sync 2 DAGs
[2023-07-27T01:41:41.880+0000] {logging_mixin.py:150} INFO - [2023-07-27T01:41:41.880+0000] {dag.py:3508} INFO - Setting next_dagrun for example_xcom_args to None, run_after=None
[2023-07-27T01:41:41.885+0000] {logging_mixin.py:150} INFO - [2023-07-27T01:41:41.884+0000] {dag.py:3508} INFO - Setting next_dagrun for example_xcom_args_with_operators to None, run_after=None
[2023-07-27T01:41:41.905+0000] {processor.py:179} INFO - Processing /home/airflow/.local/lib/python3.7/site-packages/airflow/example_dags/example_xcomargs.py took 0.099 seconds
[2023-07-27T01:42:12.739+0000] {processor.py:157} INFO - Started process (PID=2725) to work on /home/airflow/.local/lib/python3.7/site-packages/airflow/example_dags/example_xcomargs.py
[2023-07-27T01:42:12.740+0000] {processor.py:826} INFO - Processing file /home/airflow/.local/lib/python3.7/site-packages/airflow/example_dags/example_xcomargs.py for tasks to queue
[2023-07-27T01:42:12.741+0000] {logging_mixin.py:150} INFO - [2023-07-27T01:42:12.741+0000] {dagbag.py:541} INFO - Filling up the DagBag from /home/airflow/.local/lib/python3.7/site-packages/airflow/example_dags/example_xcomargs.py
[2023-07-27T01:42:12.750+0000] {processor.py:836} INFO - DAG(s) dict_keys(['example_xcom_args', 'example_xcom_args_with_operators']) retrieved from /home/airflow/.local/lib/python3.7/site-packages/airflow/example_dags/example_xcomargs.py
[2023-07-27T01:42:12.780+0000] {logging_mixin.py:150} INFO - [2023-07-27T01:42:12.780+0000] {dag.py:2742} INFO - Sync 2 DAGs
[2023-07-27T01:42:12.808+0000] {logging_mixin.py:150} INFO - [2023-07-27T01:42:12.807+0000] {dag.py:3508} INFO - Setting next_dagrun for example_xcom_args to None, run_after=None
[2023-07-27T01:42:12.812+0000] {logging_mixin.py:150} INFO - [2023-07-27T01:42:12.811+0000] {dag.py:3508} INFO - Setting next_dagrun for example_xcom_args_with_operators to None, run_after=None
[2023-07-27T01:42:12.833+0000] {processor.py:179} INFO - Processing /home/airflow/.local/lib/python3.7/site-packages/airflow/example_dags/example_xcomargs.py took 0.097 seconds
[2023-07-27T01:42:43.579+0000] {processor.py:157} INFO - Started process (PID=2786) to work on /home/airflow/.local/lib/python3.7/site-packages/airflow/example_dags/example_xcomargs.py
[2023-07-27T01:42:43.580+0000] {processor.py:826} INFO - Processing file /home/airflow/.local/lib/python3.7/site-packages/airflow/example_dags/example_xcomargs.py for tasks to queue
[2023-07-27T01:42:43.581+0000] {logging_mixin.py:150} INFO - [2023-07-27T01:42:43.581+0000] {dagbag.py:541} INFO - Filling up the DagBag from /home/airflow/.local/lib/python3.7/site-packages/airflow/example_dags/example_xcomargs.py
[2023-07-27T01:42:43.589+0000] {processor.py:836} INFO - DAG(s) dict_keys(['example_xcom_args_with_operators', 'example_xcom_args']) retrieved from /home/airflow/.local/lib/python3.7/site-packages/airflow/example_dags/example_xcomargs.py
[2023-07-27T01:42:43.618+0000] {logging_mixin.py:150} INFO - [2023-07-27T01:42:43.618+0000] {dag.py:2742} INFO - Sync 2 DAGs
[2023-07-27T01:42:43.644+0000] {logging_mixin.py:150} INFO - [2023-07-27T01:42:43.644+0000] {dag.py:3508} INFO - Setting next_dagrun for example_xcom_args to None, run_after=None
[2023-07-27T01:42:43.648+0000] {logging_mixin.py:150} INFO - [2023-07-27T01:42:43.648+0000] {dag.py:3508} INFO - Setting next_dagrun for example_xcom_args_with_operators to None, run_after=None
[2023-07-27T01:42:43.673+0000] {processor.py:179} INFO - Processing /home/airflow/.local/lib/python3.7/site-packages/airflow/example_dags/example_xcomargs.py took 0.097 seconds
[2023-07-27T01:43:13.868+0000] {processor.py:157} INFO - Started process (PID=2847) to work on /home/airflow/.local/lib/python3.7/site-packages/airflow/example_dags/example_xcomargs.py
[2023-07-27T01:43:13.870+0000] {processor.py:826} INFO - Processing file /home/airflow/.local/lib/python3.7/site-packages/airflow/example_dags/example_xcomargs.py for tasks to queue
[2023-07-27T01:43:13.872+0000] {logging_mixin.py:150} INFO - [2023-07-27T01:43:13.871+0000] {dagbag.py:541} INFO - Filling up the DagBag from /home/airflow/.local/lib/python3.7/site-packages/airflow/example_dags/example_xcomargs.py
[2023-07-27T01:43:13.883+0000] {processor.py:836} INFO - DAG(s) dict_keys(['example_xcom_args_with_operators', 'example_xcom_args']) retrieved from /home/airflow/.local/lib/python3.7/site-packages/airflow/example_dags/example_xcomargs.py
[2023-07-27T01:43:13.944+0000] {logging_mixin.py:150} INFO - [2023-07-27T01:43:13.944+0000] {dag.py:2742} INFO - Sync 2 DAGs
[2023-07-27T01:43:13.984+0000] {logging_mixin.py:150} INFO - [2023-07-27T01:43:13.984+0000] {dag.py:3508} INFO - Setting next_dagrun for example_xcom_args to None, run_after=None
[2023-07-27T01:43:13.989+0000] {logging_mixin.py:150} INFO - [2023-07-27T01:43:13.988+0000] {dag.py:3508} INFO - Setting next_dagrun for example_xcom_args_with_operators to None, run_after=None
[2023-07-27T01:43:14.010+0000] {processor.py:179} INFO - Processing /home/airflow/.local/lib/python3.7/site-packages/airflow/example_dags/example_xcomargs.py took 0.146 seconds
[2023-07-27T01:43:44.049+0000] {processor.py:157} INFO - Started process (PID=2912) to work on /home/airflow/.local/lib/python3.7/site-packages/airflow/example_dags/example_xcomargs.py
[2023-07-27T01:43:44.051+0000] {processor.py:826} INFO - Processing file /home/airflow/.local/lib/python3.7/site-packages/airflow/example_dags/example_xcomargs.py for tasks to queue
[2023-07-27T01:43:44.054+0000] {logging_mixin.py:150} INFO - [2023-07-27T01:43:44.053+0000] {dagbag.py:541} INFO - Filling up the DagBag from /home/airflow/.local/lib/python3.7/site-packages/airflow/example_dags/example_xcomargs.py
[2023-07-27T01:43:44.065+0000] {processor.py:836} INFO - DAG(s) dict_keys(['example_xcom_args', 'example_xcom_args_with_operators']) retrieved from /home/airflow/.local/lib/python3.7/site-packages/airflow/example_dags/example_xcomargs.py
[2023-07-27T01:43:44.097+0000] {logging_mixin.py:150} INFO - [2023-07-27T01:43:44.096+0000] {dag.py:2742} INFO - Sync 2 DAGs
[2023-07-27T01:43:44.132+0000] {logging_mixin.py:150} INFO - [2023-07-27T01:43:44.131+0000] {dag.py:3508} INFO - Setting next_dagrun for example_xcom_args to None, run_after=None
[2023-07-27T01:43:44.136+0000] {logging_mixin.py:150} INFO - [2023-07-27T01:43:44.135+0000] {dag.py:3508} INFO - Setting next_dagrun for example_xcom_args_with_operators to None, run_after=None
[2023-07-27T01:43:44.175+0000] {processor.py:179} INFO - Processing /home/airflow/.local/lib/python3.7/site-packages/airflow/example_dags/example_xcomargs.py took 0.129 seconds
[2023-07-27T01:44:15.184+0000] {processor.py:157} INFO - Started process (PID=2974) to work on /home/airflow/.local/lib/python3.7/site-packages/airflow/example_dags/example_xcomargs.py
[2023-07-27T01:44:15.185+0000] {processor.py:826} INFO - Processing file /home/airflow/.local/lib/python3.7/site-packages/airflow/example_dags/example_xcomargs.py for tasks to queue
[2023-07-27T01:44:15.186+0000] {logging_mixin.py:150} INFO - [2023-07-27T01:44:15.186+0000] {dagbag.py:541} INFO - Filling up the DagBag from /home/airflow/.local/lib/python3.7/site-packages/airflow/example_dags/example_xcomargs.py
[2023-07-27T01:44:15.194+0000] {processor.py:836} INFO - DAG(s) dict_keys(['example_xcom_args', 'example_xcom_args_with_operators']) retrieved from /home/airflow/.local/lib/python3.7/site-packages/airflow/example_dags/example_xcomargs.py
[2023-07-27T01:44:15.223+0000] {logging_mixin.py:150} INFO - [2023-07-27T01:44:15.223+0000] {dag.py:2742} INFO - Sync 2 DAGs
[2023-07-27T01:44:15.250+0000] {logging_mixin.py:150} INFO - [2023-07-27T01:44:15.250+0000] {dag.py:3508} INFO - Setting next_dagrun for example_xcom_args to None, run_after=None
[2023-07-27T01:44:15.254+0000] {logging_mixin.py:150} INFO - [2023-07-27T01:44:15.253+0000] {dag.py:3508} INFO - Setting next_dagrun for example_xcom_args_with_operators to None, run_after=None
[2023-07-27T01:44:15.274+0000] {processor.py:179} INFO - Processing /home/airflow/.local/lib/python3.7/site-packages/airflow/example_dags/example_xcomargs.py took 0.094 seconds
[2023-07-27T01:44:45.721+0000] {processor.py:157} INFO - Started process (PID=3034) to work on /home/airflow/.local/lib/python3.7/site-packages/airflow/example_dags/example_xcomargs.py
[2023-07-27T01:44:45.722+0000] {processor.py:826} INFO - Processing file /home/airflow/.local/lib/python3.7/site-packages/airflow/example_dags/example_xcomargs.py for tasks to queue
[2023-07-27T01:44:45.723+0000] {logging_mixin.py:150} INFO - [2023-07-27T01:44:45.723+0000] {dagbag.py:541} INFO - Filling up the DagBag from /home/airflow/.local/lib/python3.7/site-packages/airflow/example_dags/example_xcomargs.py
[2023-07-27T01:44:45.732+0000] {processor.py:836} INFO - DAG(s) dict_keys(['example_xcom_args_with_operators', 'example_xcom_args']) retrieved from /home/airflow/.local/lib/python3.7/site-packages/airflow/example_dags/example_xcomargs.py
[2023-07-27T01:44:45.761+0000] {logging_mixin.py:150} INFO - [2023-07-27T01:44:45.761+0000] {dag.py:2742} INFO - Sync 2 DAGs
[2023-07-27T01:44:45.789+0000] {logging_mixin.py:150} INFO - [2023-07-27T01:44:45.788+0000] {dag.py:3508} INFO - Setting next_dagrun for example_xcom_args to None, run_after=None
[2023-07-27T01:44:45.793+0000] {logging_mixin.py:150} INFO - [2023-07-27T01:44:45.793+0000] {dag.py:3508} INFO - Setting next_dagrun for example_xcom_args_with_operators to None, run_after=None
[2023-07-27T01:44:45.813+0000] {processor.py:179} INFO - Processing /home/airflow/.local/lib/python3.7/site-packages/airflow/example_dags/example_xcomargs.py took 0.096 seconds
[2023-07-27T01:45:15.966+0000] {processor.py:157} INFO - Started process (PID=3095) to work on /home/airflow/.local/lib/python3.7/site-packages/airflow/example_dags/example_xcomargs.py
[2023-07-27T01:45:15.967+0000] {processor.py:826} INFO - Processing file /home/airflow/.local/lib/python3.7/site-packages/airflow/example_dags/example_xcomargs.py for tasks to queue
[2023-07-27T01:45:15.968+0000] {logging_mixin.py:150} INFO - [2023-07-27T01:45:15.968+0000] {dagbag.py:541} INFO - Filling up the DagBag from /home/airflow/.local/lib/python3.7/site-packages/airflow/example_dags/example_xcomargs.py
[2023-07-27T01:45:15.977+0000] {processor.py:836} INFO - DAG(s) dict_keys(['example_xcom_args', 'example_xcom_args_with_operators']) retrieved from /home/airflow/.local/lib/python3.7/site-packages/airflow/example_dags/example_xcomargs.py
[2023-07-27T01:45:16.007+0000] {logging_mixin.py:150} INFO - [2023-07-27T01:45:16.006+0000] {dag.py:2742} INFO - Sync 2 DAGs
[2023-07-27T01:45:16.036+0000] {logging_mixin.py:150} INFO - [2023-07-27T01:45:16.035+0000] {dag.py:3508} INFO - Setting next_dagrun for example_xcom_args to None, run_after=None
[2023-07-27T01:45:16.041+0000] {logging_mixin.py:150} INFO - [2023-07-27T01:45:16.041+0000] {dag.py:3508} INFO - Setting next_dagrun for example_xcom_args_with_operators to None, run_after=None
[2023-07-27T01:45:16.063+0000] {processor.py:179} INFO - Processing /home/airflow/.local/lib/python3.7/site-packages/airflow/example_dags/example_xcomargs.py took 0.101 seconds
[2023-07-27T01:45:46.694+0000] {processor.py:157} INFO - Started process (PID=3148) to work on /home/airflow/.local/lib/python3.7/site-packages/airflow/example_dags/example_xcomargs.py
[2023-07-27T01:45:46.695+0000] {processor.py:826} INFO - Processing file /home/airflow/.local/lib/python3.7/site-packages/airflow/example_dags/example_xcomargs.py for tasks to queue
[2023-07-27T01:45:46.696+0000] {logging_mixin.py:150} INFO - [2023-07-27T01:45:46.695+0000] {dagbag.py:541} INFO - Filling up the DagBag from /home/airflow/.local/lib/python3.7/site-packages/airflow/example_dags/example_xcomargs.py
[2023-07-27T01:45:46.705+0000] {processor.py:836} INFO - DAG(s) dict_keys(['example_xcom_args_with_operators', 'example_xcom_args']) retrieved from /home/airflow/.local/lib/python3.7/site-packages/airflow/example_dags/example_xcomargs.py
[2023-07-27T01:45:46.733+0000] {logging_mixin.py:150} INFO - [2023-07-27T01:45:46.733+0000] {dag.py:2742} INFO - Sync 2 DAGs
[2023-07-27T01:45:46.760+0000] {logging_mixin.py:150} INFO - [2023-07-27T01:45:46.760+0000] {dag.py:3508} INFO - Setting next_dagrun for example_xcom_args to None, run_after=None
[2023-07-27T01:45:46.764+0000] {logging_mixin.py:150} INFO - [2023-07-27T01:45:46.764+0000] {dag.py:3508} INFO - Setting next_dagrun for example_xcom_args_with_operators to None, run_after=None
[2023-07-27T01:45:46.784+0000] {processor.py:179} INFO - Processing /home/airflow/.local/lib/python3.7/site-packages/airflow/example_dags/example_xcomargs.py took 0.094 seconds
[2023-07-27T01:46:17.166+0000] {processor.py:157} INFO - Started process (PID=3208) to work on /home/airflow/.local/lib/python3.7/site-packages/airflow/example_dags/example_xcomargs.py
[2023-07-27T01:46:17.168+0000] {processor.py:826} INFO - Processing file /home/airflow/.local/lib/python3.7/site-packages/airflow/example_dags/example_xcomargs.py for tasks to queue
[2023-07-27T01:46:17.169+0000] {logging_mixin.py:150} INFO - [2023-07-27T01:46:17.168+0000] {dagbag.py:541} INFO - Filling up the DagBag from /home/airflow/.local/lib/python3.7/site-packages/airflow/example_dags/example_xcomargs.py
[2023-07-27T01:46:17.177+0000] {processor.py:836} INFO - DAG(s) dict_keys(['example_xcom_args', 'example_xcom_args_with_operators']) retrieved from /home/airflow/.local/lib/python3.7/site-packages/airflow/example_dags/example_xcomargs.py
[2023-07-27T01:46:17.206+0000] {logging_mixin.py:150} INFO - [2023-07-27T01:46:17.206+0000] {dag.py:2742} INFO - Sync 2 DAGs
[2023-07-27T01:46:17.233+0000] {logging_mixin.py:150} INFO - [2023-07-27T01:46:17.232+0000] {dag.py:3508} INFO - Setting next_dagrun for example_xcom_args to None, run_after=None
[2023-07-27T01:46:17.236+0000] {logging_mixin.py:150} INFO - [2023-07-27T01:46:17.236+0000] {dag.py:3508} INFO - Setting next_dagrun for example_xcom_args_with_operators to None, run_after=None
[2023-07-27T01:46:17.267+0000] {processor.py:179} INFO - Processing /home/airflow/.local/lib/python3.7/site-packages/airflow/example_dags/example_xcomargs.py took 0.104 seconds
[2023-07-27T01:46:47.876+0000] {processor.py:157} INFO - Started process (PID=3268) to work on /home/airflow/.local/lib/python3.7/site-packages/airflow/example_dags/example_xcomargs.py
[2023-07-27T01:46:47.877+0000] {processor.py:826} INFO - Processing file /home/airflow/.local/lib/python3.7/site-packages/airflow/example_dags/example_xcomargs.py for tasks to queue
[2023-07-27T01:46:47.878+0000] {logging_mixin.py:150} INFO - [2023-07-27T01:46:47.878+0000] {dagbag.py:541} INFO - Filling up the DagBag from /home/airflow/.local/lib/python3.7/site-packages/airflow/example_dags/example_xcomargs.py
[2023-07-27T01:46:47.887+0000] {processor.py:836} INFO - DAG(s) dict_keys(['example_xcom_args', 'example_xcom_args_with_operators']) retrieved from /home/airflow/.local/lib/python3.7/site-packages/airflow/example_dags/example_xcomargs.py
[2023-07-27T01:46:47.915+0000] {logging_mixin.py:150} INFO - [2023-07-27T01:46:47.915+0000] {dag.py:2742} INFO - Sync 2 DAGs
[2023-07-27T01:46:47.943+0000] {logging_mixin.py:150} INFO - [2023-07-27T01:46:47.943+0000] {dag.py:3508} INFO - Setting next_dagrun for example_xcom_args to None, run_after=None
[2023-07-27T01:46:47.947+0000] {logging_mixin.py:150} INFO - [2023-07-27T01:46:47.947+0000] {dag.py:3508} INFO - Setting next_dagrun for example_xcom_args_with_operators to None, run_after=None
[2023-07-27T01:46:47.977+0000] {processor.py:179} INFO - Processing /home/airflow/.local/lib/python3.7/site-packages/airflow/example_dags/example_xcomargs.py took 0.105 seconds
[2023-07-27T01:47:18.408+0000] {processor.py:157} INFO - Started process (PID=3328) to work on /home/airflow/.local/lib/python3.7/site-packages/airflow/example_dags/example_xcomargs.py
[2023-07-27T01:47:18.409+0000] {processor.py:826} INFO - Processing file /home/airflow/.local/lib/python3.7/site-packages/airflow/example_dags/example_xcomargs.py for tasks to queue
[2023-07-27T01:47:18.410+0000] {logging_mixin.py:150} INFO - [2023-07-27T01:47:18.409+0000] {dagbag.py:541} INFO - Filling up the DagBag from /home/airflow/.local/lib/python3.7/site-packages/airflow/example_dags/example_xcomargs.py
[2023-07-27T01:47:18.419+0000] {processor.py:836} INFO - DAG(s) dict_keys(['example_xcom_args_with_operators', 'example_xcom_args']) retrieved from /home/airflow/.local/lib/python3.7/site-packages/airflow/example_dags/example_xcomargs.py
[2023-07-27T01:47:18.448+0000] {logging_mixin.py:150} INFO - [2023-07-27T01:47:18.447+0000] {dag.py:2742} INFO - Sync 2 DAGs
[2023-07-27T01:47:18.474+0000] {logging_mixin.py:150} INFO - [2023-07-27T01:47:18.474+0000] {dag.py:3508} INFO - Setting next_dagrun for example_xcom_args to None, run_after=None
[2023-07-27T01:47:18.478+0000] {logging_mixin.py:150} INFO - [2023-07-27T01:47:18.478+0000] {dag.py:3508} INFO - Setting next_dagrun for example_xcom_args_with_operators to None, run_after=None
[2023-07-27T01:47:18.498+0000] {processor.py:179} INFO - Processing /home/airflow/.local/lib/python3.7/site-packages/airflow/example_dags/example_xcomargs.py took 0.094 seconds
[2023-07-27T01:47:49.345+0000] {processor.py:157} INFO - Started process (PID=3388) to work on /home/airflow/.local/lib/python3.7/site-packages/airflow/example_dags/example_xcomargs.py
[2023-07-27T01:47:49.346+0000] {processor.py:826} INFO - Processing file /home/airflow/.local/lib/python3.7/site-packages/airflow/example_dags/example_xcomargs.py for tasks to queue
[2023-07-27T01:47:49.347+0000] {logging_mixin.py:150} INFO - [2023-07-27T01:47:49.347+0000] {dagbag.py:541} INFO - Filling up the DagBag from /home/airflow/.local/lib/python3.7/site-packages/airflow/example_dags/example_xcomargs.py
[2023-07-27T01:47:49.356+0000] {processor.py:836} INFO - DAG(s) dict_keys(['example_xcom_args_with_operators', 'example_xcom_args']) retrieved from /home/airflow/.local/lib/python3.7/site-packages/airflow/example_dags/example_xcomargs.py
[2023-07-27T01:47:49.387+0000] {logging_mixin.py:150} INFO - [2023-07-27T01:47:49.386+0000] {dag.py:2742} INFO - Sync 2 DAGs
[2023-07-27T01:47:49.415+0000] {logging_mixin.py:150} INFO - [2023-07-27T01:47:49.415+0000] {dag.py:3508} INFO - Setting next_dagrun for example_xcom_args to None, run_after=None
[2023-07-27T01:47:49.420+0000] {logging_mixin.py:150} INFO - [2023-07-27T01:47:49.419+0000] {dag.py:3508} INFO - Setting next_dagrun for example_xcom_args_with_operators to None, run_after=None
[2023-07-27T01:47:49.441+0000] {processor.py:179} INFO - Processing /home/airflow/.local/lib/python3.7/site-packages/airflow/example_dags/example_xcomargs.py took 0.099 seconds
[2023-07-27T01:48:19.797+0000] {processor.py:157} INFO - Started process (PID=3448) to work on /home/airflow/.local/lib/python3.7/site-packages/airflow/example_dags/example_xcomargs.py
[2023-07-27T01:48:19.799+0000] {processor.py:826} INFO - Processing file /home/airflow/.local/lib/python3.7/site-packages/airflow/example_dags/example_xcomargs.py for tasks to queue
[2023-07-27T01:48:19.800+0000] {logging_mixin.py:150} INFO - [2023-07-27T01:48:19.799+0000] {dagbag.py:541} INFO - Filling up the DagBag from /home/airflow/.local/lib/python3.7/site-packages/airflow/example_dags/example_xcomargs.py
[2023-07-27T01:48:19.808+0000] {processor.py:836} INFO - DAG(s) dict_keys(['example_xcom_args', 'example_xcom_args_with_operators']) retrieved from /home/airflow/.local/lib/python3.7/site-packages/airflow/example_dags/example_xcomargs.py
[2023-07-27T01:48:19.841+0000] {logging_mixin.py:150} INFO - [2023-07-27T01:48:19.841+0000] {dag.py:2742} INFO - Sync 2 DAGs
[2023-07-27T01:48:19.870+0000] {logging_mixin.py:150} INFO - [2023-07-27T01:48:19.869+0000] {dag.py:3508} INFO - Setting next_dagrun for example_xcom_args to None, run_after=None
[2023-07-27T01:48:19.873+0000] {logging_mixin.py:150} INFO - [2023-07-27T01:48:19.873+0000] {dag.py:3508} INFO - Setting next_dagrun for example_xcom_args_with_operators to None, run_after=None
[2023-07-27T01:48:19.893+0000] {processor.py:179} INFO - Processing /home/airflow/.local/lib/python3.7/site-packages/airflow/example_dags/example_xcomargs.py took 0.099 seconds
[2023-07-27T01:48:50.044+0000] {processor.py:157} INFO - Started process (PID=3508) to work on /home/airflow/.local/lib/python3.7/site-packages/airflow/example_dags/example_xcomargs.py
[2023-07-27T01:48:50.046+0000] {processor.py:826} INFO - Processing file /home/airflow/.local/lib/python3.7/site-packages/airflow/example_dags/example_xcomargs.py for tasks to queue
[2023-07-27T01:48:50.047+0000] {logging_mixin.py:150} INFO - [2023-07-27T01:48:50.047+0000] {dagbag.py:541} INFO - Filling up the DagBag from /home/airflow/.local/lib/python3.7/site-packages/airflow/example_dags/example_xcomargs.py
[2023-07-27T01:48:50.056+0000] {processor.py:836} INFO - DAG(s) dict_keys(['example_xcom_args', 'example_xcom_args_with_operators']) retrieved from /home/airflow/.local/lib/python3.7/site-packages/airflow/example_dags/example_xcomargs.py
[2023-07-27T01:48:50.086+0000] {logging_mixin.py:150} INFO - [2023-07-27T01:48:50.086+0000] {dag.py:2742} INFO - Sync 2 DAGs
[2023-07-27T01:48:50.114+0000] {logging_mixin.py:150} INFO - [2023-07-27T01:48:50.114+0000] {dag.py:3508} INFO - Setting next_dagrun for example_xcom_args to None, run_after=None
[2023-07-27T01:48:50.118+0000] {logging_mixin.py:150} INFO - [2023-07-27T01:48:50.118+0000] {dag.py:3508} INFO - Setting next_dagrun for example_xcom_args_with_operators to None, run_after=None
[2023-07-27T01:48:50.139+0000] {processor.py:179} INFO - Processing /home/airflow/.local/lib/python3.7/site-packages/airflow/example_dags/example_xcomargs.py took 0.098 seconds
[2023-07-27T01:49:20.420+0000] {processor.py:157} INFO - Started process (PID=3569) to work on /home/airflow/.local/lib/python3.7/site-packages/airflow/example_dags/example_xcomargs.py
[2023-07-27T01:49:20.422+0000] {processor.py:826} INFO - Processing file /home/airflow/.local/lib/python3.7/site-packages/airflow/example_dags/example_xcomargs.py for tasks to queue
[2023-07-27T01:49:20.423+0000] {logging_mixin.py:150} INFO - [2023-07-27T01:49:20.423+0000] {dagbag.py:541} INFO - Filling up the DagBag from /home/airflow/.local/lib/python3.7/site-packages/airflow/example_dags/example_xcomargs.py
[2023-07-27T01:49:20.432+0000] {processor.py:836} INFO - DAG(s) dict_keys(['example_xcom_args_with_operators', 'example_xcom_args']) retrieved from /home/airflow/.local/lib/python3.7/site-packages/airflow/example_dags/example_xcomargs.py
[2023-07-27T01:49:20.463+0000] {logging_mixin.py:150} INFO - [2023-07-27T01:49:20.463+0000] {dag.py:2742} INFO - Sync 2 DAGs
[2023-07-27T01:49:20.490+0000] {logging_mixin.py:150} INFO - [2023-07-27T01:49:20.489+0000] {dag.py:3508} INFO - Setting next_dagrun for example_xcom_args to None, run_after=None
[2023-07-27T01:49:20.494+0000] {logging_mixin.py:150} INFO - [2023-07-27T01:49:20.494+0000] {dag.py:3508} INFO - Setting next_dagrun for example_xcom_args_with_operators to None, run_after=None
[2023-07-27T01:49:20.515+0000] {processor.py:179} INFO - Processing /home/airflow/.local/lib/python3.7/site-packages/airflow/example_dags/example_xcomargs.py took 0.098 seconds
[2023-07-27T01:49:50.886+0000] {processor.py:157} INFO - Started process (PID=3628) to work on /home/airflow/.local/lib/python3.7/site-packages/airflow/example_dags/example_xcomargs.py
[2023-07-27T01:49:50.887+0000] {processor.py:826} INFO - Processing file /home/airflow/.local/lib/python3.7/site-packages/airflow/example_dags/example_xcomargs.py for tasks to queue
[2023-07-27T01:49:50.889+0000] {logging_mixin.py:150} INFO - [2023-07-27T01:49:50.889+0000] {dagbag.py:541} INFO - Filling up the DagBag from /home/airflow/.local/lib/python3.7/site-packages/airflow/example_dags/example_xcomargs.py
[2023-07-27T01:49:50.898+0000] {processor.py:836} INFO - DAG(s) dict_keys(['example_xcom_args', 'example_xcom_args_with_operators']) retrieved from /home/airflow/.local/lib/python3.7/site-packages/airflow/example_dags/example_xcomargs.py
[2023-07-27T01:49:50.929+0000] {logging_mixin.py:150} INFO - [2023-07-27T01:49:50.929+0000] {dag.py:2742} INFO - Sync 2 DAGs
[2023-07-27T01:49:50.957+0000] {logging_mixin.py:150} INFO - [2023-07-27T01:49:50.957+0000] {dag.py:3508} INFO - Setting next_dagrun for example_xcom_args to None, run_after=None
[2023-07-27T01:49:50.961+0000] {logging_mixin.py:150} INFO - [2023-07-27T01:49:50.961+0000] {dag.py:3508} INFO - Setting next_dagrun for example_xcom_args_with_operators to None, run_after=None
[2023-07-27T01:49:50.982+0000] {processor.py:179} INFO - Processing /home/airflow/.local/lib/python3.7/site-packages/airflow/example_dags/example_xcomargs.py took 0.099 seconds
[2023-07-27T01:50:21.286+0000] {processor.py:157} INFO - Started process (PID=3688) to work on /home/airflow/.local/lib/python3.7/site-packages/airflow/example_dags/example_xcomargs.py
[2023-07-27T01:50:21.288+0000] {processor.py:826} INFO - Processing file /home/airflow/.local/lib/python3.7/site-packages/airflow/example_dags/example_xcomargs.py for tasks to queue
[2023-07-27T01:50:21.289+0000] {logging_mixin.py:150} INFO - [2023-07-27T01:50:21.289+0000] {dagbag.py:541} INFO - Filling up the DagBag from /home/airflow/.local/lib/python3.7/site-packages/airflow/example_dags/example_xcomargs.py
[2023-07-27T01:50:21.298+0000] {processor.py:836} INFO - DAG(s) dict_keys(['example_xcom_args_with_operators', 'example_xcom_args']) retrieved from /home/airflow/.local/lib/python3.7/site-packages/airflow/example_dags/example_xcomargs.py
[2023-07-27T01:50:21.329+0000] {logging_mixin.py:150} INFO - [2023-07-27T01:50:21.328+0000] {dag.py:2742} INFO - Sync 2 DAGs
[2023-07-27T01:50:21.356+0000] {logging_mixin.py:150} INFO - [2023-07-27T01:50:21.356+0000] {dag.py:3508} INFO - Setting next_dagrun for example_xcom_args to None, run_after=None
[2023-07-27T01:50:21.360+0000] {logging_mixin.py:150} INFO - [2023-07-27T01:50:21.360+0000] {dag.py:3508} INFO - Setting next_dagrun for example_xcom_args_with_operators to None, run_after=None
[2023-07-27T01:50:21.381+0000] {processor.py:179} INFO - Processing /home/airflow/.local/lib/python3.7/site-packages/airflow/example_dags/example_xcomargs.py took 0.098 seconds
[2023-07-27T01:50:51.869+0000] {processor.py:157} INFO - Started process (PID=3748) to work on /home/airflow/.local/lib/python3.7/site-packages/airflow/example_dags/example_xcomargs.py
[2023-07-27T01:50:51.870+0000] {processor.py:826} INFO - Processing file /home/airflow/.local/lib/python3.7/site-packages/airflow/example_dags/example_xcomargs.py for tasks to queue
[2023-07-27T01:50:51.871+0000] {logging_mixin.py:150} INFO - [2023-07-27T01:50:51.871+0000] {dagbag.py:541} INFO - Filling up the DagBag from /home/airflow/.local/lib/python3.7/site-packages/airflow/example_dags/example_xcomargs.py
[2023-07-27T01:50:51.881+0000] {processor.py:836} INFO - DAG(s) dict_keys(['example_xcom_args', 'example_xcom_args_with_operators']) retrieved from /home/airflow/.local/lib/python3.7/site-packages/airflow/example_dags/example_xcomargs.py
[2023-07-27T01:50:51.914+0000] {logging_mixin.py:150} INFO - [2023-07-27T01:50:51.913+0000] {dag.py:2742} INFO - Sync 2 DAGs
[2023-07-27T01:50:51.957+0000] {logging_mixin.py:150} INFO - [2023-07-27T01:50:51.956+0000] {dag.py:3508} INFO - Setting next_dagrun for example_xcom_args to None, run_after=None
[2023-07-27T01:50:51.961+0000] {logging_mixin.py:150} INFO - [2023-07-27T01:50:51.961+0000] {dag.py:3508} INFO - Setting next_dagrun for example_xcom_args_with_operators to None, run_after=None
[2023-07-27T01:50:51.997+0000] {processor.py:179} INFO - Processing /home/airflow/.local/lib/python3.7/site-packages/airflow/example_dags/example_xcomargs.py took 0.132 seconds
[2023-07-27T01:51:22.345+0000] {processor.py:157} INFO - Started process (PID=3808) to work on /home/airflow/.local/lib/python3.7/site-packages/airflow/example_dags/example_xcomargs.py
[2023-07-27T01:51:22.346+0000] {processor.py:826} INFO - Processing file /home/airflow/.local/lib/python3.7/site-packages/airflow/example_dags/example_xcomargs.py for tasks to queue
[2023-07-27T01:51:22.348+0000] {logging_mixin.py:150} INFO - [2023-07-27T01:51:22.347+0000] {dagbag.py:541} INFO - Filling up the DagBag from /home/airflow/.local/lib/python3.7/site-packages/airflow/example_dags/example_xcomargs.py
[2023-07-27T01:51:22.357+0000] {processor.py:836} INFO - DAG(s) dict_keys(['example_xcom_args', 'example_xcom_args_with_operators']) retrieved from /home/airflow/.local/lib/python3.7/site-packages/airflow/example_dags/example_xcomargs.py
[2023-07-27T01:51:22.390+0000] {logging_mixin.py:150} INFO - [2023-07-27T01:51:22.389+0000] {dag.py:2742} INFO - Sync 2 DAGs
[2023-07-27T01:51:22.418+0000] {logging_mixin.py:150} INFO - [2023-07-27T01:51:22.418+0000] {dag.py:3508} INFO - Setting next_dagrun for example_xcom_args to None, run_after=None
[2023-07-27T01:51:22.422+0000] {logging_mixin.py:150} INFO - [2023-07-27T01:51:22.422+0000] {dag.py:3508} INFO - Setting next_dagrun for example_xcom_args_with_operators to None, run_after=None
[2023-07-27T01:51:22.444+0000] {processor.py:179} INFO - Processing /home/airflow/.local/lib/python3.7/site-packages/airflow/example_dags/example_xcomargs.py took 0.104 seconds
[2023-07-27T01:51:53.453+0000] {processor.py:157} INFO - Started process (PID=3868) to work on /home/airflow/.local/lib/python3.7/site-packages/airflow/example_dags/example_xcomargs.py
[2023-07-27T01:51:53.454+0000] {processor.py:826} INFO - Processing file /home/airflow/.local/lib/python3.7/site-packages/airflow/example_dags/example_xcomargs.py for tasks to queue
[2023-07-27T01:51:53.455+0000] {logging_mixin.py:150} INFO - [2023-07-27T01:51:53.455+0000] {dagbag.py:541} INFO - Filling up the DagBag from /home/airflow/.local/lib/python3.7/site-packages/airflow/example_dags/example_xcomargs.py
[2023-07-27T01:51:53.464+0000] {processor.py:836} INFO - DAG(s) dict_keys(['example_xcom_args', 'example_xcom_args_with_operators']) retrieved from /home/airflow/.local/lib/python3.7/site-packages/airflow/example_dags/example_xcomargs.py
[2023-07-27T01:51:53.494+0000] {logging_mixin.py:150} INFO - [2023-07-27T01:51:53.493+0000] {dag.py:2742} INFO - Sync 2 DAGs
[2023-07-27T01:51:53.521+0000] {logging_mixin.py:150} INFO - [2023-07-27T01:51:53.520+0000] {dag.py:3508} INFO - Setting next_dagrun for example_xcom_args to None, run_after=None
[2023-07-27T01:51:53.526+0000] {logging_mixin.py:150} INFO - [2023-07-27T01:51:53.525+0000] {dag.py:3508} INFO - Setting next_dagrun for example_xcom_args_with_operators to None, run_after=None
[2023-07-27T01:51:53.550+0000] {processor.py:179} INFO - Processing /home/airflow/.local/lib/python3.7/site-packages/airflow/example_dags/example_xcomargs.py took 0.101 seconds
[2023-07-27T01:52:24.140+0000] {processor.py:157} INFO - Started process (PID=3927) to work on /home/airflow/.local/lib/python3.7/site-packages/airflow/example_dags/example_xcomargs.py
[2023-07-27T01:52:24.141+0000] {processor.py:826} INFO - Processing file /home/airflow/.local/lib/python3.7/site-packages/airflow/example_dags/example_xcomargs.py for tasks to queue
[2023-07-27T01:52:24.142+0000] {logging_mixin.py:150} INFO - [2023-07-27T01:52:24.142+0000] {dagbag.py:541} INFO - Filling up the DagBag from /home/airflow/.local/lib/python3.7/site-packages/airflow/example_dags/example_xcomargs.py
[2023-07-27T01:52:24.151+0000] {processor.py:836} INFO - DAG(s) dict_keys(['example_xcom_args_with_operators', 'example_xcom_args']) retrieved from /home/airflow/.local/lib/python3.7/site-packages/airflow/example_dags/example_xcomargs.py
[2023-07-27T01:52:24.182+0000] {logging_mixin.py:150} INFO - [2023-07-27T01:52:24.181+0000] {dag.py:2742} INFO - Sync 2 DAGs
[2023-07-27T01:52:24.208+0000] {logging_mixin.py:150} INFO - [2023-07-27T01:52:24.207+0000] {dag.py:3508} INFO - Setting next_dagrun for example_xcom_args to None, run_after=None
[2023-07-27T01:52:24.212+0000] {logging_mixin.py:150} INFO - [2023-07-27T01:52:24.212+0000] {dag.py:3508} INFO - Setting next_dagrun for example_xcom_args_with_operators to None, run_after=None
[2023-07-27T01:52:24.231+0000] {processor.py:179} INFO - Processing /home/airflow/.local/lib/python3.7/site-packages/airflow/example_dags/example_xcomargs.py took 0.095 seconds
[2023-07-27T01:52:54.832+0000] {processor.py:157} INFO - Started process (PID=3987) to work on /home/airflow/.local/lib/python3.7/site-packages/airflow/example_dags/example_xcomargs.py
[2023-07-27T01:52:54.833+0000] {processor.py:826} INFO - Processing file /home/airflow/.local/lib/python3.7/site-packages/airflow/example_dags/example_xcomargs.py for tasks to queue
[2023-07-27T01:52:54.834+0000] {logging_mixin.py:150} INFO - [2023-07-27T01:52:54.834+0000] {dagbag.py:541} INFO - Filling up the DagBag from /home/airflow/.local/lib/python3.7/site-packages/airflow/example_dags/example_xcomargs.py
[2023-07-27T01:52:54.844+0000] {processor.py:836} INFO - DAG(s) dict_keys(['example_xcom_args_with_operators', 'example_xcom_args']) retrieved from /home/airflow/.local/lib/python3.7/site-packages/airflow/example_dags/example_xcomargs.py
[2023-07-27T01:52:54.873+0000] {logging_mixin.py:150} INFO - [2023-07-27T01:52:54.873+0000] {dag.py:2742} INFO - Sync 2 DAGs
[2023-07-27T01:52:54.900+0000] {logging_mixin.py:150} INFO - [2023-07-27T01:52:54.900+0000] {dag.py:3508} INFO - Setting next_dagrun for example_xcom_args to None, run_after=None
[2023-07-27T01:52:54.904+0000] {logging_mixin.py:150} INFO - [2023-07-27T01:52:54.904+0000] {dag.py:3508} INFO - Setting next_dagrun for example_xcom_args_with_operators to None, run_after=None
[2023-07-27T01:52:54.935+0000] {processor.py:179} INFO - Processing /home/airflow/.local/lib/python3.7/site-packages/airflow/example_dags/example_xcomargs.py took 0.106 seconds
[2023-07-27T01:53:25.060+0000] {processor.py:157} INFO - Started process (PID=4047) to work on /home/airflow/.local/lib/python3.7/site-packages/airflow/example_dags/example_xcomargs.py
[2023-07-27T01:53:25.061+0000] {processor.py:826} INFO - Processing file /home/airflow/.local/lib/python3.7/site-packages/airflow/example_dags/example_xcomargs.py for tasks to queue
[2023-07-27T01:53:25.063+0000] {logging_mixin.py:150} INFO - [2023-07-27T01:53:25.062+0000] {dagbag.py:541} INFO - Filling up the DagBag from /home/airflow/.local/lib/python3.7/site-packages/airflow/example_dags/example_xcomargs.py
[2023-07-27T01:53:25.072+0000] {processor.py:836} INFO - DAG(s) dict_keys(['example_xcom_args_with_operators', 'example_xcom_args']) retrieved from /home/airflow/.local/lib/python3.7/site-packages/airflow/example_dags/example_xcomargs.py
[2023-07-27T01:53:25.102+0000] {logging_mixin.py:150} INFO - [2023-07-27T01:53:25.101+0000] {dag.py:2742} INFO - Sync 2 DAGs
[2023-07-27T01:53:25.130+0000] {logging_mixin.py:150} INFO - [2023-07-27T01:53:25.130+0000] {dag.py:3508} INFO - Setting next_dagrun for example_xcom_args to None, run_after=None
[2023-07-27T01:53:25.135+0000] {logging_mixin.py:150} INFO - [2023-07-27T01:53:25.134+0000] {dag.py:3508} INFO - Setting next_dagrun for example_xcom_args_with_operators to None, run_after=None
[2023-07-27T01:53:25.154+0000] {processor.py:179} INFO - Processing /home/airflow/.local/lib/python3.7/site-packages/airflow/example_dags/example_xcomargs.py took 0.098 seconds
[2023-07-27T01:53:55.220+0000] {processor.py:157} INFO - Started process (PID=4106) to work on /home/airflow/.local/lib/python3.7/site-packages/airflow/example_dags/example_xcomargs.py
[2023-07-27T01:53:55.221+0000] {processor.py:826} INFO - Processing file /home/airflow/.local/lib/python3.7/site-packages/airflow/example_dags/example_xcomargs.py for tasks to queue
[2023-07-27T01:53:55.222+0000] {logging_mixin.py:150} INFO - [2023-07-27T01:53:55.222+0000] {dagbag.py:541} INFO - Filling up the DagBag from /home/airflow/.local/lib/python3.7/site-packages/airflow/example_dags/example_xcomargs.py
[2023-07-27T01:53:55.232+0000] {processor.py:836} INFO - DAG(s) dict_keys(['example_xcom_args_with_operators', 'example_xcom_args']) retrieved from /home/airflow/.local/lib/python3.7/site-packages/airflow/example_dags/example_xcomargs.py
[2023-07-27T01:53:55.264+0000] {logging_mixin.py:150} INFO - [2023-07-27T01:53:55.264+0000] {dag.py:2742} INFO - Sync 2 DAGs
[2023-07-27T01:53:55.292+0000] {logging_mixin.py:150} INFO - [2023-07-27T01:53:55.292+0000] {dag.py:3508} INFO - Setting next_dagrun for example_xcom_args to None, run_after=None
[2023-07-27T01:53:55.297+0000] {logging_mixin.py:150} INFO - [2023-07-27T01:53:55.296+0000] {dag.py:3508} INFO - Setting next_dagrun for example_xcom_args_with_operators to None, run_after=None
[2023-07-27T01:53:55.316+0000] {processor.py:179} INFO - Processing /home/airflow/.local/lib/python3.7/site-packages/airflow/example_dags/example_xcomargs.py took 0.100 seconds
[2023-07-27T01:54:25.423+0000] {processor.py:157} INFO - Started process (PID=4166) to work on /home/airflow/.local/lib/python3.7/site-packages/airflow/example_dags/example_xcomargs.py
[2023-07-27T01:54:25.424+0000] {processor.py:826} INFO - Processing file /home/airflow/.local/lib/python3.7/site-packages/airflow/example_dags/example_xcomargs.py for tasks to queue
[2023-07-27T01:54:25.425+0000] {logging_mixin.py:150} INFO - [2023-07-27T01:54:25.425+0000] {dagbag.py:541} INFO - Filling up the DagBag from /home/airflow/.local/lib/python3.7/site-packages/airflow/example_dags/example_xcomargs.py
[2023-07-27T01:54:25.434+0000] {processor.py:836} INFO - DAG(s) dict_keys(['example_xcom_args', 'example_xcom_args_with_operators']) retrieved from /home/airflow/.local/lib/python3.7/site-packages/airflow/example_dags/example_xcomargs.py
[2023-07-27T01:54:25.464+0000] {logging_mixin.py:150} INFO - [2023-07-27T01:54:25.464+0000] {dag.py:2742} INFO - Sync 2 DAGs
[2023-07-27T01:54:25.493+0000] {logging_mixin.py:150} INFO - [2023-07-27T01:54:25.492+0000] {dag.py:3508} INFO - Setting next_dagrun for example_xcom_args to None, run_after=None
[2023-07-27T01:54:25.496+0000] {logging_mixin.py:150} INFO - [2023-07-27T01:54:25.496+0000] {dag.py:3508} INFO - Setting next_dagrun for example_xcom_args_with_operators to None, run_after=None
[2023-07-27T01:54:25.526+0000] {processor.py:179} INFO - Processing /home/airflow/.local/lib/python3.7/site-packages/airflow/example_dags/example_xcomargs.py took 0.107 seconds
[2023-07-27T01:54:55.564+0000] {processor.py:157} INFO - Started process (PID=4226) to work on /home/airflow/.local/lib/python3.7/site-packages/airflow/example_dags/example_xcomargs.py
[2023-07-27T01:54:55.566+0000] {processor.py:826} INFO - Processing file /home/airflow/.local/lib/python3.7/site-packages/airflow/example_dags/example_xcomargs.py for tasks to queue
[2023-07-27T01:54:55.567+0000] {logging_mixin.py:150} INFO - [2023-07-27T01:54:55.566+0000] {dagbag.py:541} INFO - Filling up the DagBag from /home/airflow/.local/lib/python3.7/site-packages/airflow/example_dags/example_xcomargs.py
[2023-07-27T01:54:55.576+0000] {processor.py:836} INFO - DAG(s) dict_keys(['example_xcom_args', 'example_xcom_args_with_operators']) retrieved from /home/airflow/.local/lib/python3.7/site-packages/airflow/example_dags/example_xcomargs.py
[2023-07-27T01:54:55.608+0000] {logging_mixin.py:150} INFO - [2023-07-27T01:54:55.608+0000] {dag.py:2742} INFO - Sync 2 DAGs
[2023-07-27T01:54:55.637+0000] {logging_mixin.py:150} INFO - [2023-07-27T01:54:55.636+0000] {dag.py:3508} INFO - Setting next_dagrun for example_xcom_args to None, run_after=None
[2023-07-27T01:54:55.641+0000] {logging_mixin.py:150} INFO - [2023-07-27T01:54:55.641+0000] {dag.py:3508} INFO - Setting next_dagrun for example_xcom_args_with_operators to None, run_after=None
[2023-07-27T01:54:55.664+0000] {processor.py:179} INFO - Processing /home/airflow/.local/lib/python3.7/site-packages/airflow/example_dags/example_xcomargs.py took 0.103 seconds
[2023-07-27T01:55:26.000+0000] {processor.py:157} INFO - Started process (PID=4286) to work on /home/airflow/.local/lib/python3.7/site-packages/airflow/example_dags/example_xcomargs.py
[2023-07-27T01:55:26.001+0000] {processor.py:826} INFO - Processing file /home/airflow/.local/lib/python3.7/site-packages/airflow/example_dags/example_xcomargs.py for tasks to queue
[2023-07-27T01:55:26.003+0000] {logging_mixin.py:150} INFO - [2023-07-27T01:55:26.002+0000] {dagbag.py:541} INFO - Filling up the DagBag from /home/airflow/.local/lib/python3.7/site-packages/airflow/example_dags/example_xcomargs.py
[2023-07-27T01:55:26.012+0000] {processor.py:836} INFO - DAG(s) dict_keys(['example_xcom_args', 'example_xcom_args_with_operators']) retrieved from /home/airflow/.local/lib/python3.7/site-packages/airflow/example_dags/example_xcomargs.py
[2023-07-27T01:55:26.042+0000] {logging_mixin.py:150} INFO - [2023-07-27T01:55:26.042+0000] {dag.py:2742} INFO - Sync 2 DAGs
[2023-07-27T01:55:26.071+0000] {logging_mixin.py:150} INFO - [2023-07-27T01:55:26.071+0000] {dag.py:3508} INFO - Setting next_dagrun for example_xcom_args to None, run_after=None
[2023-07-27T01:55:26.076+0000] {logging_mixin.py:150} INFO - [2023-07-27T01:55:26.075+0000] {dag.py:3508} INFO - Setting next_dagrun for example_xcom_args_with_operators to None, run_after=None
[2023-07-27T01:55:26.099+0000] {processor.py:179} INFO - Processing /home/airflow/.local/lib/python3.7/site-packages/airflow/example_dags/example_xcomargs.py took 0.102 seconds
[2023-07-27T01:55:56.304+0000] {processor.py:157} INFO - Started process (PID=4345) to work on /home/airflow/.local/lib/python3.7/site-packages/airflow/example_dags/example_xcomargs.py
[2023-07-27T01:55:56.305+0000] {processor.py:826} INFO - Processing file /home/airflow/.local/lib/python3.7/site-packages/airflow/example_dags/example_xcomargs.py for tasks to queue
[2023-07-27T01:55:56.306+0000] {logging_mixin.py:150} INFO - [2023-07-27T01:55:56.306+0000] {dagbag.py:541} INFO - Filling up the DagBag from /home/airflow/.local/lib/python3.7/site-packages/airflow/example_dags/example_xcomargs.py
[2023-07-27T01:55:56.316+0000] {processor.py:836} INFO - DAG(s) dict_keys(['example_xcom_args_with_operators', 'example_xcom_args']) retrieved from /home/airflow/.local/lib/python3.7/site-packages/airflow/example_dags/example_xcomargs.py
[2023-07-27T01:55:56.348+0000] {logging_mixin.py:150} INFO - [2023-07-27T01:55:56.348+0000] {dag.py:2742} INFO - Sync 2 DAGs
[2023-07-27T01:55:56.375+0000] {logging_mixin.py:150} INFO - [2023-07-27T01:55:56.375+0000] {dag.py:3508} INFO - Setting next_dagrun for example_xcom_args to None, run_after=None
[2023-07-27T01:55:56.379+0000] {logging_mixin.py:150} INFO - [2023-07-27T01:55:56.379+0000] {dag.py:3508} INFO - Setting next_dagrun for example_xcom_args_with_operators to None, run_after=None
[2023-07-27T01:55:56.399+0000] {processor.py:179} INFO - Processing /home/airflow/.local/lib/python3.7/site-packages/airflow/example_dags/example_xcomargs.py took 0.099 seconds
[2023-07-27T01:56:26.814+0000] {processor.py:157} INFO - Started process (PID=4406) to work on /home/airflow/.local/lib/python3.7/site-packages/airflow/example_dags/example_xcomargs.py
[2023-07-27T01:56:26.815+0000] {processor.py:826} INFO - Processing file /home/airflow/.local/lib/python3.7/site-packages/airflow/example_dags/example_xcomargs.py for tasks to queue
[2023-07-27T01:56:26.816+0000] {logging_mixin.py:150} INFO - [2023-07-27T01:56:26.816+0000] {dagbag.py:541} INFO - Filling up the DagBag from /home/airflow/.local/lib/python3.7/site-packages/airflow/example_dags/example_xcomargs.py
[2023-07-27T01:56:26.825+0000] {processor.py:836} INFO - DAG(s) dict_keys(['example_xcom_args_with_operators', 'example_xcom_args']) retrieved from /home/airflow/.local/lib/python3.7/site-packages/airflow/example_dags/example_xcomargs.py
[2023-07-27T01:56:26.856+0000] {logging_mixin.py:150} INFO - [2023-07-27T01:56:26.855+0000] {dag.py:2742} INFO - Sync 2 DAGs
[2023-07-27T01:56:26.884+0000] {logging_mixin.py:150} INFO - [2023-07-27T01:56:26.884+0000] {dag.py:3508} INFO - Setting next_dagrun for example_xcom_args to None, run_after=None
[2023-07-27T01:56:26.888+0000] {logging_mixin.py:150} INFO - [2023-07-27T01:56:26.887+0000] {dag.py:3508} INFO - Setting next_dagrun for example_xcom_args_with_operators to None, run_after=None
[2023-07-27T01:56:26.907+0000] {processor.py:179} INFO - Processing /home/airflow/.local/lib/python3.7/site-packages/airflow/example_dags/example_xcomargs.py took 0.097 seconds
[2023-07-27T01:56:57.386+0000] {processor.py:157} INFO - Started process (PID=4467) to work on /home/airflow/.local/lib/python3.7/site-packages/airflow/example_dags/example_xcomargs.py
[2023-07-27T01:56:57.387+0000] {processor.py:826} INFO - Processing file /home/airflow/.local/lib/python3.7/site-packages/airflow/example_dags/example_xcomargs.py for tasks to queue
[2023-07-27T01:56:57.388+0000] {logging_mixin.py:150} INFO - [2023-07-27T01:56:57.388+0000] {dagbag.py:541} INFO - Filling up the DagBag from /home/airflow/.local/lib/python3.7/site-packages/airflow/example_dags/example_xcomargs.py
[2023-07-27T01:56:57.398+0000] {processor.py:836} INFO - DAG(s) dict_keys(['example_xcom_args_with_operators', 'example_xcom_args']) retrieved from /home/airflow/.local/lib/python3.7/site-packages/airflow/example_dags/example_xcomargs.py
[2023-07-27T01:56:57.432+0000] {logging_mixin.py:150} INFO - [2023-07-27T01:56:57.432+0000] {dag.py:2742} INFO - Sync 2 DAGs
[2023-07-27T01:56:57.461+0000] {logging_mixin.py:150} INFO - [2023-07-27T01:56:57.461+0000] {dag.py:3508} INFO - Setting next_dagrun for example_xcom_args to None, run_after=None
[2023-07-27T01:56:57.465+0000] {logging_mixin.py:150} INFO - [2023-07-27T01:56:57.465+0000] {dag.py:3508} INFO - Setting next_dagrun for example_xcom_args_with_operators to None, run_after=None
[2023-07-27T01:56:57.500+0000] {processor.py:179} INFO - Processing /home/airflow/.local/lib/python3.7/site-packages/airflow/example_dags/example_xcomargs.py took 0.118 seconds
[2023-07-27T01:57:27.683+0000] {processor.py:157} INFO - Started process (PID=4528) to work on /home/airflow/.local/lib/python3.7/site-packages/airflow/example_dags/example_xcomargs.py
[2023-07-27T01:57:27.684+0000] {processor.py:826} INFO - Processing file /home/airflow/.local/lib/python3.7/site-packages/airflow/example_dags/example_xcomargs.py for tasks to queue
[2023-07-27T01:57:27.685+0000] {logging_mixin.py:150} INFO - [2023-07-27T01:57:27.685+0000] {dagbag.py:541} INFO - Filling up the DagBag from /home/airflow/.local/lib/python3.7/site-packages/airflow/example_dags/example_xcomargs.py
[2023-07-27T01:57:27.694+0000] {processor.py:836} INFO - DAG(s) dict_keys(['example_xcom_args', 'example_xcom_args_with_operators']) retrieved from /home/airflow/.local/lib/python3.7/site-packages/airflow/example_dags/example_xcomargs.py
[2023-07-27T01:57:27.723+0000] {logging_mixin.py:150} INFO - [2023-07-27T01:57:27.723+0000] {dag.py:2742} INFO - Sync 2 DAGs
[2023-07-27T01:57:27.751+0000] {logging_mixin.py:150} INFO - [2023-07-27T01:57:27.751+0000] {dag.py:3508} INFO - Setting next_dagrun for example_xcom_args to None, run_after=None
[2023-07-27T01:57:27.755+0000] {logging_mixin.py:150} INFO - [2023-07-27T01:57:27.755+0000] {dag.py:3508} INFO - Setting next_dagrun for example_xcom_args_with_operators to None, run_after=None
[2023-07-27T01:57:27.776+0000] {processor.py:179} INFO - Processing /home/airflow/.local/lib/python3.7/site-packages/airflow/example_dags/example_xcomargs.py took 0.097 seconds
[2023-07-27T01:57:57.935+0000] {processor.py:157} INFO - Started process (PID=4588) to work on /home/airflow/.local/lib/python3.7/site-packages/airflow/example_dags/example_xcomargs.py
[2023-07-27T01:57:57.936+0000] {processor.py:826} INFO - Processing file /home/airflow/.local/lib/python3.7/site-packages/airflow/example_dags/example_xcomargs.py for tasks to queue
[2023-07-27T01:57:57.937+0000] {logging_mixin.py:150} INFO - [2023-07-27T01:57:57.937+0000] {dagbag.py:541} INFO - Filling up the DagBag from /home/airflow/.local/lib/python3.7/site-packages/airflow/example_dags/example_xcomargs.py
[2023-07-27T01:57:57.946+0000] {processor.py:836} INFO - DAG(s) dict_keys(['example_xcom_args_with_operators', 'example_xcom_args']) retrieved from /home/airflow/.local/lib/python3.7/site-packages/airflow/example_dags/example_xcomargs.py
[2023-07-27T01:57:57.975+0000] {logging_mixin.py:150} INFO - [2023-07-27T01:57:57.975+0000] {dag.py:2742} INFO - Sync 2 DAGs
[2023-07-27T01:57:58.002+0000] {logging_mixin.py:150} INFO - [2023-07-27T01:57:58.002+0000] {dag.py:3508} INFO - Setting next_dagrun for example_xcom_args to None, run_after=None
[2023-07-27T01:57:58.006+0000] {logging_mixin.py:150} INFO - [2023-07-27T01:57:58.006+0000] {dag.py:3508} INFO - Setting next_dagrun for example_xcom_args_with_operators to None, run_after=None
[2023-07-27T01:57:58.028+0000] {processor.py:179} INFO - Processing /home/airflow/.local/lib/python3.7/site-packages/airflow/example_dags/example_xcomargs.py took 0.096 seconds
[2023-07-27T01:58:28.329+0000] {processor.py:157} INFO - Started process (PID=4648) to work on /home/airflow/.local/lib/python3.7/site-packages/airflow/example_dags/example_xcomargs.py
[2023-07-27T01:58:28.331+0000] {processor.py:826} INFO - Processing file /home/airflow/.local/lib/python3.7/site-packages/airflow/example_dags/example_xcomargs.py for tasks to queue
[2023-07-27T01:58:28.332+0000] {logging_mixin.py:150} INFO - [2023-07-27T01:58:28.332+0000] {dagbag.py:541} INFO - Filling up the DagBag from /home/airflow/.local/lib/python3.7/site-packages/airflow/example_dags/example_xcomargs.py
[2023-07-27T01:58:28.341+0000] {processor.py:836} INFO - DAG(s) dict_keys(['example_xcom_args_with_operators', 'example_xcom_args']) retrieved from /home/airflow/.local/lib/python3.7/site-packages/airflow/example_dags/example_xcomargs.py
[2023-07-27T01:58:28.374+0000] {logging_mixin.py:150} INFO - [2023-07-27T01:58:28.374+0000] {dag.py:2742} INFO - Sync 2 DAGs
[2023-07-27T01:58:28.403+0000] {logging_mixin.py:150} INFO - [2023-07-27T01:58:28.402+0000] {dag.py:3508} INFO - Setting next_dagrun for example_xcom_args to None, run_after=None
[2023-07-27T01:58:28.408+0000] {logging_mixin.py:150} INFO - [2023-07-27T01:58:28.408+0000] {dag.py:3508} INFO - Setting next_dagrun for example_xcom_args_with_operators to None, run_after=None
[2023-07-27T01:58:28.430+0000] {processor.py:179} INFO - Processing /home/airflow/.local/lib/python3.7/site-packages/airflow/example_dags/example_xcomargs.py took 0.105 seconds
[2023-07-27T01:58:58.626+0000] {processor.py:157} INFO - Started process (PID=4709) to work on /home/airflow/.local/lib/python3.7/site-packages/airflow/example_dags/example_xcomargs.py
[2023-07-27T01:58:58.627+0000] {processor.py:826} INFO - Processing file /home/airflow/.local/lib/python3.7/site-packages/airflow/example_dags/example_xcomargs.py for tasks to queue
[2023-07-27T01:58:58.629+0000] {logging_mixin.py:150} INFO - [2023-07-27T01:58:58.629+0000] {dagbag.py:541} INFO - Filling up the DagBag from /home/airflow/.local/lib/python3.7/site-packages/airflow/example_dags/example_xcomargs.py
[2023-07-27T01:58:58.638+0000] {processor.py:836} INFO - DAG(s) dict_keys(['example_xcom_args_with_operators', 'example_xcom_args']) retrieved from /home/airflow/.local/lib/python3.7/site-packages/airflow/example_dags/example_xcomargs.py
[2023-07-27T01:58:58.667+0000] {logging_mixin.py:150} INFO - [2023-07-27T01:58:58.667+0000] {dag.py:2742} INFO - Sync 2 DAGs
[2023-07-27T01:58:58.695+0000] {logging_mixin.py:150} INFO - [2023-07-27T01:58:58.695+0000] {dag.py:3508} INFO - Setting next_dagrun for example_xcom_args to None, run_after=None
[2023-07-27T01:58:58.699+0000] {logging_mixin.py:150} INFO - [2023-07-27T01:58:58.699+0000] {dag.py:3508} INFO - Setting next_dagrun for example_xcom_args_with_operators to None, run_after=None
[2023-07-27T01:58:58.720+0000] {processor.py:179} INFO - Processing /home/airflow/.local/lib/python3.7/site-packages/airflow/example_dags/example_xcomargs.py took 0.097 seconds
[2023-07-27T01:59:28.926+0000] {processor.py:157} INFO - Started process (PID=4769) to work on /home/airflow/.local/lib/python3.7/site-packages/airflow/example_dags/example_xcomargs.py
[2023-07-27T01:59:28.927+0000] {processor.py:826} INFO - Processing file /home/airflow/.local/lib/python3.7/site-packages/airflow/example_dags/example_xcomargs.py for tasks to queue
[2023-07-27T01:59:28.928+0000] {logging_mixin.py:150} INFO - [2023-07-27T01:59:28.928+0000] {dagbag.py:541} INFO - Filling up the DagBag from /home/airflow/.local/lib/python3.7/site-packages/airflow/example_dags/example_xcomargs.py
[2023-07-27T01:59:28.937+0000] {processor.py:836} INFO - DAG(s) dict_keys(['example_xcom_args', 'example_xcom_args_with_operators']) retrieved from /home/airflow/.local/lib/python3.7/site-packages/airflow/example_dags/example_xcomargs.py
[2023-07-27T01:59:28.965+0000] {logging_mixin.py:150} INFO - [2023-07-27T01:59:28.965+0000] {dag.py:2742} INFO - Sync 2 DAGs
[2023-07-27T01:59:28.993+0000] {logging_mixin.py:150} INFO - [2023-07-27T01:59:28.993+0000] {dag.py:3508} INFO - Setting next_dagrun for example_xcom_args to None, run_after=None
[2023-07-27T01:59:28.997+0000] {logging_mixin.py:150} INFO - [2023-07-27T01:59:28.997+0000] {dag.py:3508} INFO - Setting next_dagrun for example_xcom_args_with_operators to None, run_after=None
[2023-07-27T01:59:29.018+0000] {processor.py:179} INFO - Processing /home/airflow/.local/lib/python3.7/site-packages/airflow/example_dags/example_xcomargs.py took 0.096 seconds
[2023-07-27T01:59:59.592+0000] {processor.py:157} INFO - Started process (PID=4828) to work on /home/airflow/.local/lib/python3.7/site-packages/airflow/example_dags/example_xcomargs.py
[2023-07-27T01:59:59.593+0000] {processor.py:826} INFO - Processing file /home/airflow/.local/lib/python3.7/site-packages/airflow/example_dags/example_xcomargs.py for tasks to queue
[2023-07-27T01:59:59.594+0000] {logging_mixin.py:150} INFO - [2023-07-27T01:59:59.594+0000] {dagbag.py:541} INFO - Filling up the DagBag from /home/airflow/.local/lib/python3.7/site-packages/airflow/example_dags/example_xcomargs.py
[2023-07-27T01:59:59.605+0000] {processor.py:836} INFO - DAG(s) dict_keys(['example_xcom_args', 'example_xcom_args_with_operators']) retrieved from /home/airflow/.local/lib/python3.7/site-packages/airflow/example_dags/example_xcomargs.py
[2023-07-27T01:59:59.641+0000] {logging_mixin.py:150} INFO - [2023-07-27T01:59:59.641+0000] {dag.py:2742} INFO - Sync 2 DAGs
[2023-07-27T01:59:59.674+0000] {logging_mixin.py:150} INFO - [2023-07-27T01:59:59.674+0000] {dag.py:3508} INFO - Setting next_dagrun for example_xcom_args to None, run_after=None
[2023-07-27T01:59:59.679+0000] {logging_mixin.py:150} INFO - [2023-07-27T01:59:59.679+0000] {dag.py:3508} INFO - Setting next_dagrun for example_xcom_args_with_operators to None, run_after=None
[2023-07-27T01:59:59.702+0000] {processor.py:179} INFO - Processing /home/airflow/.local/lib/python3.7/site-packages/airflow/example_dags/example_xcomargs.py took 0.115 seconds
[2023-07-27T02:00:30.534+0000] {processor.py:157} INFO - Started process (PID=4888) to work on /home/airflow/.local/lib/python3.7/site-packages/airflow/example_dags/example_xcomargs.py
[2023-07-27T02:00:30.536+0000] {processor.py:826} INFO - Processing file /home/airflow/.local/lib/python3.7/site-packages/airflow/example_dags/example_xcomargs.py for tasks to queue
[2023-07-27T02:00:30.537+0000] {logging_mixin.py:150} INFO - [2023-07-27T02:00:30.537+0000] {dagbag.py:541} INFO - Filling up the DagBag from /home/airflow/.local/lib/python3.7/site-packages/airflow/example_dags/example_xcomargs.py
[2023-07-27T02:00:30.546+0000] {processor.py:836} INFO - DAG(s) dict_keys(['example_xcom_args_with_operators', 'example_xcom_args']) retrieved from /home/airflow/.local/lib/python3.7/site-packages/airflow/example_dags/example_xcomargs.py
[2023-07-27T02:00:30.577+0000] {logging_mixin.py:150} INFO - [2023-07-27T02:00:30.576+0000] {dag.py:2742} INFO - Sync 2 DAGs
[2023-07-27T02:00:30.604+0000] {logging_mixin.py:150} INFO - [2023-07-27T02:00:30.604+0000] {dag.py:3508} INFO - Setting next_dagrun for example_xcom_args to None, run_after=None
[2023-07-27T02:00:30.608+0000] {logging_mixin.py:150} INFO - [2023-07-27T02:00:30.608+0000] {dag.py:3508} INFO - Setting next_dagrun for example_xcom_args_with_operators to None, run_after=None
[2023-07-27T02:00:30.628+0000] {processor.py:179} INFO - Processing /home/airflow/.local/lib/python3.7/site-packages/airflow/example_dags/example_xcomargs.py took 0.097 seconds
[2023-07-27T02:01:00.753+0000] {processor.py:157} INFO - Started process (PID=4948) to work on /home/airflow/.local/lib/python3.7/site-packages/airflow/example_dags/example_xcomargs.py
[2023-07-27T02:01:00.754+0000] {processor.py:826} INFO - Processing file /home/airflow/.local/lib/python3.7/site-packages/airflow/example_dags/example_xcomargs.py for tasks to queue
[2023-07-27T02:01:00.755+0000] {logging_mixin.py:150} INFO - [2023-07-27T02:01:00.755+0000] {dagbag.py:541} INFO - Filling up the DagBag from /home/airflow/.local/lib/python3.7/site-packages/airflow/example_dags/example_xcomargs.py
[2023-07-27T02:01:00.765+0000] {processor.py:836} INFO - DAG(s) dict_keys(['example_xcom_args_with_operators', 'example_xcom_args']) retrieved from /home/airflow/.local/lib/python3.7/site-packages/airflow/example_dags/example_xcomargs.py
[2023-07-27T02:01:00.798+0000] {logging_mixin.py:150} INFO - [2023-07-27T02:01:00.798+0000] {dag.py:2742} INFO - Sync 2 DAGs
[2023-07-27T02:01:00.826+0000] {logging_mixin.py:150} INFO - [2023-07-27T02:01:00.826+0000] {dag.py:3508} INFO - Setting next_dagrun for example_xcom_args to None, run_after=None
[2023-07-27T02:01:00.831+0000] {logging_mixin.py:150} INFO - [2023-07-27T02:01:00.830+0000] {dag.py:3508} INFO - Setting next_dagrun for example_xcom_args_with_operators to None, run_after=None
[2023-07-27T02:01:00.851+0000] {processor.py:179} INFO - Processing /home/airflow/.local/lib/python3.7/site-packages/airflow/example_dags/example_xcomargs.py took 0.102 seconds
[2023-07-27T02:01:31.218+0000] {processor.py:157} INFO - Started process (PID=5008) to work on /home/airflow/.local/lib/python3.7/site-packages/airflow/example_dags/example_xcomargs.py
[2023-07-27T02:01:31.219+0000] {processor.py:826} INFO - Processing file /home/airflow/.local/lib/python3.7/site-packages/airflow/example_dags/example_xcomargs.py for tasks to queue
[2023-07-27T02:01:31.220+0000] {logging_mixin.py:150} INFO - [2023-07-27T02:01:31.220+0000] {dagbag.py:541} INFO - Filling up the DagBag from /home/airflow/.local/lib/python3.7/site-packages/airflow/example_dags/example_xcomargs.py
[2023-07-27T02:01:31.229+0000] {processor.py:836} INFO - DAG(s) dict_keys(['example_xcom_args_with_operators', 'example_xcom_args']) retrieved from /home/airflow/.local/lib/python3.7/site-packages/airflow/example_dags/example_xcomargs.py
[2023-07-27T02:01:31.259+0000] {logging_mixin.py:150} INFO - [2023-07-27T02:01:31.258+0000] {dag.py:2742} INFO - Sync 2 DAGs
[2023-07-27T02:01:31.286+0000] {logging_mixin.py:150} INFO - [2023-07-27T02:01:31.286+0000] {dag.py:3508} INFO - Setting next_dagrun for example_xcom_args to None, run_after=None
[2023-07-27T02:01:31.290+0000] {logging_mixin.py:150} INFO - [2023-07-27T02:01:31.290+0000] {dag.py:3508} INFO - Setting next_dagrun for example_xcom_args_with_operators to None, run_after=None
[2023-07-27T02:01:31.312+0000] {processor.py:179} INFO - Processing /home/airflow/.local/lib/python3.7/site-packages/airflow/example_dags/example_xcomargs.py took 0.098 seconds
[2023-07-27T02:02:01.351+0000] {processor.py:157} INFO - Started process (PID=5068) to work on /home/airflow/.local/lib/python3.7/site-packages/airflow/example_dags/example_xcomargs.py
[2023-07-27T02:02:01.352+0000] {processor.py:826} INFO - Processing file /home/airflow/.local/lib/python3.7/site-packages/airflow/example_dags/example_xcomargs.py for tasks to queue
[2023-07-27T02:02:01.353+0000] {logging_mixin.py:150} INFO - [2023-07-27T02:02:01.353+0000] {dagbag.py:541} INFO - Filling up the DagBag from /home/airflow/.local/lib/python3.7/site-packages/airflow/example_dags/example_xcomargs.py
[2023-07-27T02:02:01.363+0000] {processor.py:836} INFO - DAG(s) dict_keys(['example_xcom_args', 'example_xcom_args_with_operators']) retrieved from /home/airflow/.local/lib/python3.7/site-packages/airflow/example_dags/example_xcomargs.py
[2023-07-27T02:02:01.395+0000] {logging_mixin.py:150} INFO - [2023-07-27T02:02:01.395+0000] {dag.py:2742} INFO - Sync 2 DAGs
[2023-07-27T02:02:01.422+0000] {logging_mixin.py:150} INFO - [2023-07-27T02:02:01.422+0000] {dag.py:3508} INFO - Setting next_dagrun for example_xcom_args to None, run_after=None
[2023-07-27T02:02:01.426+0000] {logging_mixin.py:150} INFO - [2023-07-27T02:02:01.426+0000] {dag.py:3508} INFO - Setting next_dagrun for example_xcom_args_with_operators to None, run_after=None
[2023-07-27T02:02:01.446+0000] {processor.py:179} INFO - Processing /home/airflow/.local/lib/python3.7/site-packages/airflow/example_dags/example_xcomargs.py took 0.099 seconds
[2023-07-27T02:02:31.556+0000] {processor.py:157} INFO - Started process (PID=5129) to work on /home/airflow/.local/lib/python3.7/site-packages/airflow/example_dags/example_xcomargs.py
[2023-07-27T02:02:31.557+0000] {processor.py:826} INFO - Processing file /home/airflow/.local/lib/python3.7/site-packages/airflow/example_dags/example_xcomargs.py for tasks to queue
[2023-07-27T02:02:31.558+0000] {logging_mixin.py:150} INFO - [2023-07-27T02:02:31.558+0000] {dagbag.py:541} INFO - Filling up the DagBag from /home/airflow/.local/lib/python3.7/site-packages/airflow/example_dags/example_xcomargs.py
[2023-07-27T02:02:31.567+0000] {processor.py:836} INFO - DAG(s) dict_keys(['example_xcom_args', 'example_xcom_args_with_operators']) retrieved from /home/airflow/.local/lib/python3.7/site-packages/airflow/example_dags/example_xcomargs.py
[2023-07-27T02:02:31.598+0000] {logging_mixin.py:150} INFO - [2023-07-27T02:02:31.598+0000] {dag.py:2742} INFO - Sync 2 DAGs
[2023-07-27T02:02:31.627+0000] {logging_mixin.py:150} INFO - [2023-07-27T02:02:31.627+0000] {dag.py:3508} INFO - Setting next_dagrun for example_xcom_args to None, run_after=None
[2023-07-27T02:02:31.632+0000] {logging_mixin.py:150} INFO - [2023-07-27T02:02:31.632+0000] {dag.py:3508} INFO - Setting next_dagrun for example_xcom_args_with_operators to None, run_after=None
[2023-07-27T02:02:31.654+0000] {processor.py:179} INFO - Processing /home/airflow/.local/lib/python3.7/site-packages/airflow/example_dags/example_xcomargs.py took 0.101 seconds
[2023-07-27T02:03:01.803+0000] {processor.py:157} INFO - Started process (PID=5189) to work on /home/airflow/.local/lib/python3.7/site-packages/airflow/example_dags/example_xcomargs.py
[2023-07-27T02:03:01.804+0000] {processor.py:826} INFO - Processing file /home/airflow/.local/lib/python3.7/site-packages/airflow/example_dags/example_xcomargs.py for tasks to queue
[2023-07-27T02:03:01.805+0000] {logging_mixin.py:150} INFO - [2023-07-27T02:03:01.805+0000] {dagbag.py:541} INFO - Filling up the DagBag from /home/airflow/.local/lib/python3.7/site-packages/airflow/example_dags/example_xcomargs.py
[2023-07-27T02:03:01.814+0000] {processor.py:836} INFO - DAG(s) dict_keys(['example_xcom_args_with_operators', 'example_xcom_args']) retrieved from /home/airflow/.local/lib/python3.7/site-packages/airflow/example_dags/example_xcomargs.py
[2023-07-27T02:03:01.847+0000] {logging_mixin.py:150} INFO - [2023-07-27T02:03:01.847+0000] {dag.py:2742} INFO - Sync 2 DAGs
[2023-07-27T02:03:01.876+0000] {logging_mixin.py:150} INFO - [2023-07-27T02:03:01.876+0000] {dag.py:3508} INFO - Setting next_dagrun for example_xcom_args to None, run_after=None
[2023-07-27T02:03:01.881+0000] {logging_mixin.py:150} INFO - [2023-07-27T02:03:01.881+0000] {dag.py:3508} INFO - Setting next_dagrun for example_xcom_args_with_operators to None, run_after=None
[2023-07-27T02:03:01.914+0000] {processor.py:179} INFO - Processing /home/airflow/.local/lib/python3.7/site-packages/airflow/example_dags/example_xcomargs.py took 0.115 seconds
[2023-07-27T02:03:32.088+0000] {processor.py:157} INFO - Started process (PID=5249) to work on /home/airflow/.local/lib/python3.7/site-packages/airflow/example_dags/example_xcomargs.py
[2023-07-27T02:03:32.089+0000] {processor.py:826} INFO - Processing file /home/airflow/.local/lib/python3.7/site-packages/airflow/example_dags/example_xcomargs.py for tasks to queue
[2023-07-27T02:03:32.090+0000] {logging_mixin.py:150} INFO - [2023-07-27T02:03:32.090+0000] {dagbag.py:541} INFO - Filling up the DagBag from /home/airflow/.local/lib/python3.7/site-packages/airflow/example_dags/example_xcomargs.py
[2023-07-27T02:03:32.099+0000] {processor.py:836} INFO - DAG(s) dict_keys(['example_xcom_args', 'example_xcom_args_with_operators']) retrieved from /home/airflow/.local/lib/python3.7/site-packages/airflow/example_dags/example_xcomargs.py
[2023-07-27T02:03:32.129+0000] {logging_mixin.py:150} INFO - [2023-07-27T02:03:32.128+0000] {dag.py:2742} INFO - Sync 2 DAGs
[2023-07-27T02:03:32.155+0000] {logging_mixin.py:150} INFO - [2023-07-27T02:03:32.155+0000] {dag.py:3508} INFO - Setting next_dagrun for example_xcom_args to None, run_after=None
[2023-07-27T02:03:32.161+0000] {logging_mixin.py:150} INFO - [2023-07-27T02:03:32.160+0000] {dag.py:3508} INFO - Setting next_dagrun for example_xcom_args_with_operators to None, run_after=None
[2023-07-27T02:03:32.183+0000] {processor.py:179} INFO - Processing /home/airflow/.local/lib/python3.7/site-packages/airflow/example_dags/example_xcomargs.py took 0.098 seconds
[2023-07-27T02:04:02.568+0000] {processor.py:157} INFO - Started process (PID=5309) to work on /home/airflow/.local/lib/python3.7/site-packages/airflow/example_dags/example_xcomargs.py
[2023-07-27T02:04:02.569+0000] {processor.py:826} INFO - Processing file /home/airflow/.local/lib/python3.7/site-packages/airflow/example_dags/example_xcomargs.py for tasks to queue
[2023-07-27T02:04:02.570+0000] {logging_mixin.py:150} INFO - [2023-07-27T02:04:02.570+0000] {dagbag.py:541} INFO - Filling up the DagBag from /home/airflow/.local/lib/python3.7/site-packages/airflow/example_dags/example_xcomargs.py
[2023-07-27T02:04:02.580+0000] {processor.py:836} INFO - DAG(s) dict_keys(['example_xcom_args', 'example_xcom_args_with_operators']) retrieved from /home/airflow/.local/lib/python3.7/site-packages/airflow/example_dags/example_xcomargs.py
[2023-07-27T02:04:02.611+0000] {logging_mixin.py:150} INFO - [2023-07-27T02:04:02.611+0000] {dag.py:2742} INFO - Sync 2 DAGs
[2023-07-27T02:04:02.639+0000] {logging_mixin.py:150} INFO - [2023-07-27T02:04:02.639+0000] {dag.py:3508} INFO - Setting next_dagrun for example_xcom_args to None, run_after=None
[2023-07-27T02:04:02.643+0000] {logging_mixin.py:150} INFO - [2023-07-27T02:04:02.643+0000] {dag.py:3508} INFO - Setting next_dagrun for example_xcom_args_with_operators to None, run_after=None
[2023-07-27T02:04:02.662+0000] {processor.py:179} INFO - Processing /home/airflow/.local/lib/python3.7/site-packages/airflow/example_dags/example_xcomargs.py took 0.106 seconds
[2023-07-27T02:04:32.920+0000] {processor.py:157} INFO - Started process (PID=5369) to work on /home/airflow/.local/lib/python3.7/site-packages/airflow/example_dags/example_xcomargs.py
[2023-07-27T02:04:32.921+0000] {processor.py:826} INFO - Processing file /home/airflow/.local/lib/python3.7/site-packages/airflow/example_dags/example_xcomargs.py for tasks to queue
[2023-07-27T02:04:32.922+0000] {logging_mixin.py:150} INFO - [2023-07-27T02:04:32.922+0000] {dagbag.py:541} INFO - Filling up the DagBag from /home/airflow/.local/lib/python3.7/site-packages/airflow/example_dags/example_xcomargs.py
[2023-07-27T02:04:32.931+0000] {processor.py:836} INFO - DAG(s) dict_keys(['example_xcom_args', 'example_xcom_args_with_operators']) retrieved from /home/airflow/.local/lib/python3.7/site-packages/airflow/example_dags/example_xcomargs.py
[2023-07-27T02:04:32.961+0000] {logging_mixin.py:150} INFO - [2023-07-27T02:04:32.961+0000] {dag.py:2742} INFO - Sync 2 DAGs
[2023-07-27T02:04:32.990+0000] {logging_mixin.py:150} INFO - [2023-07-27T02:04:32.990+0000] {dag.py:3508} INFO - Setting next_dagrun for example_xcom_args to None, run_after=None
[2023-07-27T02:04:32.994+0000] {logging_mixin.py:150} INFO - [2023-07-27T02:04:32.994+0000] {dag.py:3508} INFO - Setting next_dagrun for example_xcom_args_with_operators to None, run_after=None
[2023-07-27T02:04:33.018+0000] {processor.py:179} INFO - Processing /home/airflow/.local/lib/python3.7/site-packages/airflow/example_dags/example_xcomargs.py took 0.101 seconds
[2023-07-27T02:05:03.091+0000] {processor.py:157} INFO - Started process (PID=5429) to work on /home/airflow/.local/lib/python3.7/site-packages/airflow/example_dags/example_xcomargs.py
[2023-07-27T02:05:03.092+0000] {processor.py:826} INFO - Processing file /home/airflow/.local/lib/python3.7/site-packages/airflow/example_dags/example_xcomargs.py for tasks to queue
[2023-07-27T02:05:03.093+0000] {logging_mixin.py:150} INFO - [2023-07-27T02:05:03.093+0000] {dagbag.py:541} INFO - Filling up the DagBag from /home/airflow/.local/lib/python3.7/site-packages/airflow/example_dags/example_xcomargs.py
[2023-07-27T02:05:03.102+0000] {processor.py:836} INFO - DAG(s) dict_keys(['example_xcom_args', 'example_xcom_args_with_operators']) retrieved from /home/airflow/.local/lib/python3.7/site-packages/airflow/example_dags/example_xcomargs.py
[2023-07-27T02:05:03.132+0000] {logging_mixin.py:150} INFO - [2023-07-27T02:05:03.131+0000] {dag.py:2742} INFO - Sync 2 DAGs
[2023-07-27T02:05:03.159+0000] {logging_mixin.py:150} INFO - [2023-07-27T02:05:03.159+0000] {dag.py:3508} INFO - Setting next_dagrun for example_xcom_args to None, run_after=None
[2023-07-27T02:05:03.164+0000] {logging_mixin.py:150} INFO - [2023-07-27T02:05:03.163+0000] {dag.py:3508} INFO - Setting next_dagrun for example_xcom_args_with_operators to None, run_after=None
[2023-07-27T02:05:03.184+0000] {processor.py:179} INFO - Processing /home/airflow/.local/lib/python3.7/site-packages/airflow/example_dags/example_xcomargs.py took 0.097 seconds
[2023-07-27T02:05:33.512+0000] {processor.py:157} INFO - Started process (PID=5489) to work on /home/airflow/.local/lib/python3.7/site-packages/airflow/example_dags/example_xcomargs.py
[2023-07-27T02:05:33.514+0000] {processor.py:826} INFO - Processing file /home/airflow/.local/lib/python3.7/site-packages/airflow/example_dags/example_xcomargs.py for tasks to queue
[2023-07-27T02:05:33.515+0000] {logging_mixin.py:150} INFO - [2023-07-27T02:05:33.515+0000] {dagbag.py:541} INFO - Filling up the DagBag from /home/airflow/.local/lib/python3.7/site-packages/airflow/example_dags/example_xcomargs.py
[2023-07-27T02:05:33.524+0000] {processor.py:836} INFO - DAG(s) dict_keys(['example_xcom_args_with_operators', 'example_xcom_args']) retrieved from /home/airflow/.local/lib/python3.7/site-packages/airflow/example_dags/example_xcomargs.py
[2023-07-27T02:05:33.555+0000] {logging_mixin.py:150} INFO - [2023-07-27T02:05:33.555+0000] {dag.py:2742} INFO - Sync 2 DAGs
[2023-07-27T02:05:33.584+0000] {logging_mixin.py:150} INFO - [2023-07-27T02:05:33.584+0000] {dag.py:3508} INFO - Setting next_dagrun for example_xcom_args to None, run_after=None
[2023-07-27T02:05:33.591+0000] {logging_mixin.py:150} INFO - [2023-07-27T02:05:33.590+0000] {dag.py:3508} INFO - Setting next_dagrun for example_xcom_args_with_operators to None, run_after=None
[2023-07-27T02:05:33.726+0000] {processor.py:179} INFO - Processing /home/airflow/.local/lib/python3.7/site-packages/airflow/example_dags/example_xcomargs.py took 0.217 seconds
[2023-07-27T02:06:04.126+0000] {processor.py:157} INFO - Started process (PID=5548) to work on /home/airflow/.local/lib/python3.7/site-packages/airflow/example_dags/example_xcomargs.py
[2023-07-27T02:06:04.127+0000] {processor.py:826} INFO - Processing file /home/airflow/.local/lib/python3.7/site-packages/airflow/example_dags/example_xcomargs.py for tasks to queue
[2023-07-27T02:06:04.129+0000] {logging_mixin.py:150} INFO - [2023-07-27T02:06:04.128+0000] {dagbag.py:541} INFO - Filling up the DagBag from /home/airflow/.local/lib/python3.7/site-packages/airflow/example_dags/example_xcomargs.py
[2023-07-27T02:06:04.138+0000] {processor.py:836} INFO - DAG(s) dict_keys(['example_xcom_args', 'example_xcom_args_with_operators']) retrieved from /home/airflow/.local/lib/python3.7/site-packages/airflow/example_dags/example_xcomargs.py
[2023-07-27T02:06:04.168+0000] {logging_mixin.py:150} INFO - [2023-07-27T02:06:04.168+0000] {dag.py:2742} INFO - Sync 2 DAGs
[2023-07-27T02:06:04.197+0000] {logging_mixin.py:150} INFO - [2023-07-27T02:06:04.197+0000] {dag.py:3508} INFO - Setting next_dagrun for example_xcom_args to None, run_after=None
[2023-07-27T02:06:04.202+0000] {logging_mixin.py:150} INFO - [2023-07-27T02:06:04.202+0000] {dag.py:3508} INFO - Setting next_dagrun for example_xcom_args_with_operators to None, run_after=None
[2023-07-27T02:06:04.223+0000] {processor.py:179} INFO - Processing /home/airflow/.local/lib/python3.7/site-packages/airflow/example_dags/example_xcomargs.py took 0.101 seconds
[2023-07-27T02:06:34.665+0000] {processor.py:157} INFO - Started process (PID=5608) to work on /home/airflow/.local/lib/python3.7/site-packages/airflow/example_dags/example_xcomargs.py
[2023-07-27T02:06:34.666+0000] {processor.py:826} INFO - Processing file /home/airflow/.local/lib/python3.7/site-packages/airflow/example_dags/example_xcomargs.py for tasks to queue
[2023-07-27T02:06:34.667+0000] {logging_mixin.py:150} INFO - [2023-07-27T02:06:34.667+0000] {dagbag.py:541} INFO - Filling up the DagBag from /home/airflow/.local/lib/python3.7/site-packages/airflow/example_dags/example_xcomargs.py
[2023-07-27T02:06:34.677+0000] {processor.py:836} INFO - DAG(s) dict_keys(['example_xcom_args_with_operators', 'example_xcom_args']) retrieved from /home/airflow/.local/lib/python3.7/site-packages/airflow/example_dags/example_xcomargs.py
[2023-07-27T02:06:34.709+0000] {logging_mixin.py:150} INFO - [2023-07-27T02:06:34.709+0000] {dag.py:2742} INFO - Sync 2 DAGs
[2023-07-27T02:06:34.737+0000] {logging_mixin.py:150} INFO - [2023-07-27T02:06:34.737+0000] {dag.py:3508} INFO - Setting next_dagrun for example_xcom_args to None, run_after=None
[2023-07-27T02:06:34.741+0000] {logging_mixin.py:150} INFO - [2023-07-27T02:06:34.741+0000] {dag.py:3508} INFO - Setting next_dagrun for example_xcom_args_with_operators to None, run_after=None
[2023-07-27T02:06:34.762+0000] {processor.py:179} INFO - Processing /home/airflow/.local/lib/python3.7/site-packages/airflow/example_dags/example_xcomargs.py took 0.100 seconds
[2023-07-27T02:07:05.197+0000] {processor.py:157} INFO - Started process (PID=5668) to work on /home/airflow/.local/lib/python3.7/site-packages/airflow/example_dags/example_xcomargs.py
[2023-07-27T02:07:05.198+0000] {processor.py:826} INFO - Processing file /home/airflow/.local/lib/python3.7/site-packages/airflow/example_dags/example_xcomargs.py for tasks to queue
[2023-07-27T02:07:05.200+0000] {logging_mixin.py:150} INFO - [2023-07-27T02:07:05.199+0000] {dagbag.py:541} INFO - Filling up the DagBag from /home/airflow/.local/lib/python3.7/site-packages/airflow/example_dags/example_xcomargs.py
[2023-07-27T02:07:05.211+0000] {processor.py:836} INFO - DAG(s) dict_keys(['example_xcom_args_with_operators', 'example_xcom_args']) retrieved from /home/airflow/.local/lib/python3.7/site-packages/airflow/example_dags/example_xcomargs.py
[2023-07-27T02:07:05.249+0000] {logging_mixin.py:150} INFO - [2023-07-27T02:07:05.249+0000] {dag.py:2742} INFO - Sync 2 DAGs
[2023-07-27T02:07:05.408+0000] {logging_mixin.py:150} INFO - [2023-07-27T02:07:05.407+0000] {dag.py:3508} INFO - Setting next_dagrun for example_xcom_args to None, run_after=None
[2023-07-27T02:07:05.412+0000] {logging_mixin.py:150} INFO - [2023-07-27T02:07:05.411+0000] {dag.py:3508} INFO - Setting next_dagrun for example_xcom_args_with_operators to None, run_after=None
[2023-07-27T02:07:05.441+0000] {processor.py:179} INFO - Processing /home/airflow/.local/lib/python3.7/site-packages/airflow/example_dags/example_xcomargs.py took 0.250 seconds
[2023-07-27T02:07:35.980+0000] {processor.py:157} INFO - Started process (PID=5728) to work on /home/airflow/.local/lib/python3.7/site-packages/airflow/example_dags/example_xcomargs.py
[2023-07-27T02:07:35.981+0000] {processor.py:826} INFO - Processing file /home/airflow/.local/lib/python3.7/site-packages/airflow/example_dags/example_xcomargs.py for tasks to queue
[2023-07-27T02:07:35.983+0000] {logging_mixin.py:150} INFO - [2023-07-27T02:07:35.982+0000] {dagbag.py:541} INFO - Filling up the DagBag from /home/airflow/.local/lib/python3.7/site-packages/airflow/example_dags/example_xcomargs.py
[2023-07-27T02:07:35.993+0000] {processor.py:836} INFO - DAG(s) dict_keys(['example_xcom_args', 'example_xcom_args_with_operators']) retrieved from /home/airflow/.local/lib/python3.7/site-packages/airflow/example_dags/example_xcomargs.py
[2023-07-27T02:07:36.026+0000] {logging_mixin.py:150} INFO - [2023-07-27T02:07:36.026+0000] {dag.py:2742} INFO - Sync 2 DAGs
[2023-07-27T02:07:36.055+0000] {logging_mixin.py:150} INFO - [2023-07-27T02:07:36.055+0000] {dag.py:3508} INFO - Setting next_dagrun for example_xcom_args to None, run_after=None
[2023-07-27T02:07:36.061+0000] {logging_mixin.py:150} INFO - [2023-07-27T02:07:36.061+0000] {dag.py:3508} INFO - Setting next_dagrun for example_xcom_args_with_operators to None, run_after=None
[2023-07-27T02:07:36.211+0000] {processor.py:179} INFO - Processing /home/airflow/.local/lib/python3.7/site-packages/airflow/example_dags/example_xcomargs.py took 0.234 seconds
[2023-07-27T02:08:06.368+0000] {processor.py:157} INFO - Started process (PID=5788) to work on /home/airflow/.local/lib/python3.7/site-packages/airflow/example_dags/example_xcomargs.py
[2023-07-27T02:08:06.370+0000] {processor.py:826} INFO - Processing file /home/airflow/.local/lib/python3.7/site-packages/airflow/example_dags/example_xcomargs.py for tasks to queue
[2023-07-27T02:08:06.372+0000] {logging_mixin.py:150} INFO - [2023-07-27T02:08:06.372+0000] {dagbag.py:541} INFO - Filling up the DagBag from /home/airflow/.local/lib/python3.7/site-packages/airflow/example_dags/example_xcomargs.py
[2023-07-27T02:08:06.382+0000] {processor.py:836} INFO - DAG(s) dict_keys(['example_xcom_args_with_operators', 'example_xcom_args']) retrieved from /home/airflow/.local/lib/python3.7/site-packages/airflow/example_dags/example_xcomargs.py
[2023-07-27T02:08:06.415+0000] {logging_mixin.py:150} INFO - [2023-07-27T02:08:06.415+0000] {dag.py:2742} INFO - Sync 2 DAGs
[2023-07-27T02:08:06.452+0000] {logging_mixin.py:150} INFO - [2023-07-27T02:08:06.452+0000] {dag.py:3508} INFO - Setting next_dagrun for example_xcom_args to None, run_after=None
[2023-07-27T02:08:06.457+0000] {logging_mixin.py:150} INFO - [2023-07-27T02:08:06.457+0000] {dag.py:3508} INFO - Setting next_dagrun for example_xcom_args_with_operators to None, run_after=None
[2023-07-27T02:08:06.482+0000] {processor.py:179} INFO - Processing /home/airflow/.local/lib/python3.7/site-packages/airflow/example_dags/example_xcomargs.py took 0.117 seconds
[2023-07-27T02:08:36.768+0000] {processor.py:157} INFO - Started process (PID=5849) to work on /home/airflow/.local/lib/python3.7/site-packages/airflow/example_dags/example_xcomargs.py
[2023-07-27T02:08:36.769+0000] {processor.py:826} INFO - Processing file /home/airflow/.local/lib/python3.7/site-packages/airflow/example_dags/example_xcomargs.py for tasks to queue
[2023-07-27T02:08:36.770+0000] {logging_mixin.py:150} INFO - [2023-07-27T02:08:36.770+0000] {dagbag.py:541} INFO - Filling up the DagBag from /home/airflow/.local/lib/python3.7/site-packages/airflow/example_dags/example_xcomargs.py
[2023-07-27T02:08:36.779+0000] {processor.py:836} INFO - DAG(s) dict_keys(['example_xcom_args_with_operators', 'example_xcom_args']) retrieved from /home/airflow/.local/lib/python3.7/site-packages/airflow/example_dags/example_xcomargs.py
[2023-07-27T02:08:36.811+0000] {logging_mixin.py:150} INFO - [2023-07-27T02:08:36.810+0000] {dag.py:2742} INFO - Sync 2 DAGs
[2023-07-27T02:08:36.971+0000] {logging_mixin.py:150} INFO - [2023-07-27T02:08:36.971+0000] {dag.py:3508} INFO - Setting next_dagrun for example_xcom_args to None, run_after=None
[2023-07-27T02:08:36.977+0000] {logging_mixin.py:150} INFO - [2023-07-27T02:08:36.977+0000] {dag.py:3508} INFO - Setting next_dagrun for example_xcom_args_with_operators to None, run_after=None
[2023-07-27T02:08:37.008+0000] {processor.py:179} INFO - Processing /home/airflow/.local/lib/python3.7/site-packages/airflow/example_dags/example_xcomargs.py took 0.243 seconds
[2023-07-27T02:09:07.218+0000] {processor.py:157} INFO - Started process (PID=5909) to work on /home/airflow/.local/lib/python3.7/site-packages/airflow/example_dags/example_xcomargs.py
[2023-07-27T02:09:07.219+0000] {processor.py:826} INFO - Processing file /home/airflow/.local/lib/python3.7/site-packages/airflow/example_dags/example_xcomargs.py for tasks to queue
[2023-07-27T02:09:07.220+0000] {logging_mixin.py:150} INFO - [2023-07-27T02:09:07.220+0000] {dagbag.py:541} INFO - Filling up the DagBag from /home/airflow/.local/lib/python3.7/site-packages/airflow/example_dags/example_xcomargs.py
[2023-07-27T02:09:07.229+0000] {processor.py:836} INFO - DAG(s) dict_keys(['example_xcom_args_with_operators', 'example_xcom_args']) retrieved from /home/airflow/.local/lib/python3.7/site-packages/airflow/example_dags/example_xcomargs.py
[2023-07-27T02:09:07.258+0000] {logging_mixin.py:150} INFO - [2023-07-27T02:09:07.258+0000] {dag.py:2742} INFO - Sync 2 DAGs
[2023-07-27T02:09:07.288+0000] {logging_mixin.py:150} INFO - [2023-07-27T02:09:07.288+0000] {dag.py:3508} INFO - Setting next_dagrun for example_xcom_args to None, run_after=None
[2023-07-27T02:09:07.405+0000] {logging_mixin.py:150} INFO - [2023-07-27T02:09:07.405+0000] {dag.py:3508} INFO - Setting next_dagrun for example_xcom_args_with_operators to None, run_after=None
[2023-07-27T02:09:07.427+0000] {processor.py:179} INFO - Processing /home/airflow/.local/lib/python3.7/site-packages/airflow/example_dags/example_xcomargs.py took 0.213 seconds
[2023-07-27T02:09:37.951+0000] {processor.py:157} INFO - Started process (PID=5962) to work on /home/airflow/.local/lib/python3.7/site-packages/airflow/example_dags/example_xcomargs.py
[2023-07-27T02:09:37.953+0000] {processor.py:826} INFO - Processing file /home/airflow/.local/lib/python3.7/site-packages/airflow/example_dags/example_xcomargs.py for tasks to queue
[2023-07-27T02:09:37.954+0000] {logging_mixin.py:150} INFO - [2023-07-27T02:09:37.954+0000] {dagbag.py:541} INFO - Filling up the DagBag from /home/airflow/.local/lib/python3.7/site-packages/airflow/example_dags/example_xcomargs.py
[2023-07-27T02:09:37.963+0000] {processor.py:836} INFO - DAG(s) dict_keys(['example_xcom_args_with_operators', 'example_xcom_args']) retrieved from /home/airflow/.local/lib/python3.7/site-packages/airflow/example_dags/example_xcomargs.py
[2023-07-27T02:09:37.993+0000] {logging_mixin.py:150} INFO - [2023-07-27T02:09:37.993+0000] {dag.py:2742} INFO - Sync 2 DAGs
[2023-07-27T02:09:38.023+0000] {logging_mixin.py:150} INFO - [2023-07-27T02:09:38.023+0000] {dag.py:3508} INFO - Setting next_dagrun for example_xcom_args to None, run_after=None
[2023-07-27T02:09:38.028+0000] {logging_mixin.py:150} INFO - [2023-07-27T02:09:38.028+0000] {dag.py:3508} INFO - Setting next_dagrun for example_xcom_args_with_operators to None, run_after=None
[2023-07-27T02:09:38.049+0000] {processor.py:179} INFO - Processing /home/airflow/.local/lib/python3.7/site-packages/airflow/example_dags/example_xcomargs.py took 0.101 seconds
[2023-07-27T02:10:08.583+0000] {processor.py:157} INFO - Started process (PID=6022) to work on /home/airflow/.local/lib/python3.7/site-packages/airflow/example_dags/example_xcomargs.py
[2023-07-27T02:10:08.585+0000] {processor.py:826} INFO - Processing file /home/airflow/.local/lib/python3.7/site-packages/airflow/example_dags/example_xcomargs.py for tasks to queue
[2023-07-27T02:10:08.586+0000] {logging_mixin.py:150} INFO - [2023-07-27T02:10:08.586+0000] {dagbag.py:541} INFO - Filling up the DagBag from /home/airflow/.local/lib/python3.7/site-packages/airflow/example_dags/example_xcomargs.py
[2023-07-27T02:10:08.597+0000] {processor.py:836} INFO - DAG(s) dict_keys(['example_xcom_args_with_operators', 'example_xcom_args']) retrieved from /home/airflow/.local/lib/python3.7/site-packages/airflow/example_dags/example_xcomargs.py
[2023-07-27T02:10:08.630+0000] {logging_mixin.py:150} INFO - [2023-07-27T02:10:08.630+0000] {dag.py:2742} INFO - Sync 2 DAGs
[2023-07-27T02:10:08.772+0000] {logging_mixin.py:150} INFO - [2023-07-27T02:10:08.772+0000] {dag.py:3508} INFO - Setting next_dagrun for example_xcom_args to None, run_after=None
[2023-07-27T02:10:08.776+0000] {logging_mixin.py:150} INFO - [2023-07-27T02:10:08.776+0000] {dag.py:3508} INFO - Setting next_dagrun for example_xcom_args_with_operators to None, run_after=None
[2023-07-27T02:10:08.797+0000] {processor.py:179} INFO - Processing /home/airflow/.local/lib/python3.7/site-packages/airflow/example_dags/example_xcomargs.py took 0.218 seconds
[2023-07-27T02:10:39.396+0000] {processor.py:157} INFO - Started process (PID=6083) to work on /home/airflow/.local/lib/python3.7/site-packages/airflow/example_dags/example_xcomargs.py
[2023-07-27T02:10:39.398+0000] {processor.py:826} INFO - Processing file /home/airflow/.local/lib/python3.7/site-packages/airflow/example_dags/example_xcomargs.py for tasks to queue
[2023-07-27T02:10:39.399+0000] {logging_mixin.py:150} INFO - [2023-07-27T02:10:39.399+0000] {dagbag.py:541} INFO - Filling up the DagBag from /home/airflow/.local/lib/python3.7/site-packages/airflow/example_dags/example_xcomargs.py
[2023-07-27T02:10:39.409+0000] {processor.py:836} INFO - DAG(s) dict_keys(['example_xcom_args_with_operators', 'example_xcom_args']) retrieved from /home/airflow/.local/lib/python3.7/site-packages/airflow/example_dags/example_xcomargs.py
[2023-07-27T02:10:39.446+0000] {logging_mixin.py:150} INFO - [2023-07-27T02:10:39.445+0000] {dag.py:2742} INFO - Sync 2 DAGs
[2023-07-27T02:10:39.481+0000] {logging_mixin.py:150} INFO - [2023-07-27T02:10:39.481+0000] {dag.py:3508} INFO - Setting next_dagrun for example_xcom_args to None, run_after=None
[2023-07-27T02:10:39.621+0000] {logging_mixin.py:150} INFO - [2023-07-27T02:10:39.621+0000] {dag.py:3508} INFO - Setting next_dagrun for example_xcom_args_with_operators to None, run_after=None
[2023-07-27T02:10:39.645+0000] {processor.py:179} INFO - Processing /home/airflow/.local/lib/python3.7/site-packages/airflow/example_dags/example_xcomargs.py took 0.253 seconds
