[2023-07-27T01:39:10.492+0000] {processor.py:157} INFO - Started process (PID=2379) to work on /home/airflow/.local/lib/python3.7/site-packages/airflow/example_dags/example_task_group.py
[2023-07-27T01:39:10.494+0000] {processor.py:826} INFO - Processing file /home/airflow/.local/lib/python3.7/site-packages/airflow/example_dags/example_task_group.py for tasks to queue
[2023-07-27T01:39:10.497+0000] {logging_mixin.py:150} INFO - [2023-07-27T01:39:10.497+0000] {dagbag.py:541} INFO - Filling up the DagBag from /home/airflow/.local/lib/python3.7/site-packages/airflow/example_dags/example_task_group.py
[2023-07-27T01:39:10.512+0000] {processor.py:836} INFO - DAG(s) dict_keys(['example_task_group']) retrieved from /home/airflow/.local/lib/python3.7/site-packages/airflow/example_dags/example_task_group.py
[2023-07-27T01:39:10.559+0000] {logging_mixin.py:150} INFO - [2023-07-27T01:39:10.559+0000] {dag.py:2742} INFO - Sync 1 DAGs
[2023-07-27T01:39:10.605+0000] {logging_mixin.py:150} INFO - [2023-07-27T01:39:10.604+0000] {dag.py:3508} INFO - Setting next_dagrun for example_task_group to 2023-07-26T01:39:10.604350+00:00, run_after=2023-07-27T01:39:10.604350+00:00
[2023-07-27T01:39:10.684+0000] {processor.py:179} INFO - Processing /home/airflow/.local/lib/python3.7/site-packages/airflow/example_dags/example_task_group.py took 0.196 seconds
[2023-07-27T01:39:41.349+0000] {processor.py:157} INFO - Started process (PID=2439) to work on /home/airflow/.local/lib/python3.7/site-packages/airflow/example_dags/example_task_group.py
[2023-07-27T01:39:41.351+0000] {processor.py:826} INFO - Processing file /home/airflow/.local/lib/python3.7/site-packages/airflow/example_dags/example_task_group.py for tasks to queue
[2023-07-27T01:39:41.352+0000] {logging_mixin.py:150} INFO - [2023-07-27T01:39:41.352+0000] {dagbag.py:541} INFO - Filling up the DagBag from /home/airflow/.local/lib/python3.7/site-packages/airflow/example_dags/example_task_group.py
[2023-07-27T01:39:41.363+0000] {processor.py:836} INFO - DAG(s) dict_keys(['example_task_group']) retrieved from /home/airflow/.local/lib/python3.7/site-packages/airflow/example_dags/example_task_group.py
[2023-07-27T01:39:41.392+0000] {logging_mixin.py:150} INFO - [2023-07-27T01:39:41.392+0000] {dag.py:2742} INFO - Sync 1 DAGs
[2023-07-27T01:39:41.431+0000] {logging_mixin.py:150} INFO - [2023-07-27T01:39:41.430+0000] {dag.py:3508} INFO - Setting next_dagrun for example_task_group to 2023-07-26T01:39:41.430741+00:00, run_after=2023-07-27T01:39:41.430741+00:00
[2023-07-27T01:39:41.466+0000] {processor.py:179} INFO - Processing /home/airflow/.local/lib/python3.7/site-packages/airflow/example_dags/example_task_group.py took 0.120 seconds
[2023-07-27T01:40:12.306+0000] {processor.py:157} INFO - Started process (PID=2499) to work on /home/airflow/.local/lib/python3.7/site-packages/airflow/example_dags/example_task_group.py
[2023-07-27T01:40:12.307+0000] {processor.py:826} INFO - Processing file /home/airflow/.local/lib/python3.7/site-packages/airflow/example_dags/example_task_group.py for tasks to queue
[2023-07-27T01:40:12.308+0000] {logging_mixin.py:150} INFO - [2023-07-27T01:40:12.308+0000] {dagbag.py:541} INFO - Filling up the DagBag from /home/airflow/.local/lib/python3.7/site-packages/airflow/example_dags/example_task_group.py
[2023-07-27T01:40:12.320+0000] {processor.py:836} INFO - DAG(s) dict_keys(['example_task_group']) retrieved from /home/airflow/.local/lib/python3.7/site-packages/airflow/example_dags/example_task_group.py
[2023-07-27T01:40:12.348+0000] {logging_mixin.py:150} INFO - [2023-07-27T01:40:12.348+0000] {dag.py:2742} INFO - Sync 1 DAGs
[2023-07-27T01:40:12.375+0000] {logging_mixin.py:150} INFO - [2023-07-27T01:40:12.375+0000] {dag.py:3508} INFO - Setting next_dagrun for example_task_group to 2023-07-26T01:40:12.375257+00:00, run_after=2023-07-27T01:40:12.375257+00:00
[2023-07-27T01:40:12.397+0000] {processor.py:179} INFO - Processing /home/airflow/.local/lib/python3.7/site-packages/airflow/example_dags/example_task_group.py took 0.095 seconds
[2023-07-27T01:40:42.521+0000] {processor.py:157} INFO - Started process (PID=2560) to work on /home/airflow/.local/lib/python3.7/site-packages/airflow/example_dags/example_task_group.py
[2023-07-27T01:40:42.522+0000] {processor.py:826} INFO - Processing file /home/airflow/.local/lib/python3.7/site-packages/airflow/example_dags/example_task_group.py for tasks to queue
[2023-07-27T01:40:42.523+0000] {logging_mixin.py:150} INFO - [2023-07-27T01:40:42.523+0000] {dagbag.py:541} INFO - Filling up the DagBag from /home/airflow/.local/lib/python3.7/site-packages/airflow/example_dags/example_task_group.py
[2023-07-27T01:40:42.532+0000] {processor.py:836} INFO - DAG(s) dict_keys(['example_task_group']) retrieved from /home/airflow/.local/lib/python3.7/site-packages/airflow/example_dags/example_task_group.py
[2023-07-27T01:40:42.559+0000] {logging_mixin.py:150} INFO - [2023-07-27T01:40:42.558+0000] {dag.py:2742} INFO - Sync 1 DAGs
[2023-07-27T01:40:42.586+0000] {logging_mixin.py:150} INFO - [2023-07-27T01:40:42.586+0000] {dag.py:3508} INFO - Setting next_dagrun for example_task_group to 2023-07-26T01:40:42.586211+00:00, run_after=2023-07-27T01:40:42.586211+00:00
[2023-07-27T01:40:42.611+0000] {processor.py:179} INFO - Processing /home/airflow/.local/lib/python3.7/site-packages/airflow/example_dags/example_task_group.py took 0.094 seconds
[2023-07-27T01:41:13.529+0000] {processor.py:157} INFO - Started process (PID=2626) to work on /home/airflow/.local/lib/python3.7/site-packages/airflow/example_dags/example_task_group.py
[2023-07-27T01:41:13.531+0000] {processor.py:826} INFO - Processing file /home/airflow/.local/lib/python3.7/site-packages/airflow/example_dags/example_task_group.py for tasks to queue
[2023-07-27T01:41:13.533+0000] {logging_mixin.py:150} INFO - [2023-07-27T01:41:13.532+0000] {dagbag.py:541} INFO - Filling up the DagBag from /home/airflow/.local/lib/python3.7/site-packages/airflow/example_dags/example_task_group.py
[2023-07-27T01:41:13.547+0000] {processor.py:836} INFO - DAG(s) dict_keys(['example_task_group']) retrieved from /home/airflow/.local/lib/python3.7/site-packages/airflow/example_dags/example_task_group.py
[2023-07-27T01:41:13.579+0000] {logging_mixin.py:150} INFO - [2023-07-27T01:41:13.578+0000] {dag.py:2742} INFO - Sync 1 DAGs
[2023-07-27T01:41:13.606+0000] {logging_mixin.py:150} INFO - [2023-07-27T01:41:13.606+0000] {dag.py:3508} INFO - Setting next_dagrun for example_task_group to 2023-07-26T01:41:13.606509+00:00, run_after=2023-07-27T01:41:13.606509+00:00
[2023-07-27T01:41:13.628+0000] {processor.py:179} INFO - Processing /home/airflow/.local/lib/python3.7/site-packages/airflow/example_dags/example_task_group.py took 0.102 seconds
[2023-07-27T01:41:43.959+0000] {processor.py:157} INFO - Started process (PID=2687) to work on /home/airflow/.local/lib/python3.7/site-packages/airflow/example_dags/example_task_group.py
[2023-07-27T01:41:43.961+0000] {processor.py:826} INFO - Processing file /home/airflow/.local/lib/python3.7/site-packages/airflow/example_dags/example_task_group.py for tasks to queue
[2023-07-27T01:41:43.962+0000] {logging_mixin.py:150} INFO - [2023-07-27T01:41:43.962+0000] {dagbag.py:541} INFO - Filling up the DagBag from /home/airflow/.local/lib/python3.7/site-packages/airflow/example_dags/example_task_group.py
[2023-07-27T01:41:43.971+0000] {processor.py:836} INFO - DAG(s) dict_keys(['example_task_group']) retrieved from /home/airflow/.local/lib/python3.7/site-packages/airflow/example_dags/example_task_group.py
[2023-07-27T01:41:43.997+0000] {logging_mixin.py:150} INFO - [2023-07-27T01:41:43.997+0000] {dag.py:2742} INFO - Sync 1 DAGs
[2023-07-27T01:41:44.026+0000] {logging_mixin.py:150} INFO - [2023-07-27T01:41:44.025+0000] {dag.py:3508} INFO - Setting next_dagrun for example_task_group to 2023-07-26T01:41:44.025645+00:00, run_after=2023-07-27T01:41:44.025645+00:00
[2023-07-27T01:41:44.050+0000] {processor.py:179} INFO - Processing /home/airflow/.local/lib/python3.7/site-packages/airflow/example_dags/example_task_group.py took 0.094 seconds
[2023-07-27T01:42:14.640+0000] {processor.py:157} INFO - Started process (PID=2748) to work on /home/airflow/.local/lib/python3.7/site-packages/airflow/example_dags/example_task_group.py
[2023-07-27T01:42:14.641+0000] {processor.py:826} INFO - Processing file /home/airflow/.local/lib/python3.7/site-packages/airflow/example_dags/example_task_group.py for tasks to queue
[2023-07-27T01:42:14.642+0000] {logging_mixin.py:150} INFO - [2023-07-27T01:42:14.642+0000] {dagbag.py:541} INFO - Filling up the DagBag from /home/airflow/.local/lib/python3.7/site-packages/airflow/example_dags/example_task_group.py
[2023-07-27T01:42:14.651+0000] {processor.py:836} INFO - DAG(s) dict_keys(['example_task_group']) retrieved from /home/airflow/.local/lib/python3.7/site-packages/airflow/example_dags/example_task_group.py
[2023-07-27T01:42:14.678+0000] {logging_mixin.py:150} INFO - [2023-07-27T01:42:14.677+0000] {dag.py:2742} INFO - Sync 1 DAGs
[2023-07-27T01:42:14.705+0000] {logging_mixin.py:150} INFO - [2023-07-27T01:42:14.705+0000] {dag.py:3508} INFO - Setting next_dagrun for example_task_group to 2023-07-26T01:42:14.704765+00:00, run_after=2023-07-27T01:42:14.704765+00:00
[2023-07-27T01:42:14.727+0000] {processor.py:179} INFO - Processing /home/airflow/.local/lib/python3.7/site-packages/airflow/example_dags/example_task_group.py took 0.091 seconds
[2023-07-27T01:42:45.544+0000] {processor.py:157} INFO - Started process (PID=2809) to work on /home/airflow/.local/lib/python3.7/site-packages/airflow/example_dags/example_task_group.py
[2023-07-27T01:42:45.545+0000] {processor.py:826} INFO - Processing file /home/airflow/.local/lib/python3.7/site-packages/airflow/example_dags/example_task_group.py for tasks to queue
[2023-07-27T01:42:45.546+0000] {logging_mixin.py:150} INFO - [2023-07-27T01:42:45.546+0000] {dagbag.py:541} INFO - Filling up the DagBag from /home/airflow/.local/lib/python3.7/site-packages/airflow/example_dags/example_task_group.py
[2023-07-27T01:42:45.555+0000] {processor.py:836} INFO - DAG(s) dict_keys(['example_task_group']) retrieved from /home/airflow/.local/lib/python3.7/site-packages/airflow/example_dags/example_task_group.py
[2023-07-27T01:42:45.582+0000] {logging_mixin.py:150} INFO - [2023-07-27T01:42:45.581+0000] {dag.py:2742} INFO - Sync 1 DAGs
[2023-07-27T01:42:45.609+0000] {logging_mixin.py:150} INFO - [2023-07-27T01:42:45.609+0000] {dag.py:3508} INFO - Setting next_dagrun for example_task_group to 2023-07-26T01:42:45.609018+00:00, run_after=2023-07-27T01:42:45.609018+00:00
[2023-07-27T01:42:45.633+0000] {processor.py:179} INFO - Processing /home/airflow/.local/lib/python3.7/site-packages/airflow/example_dags/example_task_group.py took 0.093 seconds
[2023-07-27T01:43:15.920+0000] {processor.py:157} INFO - Started process (PID=2868) to work on /home/airflow/.local/lib/python3.7/site-packages/airflow/example_dags/example_task_group.py
[2023-07-27T01:43:15.921+0000] {processor.py:826} INFO - Processing file /home/airflow/.local/lib/python3.7/site-packages/airflow/example_dags/example_task_group.py for tasks to queue
[2023-07-27T01:43:15.923+0000] {logging_mixin.py:150} INFO - [2023-07-27T01:43:15.922+0000] {dagbag.py:541} INFO - Filling up the DagBag from /home/airflow/.local/lib/python3.7/site-packages/airflow/example_dags/example_task_group.py
[2023-07-27T01:43:15.933+0000] {processor.py:836} INFO - DAG(s) dict_keys(['example_task_group']) retrieved from /home/airflow/.local/lib/python3.7/site-packages/airflow/example_dags/example_task_group.py
[2023-07-27T01:43:15.992+0000] {logging_mixin.py:150} INFO - [2023-07-27T01:43:15.992+0000] {dag.py:2742} INFO - Sync 1 DAGs
[2023-07-27T01:43:16.020+0000] {logging_mixin.py:150} INFO - [2023-07-27T01:43:16.020+0000] {dag.py:3508} INFO - Setting next_dagrun for example_task_group to 2023-07-26T01:43:16.020157+00:00, run_after=2023-07-27T01:43:16.020157+00:00
[2023-07-27T01:43:16.044+0000] {processor.py:179} INFO - Processing /home/airflow/.local/lib/python3.7/site-packages/airflow/example_dags/example_task_group.py took 0.128 seconds
[2023-07-27T01:43:46.239+0000] {processor.py:157} INFO - Started process (PID=2929) to work on /home/airflow/.local/lib/python3.7/site-packages/airflow/example_dags/example_task_group.py
[2023-07-27T01:43:46.241+0000] {processor.py:826} INFO - Processing file /home/airflow/.local/lib/python3.7/site-packages/airflow/example_dags/example_task_group.py for tasks to queue
[2023-07-27T01:43:46.242+0000] {logging_mixin.py:150} INFO - [2023-07-27T01:43:46.241+0000] {dagbag.py:541} INFO - Filling up the DagBag from /home/airflow/.local/lib/python3.7/site-packages/airflow/example_dags/example_task_group.py
[2023-07-27T01:43:46.251+0000] {processor.py:836} INFO - DAG(s) dict_keys(['example_task_group']) retrieved from /home/airflow/.local/lib/python3.7/site-packages/airflow/example_dags/example_task_group.py
[2023-07-27T01:43:46.277+0000] {logging_mixin.py:150} INFO - [2023-07-27T01:43:46.277+0000] {dag.py:2742} INFO - Sync 1 DAGs
[2023-07-27T01:43:46.305+0000] {logging_mixin.py:150} INFO - [2023-07-27T01:43:46.305+0000] {dag.py:3508} INFO - Setting next_dagrun for example_task_group to 2023-07-26T01:43:46.305494+00:00, run_after=2023-07-27T01:43:46.305494+00:00
[2023-07-27T01:43:46.355+0000] {processor.py:179} INFO - Processing /home/airflow/.local/lib/python3.7/site-packages/airflow/example_dags/example_task_group.py took 0.120 seconds
[2023-07-27T01:44:17.181+0000] {processor.py:157} INFO - Started process (PID=2989) to work on /home/airflow/.local/lib/python3.7/site-packages/airflow/example_dags/example_task_group.py
[2023-07-27T01:44:17.182+0000] {processor.py:826} INFO - Processing file /home/airflow/.local/lib/python3.7/site-packages/airflow/example_dags/example_task_group.py for tasks to queue
[2023-07-27T01:44:17.183+0000] {logging_mixin.py:150} INFO - [2023-07-27T01:44:17.183+0000] {dagbag.py:541} INFO - Filling up the DagBag from /home/airflow/.local/lib/python3.7/site-packages/airflow/example_dags/example_task_group.py
[2023-07-27T01:44:17.192+0000] {processor.py:836} INFO - DAG(s) dict_keys(['example_task_group']) retrieved from /home/airflow/.local/lib/python3.7/site-packages/airflow/example_dags/example_task_group.py
[2023-07-27T01:44:17.218+0000] {logging_mixin.py:150} INFO - [2023-07-27T01:44:17.217+0000] {dag.py:2742} INFO - Sync 1 DAGs
[2023-07-27T01:44:17.245+0000] {logging_mixin.py:150} INFO - [2023-07-27T01:44:17.245+0000] {dag.py:3508} INFO - Setting next_dagrun for example_task_group to 2023-07-26T01:44:17.245196+00:00, run_after=2023-07-27T01:44:17.245196+00:00
[2023-07-27T01:44:17.272+0000] {processor.py:179} INFO - Processing /home/airflow/.local/lib/python3.7/site-packages/airflow/example_dags/example_task_group.py took 0.095 seconds
[2023-07-27T01:44:47.663+0000] {processor.py:157} INFO - Started process (PID=3049) to work on /home/airflow/.local/lib/python3.7/site-packages/airflow/example_dags/example_task_group.py
[2023-07-27T01:44:47.664+0000] {processor.py:826} INFO - Processing file /home/airflow/.local/lib/python3.7/site-packages/airflow/example_dags/example_task_group.py for tasks to queue
[2023-07-27T01:44:47.665+0000] {logging_mixin.py:150} INFO - [2023-07-27T01:44:47.665+0000] {dagbag.py:541} INFO - Filling up the DagBag from /home/airflow/.local/lib/python3.7/site-packages/airflow/example_dags/example_task_group.py
[2023-07-27T01:44:47.674+0000] {processor.py:836} INFO - DAG(s) dict_keys(['example_task_group']) retrieved from /home/airflow/.local/lib/python3.7/site-packages/airflow/example_dags/example_task_group.py
[2023-07-27T01:44:47.701+0000] {logging_mixin.py:150} INFO - [2023-07-27T01:44:47.701+0000] {dag.py:2742} INFO - Sync 1 DAGs
[2023-07-27T01:44:47.728+0000] {logging_mixin.py:150} INFO - [2023-07-27T01:44:47.728+0000] {dag.py:3508} INFO - Setting next_dagrun for example_task_group to 2023-07-26T01:44:47.728530+00:00, run_after=2023-07-27T01:44:47.728530+00:00
[2023-07-27T01:44:47.751+0000] {processor.py:179} INFO - Processing /home/airflow/.local/lib/python3.7/site-packages/airflow/example_dags/example_task_group.py took 0.091 seconds
[2023-07-27T01:45:17.975+0000] {processor.py:157} INFO - Started process (PID=3110) to work on /home/airflow/.local/lib/python3.7/site-packages/airflow/example_dags/example_task_group.py
[2023-07-27T01:45:17.977+0000] {processor.py:826} INFO - Processing file /home/airflow/.local/lib/python3.7/site-packages/airflow/example_dags/example_task_group.py for tasks to queue
[2023-07-27T01:45:17.978+0000] {logging_mixin.py:150} INFO - [2023-07-27T01:45:17.977+0000] {dagbag.py:541} INFO - Filling up the DagBag from /home/airflow/.local/lib/python3.7/site-packages/airflow/example_dags/example_task_group.py
[2023-07-27T01:45:17.987+0000] {processor.py:836} INFO - DAG(s) dict_keys(['example_task_group']) retrieved from /home/airflow/.local/lib/python3.7/site-packages/airflow/example_dags/example_task_group.py
[2023-07-27T01:45:18.013+0000] {logging_mixin.py:150} INFO - [2023-07-27T01:45:18.013+0000] {dag.py:2742} INFO - Sync 1 DAGs
[2023-07-27T01:45:18.042+0000] {logging_mixin.py:150} INFO - [2023-07-27T01:45:18.042+0000] {dag.py:3508} INFO - Setting next_dagrun for example_task_group to 2023-07-26T01:45:18.042323+00:00, run_after=2023-07-27T01:45:18.042323+00:00
[2023-07-27T01:45:18.064+0000] {processor.py:179} INFO - Processing /home/airflow/.local/lib/python3.7/site-packages/airflow/example_dags/example_task_group.py took 0.092 seconds
[2023-07-27T01:45:48.895+0000] {processor.py:157} INFO - Started process (PID=3170) to work on /home/airflow/.local/lib/python3.7/site-packages/airflow/example_dags/example_task_group.py
[2023-07-27T01:45:48.897+0000] {processor.py:826} INFO - Processing file /home/airflow/.local/lib/python3.7/site-packages/airflow/example_dags/example_task_group.py for tasks to queue
[2023-07-27T01:45:48.898+0000] {logging_mixin.py:150} INFO - [2023-07-27T01:45:48.897+0000] {dagbag.py:541} INFO - Filling up the DagBag from /home/airflow/.local/lib/python3.7/site-packages/airflow/example_dags/example_task_group.py
[2023-07-27T01:45:48.908+0000] {processor.py:836} INFO - DAG(s) dict_keys(['example_task_group']) retrieved from /home/airflow/.local/lib/python3.7/site-packages/airflow/example_dags/example_task_group.py
[2023-07-27T01:45:48.936+0000] {logging_mixin.py:150} INFO - [2023-07-27T01:45:48.936+0000] {dag.py:2742} INFO - Sync 1 DAGs
[2023-07-27T01:45:48.967+0000] {logging_mixin.py:150} INFO - [2023-07-27T01:45:48.966+0000] {dag.py:3508} INFO - Setting next_dagrun for example_task_group to 2023-07-26T01:45:48.966706+00:00, run_after=2023-07-27T01:45:48.966706+00:00
[2023-07-27T01:45:48.994+0000] {processor.py:179} INFO - Processing /home/airflow/.local/lib/python3.7/site-packages/airflow/example_dags/example_task_group.py took 0.102 seconds
[2023-07-27T01:46:19.367+0000] {processor.py:157} INFO - Started process (PID=3230) to work on /home/airflow/.local/lib/python3.7/site-packages/airflow/example_dags/example_task_group.py
[2023-07-27T01:46:19.368+0000] {processor.py:826} INFO - Processing file /home/airflow/.local/lib/python3.7/site-packages/airflow/example_dags/example_task_group.py for tasks to queue
[2023-07-27T01:46:19.369+0000] {logging_mixin.py:150} INFO - [2023-07-27T01:46:19.369+0000] {dagbag.py:541} INFO - Filling up the DagBag from /home/airflow/.local/lib/python3.7/site-packages/airflow/example_dags/example_task_group.py
[2023-07-27T01:46:19.378+0000] {processor.py:836} INFO - DAG(s) dict_keys(['example_task_group']) retrieved from /home/airflow/.local/lib/python3.7/site-packages/airflow/example_dags/example_task_group.py
[2023-07-27T01:46:19.404+0000] {logging_mixin.py:150} INFO - [2023-07-27T01:46:19.404+0000] {dag.py:2742} INFO - Sync 1 DAGs
[2023-07-27T01:46:19.431+0000] {logging_mixin.py:150} INFO - [2023-07-27T01:46:19.431+0000] {dag.py:3508} INFO - Setting next_dagrun for example_task_group to 2023-07-26T01:46:19.430870+00:00, run_after=2023-07-27T01:46:19.430870+00:00
[2023-07-27T01:46:19.454+0000] {processor.py:179} INFO - Processing /home/airflow/.local/lib/python3.7/site-packages/airflow/example_dags/example_task_group.py took 0.090 seconds
[2023-07-27T01:46:49.638+0000] {processor.py:157} INFO - Started process (PID=3290) to work on /home/airflow/.local/lib/python3.7/site-packages/airflow/example_dags/example_task_group.py
[2023-07-27T01:46:49.640+0000] {processor.py:826} INFO - Processing file /home/airflow/.local/lib/python3.7/site-packages/airflow/example_dags/example_task_group.py for tasks to queue
[2023-07-27T01:46:49.641+0000] {logging_mixin.py:150} INFO - [2023-07-27T01:46:49.640+0000] {dagbag.py:541} INFO - Filling up the DagBag from /home/airflow/.local/lib/python3.7/site-packages/airflow/example_dags/example_task_group.py
[2023-07-27T01:46:49.650+0000] {processor.py:836} INFO - DAG(s) dict_keys(['example_task_group']) retrieved from /home/airflow/.local/lib/python3.7/site-packages/airflow/example_dags/example_task_group.py
[2023-07-27T01:46:49.676+0000] {logging_mixin.py:150} INFO - [2023-07-27T01:46:49.676+0000] {dag.py:2742} INFO - Sync 1 DAGs
[2023-07-27T01:46:49.703+0000] {logging_mixin.py:150} INFO - [2023-07-27T01:46:49.703+0000] {dag.py:3508} INFO - Setting next_dagrun for example_task_group to 2023-07-26T01:46:49.703163+00:00, run_after=2023-07-27T01:46:49.703163+00:00
[2023-07-27T01:46:49.726+0000] {processor.py:179} INFO - Processing /home/airflow/.local/lib/python3.7/site-packages/airflow/example_dags/example_task_group.py took 0.091 seconds
[2023-07-27T01:47:20.339+0000] {processor.py:157} INFO - Started process (PID=3343) to work on /home/airflow/.local/lib/python3.7/site-packages/airflow/example_dags/example_task_group.py
[2023-07-27T01:47:20.340+0000] {processor.py:826} INFO - Processing file /home/airflow/.local/lib/python3.7/site-packages/airflow/example_dags/example_task_group.py for tasks to queue
[2023-07-27T01:47:20.341+0000] {logging_mixin.py:150} INFO - [2023-07-27T01:47:20.341+0000] {dagbag.py:541} INFO - Filling up the DagBag from /home/airflow/.local/lib/python3.7/site-packages/airflow/example_dags/example_task_group.py
[2023-07-27T01:47:20.350+0000] {processor.py:836} INFO - DAG(s) dict_keys(['example_task_group']) retrieved from /home/airflow/.local/lib/python3.7/site-packages/airflow/example_dags/example_task_group.py
[2023-07-27T01:47:20.377+0000] {logging_mixin.py:150} INFO - [2023-07-27T01:47:20.377+0000] {dag.py:2742} INFO - Sync 1 DAGs
[2023-07-27T01:47:20.405+0000] {logging_mixin.py:150} INFO - [2023-07-27T01:47:20.404+0000] {dag.py:3508} INFO - Setting next_dagrun for example_task_group to 2023-07-26T01:47:20.404611+00:00, run_after=2023-07-27T01:47:20.404611+00:00
[2023-07-27T01:47:20.428+0000] {processor.py:179} INFO - Processing /home/airflow/.local/lib/python3.7/site-packages/airflow/example_dags/example_task_group.py took 0.093 seconds
[2023-07-27T01:47:51.267+0000] {processor.py:157} INFO - Started process (PID=3403) to work on /home/airflow/.local/lib/python3.7/site-packages/airflow/example_dags/example_task_group.py
[2023-07-27T01:47:51.268+0000] {processor.py:826} INFO - Processing file /home/airflow/.local/lib/python3.7/site-packages/airflow/example_dags/example_task_group.py for tasks to queue
[2023-07-27T01:47:51.269+0000] {logging_mixin.py:150} INFO - [2023-07-27T01:47:51.269+0000] {dagbag.py:541} INFO - Filling up the DagBag from /home/airflow/.local/lib/python3.7/site-packages/airflow/example_dags/example_task_group.py
[2023-07-27T01:47:51.278+0000] {processor.py:836} INFO - DAG(s) dict_keys(['example_task_group']) retrieved from /home/airflow/.local/lib/python3.7/site-packages/airflow/example_dags/example_task_group.py
[2023-07-27T01:47:51.304+0000] {logging_mixin.py:150} INFO - [2023-07-27T01:47:51.304+0000] {dag.py:2742} INFO - Sync 1 DAGs
[2023-07-27T01:47:51.332+0000] {logging_mixin.py:150} INFO - [2023-07-27T01:47:51.332+0000] {dag.py:3508} INFO - Setting next_dagrun for example_task_group to 2023-07-26T01:47:51.332100+00:00, run_after=2023-07-27T01:47:51.332100+00:00
[2023-07-27T01:47:51.354+0000] {processor.py:179} INFO - Processing /home/airflow/.local/lib/python3.7/site-packages/airflow/example_dags/example_task_group.py took 0.091 seconds
[2023-07-27T01:48:21.717+0000] {processor.py:157} INFO - Started process (PID=3463) to work on /home/airflow/.local/lib/python3.7/site-packages/airflow/example_dags/example_task_group.py
[2023-07-27T01:48:21.718+0000] {processor.py:826} INFO - Processing file /home/airflow/.local/lib/python3.7/site-packages/airflow/example_dags/example_task_group.py for tasks to queue
[2023-07-27T01:48:21.719+0000] {logging_mixin.py:150} INFO - [2023-07-27T01:48:21.719+0000] {dagbag.py:541} INFO - Filling up the DagBag from /home/airflow/.local/lib/python3.7/site-packages/airflow/example_dags/example_task_group.py
[2023-07-27T01:48:21.729+0000] {processor.py:836} INFO - DAG(s) dict_keys(['example_task_group']) retrieved from /home/airflow/.local/lib/python3.7/site-packages/airflow/example_dags/example_task_group.py
[2023-07-27T01:48:21.757+0000] {logging_mixin.py:150} INFO - [2023-07-27T01:48:21.757+0000] {dag.py:2742} INFO - Sync 1 DAGs
[2023-07-27T01:48:21.787+0000] {logging_mixin.py:150} INFO - [2023-07-27T01:48:21.787+0000] {dag.py:3508} INFO - Setting next_dagrun for example_task_group to 2023-07-26T01:48:21.787339+00:00, run_after=2023-07-27T01:48:21.787339+00:00
[2023-07-27T01:48:21.813+0000] {processor.py:179} INFO - Processing /home/airflow/.local/lib/python3.7/site-packages/airflow/example_dags/example_task_group.py took 0.100 seconds
[2023-07-27T01:48:52.067+0000] {processor.py:157} INFO - Started process (PID=3523) to work on /home/airflow/.local/lib/python3.7/site-packages/airflow/example_dags/example_task_group.py
[2023-07-27T01:48:52.068+0000] {processor.py:826} INFO - Processing file /home/airflow/.local/lib/python3.7/site-packages/airflow/example_dags/example_task_group.py for tasks to queue
[2023-07-27T01:48:52.069+0000] {logging_mixin.py:150} INFO - [2023-07-27T01:48:52.069+0000] {dagbag.py:541} INFO - Filling up the DagBag from /home/airflow/.local/lib/python3.7/site-packages/airflow/example_dags/example_task_group.py
[2023-07-27T01:48:52.077+0000] {processor.py:836} INFO - DAG(s) dict_keys(['example_task_group']) retrieved from /home/airflow/.local/lib/python3.7/site-packages/airflow/example_dags/example_task_group.py
[2023-07-27T01:48:52.104+0000] {logging_mixin.py:150} INFO - [2023-07-27T01:48:52.103+0000] {dag.py:2742} INFO - Sync 1 DAGs
[2023-07-27T01:48:52.132+0000] {logging_mixin.py:150} INFO - [2023-07-27T01:48:52.132+0000] {dag.py:3508} INFO - Setting next_dagrun for example_task_group to 2023-07-26T01:48:52.132437+00:00, run_after=2023-07-27T01:48:52.132437+00:00
[2023-07-27T01:48:52.162+0000] {processor.py:179} INFO - Processing /home/airflow/.local/lib/python3.7/site-packages/airflow/example_dags/example_task_group.py took 0.099 seconds
[2023-07-27T01:49:22.517+0000] {processor.py:157} INFO - Started process (PID=3584) to work on /home/airflow/.local/lib/python3.7/site-packages/airflow/example_dags/example_task_group.py
[2023-07-27T01:49:22.519+0000] {processor.py:826} INFO - Processing file /home/airflow/.local/lib/python3.7/site-packages/airflow/example_dags/example_task_group.py for tasks to queue
[2023-07-27T01:49:22.520+0000] {logging_mixin.py:150} INFO - [2023-07-27T01:49:22.520+0000] {dagbag.py:541} INFO - Filling up the DagBag from /home/airflow/.local/lib/python3.7/site-packages/airflow/example_dags/example_task_group.py
[2023-07-27T01:49:22.529+0000] {processor.py:836} INFO - DAG(s) dict_keys(['example_task_group']) retrieved from /home/airflow/.local/lib/python3.7/site-packages/airflow/example_dags/example_task_group.py
[2023-07-27T01:49:22.559+0000] {logging_mixin.py:150} INFO - [2023-07-27T01:49:22.558+0000] {dag.py:2742} INFO - Sync 1 DAGs
[2023-07-27T01:49:22.588+0000] {logging_mixin.py:150} INFO - [2023-07-27T01:49:22.587+0000] {dag.py:3508} INFO - Setting next_dagrun for example_task_group to 2023-07-26T01:49:22.587612+00:00, run_after=2023-07-27T01:49:22.587612+00:00
[2023-07-27T01:49:22.613+0000] {processor.py:179} INFO - Processing /home/airflow/.local/lib/python3.7/site-packages/airflow/example_dags/example_task_group.py took 0.099 seconds
[2023-07-27T01:49:52.999+0000] {processor.py:157} INFO - Started process (PID=3644) to work on /home/airflow/.local/lib/python3.7/site-packages/airflow/example_dags/example_task_group.py
[2023-07-27T01:49:53.001+0000] {processor.py:826} INFO - Processing file /home/airflow/.local/lib/python3.7/site-packages/airflow/example_dags/example_task_group.py for tasks to queue
[2023-07-27T01:49:53.002+0000] {logging_mixin.py:150} INFO - [2023-07-27T01:49:53.001+0000] {dagbag.py:541} INFO - Filling up the DagBag from /home/airflow/.local/lib/python3.7/site-packages/airflow/example_dags/example_task_group.py
[2023-07-27T01:49:53.010+0000] {processor.py:836} INFO - DAG(s) dict_keys(['example_task_group']) retrieved from /home/airflow/.local/lib/python3.7/site-packages/airflow/example_dags/example_task_group.py
[2023-07-27T01:49:53.037+0000] {logging_mixin.py:150} INFO - [2023-07-27T01:49:53.037+0000] {dag.py:2742} INFO - Sync 1 DAGs
[2023-07-27T01:49:53.065+0000] {logging_mixin.py:150} INFO - [2023-07-27T01:49:53.065+0000] {dag.py:3508} INFO - Setting next_dagrun for example_task_group to 2023-07-26T01:49:53.065195+00:00, run_after=2023-07-27T01:49:53.065195+00:00
[2023-07-27T01:49:53.088+0000] {processor.py:179} INFO - Processing /home/airflow/.local/lib/python3.7/site-packages/airflow/example_dags/example_task_group.py took 0.092 seconds
[2023-07-27T01:50:23.616+0000] {processor.py:157} INFO - Started process (PID=3704) to work on /home/airflow/.local/lib/python3.7/site-packages/airflow/example_dags/example_task_group.py
[2023-07-27T01:50:23.617+0000] {processor.py:826} INFO - Processing file /home/airflow/.local/lib/python3.7/site-packages/airflow/example_dags/example_task_group.py for tasks to queue
[2023-07-27T01:50:23.618+0000] {logging_mixin.py:150} INFO - [2023-07-27T01:50:23.618+0000] {dagbag.py:541} INFO - Filling up the DagBag from /home/airflow/.local/lib/python3.7/site-packages/airflow/example_dags/example_task_group.py
[2023-07-27T01:50:23.627+0000] {processor.py:836} INFO - DAG(s) dict_keys(['example_task_group']) retrieved from /home/airflow/.local/lib/python3.7/site-packages/airflow/example_dags/example_task_group.py
[2023-07-27T01:50:23.654+0000] {logging_mixin.py:150} INFO - [2023-07-27T01:50:23.654+0000] {dag.py:2742} INFO - Sync 1 DAGs
[2023-07-27T01:50:23.682+0000] {logging_mixin.py:150} INFO - [2023-07-27T01:50:23.682+0000] {dag.py:3508} INFO - Setting next_dagrun for example_task_group to 2023-07-26T01:50:23.681762+00:00, run_after=2023-07-27T01:50:23.681762+00:00
[2023-07-27T01:50:23.707+0000] {processor.py:179} INFO - Processing /home/airflow/.local/lib/python3.7/site-packages/airflow/example_dags/example_task_group.py took 0.094 seconds
[2023-07-27T01:50:54.197+0000] {processor.py:157} INFO - Started process (PID=3764) to work on /home/airflow/.local/lib/python3.7/site-packages/airflow/example_dags/example_task_group.py
[2023-07-27T01:50:54.198+0000] {processor.py:826} INFO - Processing file /home/airflow/.local/lib/python3.7/site-packages/airflow/example_dags/example_task_group.py for tasks to queue
[2023-07-27T01:50:54.199+0000] {logging_mixin.py:150} INFO - [2023-07-27T01:50:54.199+0000] {dagbag.py:541} INFO - Filling up the DagBag from /home/airflow/.local/lib/python3.7/site-packages/airflow/example_dags/example_task_group.py
[2023-07-27T01:50:54.208+0000] {processor.py:836} INFO - DAG(s) dict_keys(['example_task_group']) retrieved from /home/airflow/.local/lib/python3.7/site-packages/airflow/example_dags/example_task_group.py
[2023-07-27T01:50:54.242+0000] {logging_mixin.py:150} INFO - [2023-07-27T01:50:54.242+0000] {dag.py:2742} INFO - Sync 1 DAGs
[2023-07-27T01:50:54.270+0000] {logging_mixin.py:150} INFO - [2023-07-27T01:50:54.270+0000] {dag.py:3508} INFO - Setting next_dagrun for example_task_group to 2023-07-26T01:50:54.270456+00:00, run_after=2023-07-27T01:50:54.270456+00:00
[2023-07-27T01:50:54.332+0000] {processor.py:179} INFO - Processing /home/airflow/.local/lib/python3.7/site-packages/airflow/example_dags/example_task_group.py took 0.138 seconds
[2023-07-27T01:51:25.108+0000] {processor.py:157} INFO - Started process (PID=3824) to work on /home/airflow/.local/lib/python3.7/site-packages/airflow/example_dags/example_task_group.py
[2023-07-27T01:51:25.110+0000] {processor.py:826} INFO - Processing file /home/airflow/.local/lib/python3.7/site-packages/airflow/example_dags/example_task_group.py for tasks to queue
[2023-07-27T01:51:25.111+0000] {logging_mixin.py:150} INFO - [2023-07-27T01:51:25.111+0000] {dagbag.py:541} INFO - Filling up the DagBag from /home/airflow/.local/lib/python3.7/site-packages/airflow/example_dags/example_task_group.py
[2023-07-27T01:51:25.123+0000] {processor.py:836} INFO - DAG(s) dict_keys(['example_task_group']) retrieved from /home/airflow/.local/lib/python3.7/site-packages/airflow/example_dags/example_task_group.py
[2023-07-27T01:51:25.157+0000] {logging_mixin.py:150} INFO - [2023-07-27T01:51:25.157+0000] {dag.py:2742} INFO - Sync 1 DAGs
[2023-07-27T01:51:25.187+0000] {logging_mixin.py:150} INFO - [2023-07-27T01:51:25.187+0000] {dag.py:3508} INFO - Setting next_dagrun for example_task_group to 2023-07-26T01:51:25.187486+00:00, run_after=2023-07-27T01:51:25.187486+00:00
[2023-07-27T01:51:25.214+0000] {processor.py:179} INFO - Processing /home/airflow/.local/lib/python3.7/site-packages/airflow/example_dags/example_task_group.py took 0.111 seconds
[2023-07-27T01:51:55.747+0000] {processor.py:157} INFO - Started process (PID=3884) to work on /home/airflow/.local/lib/python3.7/site-packages/airflow/example_dags/example_task_group.py
[2023-07-27T01:51:55.748+0000] {processor.py:826} INFO - Processing file /home/airflow/.local/lib/python3.7/site-packages/airflow/example_dags/example_task_group.py for tasks to queue
[2023-07-27T01:51:55.749+0000] {logging_mixin.py:150} INFO - [2023-07-27T01:51:55.749+0000] {dagbag.py:541} INFO - Filling up the DagBag from /home/airflow/.local/lib/python3.7/site-packages/airflow/example_dags/example_task_group.py
[2023-07-27T01:51:55.758+0000] {processor.py:836} INFO - DAG(s) dict_keys(['example_task_group']) retrieved from /home/airflow/.local/lib/python3.7/site-packages/airflow/example_dags/example_task_group.py
[2023-07-27T01:51:55.785+0000] {logging_mixin.py:150} INFO - [2023-07-27T01:51:55.785+0000] {dag.py:2742} INFO - Sync 1 DAGs
[2023-07-27T01:51:55.815+0000] {logging_mixin.py:150} INFO - [2023-07-27T01:51:55.814+0000] {dag.py:3508} INFO - Setting next_dagrun for example_task_group to 2023-07-26T01:51:55.814527+00:00, run_after=2023-07-27T01:51:55.814527+00:00
[2023-07-27T01:51:55.839+0000] {processor.py:179} INFO - Processing /home/airflow/.local/lib/python3.7/site-packages/airflow/example_dags/example_task_group.py took 0.096 seconds
[2023-07-27T01:52:26.328+0000] {processor.py:157} INFO - Started process (PID=3943) to work on /home/airflow/.local/lib/python3.7/site-packages/airflow/example_dags/example_task_group.py
[2023-07-27T01:52:26.329+0000] {processor.py:826} INFO - Processing file /home/airflow/.local/lib/python3.7/site-packages/airflow/example_dags/example_task_group.py for tasks to queue
[2023-07-27T01:52:26.330+0000] {logging_mixin.py:150} INFO - [2023-07-27T01:52:26.330+0000] {dagbag.py:541} INFO - Filling up the DagBag from /home/airflow/.local/lib/python3.7/site-packages/airflow/example_dags/example_task_group.py
[2023-07-27T01:52:26.339+0000] {processor.py:836} INFO - DAG(s) dict_keys(['example_task_group']) retrieved from /home/airflow/.local/lib/python3.7/site-packages/airflow/example_dags/example_task_group.py
[2023-07-27T01:52:26.365+0000] {logging_mixin.py:150} INFO - [2023-07-27T01:52:26.365+0000] {dag.py:2742} INFO - Sync 1 DAGs
[2023-07-27T01:52:26.393+0000] {logging_mixin.py:150} INFO - [2023-07-27T01:52:26.392+0000] {dag.py:3508} INFO - Setting next_dagrun for example_task_group to 2023-07-26T01:52:26.392592+00:00, run_after=2023-07-27T01:52:26.392592+00:00
[2023-07-27T01:52:26.415+0000] {processor.py:179} INFO - Processing /home/airflow/.local/lib/python3.7/site-packages/airflow/example_dags/example_task_group.py took 0.091 seconds
[2023-07-27T01:52:56.607+0000] {processor.py:157} INFO - Started process (PID=4003) to work on /home/airflow/.local/lib/python3.7/site-packages/airflow/example_dags/example_task_group.py
[2023-07-27T01:52:56.608+0000] {processor.py:826} INFO - Processing file /home/airflow/.local/lib/python3.7/site-packages/airflow/example_dags/example_task_group.py for tasks to queue
[2023-07-27T01:52:56.609+0000] {logging_mixin.py:150} INFO - [2023-07-27T01:52:56.609+0000] {dagbag.py:541} INFO - Filling up the DagBag from /home/airflow/.local/lib/python3.7/site-packages/airflow/example_dags/example_task_group.py
[2023-07-27T01:52:56.619+0000] {processor.py:836} INFO - DAG(s) dict_keys(['example_task_group']) retrieved from /home/airflow/.local/lib/python3.7/site-packages/airflow/example_dags/example_task_group.py
[2023-07-27T01:52:56.647+0000] {logging_mixin.py:150} INFO - [2023-07-27T01:52:56.647+0000] {dag.py:2742} INFO - Sync 1 DAGs
[2023-07-27T01:52:56.677+0000] {logging_mixin.py:150} INFO - [2023-07-27T01:52:56.677+0000] {dag.py:3508} INFO - Setting next_dagrun for example_task_group to 2023-07-26T01:52:56.677095+00:00, run_after=2023-07-27T01:52:56.677095+00:00
[2023-07-27T01:52:56.704+0000] {processor.py:179} INFO - Processing /home/airflow/.local/lib/python3.7/site-packages/airflow/example_dags/example_task_group.py took 0.100 seconds
[2023-07-27T01:53:27.307+0000] {processor.py:157} INFO - Started process (PID=4063) to work on /home/airflow/.local/lib/python3.7/site-packages/airflow/example_dags/example_task_group.py
[2023-07-27T01:53:27.309+0000] {processor.py:826} INFO - Processing file /home/airflow/.local/lib/python3.7/site-packages/airflow/example_dags/example_task_group.py for tasks to queue
[2023-07-27T01:53:27.310+0000] {logging_mixin.py:150} INFO - [2023-07-27T01:53:27.309+0000] {dagbag.py:541} INFO - Filling up the DagBag from /home/airflow/.local/lib/python3.7/site-packages/airflow/example_dags/example_task_group.py
[2023-07-27T01:53:27.319+0000] {processor.py:836} INFO - DAG(s) dict_keys(['example_task_group']) retrieved from /home/airflow/.local/lib/python3.7/site-packages/airflow/example_dags/example_task_group.py
[2023-07-27T01:53:27.345+0000] {logging_mixin.py:150} INFO - [2023-07-27T01:53:27.345+0000] {dag.py:2742} INFO - Sync 1 DAGs
[2023-07-27T01:53:27.375+0000] {logging_mixin.py:150} INFO - [2023-07-27T01:53:27.375+0000] {dag.py:3508} INFO - Setting next_dagrun for example_task_group to 2023-07-26T01:53:27.374938+00:00, run_after=2023-07-27T01:53:27.374938+00:00
[2023-07-27T01:53:27.399+0000] {processor.py:179} INFO - Processing /home/airflow/.local/lib/python3.7/site-packages/airflow/example_dags/example_task_group.py took 0.095 seconds
[2023-07-27T01:53:57.697+0000] {processor.py:157} INFO - Started process (PID=4123) to work on /home/airflow/.local/lib/python3.7/site-packages/airflow/example_dags/example_task_group.py
[2023-07-27T01:53:57.698+0000] {processor.py:826} INFO - Processing file /home/airflow/.local/lib/python3.7/site-packages/airflow/example_dags/example_task_group.py for tasks to queue
[2023-07-27T01:53:57.699+0000] {logging_mixin.py:150} INFO - [2023-07-27T01:53:57.699+0000] {dagbag.py:541} INFO - Filling up the DagBag from /home/airflow/.local/lib/python3.7/site-packages/airflow/example_dags/example_task_group.py
[2023-07-27T01:53:57.708+0000] {processor.py:836} INFO - DAG(s) dict_keys(['example_task_group']) retrieved from /home/airflow/.local/lib/python3.7/site-packages/airflow/example_dags/example_task_group.py
[2023-07-27T01:53:57.735+0000] {logging_mixin.py:150} INFO - [2023-07-27T01:53:57.735+0000] {dag.py:2742} INFO - Sync 1 DAGs
[2023-07-27T01:53:57.766+0000] {logging_mixin.py:150} INFO - [2023-07-27T01:53:57.766+0000] {dag.py:3508} INFO - Setting next_dagrun for example_task_group to 2023-07-26T01:53:57.765820+00:00, run_after=2023-07-27T01:53:57.765820+00:00
[2023-07-27T01:53:57.791+0000] {processor.py:179} INFO - Processing /home/airflow/.local/lib/python3.7/site-packages/airflow/example_dags/example_task_group.py took 0.097 seconds
[2023-07-27T01:54:28.090+0000] {processor.py:157} INFO - Started process (PID=4183) to work on /home/airflow/.local/lib/python3.7/site-packages/airflow/example_dags/example_task_group.py
[2023-07-27T01:54:28.091+0000] {processor.py:826} INFO - Processing file /home/airflow/.local/lib/python3.7/site-packages/airflow/example_dags/example_task_group.py for tasks to queue
[2023-07-27T01:54:28.092+0000] {logging_mixin.py:150} INFO - [2023-07-27T01:54:28.092+0000] {dagbag.py:541} INFO - Filling up the DagBag from /home/airflow/.local/lib/python3.7/site-packages/airflow/example_dags/example_task_group.py
[2023-07-27T01:54:28.102+0000] {processor.py:836} INFO - DAG(s) dict_keys(['example_task_group']) retrieved from /home/airflow/.local/lib/python3.7/site-packages/airflow/example_dags/example_task_group.py
[2023-07-27T01:54:28.128+0000] {logging_mixin.py:150} INFO - [2023-07-27T01:54:28.128+0000] {dag.py:2742} INFO - Sync 1 DAGs
[2023-07-27T01:54:28.155+0000] {logging_mixin.py:150} INFO - [2023-07-27T01:54:28.155+0000] {dag.py:3508} INFO - Setting next_dagrun for example_task_group to 2023-07-26T01:54:28.155097+00:00, run_after=2023-07-27T01:54:28.155097+00:00
[2023-07-27T01:54:28.178+0000] {processor.py:179} INFO - Processing /home/airflow/.local/lib/python3.7/site-packages/airflow/example_dags/example_task_group.py took 0.092 seconds
[2023-07-27T01:54:58.524+0000] {processor.py:157} INFO - Started process (PID=4243) to work on /home/airflow/.local/lib/python3.7/site-packages/airflow/example_dags/example_task_group.py
[2023-07-27T01:54:58.526+0000] {processor.py:826} INFO - Processing file /home/airflow/.local/lib/python3.7/site-packages/airflow/example_dags/example_task_group.py for tasks to queue
[2023-07-27T01:54:58.527+0000] {logging_mixin.py:150} INFO - [2023-07-27T01:54:58.526+0000] {dagbag.py:541} INFO - Filling up the DagBag from /home/airflow/.local/lib/python3.7/site-packages/airflow/example_dags/example_task_group.py
[2023-07-27T01:54:58.535+0000] {processor.py:836} INFO - DAG(s) dict_keys(['example_task_group']) retrieved from /home/airflow/.local/lib/python3.7/site-packages/airflow/example_dags/example_task_group.py
[2023-07-27T01:54:58.562+0000] {logging_mixin.py:150} INFO - [2023-07-27T01:54:58.561+0000] {dag.py:2742} INFO - Sync 1 DAGs
[2023-07-27T01:54:58.590+0000] {logging_mixin.py:150} INFO - [2023-07-27T01:54:58.589+0000] {dag.py:3508} INFO - Setting next_dagrun for example_task_group to 2023-07-26T01:54:58.589719+00:00, run_after=2023-07-27T01:54:58.589719+00:00
[2023-07-27T01:54:58.613+0000] {processor.py:179} INFO - Processing /home/airflow/.local/lib/python3.7/site-packages/airflow/example_dags/example_task_group.py took 0.093 seconds
[2023-07-27T01:55:29.299+0000] {processor.py:157} INFO - Started process (PID=4303) to work on /home/airflow/.local/lib/python3.7/site-packages/airflow/example_dags/example_task_group.py
[2023-07-27T01:55:29.300+0000] {processor.py:826} INFO - Processing file /home/airflow/.local/lib/python3.7/site-packages/airflow/example_dags/example_task_group.py for tasks to queue
[2023-07-27T01:55:29.302+0000] {logging_mixin.py:150} INFO - [2023-07-27T01:55:29.301+0000] {dagbag.py:541} INFO - Filling up the DagBag from /home/airflow/.local/lib/python3.7/site-packages/airflow/example_dags/example_task_group.py
[2023-07-27T01:55:29.311+0000] {processor.py:836} INFO - DAG(s) dict_keys(['example_task_group']) retrieved from /home/airflow/.local/lib/python3.7/site-packages/airflow/example_dags/example_task_group.py
[2023-07-27T01:55:29.339+0000] {logging_mixin.py:150} INFO - [2023-07-27T01:55:29.339+0000] {dag.py:2742} INFO - Sync 1 DAGs
[2023-07-27T01:55:29.372+0000] {logging_mixin.py:150} INFO - [2023-07-27T01:55:29.372+0000] {dag.py:3508} INFO - Setting next_dagrun for example_task_group to 2023-07-26T01:55:29.372214+00:00, run_after=2023-07-27T01:55:29.372214+00:00
[2023-07-27T01:55:29.399+0000] {processor.py:179} INFO - Processing /home/airflow/.local/lib/python3.7/site-packages/airflow/example_dags/example_task_group.py took 0.104 seconds
[2023-07-27T01:55:59.808+0000] {processor.py:157} INFO - Started process (PID=4362) to work on /home/airflow/.local/lib/python3.7/site-packages/airflow/example_dags/example_task_group.py
[2023-07-27T01:55:59.809+0000] {processor.py:826} INFO - Processing file /home/airflow/.local/lib/python3.7/site-packages/airflow/example_dags/example_task_group.py for tasks to queue
[2023-07-27T01:55:59.810+0000] {logging_mixin.py:150} INFO - [2023-07-27T01:55:59.810+0000] {dagbag.py:541} INFO - Filling up the DagBag from /home/airflow/.local/lib/python3.7/site-packages/airflow/example_dags/example_task_group.py
[2023-07-27T01:55:59.819+0000] {processor.py:836} INFO - DAG(s) dict_keys(['example_task_group']) retrieved from /home/airflow/.local/lib/python3.7/site-packages/airflow/example_dags/example_task_group.py
[2023-07-27T01:55:59.855+0000] {logging_mixin.py:150} INFO - [2023-07-27T01:55:59.855+0000] {dag.py:2742} INFO - Sync 1 DAGs
[2023-07-27T01:55:59.886+0000] {logging_mixin.py:150} INFO - [2023-07-27T01:55:59.886+0000] {dag.py:3508} INFO - Setting next_dagrun for example_task_group to 2023-07-26T01:55:59.885918+00:00, run_after=2023-07-27T01:55:59.885918+00:00
[2023-07-27T01:55:59.920+0000] {processor.py:179} INFO - Processing /home/airflow/.local/lib/python3.7/site-packages/airflow/example_dags/example_task_group.py took 0.116 seconds
[2023-07-27T01:56:30.153+0000] {processor.py:157} INFO - Started process (PID=4423) to work on /home/airflow/.local/lib/python3.7/site-packages/airflow/example_dags/example_task_group.py
[2023-07-27T01:56:30.154+0000] {processor.py:826} INFO - Processing file /home/airflow/.local/lib/python3.7/site-packages/airflow/example_dags/example_task_group.py for tasks to queue
[2023-07-27T01:56:30.155+0000] {logging_mixin.py:150} INFO - [2023-07-27T01:56:30.155+0000] {dagbag.py:541} INFO - Filling up the DagBag from /home/airflow/.local/lib/python3.7/site-packages/airflow/example_dags/example_task_group.py
[2023-07-27T01:56:30.164+0000] {processor.py:836} INFO - DAG(s) dict_keys(['example_task_group']) retrieved from /home/airflow/.local/lib/python3.7/site-packages/airflow/example_dags/example_task_group.py
[2023-07-27T01:56:30.191+0000] {logging_mixin.py:150} INFO - [2023-07-27T01:56:30.191+0000] {dag.py:2742} INFO - Sync 1 DAGs
[2023-07-27T01:56:30.219+0000] {logging_mixin.py:150} INFO - [2023-07-27T01:56:30.219+0000] {dag.py:3508} INFO - Setting next_dagrun for example_task_group to 2023-07-26T01:56:30.219474+00:00, run_after=2023-07-27T01:56:30.219474+00:00
[2023-07-27T01:56:30.243+0000] {processor.py:179} INFO - Processing /home/airflow/.local/lib/python3.7/site-packages/airflow/example_dags/example_task_group.py took 0.094 seconds
[2023-07-27T01:57:00.839+0000] {processor.py:157} INFO - Started process (PID=4484) to work on /home/airflow/.local/lib/python3.7/site-packages/airflow/example_dags/example_task_group.py
[2023-07-27T01:57:00.840+0000] {processor.py:826} INFO - Processing file /home/airflow/.local/lib/python3.7/site-packages/airflow/example_dags/example_task_group.py for tasks to queue
[2023-07-27T01:57:00.841+0000] {logging_mixin.py:150} INFO - [2023-07-27T01:57:00.841+0000] {dagbag.py:541} INFO - Filling up the DagBag from /home/airflow/.local/lib/python3.7/site-packages/airflow/example_dags/example_task_group.py
[2023-07-27T01:57:00.850+0000] {processor.py:836} INFO - DAG(s) dict_keys(['example_task_group']) retrieved from /home/airflow/.local/lib/python3.7/site-packages/airflow/example_dags/example_task_group.py
[2023-07-27T01:57:00.876+0000] {logging_mixin.py:150} INFO - [2023-07-27T01:57:00.876+0000] {dag.py:2742} INFO - Sync 1 DAGs
[2023-07-27T01:57:00.906+0000] {logging_mixin.py:150} INFO - [2023-07-27T01:57:00.906+0000] {dag.py:3508} INFO - Setting next_dagrun for example_task_group to 2023-07-26T01:57:00.906183+00:00, run_after=2023-07-27T01:57:00.906183+00:00
[2023-07-27T01:57:00.931+0000] {processor.py:179} INFO - Processing /home/airflow/.local/lib/python3.7/site-packages/airflow/example_dags/example_task_group.py took 0.096 seconds
[2023-07-27T01:57:32.074+0000] {processor.py:157} INFO - Started process (PID=4545) to work on /home/airflow/.local/lib/python3.7/site-packages/airflow/example_dags/example_task_group.py
[2023-07-27T01:57:32.075+0000] {processor.py:826} INFO - Processing file /home/airflow/.local/lib/python3.7/site-packages/airflow/example_dags/example_task_group.py for tasks to queue
[2023-07-27T01:57:32.077+0000] {logging_mixin.py:150} INFO - [2023-07-27T01:57:32.076+0000] {dagbag.py:541} INFO - Filling up the DagBag from /home/airflow/.local/lib/python3.7/site-packages/airflow/example_dags/example_task_group.py
[2023-07-27T01:57:32.087+0000] {processor.py:836} INFO - DAG(s) dict_keys(['example_task_group']) retrieved from /home/airflow/.local/lib/python3.7/site-packages/airflow/example_dags/example_task_group.py
[2023-07-27T01:57:32.114+0000] {logging_mixin.py:150} INFO - [2023-07-27T01:57:32.114+0000] {dag.py:2742} INFO - Sync 1 DAGs
[2023-07-27T01:57:32.144+0000] {logging_mixin.py:150} INFO - [2023-07-27T01:57:32.143+0000] {dag.py:3508} INFO - Setting next_dagrun for example_task_group to 2023-07-26T01:57:32.143726+00:00, run_after=2023-07-27T01:57:32.143726+00:00
[2023-07-27T01:57:32.168+0000] {processor.py:179} INFO - Processing /home/airflow/.local/lib/python3.7/site-packages/airflow/example_dags/example_task_group.py took 0.098 seconds
[2023-07-27T01:58:02.582+0000] {processor.py:157} INFO - Started process (PID=4605) to work on /home/airflow/.local/lib/python3.7/site-packages/airflow/example_dags/example_task_group.py
[2023-07-27T01:58:02.583+0000] {processor.py:826} INFO - Processing file /home/airflow/.local/lib/python3.7/site-packages/airflow/example_dags/example_task_group.py for tasks to queue
[2023-07-27T01:58:02.584+0000] {logging_mixin.py:150} INFO - [2023-07-27T01:58:02.583+0000] {dagbag.py:541} INFO - Filling up the DagBag from /home/airflow/.local/lib/python3.7/site-packages/airflow/example_dags/example_task_group.py
[2023-07-27T01:58:02.594+0000] {processor.py:836} INFO - DAG(s) dict_keys(['example_task_group']) retrieved from /home/airflow/.local/lib/python3.7/site-packages/airflow/example_dags/example_task_group.py
[2023-07-27T01:58:02.621+0000] {logging_mixin.py:150} INFO - [2023-07-27T01:58:02.620+0000] {dag.py:2742} INFO - Sync 1 DAGs
[2023-07-27T01:58:02.648+0000] {logging_mixin.py:150} INFO - [2023-07-27T01:58:02.648+0000] {dag.py:3508} INFO - Setting next_dagrun for example_task_group to 2023-07-26T01:58:02.648212+00:00, run_after=2023-07-27T01:58:02.648212+00:00
[2023-07-27T01:58:02.672+0000] {processor.py:179} INFO - Processing /home/airflow/.local/lib/python3.7/site-packages/airflow/example_dags/example_task_group.py took 0.094 seconds
[2023-07-27T01:58:33.763+0000] {processor.py:157} INFO - Started process (PID=4665) to work on /home/airflow/.local/lib/python3.7/site-packages/airflow/example_dags/example_task_group.py
[2023-07-27T01:58:33.764+0000] {processor.py:826} INFO - Processing file /home/airflow/.local/lib/python3.7/site-packages/airflow/example_dags/example_task_group.py for tasks to queue
[2023-07-27T01:58:33.765+0000] {logging_mixin.py:150} INFO - [2023-07-27T01:58:33.765+0000] {dagbag.py:541} INFO - Filling up the DagBag from /home/airflow/.local/lib/python3.7/site-packages/airflow/example_dags/example_task_group.py
[2023-07-27T01:58:33.774+0000] {processor.py:836} INFO - DAG(s) dict_keys(['example_task_group']) retrieved from /home/airflow/.local/lib/python3.7/site-packages/airflow/example_dags/example_task_group.py
[2023-07-27T01:58:33.805+0000] {logging_mixin.py:150} INFO - [2023-07-27T01:58:33.805+0000] {dag.py:2742} INFO - Sync 1 DAGs
[2023-07-27T01:58:33.841+0000] {logging_mixin.py:150} INFO - [2023-07-27T01:58:33.841+0000] {dag.py:3508} INFO - Setting next_dagrun for example_task_group to 2023-07-26T01:58:33.840929+00:00, run_after=2023-07-27T01:58:33.840929+00:00
[2023-07-27T01:58:33.868+0000] {processor.py:179} INFO - Processing /home/airflow/.local/lib/python3.7/site-packages/airflow/example_dags/example_task_group.py took 0.108 seconds
[2023-07-27T01:59:04.328+0000] {processor.py:157} INFO - Started process (PID=4725) to work on /home/airflow/.local/lib/python3.7/site-packages/airflow/example_dags/example_task_group.py
[2023-07-27T01:59:04.329+0000] {processor.py:826} INFO - Processing file /home/airflow/.local/lib/python3.7/site-packages/airflow/example_dags/example_task_group.py for tasks to queue
[2023-07-27T01:59:04.330+0000] {logging_mixin.py:150} INFO - [2023-07-27T01:59:04.330+0000] {dagbag.py:541} INFO - Filling up the DagBag from /home/airflow/.local/lib/python3.7/site-packages/airflow/example_dags/example_task_group.py
[2023-07-27T01:59:04.339+0000] {processor.py:836} INFO - DAG(s) dict_keys(['example_task_group']) retrieved from /home/airflow/.local/lib/python3.7/site-packages/airflow/example_dags/example_task_group.py
[2023-07-27T01:59:04.366+0000] {logging_mixin.py:150} INFO - [2023-07-27T01:59:04.366+0000] {dag.py:2742} INFO - Sync 1 DAGs
[2023-07-27T01:59:04.394+0000] {logging_mixin.py:150} INFO - [2023-07-27T01:59:04.394+0000] {dag.py:3508} INFO - Setting next_dagrun for example_task_group to 2023-07-26T01:59:04.394376+00:00, run_after=2023-07-27T01:59:04.394376+00:00
[2023-07-27T01:59:04.418+0000] {processor.py:179} INFO - Processing /home/airflow/.local/lib/python3.7/site-packages/airflow/example_dags/example_task_group.py took 0.094 seconds
[2023-07-27T01:59:35.613+0000] {processor.py:157} INFO - Started process (PID=4785) to work on /home/airflow/.local/lib/python3.7/site-packages/airflow/example_dags/example_task_group.py
[2023-07-27T01:59:35.614+0000] {processor.py:826} INFO - Processing file /home/airflow/.local/lib/python3.7/site-packages/airflow/example_dags/example_task_group.py for tasks to queue
[2023-07-27T01:59:35.615+0000] {logging_mixin.py:150} INFO - [2023-07-27T01:59:35.615+0000] {dagbag.py:541} INFO - Filling up the DagBag from /home/airflow/.local/lib/python3.7/site-packages/airflow/example_dags/example_task_group.py
[2023-07-27T01:59:35.624+0000] {processor.py:836} INFO - DAG(s) dict_keys(['example_task_group']) retrieved from /home/airflow/.local/lib/python3.7/site-packages/airflow/example_dags/example_task_group.py
[2023-07-27T01:59:35.652+0000] {logging_mixin.py:150} INFO - [2023-07-27T01:59:35.651+0000] {dag.py:2742} INFO - Sync 1 DAGs
[2023-07-27T01:59:35.679+0000] {logging_mixin.py:150} INFO - [2023-07-27T01:59:35.679+0000] {dag.py:3508} INFO - Setting next_dagrun for example_task_group to 2023-07-26T01:59:35.679042+00:00, run_after=2023-07-27T01:59:35.679042+00:00
[2023-07-27T01:59:35.701+0000] {processor.py:179} INFO - Processing /home/airflow/.local/lib/python3.7/site-packages/airflow/example_dags/example_task_group.py took 0.092 seconds
[2023-07-27T02:00:06.327+0000] {processor.py:157} INFO - Started process (PID=4845) to work on /home/airflow/.local/lib/python3.7/site-packages/airflow/example_dags/example_task_group.py
[2023-07-27T02:00:06.329+0000] {processor.py:826} INFO - Processing file /home/airflow/.local/lib/python3.7/site-packages/airflow/example_dags/example_task_group.py for tasks to queue
[2023-07-27T02:00:06.330+0000] {logging_mixin.py:150} INFO - [2023-07-27T02:00:06.329+0000] {dagbag.py:541} INFO - Filling up the DagBag from /home/airflow/.local/lib/python3.7/site-packages/airflow/example_dags/example_task_group.py
[2023-07-27T02:00:06.339+0000] {processor.py:836} INFO - DAG(s) dict_keys(['example_task_group']) retrieved from /home/airflow/.local/lib/python3.7/site-packages/airflow/example_dags/example_task_group.py
[2023-07-27T02:00:06.366+0000] {logging_mixin.py:150} INFO - [2023-07-27T02:00:06.366+0000] {dag.py:2742} INFO - Sync 1 DAGs
[2023-07-27T02:00:06.394+0000] {logging_mixin.py:150} INFO - [2023-07-27T02:00:06.393+0000] {dag.py:3508} INFO - Setting next_dagrun for example_task_group to 2023-07-26T02:00:06.393581+00:00, run_after=2023-07-27T02:00:06.393581+00:00
[2023-07-27T02:00:06.420+0000] {processor.py:179} INFO - Processing /home/airflow/.local/lib/python3.7/site-packages/airflow/example_dags/example_task_group.py took 0.096 seconds
[2023-07-27T02:00:37.198+0000] {processor.py:157} INFO - Started process (PID=4905) to work on /home/airflow/.local/lib/python3.7/site-packages/airflow/example_dags/example_task_group.py
[2023-07-27T02:00:37.199+0000] {processor.py:826} INFO - Processing file /home/airflow/.local/lib/python3.7/site-packages/airflow/example_dags/example_task_group.py for tasks to queue
[2023-07-27T02:00:37.200+0000] {logging_mixin.py:150} INFO - [2023-07-27T02:00:37.200+0000] {dagbag.py:541} INFO - Filling up the DagBag from /home/airflow/.local/lib/python3.7/site-packages/airflow/example_dags/example_task_group.py
[2023-07-27T02:00:37.209+0000] {processor.py:836} INFO - DAG(s) dict_keys(['example_task_group']) retrieved from /home/airflow/.local/lib/python3.7/site-packages/airflow/example_dags/example_task_group.py
[2023-07-27T02:00:37.235+0000] {logging_mixin.py:150} INFO - [2023-07-27T02:00:37.235+0000] {dag.py:2742} INFO - Sync 1 DAGs
[2023-07-27T02:00:37.263+0000] {logging_mixin.py:150} INFO - [2023-07-27T02:00:37.263+0000] {dag.py:3508} INFO - Setting next_dagrun for example_task_group to 2023-07-26T02:00:37.262891+00:00, run_after=2023-07-27T02:00:37.262891+00:00
[2023-07-27T02:00:37.288+0000] {processor.py:179} INFO - Processing /home/airflow/.local/lib/python3.7/site-packages/airflow/example_dags/example_task_group.py took 0.093 seconds
[2023-07-27T02:01:08.449+0000] {processor.py:157} INFO - Started process (PID=4965) to work on /home/airflow/.local/lib/python3.7/site-packages/airflow/example_dags/example_task_group.py
[2023-07-27T02:01:08.450+0000] {processor.py:826} INFO - Processing file /home/airflow/.local/lib/python3.7/site-packages/airflow/example_dags/example_task_group.py for tasks to queue
[2023-07-27T02:01:08.452+0000] {logging_mixin.py:150} INFO - [2023-07-27T02:01:08.451+0000] {dagbag.py:541} INFO - Filling up the DagBag from /home/airflow/.local/lib/python3.7/site-packages/airflow/example_dags/example_task_group.py
[2023-07-27T02:01:08.460+0000] {processor.py:836} INFO - DAG(s) dict_keys(['example_task_group']) retrieved from /home/airflow/.local/lib/python3.7/site-packages/airflow/example_dags/example_task_group.py
[2023-07-27T02:01:08.487+0000] {logging_mixin.py:150} INFO - [2023-07-27T02:01:08.486+0000] {dag.py:2742} INFO - Sync 1 DAGs
[2023-07-27T02:01:08.514+0000] {logging_mixin.py:150} INFO - [2023-07-27T02:01:08.514+0000] {dag.py:3508} INFO - Setting next_dagrun for example_task_group to 2023-07-26T02:01:08.514521+00:00, run_after=2023-07-27T02:01:08.514521+00:00
[2023-07-27T02:01:08.537+0000] {processor.py:179} INFO - Processing /home/airflow/.local/lib/python3.7/site-packages/airflow/example_dags/example_task_group.py took 0.091 seconds
[2023-07-27T02:01:39.870+0000] {processor.py:157} INFO - Started process (PID=5025) to work on /home/airflow/.local/lib/python3.7/site-packages/airflow/example_dags/example_task_group.py
[2023-07-27T02:01:39.871+0000] {processor.py:826} INFO - Processing file /home/airflow/.local/lib/python3.7/site-packages/airflow/example_dags/example_task_group.py for tasks to queue
[2023-07-27T02:01:39.872+0000] {logging_mixin.py:150} INFO - [2023-07-27T02:01:39.871+0000] {dagbag.py:541} INFO - Filling up the DagBag from /home/airflow/.local/lib/python3.7/site-packages/airflow/example_dags/example_task_group.py
[2023-07-27T02:01:39.880+0000] {processor.py:836} INFO - DAG(s) dict_keys(['example_task_group']) retrieved from /home/airflow/.local/lib/python3.7/site-packages/airflow/example_dags/example_task_group.py
[2023-07-27T02:01:39.907+0000] {logging_mixin.py:150} INFO - [2023-07-27T02:01:39.907+0000] {dag.py:2742} INFO - Sync 1 DAGs
[2023-07-27T02:01:39.935+0000] {logging_mixin.py:150} INFO - [2023-07-27T02:01:39.935+0000] {dag.py:3508} INFO - Setting next_dagrun for example_task_group to 2023-07-26T02:01:39.934784+00:00, run_after=2023-07-27T02:01:39.934784+00:00
[2023-07-27T02:01:39.957+0000] {processor.py:179} INFO - Processing /home/airflow/.local/lib/python3.7/site-packages/airflow/example_dags/example_task_group.py took 0.091 seconds
[2023-07-27T02:02:11.067+0000] {processor.py:157} INFO - Started process (PID=5085) to work on /home/airflow/.local/lib/python3.7/site-packages/airflow/example_dags/example_task_group.py
[2023-07-27T02:02:11.068+0000] {processor.py:826} INFO - Processing file /home/airflow/.local/lib/python3.7/site-packages/airflow/example_dags/example_task_group.py for tasks to queue
[2023-07-27T02:02:11.070+0000] {logging_mixin.py:150} INFO - [2023-07-27T02:02:11.069+0000] {dagbag.py:541} INFO - Filling up the DagBag from /home/airflow/.local/lib/python3.7/site-packages/airflow/example_dags/example_task_group.py
[2023-07-27T02:02:11.078+0000] {processor.py:836} INFO - DAG(s) dict_keys(['example_task_group']) retrieved from /home/airflow/.local/lib/python3.7/site-packages/airflow/example_dags/example_task_group.py
[2023-07-27T02:02:11.105+0000] {logging_mixin.py:150} INFO - [2023-07-27T02:02:11.105+0000] {dag.py:2742} INFO - Sync 1 DAGs
[2023-07-27T02:02:11.133+0000] {logging_mixin.py:150} INFO - [2023-07-27T02:02:11.133+0000] {dag.py:3508} INFO - Setting next_dagrun for example_task_group to 2023-07-26T02:02:11.133386+00:00, run_after=2023-07-27T02:02:11.133386+00:00
[2023-07-27T02:02:11.157+0000] {processor.py:179} INFO - Processing /home/airflow/.local/lib/python3.7/site-packages/airflow/example_dags/example_task_group.py took 0.093 seconds
[2023-07-27T02:02:42.184+0000] {processor.py:157} INFO - Started process (PID=5146) to work on /home/airflow/.local/lib/python3.7/site-packages/airflow/example_dags/example_task_group.py
[2023-07-27T02:02:42.185+0000] {processor.py:826} INFO - Processing file /home/airflow/.local/lib/python3.7/site-packages/airflow/example_dags/example_task_group.py for tasks to queue
[2023-07-27T02:02:42.186+0000] {logging_mixin.py:150} INFO - [2023-07-27T02:02:42.186+0000] {dagbag.py:541} INFO - Filling up the DagBag from /home/airflow/.local/lib/python3.7/site-packages/airflow/example_dags/example_task_group.py
[2023-07-27T02:02:42.195+0000] {processor.py:836} INFO - DAG(s) dict_keys(['example_task_group']) retrieved from /home/airflow/.local/lib/python3.7/site-packages/airflow/example_dags/example_task_group.py
[2023-07-27T02:02:42.222+0000] {logging_mixin.py:150} INFO - [2023-07-27T02:02:42.221+0000] {dag.py:2742} INFO - Sync 1 DAGs
[2023-07-27T02:02:42.249+0000] {logging_mixin.py:150} INFO - [2023-07-27T02:02:42.249+0000] {dag.py:3508} INFO - Setting next_dagrun for example_task_group to 2023-07-26T02:02:42.249285+00:00, run_after=2023-07-27T02:02:42.249285+00:00
[2023-07-27T02:02:42.273+0000] {processor.py:179} INFO - Processing /home/airflow/.local/lib/python3.7/site-packages/airflow/example_dags/example_task_group.py took 0.093 seconds
[2023-07-27T02:03:13.362+0000] {processor.py:157} INFO - Started process (PID=5206) to work on /home/airflow/.local/lib/python3.7/site-packages/airflow/example_dags/example_task_group.py
[2023-07-27T02:03:13.363+0000] {processor.py:826} INFO - Processing file /home/airflow/.local/lib/python3.7/site-packages/airflow/example_dags/example_task_group.py for tasks to queue
[2023-07-27T02:03:13.364+0000] {logging_mixin.py:150} INFO - [2023-07-27T02:03:13.364+0000] {dagbag.py:541} INFO - Filling up the DagBag from /home/airflow/.local/lib/python3.7/site-packages/airflow/example_dags/example_task_group.py
[2023-07-27T02:03:13.373+0000] {processor.py:836} INFO - DAG(s) dict_keys(['example_task_group']) retrieved from /home/airflow/.local/lib/python3.7/site-packages/airflow/example_dags/example_task_group.py
[2023-07-27T02:03:13.399+0000] {logging_mixin.py:150} INFO - [2023-07-27T02:03:13.399+0000] {dag.py:2742} INFO - Sync 1 DAGs
[2023-07-27T02:03:13.429+0000] {logging_mixin.py:150} INFO - [2023-07-27T02:03:13.428+0000] {dag.py:3508} INFO - Setting next_dagrun for example_task_group to 2023-07-26T02:03:13.428608+00:00, run_after=2023-07-27T02:03:13.428608+00:00
[2023-07-27T02:03:13.451+0000] {processor.py:179} INFO - Processing /home/airflow/.local/lib/python3.7/site-packages/airflow/example_dags/example_task_group.py took 0.093 seconds
[2023-07-27T02:03:44.759+0000] {processor.py:157} INFO - Started process (PID=5266) to work on /home/airflow/.local/lib/python3.7/site-packages/airflow/example_dags/example_task_group.py
[2023-07-27T02:03:44.761+0000] {processor.py:826} INFO - Processing file /home/airflow/.local/lib/python3.7/site-packages/airflow/example_dags/example_task_group.py for tasks to queue
[2023-07-27T02:03:44.762+0000] {logging_mixin.py:150} INFO - [2023-07-27T02:03:44.762+0000] {dagbag.py:541} INFO - Filling up the DagBag from /home/airflow/.local/lib/python3.7/site-packages/airflow/example_dags/example_task_group.py
[2023-07-27T02:03:44.771+0000] {processor.py:836} INFO - DAG(s) dict_keys(['example_task_group']) retrieved from /home/airflow/.local/lib/python3.7/site-packages/airflow/example_dags/example_task_group.py
[2023-07-27T02:03:44.799+0000] {logging_mixin.py:150} INFO - [2023-07-27T02:03:44.798+0000] {dag.py:2742} INFO - Sync 1 DAGs
[2023-07-27T02:03:44.826+0000] {logging_mixin.py:150} INFO - [2023-07-27T02:03:44.826+0000] {dag.py:3508} INFO - Setting next_dagrun for example_task_group to 2023-07-26T02:03:44.826458+00:00, run_after=2023-07-27T02:03:44.826458+00:00
[2023-07-27T02:03:44.850+0000] {processor.py:179} INFO - Processing /home/airflow/.local/lib/python3.7/site-packages/airflow/example_dags/example_task_group.py took 0.094 seconds
[2023-07-27T02:04:15.123+0000] {processor.py:157} INFO - Started process (PID=5326) to work on /home/airflow/.local/lib/python3.7/site-packages/airflow/example_dags/example_task_group.py
[2023-07-27T02:04:15.124+0000] {processor.py:826} INFO - Processing file /home/airflow/.local/lib/python3.7/site-packages/airflow/example_dags/example_task_group.py for tasks to queue
[2023-07-27T02:04:15.126+0000] {logging_mixin.py:150} INFO - [2023-07-27T02:04:15.125+0000] {dagbag.py:541} INFO - Filling up the DagBag from /home/airflow/.local/lib/python3.7/site-packages/airflow/example_dags/example_task_group.py
[2023-07-27T02:04:15.135+0000] {processor.py:836} INFO - DAG(s) dict_keys(['example_task_group']) retrieved from /home/airflow/.local/lib/python3.7/site-packages/airflow/example_dags/example_task_group.py
[2023-07-27T02:04:15.161+0000] {logging_mixin.py:150} INFO - [2023-07-27T02:04:15.161+0000] {dag.py:2742} INFO - Sync 1 DAGs
[2023-07-27T02:04:15.189+0000] {logging_mixin.py:150} INFO - [2023-07-27T02:04:15.189+0000] {dag.py:3508} INFO - Setting next_dagrun for example_task_group to 2023-07-26T02:04:15.189275+00:00, run_after=2023-07-27T02:04:15.189275+00:00
[2023-07-27T02:04:15.213+0000] {processor.py:179} INFO - Processing /home/airflow/.local/lib/python3.7/site-packages/airflow/example_dags/example_task_group.py took 0.094 seconds
[2023-07-27T02:04:46.642+0000] {processor.py:157} INFO - Started process (PID=5386) to work on /home/airflow/.local/lib/python3.7/site-packages/airflow/example_dags/example_task_group.py
[2023-07-27T02:04:46.643+0000] {processor.py:826} INFO - Processing file /home/airflow/.local/lib/python3.7/site-packages/airflow/example_dags/example_task_group.py for tasks to queue
[2023-07-27T02:04:46.645+0000] {logging_mixin.py:150} INFO - [2023-07-27T02:04:46.644+0000] {dagbag.py:541} INFO - Filling up the DagBag from /home/airflow/.local/lib/python3.7/site-packages/airflow/example_dags/example_task_group.py
[2023-07-27T02:04:46.653+0000] {processor.py:836} INFO - DAG(s) dict_keys(['example_task_group']) retrieved from /home/airflow/.local/lib/python3.7/site-packages/airflow/example_dags/example_task_group.py
[2023-07-27T02:04:46.679+0000] {logging_mixin.py:150} INFO - [2023-07-27T02:04:46.679+0000] {dag.py:2742} INFO - Sync 1 DAGs
[2023-07-27T02:04:46.706+0000] {logging_mixin.py:150} INFO - [2023-07-27T02:04:46.706+0000] {dag.py:3508} INFO - Setting next_dagrun for example_task_group to 2023-07-26T02:04:46.706323+00:00, run_after=2023-07-27T02:04:46.706323+00:00
[2023-07-27T02:04:46.729+0000] {processor.py:179} INFO - Processing /home/airflow/.local/lib/python3.7/site-packages/airflow/example_dags/example_task_group.py took 0.091 seconds
[2023-07-27T02:05:18.017+0000] {processor.py:157} INFO - Started process (PID=5446) to work on /home/airflow/.local/lib/python3.7/site-packages/airflow/example_dags/example_task_group.py
[2023-07-27T02:05:18.019+0000] {processor.py:826} INFO - Processing file /home/airflow/.local/lib/python3.7/site-packages/airflow/example_dags/example_task_group.py for tasks to queue
[2023-07-27T02:05:18.020+0000] {logging_mixin.py:150} INFO - [2023-07-27T02:05:18.020+0000] {dagbag.py:541} INFO - Filling up the DagBag from /home/airflow/.local/lib/python3.7/site-packages/airflow/example_dags/example_task_group.py
[2023-07-27T02:05:18.031+0000] {processor.py:836} INFO - DAG(s) dict_keys(['example_task_group']) retrieved from /home/airflow/.local/lib/python3.7/site-packages/airflow/example_dags/example_task_group.py
[2023-07-27T02:05:18.059+0000] {logging_mixin.py:150} INFO - [2023-07-27T02:05:18.059+0000] {dag.py:2742} INFO - Sync 1 DAGs
[2023-07-27T02:05:18.086+0000] {logging_mixin.py:150} INFO - [2023-07-27T02:05:18.086+0000] {dag.py:3508} INFO - Setting next_dagrun for example_task_group to 2023-07-26T02:05:18.086084+00:00, run_after=2023-07-27T02:05:18.086084+00:00
[2023-07-27T02:05:18.108+0000] {processor.py:179} INFO - Processing /home/airflow/.local/lib/python3.7/site-packages/airflow/example_dags/example_task_group.py took 0.096 seconds
[2023-07-27T02:05:48.552+0000] {processor.py:157} INFO - Started process (PID=5507) to work on /home/airflow/.local/lib/python3.7/site-packages/airflow/example_dags/example_task_group.py
[2023-07-27T02:05:48.553+0000] {processor.py:826} INFO - Processing file /home/airflow/.local/lib/python3.7/site-packages/airflow/example_dags/example_task_group.py for tasks to queue
[2023-07-27T02:05:48.554+0000] {logging_mixin.py:150} INFO - [2023-07-27T02:05:48.553+0000] {dagbag.py:541} INFO - Filling up the DagBag from /home/airflow/.local/lib/python3.7/site-packages/airflow/example_dags/example_task_group.py
[2023-07-27T02:05:48.562+0000] {processor.py:836} INFO - DAG(s) dict_keys(['example_task_group']) retrieved from /home/airflow/.local/lib/python3.7/site-packages/airflow/example_dags/example_task_group.py
[2023-07-27T02:05:48.589+0000] {logging_mixin.py:150} INFO - [2023-07-27T02:05:48.589+0000] {dag.py:2742} INFO - Sync 1 DAGs
[2023-07-27T02:05:48.617+0000] {logging_mixin.py:150} INFO - [2023-07-27T02:05:48.617+0000] {dag.py:3508} INFO - Setting next_dagrun for example_task_group to 2023-07-26T02:05:48.616810+00:00, run_after=2023-07-27T02:05:48.616810+00:00
[2023-07-27T02:05:48.639+0000] {processor.py:179} INFO - Processing /home/airflow/.local/lib/python3.7/site-packages/airflow/example_dags/example_task_group.py took 0.091 seconds
[2023-07-27T02:06:20.195+0000] {processor.py:157} INFO - Started process (PID=5573) to work on /home/airflow/.local/lib/python3.7/site-packages/airflow/example_dags/example_task_group.py
[2023-07-27T02:06:20.196+0000] {processor.py:826} INFO - Processing file /home/airflow/.local/lib/python3.7/site-packages/airflow/example_dags/example_task_group.py for tasks to queue
[2023-07-27T02:06:20.197+0000] {logging_mixin.py:150} INFO - [2023-07-27T02:06:20.197+0000] {dagbag.py:541} INFO - Filling up the DagBag from /home/airflow/.local/lib/python3.7/site-packages/airflow/example_dags/example_task_group.py
[2023-07-27T02:06:20.206+0000] {processor.py:836} INFO - DAG(s) dict_keys(['example_task_group']) retrieved from /home/airflow/.local/lib/python3.7/site-packages/airflow/example_dags/example_task_group.py
[2023-07-27T02:06:20.232+0000] {logging_mixin.py:150} INFO - [2023-07-27T02:06:20.231+0000] {dag.py:2742} INFO - Sync 1 DAGs
[2023-07-27T02:06:20.260+0000] {logging_mixin.py:150} INFO - [2023-07-27T02:06:20.260+0000] {dag.py:3508} INFO - Setting next_dagrun for example_task_group to 2023-07-26T02:06:20.260035+00:00, run_after=2023-07-27T02:06:20.260035+00:00
[2023-07-27T02:06:20.391+0000] {processor.py:179} INFO - Processing /home/airflow/.local/lib/python3.7/site-packages/airflow/example_dags/example_task_group.py took 0.199 seconds
[2023-07-27T02:06:50.794+0000] {processor.py:157} INFO - Started process (PID=5633) to work on /home/airflow/.local/lib/python3.7/site-packages/airflow/example_dags/example_task_group.py
[2023-07-27T02:06:50.795+0000] {processor.py:826} INFO - Processing file /home/airflow/.local/lib/python3.7/site-packages/airflow/example_dags/example_task_group.py for tasks to queue
[2023-07-27T02:06:50.796+0000] {logging_mixin.py:150} INFO - [2023-07-27T02:06:50.796+0000] {dagbag.py:541} INFO - Filling up the DagBag from /home/airflow/.local/lib/python3.7/site-packages/airflow/example_dags/example_task_group.py
[2023-07-27T02:06:50.805+0000] {processor.py:836} INFO - DAG(s) dict_keys(['example_task_group']) retrieved from /home/airflow/.local/lib/python3.7/site-packages/airflow/example_dags/example_task_group.py
[2023-07-27T02:06:50.833+0000] {logging_mixin.py:150} INFO - [2023-07-27T02:06:50.833+0000] {dag.py:2742} INFO - Sync 1 DAGs
[2023-07-27T02:06:50.861+0000] {logging_mixin.py:150} INFO - [2023-07-27T02:06:50.861+0000] {dag.py:3508} INFO - Setting next_dagrun for example_task_group to 2023-07-26T02:06:50.860949+00:00, run_after=2023-07-27T02:06:50.860949+00:00
[2023-07-27T02:06:50.884+0000] {processor.py:179} INFO - Processing /home/airflow/.local/lib/python3.7/site-packages/airflow/example_dags/example_task_group.py took 0.094 seconds
[2023-07-27T02:07:21.514+0000] {processor.py:157} INFO - Started process (PID=5692) to work on /home/airflow/.local/lib/python3.7/site-packages/airflow/example_dags/example_task_group.py
[2023-07-27T02:07:21.515+0000] {processor.py:826} INFO - Processing file /home/airflow/.local/lib/python3.7/site-packages/airflow/example_dags/example_task_group.py for tasks to queue
[2023-07-27T02:07:21.516+0000] {logging_mixin.py:150} INFO - [2023-07-27T02:07:21.516+0000] {dagbag.py:541} INFO - Filling up the DagBag from /home/airflow/.local/lib/python3.7/site-packages/airflow/example_dags/example_task_group.py
[2023-07-27T02:07:21.527+0000] {processor.py:836} INFO - DAG(s) dict_keys(['example_task_group']) retrieved from /home/airflow/.local/lib/python3.7/site-packages/airflow/example_dags/example_task_group.py
[2023-07-27T02:07:21.554+0000] {logging_mixin.py:150} INFO - [2023-07-27T02:07:21.554+0000] {dag.py:2742} INFO - Sync 1 DAGs
[2023-07-27T02:07:21.584+0000] {logging_mixin.py:150} INFO - [2023-07-27T02:07:21.584+0000] {dag.py:3508} INFO - Setting next_dagrun for example_task_group to 2023-07-26T02:07:21.583812+00:00, run_after=2023-07-27T02:07:21.583812+00:00
[2023-07-27T02:07:21.611+0000] {processor.py:179} INFO - Processing /home/airflow/.local/lib/python3.7/site-packages/airflow/example_dags/example_task_group.py took 0.102 seconds
[2023-07-27T02:07:53.215+0000] {processor.py:157} INFO - Started process (PID=5753) to work on /home/airflow/.local/lib/python3.7/site-packages/airflow/example_dags/example_task_group.py
[2023-07-27T02:07:53.216+0000] {processor.py:826} INFO - Processing file /home/airflow/.local/lib/python3.7/site-packages/airflow/example_dags/example_task_group.py for tasks to queue
[2023-07-27T02:07:53.219+0000] {logging_mixin.py:150} INFO - [2023-07-27T02:07:53.218+0000] {dagbag.py:541} INFO - Filling up the DagBag from /home/airflow/.local/lib/python3.7/site-packages/airflow/example_dags/example_task_group.py
[2023-07-27T02:07:53.232+0000] {processor.py:836} INFO - DAG(s) dict_keys(['example_task_group']) retrieved from /home/airflow/.local/lib/python3.7/site-packages/airflow/example_dags/example_task_group.py
[2023-07-27T02:07:53.263+0000] {logging_mixin.py:150} INFO - [2023-07-27T02:07:53.263+0000] {dag.py:2742} INFO - Sync 1 DAGs
[2023-07-27T02:07:53.302+0000] {logging_mixin.py:150} INFO - [2023-07-27T02:07:53.301+0000] {dag.py:3508} INFO - Setting next_dagrun for example_task_group to 2023-07-26T02:07:53.301469+00:00, run_after=2023-07-27T02:07:53.301469+00:00
[2023-07-27T02:07:53.338+0000] {processor.py:179} INFO - Processing /home/airflow/.local/lib/python3.7/site-packages/airflow/example_dags/example_task_group.py took 0.127 seconds
[2023-07-27T02:08:24.551+0000] {processor.py:157} INFO - Started process (PID=5814) to work on /home/airflow/.local/lib/python3.7/site-packages/airflow/example_dags/example_task_group.py
[2023-07-27T02:08:24.570+0000] {processor.py:826} INFO - Processing file /home/airflow/.local/lib/python3.7/site-packages/airflow/example_dags/example_task_group.py for tasks to queue
[2023-07-27T02:08:24.576+0000] {logging_mixin.py:150} INFO - [2023-07-27T02:08:24.575+0000] {dagbag.py:541} INFO - Filling up the DagBag from /home/airflow/.local/lib/python3.7/site-packages/airflow/example_dags/example_task_group.py
[2023-07-27T02:08:24.596+0000] {processor.py:836} INFO - DAG(s) dict_keys(['example_task_group']) retrieved from /home/airflow/.local/lib/python3.7/site-packages/airflow/example_dags/example_task_group.py
[2023-07-27T02:08:24.659+0000] {logging_mixin.py:150} INFO - [2023-07-27T02:08:24.655+0000] {dag.py:2742} INFO - Sync 1 DAGs
[2023-07-27T02:08:24.709+0000] {logging_mixin.py:150} INFO - [2023-07-27T02:08:24.709+0000] {dag.py:3508} INFO - Setting next_dagrun for example_task_group to 2023-07-26T02:08:24.708839+00:00, run_after=2023-07-27T02:08:24.708839+00:00
[2023-07-27T02:08:24.890+0000] {processor.py:179} INFO - Processing /home/airflow/.local/lib/python3.7/site-packages/airflow/example_dags/example_task_group.py took 0.344 seconds
[2023-07-27T02:08:55.712+0000] {processor.py:157} INFO - Started process (PID=5874) to work on /home/airflow/.local/lib/python3.7/site-packages/airflow/example_dags/example_task_group.py
[2023-07-27T02:08:55.713+0000] {processor.py:826} INFO - Processing file /home/airflow/.local/lib/python3.7/site-packages/airflow/example_dags/example_task_group.py for tasks to queue
[2023-07-27T02:08:55.715+0000] {logging_mixin.py:150} INFO - [2023-07-27T02:08:55.714+0000] {dagbag.py:541} INFO - Filling up the DagBag from /home/airflow/.local/lib/python3.7/site-packages/airflow/example_dags/example_task_group.py
[2023-07-27T02:08:55.723+0000] {processor.py:836} INFO - DAG(s) dict_keys(['example_task_group']) retrieved from /home/airflow/.local/lib/python3.7/site-packages/airflow/example_dags/example_task_group.py
[2023-07-27T02:08:55.750+0000] {logging_mixin.py:150} INFO - [2023-07-27T02:08:55.750+0000] {dag.py:2742} INFO - Sync 1 DAGs
[2023-07-27T02:08:55.777+0000] {logging_mixin.py:150} INFO - [2023-07-27T02:08:55.777+0000] {dag.py:3508} INFO - Setting next_dagrun for example_task_group to 2023-07-26T02:08:55.777140+00:00, run_after=2023-07-27T02:08:55.777140+00:00
[2023-07-27T02:08:55.810+0000] {processor.py:179} INFO - Processing /home/airflow/.local/lib/python3.7/site-packages/airflow/example_dags/example_task_group.py took 0.101 seconds
[2023-07-27T02:09:26.712+0000] {processor.py:157} INFO - Started process (PID=5934) to work on /home/airflow/.local/lib/python3.7/site-packages/airflow/example_dags/example_task_group.py
[2023-07-27T02:09:26.713+0000] {processor.py:826} INFO - Processing file /home/airflow/.local/lib/python3.7/site-packages/airflow/example_dags/example_task_group.py for tasks to queue
[2023-07-27T02:09:26.714+0000] {logging_mixin.py:150} INFO - [2023-07-27T02:09:26.713+0000] {dagbag.py:541} INFO - Filling up the DagBag from /home/airflow/.local/lib/python3.7/site-packages/airflow/example_dags/example_task_group.py
[2023-07-27T02:09:26.723+0000] {processor.py:836} INFO - DAG(s) dict_keys(['example_task_group']) retrieved from /home/airflow/.local/lib/python3.7/site-packages/airflow/example_dags/example_task_group.py
[2023-07-27T02:09:26.751+0000] {logging_mixin.py:150} INFO - [2023-07-27T02:09:26.751+0000] {dag.py:2742} INFO - Sync 1 DAGs
[2023-07-27T02:09:26.903+0000] {logging_mixin.py:150} INFO - [2023-07-27T02:09:26.903+0000] {dag.py:3508} INFO - Setting next_dagrun for example_task_group to 2023-07-26T02:09:26.903487+00:00, run_after=2023-07-27T02:09:26.903487+00:00
[2023-07-27T02:09:26.930+0000] {processor.py:179} INFO - Processing /home/airflow/.local/lib/python3.7/site-packages/airflow/example_dags/example_task_group.py took 0.222 seconds
[2023-07-27T02:09:57.966+0000] {processor.py:157} INFO - Started process (PID=5994) to work on /home/airflow/.local/lib/python3.7/site-packages/airflow/example_dags/example_task_group.py
[2023-07-27T02:09:57.967+0000] {processor.py:826} INFO - Processing file /home/airflow/.local/lib/python3.7/site-packages/airflow/example_dags/example_task_group.py for tasks to queue
[2023-07-27T02:09:57.969+0000] {logging_mixin.py:150} INFO - [2023-07-27T02:09:57.969+0000] {dagbag.py:541} INFO - Filling up the DagBag from /home/airflow/.local/lib/python3.7/site-packages/airflow/example_dags/example_task_group.py
[2023-07-27T02:09:57.978+0000] {processor.py:836} INFO - DAG(s) dict_keys(['example_task_group']) retrieved from /home/airflow/.local/lib/python3.7/site-packages/airflow/example_dags/example_task_group.py
[2023-07-27T02:09:58.008+0000] {logging_mixin.py:150} INFO - [2023-07-27T02:09:58.008+0000] {dag.py:2742} INFO - Sync 1 DAGs
[2023-07-27T02:09:58.039+0000] {logging_mixin.py:150} INFO - [2023-07-27T02:09:58.038+0000] {dag.py:3508} INFO - Setting next_dagrun for example_task_group to 2023-07-26T02:09:58.038542+00:00, run_after=2023-07-27T02:09:58.038542+00:00
[2023-07-27T02:09:58.166+0000] {processor.py:179} INFO - Processing /home/airflow/.local/lib/python3.7/site-packages/airflow/example_dags/example_task_group.py took 0.204 seconds
[2023-07-27T02:10:29.092+0000] {processor.py:157} INFO - Started process (PID=6054) to work on /home/airflow/.local/lib/python3.7/site-packages/airflow/example_dags/example_task_group.py
[2023-07-27T02:10:29.094+0000] {processor.py:826} INFO - Processing file /home/airflow/.local/lib/python3.7/site-packages/airflow/example_dags/example_task_group.py for tasks to queue
[2023-07-27T02:10:29.095+0000] {logging_mixin.py:150} INFO - [2023-07-27T02:10:29.094+0000] {dagbag.py:541} INFO - Filling up the DagBag from /home/airflow/.local/lib/python3.7/site-packages/airflow/example_dags/example_task_group.py
[2023-07-27T02:10:29.106+0000] {processor.py:836} INFO - DAG(s) dict_keys(['example_task_group']) retrieved from /home/airflow/.local/lib/python3.7/site-packages/airflow/example_dags/example_task_group.py
[2023-07-27T02:10:29.138+0000] {logging_mixin.py:150} INFO - [2023-07-27T02:10:29.138+0000] {dag.py:2742} INFO - Sync 1 DAGs
[2023-07-27T02:10:29.172+0000] {logging_mixin.py:150} INFO - [2023-07-27T02:10:29.172+0000] {dag.py:3508} INFO - Setting next_dagrun for example_task_group to 2023-07-26T02:10:29.172418+00:00, run_after=2023-07-27T02:10:29.172418+00:00
[2023-07-27T02:10:29.196+0000] {processor.py:179} INFO - Processing /home/airflow/.local/lib/python3.7/site-packages/airflow/example_dags/example_task_group.py took 0.107 seconds
