[2023-07-27T01:39:08.130+0000] {processor.py:157} INFO - Started process (PID=2362) to work on /home/airflow/.local/lib/python3.7/site-packages/airflow/example_dags/example_short_circuit_operator.py
[2023-07-27T01:39:08.132+0000] {processor.py:826} INFO - Processing file /home/airflow/.local/lib/python3.7/site-packages/airflow/example_dags/example_short_circuit_operator.py for tasks to queue
[2023-07-27T01:39:08.134+0000] {logging_mixin.py:150} INFO - [2023-07-27T01:39:08.133+0000] {dagbag.py:541} INFO - Filling up the DagBag from /home/airflow/.local/lib/python3.7/site-packages/airflow/example_dags/example_short_circuit_operator.py
[2023-07-27T01:39:08.155+0000] {processor.py:836} INFO - DAG(s) dict_keys(['example_short_circuit_operator']) retrieved from /home/airflow/.local/lib/python3.7/site-packages/airflow/example_dags/example_short_circuit_operator.py
[2023-07-27T01:39:08.210+0000] {logging_mixin.py:150} INFO - [2023-07-27T01:39:08.209+0000] {dag.py:2742} INFO - Sync 1 DAGs
[2023-07-27T01:39:08.257+0000] {logging_mixin.py:150} INFO - [2023-07-27T01:39:08.257+0000] {dag.py:3508} INFO - Setting next_dagrun for example_short_circuit_operator to 2023-07-26T01:39:08.256738+00:00, run_after=2023-07-27T01:39:08.256738+00:00
[2023-07-27T01:39:08.310+0000] {processor.py:179} INFO - Processing /home/airflow/.local/lib/python3.7/site-packages/airflow/example_dags/example_short_circuit_operator.py took 0.185 seconds
[2023-07-27T01:39:38.862+0000] {processor.py:157} INFO - Started process (PID=2422) to work on /home/airflow/.local/lib/python3.7/site-packages/airflow/example_dags/example_short_circuit_operator.py
[2023-07-27T01:39:38.863+0000] {processor.py:826} INFO - Processing file /home/airflow/.local/lib/python3.7/site-packages/airflow/example_dags/example_short_circuit_operator.py for tasks to queue
[2023-07-27T01:39:38.864+0000] {logging_mixin.py:150} INFO - [2023-07-27T01:39:38.864+0000] {dagbag.py:541} INFO - Filling up the DagBag from /home/airflow/.local/lib/python3.7/site-packages/airflow/example_dags/example_short_circuit_operator.py
[2023-07-27T01:39:38.873+0000] {processor.py:836} INFO - DAG(s) dict_keys(['example_short_circuit_operator']) retrieved from /home/airflow/.local/lib/python3.7/site-packages/airflow/example_dags/example_short_circuit_operator.py
[2023-07-27T01:39:38.902+0000] {logging_mixin.py:150} INFO - [2023-07-27T01:39:38.902+0000] {dag.py:2742} INFO - Sync 1 DAGs
[2023-07-27T01:39:38.931+0000] {logging_mixin.py:150} INFO - [2023-07-27T01:39:38.930+0000] {dag.py:3508} INFO - Setting next_dagrun for example_short_circuit_operator to 2023-07-26T01:39:38.930696+00:00, run_after=2023-07-27T01:39:38.930696+00:00
[2023-07-27T01:39:38.953+0000] {processor.py:179} INFO - Processing /home/airflow/.local/lib/python3.7/site-packages/airflow/example_dags/example_short_circuit_operator.py took 0.095 seconds
[2023-07-27T01:40:09.926+0000] {processor.py:157} INFO - Started process (PID=2482) to work on /home/airflow/.local/lib/python3.7/site-packages/airflow/example_dags/example_short_circuit_operator.py
[2023-07-27T01:40:09.927+0000] {processor.py:826} INFO - Processing file /home/airflow/.local/lib/python3.7/site-packages/airflow/example_dags/example_short_circuit_operator.py for tasks to queue
[2023-07-27T01:40:09.928+0000] {logging_mixin.py:150} INFO - [2023-07-27T01:40:09.928+0000] {dagbag.py:541} INFO - Filling up the DagBag from /home/airflow/.local/lib/python3.7/site-packages/airflow/example_dags/example_short_circuit_operator.py
[2023-07-27T01:40:09.938+0000] {processor.py:836} INFO - DAG(s) dict_keys(['example_short_circuit_operator']) retrieved from /home/airflow/.local/lib/python3.7/site-packages/airflow/example_dags/example_short_circuit_operator.py
[2023-07-27T01:40:09.976+0000] {logging_mixin.py:150} INFO - [2023-07-27T01:40:09.976+0000] {dag.py:2742} INFO - Sync 1 DAGs
[2023-07-27T01:40:10.009+0000] {logging_mixin.py:150} INFO - [2023-07-27T01:40:10.009+0000] {dag.py:3508} INFO - Setting next_dagrun for example_short_circuit_operator to 2023-07-26T01:40:10.009191+00:00, run_after=2023-07-27T01:40:10.009191+00:00
[2023-07-27T01:40:10.037+0000] {processor.py:179} INFO - Processing /home/airflow/.local/lib/python3.7/site-packages/airflow/example_dags/example_short_circuit_operator.py took 0.115 seconds
[2023-07-27T01:40:40.313+0000] {processor.py:157} INFO - Started process (PID=2543) to work on /home/airflow/.local/lib/python3.7/site-packages/airflow/example_dags/example_short_circuit_operator.py
[2023-07-27T01:40:40.314+0000] {processor.py:826} INFO - Processing file /home/airflow/.local/lib/python3.7/site-packages/airflow/example_dags/example_short_circuit_operator.py for tasks to queue
[2023-07-27T01:40:40.315+0000] {logging_mixin.py:150} INFO - [2023-07-27T01:40:40.315+0000] {dagbag.py:541} INFO - Filling up the DagBag from /home/airflow/.local/lib/python3.7/site-packages/airflow/example_dags/example_short_circuit_operator.py
[2023-07-27T01:40:40.325+0000] {processor.py:836} INFO - DAG(s) dict_keys(['example_short_circuit_operator']) retrieved from /home/airflow/.local/lib/python3.7/site-packages/airflow/example_dags/example_short_circuit_operator.py
[2023-07-27T01:40:40.358+0000] {logging_mixin.py:150} INFO - [2023-07-27T01:40:40.358+0000] {dag.py:2742} INFO - Sync 1 DAGs
[2023-07-27T01:40:40.387+0000] {logging_mixin.py:150} INFO - [2023-07-27T01:40:40.386+0000] {dag.py:3508} INFO - Setting next_dagrun for example_short_circuit_operator to 2023-07-26T01:40:40.386746+00:00, run_after=2023-07-27T01:40:40.386746+00:00
[2023-07-27T01:40:40.410+0000] {processor.py:179} INFO - Processing /home/airflow/.local/lib/python3.7/site-packages/airflow/example_dags/example_short_circuit_operator.py took 0.101 seconds
[2023-07-27T01:41:11.227+0000] {processor.py:157} INFO - Started process (PID=2603) to work on /home/airflow/.local/lib/python3.7/site-packages/airflow/example_dags/example_short_circuit_operator.py
[2023-07-27T01:41:11.228+0000] {processor.py:826} INFO - Processing file /home/airflow/.local/lib/python3.7/site-packages/airflow/example_dags/example_short_circuit_operator.py for tasks to queue
[2023-07-27T01:41:11.229+0000] {logging_mixin.py:150} INFO - [2023-07-27T01:41:11.229+0000] {dagbag.py:541} INFO - Filling up the DagBag from /home/airflow/.local/lib/python3.7/site-packages/airflow/example_dags/example_short_circuit_operator.py
[2023-07-27T01:41:11.238+0000] {processor.py:836} INFO - DAG(s) dict_keys(['example_short_circuit_operator']) retrieved from /home/airflow/.local/lib/python3.7/site-packages/airflow/example_dags/example_short_circuit_operator.py
[2023-07-27T01:41:11.267+0000] {logging_mixin.py:150} INFO - [2023-07-27T01:41:11.267+0000] {dag.py:2742} INFO - Sync 1 DAGs
[2023-07-27T01:41:11.294+0000] {logging_mixin.py:150} INFO - [2023-07-27T01:41:11.294+0000] {dag.py:3508} INFO - Setting next_dagrun for example_short_circuit_operator to 2023-07-26T01:41:11.294130+00:00, run_after=2023-07-27T01:41:11.294130+00:00
[2023-07-27T01:41:11.318+0000] {processor.py:179} INFO - Processing /home/airflow/.local/lib/python3.7/site-packages/airflow/example_dags/example_short_circuit_operator.py took 0.095 seconds
[2023-07-27T01:41:41.457+0000] {processor.py:157} INFO - Started process (PID=2662) to work on /home/airflow/.local/lib/python3.7/site-packages/airflow/example_dags/example_short_circuit_operator.py
[2023-07-27T01:41:41.458+0000] {processor.py:826} INFO - Processing file /home/airflow/.local/lib/python3.7/site-packages/airflow/example_dags/example_short_circuit_operator.py for tasks to queue
[2023-07-27T01:41:41.459+0000] {logging_mixin.py:150} INFO - [2023-07-27T01:41:41.459+0000] {dagbag.py:541} INFO - Filling up the DagBag from /home/airflow/.local/lib/python3.7/site-packages/airflow/example_dags/example_short_circuit_operator.py
[2023-07-27T01:41:41.468+0000] {processor.py:836} INFO - DAG(s) dict_keys(['example_short_circuit_operator']) retrieved from /home/airflow/.local/lib/python3.7/site-packages/airflow/example_dags/example_short_circuit_operator.py
[2023-07-27T01:41:41.505+0000] {logging_mixin.py:150} INFO - [2023-07-27T01:41:41.505+0000] {dag.py:2742} INFO - Sync 1 DAGs
[2023-07-27T01:41:41.536+0000] {logging_mixin.py:150} INFO - [2023-07-27T01:41:41.536+0000] {dag.py:3508} INFO - Setting next_dagrun for example_short_circuit_operator to 2023-07-26T01:41:41.536225+00:00, run_after=2023-07-27T01:41:41.536225+00:00
[2023-07-27T01:41:41.559+0000] {processor.py:179} INFO - Processing /home/airflow/.local/lib/python3.7/site-packages/airflow/example_dags/example_short_circuit_operator.py took 0.106 seconds
[2023-07-27T01:42:12.497+0000] {processor.py:157} INFO - Started process (PID=2723) to work on /home/airflow/.local/lib/python3.7/site-packages/airflow/example_dags/example_short_circuit_operator.py
[2023-07-27T01:42:12.498+0000] {processor.py:826} INFO - Processing file /home/airflow/.local/lib/python3.7/site-packages/airflow/example_dags/example_short_circuit_operator.py for tasks to queue
[2023-07-27T01:42:12.499+0000] {logging_mixin.py:150} INFO - [2023-07-27T01:42:12.499+0000] {dagbag.py:541} INFO - Filling up the DagBag from /home/airflow/.local/lib/python3.7/site-packages/airflow/example_dags/example_short_circuit_operator.py
[2023-07-27T01:42:12.509+0000] {processor.py:836} INFO - DAG(s) dict_keys(['example_short_circuit_operator']) retrieved from /home/airflow/.local/lib/python3.7/site-packages/airflow/example_dags/example_short_circuit_operator.py
[2023-07-27T01:42:12.537+0000] {logging_mixin.py:150} INFO - [2023-07-27T01:42:12.537+0000] {dag.py:2742} INFO - Sync 1 DAGs
[2023-07-27T01:42:12.565+0000] {logging_mixin.py:150} INFO - [2023-07-27T01:42:12.565+0000] {dag.py:3508} INFO - Setting next_dagrun for example_short_circuit_operator to 2023-07-26T01:42:12.564865+00:00, run_after=2023-07-27T01:42:12.564865+00:00
[2023-07-27T01:42:12.590+0000] {processor.py:179} INFO - Processing /home/airflow/.local/lib/python3.7/site-packages/airflow/example_dags/example_short_circuit_operator.py took 0.096 seconds
[2023-07-27T01:42:43.327+0000] {processor.py:157} INFO - Started process (PID=2784) to work on /home/airflow/.local/lib/python3.7/site-packages/airflow/example_dags/example_short_circuit_operator.py
[2023-07-27T01:42:43.328+0000] {processor.py:826} INFO - Processing file /home/airflow/.local/lib/python3.7/site-packages/airflow/example_dags/example_short_circuit_operator.py for tasks to queue
[2023-07-27T01:42:43.330+0000] {logging_mixin.py:150} INFO - [2023-07-27T01:42:43.329+0000] {dagbag.py:541} INFO - Filling up the DagBag from /home/airflow/.local/lib/python3.7/site-packages/airflow/example_dags/example_short_circuit_operator.py
[2023-07-27T01:42:43.339+0000] {processor.py:836} INFO - DAG(s) dict_keys(['example_short_circuit_operator']) retrieved from /home/airflow/.local/lib/python3.7/site-packages/airflow/example_dags/example_short_circuit_operator.py
[2023-07-27T01:42:43.367+0000] {logging_mixin.py:150} INFO - [2023-07-27T01:42:43.367+0000] {dag.py:2742} INFO - Sync 1 DAGs
[2023-07-27T01:42:43.395+0000] {logging_mixin.py:150} INFO - [2023-07-27T01:42:43.394+0000] {dag.py:3508} INFO - Setting next_dagrun for example_short_circuit_operator to 2023-07-26T01:42:43.394653+00:00, run_after=2023-07-27T01:42:43.394653+00:00
[2023-07-27T01:42:43.419+0000] {processor.py:179} INFO - Processing /home/airflow/.local/lib/python3.7/site-packages/airflow/example_dags/example_short_circuit_operator.py took 0.096 seconds
[2023-07-27T01:43:13.548+0000] {processor.py:157} INFO - Started process (PID=2844) to work on /home/airflow/.local/lib/python3.7/site-packages/airflow/example_dags/example_short_circuit_operator.py
[2023-07-27T01:43:13.549+0000] {processor.py:826} INFO - Processing file /home/airflow/.local/lib/python3.7/site-packages/airflow/example_dags/example_short_circuit_operator.py for tasks to queue
[2023-07-27T01:43:13.550+0000] {logging_mixin.py:150} INFO - [2023-07-27T01:43:13.550+0000] {dagbag.py:541} INFO - Filling up the DagBag from /home/airflow/.local/lib/python3.7/site-packages/airflow/example_dags/example_short_circuit_operator.py
[2023-07-27T01:43:13.559+0000] {processor.py:836} INFO - DAG(s) dict_keys(['example_short_circuit_operator']) retrieved from /home/airflow/.local/lib/python3.7/site-packages/airflow/example_dags/example_short_circuit_operator.py
[2023-07-27T01:43:13.588+0000] {logging_mixin.py:150} INFO - [2023-07-27T01:43:13.587+0000] {dag.py:2742} INFO - Sync 1 DAGs
[2023-07-27T01:43:13.615+0000] {logging_mixin.py:150} INFO - [2023-07-27T01:43:13.615+0000] {dag.py:3508} INFO - Setting next_dagrun for example_short_circuit_operator to 2023-07-26T01:43:13.615202+00:00, run_after=2023-07-27T01:43:13.615202+00:00
[2023-07-27T01:43:13.639+0000] {processor.py:179} INFO - Processing /home/airflow/.local/lib/python3.7/site-packages/airflow/example_dags/example_short_circuit_operator.py took 0.095 seconds
[2023-07-27T01:43:43.824+0000] {processor.py:157} INFO - Started process (PID=2904) to work on /home/airflow/.local/lib/python3.7/site-packages/airflow/example_dags/example_short_circuit_operator.py
[2023-07-27T01:43:43.826+0000] {processor.py:826} INFO - Processing file /home/airflow/.local/lib/python3.7/site-packages/airflow/example_dags/example_short_circuit_operator.py for tasks to queue
[2023-07-27T01:43:43.827+0000] {logging_mixin.py:150} INFO - [2023-07-27T01:43:43.827+0000] {dagbag.py:541} INFO - Filling up the DagBag from /home/airflow/.local/lib/python3.7/site-packages/airflow/example_dags/example_short_circuit_operator.py
[2023-07-27T01:43:43.836+0000] {processor.py:836} INFO - DAG(s) dict_keys(['example_short_circuit_operator']) retrieved from /home/airflow/.local/lib/python3.7/site-packages/airflow/example_dags/example_short_circuit_operator.py
[2023-07-27T01:43:43.866+0000] {logging_mixin.py:150} INFO - [2023-07-27T01:43:43.866+0000] {dag.py:2742} INFO - Sync 1 DAGs
[2023-07-27T01:43:43.894+0000] {logging_mixin.py:150} INFO - [2023-07-27T01:43:43.893+0000] {dag.py:3508} INFO - Setting next_dagrun for example_short_circuit_operator to 2023-07-26T01:43:43.893685+00:00, run_after=2023-07-27T01:43:43.893685+00:00
[2023-07-27T01:43:43.932+0000] {processor.py:179} INFO - Processing /home/airflow/.local/lib/python3.7/site-packages/airflow/example_dags/example_short_circuit_operator.py took 0.111 seconds
[2023-07-27T01:44:14.939+0000] {processor.py:157} INFO - Started process (PID=2972) to work on /home/airflow/.local/lib/python3.7/site-packages/airflow/example_dags/example_short_circuit_operator.py
[2023-07-27T01:44:14.940+0000] {processor.py:826} INFO - Processing file /home/airflow/.local/lib/python3.7/site-packages/airflow/example_dags/example_short_circuit_operator.py for tasks to queue
[2023-07-27T01:44:14.942+0000] {logging_mixin.py:150} INFO - [2023-07-27T01:44:14.941+0000] {dagbag.py:541} INFO - Filling up the DagBag from /home/airflow/.local/lib/python3.7/site-packages/airflow/example_dags/example_short_circuit_operator.py
[2023-07-27T01:44:14.951+0000] {processor.py:836} INFO - DAG(s) dict_keys(['example_short_circuit_operator']) retrieved from /home/airflow/.local/lib/python3.7/site-packages/airflow/example_dags/example_short_circuit_operator.py
[2023-07-27T01:44:14.980+0000] {logging_mixin.py:150} INFO - [2023-07-27T01:44:14.980+0000] {dag.py:2742} INFO - Sync 1 DAGs
[2023-07-27T01:44:15.009+0000] {logging_mixin.py:150} INFO - [2023-07-27T01:44:15.009+0000] {dag.py:3508} INFO - Setting next_dagrun for example_short_circuit_operator to 2023-07-26T01:44:15.009091+00:00, run_after=2023-07-27T01:44:15.009091+00:00
[2023-07-27T01:44:15.032+0000] {processor.py:179} INFO - Processing /home/airflow/.local/lib/python3.7/site-packages/airflow/example_dags/example_short_circuit_operator.py took 0.097 seconds
[2023-07-27T01:44:45.471+0000] {processor.py:157} INFO - Started process (PID=3032) to work on /home/airflow/.local/lib/python3.7/site-packages/airflow/example_dags/example_short_circuit_operator.py
[2023-07-27T01:44:45.473+0000] {processor.py:826} INFO - Processing file /home/airflow/.local/lib/python3.7/site-packages/airflow/example_dags/example_short_circuit_operator.py for tasks to queue
[2023-07-27T01:44:45.474+0000] {logging_mixin.py:150} INFO - [2023-07-27T01:44:45.473+0000] {dagbag.py:541} INFO - Filling up the DagBag from /home/airflow/.local/lib/python3.7/site-packages/airflow/example_dags/example_short_circuit_operator.py
[2023-07-27T01:44:45.483+0000] {processor.py:836} INFO - DAG(s) dict_keys(['example_short_circuit_operator']) retrieved from /home/airflow/.local/lib/python3.7/site-packages/airflow/example_dags/example_short_circuit_operator.py
[2023-07-27T01:44:45.511+0000] {logging_mixin.py:150} INFO - [2023-07-27T01:44:45.511+0000] {dag.py:2742} INFO - Sync 1 DAGs
[2023-07-27T01:44:45.541+0000] {logging_mixin.py:150} INFO - [2023-07-27T01:44:45.540+0000] {dag.py:3508} INFO - Setting next_dagrun for example_short_circuit_operator to 2023-07-26T01:44:45.540694+00:00, run_after=2023-07-27T01:44:45.540694+00:00
[2023-07-27T01:44:45.565+0000] {processor.py:179} INFO - Processing /home/airflow/.local/lib/python3.7/site-packages/airflow/example_dags/example_short_circuit_operator.py took 0.097 seconds
[2023-07-27T01:45:15.719+0000] {processor.py:157} INFO - Started process (PID=3093) to work on /home/airflow/.local/lib/python3.7/site-packages/airflow/example_dags/example_short_circuit_operator.py
[2023-07-27T01:45:15.721+0000] {processor.py:826} INFO - Processing file /home/airflow/.local/lib/python3.7/site-packages/airflow/example_dags/example_short_circuit_operator.py for tasks to queue
[2023-07-27T01:45:15.722+0000] {logging_mixin.py:150} INFO - [2023-07-27T01:45:15.721+0000] {dagbag.py:541} INFO - Filling up the DagBag from /home/airflow/.local/lib/python3.7/site-packages/airflow/example_dags/example_short_circuit_operator.py
[2023-07-27T01:45:15.730+0000] {processor.py:836} INFO - DAG(s) dict_keys(['example_short_circuit_operator']) retrieved from /home/airflow/.local/lib/python3.7/site-packages/airflow/example_dags/example_short_circuit_operator.py
[2023-07-27T01:45:15.760+0000] {logging_mixin.py:150} INFO - [2023-07-27T01:45:15.759+0000] {dag.py:2742} INFO - Sync 1 DAGs
[2023-07-27T01:45:15.787+0000] {logging_mixin.py:150} INFO - [2023-07-27T01:45:15.787+0000] {dag.py:3508} INFO - Setting next_dagrun for example_short_circuit_operator to 2023-07-26T01:45:15.787208+00:00, run_after=2023-07-27T01:45:15.787208+00:00
[2023-07-27T01:45:15.812+0000] {processor.py:179} INFO - Processing /home/airflow/.local/lib/python3.7/site-packages/airflow/example_dags/example_short_circuit_operator.py took 0.096 seconds
[2023-07-27T01:45:46.443+0000] {processor.py:157} INFO - Started process (PID=3146) to work on /home/airflow/.local/lib/python3.7/site-packages/airflow/example_dags/example_short_circuit_operator.py
[2023-07-27T01:45:46.444+0000] {processor.py:826} INFO - Processing file /home/airflow/.local/lib/python3.7/site-packages/airflow/example_dags/example_short_circuit_operator.py for tasks to queue
[2023-07-27T01:45:46.445+0000] {logging_mixin.py:150} INFO - [2023-07-27T01:45:46.445+0000] {dagbag.py:541} INFO - Filling up the DagBag from /home/airflow/.local/lib/python3.7/site-packages/airflow/example_dags/example_short_circuit_operator.py
[2023-07-27T01:45:46.454+0000] {processor.py:836} INFO - DAG(s) dict_keys(['example_short_circuit_operator']) retrieved from /home/airflow/.local/lib/python3.7/site-packages/airflow/example_dags/example_short_circuit_operator.py
[2023-07-27T01:45:46.482+0000] {logging_mixin.py:150} INFO - [2023-07-27T01:45:46.482+0000] {dag.py:2742} INFO - Sync 1 DAGs
[2023-07-27T01:45:46.510+0000] {logging_mixin.py:150} INFO - [2023-07-27T01:45:46.510+0000] {dag.py:3508} INFO - Setting next_dagrun for example_short_circuit_operator to 2023-07-26T01:45:46.510328+00:00, run_after=2023-07-27T01:45:46.510328+00:00
[2023-07-27T01:45:46.533+0000] {processor.py:179} INFO - Processing /home/airflow/.local/lib/python3.7/site-packages/airflow/example_dags/example_short_circuit_operator.py took 0.094 seconds
[2023-07-27T01:46:16.918+0000] {processor.py:157} INFO - Started process (PID=3206) to work on /home/airflow/.local/lib/python3.7/site-packages/airflow/example_dags/example_short_circuit_operator.py
[2023-07-27T01:46:16.920+0000] {processor.py:826} INFO - Processing file /home/airflow/.local/lib/python3.7/site-packages/airflow/example_dags/example_short_circuit_operator.py for tasks to queue
[2023-07-27T01:46:16.921+0000] {logging_mixin.py:150} INFO - [2023-07-27T01:46:16.920+0000] {dagbag.py:541} INFO - Filling up the DagBag from /home/airflow/.local/lib/python3.7/site-packages/airflow/example_dags/example_short_circuit_operator.py
[2023-07-27T01:46:16.930+0000] {processor.py:836} INFO - DAG(s) dict_keys(['example_short_circuit_operator']) retrieved from /home/airflow/.local/lib/python3.7/site-packages/airflow/example_dags/example_short_circuit_operator.py
[2023-07-27T01:46:16.958+0000] {logging_mixin.py:150} INFO - [2023-07-27T01:46:16.958+0000] {dag.py:2742} INFO - Sync 1 DAGs
[2023-07-27T01:46:16.986+0000] {logging_mixin.py:150} INFO - [2023-07-27T01:46:16.985+0000] {dag.py:3508} INFO - Setting next_dagrun for example_short_circuit_operator to 2023-07-26T01:46:16.985660+00:00, run_after=2023-07-27T01:46:16.985660+00:00
[2023-07-27T01:46:17.009+0000] {processor.py:179} INFO - Processing /home/airflow/.local/lib/python3.7/site-packages/airflow/example_dags/example_short_circuit_operator.py took 0.095 seconds
[2023-07-27T01:46:47.626+0000] {processor.py:157} INFO - Started process (PID=3266) to work on /home/airflow/.local/lib/python3.7/site-packages/airflow/example_dags/example_short_circuit_operator.py
[2023-07-27T01:46:47.627+0000] {processor.py:826} INFO - Processing file /home/airflow/.local/lib/python3.7/site-packages/airflow/example_dags/example_short_circuit_operator.py for tasks to queue
[2023-07-27T01:46:47.629+0000] {logging_mixin.py:150} INFO - [2023-07-27T01:46:47.629+0000] {dagbag.py:541} INFO - Filling up the DagBag from /home/airflow/.local/lib/python3.7/site-packages/airflow/example_dags/example_short_circuit_operator.py
[2023-07-27T01:46:47.638+0000] {processor.py:836} INFO - DAG(s) dict_keys(['example_short_circuit_operator']) retrieved from /home/airflow/.local/lib/python3.7/site-packages/airflow/example_dags/example_short_circuit_operator.py
[2023-07-27T01:46:47.668+0000] {logging_mixin.py:150} INFO - [2023-07-27T01:46:47.668+0000] {dag.py:2742} INFO - Sync 1 DAGs
[2023-07-27T01:46:47.696+0000] {logging_mixin.py:150} INFO - [2023-07-27T01:46:47.695+0000] {dag.py:3508} INFO - Setting next_dagrun for example_short_circuit_operator to 2023-07-26T01:46:47.695613+00:00, run_after=2023-07-27T01:46:47.695613+00:00
[2023-07-27T01:46:47.719+0000] {processor.py:179} INFO - Processing /home/airflow/.local/lib/python3.7/site-packages/airflow/example_dags/example_short_circuit_operator.py took 0.096 seconds
[2023-07-27T01:47:18.155+0000] {processor.py:157} INFO - Started process (PID=3326) to work on /home/airflow/.local/lib/python3.7/site-packages/airflow/example_dags/example_short_circuit_operator.py
[2023-07-27T01:47:18.156+0000] {processor.py:826} INFO - Processing file /home/airflow/.local/lib/python3.7/site-packages/airflow/example_dags/example_short_circuit_operator.py for tasks to queue
[2023-07-27T01:47:18.157+0000] {logging_mixin.py:150} INFO - [2023-07-27T01:47:18.157+0000] {dagbag.py:541} INFO - Filling up the DagBag from /home/airflow/.local/lib/python3.7/site-packages/airflow/example_dags/example_short_circuit_operator.py
[2023-07-27T01:47:18.166+0000] {processor.py:836} INFO - DAG(s) dict_keys(['example_short_circuit_operator']) retrieved from /home/airflow/.local/lib/python3.7/site-packages/airflow/example_dags/example_short_circuit_operator.py
[2023-07-27T01:47:18.195+0000] {logging_mixin.py:150} INFO - [2023-07-27T01:47:18.195+0000] {dag.py:2742} INFO - Sync 1 DAGs
[2023-07-27T01:47:18.223+0000] {logging_mixin.py:150} INFO - [2023-07-27T01:47:18.223+0000] {dag.py:3508} INFO - Setting next_dagrun for example_short_circuit_operator to 2023-07-26T01:47:18.222962+00:00, run_after=2023-07-27T01:47:18.222962+00:00
[2023-07-27T01:47:18.247+0000] {processor.py:179} INFO - Processing /home/airflow/.local/lib/python3.7/site-packages/airflow/example_dags/example_short_circuit_operator.py took 0.096 seconds
[2023-07-27T01:47:49.076+0000] {processor.py:157} INFO - Started process (PID=3386) to work on /home/airflow/.local/lib/python3.7/site-packages/airflow/example_dags/example_short_circuit_operator.py
[2023-07-27T01:47:49.077+0000] {processor.py:826} INFO - Processing file /home/airflow/.local/lib/python3.7/site-packages/airflow/example_dags/example_short_circuit_operator.py for tasks to queue
[2023-07-27T01:47:49.079+0000] {logging_mixin.py:150} INFO - [2023-07-27T01:47:49.078+0000] {dagbag.py:541} INFO - Filling up the DagBag from /home/airflow/.local/lib/python3.7/site-packages/airflow/example_dags/example_short_circuit_operator.py
[2023-07-27T01:47:49.088+0000] {processor.py:836} INFO - DAG(s) dict_keys(['example_short_circuit_operator']) retrieved from /home/airflow/.local/lib/python3.7/site-packages/airflow/example_dags/example_short_circuit_operator.py
[2023-07-27T01:47:49.123+0000] {logging_mixin.py:150} INFO - [2023-07-27T01:47:49.123+0000] {dag.py:2742} INFO - Sync 1 DAGs
[2023-07-27T01:47:49.163+0000] {logging_mixin.py:150} INFO - [2023-07-27T01:47:49.163+0000] {dag.py:3508} INFO - Setting next_dagrun for example_short_circuit_operator to 2023-07-26T01:47:49.162961+00:00, run_after=2023-07-27T01:47:49.162961+00:00
[2023-07-27T01:47:49.191+0000] {processor.py:179} INFO - Processing /home/airflow/.local/lib/python3.7/site-packages/airflow/example_dags/example_short_circuit_operator.py took 0.120 seconds
[2023-07-27T01:48:19.541+0000] {processor.py:157} INFO - Started process (PID=3446) to work on /home/airflow/.local/lib/python3.7/site-packages/airflow/example_dags/example_short_circuit_operator.py
[2023-07-27T01:48:19.542+0000] {processor.py:826} INFO - Processing file /home/airflow/.local/lib/python3.7/site-packages/airflow/example_dags/example_short_circuit_operator.py for tasks to queue
[2023-07-27T01:48:19.544+0000] {logging_mixin.py:150} INFO - [2023-07-27T01:48:19.543+0000] {dagbag.py:541} INFO - Filling up the DagBag from /home/airflow/.local/lib/python3.7/site-packages/airflow/example_dags/example_short_circuit_operator.py
[2023-07-27T01:48:19.554+0000] {processor.py:836} INFO - DAG(s) dict_keys(['example_short_circuit_operator']) retrieved from /home/airflow/.local/lib/python3.7/site-packages/airflow/example_dags/example_short_circuit_operator.py
[2023-07-27T01:48:19.585+0000] {logging_mixin.py:150} INFO - [2023-07-27T01:48:19.585+0000] {dag.py:2742} INFO - Sync 1 DAGs
[2023-07-27T01:48:19.614+0000] {logging_mixin.py:150} INFO - [2023-07-27T01:48:19.614+0000] {dag.py:3508} INFO - Setting next_dagrun for example_short_circuit_operator to 2023-07-26T01:48:19.614441+00:00, run_after=2023-07-27T01:48:19.614441+00:00
[2023-07-27T01:48:19.637+0000] {processor.py:179} INFO - Processing /home/airflow/.local/lib/python3.7/site-packages/airflow/example_dags/example_short_circuit_operator.py took 0.099 seconds
[2023-07-27T01:48:49.726+0000] {processor.py:157} INFO - Started process (PID=3505) to work on /home/airflow/.local/lib/python3.7/site-packages/airflow/example_dags/example_short_circuit_operator.py
[2023-07-27T01:48:49.727+0000] {processor.py:826} INFO - Processing file /home/airflow/.local/lib/python3.7/site-packages/airflow/example_dags/example_short_circuit_operator.py for tasks to queue
[2023-07-27T01:48:49.728+0000] {logging_mixin.py:150} INFO - [2023-07-27T01:48:49.728+0000] {dagbag.py:541} INFO - Filling up the DagBag from /home/airflow/.local/lib/python3.7/site-packages/airflow/example_dags/example_short_circuit_operator.py
[2023-07-27T01:48:49.737+0000] {processor.py:836} INFO - DAG(s) dict_keys(['example_short_circuit_operator']) retrieved from /home/airflow/.local/lib/python3.7/site-packages/airflow/example_dags/example_short_circuit_operator.py
[2023-07-27T01:48:49.766+0000] {logging_mixin.py:150} INFO - [2023-07-27T01:48:49.766+0000] {dag.py:2742} INFO - Sync 1 DAGs
[2023-07-27T01:48:49.794+0000] {logging_mixin.py:150} INFO - [2023-07-27T01:48:49.793+0000] {dag.py:3508} INFO - Setting next_dagrun for example_short_circuit_operator to 2023-07-26T01:48:49.793704+00:00, run_after=2023-07-27T01:48:49.793704+00:00
[2023-07-27T01:48:49.820+0000] {processor.py:179} INFO - Processing /home/airflow/.local/lib/python3.7/site-packages/airflow/example_dags/example_short_circuit_operator.py took 0.097 seconds
[2023-07-27T01:49:20.180+0000] {processor.py:157} INFO - Started process (PID=3566) to work on /home/airflow/.local/lib/python3.7/site-packages/airflow/example_dags/example_short_circuit_operator.py
[2023-07-27T01:49:20.182+0000] {processor.py:826} INFO - Processing file /home/airflow/.local/lib/python3.7/site-packages/airflow/example_dags/example_short_circuit_operator.py for tasks to queue
[2023-07-27T01:49:20.183+0000] {logging_mixin.py:150} INFO - [2023-07-27T01:49:20.182+0000] {dagbag.py:541} INFO - Filling up the DagBag from /home/airflow/.local/lib/python3.7/site-packages/airflow/example_dags/example_short_circuit_operator.py
[2023-07-27T01:49:20.192+0000] {processor.py:836} INFO - DAG(s) dict_keys(['example_short_circuit_operator']) retrieved from /home/airflow/.local/lib/python3.7/site-packages/airflow/example_dags/example_short_circuit_operator.py
[2023-07-27T01:49:20.221+0000] {logging_mixin.py:150} INFO - [2023-07-27T01:49:20.221+0000] {dag.py:2742} INFO - Sync 1 DAGs
[2023-07-27T01:49:20.248+0000] {logging_mixin.py:150} INFO - [2023-07-27T01:49:20.248+0000] {dag.py:3508} INFO - Setting next_dagrun for example_short_circuit_operator to 2023-07-26T01:49:20.248067+00:00, run_after=2023-07-27T01:49:20.248067+00:00
[2023-07-27T01:49:20.272+0000] {processor.py:179} INFO - Processing /home/airflow/.local/lib/python3.7/site-packages/airflow/example_dags/example_short_circuit_operator.py took 0.095 seconds
[2023-07-27T01:49:50.689+0000] {processor.py:157} INFO - Started process (PID=3626) to work on /home/airflow/.local/lib/python3.7/site-packages/airflow/example_dags/example_short_circuit_operator.py
[2023-07-27T01:49:50.690+0000] {processor.py:826} INFO - Processing file /home/airflow/.local/lib/python3.7/site-packages/airflow/example_dags/example_short_circuit_operator.py for tasks to queue
[2023-07-27T01:49:50.692+0000] {logging_mixin.py:150} INFO - [2023-07-27T01:49:50.691+0000] {dagbag.py:541} INFO - Filling up the DagBag from /home/airflow/.local/lib/python3.7/site-packages/airflow/example_dags/example_short_circuit_operator.py
[2023-07-27T01:49:50.700+0000] {processor.py:836} INFO - DAG(s) dict_keys(['example_short_circuit_operator']) retrieved from /home/airflow/.local/lib/python3.7/site-packages/airflow/example_dags/example_short_circuit_operator.py
[2023-07-27T01:49:50.728+0000] {logging_mixin.py:150} INFO - [2023-07-27T01:49:50.728+0000] {dag.py:2742} INFO - Sync 1 DAGs
[2023-07-27T01:49:50.756+0000] {logging_mixin.py:150} INFO - [2023-07-27T01:49:50.756+0000] {dag.py:3508} INFO - Setting next_dagrun for example_short_circuit_operator to 2023-07-26T01:49:50.756307+00:00, run_after=2023-07-27T01:49:50.756307+00:00
[2023-07-27T01:49:50.783+0000] {processor.py:179} INFO - Processing /home/airflow/.local/lib/python3.7/site-packages/airflow/example_dags/example_short_circuit_operator.py took 0.097 seconds
[2023-07-27T01:50:21.085+0000] {processor.py:157} INFO - Started process (PID=3686) to work on /home/airflow/.local/lib/python3.7/site-packages/airflow/example_dags/example_short_circuit_operator.py
[2023-07-27T01:50:21.086+0000] {processor.py:826} INFO - Processing file /home/airflow/.local/lib/python3.7/site-packages/airflow/example_dags/example_short_circuit_operator.py for tasks to queue
[2023-07-27T01:50:21.087+0000] {logging_mixin.py:150} INFO - [2023-07-27T01:50:21.087+0000] {dagbag.py:541} INFO - Filling up the DagBag from /home/airflow/.local/lib/python3.7/site-packages/airflow/example_dags/example_short_circuit_operator.py
[2023-07-27T01:50:21.096+0000] {processor.py:836} INFO - DAG(s) dict_keys(['example_short_circuit_operator']) retrieved from /home/airflow/.local/lib/python3.7/site-packages/airflow/example_dags/example_short_circuit_operator.py
[2023-07-27T01:50:21.125+0000] {logging_mixin.py:150} INFO - [2023-07-27T01:50:21.124+0000] {dag.py:2742} INFO - Sync 1 DAGs
[2023-07-27T01:50:21.152+0000] {logging_mixin.py:150} INFO - [2023-07-27T01:50:21.152+0000] {dag.py:3508} INFO - Setting next_dagrun for example_short_circuit_operator to 2023-07-26T01:50:21.152043+00:00, run_after=2023-07-27T01:50:21.152043+00:00
[2023-07-27T01:50:21.176+0000] {processor.py:179} INFO - Processing /home/airflow/.local/lib/python3.7/site-packages/airflow/example_dags/example_short_circuit_operator.py took 0.095 seconds
[2023-07-27T01:50:51.665+0000] {processor.py:157} INFO - Started process (PID=3746) to work on /home/airflow/.local/lib/python3.7/site-packages/airflow/example_dags/example_short_circuit_operator.py
[2023-07-27T01:50:51.666+0000] {processor.py:826} INFO - Processing file /home/airflow/.local/lib/python3.7/site-packages/airflow/example_dags/example_short_circuit_operator.py for tasks to queue
[2023-07-27T01:50:51.667+0000] {logging_mixin.py:150} INFO - [2023-07-27T01:50:51.667+0000] {dagbag.py:541} INFO - Filling up the DagBag from /home/airflow/.local/lib/python3.7/site-packages/airflow/example_dags/example_short_circuit_operator.py
[2023-07-27T01:50:51.676+0000] {processor.py:836} INFO - DAG(s) dict_keys(['example_short_circuit_operator']) retrieved from /home/airflow/.local/lib/python3.7/site-packages/airflow/example_dags/example_short_circuit_operator.py
[2023-07-27T01:50:51.705+0000] {logging_mixin.py:150} INFO - [2023-07-27T01:50:51.704+0000] {dag.py:2742} INFO - Sync 1 DAGs
[2023-07-27T01:50:51.733+0000] {logging_mixin.py:150} INFO - [2023-07-27T01:50:51.733+0000] {dag.py:3508} INFO - Setting next_dagrun for example_short_circuit_operator to 2023-07-26T01:50:51.733055+00:00, run_after=2023-07-27T01:50:51.733055+00:00
[2023-07-27T01:50:51.767+0000] {processor.py:179} INFO - Processing /home/airflow/.local/lib/python3.7/site-packages/airflow/example_dags/example_short_circuit_operator.py took 0.105 seconds
[2023-07-27T01:51:22.144+0000] {processor.py:157} INFO - Started process (PID=3806) to work on /home/airflow/.local/lib/python3.7/site-packages/airflow/example_dags/example_short_circuit_operator.py
[2023-07-27T01:51:22.145+0000] {processor.py:826} INFO - Processing file /home/airflow/.local/lib/python3.7/site-packages/airflow/example_dags/example_short_circuit_operator.py for tasks to queue
[2023-07-27T01:51:22.147+0000] {logging_mixin.py:150} INFO - [2023-07-27T01:51:22.146+0000] {dagbag.py:541} INFO - Filling up the DagBag from /home/airflow/.local/lib/python3.7/site-packages/airflow/example_dags/example_short_circuit_operator.py
[2023-07-27T01:51:22.156+0000] {processor.py:836} INFO - DAG(s) dict_keys(['example_short_circuit_operator']) retrieved from /home/airflow/.local/lib/python3.7/site-packages/airflow/example_dags/example_short_circuit_operator.py
[2023-07-27T01:51:22.185+0000] {logging_mixin.py:150} INFO - [2023-07-27T01:51:22.185+0000] {dag.py:2742} INFO - Sync 1 DAGs
[2023-07-27T01:51:22.213+0000] {logging_mixin.py:150} INFO - [2023-07-27T01:51:22.213+0000] {dag.py:3508} INFO - Setting next_dagrun for example_short_circuit_operator to 2023-07-26T01:51:22.213389+00:00, run_after=2023-07-27T01:51:22.213389+00:00
[2023-07-27T01:51:22.237+0000] {processor.py:179} INFO - Processing /home/airflow/.local/lib/python3.7/site-packages/airflow/example_dags/example_short_circuit_operator.py took 0.096 seconds
[2023-07-27T01:51:53.204+0000] {processor.py:157} INFO - Started process (PID=3866) to work on /home/airflow/.local/lib/python3.7/site-packages/airflow/example_dags/example_short_circuit_operator.py
[2023-07-27T01:51:53.205+0000] {processor.py:826} INFO - Processing file /home/airflow/.local/lib/python3.7/site-packages/airflow/example_dags/example_short_circuit_operator.py for tasks to queue
[2023-07-27T01:51:53.206+0000] {logging_mixin.py:150} INFO - [2023-07-27T01:51:53.206+0000] {dagbag.py:541} INFO - Filling up the DagBag from /home/airflow/.local/lib/python3.7/site-packages/airflow/example_dags/example_short_circuit_operator.py
[2023-07-27T01:51:53.216+0000] {processor.py:836} INFO - DAG(s) dict_keys(['example_short_circuit_operator']) retrieved from /home/airflow/.local/lib/python3.7/site-packages/airflow/example_dags/example_short_circuit_operator.py
[2023-07-27T01:51:53.246+0000] {logging_mixin.py:150} INFO - [2023-07-27T01:51:53.246+0000] {dag.py:2742} INFO - Sync 1 DAGs
[2023-07-27T01:51:53.274+0000] {logging_mixin.py:150} INFO - [2023-07-27T01:51:53.273+0000] {dag.py:3508} INFO - Setting next_dagrun for example_short_circuit_operator to 2023-07-26T01:51:53.273675+00:00, run_after=2023-07-27T01:51:53.273675+00:00
[2023-07-27T01:51:53.297+0000] {processor.py:179} INFO - Processing /home/airflow/.local/lib/python3.7/site-packages/airflow/example_dags/example_short_circuit_operator.py took 0.098 seconds
[2023-07-27T01:52:23.871+0000] {processor.py:157} INFO - Started process (PID=3925) to work on /home/airflow/.local/lib/python3.7/site-packages/airflow/example_dags/example_short_circuit_operator.py
[2023-07-27T01:52:23.872+0000] {processor.py:826} INFO - Processing file /home/airflow/.local/lib/python3.7/site-packages/airflow/example_dags/example_short_circuit_operator.py for tasks to queue
[2023-07-27T01:52:23.873+0000] {logging_mixin.py:150} INFO - [2023-07-27T01:52:23.873+0000] {dagbag.py:541} INFO - Filling up the DagBag from /home/airflow/.local/lib/python3.7/site-packages/airflow/example_dags/example_short_circuit_operator.py
[2023-07-27T01:52:23.882+0000] {processor.py:836} INFO - DAG(s) dict_keys(['example_short_circuit_operator']) retrieved from /home/airflow/.local/lib/python3.7/site-packages/airflow/example_dags/example_short_circuit_operator.py
[2023-07-27T01:52:23.910+0000] {logging_mixin.py:150} INFO - [2023-07-27T01:52:23.910+0000] {dag.py:2742} INFO - Sync 1 DAGs
[2023-07-27T01:52:23.938+0000] {logging_mixin.py:150} INFO - [2023-07-27T01:52:23.938+0000] {dag.py:3508} INFO - Setting next_dagrun for example_short_circuit_operator to 2023-07-26T01:52:23.938188+00:00, run_after=2023-07-27T01:52:23.938188+00:00
[2023-07-27T01:52:23.962+0000] {processor.py:179} INFO - Processing /home/airflow/.local/lib/python3.7/site-packages/airflow/example_dags/example_short_circuit_operator.py took 0.095 seconds
[2023-07-27T01:52:54.577+0000] {processor.py:157} INFO - Started process (PID=3985) to work on /home/airflow/.local/lib/python3.7/site-packages/airflow/example_dags/example_short_circuit_operator.py
[2023-07-27T01:52:54.579+0000] {processor.py:826} INFO - Processing file /home/airflow/.local/lib/python3.7/site-packages/airflow/example_dags/example_short_circuit_operator.py for tasks to queue
[2023-07-27T01:52:54.580+0000] {logging_mixin.py:150} INFO - [2023-07-27T01:52:54.580+0000] {dagbag.py:541} INFO - Filling up the DagBag from /home/airflow/.local/lib/python3.7/site-packages/airflow/example_dags/example_short_circuit_operator.py
[2023-07-27T01:52:54.589+0000] {processor.py:836} INFO - DAG(s) dict_keys(['example_short_circuit_operator']) retrieved from /home/airflow/.local/lib/python3.7/site-packages/airflow/example_dags/example_short_circuit_operator.py
[2023-07-27T01:52:54.618+0000] {logging_mixin.py:150} INFO - [2023-07-27T01:52:54.617+0000] {dag.py:2742} INFO - Sync 1 DAGs
[2023-07-27T01:52:54.646+0000] {logging_mixin.py:150} INFO - [2023-07-27T01:52:54.646+0000] {dag.py:3508} INFO - Setting next_dagrun for example_short_circuit_operator to 2023-07-26T01:52:54.646252+00:00, run_after=2023-07-27T01:52:54.646252+00:00
[2023-07-27T01:52:54.670+0000] {processor.py:179} INFO - Processing /home/airflow/.local/lib/python3.7/site-packages/airflow/example_dags/example_short_circuit_operator.py took 0.097 seconds
[2023-07-27T01:53:24.803+0000] {processor.py:157} INFO - Started process (PID=4044) to work on /home/airflow/.local/lib/python3.7/site-packages/airflow/example_dags/example_short_circuit_operator.py
[2023-07-27T01:53:24.804+0000] {processor.py:826} INFO - Processing file /home/airflow/.local/lib/python3.7/site-packages/airflow/example_dags/example_short_circuit_operator.py for tasks to queue
[2023-07-27T01:53:24.806+0000] {logging_mixin.py:150} INFO - [2023-07-27T01:53:24.805+0000] {dagbag.py:541} INFO - Filling up the DagBag from /home/airflow/.local/lib/python3.7/site-packages/airflow/example_dags/example_short_circuit_operator.py
[2023-07-27T01:53:24.815+0000] {processor.py:836} INFO - DAG(s) dict_keys(['example_short_circuit_operator']) retrieved from /home/airflow/.local/lib/python3.7/site-packages/airflow/example_dags/example_short_circuit_operator.py
[2023-07-27T01:53:24.844+0000] {logging_mixin.py:150} INFO - [2023-07-27T01:53:24.844+0000] {dag.py:2742} INFO - Sync 1 DAGs
[2023-07-27T01:53:24.872+0000] {logging_mixin.py:150} INFO - [2023-07-27T01:53:24.872+0000] {dag.py:3508} INFO - Setting next_dagrun for example_short_circuit_operator to 2023-07-26T01:53:24.872180+00:00, run_after=2023-07-27T01:53:24.872180+00:00
[2023-07-27T01:53:24.896+0000] {processor.py:179} INFO - Processing /home/airflow/.local/lib/python3.7/site-packages/airflow/example_dags/example_short_circuit_operator.py took 0.097 seconds
[2023-07-27T01:53:55.020+0000] {processor.py:157} INFO - Started process (PID=4104) to work on /home/airflow/.local/lib/python3.7/site-packages/airflow/example_dags/example_short_circuit_operator.py
[2023-07-27T01:53:55.021+0000] {processor.py:826} INFO - Processing file /home/airflow/.local/lib/python3.7/site-packages/airflow/example_dags/example_short_circuit_operator.py for tasks to queue
[2023-07-27T01:53:55.022+0000] {logging_mixin.py:150} INFO - [2023-07-27T01:53:55.022+0000] {dagbag.py:541} INFO - Filling up the DagBag from /home/airflow/.local/lib/python3.7/site-packages/airflow/example_dags/example_short_circuit_operator.py
[2023-07-27T01:53:55.031+0000] {processor.py:836} INFO - DAG(s) dict_keys(['example_short_circuit_operator']) retrieved from /home/airflow/.local/lib/python3.7/site-packages/airflow/example_dags/example_short_circuit_operator.py
[2023-07-27T01:53:55.060+0000] {logging_mixin.py:150} INFO - [2023-07-27T01:53:55.059+0000] {dag.py:2742} INFO - Sync 1 DAGs
[2023-07-27T01:53:55.088+0000] {logging_mixin.py:150} INFO - [2023-07-27T01:53:55.088+0000] {dag.py:3508} INFO - Setting next_dagrun for example_short_circuit_operator to 2023-07-26T01:53:55.087765+00:00, run_after=2023-07-27T01:53:55.087765+00:00
[2023-07-27T01:53:55.111+0000] {processor.py:179} INFO - Processing /home/airflow/.local/lib/python3.7/site-packages/airflow/example_dags/example_short_circuit_operator.py took 0.095 seconds
[2023-07-27T01:54:25.184+0000] {processor.py:157} INFO - Started process (PID=4163) to work on /home/airflow/.local/lib/python3.7/site-packages/airflow/example_dags/example_short_circuit_operator.py
[2023-07-27T01:54:25.186+0000] {processor.py:826} INFO - Processing file /home/airflow/.local/lib/python3.7/site-packages/airflow/example_dags/example_short_circuit_operator.py for tasks to queue
[2023-07-27T01:54:25.187+0000] {logging_mixin.py:150} INFO - [2023-07-27T01:54:25.187+0000] {dagbag.py:541} INFO - Filling up the DagBag from /home/airflow/.local/lib/python3.7/site-packages/airflow/example_dags/example_short_circuit_operator.py
[2023-07-27T01:54:25.196+0000] {processor.py:836} INFO - DAG(s) dict_keys(['example_short_circuit_operator']) retrieved from /home/airflow/.local/lib/python3.7/site-packages/airflow/example_dags/example_short_circuit_operator.py
[2023-07-27T01:54:25.224+0000] {logging_mixin.py:150} INFO - [2023-07-27T01:54:25.224+0000] {dag.py:2742} INFO - Sync 1 DAGs
[2023-07-27T01:54:25.252+0000] {logging_mixin.py:150} INFO - [2023-07-27T01:54:25.251+0000] {dag.py:3508} INFO - Setting next_dagrun for example_short_circuit_operator to 2023-07-26T01:54:25.251645+00:00, run_after=2023-07-27T01:54:25.251645+00:00
[2023-07-27T01:54:25.276+0000] {processor.py:179} INFO - Processing /home/airflow/.local/lib/python3.7/site-packages/airflow/example_dags/example_short_circuit_operator.py took 0.095 seconds
[2023-07-27T01:54:55.353+0000] {processor.py:157} INFO - Started process (PID=4223) to work on /home/airflow/.local/lib/python3.7/site-packages/airflow/example_dags/example_short_circuit_operator.py
[2023-07-27T01:54:55.355+0000] {processor.py:826} INFO - Processing file /home/airflow/.local/lib/python3.7/site-packages/airflow/example_dags/example_short_circuit_operator.py for tasks to queue
[2023-07-27T01:54:55.356+0000] {logging_mixin.py:150} INFO - [2023-07-27T01:54:55.355+0000] {dagbag.py:541} INFO - Filling up the DagBag from /home/airflow/.local/lib/python3.7/site-packages/airflow/example_dags/example_short_circuit_operator.py
[2023-07-27T01:54:55.365+0000] {processor.py:836} INFO - DAG(s) dict_keys(['example_short_circuit_operator']) retrieved from /home/airflow/.local/lib/python3.7/site-packages/airflow/example_dags/example_short_circuit_operator.py
[2023-07-27T01:54:55.395+0000] {logging_mixin.py:150} INFO - [2023-07-27T01:54:55.395+0000] {dag.py:2742} INFO - Sync 1 DAGs
[2023-07-27T01:54:55.426+0000] {logging_mixin.py:150} INFO - [2023-07-27T01:54:55.425+0000] {dag.py:3508} INFO - Setting next_dagrun for example_short_circuit_operator to 2023-07-26T01:54:55.425569+00:00, run_after=2023-07-27T01:54:55.425569+00:00
[2023-07-27T01:54:55.452+0000] {processor.py:179} INFO - Processing /home/airflow/.local/lib/python3.7/site-packages/airflow/example_dags/example_short_circuit_operator.py took 0.102 seconds
[2023-07-27T01:55:25.801+0000] {processor.py:157} INFO - Started process (PID=4284) to work on /home/airflow/.local/lib/python3.7/site-packages/airflow/example_dags/example_short_circuit_operator.py
[2023-07-27T01:55:25.803+0000] {processor.py:826} INFO - Processing file /home/airflow/.local/lib/python3.7/site-packages/airflow/example_dags/example_short_circuit_operator.py for tasks to queue
[2023-07-27T01:55:25.804+0000] {logging_mixin.py:150} INFO - [2023-07-27T01:55:25.804+0000] {dagbag.py:541} INFO - Filling up the DagBag from /home/airflow/.local/lib/python3.7/site-packages/airflow/example_dags/example_short_circuit_operator.py
[2023-07-27T01:55:25.815+0000] {processor.py:836} INFO - DAG(s) dict_keys(['example_short_circuit_operator']) retrieved from /home/airflow/.local/lib/python3.7/site-packages/airflow/example_dags/example_short_circuit_operator.py
[2023-07-27T01:55:25.844+0000] {logging_mixin.py:150} INFO - [2023-07-27T01:55:25.844+0000] {dag.py:2742} INFO - Sync 1 DAGs
[2023-07-27T01:55:25.872+0000] {logging_mixin.py:150} INFO - [2023-07-27T01:55:25.872+0000] {dag.py:3508} INFO - Setting next_dagrun for example_short_circuit_operator to 2023-07-26T01:55:25.872114+00:00, run_after=2023-07-27T01:55:25.872114+00:00
[2023-07-27T01:55:25.897+0000] {processor.py:179} INFO - Processing /home/airflow/.local/lib/python3.7/site-packages/airflow/example_dags/example_short_circuit_operator.py took 0.100 seconds
[2023-07-27T01:55:56.106+0000] {processor.py:157} INFO - Started process (PID=4343) to work on /home/airflow/.local/lib/python3.7/site-packages/airflow/example_dags/example_short_circuit_operator.py
[2023-07-27T01:55:56.107+0000] {processor.py:826} INFO - Processing file /home/airflow/.local/lib/python3.7/site-packages/airflow/example_dags/example_short_circuit_operator.py for tasks to queue
[2023-07-27T01:55:56.109+0000] {logging_mixin.py:150} INFO - [2023-07-27T01:55:56.108+0000] {dagbag.py:541} INFO - Filling up the DagBag from /home/airflow/.local/lib/python3.7/site-packages/airflow/example_dags/example_short_circuit_operator.py
[2023-07-27T01:55:56.118+0000] {processor.py:836} INFO - DAG(s) dict_keys(['example_short_circuit_operator']) retrieved from /home/airflow/.local/lib/python3.7/site-packages/airflow/example_dags/example_short_circuit_operator.py
[2023-07-27T01:55:56.146+0000] {logging_mixin.py:150} INFO - [2023-07-27T01:55:56.146+0000] {dag.py:2742} INFO - Sync 1 DAGs
[2023-07-27T01:55:56.173+0000] {logging_mixin.py:150} INFO - [2023-07-27T01:55:56.173+0000] {dag.py:3508} INFO - Setting next_dagrun for example_short_circuit_operator to 2023-07-26T01:55:56.172910+00:00, run_after=2023-07-27T01:55:56.172910+00:00
[2023-07-27T01:55:56.197+0000] {processor.py:179} INFO - Processing /home/airflow/.local/lib/python3.7/site-packages/airflow/example_dags/example_short_circuit_operator.py took 0.095 seconds
[2023-07-27T01:56:26.609+0000] {processor.py:157} INFO - Started process (PID=4404) to work on /home/airflow/.local/lib/python3.7/site-packages/airflow/example_dags/example_short_circuit_operator.py
[2023-07-27T01:56:26.611+0000] {processor.py:826} INFO - Processing file /home/airflow/.local/lib/python3.7/site-packages/airflow/example_dags/example_short_circuit_operator.py for tasks to queue
[2023-07-27T01:56:26.612+0000] {logging_mixin.py:150} INFO - [2023-07-27T01:56:26.612+0000] {dagbag.py:541} INFO - Filling up the DagBag from /home/airflow/.local/lib/python3.7/site-packages/airflow/example_dags/example_short_circuit_operator.py
[2023-07-27T01:56:26.621+0000] {processor.py:836} INFO - DAG(s) dict_keys(['example_short_circuit_operator']) retrieved from /home/airflow/.local/lib/python3.7/site-packages/airflow/example_dags/example_short_circuit_operator.py
[2023-07-27T01:56:26.655+0000] {logging_mixin.py:150} INFO - [2023-07-27T01:56:26.655+0000] {dag.py:2742} INFO - Sync 1 DAGs
[2023-07-27T01:56:26.687+0000] {logging_mixin.py:150} INFO - [2023-07-27T01:56:26.687+0000] {dag.py:3508} INFO - Setting next_dagrun for example_short_circuit_operator to 2023-07-26T01:56:26.686956+00:00, run_after=2023-07-27T01:56:26.686956+00:00
[2023-07-27T01:56:26.711+0000] {processor.py:179} INFO - Processing /home/airflow/.local/lib/python3.7/site-packages/airflow/example_dags/example_short_circuit_operator.py took 0.105 seconds
[2023-07-27T01:56:57.177+0000] {processor.py:157} INFO - Started process (PID=4465) to work on /home/airflow/.local/lib/python3.7/site-packages/airflow/example_dags/example_short_circuit_operator.py
[2023-07-27T01:56:57.178+0000] {processor.py:826} INFO - Processing file /home/airflow/.local/lib/python3.7/site-packages/airflow/example_dags/example_short_circuit_operator.py for tasks to queue
[2023-07-27T01:56:57.179+0000] {logging_mixin.py:150} INFO - [2023-07-27T01:56:57.179+0000] {dagbag.py:541} INFO - Filling up the DagBag from /home/airflow/.local/lib/python3.7/site-packages/airflow/example_dags/example_short_circuit_operator.py
[2023-07-27T01:56:57.189+0000] {processor.py:836} INFO - DAG(s) dict_keys(['example_short_circuit_operator']) retrieved from /home/airflow/.local/lib/python3.7/site-packages/airflow/example_dags/example_short_circuit_operator.py
[2023-07-27T01:56:57.218+0000] {logging_mixin.py:150} INFO - [2023-07-27T01:56:57.218+0000] {dag.py:2742} INFO - Sync 1 DAGs
[2023-07-27T01:56:57.247+0000] {logging_mixin.py:150} INFO - [2023-07-27T01:56:57.246+0000] {dag.py:3508} INFO - Setting next_dagrun for example_short_circuit_operator to 2023-07-26T01:56:57.246701+00:00, run_after=2023-07-27T01:56:57.246701+00:00
[2023-07-27T01:56:57.280+0000] {processor.py:179} INFO - Processing /home/airflow/.local/lib/python3.7/site-packages/airflow/example_dags/example_short_circuit_operator.py took 0.106 seconds
[2023-07-27T01:57:27.392+0000] {processor.py:157} INFO - Started process (PID=4525) to work on /home/airflow/.local/lib/python3.7/site-packages/airflow/example_dags/example_short_circuit_operator.py
[2023-07-27T01:57:27.394+0000] {processor.py:826} INFO - Processing file /home/airflow/.local/lib/python3.7/site-packages/airflow/example_dags/example_short_circuit_operator.py for tasks to queue
[2023-07-27T01:57:27.395+0000] {logging_mixin.py:150} INFO - [2023-07-27T01:57:27.394+0000] {dagbag.py:541} INFO - Filling up the DagBag from /home/airflow/.local/lib/python3.7/site-packages/airflow/example_dags/example_short_circuit_operator.py
[2023-07-27T01:57:27.404+0000] {processor.py:836} INFO - DAG(s) dict_keys(['example_short_circuit_operator']) retrieved from /home/airflow/.local/lib/python3.7/site-packages/airflow/example_dags/example_short_circuit_operator.py
[2023-07-27T01:57:27.434+0000] {logging_mixin.py:150} INFO - [2023-07-27T01:57:27.434+0000] {dag.py:2742} INFO - Sync 1 DAGs
[2023-07-27T01:57:27.462+0000] {logging_mixin.py:150} INFO - [2023-07-27T01:57:27.462+0000] {dag.py:3508} INFO - Setting next_dagrun for example_short_circuit_operator to 2023-07-26T01:57:27.462281+00:00, run_after=2023-07-27T01:57:27.462281+00:00
[2023-07-27T01:57:27.490+0000] {processor.py:179} INFO - Processing /home/airflow/.local/lib/python3.7/site-packages/airflow/example_dags/example_short_circuit_operator.py took 0.101 seconds
[2023-07-27T01:57:57.680+0000] {processor.py:157} INFO - Started process (PID=4585) to work on /home/airflow/.local/lib/python3.7/site-packages/airflow/example_dags/example_short_circuit_operator.py
[2023-07-27T01:57:57.681+0000] {processor.py:826} INFO - Processing file /home/airflow/.local/lib/python3.7/site-packages/airflow/example_dags/example_short_circuit_operator.py for tasks to queue
[2023-07-27T01:57:57.682+0000] {logging_mixin.py:150} INFO - [2023-07-27T01:57:57.682+0000] {dagbag.py:541} INFO - Filling up the DagBag from /home/airflow/.local/lib/python3.7/site-packages/airflow/example_dags/example_short_circuit_operator.py
[2023-07-27T01:57:57.691+0000] {processor.py:836} INFO - DAG(s) dict_keys(['example_short_circuit_operator']) retrieved from /home/airflow/.local/lib/python3.7/site-packages/airflow/example_dags/example_short_circuit_operator.py
[2023-07-27T01:57:57.720+0000] {logging_mixin.py:150} INFO - [2023-07-27T01:57:57.720+0000] {dag.py:2742} INFO - Sync 1 DAGs
[2023-07-27T01:57:57.748+0000] {logging_mixin.py:150} INFO - [2023-07-27T01:57:57.748+0000] {dag.py:3508} INFO - Setting next_dagrun for example_short_circuit_operator to 2023-07-26T01:57:57.748329+00:00, run_after=2023-07-27T01:57:57.748329+00:00
[2023-07-27T01:57:57.772+0000] {processor.py:179} INFO - Processing /home/airflow/.local/lib/python3.7/site-packages/airflow/example_dags/example_short_circuit_operator.py took 0.095 seconds
[2023-07-27T01:58:28.132+0000] {processor.py:157} INFO - Started process (PID=4646) to work on /home/airflow/.local/lib/python3.7/site-packages/airflow/example_dags/example_short_circuit_operator.py
[2023-07-27T01:58:28.133+0000] {processor.py:826} INFO - Processing file /home/airflow/.local/lib/python3.7/site-packages/airflow/example_dags/example_short_circuit_operator.py for tasks to queue
[2023-07-27T01:58:28.134+0000] {logging_mixin.py:150} INFO - [2023-07-27T01:58:28.134+0000] {dagbag.py:541} INFO - Filling up the DagBag from /home/airflow/.local/lib/python3.7/site-packages/airflow/example_dags/example_short_circuit_operator.py
[2023-07-27T01:58:28.143+0000] {processor.py:836} INFO - DAG(s) dict_keys(['example_short_circuit_operator']) retrieved from /home/airflow/.local/lib/python3.7/site-packages/airflow/example_dags/example_short_circuit_operator.py
[2023-07-27T01:58:28.172+0000] {logging_mixin.py:150} INFO - [2023-07-27T01:58:28.172+0000] {dag.py:2742} INFO - Sync 1 DAGs
[2023-07-27T01:58:28.199+0000] {logging_mixin.py:150} INFO - [2023-07-27T01:58:28.199+0000] {dag.py:3508} INFO - Setting next_dagrun for example_short_circuit_operator to 2023-07-26T01:58:28.198903+00:00, run_after=2023-07-27T01:58:28.198903+00:00
[2023-07-27T01:58:28.223+0000] {processor.py:179} INFO - Processing /home/airflow/.local/lib/python3.7/site-packages/airflow/example_dags/example_short_circuit_operator.py took 0.095 seconds
[2023-07-27T01:58:58.334+0000] {processor.py:157} INFO - Started process (PID=4705) to work on /home/airflow/.local/lib/python3.7/site-packages/airflow/example_dags/example_short_circuit_operator.py
[2023-07-27T01:58:58.335+0000] {processor.py:826} INFO - Processing file /home/airflow/.local/lib/python3.7/site-packages/airflow/example_dags/example_short_circuit_operator.py for tasks to queue
[2023-07-27T01:58:58.336+0000] {logging_mixin.py:150} INFO - [2023-07-27T01:58:58.336+0000] {dagbag.py:541} INFO - Filling up the DagBag from /home/airflow/.local/lib/python3.7/site-packages/airflow/example_dags/example_short_circuit_operator.py
[2023-07-27T01:58:58.346+0000] {processor.py:836} INFO - DAG(s) dict_keys(['example_short_circuit_operator']) retrieved from /home/airflow/.local/lib/python3.7/site-packages/airflow/example_dags/example_short_circuit_operator.py
[2023-07-27T01:58:58.375+0000] {logging_mixin.py:150} INFO - [2023-07-27T01:58:58.375+0000] {dag.py:2742} INFO - Sync 1 DAGs
[2023-07-27T01:58:58.403+0000] {logging_mixin.py:150} INFO - [2023-07-27T01:58:58.403+0000] {dag.py:3508} INFO - Setting next_dagrun for example_short_circuit_operator to 2023-07-26T01:58:58.403178+00:00, run_after=2023-07-27T01:58:58.403178+00:00
[2023-07-27T01:58:58.430+0000] {processor.py:179} INFO - Processing /home/airflow/.local/lib/python3.7/site-packages/airflow/example_dags/example_short_circuit_operator.py took 0.099 seconds
[2023-07-27T01:59:28.667+0000] {processor.py:157} INFO - Started process (PID=4766) to work on /home/airflow/.local/lib/python3.7/site-packages/airflow/example_dags/example_short_circuit_operator.py
[2023-07-27T01:59:28.669+0000] {processor.py:826} INFO - Processing file /home/airflow/.local/lib/python3.7/site-packages/airflow/example_dags/example_short_circuit_operator.py for tasks to queue
[2023-07-27T01:59:28.670+0000] {logging_mixin.py:150} INFO - [2023-07-27T01:59:28.669+0000] {dagbag.py:541} INFO - Filling up the DagBag from /home/airflow/.local/lib/python3.7/site-packages/airflow/example_dags/example_short_circuit_operator.py
[2023-07-27T01:59:28.679+0000] {processor.py:836} INFO - DAG(s) dict_keys(['example_short_circuit_operator']) retrieved from /home/airflow/.local/lib/python3.7/site-packages/airflow/example_dags/example_short_circuit_operator.py
[2023-07-27T01:59:28.708+0000] {logging_mixin.py:150} INFO - [2023-07-27T01:59:28.707+0000] {dag.py:2742} INFO - Sync 1 DAGs
[2023-07-27T01:59:28.737+0000] {logging_mixin.py:150} INFO - [2023-07-27T01:59:28.736+0000] {dag.py:3508} INFO - Setting next_dagrun for example_short_circuit_operator to 2023-07-26T01:59:28.736556+00:00, run_after=2023-07-27T01:59:28.736556+00:00
[2023-07-27T01:59:28.762+0000] {processor.py:179} INFO - Processing /home/airflow/.local/lib/python3.7/site-packages/airflow/example_dags/example_short_circuit_operator.py took 0.098 seconds
[2023-07-27T01:59:59.382+0000] {processor.py:157} INFO - Started process (PID=4826) to work on /home/airflow/.local/lib/python3.7/site-packages/airflow/example_dags/example_short_circuit_operator.py
[2023-07-27T01:59:59.384+0000] {processor.py:826} INFO - Processing file /home/airflow/.local/lib/python3.7/site-packages/airflow/example_dags/example_short_circuit_operator.py for tasks to queue
[2023-07-27T01:59:59.385+0000] {logging_mixin.py:150} INFO - [2023-07-27T01:59:59.384+0000] {dagbag.py:541} INFO - Filling up the DagBag from /home/airflow/.local/lib/python3.7/site-packages/airflow/example_dags/example_short_circuit_operator.py
[2023-07-27T01:59:59.394+0000] {processor.py:836} INFO - DAG(s) dict_keys(['example_short_circuit_operator']) retrieved from /home/airflow/.local/lib/python3.7/site-packages/airflow/example_dags/example_short_circuit_operator.py
[2023-07-27T01:59:59.422+0000] {logging_mixin.py:150} INFO - [2023-07-27T01:59:59.422+0000] {dag.py:2742} INFO - Sync 1 DAGs
[2023-07-27T01:59:59.456+0000] {logging_mixin.py:150} INFO - [2023-07-27T01:59:59.456+0000] {dag.py:3508} INFO - Setting next_dagrun for example_short_circuit_operator to 2023-07-26T01:59:59.455880+00:00, run_after=2023-07-27T01:59:59.455880+00:00
[2023-07-27T01:59:59.479+0000] {processor.py:179} INFO - Processing /home/airflow/.local/lib/python3.7/site-packages/airflow/example_dags/example_short_circuit_operator.py took 0.100 seconds
[2023-07-27T02:00:30.338+0000] {processor.py:157} INFO - Started process (PID=4886) to work on /home/airflow/.local/lib/python3.7/site-packages/airflow/example_dags/example_short_circuit_operator.py
[2023-07-27T02:00:30.339+0000] {processor.py:826} INFO - Processing file /home/airflow/.local/lib/python3.7/site-packages/airflow/example_dags/example_short_circuit_operator.py for tasks to queue
[2023-07-27T02:00:30.340+0000] {logging_mixin.py:150} INFO - [2023-07-27T02:00:30.340+0000] {dagbag.py:541} INFO - Filling up the DagBag from /home/airflow/.local/lib/python3.7/site-packages/airflow/example_dags/example_short_circuit_operator.py
[2023-07-27T02:00:30.350+0000] {processor.py:836} INFO - DAG(s) dict_keys(['example_short_circuit_operator']) retrieved from /home/airflow/.local/lib/python3.7/site-packages/airflow/example_dags/example_short_circuit_operator.py
[2023-07-27T02:00:30.379+0000] {logging_mixin.py:150} INFO - [2023-07-27T02:00:30.378+0000] {dag.py:2742} INFO - Sync 1 DAGs
[2023-07-27T02:00:30.406+0000] {logging_mixin.py:150} INFO - [2023-07-27T02:00:30.406+0000] {dag.py:3508} INFO - Setting next_dagrun for example_short_circuit_operator to 2023-07-26T02:00:30.406267+00:00, run_after=2023-07-27T02:00:30.406267+00:00
[2023-07-27T02:00:30.428+0000] {processor.py:179} INFO - Processing /home/airflow/.local/lib/python3.7/site-packages/airflow/example_dags/example_short_circuit_operator.py took 0.094 seconds
[2023-07-27T02:01:00.540+0000] {processor.py:157} INFO - Started process (PID=4946) to work on /home/airflow/.local/lib/python3.7/site-packages/airflow/example_dags/example_short_circuit_operator.py
[2023-07-27T02:01:00.541+0000] {processor.py:826} INFO - Processing file /home/airflow/.local/lib/python3.7/site-packages/airflow/example_dags/example_short_circuit_operator.py for tasks to queue
[2023-07-27T02:01:00.542+0000] {logging_mixin.py:150} INFO - [2023-07-27T02:01:00.542+0000] {dagbag.py:541} INFO - Filling up the DagBag from /home/airflow/.local/lib/python3.7/site-packages/airflow/example_dags/example_short_circuit_operator.py
[2023-07-27T02:01:00.552+0000] {processor.py:836} INFO - DAG(s) dict_keys(['example_short_circuit_operator']) retrieved from /home/airflow/.local/lib/python3.7/site-packages/airflow/example_dags/example_short_circuit_operator.py
[2023-07-27T02:01:00.580+0000] {logging_mixin.py:150} INFO - [2023-07-27T02:01:00.580+0000] {dag.py:2742} INFO - Sync 1 DAGs
[2023-07-27T02:01:00.609+0000] {logging_mixin.py:150} INFO - [2023-07-27T02:01:00.608+0000] {dag.py:3508} INFO - Setting next_dagrun for example_short_circuit_operator to 2023-07-26T02:01:00.608557+00:00, run_after=2023-07-27T02:01:00.608557+00:00
[2023-07-27T02:01:00.633+0000] {processor.py:179} INFO - Processing /home/airflow/.local/lib/python3.7/site-packages/airflow/example_dags/example_short_circuit_operator.py took 0.097 seconds
[2023-07-27T02:01:30.758+0000] {processor.py:157} INFO - Started process (PID=5005) to work on /home/airflow/.local/lib/python3.7/site-packages/airflow/example_dags/example_short_circuit_operator.py
[2023-07-27T02:01:30.759+0000] {processor.py:826} INFO - Processing file /home/airflow/.local/lib/python3.7/site-packages/airflow/example_dags/example_short_circuit_operator.py for tasks to queue
[2023-07-27T02:01:30.760+0000] {logging_mixin.py:150} INFO - [2023-07-27T02:01:30.760+0000] {dagbag.py:541} INFO - Filling up the DagBag from /home/airflow/.local/lib/python3.7/site-packages/airflow/example_dags/example_short_circuit_operator.py
[2023-07-27T02:01:30.770+0000] {processor.py:836} INFO - DAG(s) dict_keys(['example_short_circuit_operator']) retrieved from /home/airflow/.local/lib/python3.7/site-packages/airflow/example_dags/example_short_circuit_operator.py
[2023-07-27T02:01:30.797+0000] {logging_mixin.py:150} INFO - [2023-07-27T02:01:30.797+0000] {dag.py:2742} INFO - Sync 1 DAGs
[2023-07-27T02:01:30.824+0000] {logging_mixin.py:150} INFO - [2023-07-27T02:01:30.824+0000] {dag.py:3508} INFO - Setting next_dagrun for example_short_circuit_operator to 2023-07-26T02:01:30.824292+00:00, run_after=2023-07-27T02:01:30.824292+00:00
[2023-07-27T02:01:30.848+0000] {processor.py:179} INFO - Processing /home/airflow/.local/lib/python3.7/site-packages/airflow/example_dags/example_short_circuit_operator.py took 0.094 seconds
[2023-07-27T02:02:01.153+0000] {processor.py:157} INFO - Started process (PID=5066) to work on /home/airflow/.local/lib/python3.7/site-packages/airflow/example_dags/example_short_circuit_operator.py
[2023-07-27T02:02:01.154+0000] {processor.py:826} INFO - Processing file /home/airflow/.local/lib/python3.7/site-packages/airflow/example_dags/example_short_circuit_operator.py for tasks to queue
[2023-07-27T02:02:01.155+0000] {logging_mixin.py:150} INFO - [2023-07-27T02:02:01.155+0000] {dagbag.py:541} INFO - Filling up the DagBag from /home/airflow/.local/lib/python3.7/site-packages/airflow/example_dags/example_short_circuit_operator.py
[2023-07-27T02:02:01.164+0000] {processor.py:836} INFO - DAG(s) dict_keys(['example_short_circuit_operator']) retrieved from /home/airflow/.local/lib/python3.7/site-packages/airflow/example_dags/example_short_circuit_operator.py
[2023-07-27T02:02:01.193+0000] {logging_mixin.py:150} INFO - [2023-07-27T02:02:01.193+0000] {dag.py:2742} INFO - Sync 1 DAGs
[2023-07-27T02:02:01.222+0000] {logging_mixin.py:150} INFO - [2023-07-27T02:02:01.222+0000] {dag.py:3508} INFO - Setting next_dagrun for example_short_circuit_operator to 2023-07-26T02:02:01.222100+00:00, run_after=2023-07-27T02:02:01.222100+00:00
[2023-07-27T02:02:01.246+0000] {processor.py:179} INFO - Processing /home/airflow/.local/lib/python3.7/site-packages/airflow/example_dags/example_short_circuit_operator.py took 0.097 seconds
[2023-07-27T02:02:31.311+0000] {processor.py:157} INFO - Started process (PID=5126) to work on /home/airflow/.local/lib/python3.7/site-packages/airflow/example_dags/example_short_circuit_operator.py
[2023-07-27T02:02:31.313+0000] {processor.py:826} INFO - Processing file /home/airflow/.local/lib/python3.7/site-packages/airflow/example_dags/example_short_circuit_operator.py for tasks to queue
[2023-07-27T02:02:31.314+0000] {logging_mixin.py:150} INFO - [2023-07-27T02:02:31.313+0000] {dagbag.py:541} INFO - Filling up the DagBag from /home/airflow/.local/lib/python3.7/site-packages/airflow/example_dags/example_short_circuit_operator.py
[2023-07-27T02:02:31.323+0000] {processor.py:836} INFO - DAG(s) dict_keys(['example_short_circuit_operator']) retrieved from /home/airflow/.local/lib/python3.7/site-packages/airflow/example_dags/example_short_circuit_operator.py
[2023-07-27T02:02:31.351+0000] {logging_mixin.py:150} INFO - [2023-07-27T02:02:31.350+0000] {dag.py:2742} INFO - Sync 1 DAGs
[2023-07-27T02:02:31.377+0000] {logging_mixin.py:150} INFO - [2023-07-27T02:02:31.377+0000] {dag.py:3508} INFO - Setting next_dagrun for example_short_circuit_operator to 2023-07-26T02:02:31.377262+00:00, run_after=2023-07-27T02:02:31.377262+00:00
[2023-07-27T02:02:31.400+0000] {processor.py:179} INFO - Processing /home/airflow/.local/lib/python3.7/site-packages/airflow/example_dags/example_short_circuit_operator.py took 0.092 seconds
[2023-07-27T02:03:01.526+0000] {processor.py:157} INFO - Started process (PID=5186) to work on /home/airflow/.local/lib/python3.7/site-packages/airflow/example_dags/example_short_circuit_operator.py
[2023-07-27T02:03:01.527+0000] {processor.py:826} INFO - Processing file /home/airflow/.local/lib/python3.7/site-packages/airflow/example_dags/example_short_circuit_operator.py for tasks to queue
[2023-07-27T02:03:01.528+0000] {logging_mixin.py:150} INFO - [2023-07-27T02:03:01.528+0000] {dagbag.py:541} INFO - Filling up the DagBag from /home/airflow/.local/lib/python3.7/site-packages/airflow/example_dags/example_short_circuit_operator.py
[2023-07-27T02:03:01.537+0000] {processor.py:836} INFO - DAG(s) dict_keys(['example_short_circuit_operator']) retrieved from /home/airflow/.local/lib/python3.7/site-packages/airflow/example_dags/example_short_circuit_operator.py
[2023-07-27T02:03:01.565+0000] {logging_mixin.py:150} INFO - [2023-07-27T02:03:01.565+0000] {dag.py:2742} INFO - Sync 1 DAGs
[2023-07-27T02:03:01.593+0000] {logging_mixin.py:150} INFO - [2023-07-27T02:03:01.593+0000] {dag.py:3508} INFO - Setting next_dagrun for example_short_circuit_operator to 2023-07-26T02:03:01.592809+00:00, run_after=2023-07-27T02:03:01.592809+00:00
[2023-07-27T02:03:01.629+0000] {processor.py:179} INFO - Processing /home/airflow/.local/lib/python3.7/site-packages/airflow/example_dags/example_short_circuit_operator.py took 0.106 seconds
[2023-07-27T02:03:31.747+0000] {processor.py:157} INFO - Started process (PID=5246) to work on /home/airflow/.local/lib/python3.7/site-packages/airflow/example_dags/example_short_circuit_operator.py
[2023-07-27T02:03:31.748+0000] {processor.py:826} INFO - Processing file /home/airflow/.local/lib/python3.7/site-packages/airflow/example_dags/example_short_circuit_operator.py for tasks to queue
[2023-07-27T02:03:31.750+0000] {logging_mixin.py:150} INFO - [2023-07-27T02:03:31.749+0000] {dagbag.py:541} INFO - Filling up the DagBag from /home/airflow/.local/lib/python3.7/site-packages/airflow/example_dags/example_short_circuit_operator.py
[2023-07-27T02:03:31.759+0000] {processor.py:836} INFO - DAG(s) dict_keys(['example_short_circuit_operator']) retrieved from /home/airflow/.local/lib/python3.7/site-packages/airflow/example_dags/example_short_circuit_operator.py
[2023-07-27T02:03:31.788+0000] {logging_mixin.py:150} INFO - [2023-07-27T02:03:31.788+0000] {dag.py:2742} INFO - Sync 1 DAGs
[2023-07-27T02:03:31.818+0000] {logging_mixin.py:150} INFO - [2023-07-27T02:03:31.818+0000] {dag.py:3508} INFO - Setting next_dagrun for example_short_circuit_operator to 2023-07-26T02:03:31.818438+00:00, run_after=2023-07-27T02:03:31.818438+00:00
[2023-07-27T02:03:31.844+0000] {processor.py:179} INFO - Processing /home/airflow/.local/lib/python3.7/site-packages/airflow/example_dags/example_short_circuit_operator.py took 0.101 seconds
[2023-07-27T02:04:02.434+0000] {processor.py:157} INFO - Started process (PID=5307) to work on /home/airflow/.local/lib/python3.7/site-packages/airflow/example_dags/example_short_circuit_operator.py
[2023-07-27T02:04:02.435+0000] {processor.py:826} INFO - Processing file /home/airflow/.local/lib/python3.7/site-packages/airflow/example_dags/example_short_circuit_operator.py for tasks to queue
[2023-07-27T02:04:02.436+0000] {logging_mixin.py:150} INFO - [2023-07-27T02:04:02.436+0000] {dagbag.py:541} INFO - Filling up the DagBag from /home/airflow/.local/lib/python3.7/site-packages/airflow/example_dags/example_short_circuit_operator.py
[2023-07-27T02:04:02.446+0000] {processor.py:836} INFO - DAG(s) dict_keys(['example_short_circuit_operator']) retrieved from /home/airflow/.local/lib/python3.7/site-packages/airflow/example_dags/example_short_circuit_operator.py
[2023-07-27T02:04:02.477+0000] {logging_mixin.py:150} INFO - [2023-07-27T02:04:02.476+0000] {dag.py:2742} INFO - Sync 1 DAGs
[2023-07-27T02:04:02.506+0000] {logging_mixin.py:150} INFO - [2023-07-27T02:04:02.506+0000] {dag.py:3508} INFO - Setting next_dagrun for example_short_circuit_operator to 2023-07-26T02:04:02.506411+00:00, run_after=2023-07-27T02:04:02.506411+00:00
[2023-07-27T02:04:02.531+0000] {processor.py:179} INFO - Processing /home/airflow/.local/lib/python3.7/site-packages/airflow/example_dags/example_short_circuit_operator.py took 0.101 seconds
[2023-07-27T02:04:32.678+0000] {processor.py:157} INFO - Started process (PID=5367) to work on /home/airflow/.local/lib/python3.7/site-packages/airflow/example_dags/example_short_circuit_operator.py
[2023-07-27T02:04:32.680+0000] {processor.py:826} INFO - Processing file /home/airflow/.local/lib/python3.7/site-packages/airflow/example_dags/example_short_circuit_operator.py for tasks to queue
[2023-07-27T02:04:32.681+0000] {logging_mixin.py:150} INFO - [2023-07-27T02:04:32.680+0000] {dagbag.py:541} INFO - Filling up the DagBag from /home/airflow/.local/lib/python3.7/site-packages/airflow/example_dags/example_short_circuit_operator.py
[2023-07-27T02:04:32.690+0000] {processor.py:836} INFO - DAG(s) dict_keys(['example_short_circuit_operator']) retrieved from /home/airflow/.local/lib/python3.7/site-packages/airflow/example_dags/example_short_circuit_operator.py
[2023-07-27T02:04:32.718+0000] {logging_mixin.py:150} INFO - [2023-07-27T02:04:32.718+0000] {dag.py:2742} INFO - Sync 1 DAGs
[2023-07-27T02:04:32.745+0000] {logging_mixin.py:150} INFO - [2023-07-27T02:04:32.745+0000] {dag.py:3508} INFO - Setting next_dagrun for example_short_circuit_operator to 2023-07-26T02:04:32.745036+00:00, run_after=2023-07-27T02:04:32.745036+00:00
[2023-07-27T02:04:32.768+0000] {processor.py:179} INFO - Processing /home/airflow/.local/lib/python3.7/site-packages/airflow/example_dags/example_short_circuit_operator.py took 0.093 seconds
[2023-07-27T02:05:02.836+0000] {processor.py:157} INFO - Started process (PID=5426) to work on /home/airflow/.local/lib/python3.7/site-packages/airflow/example_dags/example_short_circuit_operator.py
[2023-07-27T02:05:02.837+0000] {processor.py:826} INFO - Processing file /home/airflow/.local/lib/python3.7/site-packages/airflow/example_dags/example_short_circuit_operator.py for tasks to queue
[2023-07-27T02:05:02.839+0000] {logging_mixin.py:150} INFO - [2023-07-27T02:05:02.838+0000] {dagbag.py:541} INFO - Filling up the DagBag from /home/airflow/.local/lib/python3.7/site-packages/airflow/example_dags/example_short_circuit_operator.py
[2023-07-27T02:05:02.848+0000] {processor.py:836} INFO - DAG(s) dict_keys(['example_short_circuit_operator']) retrieved from /home/airflow/.local/lib/python3.7/site-packages/airflow/example_dags/example_short_circuit_operator.py
[2023-07-27T02:05:02.877+0000] {logging_mixin.py:150} INFO - [2023-07-27T02:05:02.877+0000] {dag.py:2742} INFO - Sync 1 DAGs
[2023-07-27T02:05:02.907+0000] {logging_mixin.py:150} INFO - [2023-07-27T02:05:02.907+0000] {dag.py:3508} INFO - Setting next_dagrun for example_short_circuit_operator to 2023-07-26T02:05:02.906777+00:00, run_after=2023-07-27T02:05:02.906777+00:00
[2023-07-27T02:05:02.937+0000] {processor.py:179} INFO - Processing /home/airflow/.local/lib/python3.7/site-packages/airflow/example_dags/example_short_circuit_operator.py took 0.105 seconds
[2023-07-27T02:05:33.274+0000] {processor.py:157} INFO - Started process (PID=5487) to work on /home/airflow/.local/lib/python3.7/site-packages/airflow/example_dags/example_short_circuit_operator.py
[2023-07-27T02:05:33.275+0000] {processor.py:826} INFO - Processing file /home/airflow/.local/lib/python3.7/site-packages/airflow/example_dags/example_short_circuit_operator.py for tasks to queue
[2023-07-27T02:05:33.276+0000] {logging_mixin.py:150} INFO - [2023-07-27T02:05:33.276+0000] {dagbag.py:541} INFO - Filling up the DagBag from /home/airflow/.local/lib/python3.7/site-packages/airflow/example_dags/example_short_circuit_operator.py
[2023-07-27T02:05:33.285+0000] {processor.py:836} INFO - DAG(s) dict_keys(['example_short_circuit_operator']) retrieved from /home/airflow/.local/lib/python3.7/site-packages/airflow/example_dags/example_short_circuit_operator.py
[2023-07-27T02:05:33.314+0000] {logging_mixin.py:150} INFO - [2023-07-27T02:05:33.314+0000] {dag.py:2742} INFO - Sync 1 DAGs
[2023-07-27T02:05:33.343+0000] {logging_mixin.py:150} INFO - [2023-07-27T02:05:33.343+0000] {dag.py:3508} INFO - Setting next_dagrun for example_short_circuit_operator to 2023-07-26T02:05:33.342819+00:00, run_after=2023-07-27T02:05:33.342819+00:00
[2023-07-27T02:05:33.481+0000] {processor.py:179} INFO - Processing /home/airflow/.local/lib/python3.7/site-packages/airflow/example_dags/example_short_circuit_operator.py took 0.211 seconds
[2023-07-27T02:06:03.891+0000] {processor.py:157} INFO - Started process (PID=5546) to work on /home/airflow/.local/lib/python3.7/site-packages/airflow/example_dags/example_short_circuit_operator.py
[2023-07-27T02:06:03.892+0000] {processor.py:826} INFO - Processing file /home/airflow/.local/lib/python3.7/site-packages/airflow/example_dags/example_short_circuit_operator.py for tasks to queue
[2023-07-27T02:06:03.893+0000] {logging_mixin.py:150} INFO - [2023-07-27T02:06:03.893+0000] {dagbag.py:541} INFO - Filling up the DagBag from /home/airflow/.local/lib/python3.7/site-packages/airflow/example_dags/example_short_circuit_operator.py
[2023-07-27T02:06:03.902+0000] {processor.py:836} INFO - DAG(s) dict_keys(['example_short_circuit_operator']) retrieved from /home/airflow/.local/lib/python3.7/site-packages/airflow/example_dags/example_short_circuit_operator.py
[2023-07-27T02:06:03.930+0000] {logging_mixin.py:150} INFO - [2023-07-27T02:06:03.930+0000] {dag.py:2742} INFO - Sync 1 DAGs
[2023-07-27T02:06:03.958+0000] {logging_mixin.py:150} INFO - [2023-07-27T02:06:03.958+0000] {dag.py:3508} INFO - Setting next_dagrun for example_short_circuit_operator to 2023-07-26T02:06:03.957878+00:00, run_after=2023-07-27T02:06:03.957878+00:00
[2023-07-27T02:06:03.981+0000] {processor.py:179} INFO - Processing /home/airflow/.local/lib/python3.7/site-packages/airflow/example_dags/example_short_circuit_operator.py took 0.094 seconds
[2023-07-27T02:06:34.470+0000] {processor.py:157} INFO - Started process (PID=5606) to work on /home/airflow/.local/lib/python3.7/site-packages/airflow/example_dags/example_short_circuit_operator.py
[2023-07-27T02:06:34.472+0000] {processor.py:826} INFO - Processing file /home/airflow/.local/lib/python3.7/site-packages/airflow/example_dags/example_short_circuit_operator.py for tasks to queue
[2023-07-27T02:06:34.473+0000] {logging_mixin.py:150} INFO - [2023-07-27T02:06:34.473+0000] {dagbag.py:541} INFO - Filling up the DagBag from /home/airflow/.local/lib/python3.7/site-packages/airflow/example_dags/example_short_circuit_operator.py
[2023-07-27T02:06:34.481+0000] {processor.py:836} INFO - DAG(s) dict_keys(['example_short_circuit_operator']) retrieved from /home/airflow/.local/lib/python3.7/site-packages/airflow/example_dags/example_short_circuit_operator.py
[2023-07-27T02:06:34.510+0000] {logging_mixin.py:150} INFO - [2023-07-27T02:06:34.510+0000] {dag.py:2742} INFO - Sync 1 DAGs
[2023-07-27T02:06:34.538+0000] {logging_mixin.py:150} INFO - [2023-07-27T02:06:34.538+0000] {dag.py:3508} INFO - Setting next_dagrun for example_short_circuit_operator to 2023-07-26T02:06:34.538543+00:00, run_after=2023-07-27T02:06:34.538543+00:00
[2023-07-27T02:06:34.563+0000] {processor.py:179} INFO - Processing /home/airflow/.local/lib/python3.7/site-packages/airflow/example_dags/example_short_circuit_operator.py took 0.097 seconds
[2023-07-27T02:07:04.829+0000] {processor.py:157} INFO - Started process (PID=5666) to work on /home/airflow/.local/lib/python3.7/site-packages/airflow/example_dags/example_short_circuit_operator.py
[2023-07-27T02:07:04.832+0000] {processor.py:826} INFO - Processing file /home/airflow/.local/lib/python3.7/site-packages/airflow/example_dags/example_short_circuit_operator.py for tasks to queue
[2023-07-27T02:07:04.836+0000] {logging_mixin.py:150} INFO - [2023-07-27T02:07:04.836+0000] {dagbag.py:541} INFO - Filling up the DagBag from /home/airflow/.local/lib/python3.7/site-packages/airflow/example_dags/example_short_circuit_operator.py
[2023-07-27T02:07:04.859+0000] {processor.py:836} INFO - DAG(s) dict_keys(['example_short_circuit_operator']) retrieved from /home/airflow/.local/lib/python3.7/site-packages/airflow/example_dags/example_short_circuit_operator.py
[2023-07-27T02:07:04.901+0000] {logging_mixin.py:150} INFO - [2023-07-27T02:07:04.901+0000] {dag.py:2742} INFO - Sync 1 DAGs
[2023-07-27T02:07:05.119+0000] {logging_mixin.py:150} INFO - [2023-07-27T02:07:05.118+0000] {dag.py:3508} INFO - Setting next_dagrun for example_short_circuit_operator to 2023-07-26T02:07:05.118606+00:00, run_after=2023-07-27T02:07:05.118606+00:00
[2023-07-27T02:07:05.146+0000] {processor.py:179} INFO - Processing /home/airflow/.local/lib/python3.7/site-packages/airflow/example_dags/example_short_circuit_operator.py took 0.322 seconds
[2023-07-27T02:07:35.624+0000] {processor.py:157} INFO - Started process (PID=5726) to work on /home/airflow/.local/lib/python3.7/site-packages/airflow/example_dags/example_short_circuit_operator.py
[2023-07-27T02:07:35.625+0000] {processor.py:826} INFO - Processing file /home/airflow/.local/lib/python3.7/site-packages/airflow/example_dags/example_short_circuit_operator.py for tasks to queue
[2023-07-27T02:07:35.626+0000] {logging_mixin.py:150} INFO - [2023-07-27T02:07:35.626+0000] {dagbag.py:541} INFO - Filling up the DagBag from /home/airflow/.local/lib/python3.7/site-packages/airflow/example_dags/example_short_circuit_operator.py
[2023-07-27T02:07:35.636+0000] {processor.py:836} INFO - DAG(s) dict_keys(['example_short_circuit_operator']) retrieved from /home/airflow/.local/lib/python3.7/site-packages/airflow/example_dags/example_short_circuit_operator.py
[2023-07-27T02:07:35.670+0000] {logging_mixin.py:150} INFO - [2023-07-27T02:07:35.670+0000] {dag.py:2742} INFO - Sync 1 DAGs
[2023-07-27T02:07:35.700+0000] {logging_mixin.py:150} INFO - [2023-07-27T02:07:35.699+0000] {dag.py:3508} INFO - Setting next_dagrun for example_short_circuit_operator to 2023-07-26T02:07:35.699736+00:00, run_after=2023-07-27T02:07:35.699736+00:00
[2023-07-27T02:07:35.866+0000] {processor.py:179} INFO - Processing /home/airflow/.local/lib/python3.7/site-packages/airflow/example_dags/example_short_circuit_operator.py took 0.247 seconds
[2023-07-27T02:08:06.067+0000] {processor.py:157} INFO - Started process (PID=5786) to work on /home/airflow/.local/lib/python3.7/site-packages/airflow/example_dags/example_short_circuit_operator.py
[2023-07-27T02:08:06.068+0000] {processor.py:826} INFO - Processing file /home/airflow/.local/lib/python3.7/site-packages/airflow/example_dags/example_short_circuit_operator.py for tasks to queue
[2023-07-27T02:08:06.070+0000] {logging_mixin.py:150} INFO - [2023-07-27T02:08:06.069+0000] {dagbag.py:541} INFO - Filling up the DagBag from /home/airflow/.local/lib/python3.7/site-packages/airflow/example_dags/example_short_circuit_operator.py
[2023-07-27T02:08:06.080+0000] {processor.py:836} INFO - DAG(s) dict_keys(['example_short_circuit_operator']) retrieved from /home/airflow/.local/lib/python3.7/site-packages/airflow/example_dags/example_short_circuit_operator.py
[2023-07-27T02:08:06.112+0000] {logging_mixin.py:150} INFO - [2023-07-27T02:08:06.112+0000] {dag.py:2742} INFO - Sync 1 DAGs
[2023-07-27T02:08:06.142+0000] {logging_mixin.py:150} INFO - [2023-07-27T02:08:06.141+0000] {dag.py:3508} INFO - Setting next_dagrun for example_short_circuit_operator to 2023-07-26T02:08:06.141581+00:00, run_after=2023-07-27T02:08:06.141581+00:00
[2023-07-27T02:08:06.182+0000] {processor.py:179} INFO - Processing /home/airflow/.local/lib/python3.7/site-packages/airflow/example_dags/example_short_circuit_operator.py took 0.119 seconds
[2023-07-27T02:08:36.310+0000] {processor.py:157} INFO - Started process (PID=5846) to work on /home/airflow/.local/lib/python3.7/site-packages/airflow/example_dags/example_short_circuit_operator.py
[2023-07-27T02:08:36.311+0000] {processor.py:826} INFO - Processing file /home/airflow/.local/lib/python3.7/site-packages/airflow/example_dags/example_short_circuit_operator.py for tasks to queue
[2023-07-27T02:08:36.312+0000] {logging_mixin.py:150} INFO - [2023-07-27T02:08:36.312+0000] {dagbag.py:541} INFO - Filling up the DagBag from /home/airflow/.local/lib/python3.7/site-packages/airflow/example_dags/example_short_circuit_operator.py
[2023-07-27T02:08:36.321+0000] {processor.py:836} INFO - DAG(s) dict_keys(['example_short_circuit_operator']) retrieved from /home/airflow/.local/lib/python3.7/site-packages/airflow/example_dags/example_short_circuit_operator.py
[2023-07-27T02:08:36.350+0000] {logging_mixin.py:150} INFO - [2023-07-27T02:08:36.350+0000] {dag.py:2742} INFO - Sync 1 DAGs
[2023-07-27T02:08:36.485+0000] {logging_mixin.py:150} INFO - [2023-07-27T02:08:36.485+0000] {dag.py:3508} INFO - Setting next_dagrun for example_short_circuit_operator to 2023-07-26T02:08:36.484925+00:00, run_after=2023-07-27T02:08:36.484925+00:00
[2023-07-27T02:08:36.516+0000] {processor.py:179} INFO - Processing /home/airflow/.local/lib/python3.7/site-packages/airflow/example_dags/example_short_circuit_operator.py took 0.209 seconds
[2023-07-27T02:09:06.651+0000] {processor.py:157} INFO - Started process (PID=5905) to work on /home/airflow/.local/lib/python3.7/site-packages/airflow/example_dags/example_short_circuit_operator.py
[2023-07-27T02:09:06.652+0000] {processor.py:826} INFO - Processing file /home/airflow/.local/lib/python3.7/site-packages/airflow/example_dags/example_short_circuit_operator.py for tasks to queue
[2023-07-27T02:09:06.653+0000] {logging_mixin.py:150} INFO - [2023-07-27T02:09:06.653+0000] {dagbag.py:541} INFO - Filling up the DagBag from /home/airflow/.local/lib/python3.7/site-packages/airflow/example_dags/example_short_circuit_operator.py
[2023-07-27T02:09:06.662+0000] {processor.py:836} INFO - DAG(s) dict_keys(['example_short_circuit_operator']) retrieved from /home/airflow/.local/lib/python3.7/site-packages/airflow/example_dags/example_short_circuit_operator.py
[2023-07-27T02:09:06.692+0000] {logging_mixin.py:150} INFO - [2023-07-27T02:09:06.692+0000] {dag.py:2742} INFO - Sync 1 DAGs
[2023-07-27T02:09:06.722+0000] {logging_mixin.py:150} INFO - [2023-07-27T02:09:06.722+0000] {dag.py:3508} INFO - Setting next_dagrun for example_short_circuit_operator to 2023-07-26T02:09:06.721781+00:00, run_after=2023-07-27T02:09:06.721781+00:00
[2023-07-27T02:09:06.861+0000] {processor.py:179} INFO - Processing /home/airflow/.local/lib/python3.7/site-packages/airflow/example_dags/example_short_circuit_operator.py took 0.214 seconds
[2023-07-27T02:09:37.714+0000] {processor.py:157} INFO - Started process (PID=5960) to work on /home/airflow/.local/lib/python3.7/site-packages/airflow/example_dags/example_short_circuit_operator.py
[2023-07-27T02:09:37.715+0000] {processor.py:826} INFO - Processing file /home/airflow/.local/lib/python3.7/site-packages/airflow/example_dags/example_short_circuit_operator.py for tasks to queue
[2023-07-27T02:09:37.716+0000] {logging_mixin.py:150} INFO - [2023-07-27T02:09:37.716+0000] {dagbag.py:541} INFO - Filling up the DagBag from /home/airflow/.local/lib/python3.7/site-packages/airflow/example_dags/example_short_circuit_operator.py
[2023-07-27T02:09:37.726+0000] {processor.py:836} INFO - DAG(s) dict_keys(['example_short_circuit_operator']) retrieved from /home/airflow/.local/lib/python3.7/site-packages/airflow/example_dags/example_short_circuit_operator.py
[2023-07-27T02:09:37.754+0000] {logging_mixin.py:150} INFO - [2023-07-27T02:09:37.754+0000] {dag.py:2742} INFO - Sync 1 DAGs
[2023-07-27T02:09:37.782+0000] {logging_mixin.py:150} INFO - [2023-07-27T02:09:37.782+0000] {dag.py:3508} INFO - Setting next_dagrun for example_short_circuit_operator to 2023-07-26T02:09:37.782476+00:00, run_after=2023-07-27T02:09:37.782476+00:00
[2023-07-27T02:09:37.805+0000] {processor.py:179} INFO - Processing /home/airflow/.local/lib/python3.7/site-packages/airflow/example_dags/example_short_circuit_operator.py took 0.095 seconds
[2023-07-27T02:10:08.227+0000] {processor.py:157} INFO - Started process (PID=6020) to work on /home/airflow/.local/lib/python3.7/site-packages/airflow/example_dags/example_short_circuit_operator.py
[2023-07-27T02:10:08.229+0000] {processor.py:826} INFO - Processing file /home/airflow/.local/lib/python3.7/site-packages/airflow/example_dags/example_short_circuit_operator.py for tasks to queue
[2023-07-27T02:10:08.230+0000] {logging_mixin.py:150} INFO - [2023-07-27T02:10:08.229+0000] {dagbag.py:541} INFO - Filling up the DagBag from /home/airflow/.local/lib/python3.7/site-packages/airflow/example_dags/example_short_circuit_operator.py
[2023-07-27T02:10:08.242+0000] {processor.py:836} INFO - DAG(s) dict_keys(['example_short_circuit_operator']) retrieved from /home/airflow/.local/lib/python3.7/site-packages/airflow/example_dags/example_short_circuit_operator.py
[2023-07-27T02:10:08.276+0000] {logging_mixin.py:150} INFO - [2023-07-27T02:10:08.275+0000] {dag.py:2742} INFO - Sync 1 DAGs
[2023-07-27T02:10:08.440+0000] {logging_mixin.py:150} INFO - [2023-07-27T02:10:08.440+0000] {dag.py:3508} INFO - Setting next_dagrun for example_short_circuit_operator to 2023-07-26T02:10:08.439823+00:00, run_after=2023-07-27T02:10:08.439823+00:00
[2023-07-27T02:10:08.469+0000] {processor.py:179} INFO - Processing /home/airflow/.local/lib/python3.7/site-packages/airflow/example_dags/example_short_circuit_operator.py took 0.246 seconds
[2023-07-27T02:10:39.040+0000] {processor.py:157} INFO - Started process (PID=6081) to work on /home/airflow/.local/lib/python3.7/site-packages/airflow/example_dags/example_short_circuit_operator.py
[2023-07-27T02:10:39.041+0000] {processor.py:826} INFO - Processing file /home/airflow/.local/lib/python3.7/site-packages/airflow/example_dags/example_short_circuit_operator.py for tasks to queue
[2023-07-27T02:10:39.043+0000] {logging_mixin.py:150} INFO - [2023-07-27T02:10:39.042+0000] {dagbag.py:541} INFO - Filling up the DagBag from /home/airflow/.local/lib/python3.7/site-packages/airflow/example_dags/example_short_circuit_operator.py
[2023-07-27T02:10:39.052+0000] {processor.py:836} INFO - DAG(s) dict_keys(['example_short_circuit_operator']) retrieved from /home/airflow/.local/lib/python3.7/site-packages/airflow/example_dags/example_short_circuit_operator.py
[2023-07-27T02:10:39.082+0000] {logging_mixin.py:150} INFO - [2023-07-27T02:10:39.082+0000] {dag.py:2742} INFO - Sync 1 DAGs
[2023-07-27T02:10:39.114+0000] {logging_mixin.py:150} INFO - [2023-07-27T02:10:39.113+0000] {dag.py:3508} INFO - Setting next_dagrun for example_short_circuit_operator to 2023-07-26T02:10:39.113713+00:00, run_after=2023-07-27T02:10:39.113713+00:00
[2023-07-27T02:10:39.272+0000] {processor.py:179} INFO - Processing /home/airflow/.local/lib/python3.7/site-packages/airflow/example_dags/example_short_circuit_operator.py took 0.236 seconds
