[2023-07-27T01:39:09.470+0000] {processor.py:157} INFO - Started process (PID=2371) to work on /home/airflow/.local/lib/python3.7/site-packages/airflow/example_dags/example_skip_dag.py
[2023-07-27T01:39:09.472+0000] {processor.py:826} INFO - Processing file /home/airflow/.local/lib/python3.7/site-packages/airflow/example_dags/example_skip_dag.py for tasks to queue
[2023-07-27T01:39:09.473+0000] {logging_mixin.py:150} INFO - [2023-07-27T01:39:09.473+0000] {dagbag.py:541} INFO - Filling up the DagBag from /home/airflow/.local/lib/python3.7/site-packages/airflow/example_dags/example_skip_dag.py
[2023-07-27T01:39:09.488+0000] {processor.py:836} INFO - DAG(s) dict_keys(['example_skip_dag']) retrieved from /home/airflow/.local/lib/python3.7/site-packages/airflow/example_dags/example_skip_dag.py
[2023-07-27T01:39:09.530+0000] {logging_mixin.py:150} INFO - [2023-07-27T01:39:09.530+0000] {dag.py:2742} INFO - Sync 1 DAGs
[2023-07-27T01:39:09.570+0000] {logging_mixin.py:150} INFO - [2023-07-27T01:39:09.569+0000] {dag.py:3508} INFO - Setting next_dagrun for example_skip_dag to 2023-07-26T01:39:09.569499+00:00, run_after=2023-07-27T01:39:09.569499+00:00
[2023-07-27T01:39:09.630+0000] {processor.py:179} INFO - Processing /home/airflow/.local/lib/python3.7/site-packages/airflow/example_dags/example_skip_dag.py took 0.165 seconds
[2023-07-27T01:39:39.790+0000] {processor.py:157} INFO - Started process (PID=2431) to work on /home/airflow/.local/lib/python3.7/site-packages/airflow/example_dags/example_skip_dag.py
[2023-07-27T01:39:39.791+0000] {processor.py:826} INFO - Processing file /home/airflow/.local/lib/python3.7/site-packages/airflow/example_dags/example_skip_dag.py for tasks to queue
[2023-07-27T01:39:39.792+0000] {logging_mixin.py:150} INFO - [2023-07-27T01:39:39.792+0000] {dagbag.py:541} INFO - Filling up the DagBag from /home/airflow/.local/lib/python3.7/site-packages/airflow/example_dags/example_skip_dag.py
[2023-07-27T01:39:39.800+0000] {processor.py:836} INFO - DAG(s) dict_keys(['example_skip_dag']) retrieved from /home/airflow/.local/lib/python3.7/site-packages/airflow/example_dags/example_skip_dag.py
[2023-07-27T01:39:39.827+0000] {logging_mixin.py:150} INFO - [2023-07-27T01:39:39.827+0000] {dag.py:2742} INFO - Sync 1 DAGs
[2023-07-27T01:39:39.856+0000] {logging_mixin.py:150} INFO - [2023-07-27T01:39:39.856+0000] {dag.py:3508} INFO - Setting next_dagrun for example_skip_dag to 2023-07-26T01:39:39.856277+00:00, run_after=2023-07-27T01:39:39.856277+00:00
[2023-07-27T01:39:39.879+0000] {processor.py:179} INFO - Processing /home/airflow/.local/lib/python3.7/site-packages/airflow/example_dags/example_skip_dag.py took 0.093 seconds
[2023-07-27T01:40:10.612+0000] {processor.py:157} INFO - Started process (PID=2491) to work on /home/airflow/.local/lib/python3.7/site-packages/airflow/example_dags/example_skip_dag.py
[2023-07-27T01:40:10.613+0000] {processor.py:826} INFO - Processing file /home/airflow/.local/lib/python3.7/site-packages/airflow/example_dags/example_skip_dag.py for tasks to queue
[2023-07-27T01:40:10.615+0000] {logging_mixin.py:150} INFO - [2023-07-27T01:40:10.615+0000] {dagbag.py:541} INFO - Filling up the DagBag from /home/airflow/.local/lib/python3.7/site-packages/airflow/example_dags/example_skip_dag.py
[2023-07-27T01:40:10.628+0000] {processor.py:836} INFO - DAG(s) dict_keys(['example_skip_dag']) retrieved from /home/airflow/.local/lib/python3.7/site-packages/airflow/example_dags/example_skip_dag.py
[2023-07-27T01:40:10.660+0000] {logging_mixin.py:150} INFO - [2023-07-27T01:40:10.660+0000] {dag.py:2742} INFO - Sync 1 DAGs
[2023-07-27T01:40:10.718+0000] {logging_mixin.py:150} INFO - [2023-07-27T01:40:10.718+0000] {dag.py:3508} INFO - Setting next_dagrun for example_skip_dag to 2023-07-26T01:40:10.717560+00:00, run_after=2023-07-27T01:40:10.717560+00:00
[2023-07-27T01:40:10.753+0000] {processor.py:179} INFO - Processing /home/airflow/.local/lib/python3.7/site-packages/airflow/example_dags/example_skip_dag.py took 0.145 seconds
[2023-07-27T01:40:40.987+0000] {processor.py:157} INFO - Started process (PID=2552) to work on /home/airflow/.local/lib/python3.7/site-packages/airflow/example_dags/example_skip_dag.py
[2023-07-27T01:40:40.988+0000] {processor.py:826} INFO - Processing file /home/airflow/.local/lib/python3.7/site-packages/airflow/example_dags/example_skip_dag.py for tasks to queue
[2023-07-27T01:40:40.989+0000] {logging_mixin.py:150} INFO - [2023-07-27T01:40:40.989+0000] {dagbag.py:541} INFO - Filling up the DagBag from /home/airflow/.local/lib/python3.7/site-packages/airflow/example_dags/example_skip_dag.py
[2023-07-27T01:40:40.997+0000] {processor.py:836} INFO - DAG(s) dict_keys(['example_skip_dag']) retrieved from /home/airflow/.local/lib/python3.7/site-packages/airflow/example_dags/example_skip_dag.py
[2023-07-27T01:40:41.023+0000] {logging_mixin.py:150} INFO - [2023-07-27T01:40:41.023+0000] {dag.py:2742} INFO - Sync 1 DAGs
[2023-07-27T01:40:41.052+0000] {logging_mixin.py:150} INFO - [2023-07-27T01:40:41.052+0000] {dag.py:3508} INFO - Setting next_dagrun for example_skip_dag to 2023-07-26T01:40:41.052015+00:00, run_after=2023-07-27T01:40:41.052015+00:00
[2023-07-27T01:40:41.077+0000] {processor.py:179} INFO - Processing /home/airflow/.local/lib/python3.7/site-packages/airflow/example_dags/example_skip_dag.py took 0.094 seconds
[2023-07-27T01:41:11.991+0000] {processor.py:157} INFO - Started process (PID=2612) to work on /home/airflow/.local/lib/python3.7/site-packages/airflow/example_dags/example_skip_dag.py
[2023-07-27T01:41:11.992+0000] {processor.py:826} INFO - Processing file /home/airflow/.local/lib/python3.7/site-packages/airflow/example_dags/example_skip_dag.py for tasks to queue
[2023-07-27T01:41:11.993+0000] {logging_mixin.py:150} INFO - [2023-07-27T01:41:11.993+0000] {dagbag.py:541} INFO - Filling up the DagBag from /home/airflow/.local/lib/python3.7/site-packages/airflow/example_dags/example_skip_dag.py
[2023-07-27T01:41:12.001+0000] {processor.py:836} INFO - DAG(s) dict_keys(['example_skip_dag']) retrieved from /home/airflow/.local/lib/python3.7/site-packages/airflow/example_dags/example_skip_dag.py
[2023-07-27T01:41:12.027+0000] {logging_mixin.py:150} INFO - [2023-07-27T01:41:12.027+0000] {dag.py:2742} INFO - Sync 1 DAGs
[2023-07-27T01:41:12.056+0000] {logging_mixin.py:150} INFO - [2023-07-27T01:41:12.056+0000] {dag.py:3508} INFO - Setting next_dagrun for example_skip_dag to 2023-07-26T01:41:12.056233+00:00, run_after=2023-07-27T01:41:12.056233+00:00
[2023-07-27T01:41:12.080+0000] {processor.py:179} INFO - Processing /home/airflow/.local/lib/python3.7/site-packages/airflow/example_dags/example_skip_dag.py took 0.092 seconds
[2023-07-27T01:41:42.461+0000] {processor.py:157} INFO - Started process (PID=2672) to work on /home/airflow/.local/lib/python3.7/site-packages/airflow/example_dags/example_skip_dag.py
[2023-07-27T01:41:42.462+0000] {processor.py:826} INFO - Processing file /home/airflow/.local/lib/python3.7/site-packages/airflow/example_dags/example_skip_dag.py for tasks to queue
[2023-07-27T01:41:42.463+0000] {logging_mixin.py:150} INFO - [2023-07-27T01:41:42.463+0000] {dagbag.py:541} INFO - Filling up the DagBag from /home/airflow/.local/lib/python3.7/site-packages/airflow/example_dags/example_skip_dag.py
[2023-07-27T01:41:42.471+0000] {processor.py:836} INFO - DAG(s) dict_keys(['example_skip_dag']) retrieved from /home/airflow/.local/lib/python3.7/site-packages/airflow/example_dags/example_skip_dag.py
[2023-07-27T01:41:42.497+0000] {logging_mixin.py:150} INFO - [2023-07-27T01:41:42.497+0000] {dag.py:2742} INFO - Sync 1 DAGs
[2023-07-27T01:41:42.525+0000] {logging_mixin.py:150} INFO - [2023-07-27T01:41:42.525+0000] {dag.py:3508} INFO - Setting next_dagrun for example_skip_dag to 2023-07-26T01:41:42.525393+00:00, run_after=2023-07-27T01:41:42.525393+00:00
[2023-07-27T01:41:42.549+0000] {processor.py:179} INFO - Processing /home/airflow/.local/lib/python3.7/site-packages/airflow/example_dags/example_skip_dag.py took 0.091 seconds
[2023-07-27T01:42:13.122+0000] {processor.py:157} INFO - Started process (PID=2732) to work on /home/airflow/.local/lib/python3.7/site-packages/airflow/example_dags/example_skip_dag.py
[2023-07-27T01:42:13.124+0000] {processor.py:826} INFO - Processing file /home/airflow/.local/lib/python3.7/site-packages/airflow/example_dags/example_skip_dag.py for tasks to queue
[2023-07-27T01:42:13.125+0000] {logging_mixin.py:150} INFO - [2023-07-27T01:42:13.124+0000] {dagbag.py:541} INFO - Filling up the DagBag from /home/airflow/.local/lib/python3.7/site-packages/airflow/example_dags/example_skip_dag.py
[2023-07-27T01:42:13.133+0000] {processor.py:836} INFO - DAG(s) dict_keys(['example_skip_dag']) retrieved from /home/airflow/.local/lib/python3.7/site-packages/airflow/example_dags/example_skip_dag.py
[2023-07-27T01:42:13.165+0000] {logging_mixin.py:150} INFO - [2023-07-27T01:42:13.164+0000] {dag.py:2742} INFO - Sync 1 DAGs
[2023-07-27T01:42:13.192+0000] {logging_mixin.py:150} INFO - [2023-07-27T01:42:13.192+0000] {dag.py:3508} INFO - Setting next_dagrun for example_skip_dag to 2023-07-26T01:42:13.192394+00:00, run_after=2023-07-27T01:42:13.192394+00:00
[2023-07-27T01:42:13.215+0000] {processor.py:179} INFO - Processing /home/airflow/.local/lib/python3.7/site-packages/airflow/example_dags/example_skip_dag.py took 0.096 seconds
[2023-07-27T01:42:44.052+0000] {processor.py:157} INFO - Started process (PID=2801) to work on /home/airflow/.local/lib/python3.7/site-packages/airflow/example_dags/example_skip_dag.py
[2023-07-27T01:42:44.053+0000] {processor.py:826} INFO - Processing file /home/airflow/.local/lib/python3.7/site-packages/airflow/example_dags/example_skip_dag.py for tasks to queue
[2023-07-27T01:42:44.054+0000] {logging_mixin.py:150} INFO - [2023-07-27T01:42:44.053+0000] {dagbag.py:541} INFO - Filling up the DagBag from /home/airflow/.local/lib/python3.7/site-packages/airflow/example_dags/example_skip_dag.py
[2023-07-27T01:42:44.062+0000] {processor.py:836} INFO - DAG(s) dict_keys(['example_skip_dag']) retrieved from /home/airflow/.local/lib/python3.7/site-packages/airflow/example_dags/example_skip_dag.py
[2023-07-27T01:42:44.088+0000] {logging_mixin.py:150} INFO - [2023-07-27T01:42:44.088+0000] {dag.py:2742} INFO - Sync 1 DAGs
[2023-07-27T01:42:44.118+0000] {logging_mixin.py:150} INFO - [2023-07-27T01:42:44.118+0000] {dag.py:3508} INFO - Setting next_dagrun for example_skip_dag to 2023-07-26T01:42:44.118178+00:00, run_after=2023-07-27T01:42:44.118178+00:00
[2023-07-27T01:42:44.141+0000] {processor.py:179} INFO - Processing /home/airflow/.local/lib/python3.7/site-packages/airflow/example_dags/example_skip_dag.py took 0.093 seconds
[2023-07-27T01:43:14.428+0000] {processor.py:157} INFO - Started process (PID=2861) to work on /home/airflow/.local/lib/python3.7/site-packages/airflow/example_dags/example_skip_dag.py
[2023-07-27T01:43:14.429+0000] {processor.py:826} INFO - Processing file /home/airflow/.local/lib/python3.7/site-packages/airflow/example_dags/example_skip_dag.py for tasks to queue
[2023-07-27T01:43:14.430+0000] {logging_mixin.py:150} INFO - [2023-07-27T01:43:14.430+0000] {dagbag.py:541} INFO - Filling up the DagBag from /home/airflow/.local/lib/python3.7/site-packages/airflow/example_dags/example_skip_dag.py
[2023-07-27T01:43:14.439+0000] {processor.py:836} INFO - DAG(s) dict_keys(['example_skip_dag']) retrieved from /home/airflow/.local/lib/python3.7/site-packages/airflow/example_dags/example_skip_dag.py
[2023-07-27T01:43:14.465+0000] {logging_mixin.py:150} INFO - [2023-07-27T01:43:14.465+0000] {dag.py:2742} INFO - Sync 1 DAGs
[2023-07-27T01:43:14.492+0000] {logging_mixin.py:150} INFO - [2023-07-27T01:43:14.492+0000] {dag.py:3508} INFO - Setting next_dagrun for example_skip_dag to 2023-07-26T01:43:14.492075+00:00, run_after=2023-07-27T01:43:14.492075+00:00
[2023-07-27T01:43:14.515+0000] {processor.py:179} INFO - Processing /home/airflow/.local/lib/python3.7/site-packages/airflow/example_dags/example_skip_dag.py took 0.090 seconds
[2023-07-27T01:43:44.699+0000] {processor.py:157} INFO - Started process (PID=2921) to work on /home/airflow/.local/lib/python3.7/site-packages/airflow/example_dags/example_skip_dag.py
[2023-07-27T01:43:44.700+0000] {processor.py:826} INFO - Processing file /home/airflow/.local/lib/python3.7/site-packages/airflow/example_dags/example_skip_dag.py for tasks to queue
[2023-07-27T01:43:44.702+0000] {logging_mixin.py:150} INFO - [2023-07-27T01:43:44.701+0000] {dagbag.py:541} INFO - Filling up the DagBag from /home/airflow/.local/lib/python3.7/site-packages/airflow/example_dags/example_skip_dag.py
[2023-07-27T01:43:44.710+0000] {processor.py:836} INFO - DAG(s) dict_keys(['example_skip_dag']) retrieved from /home/airflow/.local/lib/python3.7/site-packages/airflow/example_dags/example_skip_dag.py
[2023-07-27T01:43:44.736+0000] {logging_mixin.py:150} INFO - [2023-07-27T01:43:44.736+0000] {dag.py:2742} INFO - Sync 1 DAGs
[2023-07-27T01:43:44.765+0000] {logging_mixin.py:150} INFO - [2023-07-27T01:43:44.765+0000] {dag.py:3508} INFO - Setting next_dagrun for example_skip_dag to 2023-07-26T01:43:44.764845+00:00, run_after=2023-07-27T01:43:44.764845+00:00
[2023-07-27T01:43:44.799+0000] {processor.py:179} INFO - Processing /home/airflow/.local/lib/python3.7/site-packages/airflow/example_dags/example_skip_dag.py took 0.103 seconds
[2023-07-27T01:44:15.596+0000] {processor.py:157} INFO - Started process (PID=2981) to work on /home/airflow/.local/lib/python3.7/site-packages/airflow/example_dags/example_skip_dag.py
[2023-07-27T01:44:15.597+0000] {processor.py:826} INFO - Processing file /home/airflow/.local/lib/python3.7/site-packages/airflow/example_dags/example_skip_dag.py for tasks to queue
[2023-07-27T01:44:15.598+0000] {logging_mixin.py:150} INFO - [2023-07-27T01:44:15.598+0000] {dagbag.py:541} INFO - Filling up the DagBag from /home/airflow/.local/lib/python3.7/site-packages/airflow/example_dags/example_skip_dag.py
[2023-07-27T01:44:15.606+0000] {processor.py:836} INFO - DAG(s) dict_keys(['example_skip_dag']) retrieved from /home/airflow/.local/lib/python3.7/site-packages/airflow/example_dags/example_skip_dag.py
[2023-07-27T01:44:15.634+0000] {logging_mixin.py:150} INFO - [2023-07-27T01:44:15.634+0000] {dag.py:2742} INFO - Sync 1 DAGs
[2023-07-27T01:44:15.668+0000] {logging_mixin.py:150} INFO - [2023-07-27T01:44:15.668+0000] {dag.py:3508} INFO - Setting next_dagrun for example_skip_dag to 2023-07-26T01:44:15.667705+00:00, run_after=2023-07-27T01:44:15.667705+00:00
[2023-07-27T01:44:15.694+0000] {processor.py:179} INFO - Processing /home/airflow/.local/lib/python3.7/site-packages/airflow/example_dags/example_skip_dag.py took 0.102 seconds
[2023-07-27T01:44:46.143+0000] {processor.py:157} INFO - Started process (PID=3041) to work on /home/airflow/.local/lib/python3.7/site-packages/airflow/example_dags/example_skip_dag.py
[2023-07-27T01:44:46.144+0000] {processor.py:826} INFO - Processing file /home/airflow/.local/lib/python3.7/site-packages/airflow/example_dags/example_skip_dag.py for tasks to queue
[2023-07-27T01:44:46.145+0000] {logging_mixin.py:150} INFO - [2023-07-27T01:44:46.145+0000] {dagbag.py:541} INFO - Filling up the DagBag from /home/airflow/.local/lib/python3.7/site-packages/airflow/example_dags/example_skip_dag.py
[2023-07-27T01:44:46.153+0000] {processor.py:836} INFO - DAG(s) dict_keys(['example_skip_dag']) retrieved from /home/airflow/.local/lib/python3.7/site-packages/airflow/example_dags/example_skip_dag.py
[2023-07-27T01:44:46.180+0000] {logging_mixin.py:150} INFO - [2023-07-27T01:44:46.180+0000] {dag.py:2742} INFO - Sync 1 DAGs
[2023-07-27T01:44:46.209+0000] {logging_mixin.py:150} INFO - [2023-07-27T01:44:46.209+0000] {dag.py:3508} INFO - Setting next_dagrun for example_skip_dag to 2023-07-26T01:44:46.209310+00:00, run_after=2023-07-27T01:44:46.209310+00:00
[2023-07-27T01:44:46.233+0000] {processor.py:179} INFO - Processing /home/airflow/.local/lib/python3.7/site-packages/airflow/example_dags/example_skip_dag.py took 0.094 seconds
[2023-07-27T01:45:16.478+0000] {processor.py:157} INFO - Started process (PID=3102) to work on /home/airflow/.local/lib/python3.7/site-packages/airflow/example_dags/example_skip_dag.py
[2023-07-27T01:45:16.479+0000] {processor.py:826} INFO - Processing file /home/airflow/.local/lib/python3.7/site-packages/airflow/example_dags/example_skip_dag.py for tasks to queue
[2023-07-27T01:45:16.480+0000] {logging_mixin.py:150} INFO - [2023-07-27T01:45:16.480+0000] {dagbag.py:541} INFO - Filling up the DagBag from /home/airflow/.local/lib/python3.7/site-packages/airflow/example_dags/example_skip_dag.py
[2023-07-27T01:45:16.488+0000] {processor.py:836} INFO - DAG(s) dict_keys(['example_skip_dag']) retrieved from /home/airflow/.local/lib/python3.7/site-packages/airflow/example_dags/example_skip_dag.py
[2023-07-27T01:45:16.514+0000] {logging_mixin.py:150} INFO - [2023-07-27T01:45:16.514+0000] {dag.py:2742} INFO - Sync 1 DAGs
[2023-07-27T01:45:16.542+0000] {logging_mixin.py:150} INFO - [2023-07-27T01:45:16.542+0000] {dag.py:3508} INFO - Setting next_dagrun for example_skip_dag to 2023-07-26T01:45:16.542443+00:00, run_after=2023-07-27T01:45:16.542443+00:00
[2023-07-27T01:45:16.565+0000] {processor.py:179} INFO - Processing /home/airflow/.local/lib/python3.7/site-packages/airflow/example_dags/example_skip_dag.py took 0.091 seconds
[2023-07-27T01:45:47.369+0000] {processor.py:157} INFO - Started process (PID=3162) to work on /home/airflow/.local/lib/python3.7/site-packages/airflow/example_dags/example_skip_dag.py
[2023-07-27T01:45:47.370+0000] {processor.py:826} INFO - Processing file /home/airflow/.local/lib/python3.7/site-packages/airflow/example_dags/example_skip_dag.py for tasks to queue
[2023-07-27T01:45:47.371+0000] {logging_mixin.py:150} INFO - [2023-07-27T01:45:47.371+0000] {dagbag.py:541} INFO - Filling up the DagBag from /home/airflow/.local/lib/python3.7/site-packages/airflow/example_dags/example_skip_dag.py
[2023-07-27T01:45:47.379+0000] {processor.py:836} INFO - DAG(s) dict_keys(['example_skip_dag']) retrieved from /home/airflow/.local/lib/python3.7/site-packages/airflow/example_dags/example_skip_dag.py
[2023-07-27T01:45:47.407+0000] {logging_mixin.py:150} INFO - [2023-07-27T01:45:47.407+0000] {dag.py:2742} INFO - Sync 1 DAGs
[2023-07-27T01:45:47.437+0000] {logging_mixin.py:150} INFO - [2023-07-27T01:45:47.436+0000] {dag.py:3508} INFO - Setting next_dagrun for example_skip_dag to 2023-07-26T01:45:47.436658+00:00, run_after=2023-07-27T01:45:47.436658+00:00
[2023-07-27T01:45:47.464+0000] {processor.py:179} INFO - Processing /home/airflow/.local/lib/python3.7/site-packages/airflow/example_dags/example_skip_dag.py took 0.099 seconds
[2023-07-27T01:46:17.720+0000] {processor.py:157} INFO - Started process (PID=3221) to work on /home/airflow/.local/lib/python3.7/site-packages/airflow/example_dags/example_skip_dag.py
[2023-07-27T01:46:17.722+0000] {processor.py:826} INFO - Processing file /home/airflow/.local/lib/python3.7/site-packages/airflow/example_dags/example_skip_dag.py for tasks to queue
[2023-07-27T01:46:17.723+0000] {logging_mixin.py:150} INFO - [2023-07-27T01:46:17.722+0000] {dagbag.py:541} INFO - Filling up the DagBag from /home/airflow/.local/lib/python3.7/site-packages/airflow/example_dags/example_skip_dag.py
[2023-07-27T01:46:17.731+0000] {processor.py:836} INFO - DAG(s) dict_keys(['example_skip_dag']) retrieved from /home/airflow/.local/lib/python3.7/site-packages/airflow/example_dags/example_skip_dag.py
[2023-07-27T01:46:17.757+0000] {logging_mixin.py:150} INFO - [2023-07-27T01:46:17.757+0000] {dag.py:2742} INFO - Sync 1 DAGs
[2023-07-27T01:46:17.785+0000] {logging_mixin.py:150} INFO - [2023-07-27T01:46:17.785+0000] {dag.py:3508} INFO - Setting next_dagrun for example_skip_dag to 2023-07-26T01:46:17.784925+00:00, run_after=2023-07-27T01:46:17.784925+00:00
[2023-07-27T01:46:17.808+0000] {processor.py:179} INFO - Processing /home/airflow/.local/lib/python3.7/site-packages/airflow/example_dags/example_skip_dag.py took 0.091 seconds
[2023-07-27T01:46:48.488+0000] {processor.py:157} INFO - Started process (PID=3275) to work on /home/airflow/.local/lib/python3.7/site-packages/airflow/example_dags/example_skip_dag.py
[2023-07-27T01:46:48.489+0000] {processor.py:826} INFO - Processing file /home/airflow/.local/lib/python3.7/site-packages/airflow/example_dags/example_skip_dag.py for tasks to queue
[2023-07-27T01:46:48.490+0000] {logging_mixin.py:150} INFO - [2023-07-27T01:46:48.490+0000] {dagbag.py:541} INFO - Filling up the DagBag from /home/airflow/.local/lib/python3.7/site-packages/airflow/example_dags/example_skip_dag.py
[2023-07-27T01:46:48.498+0000] {processor.py:836} INFO - DAG(s) dict_keys(['example_skip_dag']) retrieved from /home/airflow/.local/lib/python3.7/site-packages/airflow/example_dags/example_skip_dag.py
[2023-07-27T01:46:48.524+0000] {logging_mixin.py:150} INFO - [2023-07-27T01:46:48.524+0000] {dag.py:2742} INFO - Sync 1 DAGs
[2023-07-27T01:46:48.551+0000] {logging_mixin.py:150} INFO - [2023-07-27T01:46:48.551+0000] {dag.py:3508} INFO - Setting next_dagrun for example_skip_dag to 2023-07-26T01:46:48.551527+00:00, run_after=2023-07-27T01:46:48.551527+00:00
[2023-07-27T01:46:48.574+0000] {processor.py:179} INFO - Processing /home/airflow/.local/lib/python3.7/site-packages/airflow/example_dags/example_skip_dag.py took 0.090 seconds
[2023-07-27T01:47:18.821+0000] {processor.py:157} INFO - Started process (PID=3335) to work on /home/airflow/.local/lib/python3.7/site-packages/airflow/example_dags/example_skip_dag.py
[2023-07-27T01:47:18.823+0000] {processor.py:826} INFO - Processing file /home/airflow/.local/lib/python3.7/site-packages/airflow/example_dags/example_skip_dag.py for tasks to queue
[2023-07-27T01:47:18.824+0000] {logging_mixin.py:150} INFO - [2023-07-27T01:47:18.824+0000] {dagbag.py:541} INFO - Filling up the DagBag from /home/airflow/.local/lib/python3.7/site-packages/airflow/example_dags/example_skip_dag.py
[2023-07-27T01:47:18.833+0000] {processor.py:836} INFO - DAG(s) dict_keys(['example_skip_dag']) retrieved from /home/airflow/.local/lib/python3.7/site-packages/airflow/example_dags/example_skip_dag.py
[2023-07-27T01:47:18.860+0000] {logging_mixin.py:150} INFO - [2023-07-27T01:47:18.860+0000] {dag.py:2742} INFO - Sync 1 DAGs
[2023-07-27T01:47:18.889+0000] {logging_mixin.py:150} INFO - [2023-07-27T01:47:18.889+0000] {dag.py:3508} INFO - Setting next_dagrun for example_skip_dag to 2023-07-26T01:47:18.889364+00:00, run_after=2023-07-27T01:47:18.889364+00:00
[2023-07-27T01:47:18.914+0000] {processor.py:179} INFO - Processing /home/airflow/.local/lib/python3.7/site-packages/airflow/example_dags/example_skip_dag.py took 0.096 seconds
[2023-07-27T01:47:49.767+0000] {processor.py:157} INFO - Started process (PID=3395) to work on /home/airflow/.local/lib/python3.7/site-packages/airflow/example_dags/example_skip_dag.py
[2023-07-27T01:47:49.769+0000] {processor.py:826} INFO - Processing file /home/airflow/.local/lib/python3.7/site-packages/airflow/example_dags/example_skip_dag.py for tasks to queue
[2023-07-27T01:47:49.770+0000] {logging_mixin.py:150} INFO - [2023-07-27T01:47:49.769+0000] {dagbag.py:541} INFO - Filling up the DagBag from /home/airflow/.local/lib/python3.7/site-packages/airflow/example_dags/example_skip_dag.py
[2023-07-27T01:47:49.778+0000] {processor.py:836} INFO - DAG(s) dict_keys(['example_skip_dag']) retrieved from /home/airflow/.local/lib/python3.7/site-packages/airflow/example_dags/example_skip_dag.py
[2023-07-27T01:47:49.805+0000] {logging_mixin.py:150} INFO - [2023-07-27T01:47:49.804+0000] {dag.py:2742} INFO - Sync 1 DAGs
[2023-07-27T01:47:49.833+0000] {logging_mixin.py:150} INFO - [2023-07-27T01:47:49.833+0000] {dag.py:3508} INFO - Setting next_dagrun for example_skip_dag to 2023-07-26T01:47:49.833250+00:00, run_after=2023-07-27T01:47:49.833250+00:00
[2023-07-27T01:47:49.857+0000] {processor.py:179} INFO - Processing /home/airflow/.local/lib/python3.7/site-packages/airflow/example_dags/example_skip_dag.py took 0.093 seconds
[2023-07-27T01:48:20.222+0000] {processor.py:157} INFO - Started process (PID=3455) to work on /home/airflow/.local/lib/python3.7/site-packages/airflow/example_dags/example_skip_dag.py
[2023-07-27T01:48:20.223+0000] {processor.py:826} INFO - Processing file /home/airflow/.local/lib/python3.7/site-packages/airflow/example_dags/example_skip_dag.py for tasks to queue
[2023-07-27T01:48:20.224+0000] {logging_mixin.py:150} INFO - [2023-07-27T01:48:20.224+0000] {dagbag.py:541} INFO - Filling up the DagBag from /home/airflow/.local/lib/python3.7/site-packages/airflow/example_dags/example_skip_dag.py
[2023-07-27T01:48:20.232+0000] {processor.py:836} INFO - DAG(s) dict_keys(['example_skip_dag']) retrieved from /home/airflow/.local/lib/python3.7/site-packages/airflow/example_dags/example_skip_dag.py
[2023-07-27T01:48:20.258+0000] {logging_mixin.py:150} INFO - [2023-07-27T01:48:20.258+0000] {dag.py:2742} INFO - Sync 1 DAGs
[2023-07-27T01:48:20.287+0000] {logging_mixin.py:150} INFO - [2023-07-27T01:48:20.287+0000] {dag.py:3508} INFO - Setting next_dagrun for example_skip_dag to 2023-07-26T01:48:20.287462+00:00, run_after=2023-07-27T01:48:20.287462+00:00
[2023-07-27T01:48:20.311+0000] {processor.py:179} INFO - Processing /home/airflow/.local/lib/python3.7/site-packages/airflow/example_dags/example_skip_dag.py took 0.092 seconds
[2023-07-27T01:48:50.543+0000] {processor.py:157} INFO - Started process (PID=3515) to work on /home/airflow/.local/lib/python3.7/site-packages/airflow/example_dags/example_skip_dag.py
[2023-07-27T01:48:50.544+0000] {processor.py:826} INFO - Processing file /home/airflow/.local/lib/python3.7/site-packages/airflow/example_dags/example_skip_dag.py for tasks to queue
[2023-07-27T01:48:50.545+0000] {logging_mixin.py:150} INFO - [2023-07-27T01:48:50.545+0000] {dagbag.py:541} INFO - Filling up the DagBag from /home/airflow/.local/lib/python3.7/site-packages/airflow/example_dags/example_skip_dag.py
[2023-07-27T01:48:50.555+0000] {processor.py:836} INFO - DAG(s) dict_keys(['example_skip_dag']) retrieved from /home/airflow/.local/lib/python3.7/site-packages/airflow/example_dags/example_skip_dag.py
[2023-07-27T01:48:50.584+0000] {logging_mixin.py:150} INFO - [2023-07-27T01:48:50.584+0000] {dag.py:2742} INFO - Sync 1 DAGs
[2023-07-27T01:48:50.613+0000] {logging_mixin.py:150} INFO - [2023-07-27T01:48:50.613+0000] {dag.py:3508} INFO - Setting next_dagrun for example_skip_dag to 2023-07-26T01:48:50.613175+00:00, run_after=2023-07-27T01:48:50.613175+00:00
[2023-07-27T01:48:50.638+0000] {processor.py:179} INFO - Processing /home/airflow/.local/lib/python3.7/site-packages/airflow/example_dags/example_skip_dag.py took 0.098 seconds
[2023-07-27T01:49:20.965+0000] {processor.py:157} INFO - Started process (PID=3576) to work on /home/airflow/.local/lib/python3.7/site-packages/airflow/example_dags/example_skip_dag.py
[2023-07-27T01:49:20.966+0000] {processor.py:826} INFO - Processing file /home/airflow/.local/lib/python3.7/site-packages/airflow/example_dags/example_skip_dag.py for tasks to queue
[2023-07-27T01:49:20.967+0000] {logging_mixin.py:150} INFO - [2023-07-27T01:49:20.966+0000] {dagbag.py:541} INFO - Filling up the DagBag from /home/airflow/.local/lib/python3.7/site-packages/airflow/example_dags/example_skip_dag.py
[2023-07-27T01:49:20.974+0000] {processor.py:836} INFO - DAG(s) dict_keys(['example_skip_dag']) retrieved from /home/airflow/.local/lib/python3.7/site-packages/airflow/example_dags/example_skip_dag.py
[2023-07-27T01:49:21.000+0000] {logging_mixin.py:150} INFO - [2023-07-27T01:49:21.000+0000] {dag.py:2742} INFO - Sync 1 DAGs
[2023-07-27T01:49:21.028+0000] {logging_mixin.py:150} INFO - [2023-07-27T01:49:21.028+0000] {dag.py:3508} INFO - Setting next_dagrun for example_skip_dag to 2023-07-26T01:49:21.028139+00:00, run_after=2023-07-27T01:49:21.028139+00:00
[2023-07-27T01:49:21.050+0000] {processor.py:179} INFO - Processing /home/airflow/.local/lib/python3.7/site-packages/airflow/example_dags/example_skip_dag.py took 0.089 seconds
[2023-07-27T01:49:51.475+0000] {processor.py:157} INFO - Started process (PID=3636) to work on /home/airflow/.local/lib/python3.7/site-packages/airflow/example_dags/example_skip_dag.py
[2023-07-27T01:49:51.476+0000] {processor.py:826} INFO - Processing file /home/airflow/.local/lib/python3.7/site-packages/airflow/example_dags/example_skip_dag.py for tasks to queue
[2023-07-27T01:49:51.477+0000] {logging_mixin.py:150} INFO - [2023-07-27T01:49:51.477+0000] {dagbag.py:541} INFO - Filling up the DagBag from /home/airflow/.local/lib/python3.7/site-packages/airflow/example_dags/example_skip_dag.py
[2023-07-27T01:49:51.485+0000] {processor.py:836} INFO - DAG(s) dict_keys(['example_skip_dag']) retrieved from /home/airflow/.local/lib/python3.7/site-packages/airflow/example_dags/example_skip_dag.py
[2023-07-27T01:49:51.512+0000] {logging_mixin.py:150} INFO - [2023-07-27T01:49:51.511+0000] {dag.py:2742} INFO - Sync 1 DAGs
[2023-07-27T01:49:51.541+0000] {logging_mixin.py:150} INFO - [2023-07-27T01:49:51.541+0000] {dag.py:3508} INFO - Setting next_dagrun for example_skip_dag to 2023-07-26T01:49:51.541171+00:00, run_after=2023-07-27T01:49:51.541171+00:00
[2023-07-27T01:49:51.566+0000] {processor.py:179} INFO - Processing /home/airflow/.local/lib/python3.7/site-packages/airflow/example_dags/example_skip_dag.py took 0.094 seconds
[2023-07-27T01:50:22.019+0000] {processor.py:157} INFO - Started process (PID=3696) to work on /home/airflow/.local/lib/python3.7/site-packages/airflow/example_dags/example_skip_dag.py
[2023-07-27T01:50:22.020+0000] {processor.py:826} INFO - Processing file /home/airflow/.local/lib/python3.7/site-packages/airflow/example_dags/example_skip_dag.py for tasks to queue
[2023-07-27T01:50:22.021+0000] {logging_mixin.py:150} INFO - [2023-07-27T01:50:22.020+0000] {dagbag.py:541} INFO - Filling up the DagBag from /home/airflow/.local/lib/python3.7/site-packages/airflow/example_dags/example_skip_dag.py
[2023-07-27T01:50:22.028+0000] {processor.py:836} INFO - DAG(s) dict_keys(['example_skip_dag']) retrieved from /home/airflow/.local/lib/python3.7/site-packages/airflow/example_dags/example_skip_dag.py
[2023-07-27T01:50:22.055+0000] {logging_mixin.py:150} INFO - [2023-07-27T01:50:22.055+0000] {dag.py:2742} INFO - Sync 1 DAGs
[2023-07-27T01:50:22.083+0000] {logging_mixin.py:150} INFO - [2023-07-27T01:50:22.083+0000] {dag.py:3508} INFO - Setting next_dagrun for example_skip_dag to 2023-07-26T01:50:22.083438+00:00, run_after=2023-07-27T01:50:22.083438+00:00
[2023-07-27T01:50:22.107+0000] {processor.py:179} INFO - Processing /home/airflow/.local/lib/python3.7/site-packages/airflow/example_dags/example_skip_dag.py took 0.092 seconds
[2023-07-27T01:50:52.620+0000] {processor.py:157} INFO - Started process (PID=3756) to work on /home/airflow/.local/lib/python3.7/site-packages/airflow/example_dags/example_skip_dag.py
[2023-07-27T01:50:52.621+0000] {processor.py:826} INFO - Processing file /home/airflow/.local/lib/python3.7/site-packages/airflow/example_dags/example_skip_dag.py for tasks to queue
[2023-07-27T01:50:52.622+0000] {logging_mixin.py:150} INFO - [2023-07-27T01:50:52.622+0000] {dagbag.py:541} INFO - Filling up the DagBag from /home/airflow/.local/lib/python3.7/site-packages/airflow/example_dags/example_skip_dag.py
[2023-07-27T01:50:52.630+0000] {processor.py:836} INFO - DAG(s) dict_keys(['example_skip_dag']) retrieved from /home/airflow/.local/lib/python3.7/site-packages/airflow/example_dags/example_skip_dag.py
[2023-07-27T01:50:52.658+0000] {logging_mixin.py:150} INFO - [2023-07-27T01:50:52.658+0000] {dag.py:2742} INFO - Sync 1 DAGs
[2023-07-27T01:50:52.686+0000] {logging_mixin.py:150} INFO - [2023-07-27T01:50:52.686+0000] {dag.py:3508} INFO - Setting next_dagrun for example_skip_dag to 2023-07-26T01:50:52.686251+00:00, run_after=2023-07-27T01:50:52.686251+00:00
[2023-07-27T01:50:52.725+0000] {processor.py:179} INFO - Processing /home/airflow/.local/lib/python3.7/site-packages/airflow/example_dags/example_skip_dag.py took 0.109 seconds
[2023-07-27T01:51:23.309+0000] {processor.py:157} INFO - Started process (PID=3816) to work on /home/airflow/.local/lib/python3.7/site-packages/airflow/example_dags/example_skip_dag.py
[2023-07-27T01:51:23.310+0000] {processor.py:826} INFO - Processing file /home/airflow/.local/lib/python3.7/site-packages/airflow/example_dags/example_skip_dag.py for tasks to queue
[2023-07-27T01:51:23.312+0000] {logging_mixin.py:150} INFO - [2023-07-27T01:51:23.311+0000] {dagbag.py:541} INFO - Filling up the DagBag from /home/airflow/.local/lib/python3.7/site-packages/airflow/example_dags/example_skip_dag.py
[2023-07-27T01:51:23.319+0000] {processor.py:836} INFO - DAG(s) dict_keys(['example_skip_dag']) retrieved from /home/airflow/.local/lib/python3.7/site-packages/airflow/example_dags/example_skip_dag.py
[2023-07-27T01:51:23.345+0000] {logging_mixin.py:150} INFO - [2023-07-27T01:51:23.345+0000] {dag.py:2742} INFO - Sync 1 DAGs
[2023-07-27T01:51:23.373+0000] {logging_mixin.py:150} INFO - [2023-07-27T01:51:23.373+0000] {dag.py:3508} INFO - Setting next_dagrun for example_skip_dag to 2023-07-26T01:51:23.372925+00:00, run_after=2023-07-27T01:51:23.372925+00:00
[2023-07-27T01:51:23.397+0000] {processor.py:179} INFO - Processing /home/airflow/.local/lib/python3.7/site-packages/airflow/example_dags/example_skip_dag.py took 0.091 seconds
[2023-07-27T01:51:54.041+0000] {processor.py:157} INFO - Started process (PID=3876) to work on /home/airflow/.local/lib/python3.7/site-packages/airflow/example_dags/example_skip_dag.py
[2023-07-27T01:51:54.043+0000] {processor.py:826} INFO - Processing file /home/airflow/.local/lib/python3.7/site-packages/airflow/example_dags/example_skip_dag.py for tasks to queue
[2023-07-27T01:51:54.044+0000] {logging_mixin.py:150} INFO - [2023-07-27T01:51:54.043+0000] {dagbag.py:541} INFO - Filling up the DagBag from /home/airflow/.local/lib/python3.7/site-packages/airflow/example_dags/example_skip_dag.py
[2023-07-27T01:51:54.052+0000] {processor.py:836} INFO - DAG(s) dict_keys(['example_skip_dag']) retrieved from /home/airflow/.local/lib/python3.7/site-packages/airflow/example_dags/example_skip_dag.py
[2023-07-27T01:51:54.079+0000] {logging_mixin.py:150} INFO - [2023-07-27T01:51:54.079+0000] {dag.py:2742} INFO - Sync 1 DAGs
[2023-07-27T01:51:54.108+0000] {logging_mixin.py:150} INFO - [2023-07-27T01:51:54.108+0000] {dag.py:3508} INFO - Setting next_dagrun for example_skip_dag to 2023-07-26T01:51:54.108000+00:00, run_after=2023-07-27T01:51:54.108000+00:00
[2023-07-27T01:51:54.135+0000] {processor.py:179} INFO - Processing /home/airflow/.local/lib/python3.7/site-packages/airflow/example_dags/example_skip_dag.py took 0.097 seconds
[2023-07-27T01:52:24.580+0000] {processor.py:157} INFO - Started process (PID=3934) to work on /home/airflow/.local/lib/python3.7/site-packages/airflow/example_dags/example_skip_dag.py
[2023-07-27T01:52:24.581+0000] {processor.py:826} INFO - Processing file /home/airflow/.local/lib/python3.7/site-packages/airflow/example_dags/example_skip_dag.py for tasks to queue
[2023-07-27T01:52:24.582+0000] {logging_mixin.py:150} INFO - [2023-07-27T01:52:24.582+0000] {dagbag.py:541} INFO - Filling up the DagBag from /home/airflow/.local/lib/python3.7/site-packages/airflow/example_dags/example_skip_dag.py
[2023-07-27T01:52:24.590+0000] {processor.py:836} INFO - DAG(s) dict_keys(['example_skip_dag']) retrieved from /home/airflow/.local/lib/python3.7/site-packages/airflow/example_dags/example_skip_dag.py
[2023-07-27T01:52:24.616+0000] {logging_mixin.py:150} INFO - [2023-07-27T01:52:24.616+0000] {dag.py:2742} INFO - Sync 1 DAGs
[2023-07-27T01:52:24.645+0000] {logging_mixin.py:150} INFO - [2023-07-27T01:52:24.645+0000] {dag.py:3508} INFO - Setting next_dagrun for example_skip_dag to 2023-07-26T01:52:24.645291+00:00, run_after=2023-07-27T01:52:24.645291+00:00
[2023-07-27T01:52:24.669+0000] {processor.py:179} INFO - Processing /home/airflow/.local/lib/python3.7/site-packages/airflow/example_dags/example_skip_dag.py took 0.093 seconds
[2023-07-27T01:52:55.446+0000] {processor.py:157} INFO - Started process (PID=3994) to work on /home/airflow/.local/lib/python3.7/site-packages/airflow/example_dags/example_skip_dag.py
[2023-07-27T01:52:55.447+0000] {processor.py:826} INFO - Processing file /home/airflow/.local/lib/python3.7/site-packages/airflow/example_dags/example_skip_dag.py for tasks to queue
[2023-07-27T01:52:55.448+0000] {logging_mixin.py:150} INFO - [2023-07-27T01:52:55.448+0000] {dagbag.py:541} INFO - Filling up the DagBag from /home/airflow/.local/lib/python3.7/site-packages/airflow/example_dags/example_skip_dag.py
[2023-07-27T01:52:55.456+0000] {processor.py:836} INFO - DAG(s) dict_keys(['example_skip_dag']) retrieved from /home/airflow/.local/lib/python3.7/site-packages/airflow/example_dags/example_skip_dag.py
[2023-07-27T01:52:55.481+0000] {logging_mixin.py:150} INFO - [2023-07-27T01:52:55.481+0000] {dag.py:2742} INFO - Sync 1 DAGs
[2023-07-27T01:52:55.508+0000] {logging_mixin.py:150} INFO - [2023-07-27T01:52:55.508+0000] {dag.py:3508} INFO - Setting next_dagrun for example_skip_dag to 2023-07-26T01:52:55.508098+00:00, run_after=2023-07-27T01:52:55.508098+00:00
[2023-07-27T01:52:55.530+0000] {processor.py:179} INFO - Processing /home/airflow/.local/lib/python3.7/site-packages/airflow/example_dags/example_skip_dag.py took 0.088 seconds
[2023-07-27T01:53:25.592+0000] {processor.py:157} INFO - Started process (PID=4054) to work on /home/airflow/.local/lib/python3.7/site-packages/airflow/example_dags/example_skip_dag.py
[2023-07-27T01:53:25.593+0000] {processor.py:826} INFO - Processing file /home/airflow/.local/lib/python3.7/site-packages/airflow/example_dags/example_skip_dag.py for tasks to queue
[2023-07-27T01:53:25.594+0000] {logging_mixin.py:150} INFO - [2023-07-27T01:53:25.594+0000] {dagbag.py:541} INFO - Filling up the DagBag from /home/airflow/.local/lib/python3.7/site-packages/airflow/example_dags/example_skip_dag.py
[2023-07-27T01:53:25.603+0000] {processor.py:836} INFO - DAG(s) dict_keys(['example_skip_dag']) retrieved from /home/airflow/.local/lib/python3.7/site-packages/airflow/example_dags/example_skip_dag.py
[2023-07-27T01:53:25.628+0000] {logging_mixin.py:150} INFO - [2023-07-27T01:53:25.628+0000] {dag.py:2742} INFO - Sync 1 DAGs
[2023-07-27T01:53:25.656+0000] {logging_mixin.py:150} INFO - [2023-07-27T01:53:25.655+0000] {dag.py:3508} INFO - Setting next_dagrun for example_skip_dag to 2023-07-26T01:53:25.655560+00:00, run_after=2023-07-27T01:53:25.655560+00:00
[2023-07-27T01:53:25.678+0000] {processor.py:179} INFO - Processing /home/airflow/.local/lib/python3.7/site-packages/airflow/example_dags/example_skip_dag.py took 0.089 seconds
[2023-07-27T01:53:55.945+0000] {processor.py:157} INFO - Started process (PID=4114) to work on /home/airflow/.local/lib/python3.7/site-packages/airflow/example_dags/example_skip_dag.py
[2023-07-27T01:53:55.946+0000] {processor.py:826} INFO - Processing file /home/airflow/.local/lib/python3.7/site-packages/airflow/example_dags/example_skip_dag.py for tasks to queue
[2023-07-27T01:53:55.947+0000] {logging_mixin.py:150} INFO - [2023-07-27T01:53:55.947+0000] {dagbag.py:541} INFO - Filling up the DagBag from /home/airflow/.local/lib/python3.7/site-packages/airflow/example_dags/example_skip_dag.py
[2023-07-27T01:53:55.955+0000] {processor.py:836} INFO - DAG(s) dict_keys(['example_skip_dag']) retrieved from /home/airflow/.local/lib/python3.7/site-packages/airflow/example_dags/example_skip_dag.py
[2023-07-27T01:53:55.981+0000] {logging_mixin.py:150} INFO - [2023-07-27T01:53:55.981+0000] {dag.py:2742} INFO - Sync 1 DAGs
[2023-07-27T01:53:56.011+0000] {logging_mixin.py:150} INFO - [2023-07-27T01:53:56.010+0000] {dag.py:3508} INFO - Setting next_dagrun for example_skip_dag to 2023-07-26T01:53:56.010609+00:00, run_after=2023-07-27T01:53:56.010609+00:00
[2023-07-27T01:53:56.033+0000] {processor.py:179} INFO - Processing /home/airflow/.local/lib/python3.7/site-packages/airflow/example_dags/example_skip_dag.py took 0.091 seconds
[2023-07-27T01:54:26.184+0000] {processor.py:157} INFO - Started process (PID=4174) to work on /home/airflow/.local/lib/python3.7/site-packages/airflow/example_dags/example_skip_dag.py
[2023-07-27T01:54:26.185+0000] {processor.py:826} INFO - Processing file /home/airflow/.local/lib/python3.7/site-packages/airflow/example_dags/example_skip_dag.py for tasks to queue
[2023-07-27T01:54:26.186+0000] {logging_mixin.py:150} INFO - [2023-07-27T01:54:26.186+0000] {dagbag.py:541} INFO - Filling up the DagBag from /home/airflow/.local/lib/python3.7/site-packages/airflow/example_dags/example_skip_dag.py
[2023-07-27T01:54:26.194+0000] {processor.py:836} INFO - DAG(s) dict_keys(['example_skip_dag']) retrieved from /home/airflow/.local/lib/python3.7/site-packages/airflow/example_dags/example_skip_dag.py
[2023-07-27T01:54:26.221+0000] {logging_mixin.py:150} INFO - [2023-07-27T01:54:26.221+0000] {dag.py:2742} INFO - Sync 1 DAGs
[2023-07-27T01:54:26.249+0000] {logging_mixin.py:150} INFO - [2023-07-27T01:54:26.249+0000] {dag.py:3508} INFO - Setting next_dagrun for example_skip_dag to 2023-07-26T01:54:26.249356+00:00, run_after=2023-07-27T01:54:26.249356+00:00
[2023-07-27T01:54:26.273+0000] {processor.py:179} INFO - Processing /home/airflow/.local/lib/python3.7/site-packages/airflow/example_dags/example_skip_dag.py took 0.093 seconds
[2023-07-27T01:54:56.425+0000] {processor.py:157} INFO - Started process (PID=4233) to work on /home/airflow/.local/lib/python3.7/site-packages/airflow/example_dags/example_skip_dag.py
[2023-07-27T01:54:56.427+0000] {processor.py:826} INFO - Processing file /home/airflow/.local/lib/python3.7/site-packages/airflow/example_dags/example_skip_dag.py for tasks to queue
[2023-07-27T01:54:56.428+0000] {logging_mixin.py:150} INFO - [2023-07-27T01:54:56.427+0000] {dagbag.py:541} INFO - Filling up the DagBag from /home/airflow/.local/lib/python3.7/site-packages/airflow/example_dags/example_skip_dag.py
[2023-07-27T01:54:56.435+0000] {processor.py:836} INFO - DAG(s) dict_keys(['example_skip_dag']) retrieved from /home/airflow/.local/lib/python3.7/site-packages/airflow/example_dags/example_skip_dag.py
[2023-07-27T01:54:56.461+0000] {logging_mixin.py:150} INFO - [2023-07-27T01:54:56.460+0000] {dag.py:2742} INFO - Sync 1 DAGs
[2023-07-27T01:54:56.488+0000] {logging_mixin.py:150} INFO - [2023-07-27T01:54:56.488+0000] {dag.py:3508} INFO - Setting next_dagrun for example_skip_dag to 2023-07-26T01:54:56.488402+00:00, run_after=2023-07-27T01:54:56.488402+00:00
[2023-07-27T01:54:56.524+0000] {processor.py:179} INFO - Processing /home/airflow/.local/lib/python3.7/site-packages/airflow/example_dags/example_skip_dag.py took 0.101 seconds
[2023-07-27T01:55:26.602+0000] {processor.py:157} INFO - Started process (PID=4293) to work on /home/airflow/.local/lib/python3.7/site-packages/airflow/example_dags/example_skip_dag.py
[2023-07-27T01:55:26.603+0000] {processor.py:826} INFO - Processing file /home/airflow/.local/lib/python3.7/site-packages/airflow/example_dags/example_skip_dag.py for tasks to queue
[2023-07-27T01:55:26.604+0000] {logging_mixin.py:150} INFO - [2023-07-27T01:55:26.604+0000] {dagbag.py:541} INFO - Filling up the DagBag from /home/airflow/.local/lib/python3.7/site-packages/airflow/example_dags/example_skip_dag.py
[2023-07-27T01:55:26.612+0000] {processor.py:836} INFO - DAG(s) dict_keys(['example_skip_dag']) retrieved from /home/airflow/.local/lib/python3.7/site-packages/airflow/example_dags/example_skip_dag.py
[2023-07-27T01:55:26.638+0000] {logging_mixin.py:150} INFO - [2023-07-27T01:55:26.638+0000] {dag.py:2742} INFO - Sync 1 DAGs
[2023-07-27T01:55:26.665+0000] {logging_mixin.py:150} INFO - [2023-07-27T01:55:26.665+0000] {dag.py:3508} INFO - Setting next_dagrun for example_skip_dag to 2023-07-26T01:55:26.665172+00:00, run_after=2023-07-27T01:55:26.665172+00:00
[2023-07-27T01:55:26.698+0000] {processor.py:179} INFO - Processing /home/airflow/.local/lib/python3.7/site-packages/airflow/example_dags/example_skip_dag.py took 0.100 seconds
[2023-07-27T01:55:56.858+0000] {processor.py:157} INFO - Started process (PID=4352) to work on /home/airflow/.local/lib/python3.7/site-packages/airflow/example_dags/example_skip_dag.py
[2023-07-27T01:55:56.859+0000] {processor.py:826} INFO - Processing file /home/airflow/.local/lib/python3.7/site-packages/airflow/example_dags/example_skip_dag.py for tasks to queue
[2023-07-27T01:55:56.860+0000] {logging_mixin.py:150} INFO - [2023-07-27T01:55:56.860+0000] {dagbag.py:541} INFO - Filling up the DagBag from /home/airflow/.local/lib/python3.7/site-packages/airflow/example_dags/example_skip_dag.py
[2023-07-27T01:55:56.868+0000] {processor.py:836} INFO - DAG(s) dict_keys(['example_skip_dag']) retrieved from /home/airflow/.local/lib/python3.7/site-packages/airflow/example_dags/example_skip_dag.py
[2023-07-27T01:55:56.893+0000] {logging_mixin.py:150} INFO - [2023-07-27T01:55:56.893+0000] {dag.py:2742} INFO - Sync 1 DAGs
[2023-07-27T01:55:56.920+0000] {logging_mixin.py:150} INFO - [2023-07-27T01:55:56.920+0000] {dag.py:3508} INFO - Setting next_dagrun for example_skip_dag to 2023-07-26T01:55:56.920377+00:00, run_after=2023-07-27T01:55:56.920377+00:00
[2023-07-27T01:55:56.945+0000] {processor.py:179} INFO - Processing /home/airflow/.local/lib/python3.7/site-packages/airflow/example_dags/example_skip_dag.py took 0.091 seconds
[2023-07-27T01:56:27.397+0000] {processor.py:157} INFO - Started process (PID=4413) to work on /home/airflow/.local/lib/python3.7/site-packages/airflow/example_dags/example_skip_dag.py
[2023-07-27T01:56:27.399+0000] {processor.py:826} INFO - Processing file /home/airflow/.local/lib/python3.7/site-packages/airflow/example_dags/example_skip_dag.py for tasks to queue
[2023-07-27T01:56:27.400+0000] {logging_mixin.py:150} INFO - [2023-07-27T01:56:27.400+0000] {dagbag.py:541} INFO - Filling up the DagBag from /home/airflow/.local/lib/python3.7/site-packages/airflow/example_dags/example_skip_dag.py
[2023-07-27T01:56:27.408+0000] {processor.py:836} INFO - DAG(s) dict_keys(['example_skip_dag']) retrieved from /home/airflow/.local/lib/python3.7/site-packages/airflow/example_dags/example_skip_dag.py
[2023-07-27T01:56:27.434+0000] {logging_mixin.py:150} INFO - [2023-07-27T01:56:27.433+0000] {dag.py:2742} INFO - Sync 1 DAGs
[2023-07-27T01:56:27.462+0000] {logging_mixin.py:150} INFO - [2023-07-27T01:56:27.462+0000] {dag.py:3508} INFO - Setting next_dagrun for example_skip_dag to 2023-07-26T01:56:27.461835+00:00, run_after=2023-07-27T01:56:27.461835+00:00
[2023-07-27T01:56:27.495+0000] {processor.py:179} INFO - Processing /home/airflow/.local/lib/python3.7/site-packages/airflow/example_dags/example_skip_dag.py took 0.101 seconds
[2023-07-27T01:56:57.884+0000] {processor.py:157} INFO - Started process (PID=4474) to work on /home/airflow/.local/lib/python3.7/site-packages/airflow/example_dags/example_skip_dag.py
[2023-07-27T01:56:57.885+0000] {processor.py:826} INFO - Processing file /home/airflow/.local/lib/python3.7/site-packages/airflow/example_dags/example_skip_dag.py for tasks to queue
[2023-07-27T01:56:57.886+0000] {logging_mixin.py:150} INFO - [2023-07-27T01:56:57.886+0000] {dagbag.py:541} INFO - Filling up the DagBag from /home/airflow/.local/lib/python3.7/site-packages/airflow/example_dags/example_skip_dag.py
[2023-07-27T01:56:57.894+0000] {processor.py:836} INFO - DAG(s) dict_keys(['example_skip_dag']) retrieved from /home/airflow/.local/lib/python3.7/site-packages/airflow/example_dags/example_skip_dag.py
[2023-07-27T01:56:57.921+0000] {logging_mixin.py:150} INFO - [2023-07-27T01:56:57.921+0000] {dag.py:2742} INFO - Sync 1 DAGs
[2023-07-27T01:56:57.948+0000] {logging_mixin.py:150} INFO - [2023-07-27T01:56:57.948+0000] {dag.py:3508} INFO - Setting next_dagrun for example_skip_dag to 2023-07-26T01:56:57.948231+00:00, run_after=2023-07-27T01:56:57.948231+00:00
[2023-07-27T01:56:57.978+0000] {processor.py:179} INFO - Processing /home/airflow/.local/lib/python3.7/site-packages/airflow/example_dags/example_skip_dag.py took 0.098 seconds
[2023-07-27T01:57:28.121+0000] {processor.py:157} INFO - Started process (PID=4535) to work on /home/airflow/.local/lib/python3.7/site-packages/airflow/example_dags/example_skip_dag.py
[2023-07-27T01:57:28.122+0000] {processor.py:826} INFO - Processing file /home/airflow/.local/lib/python3.7/site-packages/airflow/example_dags/example_skip_dag.py for tasks to queue
[2023-07-27T01:57:28.123+0000] {logging_mixin.py:150} INFO - [2023-07-27T01:57:28.122+0000] {dagbag.py:541} INFO - Filling up the DagBag from /home/airflow/.local/lib/python3.7/site-packages/airflow/example_dags/example_skip_dag.py
[2023-07-27T01:57:28.131+0000] {processor.py:836} INFO - DAG(s) dict_keys(['example_skip_dag']) retrieved from /home/airflow/.local/lib/python3.7/site-packages/airflow/example_dags/example_skip_dag.py
[2023-07-27T01:57:28.159+0000] {logging_mixin.py:150} INFO - [2023-07-27T01:57:28.159+0000] {dag.py:2742} INFO - Sync 1 DAGs
[2023-07-27T01:57:28.190+0000] {logging_mixin.py:150} INFO - [2023-07-27T01:57:28.190+0000] {dag.py:3508} INFO - Setting next_dagrun for example_skip_dag to 2023-07-26T01:57:28.190085+00:00, run_after=2023-07-27T01:57:28.190085+00:00
[2023-07-27T01:57:28.214+0000] {processor.py:179} INFO - Processing /home/airflow/.local/lib/python3.7/site-packages/airflow/example_dags/example_skip_dag.py took 0.097 seconds
[2023-07-27T01:57:58.541+0000] {processor.py:157} INFO - Started process (PID=4595) to work on /home/airflow/.local/lib/python3.7/site-packages/airflow/example_dags/example_skip_dag.py
[2023-07-27T01:57:58.542+0000] {processor.py:826} INFO - Processing file /home/airflow/.local/lib/python3.7/site-packages/airflow/example_dags/example_skip_dag.py for tasks to queue
[2023-07-27T01:57:58.543+0000] {logging_mixin.py:150} INFO - [2023-07-27T01:57:58.543+0000] {dagbag.py:541} INFO - Filling up the DagBag from /home/airflow/.local/lib/python3.7/site-packages/airflow/example_dags/example_skip_dag.py
[2023-07-27T01:57:58.551+0000] {processor.py:836} INFO - DAG(s) dict_keys(['example_skip_dag']) retrieved from /home/airflow/.local/lib/python3.7/site-packages/airflow/example_dags/example_skip_dag.py
[2023-07-27T01:57:58.578+0000] {logging_mixin.py:150} INFO - [2023-07-27T01:57:58.577+0000] {dag.py:2742} INFO - Sync 1 DAGs
[2023-07-27T01:57:58.605+0000] {logging_mixin.py:150} INFO - [2023-07-27T01:57:58.605+0000] {dag.py:3508} INFO - Setting next_dagrun for example_skip_dag to 2023-07-26T01:57:58.605162+00:00, run_after=2023-07-27T01:57:58.605162+00:00
[2023-07-27T01:57:58.631+0000] {processor.py:179} INFO - Processing /home/airflow/.local/lib/python3.7/site-packages/airflow/example_dags/example_skip_dag.py took 0.093 seconds
[2023-07-27T01:58:28.710+0000] {processor.py:157} INFO - Started process (PID=4655) to work on /home/airflow/.local/lib/python3.7/site-packages/airflow/example_dags/example_skip_dag.py
[2023-07-27T01:58:28.711+0000] {processor.py:826} INFO - Processing file /home/airflow/.local/lib/python3.7/site-packages/airflow/example_dags/example_skip_dag.py for tasks to queue
[2023-07-27T01:58:28.712+0000] {logging_mixin.py:150} INFO - [2023-07-27T01:58:28.712+0000] {dagbag.py:541} INFO - Filling up the DagBag from /home/airflow/.local/lib/python3.7/site-packages/airflow/example_dags/example_skip_dag.py
[2023-07-27T01:58:28.720+0000] {processor.py:836} INFO - DAG(s) dict_keys(['example_skip_dag']) retrieved from /home/airflow/.local/lib/python3.7/site-packages/airflow/example_dags/example_skip_dag.py
[2023-07-27T01:58:28.747+0000] {logging_mixin.py:150} INFO - [2023-07-27T01:58:28.747+0000] {dag.py:2742} INFO - Sync 1 DAGs
[2023-07-27T01:58:28.776+0000] {logging_mixin.py:150} INFO - [2023-07-27T01:58:28.776+0000] {dag.py:3508} INFO - Setting next_dagrun for example_skip_dag to 2023-07-26T01:58:28.775786+00:00, run_after=2023-07-27T01:58:28.775786+00:00
[2023-07-27T01:58:28.800+0000] {processor.py:179} INFO - Processing /home/airflow/.local/lib/python3.7/site-packages/airflow/example_dags/example_skip_dag.py took 0.093 seconds
[2023-07-27T01:58:59.157+0000] {processor.py:157} INFO - Started process (PID=4715) to work on /home/airflow/.local/lib/python3.7/site-packages/airflow/example_dags/example_skip_dag.py
[2023-07-27T01:58:59.159+0000] {processor.py:826} INFO - Processing file /home/airflow/.local/lib/python3.7/site-packages/airflow/example_dags/example_skip_dag.py for tasks to queue
[2023-07-27T01:58:59.160+0000] {logging_mixin.py:150} INFO - [2023-07-27T01:58:59.159+0000] {dagbag.py:541} INFO - Filling up the DagBag from /home/airflow/.local/lib/python3.7/site-packages/airflow/example_dags/example_skip_dag.py
[2023-07-27T01:58:59.167+0000] {processor.py:836} INFO - DAG(s) dict_keys(['example_skip_dag']) retrieved from /home/airflow/.local/lib/python3.7/site-packages/airflow/example_dags/example_skip_dag.py
[2023-07-27T01:58:59.194+0000] {logging_mixin.py:150} INFO - [2023-07-27T01:58:59.193+0000] {dag.py:2742} INFO - Sync 1 DAGs
[2023-07-27T01:58:59.220+0000] {logging_mixin.py:150} INFO - [2023-07-27T01:58:59.220+0000] {dag.py:3508} INFO - Setting next_dagrun for example_skip_dag to 2023-07-26T01:58:59.220419+00:00, run_after=2023-07-27T01:58:59.220419+00:00
[2023-07-27T01:58:59.242+0000] {processor.py:179} INFO - Processing /home/airflow/.local/lib/python3.7/site-packages/airflow/example_dags/example_skip_dag.py took 0.088 seconds
[2023-07-27T01:59:29.469+0000] {processor.py:157} INFO - Started process (PID=4775) to work on /home/airflow/.local/lib/python3.7/site-packages/airflow/example_dags/example_skip_dag.py
[2023-07-27T01:59:29.470+0000] {processor.py:826} INFO - Processing file /home/airflow/.local/lib/python3.7/site-packages/airflow/example_dags/example_skip_dag.py for tasks to queue
[2023-07-27T01:59:29.471+0000] {logging_mixin.py:150} INFO - [2023-07-27T01:59:29.471+0000] {dagbag.py:541} INFO - Filling up the DagBag from /home/airflow/.local/lib/python3.7/site-packages/airflow/example_dags/example_skip_dag.py
[2023-07-27T01:59:29.479+0000] {processor.py:836} INFO - DAG(s) dict_keys(['example_skip_dag']) retrieved from /home/airflow/.local/lib/python3.7/site-packages/airflow/example_dags/example_skip_dag.py
[2023-07-27T01:59:29.505+0000] {logging_mixin.py:150} INFO - [2023-07-27T01:59:29.505+0000] {dag.py:2742} INFO - Sync 1 DAGs
[2023-07-27T01:59:29.536+0000] {logging_mixin.py:150} INFO - [2023-07-27T01:59:29.536+0000] {dag.py:3508} INFO - Setting next_dagrun for example_skip_dag to 2023-07-26T01:59:29.536030+00:00, run_after=2023-07-27T01:59:29.536030+00:00
[2023-07-27T01:59:29.561+0000] {processor.py:179} INFO - Processing /home/airflow/.local/lib/python3.7/site-packages/airflow/example_dags/example_skip_dag.py took 0.095 seconds
[2023-07-27T02:00:00.186+0000] {processor.py:157} INFO - Started process (PID=4835) to work on /home/airflow/.local/lib/python3.7/site-packages/airflow/example_dags/example_skip_dag.py
[2023-07-27T02:00:00.187+0000] {processor.py:826} INFO - Processing file /home/airflow/.local/lib/python3.7/site-packages/airflow/example_dags/example_skip_dag.py for tasks to queue
[2023-07-27T02:00:00.188+0000] {logging_mixin.py:150} INFO - [2023-07-27T02:00:00.188+0000] {dagbag.py:541} INFO - Filling up the DagBag from /home/airflow/.local/lib/python3.7/site-packages/airflow/example_dags/example_skip_dag.py
[2023-07-27T02:00:00.196+0000] {processor.py:836} INFO - DAG(s) dict_keys(['example_skip_dag']) retrieved from /home/airflow/.local/lib/python3.7/site-packages/airflow/example_dags/example_skip_dag.py
[2023-07-27T02:00:00.221+0000] {logging_mixin.py:150} INFO - [2023-07-27T02:00:00.221+0000] {dag.py:2742} INFO - Sync 1 DAGs
[2023-07-27T02:00:00.251+0000] {logging_mixin.py:150} INFO - [2023-07-27T02:00:00.251+0000] {dag.py:3508} INFO - Setting next_dagrun for example_skip_dag to 2023-07-26T02:00:00.250815+00:00, run_after=2023-07-27T02:00:00.250815+00:00
[2023-07-27T02:00:00.274+0000] {processor.py:179} INFO - Processing /home/airflow/.local/lib/python3.7/site-packages/airflow/example_dags/example_skip_dag.py took 0.092 seconds
[2023-07-27T02:00:31.159+0000] {processor.py:157} INFO - Started process (PID=4895) to work on /home/airflow/.local/lib/python3.7/site-packages/airflow/example_dags/example_skip_dag.py
[2023-07-27T02:00:31.160+0000] {processor.py:826} INFO - Processing file /home/airflow/.local/lib/python3.7/site-packages/airflow/example_dags/example_skip_dag.py for tasks to queue
[2023-07-27T02:00:31.161+0000] {logging_mixin.py:150} INFO - [2023-07-27T02:00:31.161+0000] {dagbag.py:541} INFO - Filling up the DagBag from /home/airflow/.local/lib/python3.7/site-packages/airflow/example_dags/example_skip_dag.py
[2023-07-27T02:00:31.169+0000] {processor.py:836} INFO - DAG(s) dict_keys(['example_skip_dag']) retrieved from /home/airflow/.local/lib/python3.7/site-packages/airflow/example_dags/example_skip_dag.py
[2023-07-27T02:00:31.196+0000] {logging_mixin.py:150} INFO - [2023-07-27T02:00:31.195+0000] {dag.py:2742} INFO - Sync 1 DAGs
[2023-07-27T02:00:31.223+0000] {logging_mixin.py:150} INFO - [2023-07-27T02:00:31.223+0000] {dag.py:3508} INFO - Setting next_dagrun for example_skip_dag to 2023-07-26T02:00:31.223181+00:00, run_after=2023-07-27T02:00:31.223181+00:00
[2023-07-27T02:00:31.247+0000] {processor.py:179} INFO - Processing /home/airflow/.local/lib/python3.7/site-packages/airflow/example_dags/example_skip_dag.py took 0.092 seconds
[2023-07-27T02:01:01.312+0000] {processor.py:157} INFO - Started process (PID=4955) to work on /home/airflow/.local/lib/python3.7/site-packages/airflow/example_dags/example_skip_dag.py
[2023-07-27T02:01:01.313+0000] {processor.py:826} INFO - Processing file /home/airflow/.local/lib/python3.7/site-packages/airflow/example_dags/example_skip_dag.py for tasks to queue
[2023-07-27T02:01:01.314+0000] {logging_mixin.py:150} INFO - [2023-07-27T02:01:01.314+0000] {dagbag.py:541} INFO - Filling up the DagBag from /home/airflow/.local/lib/python3.7/site-packages/airflow/example_dags/example_skip_dag.py
[2023-07-27T02:01:01.322+0000] {processor.py:836} INFO - DAG(s) dict_keys(['example_skip_dag']) retrieved from /home/airflow/.local/lib/python3.7/site-packages/airflow/example_dags/example_skip_dag.py
[2023-07-27T02:01:01.348+0000] {logging_mixin.py:150} INFO - [2023-07-27T02:01:01.348+0000] {dag.py:2742} INFO - Sync 1 DAGs
[2023-07-27T02:01:01.375+0000] {logging_mixin.py:150} INFO - [2023-07-27T02:01:01.375+0000] {dag.py:3508} INFO - Setting next_dagrun for example_skip_dag to 2023-07-26T02:01:01.375439+00:00, run_after=2023-07-27T02:01:01.375439+00:00
[2023-07-27T02:01:01.398+0000] {processor.py:179} INFO - Processing /home/airflow/.local/lib/python3.7/site-packages/airflow/example_dags/example_skip_dag.py took 0.090 seconds
[2023-07-27T02:01:31.667+0000] {processor.py:157} INFO - Started process (PID=5015) to work on /home/airflow/.local/lib/python3.7/site-packages/airflow/example_dags/example_skip_dag.py
[2023-07-27T02:01:31.669+0000] {processor.py:826} INFO - Processing file /home/airflow/.local/lib/python3.7/site-packages/airflow/example_dags/example_skip_dag.py for tasks to queue
[2023-07-27T02:01:31.670+0000] {logging_mixin.py:150} INFO - [2023-07-27T02:01:31.670+0000] {dagbag.py:541} INFO - Filling up the DagBag from /home/airflow/.local/lib/python3.7/site-packages/airflow/example_dags/example_skip_dag.py
[2023-07-27T02:01:31.678+0000] {processor.py:836} INFO - DAG(s) dict_keys(['example_skip_dag']) retrieved from /home/airflow/.local/lib/python3.7/site-packages/airflow/example_dags/example_skip_dag.py
[2023-07-27T02:01:31.705+0000] {logging_mixin.py:150} INFO - [2023-07-27T02:01:31.705+0000] {dag.py:2742} INFO - Sync 1 DAGs
[2023-07-27T02:01:31.734+0000] {logging_mixin.py:150} INFO - [2023-07-27T02:01:31.734+0000] {dag.py:3508} INFO - Setting next_dagrun for example_skip_dag to 2023-07-26T02:01:31.733795+00:00, run_after=2023-07-27T02:01:31.733795+00:00
[2023-07-27T02:01:31.759+0000] {processor.py:179} INFO - Processing /home/airflow/.local/lib/python3.7/site-packages/airflow/example_dags/example_skip_dag.py took 0.095 seconds
[2023-07-27T02:02:01.800+0000] {processor.py:157} INFO - Started process (PID=5075) to work on /home/airflow/.local/lib/python3.7/site-packages/airflow/example_dags/example_skip_dag.py
[2023-07-27T02:02:01.801+0000] {processor.py:826} INFO - Processing file /home/airflow/.local/lib/python3.7/site-packages/airflow/example_dags/example_skip_dag.py for tasks to queue
[2023-07-27T02:02:01.802+0000] {logging_mixin.py:150} INFO - [2023-07-27T02:02:01.802+0000] {dagbag.py:541} INFO - Filling up the DagBag from /home/airflow/.local/lib/python3.7/site-packages/airflow/example_dags/example_skip_dag.py
[2023-07-27T02:02:01.810+0000] {processor.py:836} INFO - DAG(s) dict_keys(['example_skip_dag']) retrieved from /home/airflow/.local/lib/python3.7/site-packages/airflow/example_dags/example_skip_dag.py
[2023-07-27T02:02:01.836+0000] {logging_mixin.py:150} INFO - [2023-07-27T02:02:01.836+0000] {dag.py:2742} INFO - Sync 1 DAGs
[2023-07-27T02:02:01.865+0000] {logging_mixin.py:150} INFO - [2023-07-27T02:02:01.865+0000] {dag.py:3508} INFO - Setting next_dagrun for example_skip_dag to 2023-07-26T02:02:01.865274+00:00, run_after=2023-07-27T02:02:01.865274+00:00
[2023-07-27T02:02:01.890+0000] {processor.py:179} INFO - Processing /home/airflow/.local/lib/python3.7/site-packages/airflow/example_dags/example_skip_dag.py took 0.093 seconds
[2023-07-27T02:02:32.008+0000] {processor.py:157} INFO - Started process (PID=5136) to work on /home/airflow/.local/lib/python3.7/site-packages/airflow/example_dags/example_skip_dag.py
[2023-07-27T02:02:32.009+0000] {processor.py:826} INFO - Processing file /home/airflow/.local/lib/python3.7/site-packages/airflow/example_dags/example_skip_dag.py for tasks to queue
[2023-07-27T02:02:32.010+0000] {logging_mixin.py:150} INFO - [2023-07-27T02:02:32.010+0000] {dagbag.py:541} INFO - Filling up the DagBag from /home/airflow/.local/lib/python3.7/site-packages/airflow/example_dags/example_skip_dag.py
[2023-07-27T02:02:32.018+0000] {processor.py:836} INFO - DAG(s) dict_keys(['example_skip_dag']) retrieved from /home/airflow/.local/lib/python3.7/site-packages/airflow/example_dags/example_skip_dag.py
[2023-07-27T02:02:32.044+0000] {logging_mixin.py:150} INFO - [2023-07-27T02:02:32.044+0000] {dag.py:2742} INFO - Sync 1 DAGs
[2023-07-27T02:02:32.071+0000] {logging_mixin.py:150} INFO - [2023-07-27T02:02:32.071+0000] {dag.py:3508} INFO - Setting next_dagrun for example_skip_dag to 2023-07-26T02:02:32.071124+00:00, run_after=2023-07-27T02:02:32.071124+00:00
[2023-07-27T02:02:32.094+0000] {processor.py:179} INFO - Processing /home/airflow/.local/lib/python3.7/site-packages/airflow/example_dags/example_skip_dag.py took 0.090 seconds
[2023-07-27T02:03:02.234+0000] {processor.py:157} INFO - Started process (PID=5196) to work on /home/airflow/.local/lib/python3.7/site-packages/airflow/example_dags/example_skip_dag.py
[2023-07-27T02:03:02.236+0000] {processor.py:826} INFO - Processing file /home/airflow/.local/lib/python3.7/site-packages/airflow/example_dags/example_skip_dag.py for tasks to queue
[2023-07-27T02:03:02.237+0000] {logging_mixin.py:150} INFO - [2023-07-27T02:03:02.237+0000] {dagbag.py:541} INFO - Filling up the DagBag from /home/airflow/.local/lib/python3.7/site-packages/airflow/example_dags/example_skip_dag.py
[2023-07-27T02:03:02.245+0000] {processor.py:836} INFO - DAG(s) dict_keys(['example_skip_dag']) retrieved from /home/airflow/.local/lib/python3.7/site-packages/airflow/example_dags/example_skip_dag.py
[2023-07-27T02:03:02.271+0000] {logging_mixin.py:150} INFO - [2023-07-27T02:03:02.271+0000] {dag.py:2742} INFO - Sync 1 DAGs
[2023-07-27T02:03:02.303+0000] {logging_mixin.py:150} INFO - [2023-07-27T02:03:02.303+0000] {dag.py:3508} INFO - Setting next_dagrun for example_skip_dag to 2023-07-26T02:03:02.303159+00:00, run_after=2023-07-27T02:03:02.303159+00:00
[2023-07-27T02:03:02.334+0000] {processor.py:179} INFO - Processing /home/airflow/.local/lib/python3.7/site-packages/airflow/example_dags/example_skip_dag.py took 0.104 seconds
[2023-07-27T02:03:32.500+0000] {processor.py:157} INFO - Started process (PID=5256) to work on /home/airflow/.local/lib/python3.7/site-packages/airflow/example_dags/example_skip_dag.py
[2023-07-27T02:03:32.502+0000] {processor.py:826} INFO - Processing file /home/airflow/.local/lib/python3.7/site-packages/airflow/example_dags/example_skip_dag.py for tasks to queue
[2023-07-27T02:03:32.506+0000] {logging_mixin.py:150} INFO - [2023-07-27T02:03:32.506+0000] {dagbag.py:541} INFO - Filling up the DagBag from /home/airflow/.local/lib/python3.7/site-packages/airflow/example_dags/example_skip_dag.py
[2023-07-27T02:03:32.514+0000] {processor.py:836} INFO - DAG(s) dict_keys(['example_skip_dag']) retrieved from /home/airflow/.local/lib/python3.7/site-packages/airflow/example_dags/example_skip_dag.py
[2023-07-27T02:03:32.543+0000] {logging_mixin.py:150} INFO - [2023-07-27T02:03:32.543+0000] {dag.py:2742} INFO - Sync 1 DAGs
[2023-07-27T02:03:32.571+0000] {logging_mixin.py:150} INFO - [2023-07-27T02:03:32.571+0000] {dag.py:3508} INFO - Setting next_dagrun for example_skip_dag to 2023-07-26T02:03:32.571053+00:00, run_after=2023-07-27T02:03:32.571053+00:00
[2023-07-27T02:03:32.595+0000] {processor.py:179} INFO - Processing /home/airflow/.local/lib/python3.7/site-packages/airflow/example_dags/example_skip_dag.py took 0.099 seconds
[2023-07-27T02:04:03.137+0000] {processor.py:157} INFO - Started process (PID=5316) to work on /home/airflow/.local/lib/python3.7/site-packages/airflow/example_dags/example_skip_dag.py
[2023-07-27T02:04:03.138+0000] {processor.py:826} INFO - Processing file /home/airflow/.local/lib/python3.7/site-packages/airflow/example_dags/example_skip_dag.py for tasks to queue
[2023-07-27T02:04:03.139+0000] {logging_mixin.py:150} INFO - [2023-07-27T02:04:03.139+0000] {dagbag.py:541} INFO - Filling up the DagBag from /home/airflow/.local/lib/python3.7/site-packages/airflow/example_dags/example_skip_dag.py
[2023-07-27T02:04:03.147+0000] {processor.py:836} INFO - DAG(s) dict_keys(['example_skip_dag']) retrieved from /home/airflow/.local/lib/python3.7/site-packages/airflow/example_dags/example_skip_dag.py
[2023-07-27T02:04:03.173+0000] {logging_mixin.py:150} INFO - [2023-07-27T02:04:03.173+0000] {dag.py:2742} INFO - Sync 1 DAGs
[2023-07-27T02:04:03.200+0000] {logging_mixin.py:150} INFO - [2023-07-27T02:04:03.200+0000] {dag.py:3508} INFO - Setting next_dagrun for example_skip_dag to 2023-07-26T02:04:03.200275+00:00, run_after=2023-07-27T02:04:03.200275+00:00
[2023-07-27T02:04:03.228+0000] {processor.py:179} INFO - Processing /home/airflow/.local/lib/python3.7/site-packages/airflow/example_dags/example_skip_dag.py took 0.095 seconds
[2023-07-27T02:04:33.347+0000] {processor.py:157} INFO - Started process (PID=5376) to work on /home/airflow/.local/lib/python3.7/site-packages/airflow/example_dags/example_skip_dag.py
[2023-07-27T02:04:33.348+0000] {processor.py:826} INFO - Processing file /home/airflow/.local/lib/python3.7/site-packages/airflow/example_dags/example_skip_dag.py for tasks to queue
[2023-07-27T02:04:33.349+0000] {logging_mixin.py:150} INFO - [2023-07-27T02:04:33.349+0000] {dagbag.py:541} INFO - Filling up the DagBag from /home/airflow/.local/lib/python3.7/site-packages/airflow/example_dags/example_skip_dag.py
[2023-07-27T02:04:33.358+0000] {processor.py:836} INFO - DAG(s) dict_keys(['example_skip_dag']) retrieved from /home/airflow/.local/lib/python3.7/site-packages/airflow/example_dags/example_skip_dag.py
[2023-07-27T02:04:33.385+0000] {logging_mixin.py:150} INFO - [2023-07-27T02:04:33.385+0000] {dag.py:2742} INFO - Sync 1 DAGs
[2023-07-27T02:04:33.413+0000] {logging_mixin.py:150} INFO - [2023-07-27T02:04:33.413+0000] {dag.py:3508} INFO - Setting next_dagrun for example_skip_dag to 2023-07-26T02:04:33.413507+00:00, run_after=2023-07-27T02:04:33.413507+00:00
[2023-07-27T02:04:33.436+0000] {processor.py:179} INFO - Processing /home/airflow/.local/lib/python3.7/site-packages/airflow/example_dags/example_skip_dag.py took 0.093 seconds
[2023-07-27T02:05:03.780+0000] {processor.py:157} INFO - Started process (PID=5436) to work on /home/airflow/.local/lib/python3.7/site-packages/airflow/example_dags/example_skip_dag.py
[2023-07-27T02:05:03.782+0000] {processor.py:826} INFO - Processing file /home/airflow/.local/lib/python3.7/site-packages/airflow/example_dags/example_skip_dag.py for tasks to queue
[2023-07-27T02:05:03.783+0000] {logging_mixin.py:150} INFO - [2023-07-27T02:05:03.783+0000] {dagbag.py:541} INFO - Filling up the DagBag from /home/airflow/.local/lib/python3.7/site-packages/airflow/example_dags/example_skip_dag.py
[2023-07-27T02:05:03.790+0000] {processor.py:836} INFO - DAG(s) dict_keys(['example_skip_dag']) retrieved from /home/airflow/.local/lib/python3.7/site-packages/airflow/example_dags/example_skip_dag.py
[2023-07-27T02:05:03.816+0000] {logging_mixin.py:150} INFO - [2023-07-27T02:05:03.816+0000] {dag.py:2742} INFO - Sync 1 DAGs
[2023-07-27T02:05:03.846+0000] {logging_mixin.py:150} INFO - [2023-07-27T02:05:03.846+0000] {dag.py:3508} INFO - Setting next_dagrun for example_skip_dag to 2023-07-26T02:05:03.846209+00:00, run_after=2023-07-27T02:05:03.846209+00:00
[2023-07-27T02:05:03.872+0000] {processor.py:179} INFO - Processing /home/airflow/.local/lib/python3.7/site-packages/airflow/example_dags/example_skip_dag.py took 0.095 seconds
[2023-07-27T02:05:34.531+0000] {processor.py:157} INFO - Started process (PID=5497) to work on /home/airflow/.local/lib/python3.7/site-packages/airflow/example_dags/example_skip_dag.py
[2023-07-27T02:05:34.532+0000] {processor.py:826} INFO - Processing file /home/airflow/.local/lib/python3.7/site-packages/airflow/example_dags/example_skip_dag.py for tasks to queue
[2023-07-27T02:05:34.533+0000] {logging_mixin.py:150} INFO - [2023-07-27T02:05:34.533+0000] {dagbag.py:541} INFO - Filling up the DagBag from /home/airflow/.local/lib/python3.7/site-packages/airflow/example_dags/example_skip_dag.py
[2023-07-27T02:05:34.542+0000] {processor.py:836} INFO - DAG(s) dict_keys(['example_skip_dag']) retrieved from /home/airflow/.local/lib/python3.7/site-packages/airflow/example_dags/example_skip_dag.py
[2023-07-27T02:05:34.568+0000] {logging_mixin.py:150} INFO - [2023-07-27T02:05:34.568+0000] {dag.py:2742} INFO - Sync 1 DAGs
[2023-07-27T02:05:34.597+0000] {logging_mixin.py:150} INFO - [2023-07-27T02:05:34.597+0000] {dag.py:3508} INFO - Setting next_dagrun for example_skip_dag to 2023-07-26T02:05:34.597385+00:00, run_after=2023-07-27T02:05:34.597385+00:00
[2023-07-27T02:05:34.621+0000] {processor.py:179} INFO - Processing /home/airflow/.local/lib/python3.7/site-packages/airflow/example_dags/example_skip_dag.py took 0.094 seconds
[2023-07-27T02:06:04.800+0000] {processor.py:157} INFO - Started process (PID=5556) to work on /home/airflow/.local/lib/python3.7/site-packages/airflow/example_dags/example_skip_dag.py
[2023-07-27T02:06:04.801+0000] {processor.py:826} INFO - Processing file /home/airflow/.local/lib/python3.7/site-packages/airflow/example_dags/example_skip_dag.py for tasks to queue
[2023-07-27T02:06:04.802+0000] {logging_mixin.py:150} INFO - [2023-07-27T02:06:04.802+0000] {dagbag.py:541} INFO - Filling up the DagBag from /home/airflow/.local/lib/python3.7/site-packages/airflow/example_dags/example_skip_dag.py
[2023-07-27T02:06:04.810+0000] {processor.py:836} INFO - DAG(s) dict_keys(['example_skip_dag']) retrieved from /home/airflow/.local/lib/python3.7/site-packages/airflow/example_dags/example_skip_dag.py
[2023-07-27T02:06:04.837+0000] {logging_mixin.py:150} INFO - [2023-07-27T02:06:04.836+0000] {dag.py:2742} INFO - Sync 1 DAGs
[2023-07-27T02:06:04.865+0000] {logging_mixin.py:150} INFO - [2023-07-27T02:06:04.865+0000] {dag.py:3508} INFO - Setting next_dagrun for example_skip_dag to 2023-07-26T02:06:04.865205+00:00, run_after=2023-07-27T02:06:04.865205+00:00
[2023-07-27T02:06:04.887+0000] {processor.py:179} INFO - Processing /home/airflow/.local/lib/python3.7/site-packages/airflow/example_dags/example_skip_dag.py took 0.090 seconds
[2023-07-27T02:06:35.433+0000] {processor.py:157} INFO - Started process (PID=5616) to work on /home/airflow/.local/lib/python3.7/site-packages/airflow/example_dags/example_skip_dag.py
[2023-07-27T02:06:35.434+0000] {processor.py:826} INFO - Processing file /home/airflow/.local/lib/python3.7/site-packages/airflow/example_dags/example_skip_dag.py for tasks to queue
[2023-07-27T02:06:35.435+0000] {logging_mixin.py:150} INFO - [2023-07-27T02:06:35.435+0000] {dagbag.py:541} INFO - Filling up the DagBag from /home/airflow/.local/lib/python3.7/site-packages/airflow/example_dags/example_skip_dag.py
[2023-07-27T02:06:35.443+0000] {processor.py:836} INFO - DAG(s) dict_keys(['example_skip_dag']) retrieved from /home/airflow/.local/lib/python3.7/site-packages/airflow/example_dags/example_skip_dag.py
[2023-07-27T02:06:35.469+0000] {logging_mixin.py:150} INFO - [2023-07-27T02:06:35.469+0000] {dag.py:2742} INFO - Sync 1 DAGs
[2023-07-27T02:06:35.496+0000] {logging_mixin.py:150} INFO - [2023-07-27T02:06:35.495+0000] {dag.py:3508} INFO - Setting next_dagrun for example_skip_dag to 2023-07-26T02:06:35.495681+00:00, run_after=2023-07-27T02:06:35.495681+00:00
[2023-07-27T02:06:35.518+0000] {processor.py:179} INFO - Processing /home/airflow/.local/lib/python3.7/site-packages/airflow/example_dags/example_skip_dag.py took 0.089 seconds
[2023-07-27T02:07:06.070+0000] {processor.py:157} INFO - Started process (PID=5676) to work on /home/airflow/.local/lib/python3.7/site-packages/airflow/example_dags/example_skip_dag.py
[2023-07-27T02:07:06.075+0000] {processor.py:826} INFO - Processing file /home/airflow/.local/lib/python3.7/site-packages/airflow/example_dags/example_skip_dag.py for tasks to queue
[2023-07-27T02:07:06.079+0000] {logging_mixin.py:150} INFO - [2023-07-27T02:07:06.079+0000] {dagbag.py:541} INFO - Filling up the DagBag from /home/airflow/.local/lib/python3.7/site-packages/airflow/example_dags/example_skip_dag.py
[2023-07-27T02:07:06.096+0000] {processor.py:836} INFO - DAG(s) dict_keys(['example_skip_dag']) retrieved from /home/airflow/.local/lib/python3.7/site-packages/airflow/example_dags/example_skip_dag.py
[2023-07-27T02:07:06.128+0000] {logging_mixin.py:150} INFO - [2023-07-27T02:07:06.127+0000] {dag.py:2742} INFO - Sync 1 DAGs
[2023-07-27T02:07:06.158+0000] {logging_mixin.py:150} INFO - [2023-07-27T02:07:06.158+0000] {dag.py:3508} INFO - Setting next_dagrun for example_skip_dag to 2023-07-26T02:07:06.158038+00:00, run_after=2023-07-27T02:07:06.158038+00:00
[2023-07-27T02:07:06.191+0000] {processor.py:179} INFO - Processing /home/airflow/.local/lib/python3.7/site-packages/airflow/example_dags/example_skip_dag.py took 0.126 seconds
[2023-07-27T02:07:37.026+0000] {processor.py:157} INFO - Started process (PID=5736) to work on /home/airflow/.local/lib/python3.7/site-packages/airflow/example_dags/example_skip_dag.py
[2023-07-27T02:07:37.027+0000] {processor.py:826} INFO - Processing file /home/airflow/.local/lib/python3.7/site-packages/airflow/example_dags/example_skip_dag.py for tasks to queue
[2023-07-27T02:07:37.029+0000] {logging_mixin.py:150} INFO - [2023-07-27T02:07:37.028+0000] {dagbag.py:541} INFO - Filling up the DagBag from /home/airflow/.local/lib/python3.7/site-packages/airflow/example_dags/example_skip_dag.py
[2023-07-27T02:07:37.036+0000] {processor.py:836} INFO - DAG(s) dict_keys(['example_skip_dag']) retrieved from /home/airflow/.local/lib/python3.7/site-packages/airflow/example_dags/example_skip_dag.py
[2023-07-27T02:07:37.064+0000] {logging_mixin.py:150} INFO - [2023-07-27T02:07:37.064+0000] {dag.py:2742} INFO - Sync 1 DAGs
[2023-07-27T02:07:37.098+0000] {logging_mixin.py:150} INFO - [2023-07-27T02:07:37.097+0000] {dag.py:3508} INFO - Setting next_dagrun for example_skip_dag to 2023-07-26T02:07:37.097523+00:00, run_after=2023-07-27T02:07:37.097523+00:00
[2023-07-27T02:07:37.253+0000] {processor.py:179} INFO - Processing /home/airflow/.local/lib/python3.7/site-packages/airflow/example_dags/example_skip_dag.py took 0.230 seconds
[2023-07-27T02:08:08.102+0000] {processor.py:157} INFO - Started process (PID=5796) to work on /home/airflow/.local/lib/python3.7/site-packages/airflow/example_dags/example_skip_dag.py
[2023-07-27T02:08:08.103+0000] {processor.py:826} INFO - Processing file /home/airflow/.local/lib/python3.7/site-packages/airflow/example_dags/example_skip_dag.py for tasks to queue
[2023-07-27T02:08:08.105+0000] {logging_mixin.py:150} INFO - [2023-07-27T02:08:08.104+0000] {dagbag.py:541} INFO - Filling up the DagBag from /home/airflow/.local/lib/python3.7/site-packages/airflow/example_dags/example_skip_dag.py
[2023-07-27T02:08:08.113+0000] {processor.py:836} INFO - DAG(s) dict_keys(['example_skip_dag']) retrieved from /home/airflow/.local/lib/python3.7/site-packages/airflow/example_dags/example_skip_dag.py
[2023-07-27T02:08:08.142+0000] {logging_mixin.py:150} INFO - [2023-07-27T02:08:08.142+0000] {dag.py:2742} INFO - Sync 1 DAGs
[2023-07-27T02:08:08.178+0000] {logging_mixin.py:150} INFO - [2023-07-27T02:08:08.178+0000] {dag.py:3508} INFO - Setting next_dagrun for example_skip_dag to 2023-07-26T02:08:08.178083+00:00, run_after=2023-07-27T02:08:08.178083+00:00
[2023-07-27T02:08:08.211+0000] {processor.py:179} INFO - Processing /home/airflow/.local/lib/python3.7/site-packages/airflow/example_dags/example_skip_dag.py took 0.113 seconds
[2023-07-27T02:08:38.592+0000] {processor.py:157} INFO - Started process (PID=5857) to work on /home/airflow/.local/lib/python3.7/site-packages/airflow/example_dags/example_skip_dag.py
[2023-07-27T02:08:38.593+0000] {processor.py:826} INFO - Processing file /home/airflow/.local/lib/python3.7/site-packages/airflow/example_dags/example_skip_dag.py for tasks to queue
[2023-07-27T02:08:38.595+0000] {logging_mixin.py:150} INFO - [2023-07-27T02:08:38.594+0000] {dagbag.py:541} INFO - Filling up the DagBag from /home/airflow/.local/lib/python3.7/site-packages/airflow/example_dags/example_skip_dag.py
[2023-07-27T02:08:38.603+0000] {processor.py:836} INFO - DAG(s) dict_keys(['example_skip_dag']) retrieved from /home/airflow/.local/lib/python3.7/site-packages/airflow/example_dags/example_skip_dag.py
[2023-07-27T02:08:38.634+0000] {logging_mixin.py:150} INFO - [2023-07-27T02:08:38.633+0000] {dag.py:2742} INFO - Sync 1 DAGs
[2023-07-27T02:08:38.665+0000] {logging_mixin.py:150} INFO - [2023-07-27T02:08:38.665+0000] {dag.py:3508} INFO - Setting next_dagrun for example_skip_dag to 2023-07-26T02:08:38.664771+00:00, run_after=2023-07-27T02:08:38.664771+00:00
[2023-07-27T02:08:38.696+0000] {processor.py:179} INFO - Processing /home/airflow/.local/lib/python3.7/site-packages/airflow/example_dags/example_skip_dag.py took 0.108 seconds
[2023-07-27T02:09:09.080+0000] {processor.py:157} INFO - Started process (PID=5917) to work on /home/airflow/.local/lib/python3.7/site-packages/airflow/example_dags/example_skip_dag.py
[2023-07-27T02:09:09.081+0000] {processor.py:826} INFO - Processing file /home/airflow/.local/lib/python3.7/site-packages/airflow/example_dags/example_skip_dag.py for tasks to queue
[2023-07-27T02:09:09.083+0000] {logging_mixin.py:150} INFO - [2023-07-27T02:09:09.082+0000] {dagbag.py:541} INFO - Filling up the DagBag from /home/airflow/.local/lib/python3.7/site-packages/airflow/example_dags/example_skip_dag.py
[2023-07-27T02:09:09.090+0000] {processor.py:836} INFO - DAG(s) dict_keys(['example_skip_dag']) retrieved from /home/airflow/.local/lib/python3.7/site-packages/airflow/example_dags/example_skip_dag.py
[2023-07-27T02:09:09.118+0000] {logging_mixin.py:150} INFO - [2023-07-27T02:09:09.118+0000] {dag.py:2742} INFO - Sync 1 DAGs
[2023-07-27T02:09:09.251+0000] {logging_mixin.py:150} INFO - [2023-07-27T02:09:09.251+0000] {dag.py:3508} INFO - Setting next_dagrun for example_skip_dag to 2023-07-26T02:09:09.251075+00:00, run_after=2023-07-27T02:09:09.251075+00:00
[2023-07-27T02:09:09.273+0000] {processor.py:179} INFO - Processing /home/airflow/.local/lib/python3.7/site-packages/airflow/example_dags/example_skip_dag.py took 0.196 seconds
[2023-07-27T02:09:39.571+0000] {processor.py:157} INFO - Started process (PID=5977) to work on /home/airflow/.local/lib/python3.7/site-packages/airflow/example_dags/example_skip_dag.py
[2023-07-27T02:09:39.573+0000] {processor.py:826} INFO - Processing file /home/airflow/.local/lib/python3.7/site-packages/airflow/example_dags/example_skip_dag.py for tasks to queue
[2023-07-27T02:09:39.574+0000] {logging_mixin.py:150} INFO - [2023-07-27T02:09:39.573+0000] {dagbag.py:541} INFO - Filling up the DagBag from /home/airflow/.local/lib/python3.7/site-packages/airflow/example_dags/example_skip_dag.py
[2023-07-27T02:09:39.582+0000] {processor.py:836} INFO - DAG(s) dict_keys(['example_skip_dag']) retrieved from /home/airflow/.local/lib/python3.7/site-packages/airflow/example_dags/example_skip_dag.py
[2023-07-27T02:09:39.608+0000] {logging_mixin.py:150} INFO - [2023-07-27T02:09:39.608+0000] {dag.py:2742} INFO - Sync 1 DAGs
[2023-07-27T02:09:39.637+0000] {logging_mixin.py:150} INFO - [2023-07-27T02:09:39.636+0000] {dag.py:3508} INFO - Setting next_dagrun for example_skip_dag to 2023-07-26T02:09:39.636572+00:00, run_after=2023-07-27T02:09:39.636572+00:00
[2023-07-27T02:09:39.660+0000] {processor.py:179} INFO - Processing /home/airflow/.local/lib/python3.7/site-packages/airflow/example_dags/example_skip_dag.py took 0.092 seconds
[2023-07-27T02:10:10.225+0000] {processor.py:157} INFO - Started process (PID=6037) to work on /home/airflow/.local/lib/python3.7/site-packages/airflow/example_dags/example_skip_dag.py
[2023-07-27T02:10:10.226+0000] {processor.py:826} INFO - Processing file /home/airflow/.local/lib/python3.7/site-packages/airflow/example_dags/example_skip_dag.py for tasks to queue
[2023-07-27T02:10:10.227+0000] {logging_mixin.py:150} INFO - [2023-07-27T02:10:10.227+0000] {dagbag.py:541} INFO - Filling up the DagBag from /home/airflow/.local/lib/python3.7/site-packages/airflow/example_dags/example_skip_dag.py
[2023-07-27T02:10:10.235+0000] {processor.py:836} INFO - DAG(s) dict_keys(['example_skip_dag']) retrieved from /home/airflow/.local/lib/python3.7/site-packages/airflow/example_dags/example_skip_dag.py
[2023-07-27T02:10:10.412+0000] {logging_mixin.py:150} INFO - [2023-07-27T02:10:10.412+0000] {dag.py:2742} INFO - Sync 1 DAGs
[2023-07-27T02:10:10.450+0000] {logging_mixin.py:150} INFO - [2023-07-27T02:10:10.443+0000] {dag.py:3508} INFO - Setting next_dagrun for example_skip_dag to 2023-07-26T02:10:10.443443+00:00, run_after=2023-07-27T02:10:10.443443+00:00
[2023-07-27T02:10:10.525+0000] {processor.py:179} INFO - Processing /home/airflow/.local/lib/python3.7/site-packages/airflow/example_dags/example_skip_dag.py took 0.304 seconds
