[2023-07-27T01:39:02.479+0000] {processor.py:157} INFO - Started process (PID=2340) to work on /home/airflow/.local/lib/python3.7/site-packages/airflow/example_dags/example_kubernetes_executor.py
[2023-07-27T01:39:02.490+0000] {processor.py:826} INFO - Processing file /home/airflow/.local/lib/python3.7/site-packages/airflow/example_dags/example_kubernetes_executor.py for tasks to queue
[2023-07-27T01:39:02.495+0000] {logging_mixin.py:150} INFO - [2023-07-27T01:39:02.495+0000] {dagbag.py:541} INFO - Filling up the DagBag from /home/airflow/.local/lib/python3.7/site-packages/airflow/example_dags/example_kubernetes_executor.py
[2023-07-27T01:39:03.211+0000] {processor.py:836} INFO - DAG(s) dict_keys(['example_kubernetes_executor']) retrieved from /home/airflow/.local/lib/python3.7/site-packages/airflow/example_dags/example_kubernetes_executor.py
[2023-07-27T01:39:03.736+0000] {logging_mixin.py:150} INFO - [2023-07-27T01:39:03.735+0000] {dag.py:2742} INFO - Sync 1 DAGs
[2023-07-27T01:39:03.810+0000] {logging_mixin.py:150} INFO - [2023-07-27T01:39:03.810+0000] {dag.py:3508} INFO - Setting next_dagrun for example_kubernetes_executor to None, run_after=None
[2023-07-27T01:39:03.883+0000] {processor.py:179} INFO - Processing /home/airflow/.local/lib/python3.7/site-packages/airflow/example_dags/example_kubernetes_executor.py took 1.408 seconds
[2023-07-27T01:39:34.825+0000] {processor.py:157} INFO - Started process (PID=2402) to work on /home/airflow/.local/lib/python3.7/site-packages/airflow/example_dags/example_kubernetes_executor.py
[2023-07-27T01:39:34.827+0000] {processor.py:826} INFO - Processing file /home/airflow/.local/lib/python3.7/site-packages/airflow/example_dags/example_kubernetes_executor.py for tasks to queue
[2023-07-27T01:39:34.829+0000] {logging_mixin.py:150} INFO - [2023-07-27T01:39:34.828+0000] {dagbag.py:541} INFO - Filling up the DagBag from /home/airflow/.local/lib/python3.7/site-packages/airflow/example_dags/example_kubernetes_executor.py
[2023-07-27T01:39:35.160+0000] {processor.py:836} INFO - DAG(s) dict_keys(['example_kubernetes_executor']) retrieved from /home/airflow/.local/lib/python3.7/site-packages/airflow/example_dags/example_kubernetes_executor.py
[2023-07-27T01:39:35.253+0000] {logging_mixin.py:150} INFO - [2023-07-27T01:39:35.253+0000] {dag.py:2742} INFO - Sync 1 DAGs
[2023-07-27T01:39:35.456+0000] {logging_mixin.py:150} INFO - [2023-07-27T01:39:35.455+0000] {dag.py:3508} INFO - Setting next_dagrun for example_kubernetes_executor to None, run_after=None
[2023-07-27T01:39:35.477+0000] {processor.py:179} INFO - Processing /home/airflow/.local/lib/python3.7/site-packages/airflow/example_dags/example_kubernetes_executor.py took 0.656 seconds
[2023-07-27T01:40:06.080+0000] {processor.py:157} INFO - Started process (PID=2463) to work on /home/airflow/.local/lib/python3.7/site-packages/airflow/example_dags/example_kubernetes_executor.py
[2023-07-27T01:40:06.081+0000] {processor.py:826} INFO - Processing file /home/airflow/.local/lib/python3.7/site-packages/airflow/example_dags/example_kubernetes_executor.py for tasks to queue
[2023-07-27T01:40:06.082+0000] {logging_mixin.py:150} INFO - [2023-07-27T01:40:06.082+0000] {dagbag.py:541} INFO - Filling up the DagBag from /home/airflow/.local/lib/python3.7/site-packages/airflow/example_dags/example_kubernetes_executor.py
[2023-07-27T01:40:06.462+0000] {processor.py:836} INFO - DAG(s) dict_keys(['example_kubernetes_executor']) retrieved from /home/airflow/.local/lib/python3.7/site-packages/airflow/example_dags/example_kubernetes_executor.py
[2023-07-27T01:40:06.521+0000] {logging_mixin.py:150} INFO - [2023-07-27T01:40:06.521+0000] {dag.py:2742} INFO - Sync 1 DAGs
[2023-07-27T01:40:06.584+0000] {logging_mixin.py:150} INFO - [2023-07-27T01:40:06.584+0000] {dag.py:3508} INFO - Setting next_dagrun for example_kubernetes_executor to None, run_after=None
[2023-07-27T01:40:06.648+0000] {processor.py:179} INFO - Processing /home/airflow/.local/lib/python3.7/site-packages/airflow/example_dags/example_kubernetes_executor.py took 0.572 seconds
[2023-07-27T01:40:36.761+0000] {processor.py:157} INFO - Started process (PID=2526) to work on /home/airflow/.local/lib/python3.7/site-packages/airflow/example_dags/example_kubernetes_executor.py
[2023-07-27T01:40:36.762+0000] {processor.py:826} INFO - Processing file /home/airflow/.local/lib/python3.7/site-packages/airflow/example_dags/example_kubernetes_executor.py for tasks to queue
[2023-07-27T01:40:36.763+0000] {logging_mixin.py:150} INFO - [2023-07-27T01:40:36.763+0000] {dagbag.py:541} INFO - Filling up the DagBag from /home/airflow/.local/lib/python3.7/site-packages/airflow/example_dags/example_kubernetes_executor.py
[2023-07-27T01:40:36.968+0000] {processor.py:836} INFO - DAG(s) dict_keys(['example_kubernetes_executor']) retrieved from /home/airflow/.local/lib/python3.7/site-packages/airflow/example_dags/example_kubernetes_executor.py
[2023-07-27T01:40:37.117+0000] {logging_mixin.py:150} INFO - [2023-07-27T01:40:37.116+0000] {dag.py:2742} INFO - Sync 1 DAGs
[2023-07-27T01:40:37.140+0000] {logging_mixin.py:150} INFO - [2023-07-27T01:40:37.140+0000] {dag.py:3508} INFO - Setting next_dagrun for example_kubernetes_executor to None, run_after=None
[2023-07-27T01:40:37.162+0000] {processor.py:179} INFO - Processing /home/airflow/.local/lib/python3.7/site-packages/airflow/example_dags/example_kubernetes_executor.py took 0.405 seconds
[2023-07-27T01:41:07.923+0000] {processor.py:157} INFO - Started process (PID=2586) to work on /home/airflow/.local/lib/python3.7/site-packages/airflow/example_dags/example_kubernetes_executor.py
[2023-07-27T01:41:07.924+0000] {processor.py:826} INFO - Processing file /home/airflow/.local/lib/python3.7/site-packages/airflow/example_dags/example_kubernetes_executor.py for tasks to queue
[2023-07-27T01:41:07.925+0000] {logging_mixin.py:150} INFO - [2023-07-27T01:41:07.925+0000] {dagbag.py:541} INFO - Filling up the DagBag from /home/airflow/.local/lib/python3.7/site-packages/airflow/example_dags/example_kubernetes_executor.py
[2023-07-27T01:41:08.136+0000] {processor.py:836} INFO - DAG(s) dict_keys(['example_kubernetes_executor']) retrieved from /home/airflow/.local/lib/python3.7/site-packages/airflow/example_dags/example_kubernetes_executor.py
[2023-07-27T01:41:08.177+0000] {logging_mixin.py:150} INFO - [2023-07-27T01:41:08.177+0000] {dag.py:2742} INFO - Sync 1 DAGs
[2023-07-27T01:41:08.313+0000] {logging_mixin.py:150} INFO - [2023-07-27T01:41:08.313+0000] {dag.py:3508} INFO - Setting next_dagrun for example_kubernetes_executor to None, run_after=None
[2023-07-27T01:41:08.335+0000] {processor.py:179} INFO - Processing /home/airflow/.local/lib/python3.7/site-packages/airflow/example_dags/example_kubernetes_executor.py took 0.416 seconds
[2023-07-27T01:41:38.497+0000] {processor.py:157} INFO - Started process (PID=2649) to work on /home/airflow/.local/lib/python3.7/site-packages/airflow/example_dags/example_kubernetes_executor.py
[2023-07-27T01:41:38.498+0000] {processor.py:826} INFO - Processing file /home/airflow/.local/lib/python3.7/site-packages/airflow/example_dags/example_kubernetes_executor.py for tasks to queue
[2023-07-27T01:41:38.500+0000] {logging_mixin.py:150} INFO - [2023-07-27T01:41:38.499+0000] {dagbag.py:541} INFO - Filling up the DagBag from /home/airflow/.local/lib/python3.7/site-packages/airflow/example_dags/example_kubernetes_executor.py
[2023-07-27T01:41:38.709+0000] {processor.py:836} INFO - DAG(s) dict_keys(['example_kubernetes_executor']) retrieved from /home/airflow/.local/lib/python3.7/site-packages/airflow/example_dags/example_kubernetes_executor.py
[2023-07-27T01:41:38.865+0000] {logging_mixin.py:150} INFO - [2023-07-27T01:41:38.865+0000] {dag.py:2742} INFO - Sync 1 DAGs
[2023-07-27T01:41:38.891+0000] {logging_mixin.py:150} INFO - [2023-07-27T01:41:38.891+0000] {dag.py:3508} INFO - Setting next_dagrun for example_kubernetes_executor to None, run_after=None
[2023-07-27T01:41:38.914+0000] {processor.py:179} INFO - Processing /home/airflow/.local/lib/python3.7/site-packages/airflow/example_dags/example_kubernetes_executor.py took 0.421 seconds
[2023-07-27T01:42:09.271+0000] {processor.py:157} INFO - Started process (PID=2709) to work on /home/airflow/.local/lib/python3.7/site-packages/airflow/example_dags/example_kubernetes_executor.py
[2023-07-27T01:42:09.272+0000] {processor.py:826} INFO - Processing file /home/airflow/.local/lib/python3.7/site-packages/airflow/example_dags/example_kubernetes_executor.py for tasks to queue
[2023-07-27T01:42:09.274+0000] {logging_mixin.py:150} INFO - [2023-07-27T01:42:09.273+0000] {dagbag.py:541} INFO - Filling up the DagBag from /home/airflow/.local/lib/python3.7/site-packages/airflow/example_dags/example_kubernetes_executor.py
[2023-07-27T01:42:09.487+0000] {processor.py:836} INFO - DAG(s) dict_keys(['example_kubernetes_executor']) retrieved from /home/airflow/.local/lib/python3.7/site-packages/airflow/example_dags/example_kubernetes_executor.py
[2023-07-27T01:42:09.635+0000] {logging_mixin.py:150} INFO - [2023-07-27T01:42:09.635+0000] {dag.py:2742} INFO - Sync 1 DAGs
[2023-07-27T01:42:09.659+0000] {logging_mixin.py:150} INFO - [2023-07-27T01:42:09.659+0000] {dag.py:3508} INFO - Setting next_dagrun for example_kubernetes_executor to None, run_after=None
[2023-07-27T01:42:09.690+0000] {processor.py:179} INFO - Processing /home/airflow/.local/lib/python3.7/site-packages/airflow/example_dags/example_kubernetes_executor.py took 0.424 seconds
[2023-07-27T01:42:39.995+0000] {processor.py:157} INFO - Started process (PID=2764) to work on /home/airflow/.local/lib/python3.7/site-packages/airflow/example_dags/example_kubernetes_executor.py
[2023-07-27T01:42:39.996+0000] {processor.py:826} INFO - Processing file /home/airflow/.local/lib/python3.7/site-packages/airflow/example_dags/example_kubernetes_executor.py for tasks to queue
[2023-07-27T01:42:39.997+0000] {logging_mixin.py:150} INFO - [2023-07-27T01:42:39.997+0000] {dagbag.py:541} INFO - Filling up the DagBag from /home/airflow/.local/lib/python3.7/site-packages/airflow/example_dags/example_kubernetes_executor.py
[2023-07-27T01:42:40.317+0000] {processor.py:836} INFO - DAG(s) dict_keys(['example_kubernetes_executor']) retrieved from /home/airflow/.local/lib/python3.7/site-packages/airflow/example_dags/example_kubernetes_executor.py
[2023-07-27T01:42:40.353+0000] {logging_mixin.py:150} INFO - [2023-07-27T01:42:40.353+0000] {dag.py:2742} INFO - Sync 1 DAGs
[2023-07-27T01:42:40.385+0000] {logging_mixin.py:150} INFO - [2023-07-27T01:42:40.385+0000] {dag.py:3508} INFO - Setting next_dagrun for example_kubernetes_executor to None, run_after=None
[2023-07-27T01:42:40.437+0000] {processor.py:179} INFO - Processing /home/airflow/.local/lib/python3.7/site-packages/airflow/example_dags/example_kubernetes_executor.py took 0.446 seconds
[2023-07-27T01:43:10.691+0000] {processor.py:157} INFO - Started process (PID=2825) to work on /home/airflow/.local/lib/python3.7/site-packages/airflow/example_dags/example_kubernetes_executor.py
[2023-07-27T01:43:10.692+0000] {processor.py:826} INFO - Processing file /home/airflow/.local/lib/python3.7/site-packages/airflow/example_dags/example_kubernetes_executor.py for tasks to queue
[2023-07-27T01:43:10.693+0000] {logging_mixin.py:150} INFO - [2023-07-27T01:43:10.693+0000] {dagbag.py:541} INFO - Filling up the DagBag from /home/airflow/.local/lib/python3.7/site-packages/airflow/example_dags/example_kubernetes_executor.py
[2023-07-27T01:43:11.009+0000] {processor.py:836} INFO - DAG(s) dict_keys(['example_kubernetes_executor']) retrieved from /home/airflow/.local/lib/python3.7/site-packages/airflow/example_dags/example_kubernetes_executor.py
[2023-07-27T01:43:11.044+0000] {logging_mixin.py:150} INFO - [2023-07-27T01:43:11.044+0000] {dag.py:2742} INFO - Sync 1 DAGs
[2023-07-27T01:43:11.070+0000] {logging_mixin.py:150} INFO - [2023-07-27T01:43:11.069+0000] {dag.py:3508} INFO - Setting next_dagrun for example_kubernetes_executor to None, run_after=None
[2023-07-27T01:43:11.091+0000] {processor.py:179} INFO - Processing /home/airflow/.local/lib/python3.7/site-packages/airflow/example_dags/example_kubernetes_executor.py took 0.403 seconds
[2023-07-27T01:43:41.323+0000] {processor.py:157} INFO - Started process (PID=2885) to work on /home/airflow/.local/lib/python3.7/site-packages/airflow/example_dags/example_kubernetes_executor.py
[2023-07-27T01:43:41.324+0000] {processor.py:826} INFO - Processing file /home/airflow/.local/lib/python3.7/site-packages/airflow/example_dags/example_kubernetes_executor.py for tasks to queue
[2023-07-27T01:43:41.325+0000] {logging_mixin.py:150} INFO - [2023-07-27T01:43:41.325+0000] {dagbag.py:541} INFO - Filling up the DagBag from /home/airflow/.local/lib/python3.7/site-packages/airflow/example_dags/example_kubernetes_executor.py
[2023-07-27T01:43:41.652+0000] {processor.py:836} INFO - DAG(s) dict_keys(['example_kubernetes_executor']) retrieved from /home/airflow/.local/lib/python3.7/site-packages/airflow/example_dags/example_kubernetes_executor.py
[2023-07-27T01:43:41.688+0000] {logging_mixin.py:150} INFO - [2023-07-27T01:43:41.688+0000] {dag.py:2742} INFO - Sync 1 DAGs
[2023-07-27T01:43:41.712+0000] {logging_mixin.py:150} INFO - [2023-07-27T01:43:41.712+0000] {dag.py:3508} INFO - Setting next_dagrun for example_kubernetes_executor to None, run_after=None
[2023-07-27T01:43:41.741+0000] {processor.py:179} INFO - Processing /home/airflow/.local/lib/python3.7/site-packages/airflow/example_dags/example_kubernetes_executor.py took 0.422 seconds
[2023-07-27T01:44:12.617+0000] {processor.py:157} INFO - Started process (PID=2945) to work on /home/airflow/.local/lib/python3.7/site-packages/airflow/example_dags/example_kubernetes_executor.py
[2023-07-27T01:44:12.618+0000] {processor.py:826} INFO - Processing file /home/airflow/.local/lib/python3.7/site-packages/airflow/example_dags/example_kubernetes_executor.py for tasks to queue
[2023-07-27T01:44:12.619+0000] {logging_mixin.py:150} INFO - [2023-07-27T01:44:12.619+0000] {dagbag.py:541} INFO - Filling up the DagBag from /home/airflow/.local/lib/python3.7/site-packages/airflow/example_dags/example_kubernetes_executor.py
[2023-07-27T01:44:12.939+0000] {processor.py:836} INFO - DAG(s) dict_keys(['example_kubernetes_executor']) retrieved from /home/airflow/.local/lib/python3.7/site-packages/airflow/example_dags/example_kubernetes_executor.py
[2023-07-27T01:44:12.976+0000] {logging_mixin.py:150} INFO - [2023-07-27T01:44:12.976+0000] {dag.py:2742} INFO - Sync 1 DAGs
[2023-07-27T01:44:13.000+0000] {logging_mixin.py:150} INFO - [2023-07-27T01:44:13.000+0000] {dag.py:3508} INFO - Setting next_dagrun for example_kubernetes_executor to None, run_after=None
[2023-07-27T01:44:13.021+0000] {processor.py:179} INFO - Processing /home/airflow/.local/lib/python3.7/site-packages/airflow/example_dags/example_kubernetes_executor.py took 0.408 seconds
[2023-07-27T01:44:43.333+0000] {processor.py:157} INFO - Started process (PID=3005) to work on /home/airflow/.local/lib/python3.7/site-packages/airflow/example_dags/example_kubernetes_executor.py
[2023-07-27T01:44:43.334+0000] {processor.py:826} INFO - Processing file /home/airflow/.local/lib/python3.7/site-packages/airflow/example_dags/example_kubernetes_executor.py for tasks to queue
[2023-07-27T01:44:43.335+0000] {logging_mixin.py:150} INFO - [2023-07-27T01:44:43.335+0000] {dagbag.py:541} INFO - Filling up the DagBag from /home/airflow/.local/lib/python3.7/site-packages/airflow/example_dags/example_kubernetes_executor.py
[2023-07-27T01:44:43.660+0000] {processor.py:836} INFO - DAG(s) dict_keys(['example_kubernetes_executor']) retrieved from /home/airflow/.local/lib/python3.7/site-packages/airflow/example_dags/example_kubernetes_executor.py
[2023-07-27T01:44:43.697+0000] {logging_mixin.py:150} INFO - [2023-07-27T01:44:43.697+0000] {dag.py:2742} INFO - Sync 1 DAGs
[2023-07-27T01:44:43.723+0000] {logging_mixin.py:150} INFO - [2023-07-27T01:44:43.723+0000] {dag.py:3508} INFO - Setting next_dagrun for example_kubernetes_executor to None, run_after=None
[2023-07-27T01:44:43.745+0000] {processor.py:179} INFO - Processing /home/airflow/.local/lib/python3.7/site-packages/airflow/example_dags/example_kubernetes_executor.py took 0.415 seconds
[2023-07-27T01:45:13.846+0000] {processor.py:157} INFO - Started process (PID=3065) to work on /home/airflow/.local/lib/python3.7/site-packages/airflow/example_dags/example_kubernetes_executor.py
[2023-07-27T01:45:13.847+0000] {processor.py:826} INFO - Processing file /home/airflow/.local/lib/python3.7/site-packages/airflow/example_dags/example_kubernetes_executor.py for tasks to queue
[2023-07-27T01:45:13.848+0000] {logging_mixin.py:150} INFO - [2023-07-27T01:45:13.848+0000] {dagbag.py:541} INFO - Filling up the DagBag from /home/airflow/.local/lib/python3.7/site-packages/airflow/example_dags/example_kubernetes_executor.py
[2023-07-27T01:45:14.168+0000] {processor.py:836} INFO - DAG(s) dict_keys(['example_kubernetes_executor']) retrieved from /home/airflow/.local/lib/python3.7/site-packages/airflow/example_dags/example_kubernetes_executor.py
[2023-07-27T01:45:14.205+0000] {logging_mixin.py:150} INFO - [2023-07-27T01:45:14.205+0000] {dag.py:2742} INFO - Sync 1 DAGs
[2023-07-27T01:45:14.230+0000] {logging_mixin.py:150} INFO - [2023-07-27T01:45:14.230+0000] {dag.py:3508} INFO - Setting next_dagrun for example_kubernetes_executor to None, run_after=None
[2023-07-27T01:45:14.251+0000] {processor.py:179} INFO - Processing /home/airflow/.local/lib/python3.7/site-packages/airflow/example_dags/example_kubernetes_executor.py took 0.409 seconds
[2023-07-27T01:45:44.356+0000] {processor.py:157} INFO - Started process (PID=3128) to work on /home/airflow/.local/lib/python3.7/site-packages/airflow/example_dags/example_kubernetes_executor.py
[2023-07-27T01:45:44.357+0000] {processor.py:826} INFO - Processing file /home/airflow/.local/lib/python3.7/site-packages/airflow/example_dags/example_kubernetes_executor.py for tasks to queue
[2023-07-27T01:45:44.358+0000] {logging_mixin.py:150} INFO - [2023-07-27T01:45:44.358+0000] {dagbag.py:541} INFO - Filling up the DagBag from /home/airflow/.local/lib/python3.7/site-packages/airflow/example_dags/example_kubernetes_executor.py
[2023-07-27T01:45:44.698+0000] {processor.py:836} INFO - DAG(s) dict_keys(['example_kubernetes_executor']) retrieved from /home/airflow/.local/lib/python3.7/site-packages/airflow/example_dags/example_kubernetes_executor.py
[2023-07-27T01:45:44.735+0000] {logging_mixin.py:150} INFO - [2023-07-27T01:45:44.734+0000] {dag.py:2742} INFO - Sync 1 DAGs
[2023-07-27T01:45:44.765+0000] {logging_mixin.py:150} INFO - [2023-07-27T01:45:44.765+0000] {dag.py:3508} INFO - Setting next_dagrun for example_kubernetes_executor to None, run_after=None
[2023-07-27T01:45:44.789+0000] {processor.py:179} INFO - Processing /home/airflow/.local/lib/python3.7/site-packages/airflow/example_dags/example_kubernetes_executor.py took 0.437 seconds
[2023-07-27T01:46:14.999+0000] {processor.py:157} INFO - Started process (PID=3198) to work on /home/airflow/.local/lib/python3.7/site-packages/airflow/example_dags/example_kubernetes_executor.py
[2023-07-27T01:46:15.000+0000] {processor.py:826} INFO - Processing file /home/airflow/.local/lib/python3.7/site-packages/airflow/example_dags/example_kubernetes_executor.py for tasks to queue
[2023-07-27T01:46:15.002+0000] {logging_mixin.py:150} INFO - [2023-07-27T01:46:15.001+0000] {dagbag.py:541} INFO - Filling up the DagBag from /home/airflow/.local/lib/python3.7/site-packages/airflow/example_dags/example_kubernetes_executor.py
[2023-07-27T01:46:15.330+0000] {processor.py:836} INFO - DAG(s) dict_keys(['example_kubernetes_executor']) retrieved from /home/airflow/.local/lib/python3.7/site-packages/airflow/example_dags/example_kubernetes_executor.py
[2023-07-27T01:46:15.363+0000] {logging_mixin.py:150} INFO - [2023-07-27T01:46:15.363+0000] {dag.py:2742} INFO - Sync 1 DAGs
[2023-07-27T01:46:15.388+0000] {logging_mixin.py:150} INFO - [2023-07-27T01:46:15.388+0000] {dag.py:3508} INFO - Setting next_dagrun for example_kubernetes_executor to None, run_after=None
[2023-07-27T01:46:15.408+0000] {processor.py:179} INFO - Processing /home/airflow/.local/lib/python3.7/site-packages/airflow/example_dags/example_kubernetes_executor.py took 0.412 seconds
[2023-07-27T01:46:45.545+0000] {processor.py:157} INFO - Started process (PID=3253) to work on /home/airflow/.local/lib/python3.7/site-packages/airflow/example_dags/example_kubernetes_executor.py
[2023-07-27T01:46:45.547+0000] {processor.py:826} INFO - Processing file /home/airflow/.local/lib/python3.7/site-packages/airflow/example_dags/example_kubernetes_executor.py for tasks to queue
[2023-07-27T01:46:45.548+0000] {logging_mixin.py:150} INFO - [2023-07-27T01:46:45.547+0000] {dagbag.py:541} INFO - Filling up the DagBag from /home/airflow/.local/lib/python3.7/site-packages/airflow/example_dags/example_kubernetes_executor.py
[2023-07-27T01:46:45.885+0000] {processor.py:836} INFO - DAG(s) dict_keys(['example_kubernetes_executor']) retrieved from /home/airflow/.local/lib/python3.7/site-packages/airflow/example_dags/example_kubernetes_executor.py
[2023-07-27T01:46:45.922+0000] {logging_mixin.py:150} INFO - [2023-07-27T01:46:45.922+0000] {dag.py:2742} INFO - Sync 1 DAGs
[2023-07-27T01:46:45.948+0000] {logging_mixin.py:150} INFO - [2023-07-27T01:46:45.948+0000] {dag.py:3508} INFO - Setting next_dagrun for example_kubernetes_executor to None, run_after=None
[2023-07-27T01:46:45.970+0000] {processor.py:179} INFO - Processing /home/airflow/.local/lib/python3.7/site-packages/airflow/example_dags/example_kubernetes_executor.py took 0.428 seconds
[2023-07-27T01:47:16.205+0000] {processor.py:157} INFO - Started process (PID=3314) to work on /home/airflow/.local/lib/python3.7/site-packages/airflow/example_dags/example_kubernetes_executor.py
[2023-07-27T01:47:16.206+0000] {processor.py:826} INFO - Processing file /home/airflow/.local/lib/python3.7/site-packages/airflow/example_dags/example_kubernetes_executor.py for tasks to queue
[2023-07-27T01:47:16.208+0000] {logging_mixin.py:150} INFO - [2023-07-27T01:47:16.207+0000] {dagbag.py:541} INFO - Filling up the DagBag from /home/airflow/.local/lib/python3.7/site-packages/airflow/example_dags/example_kubernetes_executor.py
[2023-07-27T01:47:16.531+0000] {processor.py:836} INFO - DAG(s) dict_keys(['example_kubernetes_executor']) retrieved from /home/airflow/.local/lib/python3.7/site-packages/airflow/example_dags/example_kubernetes_executor.py
[2023-07-27T01:47:16.569+0000] {logging_mixin.py:150} INFO - [2023-07-27T01:47:16.569+0000] {dag.py:2742} INFO - Sync 1 DAGs
[2023-07-27T01:47:16.595+0000] {logging_mixin.py:150} INFO - [2023-07-27T01:47:16.594+0000] {dag.py:3508} INFO - Setting next_dagrun for example_kubernetes_executor to None, run_after=None
[2023-07-27T01:47:16.616+0000] {processor.py:179} INFO - Processing /home/airflow/.local/lib/python3.7/site-packages/airflow/example_dags/example_kubernetes_executor.py took 0.414 seconds
[2023-07-27T01:47:47.022+0000] {processor.py:157} INFO - Started process (PID=3373) to work on /home/airflow/.local/lib/python3.7/site-packages/airflow/example_dags/example_kubernetes_executor.py
[2023-07-27T01:47:47.024+0000] {processor.py:826} INFO - Processing file /home/airflow/.local/lib/python3.7/site-packages/airflow/example_dags/example_kubernetes_executor.py for tasks to queue
[2023-07-27T01:47:47.025+0000] {logging_mixin.py:150} INFO - [2023-07-27T01:47:47.025+0000] {dagbag.py:541} INFO - Filling up the DagBag from /home/airflow/.local/lib/python3.7/site-packages/airflow/example_dags/example_kubernetes_executor.py
[2023-07-27T01:47:47.352+0000] {processor.py:836} INFO - DAG(s) dict_keys(['example_kubernetes_executor']) retrieved from /home/airflow/.local/lib/python3.7/site-packages/airflow/example_dags/example_kubernetes_executor.py
[2023-07-27T01:47:47.387+0000] {logging_mixin.py:150} INFO - [2023-07-27T01:47:47.387+0000] {dag.py:2742} INFO - Sync 1 DAGs
[2023-07-27T01:47:47.414+0000] {logging_mixin.py:150} INFO - [2023-07-27T01:47:47.414+0000] {dag.py:3508} INFO - Setting next_dagrun for example_kubernetes_executor to None, run_after=None
[2023-07-27T01:47:47.435+0000] {processor.py:179} INFO - Processing /home/airflow/.local/lib/python3.7/site-packages/airflow/example_dags/example_kubernetes_executor.py took 0.416 seconds
[2023-07-27T01:48:17.481+0000] {processor.py:157} INFO - Started process (PID=3433) to work on /home/airflow/.local/lib/python3.7/site-packages/airflow/example_dags/example_kubernetes_executor.py
[2023-07-27T01:48:17.482+0000] {processor.py:826} INFO - Processing file /home/airflow/.local/lib/python3.7/site-packages/airflow/example_dags/example_kubernetes_executor.py for tasks to queue
[2023-07-27T01:48:17.483+0000] {logging_mixin.py:150} INFO - [2023-07-27T01:48:17.483+0000] {dagbag.py:541} INFO - Filling up the DagBag from /home/airflow/.local/lib/python3.7/site-packages/airflow/example_dags/example_kubernetes_executor.py
[2023-07-27T01:48:17.808+0000] {processor.py:836} INFO - DAG(s) dict_keys(['example_kubernetes_executor']) retrieved from /home/airflow/.local/lib/python3.7/site-packages/airflow/example_dags/example_kubernetes_executor.py
[2023-07-27T01:48:17.845+0000] {logging_mixin.py:150} INFO - [2023-07-27T01:48:17.845+0000] {dag.py:2742} INFO - Sync 1 DAGs
[2023-07-27T01:48:17.871+0000] {logging_mixin.py:150} INFO - [2023-07-27T01:48:17.871+0000] {dag.py:3508} INFO - Setting next_dagrun for example_kubernetes_executor to None, run_after=None
[2023-07-27T01:48:17.893+0000] {processor.py:179} INFO - Processing /home/airflow/.local/lib/python3.7/site-packages/airflow/example_dags/example_kubernetes_executor.py took 0.416 seconds
[2023-07-27T01:48:48.026+0000] {processor.py:157} INFO - Started process (PID=3495) to work on /home/airflow/.local/lib/python3.7/site-packages/airflow/example_dags/example_kubernetes_executor.py
[2023-07-27T01:48:48.028+0000] {processor.py:826} INFO - Processing file /home/airflow/.local/lib/python3.7/site-packages/airflow/example_dags/example_kubernetes_executor.py for tasks to queue
[2023-07-27T01:48:48.029+0000] {logging_mixin.py:150} INFO - [2023-07-27T01:48:48.029+0000] {dagbag.py:541} INFO - Filling up the DagBag from /home/airflow/.local/lib/python3.7/site-packages/airflow/example_dags/example_kubernetes_executor.py
[2023-07-27T01:48:48.352+0000] {processor.py:836} INFO - DAG(s) dict_keys(['example_kubernetes_executor']) retrieved from /home/airflow/.local/lib/python3.7/site-packages/airflow/example_dags/example_kubernetes_executor.py
[2023-07-27T01:48:48.390+0000] {logging_mixin.py:150} INFO - [2023-07-27T01:48:48.390+0000] {dag.py:2742} INFO - Sync 1 DAGs
[2023-07-27T01:48:48.417+0000] {logging_mixin.py:150} INFO - [2023-07-27T01:48:48.417+0000] {dag.py:3508} INFO - Setting next_dagrun for example_kubernetes_executor to None, run_after=None
[2023-07-27T01:48:48.441+0000] {processor.py:179} INFO - Processing /home/airflow/.local/lib/python3.7/site-packages/airflow/example_dags/example_kubernetes_executor.py took 0.418 seconds
[2023-07-27T01:49:18.530+0000] {processor.py:157} INFO - Started process (PID=3557) to work on /home/airflow/.local/lib/python3.7/site-packages/airflow/example_dags/example_kubernetes_executor.py
[2023-07-27T01:49:18.531+0000] {processor.py:826} INFO - Processing file /home/airflow/.local/lib/python3.7/site-packages/airflow/example_dags/example_kubernetes_executor.py for tasks to queue
[2023-07-27T01:49:18.533+0000] {logging_mixin.py:150} INFO - [2023-07-27T01:49:18.533+0000] {dagbag.py:541} INFO - Filling up the DagBag from /home/airflow/.local/lib/python3.7/site-packages/airflow/example_dags/example_kubernetes_executor.py
[2023-07-27T01:49:18.864+0000] {processor.py:836} INFO - DAG(s) dict_keys(['example_kubernetes_executor']) retrieved from /home/airflow/.local/lib/python3.7/site-packages/airflow/example_dags/example_kubernetes_executor.py
[2023-07-27T01:49:18.900+0000] {logging_mixin.py:150} INFO - [2023-07-27T01:49:18.900+0000] {dag.py:2742} INFO - Sync 1 DAGs
[2023-07-27T01:49:18.926+0000] {logging_mixin.py:150} INFO - [2023-07-27T01:49:18.926+0000] {dag.py:3508} INFO - Setting next_dagrun for example_kubernetes_executor to None, run_after=None
[2023-07-27T01:49:18.946+0000] {processor.py:179} INFO - Processing /home/airflow/.local/lib/python3.7/site-packages/airflow/example_dags/example_kubernetes_executor.py took 0.420 seconds
[2023-07-27T01:49:49.184+0000] {processor.py:157} INFO - Started process (PID=3619) to work on /home/airflow/.local/lib/python3.7/site-packages/airflow/example_dags/example_kubernetes_executor.py
[2023-07-27T01:49:49.185+0000] {processor.py:826} INFO - Processing file /home/airflow/.local/lib/python3.7/site-packages/airflow/example_dags/example_kubernetes_executor.py for tasks to queue
[2023-07-27T01:49:49.186+0000] {logging_mixin.py:150} INFO - [2023-07-27T01:49:49.186+0000] {dagbag.py:541} INFO - Filling up the DagBag from /home/airflow/.local/lib/python3.7/site-packages/airflow/example_dags/example_kubernetes_executor.py
[2023-07-27T01:49:49.515+0000] {processor.py:836} INFO - DAG(s) dict_keys(['example_kubernetes_executor']) retrieved from /home/airflow/.local/lib/python3.7/site-packages/airflow/example_dags/example_kubernetes_executor.py
[2023-07-27T01:49:49.551+0000] {logging_mixin.py:150} INFO - [2023-07-27T01:49:49.551+0000] {dag.py:2742} INFO - Sync 1 DAGs
[2023-07-27T01:49:49.577+0000] {logging_mixin.py:150} INFO - [2023-07-27T01:49:49.577+0000] {dag.py:3508} INFO - Setting next_dagrun for example_kubernetes_executor to None, run_after=None
[2023-07-27T01:49:49.600+0000] {processor.py:179} INFO - Processing /home/airflow/.local/lib/python3.7/site-packages/airflow/example_dags/example_kubernetes_executor.py took 0.420 seconds
[2023-07-27T01:50:19.737+0000] {processor.py:157} INFO - Started process (PID=3682) to work on /home/airflow/.local/lib/python3.7/site-packages/airflow/example_dags/example_kubernetes_executor.py
[2023-07-27T01:50:19.738+0000] {processor.py:826} INFO - Processing file /home/airflow/.local/lib/python3.7/site-packages/airflow/example_dags/example_kubernetes_executor.py for tasks to queue
[2023-07-27T01:50:19.739+0000] {logging_mixin.py:150} INFO - [2023-07-27T01:50:19.739+0000] {dagbag.py:541} INFO - Filling up the DagBag from /home/airflow/.local/lib/python3.7/site-packages/airflow/example_dags/example_kubernetes_executor.py
[2023-07-27T01:50:20.068+0000] {processor.py:836} INFO - DAG(s) dict_keys(['example_kubernetes_executor']) retrieved from /home/airflow/.local/lib/python3.7/site-packages/airflow/example_dags/example_kubernetes_executor.py
[2023-07-27T01:50:20.104+0000] {logging_mixin.py:150} INFO - [2023-07-27T01:50:20.104+0000] {dag.py:2742} INFO - Sync 1 DAGs
[2023-07-27T01:50:20.128+0000] {logging_mixin.py:150} INFO - [2023-07-27T01:50:20.128+0000] {dag.py:3508} INFO - Setting next_dagrun for example_kubernetes_executor to None, run_after=None
[2023-07-27T01:50:20.150+0000] {processor.py:179} INFO - Processing /home/airflow/.local/lib/python3.7/site-packages/airflow/example_dags/example_kubernetes_executor.py took 0.416 seconds
[2023-07-27T01:50:51.195+0000] {processor.py:157} INFO - Started process (PID=3744) to work on /home/airflow/.local/lib/python3.7/site-packages/airflow/example_dags/example_kubernetes_executor.py
[2023-07-27T01:50:51.196+0000] {processor.py:826} INFO - Processing file /home/airflow/.local/lib/python3.7/site-packages/airflow/example_dags/example_kubernetes_executor.py for tasks to queue
[2023-07-27T01:50:51.197+0000] {logging_mixin.py:150} INFO - [2023-07-27T01:50:51.197+0000] {dagbag.py:541} INFO - Filling up the DagBag from /home/airflow/.local/lib/python3.7/site-packages/airflow/example_dags/example_kubernetes_executor.py
[2023-07-27T01:50:51.513+0000] {processor.py:836} INFO - DAG(s) dict_keys(['example_kubernetes_executor']) retrieved from /home/airflow/.local/lib/python3.7/site-packages/airflow/example_dags/example_kubernetes_executor.py
[2023-07-27T01:50:51.548+0000] {logging_mixin.py:150} INFO - [2023-07-27T01:50:51.548+0000] {dag.py:2742} INFO - Sync 1 DAGs
[2023-07-27T01:50:51.572+0000] {logging_mixin.py:150} INFO - [2023-07-27T01:50:51.572+0000] {dag.py:3508} INFO - Setting next_dagrun for example_kubernetes_executor to None, run_after=None
[2023-07-27T01:50:51.622+0000] {processor.py:179} INFO - Processing /home/airflow/.local/lib/python3.7/site-packages/airflow/example_dags/example_kubernetes_executor.py took 0.431 seconds
[2023-07-27T01:51:21.686+0000] {processor.py:157} INFO - Started process (PID=3804) to work on /home/airflow/.local/lib/python3.7/site-packages/airflow/example_dags/example_kubernetes_executor.py
[2023-07-27T01:51:21.687+0000] {processor.py:826} INFO - Processing file /home/airflow/.local/lib/python3.7/site-packages/airflow/example_dags/example_kubernetes_executor.py for tasks to queue
[2023-07-27T01:51:21.688+0000] {logging_mixin.py:150} INFO - [2023-07-27T01:51:21.688+0000] {dagbag.py:541} INFO - Filling up the DagBag from /home/airflow/.local/lib/python3.7/site-packages/airflow/example_dags/example_kubernetes_executor.py
[2023-07-27T01:51:22.021+0000] {processor.py:836} INFO - DAG(s) dict_keys(['example_kubernetes_executor']) retrieved from /home/airflow/.local/lib/python3.7/site-packages/airflow/example_dags/example_kubernetes_executor.py
[2023-07-27T01:51:22.055+0000] {logging_mixin.py:150} INFO - [2023-07-27T01:51:22.055+0000] {dag.py:2742} INFO - Sync 1 DAGs
[2023-07-27T01:51:22.081+0000] {logging_mixin.py:150} INFO - [2023-07-27T01:51:22.080+0000] {dag.py:3508} INFO - Setting next_dagrun for example_kubernetes_executor to None, run_after=None
[2023-07-27T01:51:22.102+0000] {processor.py:179} INFO - Processing /home/airflow/.local/lib/python3.7/site-packages/airflow/example_dags/example_kubernetes_executor.py took 0.420 seconds
[2023-07-27T01:51:53.004+0000] {processor.py:157} INFO - Started process (PID=3864) to work on /home/airflow/.local/lib/python3.7/site-packages/airflow/example_dags/example_kubernetes_executor.py
[2023-07-27T01:51:53.005+0000] {processor.py:826} INFO - Processing file /home/airflow/.local/lib/python3.7/site-packages/airflow/example_dags/example_kubernetes_executor.py for tasks to queue
[2023-07-27T01:51:53.006+0000] {logging_mixin.py:150} INFO - [2023-07-27T01:51:53.006+0000] {dagbag.py:541} INFO - Filling up the DagBag from /home/airflow/.local/lib/python3.7/site-packages/airflow/example_dags/example_kubernetes_executor.py
[2023-07-27T01:51:53.332+0000] {processor.py:836} INFO - DAG(s) dict_keys(['example_kubernetes_executor']) retrieved from /home/airflow/.local/lib/python3.7/site-packages/airflow/example_dags/example_kubernetes_executor.py
[2023-07-27T01:51:53.367+0000] {logging_mixin.py:150} INFO - [2023-07-27T01:51:53.367+0000] {dag.py:2742} INFO - Sync 1 DAGs
[2023-07-27T01:51:53.391+0000] {logging_mixin.py:150} INFO - [2023-07-27T01:51:53.391+0000] {dag.py:3508} INFO - Setting next_dagrun for example_kubernetes_executor to None, run_after=None
[2023-07-27T01:51:53.414+0000] {processor.py:179} INFO - Processing /home/airflow/.local/lib/python3.7/site-packages/airflow/example_dags/example_kubernetes_executor.py took 0.415 seconds
[2023-07-27T01:52:23.672+0000] {processor.py:157} INFO - Started process (PID=3923) to work on /home/airflow/.local/lib/python3.7/site-packages/airflow/example_dags/example_kubernetes_executor.py
[2023-07-27T01:52:23.673+0000] {processor.py:826} INFO - Processing file /home/airflow/.local/lib/python3.7/site-packages/airflow/example_dags/example_kubernetes_executor.py for tasks to queue
[2023-07-27T01:52:23.675+0000] {logging_mixin.py:150} INFO - [2023-07-27T01:52:23.674+0000] {dagbag.py:541} INFO - Filling up the DagBag from /home/airflow/.local/lib/python3.7/site-packages/airflow/example_dags/example_kubernetes_executor.py
[2023-07-27T01:52:23.996+0000] {processor.py:836} INFO - DAG(s) dict_keys(['example_kubernetes_executor']) retrieved from /home/airflow/.local/lib/python3.7/site-packages/airflow/example_dags/example_kubernetes_executor.py
[2023-07-27T01:52:24.046+0000] {logging_mixin.py:150} INFO - [2023-07-27T01:52:24.046+0000] {dag.py:2742} INFO - Sync 1 DAGs
[2023-07-27T01:52:24.071+0000] {logging_mixin.py:150} INFO - [2023-07-27T01:52:24.071+0000] {dag.py:3508} INFO - Setting next_dagrun for example_kubernetes_executor to None, run_after=None
[2023-07-27T01:52:24.094+0000] {processor.py:179} INFO - Processing /home/airflow/.local/lib/python3.7/site-packages/airflow/example_dags/example_kubernetes_executor.py took 0.425 seconds
[2023-07-27T01:52:54.369+0000] {processor.py:157} INFO - Started process (PID=3983) to work on /home/airflow/.local/lib/python3.7/site-packages/airflow/example_dags/example_kubernetes_executor.py
[2023-07-27T01:52:54.370+0000] {processor.py:826} INFO - Processing file /home/airflow/.local/lib/python3.7/site-packages/airflow/example_dags/example_kubernetes_executor.py for tasks to queue
[2023-07-27T01:52:54.371+0000] {logging_mixin.py:150} INFO - [2023-07-27T01:52:54.371+0000] {dagbag.py:541} INFO - Filling up the DagBag from /home/airflow/.local/lib/python3.7/site-packages/airflow/example_dags/example_kubernetes_executor.py
[2023-07-27T01:52:54.707+0000] {processor.py:836} INFO - DAG(s) dict_keys(['example_kubernetes_executor']) retrieved from /home/airflow/.local/lib/python3.7/site-packages/airflow/example_dags/example_kubernetes_executor.py
[2023-07-27T01:52:54.743+0000] {logging_mixin.py:150} INFO - [2023-07-27T01:52:54.743+0000] {dag.py:2742} INFO - Sync 1 DAGs
[2023-07-27T01:52:54.770+0000] {logging_mixin.py:150} INFO - [2023-07-27T01:52:54.769+0000] {dag.py:3508} INFO - Setting next_dagrun for example_kubernetes_executor to None, run_after=None
[2023-07-27T01:52:54.791+0000] {processor.py:179} INFO - Processing /home/airflow/.local/lib/python3.7/site-packages/airflow/example_dags/example_kubernetes_executor.py took 0.426 seconds
[2023-07-27T01:53:24.926+0000] {processor.py:157} INFO - Started process (PID=4045) to work on /home/airflow/.local/lib/python3.7/site-packages/airflow/example_dags/example_kubernetes_executor.py
[2023-07-27T01:53:24.927+0000] {processor.py:826} INFO - Processing file /home/airflow/.local/lib/python3.7/site-packages/airflow/example_dags/example_kubernetes_executor.py for tasks to queue
[2023-07-27T01:53:24.929+0000] {logging_mixin.py:150} INFO - [2023-07-27T01:53:24.928+0000] {dagbag.py:541} INFO - Filling up the DagBag from /home/airflow/.local/lib/python3.7/site-packages/airflow/example_dags/example_kubernetes_executor.py
[2023-07-27T01:53:25.254+0000] {processor.py:836} INFO - DAG(s) dict_keys(['example_kubernetes_executor']) retrieved from /home/airflow/.local/lib/python3.7/site-packages/airflow/example_dags/example_kubernetes_executor.py
[2023-07-27T01:53:25.290+0000] {logging_mixin.py:150} INFO - [2023-07-27T01:53:25.290+0000] {dag.py:2742} INFO - Sync 1 DAGs
[2023-07-27T01:53:25.314+0000] {logging_mixin.py:150} INFO - [2023-07-27T01:53:25.314+0000] {dag.py:3508} INFO - Setting next_dagrun for example_kubernetes_executor to None, run_after=None
[2023-07-27T01:53:25.337+0000] {processor.py:179} INFO - Processing /home/airflow/.local/lib/python3.7/site-packages/airflow/example_dags/example_kubernetes_executor.py took 0.414 seconds
[2023-07-27T01:53:55.482+0000] {processor.py:157} INFO - Started process (PID=4109) to work on /home/airflow/.local/lib/python3.7/site-packages/airflow/example_dags/example_kubernetes_executor.py
[2023-07-27T01:53:55.484+0000] {processor.py:826} INFO - Processing file /home/airflow/.local/lib/python3.7/site-packages/airflow/example_dags/example_kubernetes_executor.py for tasks to queue
[2023-07-27T01:53:55.485+0000] {logging_mixin.py:150} INFO - [2023-07-27T01:53:55.485+0000] {dagbag.py:541} INFO - Filling up the DagBag from /home/airflow/.local/lib/python3.7/site-packages/airflow/example_dags/example_kubernetes_executor.py
[2023-07-27T01:53:55.831+0000] {processor.py:836} INFO - DAG(s) dict_keys(['example_kubernetes_executor']) retrieved from /home/airflow/.local/lib/python3.7/site-packages/airflow/example_dags/example_kubernetes_executor.py
[2023-07-27T01:53:55.868+0000] {logging_mixin.py:150} INFO - [2023-07-27T01:53:55.868+0000] {dag.py:2742} INFO - Sync 1 DAGs
[2023-07-27T01:53:55.894+0000] {logging_mixin.py:150} INFO - [2023-07-27T01:53:55.894+0000] {dag.py:3508} INFO - Setting next_dagrun for example_kubernetes_executor to None, run_after=None
[2023-07-27T01:53:55.915+0000] {processor.py:179} INFO - Processing /home/airflow/.local/lib/python3.7/site-packages/airflow/example_dags/example_kubernetes_executor.py took 0.436 seconds
[2023-07-27T01:54:26.071+0000] {processor.py:157} INFO - Started process (PID=4172) to work on /home/airflow/.local/lib/python3.7/site-packages/airflow/example_dags/example_kubernetes_executor.py
[2023-07-27T01:54:26.072+0000] {processor.py:826} INFO - Processing file /home/airflow/.local/lib/python3.7/site-packages/airflow/example_dags/example_kubernetes_executor.py for tasks to queue
[2023-07-27T01:54:26.073+0000] {logging_mixin.py:150} INFO - [2023-07-27T01:54:26.073+0000] {dagbag.py:541} INFO - Filling up the DagBag from /home/airflow/.local/lib/python3.7/site-packages/airflow/example_dags/example_kubernetes_executor.py
[2023-07-27T01:54:26.393+0000] {processor.py:836} INFO - DAG(s) dict_keys(['example_kubernetes_executor']) retrieved from /home/airflow/.local/lib/python3.7/site-packages/airflow/example_dags/example_kubernetes_executor.py
[2023-07-27T01:54:26.431+0000] {logging_mixin.py:150} INFO - [2023-07-27T01:54:26.431+0000] {dag.py:2742} INFO - Sync 1 DAGs
[2023-07-27T01:54:26.456+0000] {logging_mixin.py:150} INFO - [2023-07-27T01:54:26.455+0000] {dag.py:3508} INFO - Setting next_dagrun for example_kubernetes_executor to None, run_after=None
[2023-07-27T01:54:26.477+0000] {processor.py:179} INFO - Processing /home/airflow/.local/lib/python3.7/site-packages/airflow/example_dags/example_kubernetes_executor.py took 0.409 seconds
[2023-07-27T01:54:56.566+0000] {processor.py:157} INFO - Started process (PID=4235) to work on /home/airflow/.local/lib/python3.7/site-packages/airflow/example_dags/example_kubernetes_executor.py
[2023-07-27T01:54:56.567+0000] {processor.py:826} INFO - Processing file /home/airflow/.local/lib/python3.7/site-packages/airflow/example_dags/example_kubernetes_executor.py for tasks to queue
[2023-07-27T01:54:56.568+0000] {logging_mixin.py:150} INFO - [2023-07-27T01:54:56.568+0000] {dagbag.py:541} INFO - Filling up the DagBag from /home/airflow/.local/lib/python3.7/site-packages/airflow/example_dags/example_kubernetes_executor.py
[2023-07-27T01:54:56.881+0000] {processor.py:836} INFO - DAG(s) dict_keys(['example_kubernetes_executor']) retrieved from /home/airflow/.local/lib/python3.7/site-packages/airflow/example_dags/example_kubernetes_executor.py
[2023-07-27T01:54:56.916+0000] {logging_mixin.py:150} INFO - [2023-07-27T01:54:56.916+0000] {dag.py:2742} INFO - Sync 1 DAGs
[2023-07-27T01:54:56.942+0000] {logging_mixin.py:150} INFO - [2023-07-27T01:54:56.942+0000] {dag.py:3508} INFO - Setting next_dagrun for example_kubernetes_executor to None, run_after=None
[2023-07-27T01:54:56.963+0000] {processor.py:179} INFO - Processing /home/airflow/.local/lib/python3.7/site-packages/airflow/example_dags/example_kubernetes_executor.py took 0.400 seconds
[2023-07-27T01:55:27.623+0000] {processor.py:157} INFO - Started process (PID=4295) to work on /home/airflow/.local/lib/python3.7/site-packages/airflow/example_dags/example_kubernetes_executor.py
[2023-07-27T01:55:27.625+0000] {processor.py:826} INFO - Processing file /home/airflow/.local/lib/python3.7/site-packages/airflow/example_dags/example_kubernetes_executor.py for tasks to queue
[2023-07-27T01:55:27.626+0000] {logging_mixin.py:150} INFO - [2023-07-27T01:55:27.626+0000] {dagbag.py:541} INFO - Filling up the DagBag from /home/airflow/.local/lib/python3.7/site-packages/airflow/example_dags/example_kubernetes_executor.py
[2023-07-27T01:55:27.938+0000] {processor.py:836} INFO - DAG(s) dict_keys(['example_kubernetes_executor']) retrieved from /home/airflow/.local/lib/python3.7/site-packages/airflow/example_dags/example_kubernetes_executor.py
[2023-07-27T01:55:27.973+0000] {logging_mixin.py:150} INFO - [2023-07-27T01:55:27.973+0000] {dag.py:2742} INFO - Sync 1 DAGs
[2023-07-27T01:55:27.996+0000] {logging_mixin.py:150} INFO - [2023-07-27T01:55:27.996+0000] {dag.py:3508} INFO - Setting next_dagrun for example_kubernetes_executor to None, run_after=None
[2023-07-27T01:55:28.019+0000] {processor.py:179} INFO - Processing /home/airflow/.local/lib/python3.7/site-packages/airflow/example_dags/example_kubernetes_executor.py took 0.400 seconds
[2023-07-27T01:55:59.018+0000] {processor.py:157} INFO - Started process (PID=4355) to work on /home/airflow/.local/lib/python3.7/site-packages/airflow/example_dags/example_kubernetes_executor.py
[2023-07-27T01:55:59.019+0000] {processor.py:826} INFO - Processing file /home/airflow/.local/lib/python3.7/site-packages/airflow/example_dags/example_kubernetes_executor.py for tasks to queue
[2023-07-27T01:55:59.021+0000] {logging_mixin.py:150} INFO - [2023-07-27T01:55:59.020+0000] {dagbag.py:541} INFO - Filling up the DagBag from /home/airflow/.local/lib/python3.7/site-packages/airflow/example_dags/example_kubernetes_executor.py
[2023-07-27T01:55:59.340+0000] {processor.py:836} INFO - DAG(s) dict_keys(['example_kubernetes_executor']) retrieved from /home/airflow/.local/lib/python3.7/site-packages/airflow/example_dags/example_kubernetes_executor.py
[2023-07-27T01:55:59.379+0000] {logging_mixin.py:150} INFO - [2023-07-27T01:55:59.379+0000] {dag.py:2742} INFO - Sync 1 DAGs
[2023-07-27T01:55:59.406+0000] {logging_mixin.py:150} INFO - [2023-07-27T01:55:59.406+0000] {dag.py:3508} INFO - Setting next_dagrun for example_kubernetes_executor to None, run_after=None
[2023-07-27T01:55:59.429+0000] {processor.py:179} INFO - Processing /home/airflow/.local/lib/python3.7/site-packages/airflow/example_dags/example_kubernetes_executor.py took 0.416 seconds
[2023-07-27T01:56:29.551+0000] {processor.py:157} INFO - Started process (PID=4418) to work on /home/airflow/.local/lib/python3.7/site-packages/airflow/example_dags/example_kubernetes_executor.py
[2023-07-27T01:56:29.552+0000] {processor.py:826} INFO - Processing file /home/airflow/.local/lib/python3.7/site-packages/airflow/example_dags/example_kubernetes_executor.py for tasks to queue
[2023-07-27T01:56:29.553+0000] {logging_mixin.py:150} INFO - [2023-07-27T01:56:29.553+0000] {dagbag.py:541} INFO - Filling up the DagBag from /home/airflow/.local/lib/python3.7/site-packages/airflow/example_dags/example_kubernetes_executor.py
[2023-07-27T01:56:29.872+0000] {processor.py:836} INFO - DAG(s) dict_keys(['example_kubernetes_executor']) retrieved from /home/airflow/.local/lib/python3.7/site-packages/airflow/example_dags/example_kubernetes_executor.py
[2023-07-27T01:56:29.909+0000] {logging_mixin.py:150} INFO - [2023-07-27T01:56:29.909+0000] {dag.py:2742} INFO - Sync 1 DAGs
[2023-07-27T01:56:29.933+0000] {logging_mixin.py:150} INFO - [2023-07-27T01:56:29.933+0000] {dag.py:3508} INFO - Setting next_dagrun for example_kubernetes_executor to None, run_after=None
[2023-07-27T01:56:29.954+0000] {processor.py:179} INFO - Processing /home/airflow/.local/lib/python3.7/site-packages/airflow/example_dags/example_kubernetes_executor.py took 0.408 seconds
[2023-07-27T01:57:00.110+0000] {processor.py:157} INFO - Started process (PID=4477) to work on /home/airflow/.local/lib/python3.7/site-packages/airflow/example_dags/example_kubernetes_executor.py
[2023-07-27T01:57:00.111+0000] {processor.py:826} INFO - Processing file /home/airflow/.local/lib/python3.7/site-packages/airflow/example_dags/example_kubernetes_executor.py for tasks to queue
[2023-07-27T01:57:00.113+0000] {logging_mixin.py:150} INFO - [2023-07-27T01:57:00.112+0000] {dagbag.py:541} INFO - Filling up the DagBag from /home/airflow/.local/lib/python3.7/site-packages/airflow/example_dags/example_kubernetes_executor.py
[2023-07-27T01:57:00.440+0000] {processor.py:836} INFO - DAG(s) dict_keys(['example_kubernetes_executor']) retrieved from /home/airflow/.local/lib/python3.7/site-packages/airflow/example_dags/example_kubernetes_executor.py
[2023-07-27T01:57:00.476+0000] {logging_mixin.py:150} INFO - [2023-07-27T01:57:00.475+0000] {dag.py:2742} INFO - Sync 1 DAGs
[2023-07-27T01:57:00.500+0000] {logging_mixin.py:150} INFO - [2023-07-27T01:57:00.500+0000] {dag.py:3508} INFO - Setting next_dagrun for example_kubernetes_executor to None, run_after=None
[2023-07-27T01:57:00.525+0000] {processor.py:179} INFO - Processing /home/airflow/.local/lib/python3.7/site-packages/airflow/example_dags/example_kubernetes_executor.py took 0.418 seconds
[2023-07-27T01:57:31.393+0000] {processor.py:157} INFO - Started process (PID=4539) to work on /home/airflow/.local/lib/python3.7/site-packages/airflow/example_dags/example_kubernetes_executor.py
[2023-07-27T01:57:31.394+0000] {processor.py:826} INFO - Processing file /home/airflow/.local/lib/python3.7/site-packages/airflow/example_dags/example_kubernetes_executor.py for tasks to queue
[2023-07-27T01:57:31.396+0000] {logging_mixin.py:150} INFO - [2023-07-27T01:57:31.395+0000] {dagbag.py:541} INFO - Filling up the DagBag from /home/airflow/.local/lib/python3.7/site-packages/airflow/example_dags/example_kubernetes_executor.py
[2023-07-27T01:57:31.712+0000] {processor.py:836} INFO - DAG(s) dict_keys(['example_kubernetes_executor']) retrieved from /home/airflow/.local/lib/python3.7/site-packages/airflow/example_dags/example_kubernetes_executor.py
[2023-07-27T01:57:31.749+0000] {logging_mixin.py:150} INFO - [2023-07-27T01:57:31.749+0000] {dag.py:2742} INFO - Sync 1 DAGs
[2023-07-27T01:57:31.773+0000] {logging_mixin.py:150} INFO - [2023-07-27T01:57:31.773+0000] {dag.py:3508} INFO - Setting next_dagrun for example_kubernetes_executor to None, run_after=None
[2023-07-27T01:57:31.794+0000] {processor.py:179} INFO - Processing /home/airflow/.local/lib/python3.7/site-packages/airflow/example_dags/example_kubernetes_executor.py took 0.404 seconds
[2023-07-27T01:58:01.836+0000] {processor.py:157} INFO - Started process (PID=4599) to work on /home/airflow/.local/lib/python3.7/site-packages/airflow/example_dags/example_kubernetes_executor.py
[2023-07-27T01:58:01.837+0000] {processor.py:826} INFO - Processing file /home/airflow/.local/lib/python3.7/site-packages/airflow/example_dags/example_kubernetes_executor.py for tasks to queue
[2023-07-27T01:58:01.839+0000] {logging_mixin.py:150} INFO - [2023-07-27T01:58:01.838+0000] {dagbag.py:541} INFO - Filling up the DagBag from /home/airflow/.local/lib/python3.7/site-packages/airflow/example_dags/example_kubernetes_executor.py
[2023-07-27T01:58:02.170+0000] {processor.py:836} INFO - DAG(s) dict_keys(['example_kubernetes_executor']) retrieved from /home/airflow/.local/lib/python3.7/site-packages/airflow/example_dags/example_kubernetes_executor.py
[2023-07-27T01:58:02.212+0000] {logging_mixin.py:150} INFO - [2023-07-27T01:58:02.212+0000] {dag.py:2742} INFO - Sync 1 DAGs
[2023-07-27T01:58:02.241+0000] {logging_mixin.py:150} INFO - [2023-07-27T01:58:02.241+0000] {dag.py:3508} INFO - Setting next_dagrun for example_kubernetes_executor to None, run_after=None
[2023-07-27T01:58:02.288+0000] {processor.py:179} INFO - Processing /home/airflow/.local/lib/python3.7/site-packages/airflow/example_dags/example_kubernetes_executor.py took 0.455 seconds
[2023-07-27T01:58:33.062+0000] {processor.py:157} INFO - Started process (PID=4659) to work on /home/airflow/.local/lib/python3.7/site-packages/airflow/example_dags/example_kubernetes_executor.py
[2023-07-27T01:58:33.064+0000] {processor.py:826} INFO - Processing file /home/airflow/.local/lib/python3.7/site-packages/airflow/example_dags/example_kubernetes_executor.py for tasks to queue
[2023-07-27T01:58:33.065+0000] {logging_mixin.py:150} INFO - [2023-07-27T01:58:33.065+0000] {dagbag.py:541} INFO - Filling up the DagBag from /home/airflow/.local/lib/python3.7/site-packages/airflow/example_dags/example_kubernetes_executor.py
[2023-07-27T01:58:33.391+0000] {processor.py:836} INFO - DAG(s) dict_keys(['example_kubernetes_executor']) retrieved from /home/airflow/.local/lib/python3.7/site-packages/airflow/example_dags/example_kubernetes_executor.py
[2023-07-27T01:58:33.427+0000] {logging_mixin.py:150} INFO - [2023-07-27T01:58:33.427+0000] {dag.py:2742} INFO - Sync 1 DAGs
[2023-07-27T01:58:33.453+0000] {logging_mixin.py:150} INFO - [2023-07-27T01:58:33.453+0000] {dag.py:3508} INFO - Setting next_dagrun for example_kubernetes_executor to None, run_after=None
[2023-07-27T01:58:33.477+0000] {processor.py:179} INFO - Processing /home/airflow/.local/lib/python3.7/site-packages/airflow/example_dags/example_kubernetes_executor.py took 0.418 seconds
[2023-07-27T01:59:03.629+0000] {processor.py:157} INFO - Started process (PID=4719) to work on /home/airflow/.local/lib/python3.7/site-packages/airflow/example_dags/example_kubernetes_executor.py
[2023-07-27T01:59:03.630+0000] {processor.py:826} INFO - Processing file /home/airflow/.local/lib/python3.7/site-packages/airflow/example_dags/example_kubernetes_executor.py for tasks to queue
[2023-07-27T01:59:03.631+0000] {logging_mixin.py:150} INFO - [2023-07-27T01:59:03.631+0000] {dagbag.py:541} INFO - Filling up the DagBag from /home/airflow/.local/lib/python3.7/site-packages/airflow/example_dags/example_kubernetes_executor.py
[2023-07-27T01:59:03.945+0000] {processor.py:836} INFO - DAG(s) dict_keys(['example_kubernetes_executor']) retrieved from /home/airflow/.local/lib/python3.7/site-packages/airflow/example_dags/example_kubernetes_executor.py
[2023-07-27T01:59:03.981+0000] {logging_mixin.py:150} INFO - [2023-07-27T01:59:03.981+0000] {dag.py:2742} INFO - Sync 1 DAGs
[2023-07-27T01:59:04.006+0000] {logging_mixin.py:150} INFO - [2023-07-27T01:59:04.006+0000] {dag.py:3508} INFO - Setting next_dagrun for example_kubernetes_executor to None, run_after=None
[2023-07-27T01:59:04.027+0000] {processor.py:179} INFO - Processing /home/airflow/.local/lib/python3.7/site-packages/airflow/example_dags/example_kubernetes_executor.py took 0.402 seconds
[2023-07-27T01:59:34.839+0000] {processor.py:157} INFO - Started process (PID=4779) to work on /home/airflow/.local/lib/python3.7/site-packages/airflow/example_dags/example_kubernetes_executor.py
[2023-07-27T01:59:34.840+0000] {processor.py:826} INFO - Processing file /home/airflow/.local/lib/python3.7/site-packages/airflow/example_dags/example_kubernetes_executor.py for tasks to queue
[2023-07-27T01:59:34.842+0000] {logging_mixin.py:150} INFO - [2023-07-27T01:59:34.841+0000] {dagbag.py:541} INFO - Filling up the DagBag from /home/airflow/.local/lib/python3.7/site-packages/airflow/example_dags/example_kubernetes_executor.py
[2023-07-27T01:59:35.156+0000] {processor.py:836} INFO - DAG(s) dict_keys(['example_kubernetes_executor']) retrieved from /home/airflow/.local/lib/python3.7/site-packages/airflow/example_dags/example_kubernetes_executor.py
[2023-07-27T01:59:35.192+0000] {logging_mixin.py:150} INFO - [2023-07-27T01:59:35.191+0000] {dag.py:2742} INFO - Sync 1 DAGs
[2023-07-27T01:59:35.216+0000] {logging_mixin.py:150} INFO - [2023-07-27T01:59:35.215+0000] {dag.py:3508} INFO - Setting next_dagrun for example_kubernetes_executor to None, run_after=None
[2023-07-27T01:59:35.237+0000] {processor.py:179} INFO - Processing /home/airflow/.local/lib/python3.7/site-packages/airflow/example_dags/example_kubernetes_executor.py took 0.402 seconds
[2023-07-27T02:00:05.555+0000] {processor.py:157} INFO - Started process (PID=4839) to work on /home/airflow/.local/lib/python3.7/site-packages/airflow/example_dags/example_kubernetes_executor.py
[2023-07-27T02:00:05.557+0000] {processor.py:826} INFO - Processing file /home/airflow/.local/lib/python3.7/site-packages/airflow/example_dags/example_kubernetes_executor.py for tasks to queue
[2023-07-27T02:00:05.558+0000] {logging_mixin.py:150} INFO - [2023-07-27T02:00:05.558+0000] {dagbag.py:541} INFO - Filling up the DagBag from /home/airflow/.local/lib/python3.7/site-packages/airflow/example_dags/example_kubernetes_executor.py
[2023-07-27T02:00:05.871+0000] {processor.py:836} INFO - DAG(s) dict_keys(['example_kubernetes_executor']) retrieved from /home/airflow/.local/lib/python3.7/site-packages/airflow/example_dags/example_kubernetes_executor.py
[2023-07-27T02:00:05.907+0000] {logging_mixin.py:150} INFO - [2023-07-27T02:00:05.907+0000] {dag.py:2742} INFO - Sync 1 DAGs
[2023-07-27T02:00:05.933+0000] {logging_mixin.py:150} INFO - [2023-07-27T02:00:05.933+0000] {dag.py:3508} INFO - Setting next_dagrun for example_kubernetes_executor to None, run_after=None
[2023-07-27T02:00:05.954+0000] {processor.py:179} INFO - Processing /home/airflow/.local/lib/python3.7/site-packages/airflow/example_dags/example_kubernetes_executor.py took 0.402 seconds
[2023-07-27T02:00:36.515+0000] {processor.py:157} INFO - Started process (PID=4899) to work on /home/airflow/.local/lib/python3.7/site-packages/airflow/example_dags/example_kubernetes_executor.py
[2023-07-27T02:00:36.516+0000] {processor.py:826} INFO - Processing file /home/airflow/.local/lib/python3.7/site-packages/airflow/example_dags/example_kubernetes_executor.py for tasks to queue
[2023-07-27T02:00:36.517+0000] {logging_mixin.py:150} INFO - [2023-07-27T02:00:36.517+0000] {dagbag.py:541} INFO - Filling up the DagBag from /home/airflow/.local/lib/python3.7/site-packages/airflow/example_dags/example_kubernetes_executor.py
[2023-07-27T02:00:36.831+0000] {processor.py:836} INFO - DAG(s) dict_keys(['example_kubernetes_executor']) retrieved from /home/airflow/.local/lib/python3.7/site-packages/airflow/example_dags/example_kubernetes_executor.py
[2023-07-27T02:00:36.868+0000] {logging_mixin.py:150} INFO - [2023-07-27T02:00:36.868+0000] {dag.py:2742} INFO - Sync 1 DAGs
[2023-07-27T02:00:36.893+0000] {logging_mixin.py:150} INFO - [2023-07-27T02:00:36.892+0000] {dag.py:3508} INFO - Setting next_dagrun for example_kubernetes_executor to None, run_after=None
[2023-07-27T02:00:36.914+0000] {processor.py:179} INFO - Processing /home/airflow/.local/lib/python3.7/site-packages/airflow/example_dags/example_kubernetes_executor.py took 0.403 seconds
[2023-07-27T02:01:07.669+0000] {processor.py:157} INFO - Started process (PID=4959) to work on /home/airflow/.local/lib/python3.7/site-packages/airflow/example_dags/example_kubernetes_executor.py
[2023-07-27T02:01:07.670+0000] {processor.py:826} INFO - Processing file /home/airflow/.local/lib/python3.7/site-packages/airflow/example_dags/example_kubernetes_executor.py for tasks to queue
[2023-07-27T02:01:07.671+0000] {logging_mixin.py:150} INFO - [2023-07-27T02:01:07.671+0000] {dagbag.py:541} INFO - Filling up the DagBag from /home/airflow/.local/lib/python3.7/site-packages/airflow/example_dags/example_kubernetes_executor.py
[2023-07-27T02:01:07.989+0000] {processor.py:836} INFO - DAG(s) dict_keys(['example_kubernetes_executor']) retrieved from /home/airflow/.local/lib/python3.7/site-packages/airflow/example_dags/example_kubernetes_executor.py
[2023-07-27T02:01:08.026+0000] {logging_mixin.py:150} INFO - [2023-07-27T02:01:08.025+0000] {dag.py:2742} INFO - Sync 1 DAGs
[2023-07-27T02:01:08.050+0000] {logging_mixin.py:150} INFO - [2023-07-27T02:01:08.049+0000] {dag.py:3508} INFO - Setting next_dagrun for example_kubernetes_executor to None, run_after=None
[2023-07-27T02:01:08.070+0000] {processor.py:179} INFO - Processing /home/airflow/.local/lib/python3.7/site-packages/airflow/example_dags/example_kubernetes_executor.py took 0.405 seconds
[2023-07-27T02:01:39.070+0000] {processor.py:157} INFO - Started process (PID=5019) to work on /home/airflow/.local/lib/python3.7/site-packages/airflow/example_dags/example_kubernetes_executor.py
[2023-07-27T02:01:39.071+0000] {processor.py:826} INFO - Processing file /home/airflow/.local/lib/python3.7/site-packages/airflow/example_dags/example_kubernetes_executor.py for tasks to queue
[2023-07-27T02:01:39.072+0000] {logging_mixin.py:150} INFO - [2023-07-27T02:01:39.072+0000] {dagbag.py:541} INFO - Filling up the DagBag from /home/airflow/.local/lib/python3.7/site-packages/airflow/example_dags/example_kubernetes_executor.py
[2023-07-27T02:01:39.385+0000] {processor.py:836} INFO - DAG(s) dict_keys(['example_kubernetes_executor']) retrieved from /home/airflow/.local/lib/python3.7/site-packages/airflow/example_dags/example_kubernetes_executor.py
[2023-07-27T02:01:39.420+0000] {logging_mixin.py:150} INFO - [2023-07-27T02:01:39.420+0000] {dag.py:2742} INFO - Sync 1 DAGs
[2023-07-27T02:01:39.446+0000] {logging_mixin.py:150} INFO - [2023-07-27T02:01:39.446+0000] {dag.py:3508} INFO - Setting next_dagrun for example_kubernetes_executor to None, run_after=None
[2023-07-27T02:01:39.467+0000] {processor.py:179} INFO - Processing /home/airflow/.local/lib/python3.7/site-packages/airflow/example_dags/example_kubernetes_executor.py took 0.402 seconds
[2023-07-27T02:02:10.266+0000] {processor.py:157} INFO - Started process (PID=5079) to work on /home/airflow/.local/lib/python3.7/site-packages/airflow/example_dags/example_kubernetes_executor.py
[2023-07-27T02:02:10.267+0000] {processor.py:826} INFO - Processing file /home/airflow/.local/lib/python3.7/site-packages/airflow/example_dags/example_kubernetes_executor.py for tasks to queue
[2023-07-27T02:02:10.268+0000] {logging_mixin.py:150} INFO - [2023-07-27T02:02:10.268+0000] {dagbag.py:541} INFO - Filling up the DagBag from /home/airflow/.local/lib/python3.7/site-packages/airflow/example_dags/example_kubernetes_executor.py
[2023-07-27T02:02:10.597+0000] {processor.py:836} INFO - DAG(s) dict_keys(['example_kubernetes_executor']) retrieved from /home/airflow/.local/lib/python3.7/site-packages/airflow/example_dags/example_kubernetes_executor.py
[2023-07-27T02:02:10.633+0000] {logging_mixin.py:150} INFO - [2023-07-27T02:02:10.633+0000] {dag.py:2742} INFO - Sync 1 DAGs
[2023-07-27T02:02:10.657+0000] {logging_mixin.py:150} INFO - [2023-07-27T02:02:10.657+0000] {dag.py:3508} INFO - Setting next_dagrun for example_kubernetes_executor to None, run_after=None
[2023-07-27T02:02:10.680+0000] {processor.py:179} INFO - Processing /home/airflow/.local/lib/python3.7/site-packages/airflow/example_dags/example_kubernetes_executor.py took 0.418 seconds
[2023-07-27T02:02:41.501+0000] {processor.py:157} INFO - Started process (PID=5140) to work on /home/airflow/.local/lib/python3.7/site-packages/airflow/example_dags/example_kubernetes_executor.py
[2023-07-27T02:02:41.503+0000] {processor.py:826} INFO - Processing file /home/airflow/.local/lib/python3.7/site-packages/airflow/example_dags/example_kubernetes_executor.py for tasks to queue
[2023-07-27T02:02:41.504+0000] {logging_mixin.py:150} INFO - [2023-07-27T02:02:41.504+0000] {dagbag.py:541} INFO - Filling up the DagBag from /home/airflow/.local/lib/python3.7/site-packages/airflow/example_dags/example_kubernetes_executor.py
[2023-07-27T02:02:41.823+0000] {processor.py:836} INFO - DAG(s) dict_keys(['example_kubernetes_executor']) retrieved from /home/airflow/.local/lib/python3.7/site-packages/airflow/example_dags/example_kubernetes_executor.py
[2023-07-27T02:02:41.861+0000] {logging_mixin.py:150} INFO - [2023-07-27T02:02:41.861+0000] {dag.py:2742} INFO - Sync 1 DAGs
[2023-07-27T02:02:41.885+0000] {logging_mixin.py:150} INFO - [2023-07-27T02:02:41.885+0000] {dag.py:3508} INFO - Setting next_dagrun for example_kubernetes_executor to None, run_after=None
[2023-07-27T02:02:41.906+0000] {processor.py:179} INFO - Processing /home/airflow/.local/lib/python3.7/site-packages/airflow/example_dags/example_kubernetes_executor.py took 0.410 seconds
[2023-07-27T02:03:12.687+0000] {processor.py:157} INFO - Started process (PID=5200) to work on /home/airflow/.local/lib/python3.7/site-packages/airflow/example_dags/example_kubernetes_executor.py
[2023-07-27T02:03:12.688+0000] {processor.py:826} INFO - Processing file /home/airflow/.local/lib/python3.7/site-packages/airflow/example_dags/example_kubernetes_executor.py for tasks to queue
[2023-07-27T02:03:12.689+0000] {logging_mixin.py:150} INFO - [2023-07-27T02:03:12.689+0000] {dagbag.py:541} INFO - Filling up the DagBag from /home/airflow/.local/lib/python3.7/site-packages/airflow/example_dags/example_kubernetes_executor.py
[2023-07-27T02:03:13.003+0000] {processor.py:836} INFO - DAG(s) dict_keys(['example_kubernetes_executor']) retrieved from /home/airflow/.local/lib/python3.7/site-packages/airflow/example_dags/example_kubernetes_executor.py
[2023-07-27T02:03:13.040+0000] {logging_mixin.py:150} INFO - [2023-07-27T02:03:13.040+0000] {dag.py:2742} INFO - Sync 1 DAGs
[2023-07-27T02:03:13.064+0000] {logging_mixin.py:150} INFO - [2023-07-27T02:03:13.064+0000] {dag.py:3508} INFO - Setting next_dagrun for example_kubernetes_executor to None, run_after=None
[2023-07-27T02:03:13.084+0000] {processor.py:179} INFO - Processing /home/airflow/.local/lib/python3.7/site-packages/airflow/example_dags/example_kubernetes_executor.py took 0.401 seconds
[2023-07-27T02:03:43.977+0000] {processor.py:157} INFO - Started process (PID=5260) to work on /home/airflow/.local/lib/python3.7/site-packages/airflow/example_dags/example_kubernetes_executor.py
[2023-07-27T02:03:43.978+0000] {processor.py:826} INFO - Processing file /home/airflow/.local/lib/python3.7/site-packages/airflow/example_dags/example_kubernetes_executor.py for tasks to queue
[2023-07-27T02:03:43.979+0000] {logging_mixin.py:150} INFO - [2023-07-27T02:03:43.979+0000] {dagbag.py:541} INFO - Filling up the DagBag from /home/airflow/.local/lib/python3.7/site-packages/airflow/example_dags/example_kubernetes_executor.py
[2023-07-27T02:03:44.295+0000] {processor.py:836} INFO - DAG(s) dict_keys(['example_kubernetes_executor']) retrieved from /home/airflow/.local/lib/python3.7/site-packages/airflow/example_dags/example_kubernetes_executor.py
[2023-07-27T02:03:44.332+0000] {logging_mixin.py:150} INFO - [2023-07-27T02:03:44.332+0000] {dag.py:2742} INFO - Sync 1 DAGs
[2023-07-27T02:03:44.357+0000] {logging_mixin.py:150} INFO - [2023-07-27T02:03:44.357+0000] {dag.py:3508} INFO - Setting next_dagrun for example_kubernetes_executor to None, run_after=None
[2023-07-27T02:03:44.378+0000] {processor.py:179} INFO - Processing /home/airflow/.local/lib/python3.7/site-packages/airflow/example_dags/example_kubernetes_executor.py took 0.405 seconds
[2023-07-27T02:04:14.438+0000] {processor.py:157} INFO - Started process (PID=5320) to work on /home/airflow/.local/lib/python3.7/site-packages/airflow/example_dags/example_kubernetes_executor.py
[2023-07-27T02:04:14.440+0000] {processor.py:826} INFO - Processing file /home/airflow/.local/lib/python3.7/site-packages/airflow/example_dags/example_kubernetes_executor.py for tasks to queue
[2023-07-27T02:04:14.441+0000] {logging_mixin.py:150} INFO - [2023-07-27T02:04:14.441+0000] {dagbag.py:541} INFO - Filling up the DagBag from /home/airflow/.local/lib/python3.7/site-packages/airflow/example_dags/example_kubernetes_executor.py
[2023-07-27T02:04:14.758+0000] {processor.py:836} INFO - DAG(s) dict_keys(['example_kubernetes_executor']) retrieved from /home/airflow/.local/lib/python3.7/site-packages/airflow/example_dags/example_kubernetes_executor.py
[2023-07-27T02:04:14.796+0000] {logging_mixin.py:150} INFO - [2023-07-27T02:04:14.795+0000] {dag.py:2742} INFO - Sync 1 DAGs
[2023-07-27T02:04:14.821+0000] {logging_mixin.py:150} INFO - [2023-07-27T02:04:14.821+0000] {dag.py:3508} INFO - Setting next_dagrun for example_kubernetes_executor to None, run_after=None
[2023-07-27T02:04:14.842+0000] {processor.py:179} INFO - Processing /home/airflow/.local/lib/python3.7/site-packages/airflow/example_dags/example_kubernetes_executor.py took 0.407 seconds
[2023-07-27T02:04:45.768+0000] {processor.py:157} INFO - Started process (PID=5380) to work on /home/airflow/.local/lib/python3.7/site-packages/airflow/example_dags/example_kubernetes_executor.py
[2023-07-27T02:04:45.770+0000] {processor.py:826} INFO - Processing file /home/airflow/.local/lib/python3.7/site-packages/airflow/example_dags/example_kubernetes_executor.py for tasks to queue
[2023-07-27T02:04:45.771+0000] {logging_mixin.py:150} INFO - [2023-07-27T02:04:45.770+0000] {dagbag.py:541} INFO - Filling up the DagBag from /home/airflow/.local/lib/python3.7/site-packages/airflow/example_dags/example_kubernetes_executor.py
[2023-07-27T02:04:46.083+0000] {processor.py:836} INFO - DAG(s) dict_keys(['example_kubernetes_executor']) retrieved from /home/airflow/.local/lib/python3.7/site-packages/airflow/example_dags/example_kubernetes_executor.py
[2023-07-27T02:04:46.118+0000] {logging_mixin.py:150} INFO - [2023-07-27T02:04:46.117+0000] {dag.py:2742} INFO - Sync 1 DAGs
[2023-07-27T02:04:46.142+0000] {logging_mixin.py:150} INFO - [2023-07-27T02:04:46.142+0000] {dag.py:3508} INFO - Setting next_dagrun for example_kubernetes_executor to None, run_after=None
[2023-07-27T02:04:46.162+0000] {processor.py:179} INFO - Processing /home/airflow/.local/lib/python3.7/site-packages/airflow/example_dags/example_kubernetes_executor.py took 0.398 seconds
[2023-07-27T02:05:17.133+0000] {processor.py:157} INFO - Started process (PID=5440) to work on /home/airflow/.local/lib/python3.7/site-packages/airflow/example_dags/example_kubernetes_executor.py
[2023-07-27T02:05:17.135+0000] {processor.py:826} INFO - Processing file /home/airflow/.local/lib/python3.7/site-packages/airflow/example_dags/example_kubernetes_executor.py for tasks to queue
[2023-07-27T02:05:17.136+0000] {logging_mixin.py:150} INFO - [2023-07-27T02:05:17.136+0000] {dagbag.py:541} INFO - Filling up the DagBag from /home/airflow/.local/lib/python3.7/site-packages/airflow/example_dags/example_kubernetes_executor.py
[2023-07-27T02:05:17.452+0000] {processor.py:836} INFO - DAG(s) dict_keys(['example_kubernetes_executor']) retrieved from /home/airflow/.local/lib/python3.7/site-packages/airflow/example_dags/example_kubernetes_executor.py
[2023-07-27T02:05:17.488+0000] {logging_mixin.py:150} INFO - [2023-07-27T02:05:17.487+0000] {dag.py:2742} INFO - Sync 1 DAGs
[2023-07-27T02:05:17.512+0000] {logging_mixin.py:150} INFO - [2023-07-27T02:05:17.512+0000] {dag.py:3508} INFO - Setting next_dagrun for example_kubernetes_executor to None, run_after=None
[2023-07-27T02:05:17.533+0000] {processor.py:179} INFO - Processing /home/airflow/.local/lib/python3.7/site-packages/airflow/example_dags/example_kubernetes_executor.py took 0.403 seconds
[2023-07-27T02:05:47.862+0000] {processor.py:157} INFO - Started process (PID=5501) to work on /home/airflow/.local/lib/python3.7/site-packages/airflow/example_dags/example_kubernetes_executor.py
[2023-07-27T02:05:47.863+0000] {processor.py:826} INFO - Processing file /home/airflow/.local/lib/python3.7/site-packages/airflow/example_dags/example_kubernetes_executor.py for tasks to queue
[2023-07-27T02:05:47.864+0000] {logging_mixin.py:150} INFO - [2023-07-27T02:05:47.864+0000] {dagbag.py:541} INFO - Filling up the DagBag from /home/airflow/.local/lib/python3.7/site-packages/airflow/example_dags/example_kubernetes_executor.py
[2023-07-27T02:05:48.180+0000] {processor.py:836} INFO - DAG(s) dict_keys(['example_kubernetes_executor']) retrieved from /home/airflow/.local/lib/python3.7/site-packages/airflow/example_dags/example_kubernetes_executor.py
[2023-07-27T02:05:48.216+0000] {logging_mixin.py:150} INFO - [2023-07-27T02:05:48.216+0000] {dag.py:2742} INFO - Sync 1 DAGs
[2023-07-27T02:05:48.243+0000] {logging_mixin.py:150} INFO - [2023-07-27T02:05:48.242+0000] {dag.py:3508} INFO - Setting next_dagrun for example_kubernetes_executor to None, run_after=None
[2023-07-27T02:05:48.263+0000] {processor.py:179} INFO - Processing /home/airflow/.local/lib/python3.7/site-packages/airflow/example_dags/example_kubernetes_executor.py took 0.405 seconds
[2023-07-27T02:06:19.266+0000] {processor.py:157} INFO - Started process (PID=5560) to work on /home/airflow/.local/lib/python3.7/site-packages/airflow/example_dags/example_kubernetes_executor.py
[2023-07-27T02:06:19.267+0000] {processor.py:826} INFO - Processing file /home/airflow/.local/lib/python3.7/site-packages/airflow/example_dags/example_kubernetes_executor.py for tasks to queue
[2023-07-27T02:06:19.268+0000] {logging_mixin.py:150} INFO - [2023-07-27T02:06:19.268+0000] {dagbag.py:541} INFO - Filling up the DagBag from /home/airflow/.local/lib/python3.7/site-packages/airflow/example_dags/example_kubernetes_executor.py
[2023-07-27T02:06:19.591+0000] {processor.py:836} INFO - DAG(s) dict_keys(['example_kubernetes_executor']) retrieved from /home/airflow/.local/lib/python3.7/site-packages/airflow/example_dags/example_kubernetes_executor.py
[2023-07-27T02:06:19.626+0000] {logging_mixin.py:150} INFO - [2023-07-27T02:06:19.626+0000] {dag.py:2742} INFO - Sync 1 DAGs
[2023-07-27T02:06:19.651+0000] {logging_mixin.py:150} INFO - [2023-07-27T02:06:19.651+0000] {dag.py:3508} INFO - Setting next_dagrun for example_kubernetes_executor to None, run_after=None
[2023-07-27T02:06:19.675+0000] {processor.py:179} INFO - Processing /home/airflow/.local/lib/python3.7/site-packages/airflow/example_dags/example_kubernetes_executor.py took 0.412 seconds
[2023-07-27T02:06:49.878+0000] {processor.py:157} INFO - Started process (PID=5620) to work on /home/airflow/.local/lib/python3.7/site-packages/airflow/example_dags/example_kubernetes_executor.py
[2023-07-27T02:06:49.879+0000] {processor.py:826} INFO - Processing file /home/airflow/.local/lib/python3.7/site-packages/airflow/example_dags/example_kubernetes_executor.py for tasks to queue
[2023-07-27T02:06:49.880+0000] {logging_mixin.py:150} INFO - [2023-07-27T02:06:49.880+0000] {dagbag.py:541} INFO - Filling up the DagBag from /home/airflow/.local/lib/python3.7/site-packages/airflow/example_dags/example_kubernetes_executor.py
[2023-07-27T02:06:50.218+0000] {processor.py:836} INFO - DAG(s) dict_keys(['example_kubernetes_executor']) retrieved from /home/airflow/.local/lib/python3.7/site-packages/airflow/example_dags/example_kubernetes_executor.py
[2023-07-27T02:06:50.258+0000] {logging_mixin.py:150} INFO - [2023-07-27T02:06:50.258+0000] {dag.py:2742} INFO - Sync 1 DAGs
[2023-07-27T02:06:50.290+0000] {logging_mixin.py:150} INFO - [2023-07-27T02:06:50.289+0000] {dag.py:3508} INFO - Setting next_dagrun for example_kubernetes_executor to None, run_after=None
[2023-07-27T02:06:50.311+0000] {processor.py:179} INFO - Processing /home/airflow/.local/lib/python3.7/site-packages/airflow/example_dags/example_kubernetes_executor.py took 0.437 seconds
[2023-07-27T02:07:20.514+0000] {processor.py:157} INFO - Started process (PID=5687) to work on /home/airflow/.local/lib/python3.7/site-packages/airflow/example_dags/example_kubernetes_executor.py
[2023-07-27T02:07:20.515+0000] {processor.py:826} INFO - Processing file /home/airflow/.local/lib/python3.7/site-packages/airflow/example_dags/example_kubernetes_executor.py for tasks to queue
[2023-07-27T02:07:20.517+0000] {logging_mixin.py:150} INFO - [2023-07-27T02:07:20.516+0000] {dagbag.py:541} INFO - Filling up the DagBag from /home/airflow/.local/lib/python3.7/site-packages/airflow/example_dags/example_kubernetes_executor.py
[2023-07-27T02:07:20.849+0000] {processor.py:836} INFO - DAG(s) dict_keys(['example_kubernetes_executor']) retrieved from /home/airflow/.local/lib/python3.7/site-packages/airflow/example_dags/example_kubernetes_executor.py
[2023-07-27T02:07:20.887+0000] {logging_mixin.py:150} INFO - [2023-07-27T02:07:20.887+0000] {dag.py:2742} INFO - Sync 1 DAGs
[2023-07-27T02:07:20.913+0000] {logging_mixin.py:150} INFO - [2023-07-27T02:07:20.913+0000] {dag.py:3508} INFO - Setting next_dagrun for example_kubernetes_executor to None, run_after=None
[2023-07-27T02:07:20.936+0000] {processor.py:179} INFO - Processing /home/airflow/.local/lib/python3.7/site-packages/airflow/example_dags/example_kubernetes_executor.py took 0.426 seconds
[2023-07-27T02:07:51.883+0000] {processor.py:157} INFO - Started process (PID=5747) to work on /home/airflow/.local/lib/python3.7/site-packages/airflow/example_dags/example_kubernetes_executor.py
[2023-07-27T02:07:51.885+0000] {processor.py:826} INFO - Processing file /home/airflow/.local/lib/python3.7/site-packages/airflow/example_dags/example_kubernetes_executor.py for tasks to queue
[2023-07-27T02:07:51.886+0000] {logging_mixin.py:150} INFO - [2023-07-27T02:07:51.886+0000] {dagbag.py:541} INFO - Filling up the DagBag from /home/airflow/.local/lib/python3.7/site-packages/airflow/example_dags/example_kubernetes_executor.py
[2023-07-27T02:07:52.495+0000] {processor.py:836} INFO - DAG(s) dict_keys(['example_kubernetes_executor']) retrieved from /home/airflow/.local/lib/python3.7/site-packages/airflow/example_dags/example_kubernetes_executor.py
[2023-07-27T02:07:52.573+0000] {logging_mixin.py:150} INFO - [2023-07-27T02:07:52.563+0000] {dag.py:2742} INFO - Sync 1 DAGs
[2023-07-27T02:07:52.628+0000] {logging_mixin.py:150} INFO - [2023-07-27T02:07:52.628+0000] {dag.py:3508} INFO - Setting next_dagrun for example_kubernetes_executor to None, run_after=None
[2023-07-27T02:07:52.682+0000] {processor.py:179} INFO - Processing /home/airflow/.local/lib/python3.7/site-packages/airflow/example_dags/example_kubernetes_executor.py took 0.803 seconds
[2023-07-27T02:08:23.556+0000] {processor.py:157} INFO - Started process (PID=5808) to work on /home/airflow/.local/lib/python3.7/site-packages/airflow/example_dags/example_kubernetes_executor.py
[2023-07-27T02:08:23.557+0000] {processor.py:826} INFO - Processing file /home/airflow/.local/lib/python3.7/site-packages/airflow/example_dags/example_kubernetes_executor.py for tasks to queue
[2023-07-27T02:08:23.558+0000] {logging_mixin.py:150} INFO - [2023-07-27T02:08:23.558+0000] {dagbag.py:541} INFO - Filling up the DagBag from /home/airflow/.local/lib/python3.7/site-packages/airflow/example_dags/example_kubernetes_executor.py
[2023-07-27T02:08:23.943+0000] {processor.py:836} INFO - DAG(s) dict_keys(['example_kubernetes_executor']) retrieved from /home/airflow/.local/lib/python3.7/site-packages/airflow/example_dags/example_kubernetes_executor.py
[2023-07-27T02:08:23.980+0000] {logging_mixin.py:150} INFO - [2023-07-27T02:08:23.980+0000] {dag.py:2742} INFO - Sync 1 DAGs
[2023-07-27T02:08:24.007+0000] {logging_mixin.py:150} INFO - [2023-07-27T02:08:24.007+0000] {dag.py:3508} INFO - Setting next_dagrun for example_kubernetes_executor to None, run_after=None
[2023-07-27T02:08:24.031+0000] {processor.py:179} INFO - Processing /home/airflow/.local/lib/python3.7/site-packages/airflow/example_dags/example_kubernetes_executor.py took 0.478 seconds
[2023-07-27T02:08:54.959+0000] {processor.py:157} INFO - Started process (PID=5868) to work on /home/airflow/.local/lib/python3.7/site-packages/airflow/example_dags/example_kubernetes_executor.py
[2023-07-27T02:08:54.961+0000] {processor.py:826} INFO - Processing file /home/airflow/.local/lib/python3.7/site-packages/airflow/example_dags/example_kubernetes_executor.py for tasks to queue
[2023-07-27T02:08:54.962+0000] {logging_mixin.py:150} INFO - [2023-07-27T02:08:54.962+0000] {dagbag.py:541} INFO - Filling up the DagBag from /home/airflow/.local/lib/python3.7/site-packages/airflow/example_dags/example_kubernetes_executor.py
[2023-07-27T02:08:55.287+0000] {processor.py:836} INFO - DAG(s) dict_keys(['example_kubernetes_executor']) retrieved from /home/airflow/.local/lib/python3.7/site-packages/airflow/example_dags/example_kubernetes_executor.py
[2023-07-27T02:08:55.325+0000] {logging_mixin.py:150} INFO - [2023-07-27T02:08:55.325+0000] {dag.py:2742} INFO - Sync 1 DAGs
[2023-07-27T02:08:55.350+0000] {logging_mixin.py:150} INFO - [2023-07-27T02:08:55.350+0000] {dag.py:3508} INFO - Setting next_dagrun for example_kubernetes_executor to None, run_after=None
[2023-07-27T02:08:55.381+0000] {processor.py:179} INFO - Processing /home/airflow/.local/lib/python3.7/site-packages/airflow/example_dags/example_kubernetes_executor.py took 0.425 seconds
[2023-07-27T02:09:25.662+0000] {processor.py:157} INFO - Started process (PID=5928) to work on /home/airflow/.local/lib/python3.7/site-packages/airflow/example_dags/example_kubernetes_executor.py
[2023-07-27T02:09:25.664+0000] {processor.py:826} INFO - Processing file /home/airflow/.local/lib/python3.7/site-packages/airflow/example_dags/example_kubernetes_executor.py for tasks to queue
[2023-07-27T02:09:25.665+0000] {logging_mixin.py:150} INFO - [2023-07-27T02:09:25.665+0000] {dagbag.py:541} INFO - Filling up the DagBag from /home/airflow/.local/lib/python3.7/site-packages/airflow/example_dags/example_kubernetes_executor.py
[2023-07-27T02:09:26.014+0000] {processor.py:836} INFO - DAG(s) dict_keys(['example_kubernetes_executor']) retrieved from /home/airflow/.local/lib/python3.7/site-packages/airflow/example_dags/example_kubernetes_executor.py
[2023-07-27T02:09:26.053+0000] {logging_mixin.py:150} INFO - [2023-07-27T02:09:26.053+0000] {dag.py:2742} INFO - Sync 1 DAGs
[2023-07-27T02:09:26.082+0000] {logging_mixin.py:150} INFO - [2023-07-27T02:09:26.082+0000] {dag.py:3508} INFO - Setting next_dagrun for example_kubernetes_executor to None, run_after=None
[2023-07-27T02:09:26.105+0000] {processor.py:179} INFO - Processing /home/airflow/.local/lib/python3.7/site-packages/airflow/example_dags/example_kubernetes_executor.py took 0.447 seconds
[2023-07-27T02:09:56.959+0000] {processor.py:157} INFO - Started process (PID=5988) to work on /home/airflow/.local/lib/python3.7/site-packages/airflow/example_dags/example_kubernetes_executor.py
[2023-07-27T02:09:56.961+0000] {processor.py:826} INFO - Processing file /home/airflow/.local/lib/python3.7/site-packages/airflow/example_dags/example_kubernetes_executor.py for tasks to queue
[2023-07-27T02:09:56.962+0000] {logging_mixin.py:150} INFO - [2023-07-27T02:09:56.961+0000] {dagbag.py:541} INFO - Filling up the DagBag from /home/airflow/.local/lib/python3.7/site-packages/airflow/example_dags/example_kubernetes_executor.py
[2023-07-27T02:09:57.358+0000] {processor.py:836} INFO - DAG(s) dict_keys(['example_kubernetes_executor']) retrieved from /home/airflow/.local/lib/python3.7/site-packages/airflow/example_dags/example_kubernetes_executor.py
[2023-07-27T02:09:57.394+0000] {logging_mixin.py:150} INFO - [2023-07-27T02:09:57.394+0000] {dag.py:2742} INFO - Sync 1 DAGs
[2023-07-27T02:09:57.422+0000] {logging_mixin.py:150} INFO - [2023-07-27T02:09:57.421+0000] {dag.py:3508} INFO - Setting next_dagrun for example_kubernetes_executor to None, run_after=None
[2023-07-27T02:09:57.451+0000] {processor.py:179} INFO - Processing /home/airflow/.local/lib/python3.7/site-packages/airflow/example_dags/example_kubernetes_executor.py took 0.495 seconds
[2023-07-27T02:10:27.944+0000] {processor.py:157} INFO - Started process (PID=6048) to work on /home/airflow/.local/lib/python3.7/site-packages/airflow/example_dags/example_kubernetes_executor.py
[2023-07-27T02:10:27.945+0000] {processor.py:826} INFO - Processing file /home/airflow/.local/lib/python3.7/site-packages/airflow/example_dags/example_kubernetes_executor.py for tasks to queue
[2023-07-27T02:10:27.946+0000] {logging_mixin.py:150} INFO - [2023-07-27T02:10:27.946+0000] {dagbag.py:541} INFO - Filling up the DagBag from /home/airflow/.local/lib/python3.7/site-packages/airflow/example_dags/example_kubernetes_executor.py
[2023-07-27T02:10:28.299+0000] {processor.py:836} INFO - DAG(s) dict_keys(['example_kubernetes_executor']) retrieved from /home/airflow/.local/lib/python3.7/site-packages/airflow/example_dags/example_kubernetes_executor.py
[2023-07-27T02:10:28.348+0000] {logging_mixin.py:150} INFO - [2023-07-27T02:10:28.347+0000] {dag.py:2742} INFO - Sync 1 DAGs
[2023-07-27T02:10:28.384+0000] {logging_mixin.py:150} INFO - [2023-07-27T02:10:28.384+0000] {dag.py:3508} INFO - Setting next_dagrun for example_kubernetes_executor to None, run_after=None
[2023-07-27T02:10:28.408+0000] {processor.py:179} INFO - Processing /home/airflow/.local/lib/python3.7/site-packages/airflow/example_dags/example_kubernetes_executor.py took 0.468 seconds
