[2023-07-27T01:39:09.238+0000] {processor.py:157} INFO - Started process (PID=2370) to work on /home/airflow/.local/lib/python3.7/site-packages/airflow/example_dags/tutorial_dag.py
[2023-07-27T01:39:09.241+0000] {processor.py:826} INFO - Processing file /home/airflow/.local/lib/python3.7/site-packages/airflow/example_dags/tutorial_dag.py for tasks to queue
[2023-07-27T01:39:09.245+0000] {logging_mixin.py:150} INFO - [2023-07-27T01:39:09.245+0000] {dagbag.py:541} INFO - Filling up the DagBag from /home/airflow/.local/lib/python3.7/site-packages/airflow/example_dags/tutorial_dag.py
[2023-07-27T01:39:09.259+0000] {processor.py:836} INFO - DAG(s) dict_keys(['tutorial_dag']) retrieved from /home/airflow/.local/lib/python3.7/site-packages/airflow/example_dags/tutorial_dag.py
[2023-07-27T01:39:09.365+0000] {logging_mixin.py:150} INFO - [2023-07-27T01:39:09.365+0000] {dag.py:2742} INFO - Sync 1 DAGs
[2023-07-27T01:39:09.454+0000] {logging_mixin.py:150} INFO - [2023-07-27T01:39:09.454+0000] {dag.py:3508} INFO - Setting next_dagrun for tutorial_dag to None, run_after=None
[2023-07-27T01:39:09.507+0000] {processor.py:179} INFO - Processing /home/airflow/.local/lib/python3.7/site-packages/airflow/example_dags/tutorial_dag.py took 0.274 seconds
[2023-07-27T01:39:39.645+0000] {processor.py:157} INFO - Started process (PID=2430) to work on /home/airflow/.local/lib/python3.7/site-packages/airflow/example_dags/tutorial_dag.py
[2023-07-27T01:39:39.646+0000] {processor.py:826} INFO - Processing file /home/airflow/.local/lib/python3.7/site-packages/airflow/example_dags/tutorial_dag.py for tasks to queue
[2023-07-27T01:39:39.647+0000] {logging_mixin.py:150} INFO - [2023-07-27T01:39:39.647+0000] {dagbag.py:541} INFO - Filling up the DagBag from /home/airflow/.local/lib/python3.7/site-packages/airflow/example_dags/tutorial_dag.py
[2023-07-27T01:39:39.653+0000] {processor.py:836} INFO - DAG(s) dict_keys(['tutorial_dag']) retrieved from /home/airflow/.local/lib/python3.7/site-packages/airflow/example_dags/tutorial_dag.py
[2023-07-27T01:39:39.678+0000] {logging_mixin.py:150} INFO - [2023-07-27T01:39:39.678+0000] {dag.py:2742} INFO - Sync 1 DAGs
[2023-07-27T01:39:39.705+0000] {logging_mixin.py:150} INFO - [2023-07-27T01:39:39.705+0000] {dag.py:3508} INFO - Setting next_dagrun for tutorial_dag to None, run_after=None
[2023-07-27T01:39:39.728+0000] {processor.py:179} INFO - Processing /home/airflow/.local/lib/python3.7/site-packages/airflow/example_dags/tutorial_dag.py took 0.086 seconds
[2023-07-27T01:40:10.530+0000] {processor.py:157} INFO - Started process (PID=2490) to work on /home/airflow/.local/lib/python3.7/site-packages/airflow/example_dags/tutorial_dag.py
[2023-07-27T01:40:10.532+0000] {processor.py:826} INFO - Processing file /home/airflow/.local/lib/python3.7/site-packages/airflow/example_dags/tutorial_dag.py for tasks to queue
[2023-07-27T01:40:10.534+0000] {logging_mixin.py:150} INFO - [2023-07-27T01:40:10.533+0000] {dagbag.py:541} INFO - Filling up the DagBag from /home/airflow/.local/lib/python3.7/site-packages/airflow/example_dags/tutorial_dag.py
[2023-07-27T01:40:10.545+0000] {processor.py:836} INFO - DAG(s) dict_keys(['tutorial_dag']) retrieved from /home/airflow/.local/lib/python3.7/site-packages/airflow/example_dags/tutorial_dag.py
[2023-07-27T01:40:10.581+0000] {logging_mixin.py:150} INFO - [2023-07-27T01:40:10.580+0000] {dag.py:2742} INFO - Sync 1 DAGs
[2023-07-27T01:40:10.632+0000] {logging_mixin.py:150} INFO - [2023-07-27T01:40:10.632+0000] {dag.py:3508} INFO - Setting next_dagrun for tutorial_dag to None, run_after=None
[2023-07-27T01:40:10.659+0000] {processor.py:179} INFO - Processing /home/airflow/.local/lib/python3.7/site-packages/airflow/example_dags/tutorial_dag.py took 0.133 seconds
[2023-07-27T01:40:40.951+0000] {processor.py:157} INFO - Started process (PID=2551) to work on /home/airflow/.local/lib/python3.7/site-packages/airflow/example_dags/tutorial_dag.py
[2023-07-27T01:40:40.953+0000] {processor.py:826} INFO - Processing file /home/airflow/.local/lib/python3.7/site-packages/airflow/example_dags/tutorial_dag.py for tasks to queue
[2023-07-27T01:40:40.954+0000] {logging_mixin.py:150} INFO - [2023-07-27T01:40:40.954+0000] {dagbag.py:541} INFO - Filling up the DagBag from /home/airflow/.local/lib/python3.7/site-packages/airflow/example_dags/tutorial_dag.py
[2023-07-27T01:40:40.959+0000] {processor.py:836} INFO - DAG(s) dict_keys(['tutorial_dag']) retrieved from /home/airflow/.local/lib/python3.7/site-packages/airflow/example_dags/tutorial_dag.py
[2023-07-27T01:40:40.987+0000] {logging_mixin.py:150} INFO - [2023-07-27T01:40:40.986+0000] {dag.py:2742} INFO - Sync 1 DAGs
[2023-07-27T01:40:41.014+0000] {logging_mixin.py:150} INFO - [2023-07-27T01:40:41.014+0000] {dag.py:3508} INFO - Setting next_dagrun for tutorial_dag to None, run_after=None
[2023-07-27T01:40:41.036+0000] {processor.py:179} INFO - Processing /home/airflow/.local/lib/python3.7/site-packages/airflow/example_dags/tutorial_dag.py took 0.088 seconds
[2023-07-27T01:41:11.951+0000] {processor.py:157} INFO - Started process (PID=2611) to work on /home/airflow/.local/lib/python3.7/site-packages/airflow/example_dags/tutorial_dag.py
[2023-07-27T01:41:11.952+0000] {processor.py:826} INFO - Processing file /home/airflow/.local/lib/python3.7/site-packages/airflow/example_dags/tutorial_dag.py for tasks to queue
[2023-07-27T01:41:11.953+0000] {logging_mixin.py:150} INFO - [2023-07-27T01:41:11.953+0000] {dagbag.py:541} INFO - Filling up the DagBag from /home/airflow/.local/lib/python3.7/site-packages/airflow/example_dags/tutorial_dag.py
[2023-07-27T01:41:11.959+0000] {processor.py:836} INFO - DAG(s) dict_keys(['tutorial_dag']) retrieved from /home/airflow/.local/lib/python3.7/site-packages/airflow/example_dags/tutorial_dag.py
[2023-07-27T01:41:11.986+0000] {logging_mixin.py:150} INFO - [2023-07-27T01:41:11.986+0000] {dag.py:2742} INFO - Sync 1 DAGs
[2023-07-27T01:41:12.014+0000] {logging_mixin.py:150} INFO - [2023-07-27T01:41:12.014+0000] {dag.py:3508} INFO - Setting next_dagrun for tutorial_dag to None, run_after=None
[2023-07-27T01:41:12.037+0000] {processor.py:179} INFO - Processing /home/airflow/.local/lib/python3.7/site-packages/airflow/example_dags/tutorial_dag.py took 0.089 seconds
[2023-07-27T01:41:42.338+0000] {processor.py:157} INFO - Started process (PID=2671) to work on /home/airflow/.local/lib/python3.7/site-packages/airflow/example_dags/tutorial_dag.py
[2023-07-27T01:41:42.339+0000] {processor.py:826} INFO - Processing file /home/airflow/.local/lib/python3.7/site-packages/airflow/example_dags/tutorial_dag.py for tasks to queue
[2023-07-27T01:41:42.340+0000] {logging_mixin.py:150} INFO - [2023-07-27T01:41:42.340+0000] {dagbag.py:541} INFO - Filling up the DagBag from /home/airflow/.local/lib/python3.7/site-packages/airflow/example_dags/tutorial_dag.py
[2023-07-27T01:41:42.346+0000] {processor.py:836} INFO - DAG(s) dict_keys(['tutorial_dag']) retrieved from /home/airflow/.local/lib/python3.7/site-packages/airflow/example_dags/tutorial_dag.py
[2023-07-27T01:41:42.373+0000] {logging_mixin.py:150} INFO - [2023-07-27T01:41:42.372+0000] {dag.py:2742} INFO - Sync 1 DAGs
[2023-07-27T01:41:42.402+0000] {logging_mixin.py:150} INFO - [2023-07-27T01:41:42.401+0000] {dag.py:3508} INFO - Setting next_dagrun for tutorial_dag to None, run_after=None
[2023-07-27T01:41:42.425+0000] {processor.py:179} INFO - Processing /home/airflow/.local/lib/python3.7/site-packages/airflow/example_dags/tutorial_dag.py took 0.091 seconds
[2023-07-27T01:42:13.038+0000] {processor.py:157} INFO - Started process (PID=2731) to work on /home/airflow/.local/lib/python3.7/site-packages/airflow/example_dags/tutorial_dag.py
[2023-07-27T01:42:13.040+0000] {processor.py:826} INFO - Processing file /home/airflow/.local/lib/python3.7/site-packages/airflow/example_dags/tutorial_dag.py for tasks to queue
[2023-07-27T01:42:13.041+0000] {logging_mixin.py:150} INFO - [2023-07-27T01:42:13.040+0000] {dagbag.py:541} INFO - Filling up the DagBag from /home/airflow/.local/lib/python3.7/site-packages/airflow/example_dags/tutorial_dag.py
[2023-07-27T01:42:13.046+0000] {processor.py:836} INFO - DAG(s) dict_keys(['tutorial_dag']) retrieved from /home/airflow/.local/lib/python3.7/site-packages/airflow/example_dags/tutorial_dag.py
[2023-07-27T01:42:13.071+0000] {logging_mixin.py:150} INFO - [2023-07-27T01:42:13.071+0000] {dag.py:2742} INFO - Sync 1 DAGs
[2023-07-27T01:42:13.098+0000] {logging_mixin.py:150} INFO - [2023-07-27T01:42:13.098+0000] {dag.py:3508} INFO - Setting next_dagrun for tutorial_dag to None, run_after=None
[2023-07-27T01:42:13.123+0000] {processor.py:179} INFO - Processing /home/airflow/.local/lib/python3.7/site-packages/airflow/example_dags/tutorial_dag.py took 0.088 seconds
[2023-07-27T01:42:44.002+0000] {processor.py:157} INFO - Started process (PID=2800) to work on /home/airflow/.local/lib/python3.7/site-packages/airflow/example_dags/tutorial_dag.py
[2023-07-27T01:42:44.003+0000] {processor.py:826} INFO - Processing file /home/airflow/.local/lib/python3.7/site-packages/airflow/example_dags/tutorial_dag.py for tasks to queue
[2023-07-27T01:42:44.004+0000] {logging_mixin.py:150} INFO - [2023-07-27T01:42:44.004+0000] {dagbag.py:541} INFO - Filling up the DagBag from /home/airflow/.local/lib/python3.7/site-packages/airflow/example_dags/tutorial_dag.py
[2023-07-27T01:42:44.009+0000] {processor.py:836} INFO - DAG(s) dict_keys(['tutorial_dag']) retrieved from /home/airflow/.local/lib/python3.7/site-packages/airflow/example_dags/tutorial_dag.py
[2023-07-27T01:42:44.035+0000] {logging_mixin.py:150} INFO - [2023-07-27T01:42:44.035+0000] {dag.py:2742} INFO - Sync 1 DAGs
[2023-07-27T01:42:44.063+0000] {logging_mixin.py:150} INFO - [2023-07-27T01:42:44.063+0000] {dag.py:3508} INFO - Setting next_dagrun for tutorial_dag to None, run_after=None
[2023-07-27T01:42:44.085+0000] {processor.py:179} INFO - Processing /home/airflow/.local/lib/python3.7/site-packages/airflow/example_dags/tutorial_dag.py took 0.087 seconds
[2023-07-27T01:43:14.423+0000] {processor.py:157} INFO - Started process (PID=2860) to work on /home/airflow/.local/lib/python3.7/site-packages/airflow/example_dags/tutorial_dag.py
[2023-07-27T01:43:14.424+0000] {processor.py:826} INFO - Processing file /home/airflow/.local/lib/python3.7/site-packages/airflow/example_dags/tutorial_dag.py for tasks to queue
[2023-07-27T01:43:14.425+0000] {logging_mixin.py:150} INFO - [2023-07-27T01:43:14.425+0000] {dagbag.py:541} INFO - Filling up the DagBag from /home/airflow/.local/lib/python3.7/site-packages/airflow/example_dags/tutorial_dag.py
[2023-07-27T01:43:14.430+0000] {processor.py:836} INFO - DAG(s) dict_keys(['tutorial_dag']) retrieved from /home/airflow/.local/lib/python3.7/site-packages/airflow/example_dags/tutorial_dag.py
[2023-07-27T01:43:14.455+0000] {logging_mixin.py:150} INFO - [2023-07-27T01:43:14.455+0000] {dag.py:2742} INFO - Sync 1 DAGs
[2023-07-27T01:43:14.482+0000] {logging_mixin.py:150} INFO - [2023-07-27T01:43:14.482+0000] {dag.py:3508} INFO - Setting next_dagrun for tutorial_dag to None, run_after=None
[2023-07-27T01:43:14.505+0000] {processor.py:179} INFO - Processing /home/airflow/.local/lib/python3.7/site-packages/airflow/example_dags/tutorial_dag.py took 0.086 seconds
[2023-07-27T01:43:44.653+0000] {processor.py:157} INFO - Started process (PID=2920) to work on /home/airflow/.local/lib/python3.7/site-packages/airflow/example_dags/tutorial_dag.py
[2023-07-27T01:43:44.654+0000] {processor.py:826} INFO - Processing file /home/airflow/.local/lib/python3.7/site-packages/airflow/example_dags/tutorial_dag.py for tasks to queue
[2023-07-27T01:43:44.656+0000] {logging_mixin.py:150} INFO - [2023-07-27T01:43:44.655+0000] {dagbag.py:541} INFO - Filling up the DagBag from /home/airflow/.local/lib/python3.7/site-packages/airflow/example_dags/tutorial_dag.py
[2023-07-27T01:43:44.661+0000] {processor.py:836} INFO - DAG(s) dict_keys(['tutorial_dag']) retrieved from /home/airflow/.local/lib/python3.7/site-packages/airflow/example_dags/tutorial_dag.py
[2023-07-27T01:43:44.687+0000] {logging_mixin.py:150} INFO - [2023-07-27T01:43:44.687+0000] {dag.py:2742} INFO - Sync 1 DAGs
[2023-07-27T01:43:44.715+0000] {logging_mixin.py:150} INFO - [2023-07-27T01:43:44.715+0000] {dag.py:3508} INFO - Setting next_dagrun for tutorial_dag to None, run_after=None
[2023-07-27T01:43:44.743+0000] {processor.py:179} INFO - Processing /home/airflow/.local/lib/python3.7/site-packages/airflow/example_dags/tutorial_dag.py took 0.094 seconds
[2023-07-27T01:44:15.560+0000] {processor.py:157} INFO - Started process (PID=2980) to work on /home/airflow/.local/lib/python3.7/site-packages/airflow/example_dags/tutorial_dag.py
[2023-07-27T01:44:15.562+0000] {processor.py:826} INFO - Processing file /home/airflow/.local/lib/python3.7/site-packages/airflow/example_dags/tutorial_dag.py for tasks to queue
[2023-07-27T01:44:15.563+0000] {logging_mixin.py:150} INFO - [2023-07-27T01:44:15.562+0000] {dagbag.py:541} INFO - Filling up the DagBag from /home/airflow/.local/lib/python3.7/site-packages/airflow/example_dags/tutorial_dag.py
[2023-07-27T01:44:15.569+0000] {processor.py:836} INFO - DAG(s) dict_keys(['tutorial_dag']) retrieved from /home/airflow/.local/lib/python3.7/site-packages/airflow/example_dags/tutorial_dag.py
[2023-07-27T01:44:15.595+0000] {logging_mixin.py:150} INFO - [2023-07-27T01:44:15.594+0000] {dag.py:2742} INFO - Sync 1 DAGs
[2023-07-27T01:44:15.622+0000] {logging_mixin.py:150} INFO - [2023-07-27T01:44:15.622+0000] {dag.py:3508} INFO - Setting next_dagrun for tutorial_dag to None, run_after=None
[2023-07-27T01:44:15.648+0000] {processor.py:179} INFO - Processing /home/airflow/.local/lib/python3.7/site-packages/airflow/example_dags/tutorial_dag.py took 0.092 seconds
[2023-07-27T01:44:46.110+0000] {processor.py:157} INFO - Started process (PID=3040) to work on /home/airflow/.local/lib/python3.7/site-packages/airflow/example_dags/tutorial_dag.py
[2023-07-27T01:44:46.112+0000] {processor.py:826} INFO - Processing file /home/airflow/.local/lib/python3.7/site-packages/airflow/example_dags/tutorial_dag.py for tasks to queue
[2023-07-27T01:44:46.113+0000] {logging_mixin.py:150} INFO - [2023-07-27T01:44:46.112+0000] {dagbag.py:541} INFO - Filling up the DagBag from /home/airflow/.local/lib/python3.7/site-packages/airflow/example_dags/tutorial_dag.py
[2023-07-27T01:44:46.118+0000] {processor.py:836} INFO - DAG(s) dict_keys(['tutorial_dag']) retrieved from /home/airflow/.local/lib/python3.7/site-packages/airflow/example_dags/tutorial_dag.py
[2023-07-27T01:44:46.145+0000] {logging_mixin.py:150} INFO - [2023-07-27T01:44:46.144+0000] {dag.py:2742} INFO - Sync 1 DAGs
[2023-07-27T01:44:46.172+0000] {logging_mixin.py:150} INFO - [2023-07-27T01:44:46.172+0000] {dag.py:3508} INFO - Setting next_dagrun for tutorial_dag to None, run_after=None
[2023-07-27T01:44:46.193+0000] {processor.py:179} INFO - Processing /home/airflow/.local/lib/python3.7/site-packages/airflow/example_dags/tutorial_dag.py took 0.086 seconds
[2023-07-27T01:45:16.378+0000] {processor.py:157} INFO - Started process (PID=3101) to work on /home/airflow/.local/lib/python3.7/site-packages/airflow/example_dags/tutorial_dag.py
[2023-07-27T01:45:16.380+0000] {processor.py:826} INFO - Processing file /home/airflow/.local/lib/python3.7/site-packages/airflow/example_dags/tutorial_dag.py for tasks to queue
[2023-07-27T01:45:16.381+0000] {logging_mixin.py:150} INFO - [2023-07-27T01:45:16.380+0000] {dagbag.py:541} INFO - Filling up the DagBag from /home/airflow/.local/lib/python3.7/site-packages/airflow/example_dags/tutorial_dag.py
[2023-07-27T01:45:16.386+0000] {processor.py:836} INFO - DAG(s) dict_keys(['tutorial_dag']) retrieved from /home/airflow/.local/lib/python3.7/site-packages/airflow/example_dags/tutorial_dag.py
[2023-07-27T01:45:16.412+0000] {logging_mixin.py:150} INFO - [2023-07-27T01:45:16.412+0000] {dag.py:2742} INFO - Sync 1 DAGs
[2023-07-27T01:45:16.440+0000] {logging_mixin.py:150} INFO - [2023-07-27T01:45:16.440+0000] {dag.py:3508} INFO - Setting next_dagrun for tutorial_dag to None, run_after=None
[2023-07-27T01:45:16.467+0000] {processor.py:179} INFO - Processing /home/airflow/.local/lib/python3.7/site-packages/airflow/example_dags/tutorial_dag.py took 0.092 seconds
[2023-07-27T01:45:47.308+0000] {processor.py:157} INFO - Started process (PID=3161) to work on /home/airflow/.local/lib/python3.7/site-packages/airflow/example_dags/tutorial_dag.py
[2023-07-27T01:45:47.310+0000] {processor.py:826} INFO - Processing file /home/airflow/.local/lib/python3.7/site-packages/airflow/example_dags/tutorial_dag.py for tasks to queue
[2023-07-27T01:45:47.311+0000] {logging_mixin.py:150} INFO - [2023-07-27T01:45:47.310+0000] {dagbag.py:541} INFO - Filling up the DagBag from /home/airflow/.local/lib/python3.7/site-packages/airflow/example_dags/tutorial_dag.py
[2023-07-27T01:45:47.317+0000] {processor.py:836} INFO - DAG(s) dict_keys(['tutorial_dag']) retrieved from /home/airflow/.local/lib/python3.7/site-packages/airflow/example_dags/tutorial_dag.py
[2023-07-27T01:45:47.342+0000] {logging_mixin.py:150} INFO - [2023-07-27T01:45:47.342+0000] {dag.py:2742} INFO - Sync 1 DAGs
[2023-07-27T01:45:47.371+0000] {logging_mixin.py:150} INFO - [2023-07-27T01:45:47.371+0000] {dag.py:3508} INFO - Setting next_dagrun for tutorial_dag to None, run_after=None
[2023-07-27T01:45:47.394+0000] {processor.py:179} INFO - Processing /home/airflow/.local/lib/python3.7/site-packages/airflow/example_dags/tutorial_dag.py took 0.089 seconds
[2023-07-27T01:46:17.559+0000] {processor.py:157} INFO - Started process (PID=3214) to work on /home/airflow/.local/lib/python3.7/site-packages/airflow/example_dags/tutorial_dag.py
[2023-07-27T01:46:17.561+0000] {processor.py:826} INFO - Processing file /home/airflow/.local/lib/python3.7/site-packages/airflow/example_dags/tutorial_dag.py for tasks to queue
[2023-07-27T01:46:17.562+0000] {logging_mixin.py:150} INFO - [2023-07-27T01:46:17.561+0000] {dagbag.py:541} INFO - Filling up the DagBag from /home/airflow/.local/lib/python3.7/site-packages/airflow/example_dags/tutorial_dag.py
[2023-07-27T01:46:17.568+0000] {processor.py:836} INFO - DAG(s) dict_keys(['tutorial_dag']) retrieved from /home/airflow/.local/lib/python3.7/site-packages/airflow/example_dags/tutorial_dag.py
[2023-07-27T01:46:17.595+0000] {logging_mixin.py:150} INFO - [2023-07-27T01:46:17.595+0000] {dag.py:2742} INFO - Sync 1 DAGs
[2023-07-27T01:46:17.651+0000] {logging_mixin.py:150} INFO - [2023-07-27T01:46:17.651+0000] {dag.py:3508} INFO - Setting next_dagrun for tutorial_dag to None, run_after=None
[2023-07-27T01:46:17.691+0000] {processor.py:179} INFO - Processing /home/airflow/.local/lib/python3.7/site-packages/airflow/example_dags/tutorial_dag.py took 0.135 seconds
[2023-07-27T01:46:48.354+0000] {processor.py:157} INFO - Started process (PID=3274) to work on /home/airflow/.local/lib/python3.7/site-packages/airflow/example_dags/tutorial_dag.py
[2023-07-27T01:46:48.356+0000] {processor.py:826} INFO - Processing file /home/airflow/.local/lib/python3.7/site-packages/airflow/example_dags/tutorial_dag.py for tasks to queue
[2023-07-27T01:46:48.357+0000] {logging_mixin.py:150} INFO - [2023-07-27T01:46:48.357+0000] {dagbag.py:541} INFO - Filling up the DagBag from /home/airflow/.local/lib/python3.7/site-packages/airflow/example_dags/tutorial_dag.py
[2023-07-27T01:46:48.363+0000] {processor.py:836} INFO - DAG(s) dict_keys(['tutorial_dag']) retrieved from /home/airflow/.local/lib/python3.7/site-packages/airflow/example_dags/tutorial_dag.py
[2023-07-27T01:46:48.394+0000] {logging_mixin.py:150} INFO - [2023-07-27T01:46:48.393+0000] {dag.py:2742} INFO - Sync 1 DAGs
[2023-07-27T01:46:48.428+0000] {logging_mixin.py:150} INFO - [2023-07-27T01:46:48.428+0000] {dag.py:3508} INFO - Setting next_dagrun for tutorial_dag to None, run_after=None
[2023-07-27T01:46:48.451+0000] {processor.py:179} INFO - Processing /home/airflow/.local/lib/python3.7/site-packages/airflow/example_dags/tutorial_dag.py took 0.101 seconds
[2023-07-27T01:47:18.789+0000] {processor.py:157} INFO - Started process (PID=3334) to work on /home/airflow/.local/lib/python3.7/site-packages/airflow/example_dags/tutorial_dag.py
[2023-07-27T01:47:18.790+0000] {processor.py:826} INFO - Processing file /home/airflow/.local/lib/python3.7/site-packages/airflow/example_dags/tutorial_dag.py for tasks to queue
[2023-07-27T01:47:18.791+0000] {logging_mixin.py:150} INFO - [2023-07-27T01:47:18.791+0000] {dagbag.py:541} INFO - Filling up the DagBag from /home/airflow/.local/lib/python3.7/site-packages/airflow/example_dags/tutorial_dag.py
[2023-07-27T01:47:18.797+0000] {processor.py:836} INFO - DAG(s) dict_keys(['tutorial_dag']) retrieved from /home/airflow/.local/lib/python3.7/site-packages/airflow/example_dags/tutorial_dag.py
[2023-07-27T01:47:18.825+0000] {logging_mixin.py:150} INFO - [2023-07-27T01:47:18.825+0000] {dag.py:2742} INFO - Sync 1 DAGs
[2023-07-27T01:47:18.854+0000] {logging_mixin.py:150} INFO - [2023-07-27T01:47:18.854+0000] {dag.py:3508} INFO - Setting next_dagrun for tutorial_dag to None, run_after=None
[2023-07-27T01:47:18.877+0000] {processor.py:179} INFO - Processing /home/airflow/.local/lib/python3.7/site-packages/airflow/example_dags/tutorial_dag.py took 0.092 seconds
[2023-07-27T01:47:49.733+0000] {processor.py:157} INFO - Started process (PID=3394) to work on /home/airflow/.local/lib/python3.7/site-packages/airflow/example_dags/tutorial_dag.py
[2023-07-27T01:47:49.734+0000] {processor.py:826} INFO - Processing file /home/airflow/.local/lib/python3.7/site-packages/airflow/example_dags/tutorial_dag.py for tasks to queue
[2023-07-27T01:47:49.735+0000] {logging_mixin.py:150} INFO - [2023-07-27T01:47:49.735+0000] {dagbag.py:541} INFO - Filling up the DagBag from /home/airflow/.local/lib/python3.7/site-packages/airflow/example_dags/tutorial_dag.py
[2023-07-27T01:47:49.741+0000] {processor.py:836} INFO - DAG(s) dict_keys(['tutorial_dag']) retrieved from /home/airflow/.local/lib/python3.7/site-packages/airflow/example_dags/tutorial_dag.py
[2023-07-27T01:47:49.768+0000] {logging_mixin.py:150} INFO - [2023-07-27T01:47:49.768+0000] {dag.py:2742} INFO - Sync 1 DAGs
[2023-07-27T01:47:49.796+0000] {logging_mixin.py:150} INFO - [2023-07-27T01:47:49.796+0000] {dag.py:3508} INFO - Setting next_dagrun for tutorial_dag to None, run_after=None
[2023-07-27T01:47:49.818+0000] {processor.py:179} INFO - Processing /home/airflow/.local/lib/python3.7/site-packages/airflow/example_dags/tutorial_dag.py took 0.089 seconds
[2023-07-27T01:48:20.187+0000] {processor.py:157} INFO - Started process (PID=3454) to work on /home/airflow/.local/lib/python3.7/site-packages/airflow/example_dags/tutorial_dag.py
[2023-07-27T01:48:20.188+0000] {processor.py:826} INFO - Processing file /home/airflow/.local/lib/python3.7/site-packages/airflow/example_dags/tutorial_dag.py for tasks to queue
[2023-07-27T01:48:20.189+0000] {logging_mixin.py:150} INFO - [2023-07-27T01:48:20.189+0000] {dagbag.py:541} INFO - Filling up the DagBag from /home/airflow/.local/lib/python3.7/site-packages/airflow/example_dags/tutorial_dag.py
[2023-07-27T01:48:20.194+0000] {processor.py:836} INFO - DAG(s) dict_keys(['tutorial_dag']) retrieved from /home/airflow/.local/lib/python3.7/site-packages/airflow/example_dags/tutorial_dag.py
[2023-07-27T01:48:20.220+0000] {logging_mixin.py:150} INFO - [2023-07-27T01:48:20.220+0000] {dag.py:2742} INFO - Sync 1 DAGs
[2023-07-27T01:48:20.250+0000] {logging_mixin.py:150} INFO - [2023-07-27T01:48:20.250+0000] {dag.py:3508} INFO - Setting next_dagrun for tutorial_dag to None, run_after=None
[2023-07-27T01:48:20.272+0000] {processor.py:179} INFO - Processing /home/airflow/.local/lib/python3.7/site-packages/airflow/example_dags/tutorial_dag.py took 0.089 seconds
[2023-07-27T01:48:50.469+0000] {processor.py:157} INFO - Started process (PID=3514) to work on /home/airflow/.local/lib/python3.7/site-packages/airflow/example_dags/tutorial_dag.py
[2023-07-27T01:48:50.471+0000] {processor.py:826} INFO - Processing file /home/airflow/.local/lib/python3.7/site-packages/airflow/example_dags/tutorial_dag.py for tasks to queue
[2023-07-27T01:48:50.472+0000] {logging_mixin.py:150} INFO - [2023-07-27T01:48:50.471+0000] {dagbag.py:541} INFO - Filling up the DagBag from /home/airflow/.local/lib/python3.7/site-packages/airflow/example_dags/tutorial_dag.py
[2023-07-27T01:48:50.477+0000] {processor.py:836} INFO - DAG(s) dict_keys(['tutorial_dag']) retrieved from /home/airflow/.local/lib/python3.7/site-packages/airflow/example_dags/tutorial_dag.py
[2023-07-27T01:48:50.503+0000] {logging_mixin.py:150} INFO - [2023-07-27T01:48:50.502+0000] {dag.py:2742} INFO - Sync 1 DAGs
[2023-07-27T01:48:50.533+0000] {logging_mixin.py:150} INFO - [2023-07-27T01:48:50.533+0000] {dag.py:3508} INFO - Setting next_dagrun for tutorial_dag to None, run_after=None
[2023-07-27T01:48:50.557+0000] {processor.py:179} INFO - Processing /home/airflow/.local/lib/python3.7/site-packages/airflow/example_dags/tutorial_dag.py took 0.091 seconds
[2023-07-27T01:49:20.961+0000] {processor.py:157} INFO - Started process (PID=3575) to work on /home/airflow/.local/lib/python3.7/site-packages/airflow/example_dags/tutorial_dag.py
[2023-07-27T01:49:20.962+0000] {processor.py:826} INFO - Processing file /home/airflow/.local/lib/python3.7/site-packages/airflow/example_dags/tutorial_dag.py for tasks to queue
[2023-07-27T01:49:20.963+0000] {logging_mixin.py:150} INFO - [2023-07-27T01:49:20.963+0000] {dagbag.py:541} INFO - Filling up the DagBag from /home/airflow/.local/lib/python3.7/site-packages/airflow/example_dags/tutorial_dag.py
[2023-07-27T01:49:20.968+0000] {processor.py:836} INFO - DAG(s) dict_keys(['tutorial_dag']) retrieved from /home/airflow/.local/lib/python3.7/site-packages/airflow/example_dags/tutorial_dag.py
[2023-07-27T01:49:20.994+0000] {logging_mixin.py:150} INFO - [2023-07-27T01:49:20.993+0000] {dag.py:2742} INFO - Sync 1 DAGs
[2023-07-27T01:49:21.021+0000] {logging_mixin.py:150} INFO - [2023-07-27T01:49:21.021+0000] {dag.py:3508} INFO - Setting next_dagrun for tutorial_dag to None, run_after=None
[2023-07-27T01:49:21.047+0000] {processor.py:179} INFO - Processing /home/airflow/.local/lib/python3.7/site-packages/airflow/example_dags/tutorial_dag.py took 0.089 seconds
[2023-07-27T01:49:51.451+0000] {processor.py:157} INFO - Started process (PID=3635) to work on /home/airflow/.local/lib/python3.7/site-packages/airflow/example_dags/tutorial_dag.py
[2023-07-27T01:49:51.453+0000] {processor.py:826} INFO - Processing file /home/airflow/.local/lib/python3.7/site-packages/airflow/example_dags/tutorial_dag.py for tasks to queue
[2023-07-27T01:49:51.454+0000] {logging_mixin.py:150} INFO - [2023-07-27T01:49:51.453+0000] {dagbag.py:541} INFO - Filling up the DagBag from /home/airflow/.local/lib/python3.7/site-packages/airflow/example_dags/tutorial_dag.py
[2023-07-27T01:49:51.459+0000] {processor.py:836} INFO - DAG(s) dict_keys(['tutorial_dag']) retrieved from /home/airflow/.local/lib/python3.7/site-packages/airflow/example_dags/tutorial_dag.py
[2023-07-27T01:49:51.485+0000] {logging_mixin.py:150} INFO - [2023-07-27T01:49:51.485+0000] {dag.py:2742} INFO - Sync 1 DAGs
[2023-07-27T01:49:51.514+0000] {logging_mixin.py:150} INFO - [2023-07-27T01:49:51.514+0000] {dag.py:3508} INFO - Setting next_dagrun for tutorial_dag to None, run_after=None
[2023-07-27T01:49:51.537+0000] {processor.py:179} INFO - Processing /home/airflow/.local/lib/python3.7/site-packages/airflow/example_dags/tutorial_dag.py took 0.089 seconds
[2023-07-27T01:50:21.880+0000] {processor.py:157} INFO - Started process (PID=3695) to work on /home/airflow/.local/lib/python3.7/site-packages/airflow/example_dags/tutorial_dag.py
[2023-07-27T01:50:21.881+0000] {processor.py:826} INFO - Processing file /home/airflow/.local/lib/python3.7/site-packages/airflow/example_dags/tutorial_dag.py for tasks to queue
[2023-07-27T01:50:21.882+0000] {logging_mixin.py:150} INFO - [2023-07-27T01:50:21.882+0000] {dagbag.py:541} INFO - Filling up the DagBag from /home/airflow/.local/lib/python3.7/site-packages/airflow/example_dags/tutorial_dag.py
[2023-07-27T01:50:21.890+0000] {processor.py:836} INFO - DAG(s) dict_keys(['tutorial_dag']) retrieved from /home/airflow/.local/lib/python3.7/site-packages/airflow/example_dags/tutorial_dag.py
[2023-07-27T01:50:21.919+0000] {logging_mixin.py:150} INFO - [2023-07-27T01:50:21.919+0000] {dag.py:2742} INFO - Sync 1 DAGs
[2023-07-27T01:50:21.960+0000] {logging_mixin.py:150} INFO - [2023-07-27T01:50:21.960+0000] {dag.py:3508} INFO - Setting next_dagrun for tutorial_dag to None, run_after=None
[2023-07-27T01:50:21.992+0000] {processor.py:179} INFO - Processing /home/airflow/.local/lib/python3.7/site-packages/airflow/example_dags/tutorial_dag.py took 0.117 seconds
[2023-07-27T01:50:52.496+0000] {processor.py:157} INFO - Started process (PID=3755) to work on /home/airflow/.local/lib/python3.7/site-packages/airflow/example_dags/tutorial_dag.py
[2023-07-27T01:50:52.497+0000] {processor.py:826} INFO - Processing file /home/airflow/.local/lib/python3.7/site-packages/airflow/example_dags/tutorial_dag.py for tasks to queue
[2023-07-27T01:50:52.498+0000] {logging_mixin.py:150} INFO - [2023-07-27T01:50:52.498+0000] {dagbag.py:541} INFO - Filling up the DagBag from /home/airflow/.local/lib/python3.7/site-packages/airflow/example_dags/tutorial_dag.py
[2023-07-27T01:50:52.504+0000] {processor.py:836} INFO - DAG(s) dict_keys(['tutorial_dag']) retrieved from /home/airflow/.local/lib/python3.7/site-packages/airflow/example_dags/tutorial_dag.py
[2023-07-27T01:50:52.529+0000] {logging_mixin.py:150} INFO - [2023-07-27T01:50:52.529+0000] {dag.py:2742} INFO - Sync 1 DAGs
[2023-07-27T01:50:52.557+0000] {logging_mixin.py:150} INFO - [2023-07-27T01:50:52.556+0000] {dag.py:3508} INFO - Setting next_dagrun for tutorial_dag to None, run_after=None
[2023-07-27T01:50:52.593+0000] {processor.py:179} INFO - Processing /home/airflow/.local/lib/python3.7/site-packages/airflow/example_dags/tutorial_dag.py took 0.101 seconds
[2023-07-27T01:51:23.309+0000] {processor.py:157} INFO - Started process (PID=3815) to work on /home/airflow/.local/lib/python3.7/site-packages/airflow/example_dags/tutorial_dag.py
[2023-07-27T01:51:23.310+0000] {processor.py:826} INFO - Processing file /home/airflow/.local/lib/python3.7/site-packages/airflow/example_dags/tutorial_dag.py for tasks to queue
[2023-07-27T01:51:23.311+0000] {logging_mixin.py:150} INFO - [2023-07-27T01:51:23.311+0000] {dagbag.py:541} INFO - Filling up the DagBag from /home/airflow/.local/lib/python3.7/site-packages/airflow/example_dags/tutorial_dag.py
[2023-07-27T01:51:23.317+0000] {processor.py:836} INFO - DAG(s) dict_keys(['tutorial_dag']) retrieved from /home/airflow/.local/lib/python3.7/site-packages/airflow/example_dags/tutorial_dag.py
[2023-07-27T01:51:23.343+0000] {logging_mixin.py:150} INFO - [2023-07-27T01:51:23.343+0000] {dag.py:2742} INFO - Sync 1 DAGs
[2023-07-27T01:51:23.371+0000] {logging_mixin.py:150} INFO - [2023-07-27T01:51:23.371+0000] {dag.py:3508} INFO - Setting next_dagrun for tutorial_dag to None, run_after=None
[2023-07-27T01:51:23.394+0000] {processor.py:179} INFO - Processing /home/airflow/.local/lib/python3.7/site-packages/airflow/example_dags/tutorial_dag.py took 0.088 seconds
[2023-07-27T01:51:53.925+0000] {processor.py:157} INFO - Started process (PID=3875) to work on /home/airflow/.local/lib/python3.7/site-packages/airflow/example_dags/tutorial_dag.py
[2023-07-27T01:51:53.926+0000] {processor.py:826} INFO - Processing file /home/airflow/.local/lib/python3.7/site-packages/airflow/example_dags/tutorial_dag.py for tasks to queue
[2023-07-27T01:51:53.927+0000] {logging_mixin.py:150} INFO - [2023-07-27T01:51:53.926+0000] {dagbag.py:541} INFO - Filling up the DagBag from /home/airflow/.local/lib/python3.7/site-packages/airflow/example_dags/tutorial_dag.py
[2023-07-27T01:51:53.932+0000] {processor.py:836} INFO - DAG(s) dict_keys(['tutorial_dag']) retrieved from /home/airflow/.local/lib/python3.7/site-packages/airflow/example_dags/tutorial_dag.py
[2023-07-27T01:51:53.959+0000] {logging_mixin.py:150} INFO - [2023-07-27T01:51:53.958+0000] {dag.py:2742} INFO - Sync 1 DAGs
[2023-07-27T01:51:53.987+0000] {logging_mixin.py:150} INFO - [2023-07-27T01:51:53.987+0000] {dag.py:3508} INFO - Setting next_dagrun for tutorial_dag to None, run_after=None
[2023-07-27T01:51:54.011+0000] {processor.py:179} INFO - Processing /home/airflow/.local/lib/python3.7/site-packages/airflow/example_dags/tutorial_dag.py took 0.091 seconds
[2023-07-27T01:52:24.547+0000] {processor.py:157} INFO - Started process (PID=3933) to work on /home/airflow/.local/lib/python3.7/site-packages/airflow/example_dags/tutorial_dag.py
[2023-07-27T01:52:24.548+0000] {processor.py:826} INFO - Processing file /home/airflow/.local/lib/python3.7/site-packages/airflow/example_dags/tutorial_dag.py for tasks to queue
[2023-07-27T01:52:24.549+0000] {logging_mixin.py:150} INFO - [2023-07-27T01:52:24.549+0000] {dagbag.py:541} INFO - Filling up the DagBag from /home/airflow/.local/lib/python3.7/site-packages/airflow/example_dags/tutorial_dag.py
[2023-07-27T01:52:24.555+0000] {processor.py:836} INFO - DAG(s) dict_keys(['tutorial_dag']) retrieved from /home/airflow/.local/lib/python3.7/site-packages/airflow/example_dags/tutorial_dag.py
[2023-07-27T01:52:24.582+0000] {logging_mixin.py:150} INFO - [2023-07-27T01:52:24.581+0000] {dag.py:2742} INFO - Sync 1 DAGs
[2023-07-27T01:52:24.609+0000] {logging_mixin.py:150} INFO - [2023-07-27T01:52:24.609+0000] {dag.py:3508} INFO - Setting next_dagrun for tutorial_dag to None, run_after=None
[2023-07-27T01:52:24.631+0000] {processor.py:179} INFO - Processing /home/airflow/.local/lib/python3.7/site-packages/airflow/example_dags/tutorial_dag.py took 0.088 seconds
[2023-07-27T01:52:55.323+0000] {processor.py:157} INFO - Started process (PID=3993) to work on /home/airflow/.local/lib/python3.7/site-packages/airflow/example_dags/tutorial_dag.py
[2023-07-27T01:52:55.324+0000] {processor.py:826} INFO - Processing file /home/airflow/.local/lib/python3.7/site-packages/airflow/example_dags/tutorial_dag.py for tasks to queue
[2023-07-27T01:52:55.325+0000] {logging_mixin.py:150} INFO - [2023-07-27T01:52:55.325+0000] {dagbag.py:541} INFO - Filling up the DagBag from /home/airflow/.local/lib/python3.7/site-packages/airflow/example_dags/tutorial_dag.py
[2023-07-27T01:52:55.331+0000] {processor.py:836} INFO - DAG(s) dict_keys(['tutorial_dag']) retrieved from /home/airflow/.local/lib/python3.7/site-packages/airflow/example_dags/tutorial_dag.py
[2023-07-27T01:52:55.357+0000] {logging_mixin.py:150} INFO - [2023-07-27T01:52:55.357+0000] {dag.py:2742} INFO - Sync 1 DAGs
[2023-07-27T01:52:55.384+0000] {logging_mixin.py:150} INFO - [2023-07-27T01:52:55.384+0000] {dag.py:3508} INFO - Setting next_dagrun for tutorial_dag to None, run_after=None
[2023-07-27T01:52:55.406+0000] {processor.py:179} INFO - Processing /home/airflow/.local/lib/python3.7/site-packages/airflow/example_dags/tutorial_dag.py took 0.087 seconds
[2023-07-27T01:53:25.509+0000] {processor.py:157} INFO - Started process (PID=4053) to work on /home/airflow/.local/lib/python3.7/site-packages/airflow/example_dags/tutorial_dag.py
[2023-07-27T01:53:25.510+0000] {processor.py:826} INFO - Processing file /home/airflow/.local/lib/python3.7/site-packages/airflow/example_dags/tutorial_dag.py for tasks to queue
[2023-07-27T01:53:25.511+0000] {logging_mixin.py:150} INFO - [2023-07-27T01:53:25.511+0000] {dagbag.py:541} INFO - Filling up the DagBag from /home/airflow/.local/lib/python3.7/site-packages/airflow/example_dags/tutorial_dag.py
[2023-07-27T01:53:25.517+0000] {processor.py:836} INFO - DAG(s) dict_keys(['tutorial_dag']) retrieved from /home/airflow/.local/lib/python3.7/site-packages/airflow/example_dags/tutorial_dag.py
[2023-07-27T01:53:25.543+0000] {logging_mixin.py:150} INFO - [2023-07-27T01:53:25.542+0000] {dag.py:2742} INFO - Sync 1 DAGs
[2023-07-27T01:53:25.572+0000] {logging_mixin.py:150} INFO - [2023-07-27T01:53:25.572+0000] {dag.py:3508} INFO - Setting next_dagrun for tutorial_dag to None, run_after=None
[2023-07-27T01:53:25.595+0000] {processor.py:179} INFO - Processing /home/airflow/.local/lib/python3.7/site-packages/airflow/example_dags/tutorial_dag.py took 0.090 seconds
[2023-07-27T01:53:55.893+0000] {processor.py:157} INFO - Started process (PID=4113) to work on /home/airflow/.local/lib/python3.7/site-packages/airflow/example_dags/tutorial_dag.py
[2023-07-27T01:53:55.895+0000] {processor.py:826} INFO - Processing file /home/airflow/.local/lib/python3.7/site-packages/airflow/example_dags/tutorial_dag.py for tasks to queue
[2023-07-27T01:53:55.896+0000] {logging_mixin.py:150} INFO - [2023-07-27T01:53:55.895+0000] {dagbag.py:541} INFO - Filling up the DagBag from /home/airflow/.local/lib/python3.7/site-packages/airflow/example_dags/tutorial_dag.py
[2023-07-27T01:53:55.901+0000] {processor.py:836} INFO - DAG(s) dict_keys(['tutorial_dag']) retrieved from /home/airflow/.local/lib/python3.7/site-packages/airflow/example_dags/tutorial_dag.py
[2023-07-27T01:53:55.926+0000] {logging_mixin.py:150} INFO - [2023-07-27T01:53:55.926+0000] {dag.py:2742} INFO - Sync 1 DAGs
[2023-07-27T01:53:55.954+0000] {logging_mixin.py:150} INFO - [2023-07-27T01:53:55.954+0000] {dag.py:3508} INFO - Setting next_dagrun for tutorial_dag to None, run_after=None
[2023-07-27T01:53:55.976+0000] {processor.py:179} INFO - Processing /home/airflow/.local/lib/python3.7/site-packages/airflow/example_dags/tutorial_dag.py took 0.086 seconds
[2023-07-27T01:54:26.071+0000] {processor.py:157} INFO - Started process (PID=4173) to work on /home/airflow/.local/lib/python3.7/site-packages/airflow/example_dags/tutorial_dag.py
[2023-07-27T01:54:26.072+0000] {processor.py:826} INFO - Processing file /home/airflow/.local/lib/python3.7/site-packages/airflow/example_dags/tutorial_dag.py for tasks to queue
[2023-07-27T01:54:26.073+0000] {logging_mixin.py:150} INFO - [2023-07-27T01:54:26.073+0000] {dagbag.py:541} INFO - Filling up the DagBag from /home/airflow/.local/lib/python3.7/site-packages/airflow/example_dags/tutorial_dag.py
[2023-07-27T01:54:26.079+0000] {processor.py:836} INFO - DAG(s) dict_keys(['tutorial_dag']) retrieved from /home/airflow/.local/lib/python3.7/site-packages/airflow/example_dags/tutorial_dag.py
[2023-07-27T01:54:26.105+0000] {logging_mixin.py:150} INFO - [2023-07-27T01:54:26.105+0000] {dag.py:2742} INFO - Sync 1 DAGs
[2023-07-27T01:54:26.132+0000] {logging_mixin.py:150} INFO - [2023-07-27T01:54:26.132+0000] {dag.py:3508} INFO - Setting next_dagrun for tutorial_dag to None, run_after=None
[2023-07-27T01:54:26.155+0000] {processor.py:179} INFO - Processing /home/airflow/.local/lib/python3.7/site-packages/airflow/example_dags/tutorial_dag.py took 0.088 seconds
[2023-07-27T01:54:56.309+0000] {processor.py:157} INFO - Started process (PID=4232) to work on /home/airflow/.local/lib/python3.7/site-packages/airflow/example_dags/tutorial_dag.py
[2023-07-27T01:54:56.310+0000] {processor.py:826} INFO - Processing file /home/airflow/.local/lib/python3.7/site-packages/airflow/example_dags/tutorial_dag.py for tasks to queue
[2023-07-27T01:54:56.311+0000] {logging_mixin.py:150} INFO - [2023-07-27T01:54:56.311+0000] {dagbag.py:541} INFO - Filling up the DagBag from /home/airflow/.local/lib/python3.7/site-packages/airflow/example_dags/tutorial_dag.py
[2023-07-27T01:54:56.316+0000] {processor.py:836} INFO - DAG(s) dict_keys(['tutorial_dag']) retrieved from /home/airflow/.local/lib/python3.7/site-packages/airflow/example_dags/tutorial_dag.py
[2023-07-27T01:54:56.342+0000] {logging_mixin.py:150} INFO - [2023-07-27T01:54:56.341+0000] {dag.py:2742} INFO - Sync 1 DAGs
[2023-07-27T01:54:56.368+0000] {logging_mixin.py:150} INFO - [2023-07-27T01:54:56.368+0000] {dag.py:3508} INFO - Setting next_dagrun for tutorial_dag to None, run_after=None
[2023-07-27T01:54:56.390+0000] {processor.py:179} INFO - Processing /home/airflow/.local/lib/python3.7/site-packages/airflow/example_dags/tutorial_dag.py took 0.085 seconds
[2023-07-27T01:55:26.484+0000] {processor.py:157} INFO - Started process (PID=4292) to work on /home/airflow/.local/lib/python3.7/site-packages/airflow/example_dags/tutorial_dag.py
[2023-07-27T01:55:26.485+0000] {processor.py:826} INFO - Processing file /home/airflow/.local/lib/python3.7/site-packages/airflow/example_dags/tutorial_dag.py for tasks to queue
[2023-07-27T01:55:26.486+0000] {logging_mixin.py:150} INFO - [2023-07-27T01:55:26.486+0000] {dagbag.py:541} INFO - Filling up the DagBag from /home/airflow/.local/lib/python3.7/site-packages/airflow/example_dags/tutorial_dag.py
[2023-07-27T01:55:26.492+0000] {processor.py:836} INFO - DAG(s) dict_keys(['tutorial_dag']) retrieved from /home/airflow/.local/lib/python3.7/site-packages/airflow/example_dags/tutorial_dag.py
[2023-07-27T01:55:26.517+0000] {logging_mixin.py:150} INFO - [2023-07-27T01:55:26.517+0000] {dag.py:2742} INFO - Sync 1 DAGs
[2023-07-27T01:55:26.544+0000] {logging_mixin.py:150} INFO - [2023-07-27T01:55:26.544+0000] {dag.py:3508} INFO - Setting next_dagrun for tutorial_dag to None, run_after=None
[2023-07-27T01:55:26.566+0000] {processor.py:179} INFO - Processing /home/airflow/.local/lib/python3.7/site-packages/airflow/example_dags/tutorial_dag.py took 0.086 seconds
[2023-07-27T01:55:56.739+0000] {processor.py:157} INFO - Started process (PID=4351) to work on /home/airflow/.local/lib/python3.7/site-packages/airflow/example_dags/tutorial_dag.py
[2023-07-27T01:55:56.740+0000] {processor.py:826} INFO - Processing file /home/airflow/.local/lib/python3.7/site-packages/airflow/example_dags/tutorial_dag.py for tasks to queue
[2023-07-27T01:55:56.741+0000] {logging_mixin.py:150} INFO - [2023-07-27T01:55:56.741+0000] {dagbag.py:541} INFO - Filling up the DagBag from /home/airflow/.local/lib/python3.7/site-packages/airflow/example_dags/tutorial_dag.py
[2023-07-27T01:55:56.747+0000] {processor.py:836} INFO - DAG(s) dict_keys(['tutorial_dag']) retrieved from /home/airflow/.local/lib/python3.7/site-packages/airflow/example_dags/tutorial_dag.py
[2023-07-27T01:55:56.773+0000] {logging_mixin.py:150} INFO - [2023-07-27T01:55:56.773+0000] {dag.py:2742} INFO - Sync 1 DAGs
[2023-07-27T01:55:56.799+0000] {logging_mixin.py:150} INFO - [2023-07-27T01:55:56.799+0000] {dag.py:3508} INFO - Setting next_dagrun for tutorial_dag to None, run_after=None
[2023-07-27T01:55:56.822+0000] {processor.py:179} INFO - Processing /home/airflow/.local/lib/python3.7/site-packages/airflow/example_dags/tutorial_dag.py took 0.087 seconds
[2023-07-27T01:56:27.266+0000] {processor.py:157} INFO - Started process (PID=4412) to work on /home/airflow/.local/lib/python3.7/site-packages/airflow/example_dags/tutorial_dag.py
[2023-07-27T01:56:27.267+0000] {processor.py:826} INFO - Processing file /home/airflow/.local/lib/python3.7/site-packages/airflow/example_dags/tutorial_dag.py for tasks to queue
[2023-07-27T01:56:27.268+0000] {logging_mixin.py:150} INFO - [2023-07-27T01:56:27.268+0000] {dagbag.py:541} INFO - Filling up the DagBag from /home/airflow/.local/lib/python3.7/site-packages/airflow/example_dags/tutorial_dag.py
[2023-07-27T01:56:27.274+0000] {processor.py:836} INFO - DAG(s) dict_keys(['tutorial_dag']) retrieved from /home/airflow/.local/lib/python3.7/site-packages/airflow/example_dags/tutorial_dag.py
[2023-07-27T01:56:27.299+0000] {logging_mixin.py:150} INFO - [2023-07-27T01:56:27.299+0000] {dag.py:2742} INFO - Sync 1 DAGs
[2023-07-27T01:56:27.326+0000] {logging_mixin.py:150} INFO - [2023-07-27T01:56:27.326+0000] {dag.py:3508} INFO - Setting next_dagrun for tutorial_dag to None, run_after=None
[2023-07-27T01:56:27.359+0000] {processor.py:179} INFO - Processing /home/airflow/.local/lib/python3.7/site-packages/airflow/example_dags/tutorial_dag.py took 0.096 seconds
[2023-07-27T01:56:57.859+0000] {processor.py:157} INFO - Started process (PID=4473) to work on /home/airflow/.local/lib/python3.7/site-packages/airflow/example_dags/tutorial_dag.py
[2023-07-27T01:56:57.861+0000] {processor.py:826} INFO - Processing file /home/airflow/.local/lib/python3.7/site-packages/airflow/example_dags/tutorial_dag.py for tasks to queue
[2023-07-27T01:56:57.862+0000] {logging_mixin.py:150} INFO - [2023-07-27T01:56:57.862+0000] {dagbag.py:541} INFO - Filling up the DagBag from /home/airflow/.local/lib/python3.7/site-packages/airflow/example_dags/tutorial_dag.py
[2023-07-27T01:56:57.868+0000] {processor.py:836} INFO - DAG(s) dict_keys(['tutorial_dag']) retrieved from /home/airflow/.local/lib/python3.7/site-packages/airflow/example_dags/tutorial_dag.py
[2023-07-27T01:56:57.894+0000] {logging_mixin.py:150} INFO - [2023-07-27T01:56:57.894+0000] {dag.py:2742} INFO - Sync 1 DAGs
[2023-07-27T01:56:57.922+0000] {logging_mixin.py:150} INFO - [2023-07-27T01:56:57.921+0000] {dag.py:3508} INFO - Setting next_dagrun for tutorial_dag to None, run_after=None
[2023-07-27T01:56:57.947+0000] {processor.py:179} INFO - Processing /home/airflow/.local/lib/python3.7/site-packages/airflow/example_dags/tutorial_dag.py took 0.091 seconds
[2023-07-27T01:57:28.059+0000] {processor.py:157} INFO - Started process (PID=4534) to work on /home/airflow/.local/lib/python3.7/site-packages/airflow/example_dags/tutorial_dag.py
[2023-07-27T01:57:28.060+0000] {processor.py:826} INFO - Processing file /home/airflow/.local/lib/python3.7/site-packages/airflow/example_dags/tutorial_dag.py for tasks to queue
[2023-07-27T01:57:28.061+0000] {logging_mixin.py:150} INFO - [2023-07-27T01:57:28.061+0000] {dagbag.py:541} INFO - Filling up the DagBag from /home/airflow/.local/lib/python3.7/site-packages/airflow/example_dags/tutorial_dag.py
[2023-07-27T01:57:28.066+0000] {processor.py:836} INFO - DAG(s) dict_keys(['tutorial_dag']) retrieved from /home/airflow/.local/lib/python3.7/site-packages/airflow/example_dags/tutorial_dag.py
[2023-07-27T01:57:28.093+0000] {logging_mixin.py:150} INFO - [2023-07-27T01:57:28.093+0000] {dag.py:2742} INFO - Sync 1 DAGs
[2023-07-27T01:57:28.121+0000] {logging_mixin.py:150} INFO - [2023-07-27T01:57:28.121+0000] {dag.py:3508} INFO - Setting next_dagrun for tutorial_dag to None, run_after=None
[2023-07-27T01:57:28.145+0000] {processor.py:179} INFO - Processing /home/airflow/.local/lib/python3.7/site-packages/airflow/example_dags/tutorial_dag.py took 0.089 seconds
[2023-07-27T01:57:58.540+0000] {processor.py:157} INFO - Started process (PID=4594) to work on /home/airflow/.local/lib/python3.7/site-packages/airflow/example_dags/tutorial_dag.py
[2023-07-27T01:57:58.542+0000] {processor.py:826} INFO - Processing file /home/airflow/.local/lib/python3.7/site-packages/airflow/example_dags/tutorial_dag.py for tasks to queue
[2023-07-27T01:57:58.543+0000] {logging_mixin.py:150} INFO - [2023-07-27T01:57:58.542+0000] {dagbag.py:541} INFO - Filling up the DagBag from /home/airflow/.local/lib/python3.7/site-packages/airflow/example_dags/tutorial_dag.py
[2023-07-27T01:57:58.548+0000] {processor.py:836} INFO - DAG(s) dict_keys(['tutorial_dag']) retrieved from /home/airflow/.local/lib/python3.7/site-packages/airflow/example_dags/tutorial_dag.py
[2023-07-27T01:57:58.575+0000] {logging_mixin.py:150} INFO - [2023-07-27T01:57:58.575+0000] {dag.py:2742} INFO - Sync 1 DAGs
[2023-07-27T01:57:58.604+0000] {logging_mixin.py:150} INFO - [2023-07-27T01:57:58.604+0000] {dag.py:3508} INFO - Setting next_dagrun for tutorial_dag to None, run_after=None
[2023-07-27T01:57:58.628+0000] {processor.py:179} INFO - Processing /home/airflow/.local/lib/python3.7/site-packages/airflow/example_dags/tutorial_dag.py took 0.091 seconds
[2023-07-27T01:58:28.675+0000] {processor.py:157} INFO - Started process (PID=4654) to work on /home/airflow/.local/lib/python3.7/site-packages/airflow/example_dags/tutorial_dag.py
[2023-07-27T01:58:28.677+0000] {processor.py:826} INFO - Processing file /home/airflow/.local/lib/python3.7/site-packages/airflow/example_dags/tutorial_dag.py for tasks to queue
[2023-07-27T01:58:28.678+0000] {logging_mixin.py:150} INFO - [2023-07-27T01:58:28.678+0000] {dagbag.py:541} INFO - Filling up the DagBag from /home/airflow/.local/lib/python3.7/site-packages/airflow/example_dags/tutorial_dag.py
[2023-07-27T01:58:28.684+0000] {processor.py:836} INFO - DAG(s) dict_keys(['tutorial_dag']) retrieved from /home/airflow/.local/lib/python3.7/site-packages/airflow/example_dags/tutorial_dag.py
[2023-07-27T01:58:28.711+0000] {logging_mixin.py:150} INFO - [2023-07-27T01:58:28.711+0000] {dag.py:2742} INFO - Sync 1 DAGs
[2023-07-27T01:58:28.740+0000] {logging_mixin.py:150} INFO - [2023-07-27T01:58:28.740+0000] {dag.py:3508} INFO - Setting next_dagrun for tutorial_dag to None, run_after=None
[2023-07-27T01:58:28.763+0000] {processor.py:179} INFO - Processing /home/airflow/.local/lib/python3.7/site-packages/airflow/example_dags/tutorial_dag.py took 0.091 seconds
[2023-07-27T01:58:59.021+0000] {processor.py:157} INFO - Started process (PID=4714) to work on /home/airflow/.local/lib/python3.7/site-packages/airflow/example_dags/tutorial_dag.py
[2023-07-27T01:58:59.022+0000] {processor.py:826} INFO - Processing file /home/airflow/.local/lib/python3.7/site-packages/airflow/example_dags/tutorial_dag.py for tasks to queue
[2023-07-27T01:58:59.024+0000] {logging_mixin.py:150} INFO - [2023-07-27T01:58:59.023+0000] {dagbag.py:541} INFO - Filling up the DagBag from /home/airflow/.local/lib/python3.7/site-packages/airflow/example_dags/tutorial_dag.py
[2023-07-27T01:58:59.029+0000] {processor.py:836} INFO - DAG(s) dict_keys(['tutorial_dag']) retrieved from /home/airflow/.local/lib/python3.7/site-packages/airflow/example_dags/tutorial_dag.py
[2023-07-27T01:58:59.055+0000] {logging_mixin.py:150} INFO - [2023-07-27T01:58:59.055+0000] {dag.py:2742} INFO - Sync 1 DAGs
[2023-07-27T01:58:59.083+0000] {logging_mixin.py:150} INFO - [2023-07-27T01:58:59.082+0000] {dag.py:3508} INFO - Setting next_dagrun for tutorial_dag to None, run_after=None
[2023-07-27T01:58:59.115+0000] {processor.py:179} INFO - Processing /home/airflow/.local/lib/python3.7/site-packages/airflow/example_dags/tutorial_dag.py took 0.097 seconds
[2023-07-27T01:59:29.334+0000] {processor.py:157} INFO - Started process (PID=4774) to work on /home/airflow/.local/lib/python3.7/site-packages/airflow/example_dags/tutorial_dag.py
[2023-07-27T01:59:29.335+0000] {processor.py:826} INFO - Processing file /home/airflow/.local/lib/python3.7/site-packages/airflow/example_dags/tutorial_dag.py for tasks to queue
[2023-07-27T01:59:29.337+0000] {logging_mixin.py:150} INFO - [2023-07-27T01:59:29.336+0000] {dagbag.py:541} INFO - Filling up the DagBag from /home/airflow/.local/lib/python3.7/site-packages/airflow/example_dags/tutorial_dag.py
[2023-07-27T01:59:29.342+0000] {processor.py:836} INFO - DAG(s) dict_keys(['tutorial_dag']) retrieved from /home/airflow/.local/lib/python3.7/site-packages/airflow/example_dags/tutorial_dag.py
[2023-07-27T01:59:29.371+0000] {logging_mixin.py:150} INFO - [2023-07-27T01:59:29.370+0000] {dag.py:2742} INFO - Sync 1 DAGs
[2023-07-27T01:59:29.400+0000] {logging_mixin.py:150} INFO - [2023-07-27T01:59:29.400+0000] {dag.py:3508} INFO - Setting next_dagrun for tutorial_dag to None, run_after=None
[2023-07-27T01:59:29.427+0000] {processor.py:179} INFO - Processing /home/airflow/.local/lib/python3.7/site-packages/airflow/example_dags/tutorial_dag.py took 0.097 seconds
[2023-07-27T02:00:00.058+0000] {processor.py:157} INFO - Started process (PID=4834) to work on /home/airflow/.local/lib/python3.7/site-packages/airflow/example_dags/tutorial_dag.py
[2023-07-27T02:00:00.059+0000] {processor.py:826} INFO - Processing file /home/airflow/.local/lib/python3.7/site-packages/airflow/example_dags/tutorial_dag.py for tasks to queue
[2023-07-27T02:00:00.060+0000] {logging_mixin.py:150} INFO - [2023-07-27T02:00:00.060+0000] {dagbag.py:541} INFO - Filling up the DagBag from /home/airflow/.local/lib/python3.7/site-packages/airflow/example_dags/tutorial_dag.py
[2023-07-27T02:00:00.066+0000] {processor.py:836} INFO - DAG(s) dict_keys(['tutorial_dag']) retrieved from /home/airflow/.local/lib/python3.7/site-packages/airflow/example_dags/tutorial_dag.py
[2023-07-27T02:00:00.092+0000] {logging_mixin.py:150} INFO - [2023-07-27T02:00:00.092+0000] {dag.py:2742} INFO - Sync 1 DAGs
[2023-07-27T02:00:00.120+0000] {logging_mixin.py:150} INFO - [2023-07-27T02:00:00.120+0000] {dag.py:3508} INFO - Setting next_dagrun for tutorial_dag to None, run_after=None
[2023-07-27T02:00:00.146+0000] {processor.py:179} INFO - Processing /home/airflow/.local/lib/python3.7/site-packages/airflow/example_dags/tutorial_dag.py took 0.092 seconds
[2023-07-27T02:00:31.031+0000] {processor.py:157} INFO - Started process (PID=4894) to work on /home/airflow/.local/lib/python3.7/site-packages/airflow/example_dags/tutorial_dag.py
[2023-07-27T02:00:31.032+0000] {processor.py:826} INFO - Processing file /home/airflow/.local/lib/python3.7/site-packages/airflow/example_dags/tutorial_dag.py for tasks to queue
[2023-07-27T02:00:31.033+0000] {logging_mixin.py:150} INFO - [2023-07-27T02:00:31.033+0000] {dagbag.py:541} INFO - Filling up the DagBag from /home/airflow/.local/lib/python3.7/site-packages/airflow/example_dags/tutorial_dag.py
[2023-07-27T02:00:31.039+0000] {processor.py:836} INFO - DAG(s) dict_keys(['tutorial_dag']) retrieved from /home/airflow/.local/lib/python3.7/site-packages/airflow/example_dags/tutorial_dag.py
[2023-07-27T02:00:31.065+0000] {logging_mixin.py:150} INFO - [2023-07-27T02:00:31.065+0000] {dag.py:2742} INFO - Sync 1 DAGs
[2023-07-27T02:00:31.093+0000] {logging_mixin.py:150} INFO - [2023-07-27T02:00:31.093+0000] {dag.py:3508} INFO - Setting next_dagrun for tutorial_dag to None, run_after=None
[2023-07-27T02:00:31.117+0000] {processor.py:179} INFO - Processing /home/airflow/.local/lib/python3.7/site-packages/airflow/example_dags/tutorial_dag.py took 0.090 seconds
[2023-07-27T02:01:01.186+0000] {processor.py:157} INFO - Started process (PID=4954) to work on /home/airflow/.local/lib/python3.7/site-packages/airflow/example_dags/tutorial_dag.py
[2023-07-27T02:01:01.187+0000] {processor.py:826} INFO - Processing file /home/airflow/.local/lib/python3.7/site-packages/airflow/example_dags/tutorial_dag.py for tasks to queue
[2023-07-27T02:01:01.188+0000] {logging_mixin.py:150} INFO - [2023-07-27T02:01:01.188+0000] {dagbag.py:541} INFO - Filling up the DagBag from /home/airflow/.local/lib/python3.7/site-packages/airflow/example_dags/tutorial_dag.py
[2023-07-27T02:01:01.194+0000] {processor.py:836} INFO - DAG(s) dict_keys(['tutorial_dag']) retrieved from /home/airflow/.local/lib/python3.7/site-packages/airflow/example_dags/tutorial_dag.py
[2023-07-27T02:01:01.219+0000] {logging_mixin.py:150} INFO - [2023-07-27T02:01:01.219+0000] {dag.py:2742} INFO - Sync 1 DAGs
[2023-07-27T02:01:01.246+0000] {logging_mixin.py:150} INFO - [2023-07-27T02:01:01.246+0000] {dag.py:3508} INFO - Setting next_dagrun for tutorial_dag to None, run_after=None
[2023-07-27T02:01:01.268+0000] {processor.py:179} INFO - Processing /home/airflow/.local/lib/python3.7/site-packages/airflow/example_dags/tutorial_dag.py took 0.086 seconds
[2023-07-27T02:01:31.540+0000] {processor.py:157} INFO - Started process (PID=5014) to work on /home/airflow/.local/lib/python3.7/site-packages/airflow/example_dags/tutorial_dag.py
[2023-07-27T02:01:31.541+0000] {processor.py:826} INFO - Processing file /home/airflow/.local/lib/python3.7/site-packages/airflow/example_dags/tutorial_dag.py for tasks to queue
[2023-07-27T02:01:31.542+0000] {logging_mixin.py:150} INFO - [2023-07-27T02:01:31.542+0000] {dagbag.py:541} INFO - Filling up the DagBag from /home/airflow/.local/lib/python3.7/site-packages/airflow/example_dags/tutorial_dag.py
[2023-07-27T02:01:31.547+0000] {processor.py:836} INFO - DAG(s) dict_keys(['tutorial_dag']) retrieved from /home/airflow/.local/lib/python3.7/site-packages/airflow/example_dags/tutorial_dag.py
[2023-07-27T02:01:31.573+0000] {logging_mixin.py:150} INFO - [2023-07-27T02:01:31.573+0000] {dag.py:2742} INFO - Sync 1 DAGs
[2023-07-27T02:01:31.602+0000] {logging_mixin.py:150} INFO - [2023-07-27T02:01:31.602+0000] {dag.py:3508} INFO - Setting next_dagrun for tutorial_dag to None, run_after=None
[2023-07-27T02:01:31.625+0000] {processor.py:179} INFO - Processing /home/airflow/.local/lib/python3.7/site-packages/airflow/example_dags/tutorial_dag.py took 0.089 seconds
[2023-07-27T02:02:01.661+0000] {processor.py:157} INFO - Started process (PID=5073) to work on /home/airflow/.local/lib/python3.7/site-packages/airflow/example_dags/tutorial_dag.py
[2023-07-27T02:02:01.662+0000] {processor.py:826} INFO - Processing file /home/airflow/.local/lib/python3.7/site-packages/airflow/example_dags/tutorial_dag.py for tasks to queue
[2023-07-27T02:02:01.663+0000] {logging_mixin.py:150} INFO - [2023-07-27T02:02:01.663+0000] {dagbag.py:541} INFO - Filling up the DagBag from /home/airflow/.local/lib/python3.7/site-packages/airflow/example_dags/tutorial_dag.py
[2023-07-27T02:02:01.668+0000] {processor.py:836} INFO - DAG(s) dict_keys(['tutorial_dag']) retrieved from /home/airflow/.local/lib/python3.7/site-packages/airflow/example_dags/tutorial_dag.py
[2023-07-27T02:02:01.694+0000] {logging_mixin.py:150} INFO - [2023-07-27T02:02:01.694+0000] {dag.py:2742} INFO - Sync 1 DAGs
[2023-07-27T02:02:01.723+0000] {logging_mixin.py:150} INFO - [2023-07-27T02:02:01.723+0000] {dag.py:3508} INFO - Setting next_dagrun for tutorial_dag to None, run_after=None
[2023-07-27T02:02:01.747+0000] {processor.py:179} INFO - Processing /home/airflow/.local/lib/python3.7/site-packages/airflow/example_dags/tutorial_dag.py took 0.090 seconds
[2023-07-27T02:02:31.875+0000] {processor.py:157} INFO - Started process (PID=5134) to work on /home/airflow/.local/lib/python3.7/site-packages/airflow/example_dags/tutorial_dag.py
[2023-07-27T02:02:31.876+0000] {processor.py:826} INFO - Processing file /home/airflow/.local/lib/python3.7/site-packages/airflow/example_dags/tutorial_dag.py for tasks to queue
[2023-07-27T02:02:31.877+0000] {logging_mixin.py:150} INFO - [2023-07-27T02:02:31.877+0000] {dagbag.py:541} INFO - Filling up the DagBag from /home/airflow/.local/lib/python3.7/site-packages/airflow/example_dags/tutorial_dag.py
[2023-07-27T02:02:31.882+0000] {processor.py:836} INFO - DAG(s) dict_keys(['tutorial_dag']) retrieved from /home/airflow/.local/lib/python3.7/site-packages/airflow/example_dags/tutorial_dag.py
[2023-07-27T02:02:31.908+0000] {logging_mixin.py:150} INFO - [2023-07-27T02:02:31.908+0000] {dag.py:2742} INFO - Sync 1 DAGs
[2023-07-27T02:02:31.936+0000] {logging_mixin.py:150} INFO - [2023-07-27T02:02:31.935+0000] {dag.py:3508} INFO - Setting next_dagrun for tutorial_dag to None, run_after=None
[2023-07-27T02:02:31.965+0000] {processor.py:179} INFO - Processing /home/airflow/.local/lib/python3.7/site-packages/airflow/example_dags/tutorial_dag.py took 0.094 seconds
[2023-07-27T02:03:02.110+0000] {processor.py:157} INFO - Started process (PID=5194) to work on /home/airflow/.local/lib/python3.7/site-packages/airflow/example_dags/tutorial_dag.py
[2023-07-27T02:03:02.112+0000] {processor.py:826} INFO - Processing file /home/airflow/.local/lib/python3.7/site-packages/airflow/example_dags/tutorial_dag.py for tasks to queue
[2023-07-27T02:03:02.113+0000] {logging_mixin.py:150} INFO - [2023-07-27T02:03:02.112+0000] {dagbag.py:541} INFO - Filling up the DagBag from /home/airflow/.local/lib/python3.7/site-packages/airflow/example_dags/tutorial_dag.py
[2023-07-27T02:03:02.118+0000] {processor.py:836} INFO - DAG(s) dict_keys(['tutorial_dag']) retrieved from /home/airflow/.local/lib/python3.7/site-packages/airflow/example_dags/tutorial_dag.py
[2023-07-27T02:03:02.145+0000] {logging_mixin.py:150} INFO - [2023-07-27T02:03:02.145+0000] {dag.py:2742} INFO - Sync 1 DAGs
[2023-07-27T02:03:02.175+0000] {logging_mixin.py:150} INFO - [2023-07-27T02:03:02.175+0000] {dag.py:3508} INFO - Setting next_dagrun for tutorial_dag to None, run_after=None
[2023-07-27T02:03:02.206+0000] {processor.py:179} INFO - Processing /home/airflow/.local/lib/python3.7/site-packages/airflow/example_dags/tutorial_dag.py took 0.099 seconds
[2023-07-27T02:03:32.480+0000] {processor.py:157} INFO - Started process (PID=5255) to work on /home/airflow/.local/lib/python3.7/site-packages/airflow/example_dags/tutorial_dag.py
[2023-07-27T02:03:32.481+0000] {processor.py:826} INFO - Processing file /home/airflow/.local/lib/python3.7/site-packages/airflow/example_dags/tutorial_dag.py for tasks to queue
[2023-07-27T02:03:32.483+0000] {logging_mixin.py:150} INFO - [2023-07-27T02:03:32.482+0000] {dagbag.py:541} INFO - Filling up the DagBag from /home/airflow/.local/lib/python3.7/site-packages/airflow/example_dags/tutorial_dag.py
[2023-07-27T02:03:32.495+0000] {processor.py:836} INFO - DAG(s) dict_keys(['tutorial_dag']) retrieved from /home/airflow/.local/lib/python3.7/site-packages/airflow/example_dags/tutorial_dag.py
[2023-07-27T02:03:32.520+0000] {logging_mixin.py:150} INFO - [2023-07-27T02:03:32.520+0000] {dag.py:2742} INFO - Sync 1 DAGs
[2023-07-27T02:03:32.548+0000] {logging_mixin.py:150} INFO - [2023-07-27T02:03:32.547+0000] {dag.py:3508} INFO - Setting next_dagrun for tutorial_dag to None, run_after=None
[2023-07-27T02:03:32.575+0000] {processor.py:179} INFO - Processing /home/airflow/.local/lib/python3.7/site-packages/airflow/example_dags/tutorial_dag.py took 0.099 seconds
[2023-07-27T02:04:03.017+0000] {processor.py:157} INFO - Started process (PID=5315) to work on /home/airflow/.local/lib/python3.7/site-packages/airflow/example_dags/tutorial_dag.py
[2023-07-27T02:04:03.018+0000] {processor.py:826} INFO - Processing file /home/airflow/.local/lib/python3.7/site-packages/airflow/example_dags/tutorial_dag.py for tasks to queue
[2023-07-27T02:04:03.019+0000] {logging_mixin.py:150} INFO - [2023-07-27T02:04:03.019+0000] {dagbag.py:541} INFO - Filling up the DagBag from /home/airflow/.local/lib/python3.7/site-packages/airflow/example_dags/tutorial_dag.py
[2023-07-27T02:04:03.024+0000] {processor.py:836} INFO - DAG(s) dict_keys(['tutorial_dag']) retrieved from /home/airflow/.local/lib/python3.7/site-packages/airflow/example_dags/tutorial_dag.py
[2023-07-27T02:04:03.049+0000] {logging_mixin.py:150} INFO - [2023-07-27T02:04:03.049+0000] {dag.py:2742} INFO - Sync 1 DAGs
[2023-07-27T02:04:03.077+0000] {logging_mixin.py:150} INFO - [2023-07-27T02:04:03.076+0000] {dag.py:3508} INFO - Setting next_dagrun for tutorial_dag to None, run_after=None
[2023-07-27T02:04:03.100+0000] {processor.py:179} INFO - Processing /home/airflow/.local/lib/python3.7/site-packages/airflow/example_dags/tutorial_dag.py took 0.087 seconds
[2023-07-27T02:04:33.272+0000] {processor.py:157} INFO - Started process (PID=5375) to work on /home/airflow/.local/lib/python3.7/site-packages/airflow/example_dags/tutorial_dag.py
[2023-07-27T02:04:33.273+0000] {processor.py:826} INFO - Processing file /home/airflow/.local/lib/python3.7/site-packages/airflow/example_dags/tutorial_dag.py for tasks to queue
[2023-07-27T02:04:33.274+0000] {logging_mixin.py:150} INFO - [2023-07-27T02:04:33.274+0000] {dagbag.py:541} INFO - Filling up the DagBag from /home/airflow/.local/lib/python3.7/site-packages/airflow/example_dags/tutorial_dag.py
[2023-07-27T02:04:33.280+0000] {processor.py:836} INFO - DAG(s) dict_keys(['tutorial_dag']) retrieved from /home/airflow/.local/lib/python3.7/site-packages/airflow/example_dags/tutorial_dag.py
[2023-07-27T02:04:33.305+0000] {logging_mixin.py:150} INFO - [2023-07-27T02:04:33.305+0000] {dag.py:2742} INFO - Sync 1 DAGs
[2023-07-27T02:04:33.334+0000] {logging_mixin.py:150} INFO - [2023-07-27T02:04:33.334+0000] {dag.py:3508} INFO - Setting next_dagrun for tutorial_dag to None, run_after=None
[2023-07-27T02:04:33.358+0000] {processor.py:179} INFO - Processing /home/airflow/.local/lib/python3.7/site-packages/airflow/example_dags/tutorial_dag.py took 0.090 seconds
[2023-07-27T02:05:03.661+0000] {processor.py:157} INFO - Started process (PID=5435) to work on /home/airflow/.local/lib/python3.7/site-packages/airflow/example_dags/tutorial_dag.py
[2023-07-27T02:05:03.662+0000] {processor.py:826} INFO - Processing file /home/airflow/.local/lib/python3.7/site-packages/airflow/example_dags/tutorial_dag.py for tasks to queue
[2023-07-27T02:05:03.663+0000] {logging_mixin.py:150} INFO - [2023-07-27T02:05:03.663+0000] {dagbag.py:541} INFO - Filling up the DagBag from /home/airflow/.local/lib/python3.7/site-packages/airflow/example_dags/tutorial_dag.py
[2023-07-27T02:05:03.669+0000] {processor.py:836} INFO - DAG(s) dict_keys(['tutorial_dag']) retrieved from /home/airflow/.local/lib/python3.7/site-packages/airflow/example_dags/tutorial_dag.py
[2023-07-27T02:05:03.694+0000] {logging_mixin.py:150} INFO - [2023-07-27T02:05:03.694+0000] {dag.py:2742} INFO - Sync 1 DAGs
[2023-07-27T02:05:03.722+0000] {logging_mixin.py:150} INFO - [2023-07-27T02:05:03.721+0000] {dag.py:3508} INFO - Setting next_dagrun for tutorial_dag to None, run_after=None
[2023-07-27T02:05:03.744+0000] {processor.py:179} INFO - Processing /home/airflow/.local/lib/python3.7/site-packages/airflow/example_dags/tutorial_dag.py took 0.086 seconds
[2023-07-27T02:05:34.323+0000] {processor.py:157} INFO - Started process (PID=5496) to work on /home/airflow/.local/lib/python3.7/site-packages/airflow/example_dags/tutorial_dag.py
[2023-07-27T02:05:34.324+0000] {processor.py:826} INFO - Processing file /home/airflow/.local/lib/python3.7/site-packages/airflow/example_dags/tutorial_dag.py for tasks to queue
[2023-07-27T02:05:34.326+0000] {logging_mixin.py:150} INFO - [2023-07-27T02:05:34.325+0000] {dagbag.py:541} INFO - Filling up the DagBag from /home/airflow/.local/lib/python3.7/site-packages/airflow/example_dags/tutorial_dag.py
[2023-07-27T02:05:34.331+0000] {processor.py:836} INFO - DAG(s) dict_keys(['tutorial_dag']) retrieved from /home/airflow/.local/lib/python3.7/site-packages/airflow/example_dags/tutorial_dag.py
[2023-07-27T02:05:34.357+0000] {logging_mixin.py:150} INFO - [2023-07-27T02:05:34.356+0000] {dag.py:2742} INFO - Sync 1 DAGs
[2023-07-27T02:05:34.385+0000] {logging_mixin.py:150} INFO - [2023-07-27T02:05:34.385+0000] {dag.py:3508} INFO - Setting next_dagrun for tutorial_dag to None, run_after=None
[2023-07-27T02:05:34.519+0000] {processor.py:179} INFO - Processing /home/airflow/.local/lib/python3.7/site-packages/airflow/example_dags/tutorial_dag.py took 0.199 seconds
[2023-07-27T02:06:04.689+0000] {processor.py:157} INFO - Started process (PID=5555) to work on /home/airflow/.local/lib/python3.7/site-packages/airflow/example_dags/tutorial_dag.py
[2023-07-27T02:06:04.690+0000] {processor.py:826} INFO - Processing file /home/airflow/.local/lib/python3.7/site-packages/airflow/example_dags/tutorial_dag.py for tasks to queue
[2023-07-27T02:06:04.691+0000] {logging_mixin.py:150} INFO - [2023-07-27T02:06:04.691+0000] {dagbag.py:541} INFO - Filling up the DagBag from /home/airflow/.local/lib/python3.7/site-packages/airflow/example_dags/tutorial_dag.py
[2023-07-27T02:06:04.696+0000] {processor.py:836} INFO - DAG(s) dict_keys(['tutorial_dag']) retrieved from /home/airflow/.local/lib/python3.7/site-packages/airflow/example_dags/tutorial_dag.py
[2023-07-27T02:06:04.722+0000] {logging_mixin.py:150} INFO - [2023-07-27T02:06:04.722+0000] {dag.py:2742} INFO - Sync 1 DAGs
[2023-07-27T02:06:04.750+0000] {logging_mixin.py:150} INFO - [2023-07-27T02:06:04.750+0000] {dag.py:3508} INFO - Setting next_dagrun for tutorial_dag to None, run_after=None
[2023-07-27T02:06:04.773+0000] {processor.py:179} INFO - Processing /home/airflow/.local/lib/python3.7/site-packages/airflow/example_dags/tutorial_dag.py took 0.088 seconds
[2023-07-27T02:06:35.312+0000] {processor.py:157} INFO - Started process (PID=5615) to work on /home/airflow/.local/lib/python3.7/site-packages/airflow/example_dags/tutorial_dag.py
[2023-07-27T02:06:35.313+0000] {processor.py:826} INFO - Processing file /home/airflow/.local/lib/python3.7/site-packages/airflow/example_dags/tutorial_dag.py for tasks to queue
[2023-07-27T02:06:35.315+0000] {logging_mixin.py:150} INFO - [2023-07-27T02:06:35.314+0000] {dagbag.py:541} INFO - Filling up the DagBag from /home/airflow/.local/lib/python3.7/site-packages/airflow/example_dags/tutorial_dag.py
[2023-07-27T02:06:35.320+0000] {processor.py:836} INFO - DAG(s) dict_keys(['tutorial_dag']) retrieved from /home/airflow/.local/lib/python3.7/site-packages/airflow/example_dags/tutorial_dag.py
[2023-07-27T02:06:35.346+0000] {logging_mixin.py:150} INFO - [2023-07-27T02:06:35.346+0000] {dag.py:2742} INFO - Sync 1 DAGs
[2023-07-27T02:06:35.374+0000] {logging_mixin.py:150} INFO - [2023-07-27T02:06:35.374+0000] {dag.py:3508} INFO - Setting next_dagrun for tutorial_dag to None, run_after=None
[2023-07-27T02:06:35.397+0000] {processor.py:179} INFO - Processing /home/airflow/.local/lib/python3.7/site-packages/airflow/example_dags/tutorial_dag.py took 0.088 seconds
[2023-07-27T02:07:06.023+0000] {processor.py:157} INFO - Started process (PID=5675) to work on /home/airflow/.local/lib/python3.7/site-packages/airflow/example_dags/tutorial_dag.py
[2023-07-27T02:07:06.024+0000] {processor.py:826} INFO - Processing file /home/airflow/.local/lib/python3.7/site-packages/airflow/example_dags/tutorial_dag.py for tasks to queue
[2023-07-27T02:07:06.026+0000] {logging_mixin.py:150} INFO - [2023-07-27T02:07:06.025+0000] {dagbag.py:541} INFO - Filling up the DagBag from /home/airflow/.local/lib/python3.7/site-packages/airflow/example_dags/tutorial_dag.py
[2023-07-27T02:07:06.034+0000] {processor.py:836} INFO - DAG(s) dict_keys(['tutorial_dag']) retrieved from /home/airflow/.local/lib/python3.7/site-packages/airflow/example_dags/tutorial_dag.py
[2023-07-27T02:07:06.078+0000] {logging_mixin.py:150} INFO - [2023-07-27T02:07:06.078+0000] {dag.py:2742} INFO - Sync 1 DAGs
[2023-07-27T02:07:06.118+0000] {logging_mixin.py:150} INFO - [2023-07-27T02:07:06.118+0000] {dag.py:3508} INFO - Setting next_dagrun for tutorial_dag to None, run_after=None
[2023-07-27T02:07:06.145+0000] {processor.py:179} INFO - Processing /home/airflow/.local/lib/python3.7/site-packages/airflow/example_dags/tutorial_dag.py took 0.125 seconds
[2023-07-27T02:07:36.930+0000] {processor.py:157} INFO - Started process (PID=5735) to work on /home/airflow/.local/lib/python3.7/site-packages/airflow/example_dags/tutorial_dag.py
[2023-07-27T02:07:36.931+0000] {processor.py:826} INFO - Processing file /home/airflow/.local/lib/python3.7/site-packages/airflow/example_dags/tutorial_dag.py for tasks to queue
[2023-07-27T02:07:36.932+0000] {logging_mixin.py:150} INFO - [2023-07-27T02:07:36.932+0000] {dagbag.py:541} INFO - Filling up the DagBag from /home/airflow/.local/lib/python3.7/site-packages/airflow/example_dags/tutorial_dag.py
[2023-07-27T02:07:36.939+0000] {processor.py:836} INFO - DAG(s) dict_keys(['tutorial_dag']) retrieved from /home/airflow/.local/lib/python3.7/site-packages/airflow/example_dags/tutorial_dag.py
[2023-07-27T02:07:36.980+0000] {logging_mixin.py:150} INFO - [2023-07-27T02:07:36.980+0000] {dag.py:2742} INFO - Sync 1 DAGs
[2023-07-27T02:07:37.015+0000] {logging_mixin.py:150} INFO - [2023-07-27T02:07:37.015+0000] {dag.py:3508} INFO - Setting next_dagrun for tutorial_dag to None, run_after=None
[2023-07-27T02:07:37.179+0000] {processor.py:179} INFO - Processing /home/airflow/.local/lib/python3.7/site-packages/airflow/example_dags/tutorial_dag.py took 0.256 seconds
[2023-07-27T02:08:08.058+0000] {processor.py:157} INFO - Started process (PID=5795) to work on /home/airflow/.local/lib/python3.7/site-packages/airflow/example_dags/tutorial_dag.py
[2023-07-27T02:08:08.060+0000] {processor.py:826} INFO - Processing file /home/airflow/.local/lib/python3.7/site-packages/airflow/example_dags/tutorial_dag.py for tasks to queue
[2023-07-27T02:08:08.062+0000] {logging_mixin.py:150} INFO - [2023-07-27T02:08:08.061+0000] {dagbag.py:541} INFO - Filling up the DagBag from /home/airflow/.local/lib/python3.7/site-packages/airflow/example_dags/tutorial_dag.py
[2023-07-27T02:08:08.069+0000] {processor.py:836} INFO - DAG(s) dict_keys(['tutorial_dag']) retrieved from /home/airflow/.local/lib/python3.7/site-packages/airflow/example_dags/tutorial_dag.py
[2023-07-27T02:08:08.102+0000] {logging_mixin.py:150} INFO - [2023-07-27T02:08:08.102+0000] {dag.py:2742} INFO - Sync 1 DAGs
[2023-07-27T02:08:08.133+0000] {logging_mixin.py:150} INFO - [2023-07-27T02:08:08.133+0000] {dag.py:3508} INFO - Setting next_dagrun for tutorial_dag to None, run_after=None
[2023-07-27T02:08:08.160+0000] {processor.py:179} INFO - Processing /home/airflow/.local/lib/python3.7/site-packages/airflow/example_dags/tutorial_dag.py took 0.106 seconds
[2023-07-27T02:08:38.491+0000] {processor.py:157} INFO - Started process (PID=5856) to work on /home/airflow/.local/lib/python3.7/site-packages/airflow/example_dags/tutorial_dag.py
[2023-07-27T02:08:38.492+0000] {processor.py:826} INFO - Processing file /home/airflow/.local/lib/python3.7/site-packages/airflow/example_dags/tutorial_dag.py for tasks to queue
[2023-07-27T02:08:38.493+0000] {logging_mixin.py:150} INFO - [2023-07-27T02:08:38.493+0000] {dagbag.py:541} INFO - Filling up the DagBag from /home/airflow/.local/lib/python3.7/site-packages/airflow/example_dags/tutorial_dag.py
[2023-07-27T02:08:38.499+0000] {processor.py:836} INFO - DAG(s) dict_keys(['tutorial_dag']) retrieved from /home/airflow/.local/lib/python3.7/site-packages/airflow/example_dags/tutorial_dag.py
[2023-07-27T02:08:38.526+0000] {logging_mixin.py:150} INFO - [2023-07-27T02:08:38.526+0000] {dag.py:2742} INFO - Sync 1 DAGs
[2023-07-27T02:08:38.556+0000] {logging_mixin.py:150} INFO - [2023-07-27T02:08:38.556+0000] {dag.py:3508} INFO - Setting next_dagrun for tutorial_dag to None, run_after=None
[2023-07-27T02:08:38.588+0000] {processor.py:179} INFO - Processing /home/airflow/.local/lib/python3.7/site-packages/airflow/example_dags/tutorial_dag.py took 0.100 seconds
[2023-07-27T02:09:08.984+0000] {processor.py:157} INFO - Started process (PID=5916) to work on /home/airflow/.local/lib/python3.7/site-packages/airflow/example_dags/tutorial_dag.py
[2023-07-27T02:09:08.986+0000] {processor.py:826} INFO - Processing file /home/airflow/.local/lib/python3.7/site-packages/airflow/example_dags/tutorial_dag.py for tasks to queue
[2023-07-27T02:09:08.987+0000] {logging_mixin.py:150} INFO - [2023-07-27T02:09:08.986+0000] {dagbag.py:541} INFO - Filling up the DagBag from /home/airflow/.local/lib/python3.7/site-packages/airflow/example_dags/tutorial_dag.py
[2023-07-27T02:09:08.993+0000] {processor.py:836} INFO - DAG(s) dict_keys(['tutorial_dag']) retrieved from /home/airflow/.local/lib/python3.7/site-packages/airflow/example_dags/tutorial_dag.py
[2023-07-27T02:09:09.019+0000] {logging_mixin.py:150} INFO - [2023-07-27T02:09:09.019+0000] {dag.py:2742} INFO - Sync 1 DAGs
[2023-07-27T02:09:09.155+0000] {logging_mixin.py:150} INFO - [2023-07-27T02:09:09.154+0000] {dag.py:3508} INFO - Setting next_dagrun for tutorial_dag to None, run_after=None
[2023-07-27T02:09:09.177+0000] {processor.py:179} INFO - Processing /home/airflow/.local/lib/python3.7/site-packages/airflow/example_dags/tutorial_dag.py took 0.196 seconds
[2023-07-27T02:09:39.534+0000] {processor.py:157} INFO - Started process (PID=5976) to work on /home/airflow/.local/lib/python3.7/site-packages/airflow/example_dags/tutorial_dag.py
[2023-07-27T02:09:39.535+0000] {processor.py:826} INFO - Processing file /home/airflow/.local/lib/python3.7/site-packages/airflow/example_dags/tutorial_dag.py for tasks to queue
[2023-07-27T02:09:39.537+0000] {logging_mixin.py:150} INFO - [2023-07-27T02:09:39.537+0000] {dagbag.py:541} INFO - Filling up the DagBag from /home/airflow/.local/lib/python3.7/site-packages/airflow/example_dags/tutorial_dag.py
[2023-07-27T02:09:39.542+0000] {processor.py:836} INFO - DAG(s) dict_keys(['tutorial_dag']) retrieved from /home/airflow/.local/lib/python3.7/site-packages/airflow/example_dags/tutorial_dag.py
[2023-07-27T02:09:39.570+0000] {logging_mixin.py:150} INFO - [2023-07-27T02:09:39.569+0000] {dag.py:2742} INFO - Sync 1 DAGs
[2023-07-27T02:09:39.598+0000] {logging_mixin.py:150} INFO - [2023-07-27T02:09:39.598+0000] {dag.py:3508} INFO - Setting next_dagrun for tutorial_dag to None, run_after=None
[2023-07-27T02:09:39.621+0000] {processor.py:179} INFO - Processing /home/airflow/.local/lib/python3.7/site-packages/airflow/example_dags/tutorial_dag.py took 0.090 seconds
[2023-07-27T02:10:10.083+0000] {processor.py:157} INFO - Started process (PID=6036) to work on /home/airflow/.local/lib/python3.7/site-packages/airflow/example_dags/tutorial_dag.py
[2023-07-27T02:10:10.085+0000] {processor.py:826} INFO - Processing file /home/airflow/.local/lib/python3.7/site-packages/airflow/example_dags/tutorial_dag.py for tasks to queue
[2023-07-27T02:10:10.086+0000] {logging_mixin.py:150} INFO - [2023-07-27T02:10:10.086+0000] {dagbag.py:541} INFO - Filling up the DagBag from /home/airflow/.local/lib/python3.7/site-packages/airflow/example_dags/tutorial_dag.py
[2023-07-27T02:10:10.095+0000] {processor.py:836} INFO - DAG(s) dict_keys(['tutorial_dag']) retrieved from /home/airflow/.local/lib/python3.7/site-packages/airflow/example_dags/tutorial_dag.py
[2023-07-27T02:10:10.127+0000] {logging_mixin.py:150} INFO - [2023-07-27T02:10:10.127+0000] {dag.py:2742} INFO - Sync 1 DAGs
[2023-07-27T02:10:10.274+0000] {logging_mixin.py:150} INFO - [2023-07-27T02:10:10.274+0000] {dag.py:3508} INFO - Setting next_dagrun for tutorial_dag to None, run_after=None
[2023-07-27T02:10:10.307+0000] {processor.py:179} INFO - Processing /home/airflow/.local/lib/python3.7/site-packages/airflow/example_dags/tutorial_dag.py took 0.228 seconds
