[2023-07-27T01:39:05.893+0000] {processor.py:157} INFO - Started process (PID=2350) to work on /home/airflow/.local/lib/python3.7/site-packages/airflow/example_dags/tutorial.py
[2023-07-27T01:39:05.895+0000] {processor.py:826} INFO - Processing file /home/airflow/.local/lib/python3.7/site-packages/airflow/example_dags/tutorial.py for tasks to queue
[2023-07-27T01:39:05.897+0000] {logging_mixin.py:150} INFO - [2023-07-27T01:39:05.897+0000] {dagbag.py:541} INFO - Filling up the DagBag from /home/airflow/.local/lib/python3.7/site-packages/airflow/example_dags/tutorial.py
[2023-07-27T01:39:05.914+0000] {processor.py:836} INFO - DAG(s) dict_keys(['tutorial']) retrieved from /home/airflow/.local/lib/python3.7/site-packages/airflow/example_dags/tutorial.py
[2023-07-27T01:39:05.976+0000] {logging_mixin.py:150} INFO - [2023-07-27T01:39:05.976+0000] {dag.py:2742} INFO - Sync 1 DAGs
[2023-07-27T01:39:06.066+0000] {logging_mixin.py:150} INFO - [2023-07-27T01:39:06.066+0000] {dag.py:3508} INFO - Setting next_dagrun for tutorial to 2023-07-26T01:39:06.065804+00:00, run_after=2023-07-27T01:39:06.065804+00:00
[2023-07-27T01:39:06.138+0000] {processor.py:179} INFO - Processing /home/airflow/.local/lib/python3.7/site-packages/airflow/example_dags/tutorial.py took 0.251 seconds
[2023-07-27T01:39:36.729+0000] {processor.py:157} INFO - Started process (PID=2410) to work on /home/airflow/.local/lib/python3.7/site-packages/airflow/example_dags/tutorial.py
[2023-07-27T01:39:36.730+0000] {processor.py:826} INFO - Processing file /home/airflow/.local/lib/python3.7/site-packages/airflow/example_dags/tutorial.py for tasks to queue
[2023-07-27T01:39:36.731+0000] {logging_mixin.py:150} INFO - [2023-07-27T01:39:36.731+0000] {dagbag.py:541} INFO - Filling up the DagBag from /home/airflow/.local/lib/python3.7/site-packages/airflow/example_dags/tutorial.py
[2023-07-27T01:39:36.738+0000] {processor.py:836} INFO - DAG(s) dict_keys(['tutorial']) retrieved from /home/airflow/.local/lib/python3.7/site-packages/airflow/example_dags/tutorial.py
[2023-07-27T01:39:36.764+0000] {logging_mixin.py:150} INFO - [2023-07-27T01:39:36.764+0000] {dag.py:2742} INFO - Sync 1 DAGs
[2023-07-27T01:39:36.793+0000] {logging_mixin.py:150} INFO - [2023-07-27T01:39:36.792+0000] {dag.py:3508} INFO - Setting next_dagrun for tutorial to 2023-07-26T01:39:36.792653+00:00, run_after=2023-07-27T01:39:36.792653+00:00
[2023-07-27T01:39:36.818+0000] {processor.py:179} INFO - Processing /home/airflow/.local/lib/python3.7/site-packages/airflow/example_dags/tutorial.py took 0.092 seconds
[2023-07-27T01:40:07.163+0000] {processor.py:157} INFO - Started process (PID=2470) to work on /home/airflow/.local/lib/python3.7/site-packages/airflow/example_dags/tutorial.py
[2023-07-27T01:40:07.164+0000] {processor.py:826} INFO - Processing file /home/airflow/.local/lib/python3.7/site-packages/airflow/example_dags/tutorial.py for tasks to queue
[2023-07-27T01:40:07.166+0000] {logging_mixin.py:150} INFO - [2023-07-27T01:40:07.166+0000] {dagbag.py:541} INFO - Filling up the DagBag from /home/airflow/.local/lib/python3.7/site-packages/airflow/example_dags/tutorial.py
[2023-07-27T01:40:07.182+0000] {processor.py:836} INFO - DAG(s) dict_keys(['tutorial']) retrieved from /home/airflow/.local/lib/python3.7/site-packages/airflow/example_dags/tutorial.py
[2023-07-27T01:40:07.259+0000] {logging_mixin.py:150} INFO - [2023-07-27T01:40:07.248+0000] {dag.py:2742} INFO - Sync 1 DAGs
[2023-07-27T01:40:07.342+0000] {logging_mixin.py:150} INFO - [2023-07-27T01:40:07.341+0000] {dag.py:3508} INFO - Setting next_dagrun for tutorial to 2023-07-26T01:40:07.341638+00:00, run_after=2023-07-27T01:40:07.341638+00:00
[2023-07-27T01:40:07.396+0000] {processor.py:179} INFO - Processing /home/airflow/.local/lib/python3.7/site-packages/airflow/example_dags/tutorial.py took 0.238 seconds
[2023-07-27T01:40:37.454+0000] {processor.py:157} INFO - Started process (PID=2530) to work on /home/airflow/.local/lib/python3.7/site-packages/airflow/example_dags/tutorial.py
[2023-07-27T01:40:37.455+0000] {processor.py:826} INFO - Processing file /home/airflow/.local/lib/python3.7/site-packages/airflow/example_dags/tutorial.py for tasks to queue
[2023-07-27T01:40:37.456+0000] {logging_mixin.py:150} INFO - [2023-07-27T01:40:37.456+0000] {dagbag.py:541} INFO - Filling up the DagBag from /home/airflow/.local/lib/python3.7/site-packages/airflow/example_dags/tutorial.py
[2023-07-27T01:40:37.464+0000] {processor.py:836} INFO - DAG(s) dict_keys(['tutorial']) retrieved from /home/airflow/.local/lib/python3.7/site-packages/airflow/example_dags/tutorial.py
[2023-07-27T01:40:37.488+0000] {logging_mixin.py:150} INFO - [2023-07-27T01:40:37.488+0000] {dag.py:2742} INFO - Sync 1 DAGs
[2023-07-27T01:40:37.515+0000] {logging_mixin.py:150} INFO - [2023-07-27T01:40:37.515+0000] {dag.py:3508} INFO - Setting next_dagrun for tutorial to 2023-07-26T01:40:37.515054+00:00, run_after=2023-07-27T01:40:37.515054+00:00
[2023-07-27T01:40:37.537+0000] {processor.py:179} INFO - Processing /home/airflow/.local/lib/python3.7/site-packages/airflow/example_dags/tutorial.py took 0.087 seconds
[2023-07-27T01:41:08.284+0000] {processor.py:157} INFO - Started process (PID=2590) to work on /home/airflow/.local/lib/python3.7/site-packages/airflow/example_dags/tutorial.py
[2023-07-27T01:41:08.285+0000] {processor.py:826} INFO - Processing file /home/airflow/.local/lib/python3.7/site-packages/airflow/example_dags/tutorial.py for tasks to queue
[2023-07-27T01:41:08.286+0000] {logging_mixin.py:150} INFO - [2023-07-27T01:41:08.286+0000] {dagbag.py:541} INFO - Filling up the DagBag from /home/airflow/.local/lib/python3.7/site-packages/airflow/example_dags/tutorial.py
[2023-07-27T01:41:08.293+0000] {processor.py:836} INFO - DAG(s) dict_keys(['tutorial']) retrieved from /home/airflow/.local/lib/python3.7/site-packages/airflow/example_dags/tutorial.py
[2023-07-27T01:41:08.318+0000] {logging_mixin.py:150} INFO - [2023-07-27T01:41:08.318+0000] {dag.py:2742} INFO - Sync 1 DAGs
[2023-07-27T01:41:08.346+0000] {logging_mixin.py:150} INFO - [2023-07-27T01:41:08.346+0000] {dag.py:3508} INFO - Setting next_dagrun for tutorial to 2023-07-26T01:41:08.346074+00:00, run_after=2023-07-27T01:41:08.346074+00:00
[2023-07-27T01:41:08.369+0000] {processor.py:179} INFO - Processing /home/airflow/.local/lib/python3.7/site-packages/airflow/example_dags/tutorial.py took 0.089 seconds
[2023-07-27T01:41:38.497+0000] {processor.py:157} INFO - Started process (PID=2650) to work on /home/airflow/.local/lib/python3.7/site-packages/airflow/example_dags/tutorial.py
[2023-07-27T01:41:38.499+0000] {processor.py:826} INFO - Processing file /home/airflow/.local/lib/python3.7/site-packages/airflow/example_dags/tutorial.py for tasks to queue
[2023-07-27T01:41:38.500+0000] {logging_mixin.py:150} INFO - [2023-07-27T01:41:38.499+0000] {dagbag.py:541} INFO - Filling up the DagBag from /home/airflow/.local/lib/python3.7/site-packages/airflow/example_dags/tutorial.py
[2023-07-27T01:41:38.507+0000] {processor.py:836} INFO - DAG(s) dict_keys(['tutorial']) retrieved from /home/airflow/.local/lib/python3.7/site-packages/airflow/example_dags/tutorial.py
[2023-07-27T01:41:38.532+0000] {logging_mixin.py:150} INFO - [2023-07-27T01:41:38.532+0000] {dag.py:2742} INFO - Sync 1 DAGs
[2023-07-27T01:41:38.560+0000] {logging_mixin.py:150} INFO - [2023-07-27T01:41:38.559+0000] {dag.py:3508} INFO - Setting next_dagrun for tutorial to 2023-07-26T01:41:38.559611+00:00, run_after=2023-07-27T01:41:38.559611+00:00
[2023-07-27T01:41:38.583+0000] {processor.py:179} INFO - Processing /home/airflow/.local/lib/python3.7/site-packages/airflow/example_dags/tutorial.py took 0.090 seconds
[2023-07-27T01:42:09.132+0000] {processor.py:157} INFO - Started process (PID=2702) to work on /home/airflow/.local/lib/python3.7/site-packages/airflow/example_dags/tutorial.py
[2023-07-27T01:42:09.133+0000] {processor.py:826} INFO - Processing file /home/airflow/.local/lib/python3.7/site-packages/airflow/example_dags/tutorial.py for tasks to queue
[2023-07-27T01:42:09.134+0000] {logging_mixin.py:150} INFO - [2023-07-27T01:42:09.134+0000] {dagbag.py:541} INFO - Filling up the DagBag from /home/airflow/.local/lib/python3.7/site-packages/airflow/example_dags/tutorial.py
[2023-07-27T01:42:09.141+0000] {processor.py:836} INFO - DAG(s) dict_keys(['tutorial']) retrieved from /home/airflow/.local/lib/python3.7/site-packages/airflow/example_dags/tutorial.py
[2023-07-27T01:42:09.166+0000] {logging_mixin.py:150} INFO - [2023-07-27T01:42:09.166+0000] {dag.py:2742} INFO - Sync 1 DAGs
[2023-07-27T01:42:09.211+0000] {logging_mixin.py:150} INFO - [2023-07-27T01:42:09.211+0000] {dag.py:3508} INFO - Setting next_dagrun for tutorial to 2023-07-26T01:42:09.210975+00:00, run_after=2023-07-27T01:42:09.210975+00:00
[2023-07-27T01:42:09.241+0000] {processor.py:179} INFO - Processing /home/airflow/.local/lib/python3.7/site-packages/airflow/example_dags/tutorial.py took 0.113 seconds
[2023-07-27T01:42:39.868+0000] {processor.py:157} INFO - Started process (PID=2763) to work on /home/airflow/.local/lib/python3.7/site-packages/airflow/example_dags/tutorial.py
[2023-07-27T01:42:39.870+0000] {processor.py:826} INFO - Processing file /home/airflow/.local/lib/python3.7/site-packages/airflow/example_dags/tutorial.py for tasks to queue
[2023-07-27T01:42:39.871+0000] {logging_mixin.py:150} INFO - [2023-07-27T01:42:39.870+0000] {dagbag.py:541} INFO - Filling up the DagBag from /home/airflow/.local/lib/python3.7/site-packages/airflow/example_dags/tutorial.py
[2023-07-27T01:42:39.878+0000] {processor.py:836} INFO - DAG(s) dict_keys(['tutorial']) retrieved from /home/airflow/.local/lib/python3.7/site-packages/airflow/example_dags/tutorial.py
[2023-07-27T01:42:39.904+0000] {logging_mixin.py:150} INFO - [2023-07-27T01:42:39.904+0000] {dag.py:2742} INFO - Sync 1 DAGs
[2023-07-27T01:42:39.932+0000] {logging_mixin.py:150} INFO - [2023-07-27T01:42:39.931+0000] {dag.py:3508} INFO - Setting next_dagrun for tutorial to 2023-07-26T01:42:39.931535+00:00, run_after=2023-07-27T01:42:39.931535+00:00
[2023-07-27T01:42:39.954+0000] {processor.py:179} INFO - Processing /home/airflow/.local/lib/python3.7/site-packages/airflow/example_dags/tutorial.py took 0.090 seconds
[2023-07-27T01:43:10.563+0000] {processor.py:157} INFO - Started process (PID=2824) to work on /home/airflow/.local/lib/python3.7/site-packages/airflow/example_dags/tutorial.py
[2023-07-27T01:43:10.564+0000] {processor.py:826} INFO - Processing file /home/airflow/.local/lib/python3.7/site-packages/airflow/example_dags/tutorial.py for tasks to queue
[2023-07-27T01:43:10.565+0000] {logging_mixin.py:150} INFO - [2023-07-27T01:43:10.565+0000] {dagbag.py:541} INFO - Filling up the DagBag from /home/airflow/.local/lib/python3.7/site-packages/airflow/example_dags/tutorial.py
[2023-07-27T01:43:10.573+0000] {processor.py:836} INFO - DAG(s) dict_keys(['tutorial']) retrieved from /home/airflow/.local/lib/python3.7/site-packages/airflow/example_dags/tutorial.py
[2023-07-27T01:43:10.597+0000] {logging_mixin.py:150} INFO - [2023-07-27T01:43:10.597+0000] {dag.py:2742} INFO - Sync 1 DAGs
[2023-07-27T01:43:10.624+0000] {logging_mixin.py:150} INFO - [2023-07-27T01:43:10.624+0000] {dag.py:3508} INFO - Setting next_dagrun for tutorial to 2023-07-26T01:43:10.624158+00:00, run_after=2023-07-27T01:43:10.624158+00:00
[2023-07-27T01:43:10.649+0000] {processor.py:179} INFO - Processing /home/airflow/.local/lib/python3.7/site-packages/airflow/example_dags/tutorial.py took 0.089 seconds
[2023-07-27T01:43:41.176+0000] {processor.py:157} INFO - Started process (PID=2884) to work on /home/airflow/.local/lib/python3.7/site-packages/airflow/example_dags/tutorial.py
[2023-07-27T01:43:41.178+0000] {processor.py:826} INFO - Processing file /home/airflow/.local/lib/python3.7/site-packages/airflow/example_dags/tutorial.py for tasks to queue
[2023-07-27T01:43:41.179+0000] {logging_mixin.py:150} INFO - [2023-07-27T01:43:41.178+0000] {dagbag.py:541} INFO - Filling up the DagBag from /home/airflow/.local/lib/python3.7/site-packages/airflow/example_dags/tutorial.py
[2023-07-27T01:43:41.186+0000] {processor.py:836} INFO - DAG(s) dict_keys(['tutorial']) retrieved from /home/airflow/.local/lib/python3.7/site-packages/airflow/example_dags/tutorial.py
[2023-07-27T01:43:41.211+0000] {logging_mixin.py:150} INFO - [2023-07-27T01:43:41.211+0000] {dag.py:2742} INFO - Sync 1 DAGs
[2023-07-27T01:43:41.238+0000] {logging_mixin.py:150} INFO - [2023-07-27T01:43:41.238+0000] {dag.py:3508} INFO - Setting next_dagrun for tutorial to 2023-07-26T01:43:41.238469+00:00, run_after=2023-07-27T01:43:41.238469+00:00
[2023-07-27T01:43:41.290+0000] {processor.py:179} INFO - Processing /home/airflow/.local/lib/python3.7/site-packages/airflow/example_dags/tutorial.py took 0.117 seconds
[2023-07-27T01:44:11.484+0000] {processor.py:157} INFO - Started process (PID=2944) to work on /home/airflow/.local/lib/python3.7/site-packages/airflow/example_dags/tutorial.py
[2023-07-27T01:44:11.485+0000] {processor.py:826} INFO - Processing file /home/airflow/.local/lib/python3.7/site-packages/airflow/example_dags/tutorial.py for tasks to queue
[2023-07-27T01:44:11.486+0000] {logging_mixin.py:150} INFO - [2023-07-27T01:44:11.486+0000] {dagbag.py:541} INFO - Filling up the DagBag from /home/airflow/.local/lib/python3.7/site-packages/airflow/example_dags/tutorial.py
[2023-07-27T01:44:11.494+0000] {processor.py:836} INFO - DAG(s) dict_keys(['tutorial']) retrieved from /home/airflow/.local/lib/python3.7/site-packages/airflow/example_dags/tutorial.py
[2023-07-27T01:44:11.520+0000] {logging_mixin.py:150} INFO - [2023-07-27T01:44:11.519+0000] {dag.py:2742} INFO - Sync 1 DAGs
[2023-07-27T01:44:11.549+0000] {logging_mixin.py:150} INFO - [2023-07-27T01:44:11.549+0000] {dag.py:3508} INFO - Setting next_dagrun for tutorial to 2023-07-26T01:44:11.549244+00:00, run_after=2023-07-27T01:44:11.549244+00:00
[2023-07-27T01:44:11.574+0000] {processor.py:179} INFO - Processing /home/airflow/.local/lib/python3.7/site-packages/airflow/example_dags/tutorial.py took 0.093 seconds
[2023-07-27T01:44:42.325+0000] {processor.py:157} INFO - Started process (PID=3004) to work on /home/airflow/.local/lib/python3.7/site-packages/airflow/example_dags/tutorial.py
[2023-07-27T01:44:42.327+0000] {processor.py:826} INFO - Processing file /home/airflow/.local/lib/python3.7/site-packages/airflow/example_dags/tutorial.py for tasks to queue
[2023-07-27T01:44:42.328+0000] {logging_mixin.py:150} INFO - [2023-07-27T01:44:42.327+0000] {dagbag.py:541} INFO - Filling up the DagBag from /home/airflow/.local/lib/python3.7/site-packages/airflow/example_dags/tutorial.py
[2023-07-27T01:44:42.335+0000] {processor.py:836} INFO - DAG(s) dict_keys(['tutorial']) retrieved from /home/airflow/.local/lib/python3.7/site-packages/airflow/example_dags/tutorial.py
[2023-07-27T01:44:42.360+0000] {logging_mixin.py:150} INFO - [2023-07-27T01:44:42.360+0000] {dag.py:2742} INFO - Sync 1 DAGs
[2023-07-27T01:44:42.387+0000] {logging_mixin.py:150} INFO - [2023-07-27T01:44:42.387+0000] {dag.py:3508} INFO - Setting next_dagrun for tutorial to 2023-07-26T01:44:42.387132+00:00, run_after=2023-07-27T01:44:42.387132+00:00
[2023-07-27T01:44:42.410+0000] {processor.py:179} INFO - Processing /home/airflow/.local/lib/python3.7/site-packages/airflow/example_dags/tutorial.py took 0.088 seconds
[2023-07-27T01:45:12.687+0000] {processor.py:157} INFO - Started process (PID=3064) to work on /home/airflow/.local/lib/python3.7/site-packages/airflow/example_dags/tutorial.py
[2023-07-27T01:45:12.688+0000] {processor.py:826} INFO - Processing file /home/airflow/.local/lib/python3.7/site-packages/airflow/example_dags/tutorial.py for tasks to queue
[2023-07-27T01:45:12.689+0000] {logging_mixin.py:150} INFO - [2023-07-27T01:45:12.689+0000] {dagbag.py:541} INFO - Filling up the DagBag from /home/airflow/.local/lib/python3.7/site-packages/airflow/example_dags/tutorial.py
[2023-07-27T01:45:12.697+0000] {processor.py:836} INFO - DAG(s) dict_keys(['tutorial']) retrieved from /home/airflow/.local/lib/python3.7/site-packages/airflow/example_dags/tutorial.py
[2023-07-27T01:45:12.723+0000] {logging_mixin.py:150} INFO - [2023-07-27T01:45:12.722+0000] {dag.py:2742} INFO - Sync 1 DAGs
[2023-07-27T01:45:12.750+0000] {logging_mixin.py:150} INFO - [2023-07-27T01:45:12.750+0000] {dag.py:3508} INFO - Setting next_dagrun for tutorial to 2023-07-26T01:45:12.750323+00:00, run_after=2023-07-27T01:45:12.750323+00:00
[2023-07-27T01:45:12.774+0000] {processor.py:179} INFO - Processing /home/airflow/.local/lib/python3.7/site-packages/airflow/example_dags/tutorial.py took 0.091 seconds
[2023-07-27T01:45:43.101+0000] {processor.py:157} INFO - Started process (PID=3125) to work on /home/airflow/.local/lib/python3.7/site-packages/airflow/example_dags/tutorial.py
[2023-07-27T01:45:43.102+0000] {processor.py:826} INFO - Processing file /home/airflow/.local/lib/python3.7/site-packages/airflow/example_dags/tutorial.py for tasks to queue
[2023-07-27T01:45:43.103+0000] {logging_mixin.py:150} INFO - [2023-07-27T01:45:43.103+0000] {dagbag.py:541} INFO - Filling up the DagBag from /home/airflow/.local/lib/python3.7/site-packages/airflow/example_dags/tutorial.py
[2023-07-27T01:45:43.110+0000] {processor.py:836} INFO - DAG(s) dict_keys(['tutorial']) retrieved from /home/airflow/.local/lib/python3.7/site-packages/airflow/example_dags/tutorial.py
[2023-07-27T01:45:43.136+0000] {logging_mixin.py:150} INFO - [2023-07-27T01:45:43.135+0000] {dag.py:2742} INFO - Sync 1 DAGs
[2023-07-27T01:45:43.162+0000] {logging_mixin.py:150} INFO - [2023-07-27T01:45:43.162+0000] {dag.py:3508} INFO - Setting next_dagrun for tutorial to 2023-07-26T01:45:43.161839+00:00, run_after=2023-07-27T01:45:43.161839+00:00
[2023-07-27T01:45:43.185+0000] {processor.py:179} INFO - Processing /home/airflow/.local/lib/python3.7/site-packages/airflow/example_dags/tutorial.py took 0.087 seconds
[2023-07-27T01:46:13.342+0000] {processor.py:157} INFO - Started process (PID=3185) to work on /home/airflow/.local/lib/python3.7/site-packages/airflow/example_dags/tutorial.py
[2023-07-27T01:46:13.343+0000] {processor.py:826} INFO - Processing file /home/airflow/.local/lib/python3.7/site-packages/airflow/example_dags/tutorial.py for tasks to queue
[2023-07-27T01:46:13.344+0000] {logging_mixin.py:150} INFO - [2023-07-27T01:46:13.344+0000] {dagbag.py:541} INFO - Filling up the DagBag from /home/airflow/.local/lib/python3.7/site-packages/airflow/example_dags/tutorial.py
[2023-07-27T01:46:13.352+0000] {processor.py:836} INFO - DAG(s) dict_keys(['tutorial']) retrieved from /home/airflow/.local/lib/python3.7/site-packages/airflow/example_dags/tutorial.py
[2023-07-27T01:46:13.377+0000] {logging_mixin.py:150} INFO - [2023-07-27T01:46:13.377+0000] {dag.py:2742} INFO - Sync 1 DAGs
[2023-07-27T01:46:13.406+0000] {logging_mixin.py:150} INFO - [2023-07-27T01:46:13.405+0000] {dag.py:3508} INFO - Setting next_dagrun for tutorial to 2023-07-26T01:46:13.405490+00:00, run_after=2023-07-27T01:46:13.405490+00:00
[2023-07-27T01:46:13.428+0000] {processor.py:179} INFO - Processing /home/airflow/.local/lib/python3.7/site-packages/airflow/example_dags/tutorial.py took 0.089 seconds
[2023-07-27T01:46:43.497+0000] {processor.py:157} INFO - Started process (PID=3245) to work on /home/airflow/.local/lib/python3.7/site-packages/airflow/example_dags/tutorial.py
[2023-07-27T01:46:43.498+0000] {processor.py:826} INFO - Processing file /home/airflow/.local/lib/python3.7/site-packages/airflow/example_dags/tutorial.py for tasks to queue
[2023-07-27T01:46:43.499+0000] {logging_mixin.py:150} INFO - [2023-07-27T01:46:43.499+0000] {dagbag.py:541} INFO - Filling up the DagBag from /home/airflow/.local/lib/python3.7/site-packages/airflow/example_dags/tutorial.py
[2023-07-27T01:46:43.506+0000] {processor.py:836} INFO - DAG(s) dict_keys(['tutorial']) retrieved from /home/airflow/.local/lib/python3.7/site-packages/airflow/example_dags/tutorial.py
[2023-07-27T01:46:43.531+0000] {logging_mixin.py:150} INFO - [2023-07-27T01:46:43.531+0000] {dag.py:2742} INFO - Sync 1 DAGs
[2023-07-27T01:46:43.558+0000] {logging_mixin.py:150} INFO - [2023-07-27T01:46:43.558+0000] {dag.py:3508} INFO - Setting next_dagrun for tutorial to 2023-07-26T01:46:43.558498+00:00, run_after=2023-07-27T01:46:43.558498+00:00
[2023-07-27T01:46:43.581+0000] {processor.py:179} INFO - Processing /home/airflow/.local/lib/python3.7/site-packages/airflow/example_dags/tutorial.py took 0.087 seconds
[2023-07-27T01:47:13.730+0000] {processor.py:157} INFO - Started process (PID=3305) to work on /home/airflow/.local/lib/python3.7/site-packages/airflow/example_dags/tutorial.py
[2023-07-27T01:47:13.732+0000] {processor.py:826} INFO - Processing file /home/airflow/.local/lib/python3.7/site-packages/airflow/example_dags/tutorial.py for tasks to queue
[2023-07-27T01:47:13.733+0000] {logging_mixin.py:150} INFO - [2023-07-27T01:47:13.732+0000] {dagbag.py:541} INFO - Filling up the DagBag from /home/airflow/.local/lib/python3.7/site-packages/airflow/example_dags/tutorial.py
[2023-07-27T01:47:13.740+0000] {processor.py:836} INFO - DAG(s) dict_keys(['tutorial']) retrieved from /home/airflow/.local/lib/python3.7/site-packages/airflow/example_dags/tutorial.py
[2023-07-27T01:47:13.765+0000] {logging_mixin.py:150} INFO - [2023-07-27T01:47:13.765+0000] {dag.py:2742} INFO - Sync 1 DAGs
[2023-07-27T01:47:13.793+0000] {logging_mixin.py:150} INFO - [2023-07-27T01:47:13.793+0000] {dag.py:3508} INFO - Setting next_dagrun for tutorial to 2023-07-26T01:47:13.793369+00:00, run_after=2023-07-27T01:47:13.793369+00:00
[2023-07-27T01:47:13.817+0000] {processor.py:179} INFO - Processing /home/airflow/.local/lib/python3.7/site-packages/airflow/example_dags/tutorial.py took 0.090 seconds
[2023-07-27T01:47:43.989+0000] {processor.py:157} INFO - Started process (PID=3365) to work on /home/airflow/.local/lib/python3.7/site-packages/airflow/example_dags/tutorial.py
[2023-07-27T01:47:43.991+0000] {processor.py:826} INFO - Processing file /home/airflow/.local/lib/python3.7/site-packages/airflow/example_dags/tutorial.py for tasks to queue
[2023-07-27T01:47:43.992+0000] {logging_mixin.py:150} INFO - [2023-07-27T01:47:43.991+0000] {dagbag.py:541} INFO - Filling up the DagBag from /home/airflow/.local/lib/python3.7/site-packages/airflow/example_dags/tutorial.py
[2023-07-27T01:47:43.999+0000] {processor.py:836} INFO - DAG(s) dict_keys(['tutorial']) retrieved from /home/airflow/.local/lib/python3.7/site-packages/airflow/example_dags/tutorial.py
[2023-07-27T01:47:44.024+0000] {logging_mixin.py:150} INFO - [2023-07-27T01:47:44.024+0000] {dag.py:2742} INFO - Sync 1 DAGs
[2023-07-27T01:47:44.053+0000] {logging_mixin.py:150} INFO - [2023-07-27T01:47:44.053+0000] {dag.py:3508} INFO - Setting next_dagrun for tutorial to 2023-07-26T01:47:44.052738+00:00, run_after=2023-07-27T01:47:44.052738+00:00
[2023-07-27T01:47:44.077+0000] {processor.py:179} INFO - Processing /home/airflow/.local/lib/python3.7/site-packages/airflow/example_dags/tutorial.py took 0.091 seconds
[2023-07-27T01:48:14.326+0000] {processor.py:157} INFO - Started process (PID=3425) to work on /home/airflow/.local/lib/python3.7/site-packages/airflow/example_dags/tutorial.py
[2023-07-27T01:48:14.327+0000] {processor.py:826} INFO - Processing file /home/airflow/.local/lib/python3.7/site-packages/airflow/example_dags/tutorial.py for tasks to queue
[2023-07-27T01:48:14.329+0000] {logging_mixin.py:150} INFO - [2023-07-27T01:48:14.328+0000] {dagbag.py:541} INFO - Filling up the DagBag from /home/airflow/.local/lib/python3.7/site-packages/airflow/example_dags/tutorial.py
[2023-07-27T01:48:14.336+0000] {processor.py:836} INFO - DAG(s) dict_keys(['tutorial']) retrieved from /home/airflow/.local/lib/python3.7/site-packages/airflow/example_dags/tutorial.py
[2023-07-27T01:48:14.361+0000] {logging_mixin.py:150} INFO - [2023-07-27T01:48:14.361+0000] {dag.py:2742} INFO - Sync 1 DAGs
[2023-07-27T01:48:14.389+0000] {logging_mixin.py:150} INFO - [2023-07-27T01:48:14.388+0000] {dag.py:3508} INFO - Setting next_dagrun for tutorial to 2023-07-26T01:48:14.388717+00:00, run_after=2023-07-27T01:48:14.388717+00:00
[2023-07-27T01:48:14.411+0000] {processor.py:179} INFO - Processing /home/airflow/.local/lib/python3.7/site-packages/airflow/example_dags/tutorial.py took 0.089 seconds
[2023-07-27T01:48:44.760+0000] {processor.py:157} INFO - Started process (PID=3485) to work on /home/airflow/.local/lib/python3.7/site-packages/airflow/example_dags/tutorial.py
[2023-07-27T01:48:44.761+0000] {processor.py:826} INFO - Processing file /home/airflow/.local/lib/python3.7/site-packages/airflow/example_dags/tutorial.py for tasks to queue
[2023-07-27T01:48:44.762+0000] {logging_mixin.py:150} INFO - [2023-07-27T01:48:44.762+0000] {dagbag.py:541} INFO - Filling up the DagBag from /home/airflow/.local/lib/python3.7/site-packages/airflow/example_dags/tutorial.py
[2023-07-27T01:48:44.770+0000] {processor.py:836} INFO - DAG(s) dict_keys(['tutorial']) retrieved from /home/airflow/.local/lib/python3.7/site-packages/airflow/example_dags/tutorial.py
[2023-07-27T01:48:44.795+0000] {logging_mixin.py:150} INFO - [2023-07-27T01:48:44.795+0000] {dag.py:2742} INFO - Sync 1 DAGs
[2023-07-27T01:48:44.822+0000] {logging_mixin.py:150} INFO - [2023-07-27T01:48:44.822+0000] {dag.py:3508} INFO - Setting next_dagrun for tutorial to 2023-07-26T01:48:44.822115+00:00, run_after=2023-07-27T01:48:44.822115+00:00
[2023-07-27T01:48:44.845+0000] {processor.py:179} INFO - Processing /home/airflow/.local/lib/python3.7/site-packages/airflow/example_dags/tutorial.py took 0.088 seconds
[2023-07-27T01:49:15.205+0000] {processor.py:157} INFO - Started process (PID=3545) to work on /home/airflow/.local/lib/python3.7/site-packages/airflow/example_dags/tutorial.py
[2023-07-27T01:49:15.207+0000] {processor.py:826} INFO - Processing file /home/airflow/.local/lib/python3.7/site-packages/airflow/example_dags/tutorial.py for tasks to queue
[2023-07-27T01:49:15.208+0000] {logging_mixin.py:150} INFO - [2023-07-27T01:49:15.208+0000] {dagbag.py:541} INFO - Filling up the DagBag from /home/airflow/.local/lib/python3.7/site-packages/airflow/example_dags/tutorial.py
[2023-07-27T01:49:15.215+0000] {processor.py:836} INFO - DAG(s) dict_keys(['tutorial']) retrieved from /home/airflow/.local/lib/python3.7/site-packages/airflow/example_dags/tutorial.py
[2023-07-27T01:49:15.241+0000] {logging_mixin.py:150} INFO - [2023-07-27T01:49:15.240+0000] {dag.py:2742} INFO - Sync 1 DAGs
[2023-07-27T01:49:15.268+0000] {logging_mixin.py:150} INFO - [2023-07-27T01:49:15.268+0000] {dag.py:3508} INFO - Setting next_dagrun for tutorial to 2023-07-26T01:49:15.268338+00:00, run_after=2023-07-27T01:49:15.268338+00:00
[2023-07-27T01:49:15.291+0000] {processor.py:179} INFO - Processing /home/airflow/.local/lib/python3.7/site-packages/airflow/example_dags/tutorial.py took 0.090 seconds
[2023-07-27T01:49:45.772+0000] {processor.py:157} INFO - Started process (PID=3613) to work on /home/airflow/.local/lib/python3.7/site-packages/airflow/example_dags/tutorial.py
[2023-07-27T01:49:45.773+0000] {processor.py:826} INFO - Processing file /home/airflow/.local/lib/python3.7/site-packages/airflow/example_dags/tutorial.py for tasks to queue
[2023-07-27T01:49:45.774+0000] {logging_mixin.py:150} INFO - [2023-07-27T01:49:45.774+0000] {dagbag.py:541} INFO - Filling up the DagBag from /home/airflow/.local/lib/python3.7/site-packages/airflow/example_dags/tutorial.py
[2023-07-27T01:49:45.782+0000] {processor.py:836} INFO - DAG(s) dict_keys(['tutorial']) retrieved from /home/airflow/.local/lib/python3.7/site-packages/airflow/example_dags/tutorial.py
[2023-07-27T01:49:45.806+0000] {logging_mixin.py:150} INFO - [2023-07-27T01:49:45.806+0000] {dag.py:2742} INFO - Sync 1 DAGs
[2023-07-27T01:49:45.835+0000] {logging_mixin.py:150} INFO - [2023-07-27T01:49:45.835+0000] {dag.py:3508} INFO - Setting next_dagrun for tutorial to 2023-07-26T01:49:45.835145+00:00, run_after=2023-07-27T01:49:45.835145+00:00
[2023-07-27T01:49:45.870+0000] {processor.py:179} INFO - Processing /home/airflow/.local/lib/python3.7/site-packages/airflow/example_dags/tutorial.py took 0.101 seconds
[2023-07-27T01:50:16.187+0000] {processor.py:157} INFO - Started process (PID=3673) to work on /home/airflow/.local/lib/python3.7/site-packages/airflow/example_dags/tutorial.py
[2023-07-27T01:50:16.188+0000] {processor.py:826} INFO - Processing file /home/airflow/.local/lib/python3.7/site-packages/airflow/example_dags/tutorial.py for tasks to queue
[2023-07-27T01:50:16.189+0000] {logging_mixin.py:150} INFO - [2023-07-27T01:50:16.189+0000] {dagbag.py:541} INFO - Filling up the DagBag from /home/airflow/.local/lib/python3.7/site-packages/airflow/example_dags/tutorial.py
[2023-07-27T01:50:16.197+0000] {processor.py:836} INFO - DAG(s) dict_keys(['tutorial']) retrieved from /home/airflow/.local/lib/python3.7/site-packages/airflow/example_dags/tutorial.py
[2023-07-27T01:50:16.221+0000] {logging_mixin.py:150} INFO - [2023-07-27T01:50:16.221+0000] {dag.py:2742} INFO - Sync 1 DAGs
[2023-07-27T01:50:16.247+0000] {logging_mixin.py:150} INFO - [2023-07-27T01:50:16.247+0000] {dag.py:3508} INFO - Setting next_dagrun for tutorial to 2023-07-26T01:50:16.247194+00:00, run_after=2023-07-27T01:50:16.247194+00:00
[2023-07-27T01:50:16.269+0000] {processor.py:179} INFO - Processing /home/airflow/.local/lib/python3.7/site-packages/airflow/example_dags/tutorial.py took 0.085 seconds
[2023-07-27T01:50:46.352+0000] {processor.py:157} INFO - Started process (PID=3733) to work on /home/airflow/.local/lib/python3.7/site-packages/airflow/example_dags/tutorial.py
[2023-07-27T01:50:46.354+0000] {processor.py:826} INFO - Processing file /home/airflow/.local/lib/python3.7/site-packages/airflow/example_dags/tutorial.py for tasks to queue
[2023-07-27T01:50:46.355+0000] {logging_mixin.py:150} INFO - [2023-07-27T01:50:46.354+0000] {dagbag.py:541} INFO - Filling up the DagBag from /home/airflow/.local/lib/python3.7/site-packages/airflow/example_dags/tutorial.py
[2023-07-27T01:50:46.362+0000] {processor.py:836} INFO - DAG(s) dict_keys(['tutorial']) retrieved from /home/airflow/.local/lib/python3.7/site-packages/airflow/example_dags/tutorial.py
[2023-07-27T01:50:46.387+0000] {logging_mixin.py:150} INFO - [2023-07-27T01:50:46.387+0000] {dag.py:2742} INFO - Sync 1 DAGs
[2023-07-27T01:50:46.414+0000] {logging_mixin.py:150} INFO - [2023-07-27T01:50:46.413+0000] {dag.py:3508} INFO - Setting next_dagrun for tutorial to 2023-07-26T01:50:46.413638+00:00, run_after=2023-07-27T01:50:46.413638+00:00
[2023-07-27T01:50:46.455+0000] {processor.py:179} INFO - Processing /home/airflow/.local/lib/python3.7/site-packages/airflow/example_dags/tutorial.py took 0.106 seconds
[2023-07-27T01:51:16.801+0000] {processor.py:157} INFO - Started process (PID=3793) to work on /home/airflow/.local/lib/python3.7/site-packages/airflow/example_dags/tutorial.py
[2023-07-27T01:51:16.803+0000] {processor.py:826} INFO - Processing file /home/airflow/.local/lib/python3.7/site-packages/airflow/example_dags/tutorial.py for tasks to queue
[2023-07-27T01:51:16.804+0000] {logging_mixin.py:150} INFO - [2023-07-27T01:51:16.803+0000] {dagbag.py:541} INFO - Filling up the DagBag from /home/airflow/.local/lib/python3.7/site-packages/airflow/example_dags/tutorial.py
[2023-07-27T01:51:16.812+0000] {processor.py:836} INFO - DAG(s) dict_keys(['tutorial']) retrieved from /home/airflow/.local/lib/python3.7/site-packages/airflow/example_dags/tutorial.py
[2023-07-27T01:51:16.838+0000] {logging_mixin.py:150} INFO - [2023-07-27T01:51:16.838+0000] {dag.py:2742} INFO - Sync 1 DAGs
[2023-07-27T01:51:16.866+0000] {logging_mixin.py:150} INFO - [2023-07-27T01:51:16.866+0000] {dag.py:3508} INFO - Setting next_dagrun for tutorial to 2023-07-26T01:51:16.866375+00:00, run_after=2023-07-27T01:51:16.866375+00:00
[2023-07-27T01:51:16.890+0000] {processor.py:179} INFO - Processing /home/airflow/.local/lib/python3.7/site-packages/airflow/example_dags/tutorial.py took 0.092 seconds
[2023-07-27T01:51:47.058+0000] {processor.py:157} INFO - Started process (PID=3853) to work on /home/airflow/.local/lib/python3.7/site-packages/airflow/example_dags/tutorial.py
[2023-07-27T01:51:47.059+0000] {processor.py:826} INFO - Processing file /home/airflow/.local/lib/python3.7/site-packages/airflow/example_dags/tutorial.py for tasks to queue
[2023-07-27T01:51:47.061+0000] {logging_mixin.py:150} INFO - [2023-07-27T01:51:47.060+0000] {dagbag.py:541} INFO - Filling up the DagBag from /home/airflow/.local/lib/python3.7/site-packages/airflow/example_dags/tutorial.py
[2023-07-27T01:51:47.068+0000] {processor.py:836} INFO - DAG(s) dict_keys(['tutorial']) retrieved from /home/airflow/.local/lib/python3.7/site-packages/airflow/example_dags/tutorial.py
[2023-07-27T01:51:47.094+0000] {logging_mixin.py:150} INFO - [2023-07-27T01:51:47.093+0000] {dag.py:2742} INFO - Sync 1 DAGs
[2023-07-27T01:51:47.123+0000] {logging_mixin.py:150} INFO - [2023-07-27T01:51:47.123+0000] {dag.py:3508} INFO - Setting next_dagrun for tutorial to 2023-07-26T01:51:47.122722+00:00, run_after=2023-07-27T01:51:47.122722+00:00
[2023-07-27T01:51:47.147+0000] {processor.py:179} INFO - Processing /home/airflow/.local/lib/python3.7/site-packages/airflow/example_dags/tutorial.py took 0.092 seconds
[2023-07-27T01:52:17.966+0000] {processor.py:157} INFO - Started process (PID=3912) to work on /home/airflow/.local/lib/python3.7/site-packages/airflow/example_dags/tutorial.py
[2023-07-27T01:52:17.967+0000] {processor.py:826} INFO - Processing file /home/airflow/.local/lib/python3.7/site-packages/airflow/example_dags/tutorial.py for tasks to queue
[2023-07-27T01:52:17.969+0000] {logging_mixin.py:150} INFO - [2023-07-27T01:52:17.968+0000] {dagbag.py:541} INFO - Filling up the DagBag from /home/airflow/.local/lib/python3.7/site-packages/airflow/example_dags/tutorial.py
[2023-07-27T01:52:17.976+0000] {processor.py:836} INFO - DAG(s) dict_keys(['tutorial']) retrieved from /home/airflow/.local/lib/python3.7/site-packages/airflow/example_dags/tutorial.py
[2023-07-27T01:52:18.001+0000] {logging_mixin.py:150} INFO - [2023-07-27T01:52:18.001+0000] {dag.py:2742} INFO - Sync 1 DAGs
[2023-07-27T01:52:18.028+0000] {logging_mixin.py:150} INFO - [2023-07-27T01:52:18.028+0000] {dag.py:3508} INFO - Setting next_dagrun for tutorial to 2023-07-26T01:52:18.028088+00:00, run_after=2023-07-27T01:52:18.028088+00:00
[2023-07-27T01:52:18.051+0000] {processor.py:179} INFO - Processing /home/airflow/.local/lib/python3.7/site-packages/airflow/example_dags/tutorial.py took 0.089 seconds
[2023-07-27T01:52:48.564+0000] {processor.py:157} INFO - Started process (PID=3972) to work on /home/airflow/.local/lib/python3.7/site-packages/airflow/example_dags/tutorial.py
[2023-07-27T01:52:48.566+0000] {processor.py:826} INFO - Processing file /home/airflow/.local/lib/python3.7/site-packages/airflow/example_dags/tutorial.py for tasks to queue
[2023-07-27T01:52:48.567+0000] {logging_mixin.py:150} INFO - [2023-07-27T01:52:48.566+0000] {dagbag.py:541} INFO - Filling up the DagBag from /home/airflow/.local/lib/python3.7/site-packages/airflow/example_dags/tutorial.py
[2023-07-27T01:52:48.574+0000] {processor.py:836} INFO - DAG(s) dict_keys(['tutorial']) retrieved from /home/airflow/.local/lib/python3.7/site-packages/airflow/example_dags/tutorial.py
[2023-07-27T01:52:48.599+0000] {logging_mixin.py:150} INFO - [2023-07-27T01:52:48.598+0000] {dag.py:2742} INFO - Sync 1 DAGs
[2023-07-27T01:52:48.627+0000] {logging_mixin.py:150} INFO - [2023-07-27T01:52:48.627+0000] {dag.py:3508} INFO - Setting next_dagrun for tutorial to 2023-07-26T01:52:48.626972+00:00, run_after=2023-07-27T01:52:48.626972+00:00
[2023-07-27T01:52:48.650+0000] {processor.py:179} INFO - Processing /home/airflow/.local/lib/python3.7/site-packages/airflow/example_dags/tutorial.py took 0.089 seconds
[2023-07-27T01:53:18.749+0000] {processor.py:157} INFO - Started process (PID=4032) to work on /home/airflow/.local/lib/python3.7/site-packages/airflow/example_dags/tutorial.py
[2023-07-27T01:53:18.750+0000] {processor.py:826} INFO - Processing file /home/airflow/.local/lib/python3.7/site-packages/airflow/example_dags/tutorial.py for tasks to queue
[2023-07-27T01:53:18.751+0000] {logging_mixin.py:150} INFO - [2023-07-27T01:53:18.751+0000] {dagbag.py:541} INFO - Filling up the DagBag from /home/airflow/.local/lib/python3.7/site-packages/airflow/example_dags/tutorial.py
[2023-07-27T01:53:18.758+0000] {processor.py:836} INFO - DAG(s) dict_keys(['tutorial']) retrieved from /home/airflow/.local/lib/python3.7/site-packages/airflow/example_dags/tutorial.py
[2023-07-27T01:53:18.783+0000] {logging_mixin.py:150} INFO - [2023-07-27T01:53:18.782+0000] {dag.py:2742} INFO - Sync 1 DAGs
[2023-07-27T01:53:18.810+0000] {logging_mixin.py:150} INFO - [2023-07-27T01:53:18.809+0000] {dag.py:3508} INFO - Setting next_dagrun for tutorial to 2023-07-26T01:53:18.809621+00:00, run_after=2023-07-27T01:53:18.809621+00:00
[2023-07-27T01:53:18.833+0000] {processor.py:179} INFO - Processing /home/airflow/.local/lib/python3.7/site-packages/airflow/example_dags/tutorial.py took 0.088 seconds
[2023-07-27T01:53:49.072+0000] {processor.py:157} INFO - Started process (PID=4092) to work on /home/airflow/.local/lib/python3.7/site-packages/airflow/example_dags/tutorial.py
[2023-07-27T01:53:49.073+0000] {processor.py:826} INFO - Processing file /home/airflow/.local/lib/python3.7/site-packages/airflow/example_dags/tutorial.py for tasks to queue
[2023-07-27T01:53:49.075+0000] {logging_mixin.py:150} INFO - [2023-07-27T01:53:49.074+0000] {dagbag.py:541} INFO - Filling up the DagBag from /home/airflow/.local/lib/python3.7/site-packages/airflow/example_dags/tutorial.py
[2023-07-27T01:53:49.082+0000] {processor.py:836} INFO - DAG(s) dict_keys(['tutorial']) retrieved from /home/airflow/.local/lib/python3.7/site-packages/airflow/example_dags/tutorial.py
[2023-07-27T01:53:49.119+0000] {logging_mixin.py:150} INFO - [2023-07-27T01:53:49.119+0000] {dag.py:2742} INFO - Sync 1 DAGs
[2023-07-27T01:53:49.147+0000] {logging_mixin.py:150} INFO - [2023-07-27T01:53:49.147+0000] {dag.py:3508} INFO - Setting next_dagrun for tutorial to 2023-07-26T01:53:49.146939+00:00, run_after=2023-07-27T01:53:49.146939+00:00
[2023-07-27T01:53:49.169+0000] {processor.py:179} INFO - Processing /home/airflow/.local/lib/python3.7/site-packages/airflow/example_dags/tutorial.py took 0.100 seconds
[2023-07-27T01:54:19.311+0000] {processor.py:157} INFO - Started process (PID=4152) to work on /home/airflow/.local/lib/python3.7/site-packages/airflow/example_dags/tutorial.py
[2023-07-27T01:54:19.312+0000] {processor.py:826} INFO - Processing file /home/airflow/.local/lib/python3.7/site-packages/airflow/example_dags/tutorial.py for tasks to queue
[2023-07-27T01:54:19.313+0000] {logging_mixin.py:150} INFO - [2023-07-27T01:54:19.313+0000] {dagbag.py:541} INFO - Filling up the DagBag from /home/airflow/.local/lib/python3.7/site-packages/airflow/example_dags/tutorial.py
[2023-07-27T01:54:19.321+0000] {processor.py:836} INFO - DAG(s) dict_keys(['tutorial']) retrieved from /home/airflow/.local/lib/python3.7/site-packages/airflow/example_dags/tutorial.py
[2023-07-27T01:54:19.349+0000] {logging_mixin.py:150} INFO - [2023-07-27T01:54:19.349+0000] {dag.py:2742} INFO - Sync 1 DAGs
[2023-07-27T01:54:19.382+0000] {logging_mixin.py:150} INFO - [2023-07-27T01:54:19.382+0000] {dag.py:3508} INFO - Setting next_dagrun for tutorial to 2023-07-26T01:54:19.382040+00:00, run_after=2023-07-27T01:54:19.382040+00:00
[2023-07-27T01:54:19.416+0000] {processor.py:179} INFO - Processing /home/airflow/.local/lib/python3.7/site-packages/airflow/example_dags/tutorial.py took 0.109 seconds
[2023-07-27T01:54:49.561+0000] {processor.py:157} INFO - Started process (PID=4212) to work on /home/airflow/.local/lib/python3.7/site-packages/airflow/example_dags/tutorial.py
[2023-07-27T01:54:49.562+0000] {processor.py:826} INFO - Processing file /home/airflow/.local/lib/python3.7/site-packages/airflow/example_dags/tutorial.py for tasks to queue
[2023-07-27T01:54:49.563+0000] {logging_mixin.py:150} INFO - [2023-07-27T01:54:49.563+0000] {dagbag.py:541} INFO - Filling up the DagBag from /home/airflow/.local/lib/python3.7/site-packages/airflow/example_dags/tutorial.py
[2023-07-27T01:54:49.570+0000] {processor.py:836} INFO - DAG(s) dict_keys(['tutorial']) retrieved from /home/airflow/.local/lib/python3.7/site-packages/airflow/example_dags/tutorial.py
[2023-07-27T01:54:49.596+0000] {logging_mixin.py:150} INFO - [2023-07-27T01:54:49.595+0000] {dag.py:2742} INFO - Sync 1 DAGs
[2023-07-27T01:54:49.623+0000] {logging_mixin.py:150} INFO - [2023-07-27T01:54:49.623+0000] {dag.py:3508} INFO - Setting next_dagrun for tutorial to 2023-07-26T01:54:49.623210+00:00, run_after=2023-07-27T01:54:49.623210+00:00
[2023-07-27T01:54:49.647+0000] {processor.py:179} INFO - Processing /home/airflow/.local/lib/python3.7/site-packages/airflow/example_dags/tutorial.py took 0.090 seconds
[2023-07-27T01:55:20.060+0000] {processor.py:157} INFO - Started process (PID=4272) to work on /home/airflow/.local/lib/python3.7/site-packages/airflow/example_dags/tutorial.py
[2023-07-27T01:55:20.061+0000] {processor.py:826} INFO - Processing file /home/airflow/.local/lib/python3.7/site-packages/airflow/example_dags/tutorial.py for tasks to queue
[2023-07-27T01:55:20.062+0000] {logging_mixin.py:150} INFO - [2023-07-27T01:55:20.062+0000] {dagbag.py:541} INFO - Filling up the DagBag from /home/airflow/.local/lib/python3.7/site-packages/airflow/example_dags/tutorial.py
[2023-07-27T01:55:20.069+0000] {processor.py:836} INFO - DAG(s) dict_keys(['tutorial']) retrieved from /home/airflow/.local/lib/python3.7/site-packages/airflow/example_dags/tutorial.py
[2023-07-27T01:55:20.095+0000] {logging_mixin.py:150} INFO - [2023-07-27T01:55:20.094+0000] {dag.py:2742} INFO - Sync 1 DAGs
[2023-07-27T01:55:20.123+0000] {logging_mixin.py:150} INFO - [2023-07-27T01:55:20.123+0000] {dag.py:3508} INFO - Setting next_dagrun for tutorial to 2023-07-26T01:55:20.122881+00:00, run_after=2023-07-27T01:55:20.122881+00:00
[2023-07-27T01:55:20.146+0000] {processor.py:179} INFO - Processing /home/airflow/.local/lib/python3.7/site-packages/airflow/example_dags/tutorial.py took 0.090 seconds
[2023-07-27T01:55:50.328+0000] {processor.py:157} INFO - Started process (PID=4331) to work on /home/airflow/.local/lib/python3.7/site-packages/airflow/example_dags/tutorial.py
[2023-07-27T01:55:50.329+0000] {processor.py:826} INFO - Processing file /home/airflow/.local/lib/python3.7/site-packages/airflow/example_dags/tutorial.py for tasks to queue
[2023-07-27T01:55:50.330+0000] {logging_mixin.py:150} INFO - [2023-07-27T01:55:50.330+0000] {dagbag.py:541} INFO - Filling up the DagBag from /home/airflow/.local/lib/python3.7/site-packages/airflow/example_dags/tutorial.py
[2023-07-27T01:55:50.338+0000] {processor.py:836} INFO - DAG(s) dict_keys(['tutorial']) retrieved from /home/airflow/.local/lib/python3.7/site-packages/airflow/example_dags/tutorial.py
[2023-07-27T01:55:50.363+0000] {logging_mixin.py:150} INFO - [2023-07-27T01:55:50.363+0000] {dag.py:2742} INFO - Sync 1 DAGs
[2023-07-27T01:55:50.390+0000] {logging_mixin.py:150} INFO - [2023-07-27T01:55:50.389+0000] {dag.py:3508} INFO - Setting next_dagrun for tutorial to 2023-07-26T01:55:50.389669+00:00, run_after=2023-07-27T01:55:50.389669+00:00
[2023-07-27T01:55:50.413+0000] {processor.py:179} INFO - Processing /home/airflow/.local/lib/python3.7/site-packages/airflow/example_dags/tutorial.py took 0.088 seconds
[2023-07-27T01:56:20.819+0000] {processor.py:157} INFO - Started process (PID=4392) to work on /home/airflow/.local/lib/python3.7/site-packages/airflow/example_dags/tutorial.py
[2023-07-27T01:56:20.820+0000] {processor.py:826} INFO - Processing file /home/airflow/.local/lib/python3.7/site-packages/airflow/example_dags/tutorial.py for tasks to queue
[2023-07-27T01:56:20.822+0000] {logging_mixin.py:150} INFO - [2023-07-27T01:56:20.821+0000] {dagbag.py:541} INFO - Filling up the DagBag from /home/airflow/.local/lib/python3.7/site-packages/airflow/example_dags/tutorial.py
[2023-07-27T01:56:20.829+0000] {processor.py:836} INFO - DAG(s) dict_keys(['tutorial']) retrieved from /home/airflow/.local/lib/python3.7/site-packages/airflow/example_dags/tutorial.py
[2023-07-27T01:56:20.854+0000] {logging_mixin.py:150} INFO - [2023-07-27T01:56:20.854+0000] {dag.py:2742} INFO - Sync 1 DAGs
[2023-07-27T01:56:20.883+0000] {logging_mixin.py:150} INFO - [2023-07-27T01:56:20.882+0000] {dag.py:3508} INFO - Setting next_dagrun for tutorial to 2023-07-26T01:56:20.882537+00:00, run_after=2023-07-27T01:56:20.882537+00:00
[2023-07-27T01:56:20.906+0000] {processor.py:179} INFO - Processing /home/airflow/.local/lib/python3.7/site-packages/airflow/example_dags/tutorial.py took 0.091 seconds
[2023-07-27T01:56:51.327+0000] {processor.py:157} INFO - Started process (PID=4453) to work on /home/airflow/.local/lib/python3.7/site-packages/airflow/example_dags/tutorial.py
[2023-07-27T01:56:51.328+0000] {processor.py:826} INFO - Processing file /home/airflow/.local/lib/python3.7/site-packages/airflow/example_dags/tutorial.py for tasks to queue
[2023-07-27T01:56:51.329+0000] {logging_mixin.py:150} INFO - [2023-07-27T01:56:51.329+0000] {dagbag.py:541} INFO - Filling up the DagBag from /home/airflow/.local/lib/python3.7/site-packages/airflow/example_dags/tutorial.py
[2023-07-27T01:56:51.337+0000] {processor.py:836} INFO - DAG(s) dict_keys(['tutorial']) retrieved from /home/airflow/.local/lib/python3.7/site-packages/airflow/example_dags/tutorial.py
[2023-07-27T01:56:51.363+0000] {logging_mixin.py:150} INFO - [2023-07-27T01:56:51.363+0000] {dag.py:2742} INFO - Sync 1 DAGs
[2023-07-27T01:56:51.392+0000] {logging_mixin.py:150} INFO - [2023-07-27T01:56:51.391+0000] {dag.py:3508} INFO - Setting next_dagrun for tutorial to 2023-07-26T01:56:51.391549+00:00, run_after=2023-07-27T01:56:51.391549+00:00
[2023-07-27T01:56:51.436+0000] {processor.py:179} INFO - Processing /home/airflow/.local/lib/python3.7/site-packages/airflow/example_dags/tutorial.py took 0.113 seconds
[2023-07-27T01:57:21.578+0000] {processor.py:157} INFO - Started process (PID=4514) to work on /home/airflow/.local/lib/python3.7/site-packages/airflow/example_dags/tutorial.py
[2023-07-27T01:57:21.579+0000] {processor.py:826} INFO - Processing file /home/airflow/.local/lib/python3.7/site-packages/airflow/example_dags/tutorial.py for tasks to queue
[2023-07-27T01:57:21.580+0000] {logging_mixin.py:150} INFO - [2023-07-27T01:57:21.580+0000] {dagbag.py:541} INFO - Filling up the DagBag from /home/airflow/.local/lib/python3.7/site-packages/airflow/example_dags/tutorial.py
[2023-07-27T01:57:21.587+0000] {processor.py:836} INFO - DAG(s) dict_keys(['tutorial']) retrieved from /home/airflow/.local/lib/python3.7/site-packages/airflow/example_dags/tutorial.py
[2023-07-27T01:57:21.613+0000] {logging_mixin.py:150} INFO - [2023-07-27T01:57:21.613+0000] {dag.py:2742} INFO - Sync 1 DAGs
[2023-07-27T01:57:21.641+0000] {logging_mixin.py:150} INFO - [2023-07-27T01:57:21.641+0000] {dag.py:3508} INFO - Setting next_dagrun for tutorial to 2023-07-26T01:57:21.641099+00:00, run_after=2023-07-27T01:57:21.641099+00:00
[2023-07-27T01:57:21.665+0000] {processor.py:179} INFO - Processing /home/airflow/.local/lib/python3.7/site-packages/airflow/example_dags/tutorial.py took 0.090 seconds
[2023-07-27T01:57:51.840+0000] {processor.py:157} INFO - Started process (PID=4574) to work on /home/airflow/.local/lib/python3.7/site-packages/airflow/example_dags/tutorial.py
[2023-07-27T01:57:51.841+0000] {processor.py:826} INFO - Processing file /home/airflow/.local/lib/python3.7/site-packages/airflow/example_dags/tutorial.py for tasks to queue
[2023-07-27T01:57:51.842+0000] {logging_mixin.py:150} INFO - [2023-07-27T01:57:51.842+0000] {dagbag.py:541} INFO - Filling up the DagBag from /home/airflow/.local/lib/python3.7/site-packages/airflow/example_dags/tutorial.py
[2023-07-27T01:57:51.849+0000] {processor.py:836} INFO - DAG(s) dict_keys(['tutorial']) retrieved from /home/airflow/.local/lib/python3.7/site-packages/airflow/example_dags/tutorial.py
[2023-07-27T01:57:51.874+0000] {logging_mixin.py:150} INFO - [2023-07-27T01:57:51.874+0000] {dag.py:2742} INFO - Sync 1 DAGs
[2023-07-27T01:57:51.902+0000] {logging_mixin.py:150} INFO - [2023-07-27T01:57:51.902+0000] {dag.py:3508} INFO - Setting next_dagrun for tutorial to 2023-07-26T01:57:51.901766+00:00, run_after=2023-07-27T01:57:51.901766+00:00
[2023-07-27T01:57:51.924+0000] {processor.py:179} INFO - Processing /home/airflow/.local/lib/python3.7/site-packages/airflow/example_dags/tutorial.py took 0.088 seconds
[2023-07-27T01:58:22.310+0000] {processor.py:157} INFO - Started process (PID=4634) to work on /home/airflow/.local/lib/python3.7/site-packages/airflow/example_dags/tutorial.py
[2023-07-27T01:58:22.315+0000] {processor.py:826} INFO - Processing file /home/airflow/.local/lib/python3.7/site-packages/airflow/example_dags/tutorial.py for tasks to queue
[2023-07-27T01:58:22.316+0000] {logging_mixin.py:150} INFO - [2023-07-27T01:58:22.315+0000] {dagbag.py:541} INFO - Filling up the DagBag from /home/airflow/.local/lib/python3.7/site-packages/airflow/example_dags/tutorial.py
[2023-07-27T01:58:22.323+0000] {processor.py:836} INFO - DAG(s) dict_keys(['tutorial']) retrieved from /home/airflow/.local/lib/python3.7/site-packages/airflow/example_dags/tutorial.py
[2023-07-27T01:58:22.348+0000] {logging_mixin.py:150} INFO - [2023-07-27T01:58:22.348+0000] {dag.py:2742} INFO - Sync 1 DAGs
[2023-07-27T01:58:22.375+0000] {logging_mixin.py:150} INFO - [2023-07-27T01:58:22.374+0000] {dag.py:3508} INFO - Setting next_dagrun for tutorial to 2023-07-26T01:58:22.374658+00:00, run_after=2023-07-27T01:58:22.374658+00:00
[2023-07-27T01:58:22.406+0000] {processor.py:179} INFO - Processing /home/airflow/.local/lib/python3.7/site-packages/airflow/example_dags/tutorial.py took 0.100 seconds
[2023-07-27T01:58:52.521+0000] {processor.py:157} INFO - Started process (PID=4694) to work on /home/airflow/.local/lib/python3.7/site-packages/airflow/example_dags/tutorial.py
[2023-07-27T01:58:52.522+0000] {processor.py:826} INFO - Processing file /home/airflow/.local/lib/python3.7/site-packages/airflow/example_dags/tutorial.py for tasks to queue
[2023-07-27T01:58:52.523+0000] {logging_mixin.py:150} INFO - [2023-07-27T01:58:52.523+0000] {dagbag.py:541} INFO - Filling up the DagBag from /home/airflow/.local/lib/python3.7/site-packages/airflow/example_dags/tutorial.py
[2023-07-27T01:58:52.530+0000] {processor.py:836} INFO - DAG(s) dict_keys(['tutorial']) retrieved from /home/airflow/.local/lib/python3.7/site-packages/airflow/example_dags/tutorial.py
[2023-07-27T01:58:52.555+0000] {logging_mixin.py:150} INFO - [2023-07-27T01:58:52.555+0000] {dag.py:2742} INFO - Sync 1 DAGs
[2023-07-27T01:58:52.582+0000] {logging_mixin.py:150} INFO - [2023-07-27T01:58:52.581+0000] {dag.py:3508} INFO - Setting next_dagrun for tutorial to 2023-07-26T01:58:52.581718+00:00, run_after=2023-07-27T01:58:52.581718+00:00
[2023-07-27T01:58:52.603+0000] {processor.py:179} INFO - Processing /home/airflow/.local/lib/python3.7/site-packages/airflow/example_dags/tutorial.py took 0.086 seconds
[2023-07-27T01:59:22.863+0000] {processor.py:157} INFO - Started process (PID=4754) to work on /home/airflow/.local/lib/python3.7/site-packages/airflow/example_dags/tutorial.py
[2023-07-27T01:59:22.864+0000] {processor.py:826} INFO - Processing file /home/airflow/.local/lib/python3.7/site-packages/airflow/example_dags/tutorial.py for tasks to queue
[2023-07-27T01:59:22.865+0000] {logging_mixin.py:150} INFO - [2023-07-27T01:59:22.865+0000] {dagbag.py:541} INFO - Filling up the DagBag from /home/airflow/.local/lib/python3.7/site-packages/airflow/example_dags/tutorial.py
[2023-07-27T01:59:22.873+0000] {processor.py:836} INFO - DAG(s) dict_keys(['tutorial']) retrieved from /home/airflow/.local/lib/python3.7/site-packages/airflow/example_dags/tutorial.py
[2023-07-27T01:59:22.898+0000] {logging_mixin.py:150} INFO - [2023-07-27T01:59:22.897+0000] {dag.py:2742} INFO - Sync 1 DAGs
[2023-07-27T01:59:22.925+0000] {logging_mixin.py:150} INFO - [2023-07-27T01:59:22.925+0000] {dag.py:3508} INFO - Setting next_dagrun for tutorial to 2023-07-26T01:59:22.925162+00:00, run_after=2023-07-27T01:59:22.925162+00:00
[2023-07-27T01:59:22.951+0000] {processor.py:179} INFO - Processing /home/airflow/.local/lib/python3.7/site-packages/airflow/example_dags/tutorial.py took 0.091 seconds
[2023-07-27T01:59:53.190+0000] {processor.py:157} INFO - Started process (PID=4814) to work on /home/airflow/.local/lib/python3.7/site-packages/airflow/example_dags/tutorial.py
[2023-07-27T01:59:53.192+0000] {processor.py:826} INFO - Processing file /home/airflow/.local/lib/python3.7/site-packages/airflow/example_dags/tutorial.py for tasks to queue
[2023-07-27T01:59:53.193+0000] {logging_mixin.py:150} INFO - [2023-07-27T01:59:53.192+0000] {dagbag.py:541} INFO - Filling up the DagBag from /home/airflow/.local/lib/python3.7/site-packages/airflow/example_dags/tutorial.py
[2023-07-27T01:59:53.200+0000] {processor.py:836} INFO - DAG(s) dict_keys(['tutorial']) retrieved from /home/airflow/.local/lib/python3.7/site-packages/airflow/example_dags/tutorial.py
[2023-07-27T01:59:53.225+0000] {logging_mixin.py:150} INFO - [2023-07-27T01:59:53.225+0000] {dag.py:2742} INFO - Sync 1 DAGs
[2023-07-27T01:59:53.253+0000] {logging_mixin.py:150} INFO - [2023-07-27T01:59:53.253+0000] {dag.py:3508} INFO - Setting next_dagrun for tutorial to 2023-07-26T01:59:53.253190+00:00, run_after=2023-07-27T01:59:53.253190+00:00
[2023-07-27T01:59:53.277+0000] {processor.py:179} INFO - Processing /home/airflow/.local/lib/python3.7/site-packages/airflow/example_dags/tutorial.py took 0.090 seconds
[2023-07-27T02:00:23.310+0000] {processor.py:157} INFO - Started process (PID=4873) to work on /home/airflow/.local/lib/python3.7/site-packages/airflow/example_dags/tutorial.py
[2023-07-27T02:00:23.312+0000] {processor.py:826} INFO - Processing file /home/airflow/.local/lib/python3.7/site-packages/airflow/example_dags/tutorial.py for tasks to queue
[2023-07-27T02:00:23.313+0000] {logging_mixin.py:150} INFO - [2023-07-27T02:00:23.312+0000] {dagbag.py:541} INFO - Filling up the DagBag from /home/airflow/.local/lib/python3.7/site-packages/airflow/example_dags/tutorial.py
[2023-07-27T02:00:23.321+0000] {processor.py:836} INFO - DAG(s) dict_keys(['tutorial']) retrieved from /home/airflow/.local/lib/python3.7/site-packages/airflow/example_dags/tutorial.py
[2023-07-27T02:00:23.347+0000] {logging_mixin.py:150} INFO - [2023-07-27T02:00:23.347+0000] {dag.py:2742} INFO - Sync 1 DAGs
[2023-07-27T02:00:23.375+0000] {logging_mixin.py:150} INFO - [2023-07-27T02:00:23.375+0000] {dag.py:3508} INFO - Setting next_dagrun for tutorial to 2023-07-26T02:00:23.374997+00:00, run_after=2023-07-27T02:00:23.374997+00:00
[2023-07-27T02:00:23.398+0000] {processor.py:179} INFO - Processing /home/airflow/.local/lib/python3.7/site-packages/airflow/example_dags/tutorial.py took 0.091 seconds
[2023-07-27T02:00:53.749+0000] {processor.py:157} INFO - Started process (PID=4934) to work on /home/airflow/.local/lib/python3.7/site-packages/airflow/example_dags/tutorial.py
[2023-07-27T02:00:53.750+0000] {processor.py:826} INFO - Processing file /home/airflow/.local/lib/python3.7/site-packages/airflow/example_dags/tutorial.py for tasks to queue
[2023-07-27T02:00:53.752+0000] {logging_mixin.py:150} INFO - [2023-07-27T02:00:53.751+0000] {dagbag.py:541} INFO - Filling up the DagBag from /home/airflow/.local/lib/python3.7/site-packages/airflow/example_dags/tutorial.py
[2023-07-27T02:00:53.759+0000] {processor.py:836} INFO - DAG(s) dict_keys(['tutorial']) retrieved from /home/airflow/.local/lib/python3.7/site-packages/airflow/example_dags/tutorial.py
[2023-07-27T02:00:53.783+0000] {logging_mixin.py:150} INFO - [2023-07-27T02:00:53.782+0000] {dag.py:2742} INFO - Sync 1 DAGs
[2023-07-27T02:00:53.810+0000] {logging_mixin.py:150} INFO - [2023-07-27T02:00:53.809+0000] {dag.py:3508} INFO - Setting next_dagrun for tutorial to 2023-07-26T02:00:53.809656+00:00, run_after=2023-07-27T02:00:53.809656+00:00
[2023-07-27T02:00:53.838+0000] {processor.py:179} INFO - Processing /home/airflow/.local/lib/python3.7/site-packages/airflow/example_dags/tutorial.py took 0.092 seconds
[2023-07-27T02:01:23.984+0000] {processor.py:157} INFO - Started process (PID=4994) to work on /home/airflow/.local/lib/python3.7/site-packages/airflow/example_dags/tutorial.py
[2023-07-27T02:01:23.986+0000] {processor.py:826} INFO - Processing file /home/airflow/.local/lib/python3.7/site-packages/airflow/example_dags/tutorial.py for tasks to queue
[2023-07-27T02:01:23.987+0000] {logging_mixin.py:150} INFO - [2023-07-27T02:01:23.987+0000] {dagbag.py:541} INFO - Filling up the DagBag from /home/airflow/.local/lib/python3.7/site-packages/airflow/example_dags/tutorial.py
[2023-07-27T02:01:23.995+0000] {processor.py:836} INFO - DAG(s) dict_keys(['tutorial']) retrieved from /home/airflow/.local/lib/python3.7/site-packages/airflow/example_dags/tutorial.py
[2023-07-27T02:01:24.019+0000] {logging_mixin.py:150} INFO - [2023-07-27T02:01:24.019+0000] {dag.py:2742} INFO - Sync 1 DAGs
[2023-07-27T02:01:24.046+0000] {logging_mixin.py:150} INFO - [2023-07-27T02:01:24.046+0000] {dag.py:3508} INFO - Setting next_dagrun for tutorial to 2023-07-26T02:01:24.046005+00:00, run_after=2023-07-27T02:01:24.046005+00:00
[2023-07-27T02:01:24.068+0000] {processor.py:179} INFO - Processing /home/airflow/.local/lib/python3.7/site-packages/airflow/example_dags/tutorial.py took 0.088 seconds
[2023-07-27T02:01:54.408+0000] {processor.py:157} INFO - Started process (PID=5054) to work on /home/airflow/.local/lib/python3.7/site-packages/airflow/example_dags/tutorial.py
[2023-07-27T02:01:54.409+0000] {processor.py:826} INFO - Processing file /home/airflow/.local/lib/python3.7/site-packages/airflow/example_dags/tutorial.py for tasks to queue
[2023-07-27T02:01:54.410+0000] {logging_mixin.py:150} INFO - [2023-07-27T02:01:54.410+0000] {dagbag.py:541} INFO - Filling up the DagBag from /home/airflow/.local/lib/python3.7/site-packages/airflow/example_dags/tutorial.py
[2023-07-27T02:01:54.418+0000] {processor.py:836} INFO - DAG(s) dict_keys(['tutorial']) retrieved from /home/airflow/.local/lib/python3.7/site-packages/airflow/example_dags/tutorial.py
[2023-07-27T02:01:54.443+0000] {logging_mixin.py:150} INFO - [2023-07-27T02:01:54.443+0000] {dag.py:2742} INFO - Sync 1 DAGs
[2023-07-27T02:01:54.470+0000] {logging_mixin.py:150} INFO - [2023-07-27T02:01:54.470+0000] {dag.py:3508} INFO - Setting next_dagrun for tutorial to 2023-07-26T02:01:54.469970+00:00, run_after=2023-07-27T02:01:54.469970+00:00
[2023-07-27T02:01:54.492+0000] {processor.py:179} INFO - Processing /home/airflow/.local/lib/python3.7/site-packages/airflow/example_dags/tutorial.py took 0.087 seconds
[2023-07-27T02:02:24.519+0000] {processor.py:157} INFO - Started process (PID=5115) to work on /home/airflow/.local/lib/python3.7/site-packages/airflow/example_dags/tutorial.py
[2023-07-27T02:02:24.520+0000] {processor.py:826} INFO - Processing file /home/airflow/.local/lib/python3.7/site-packages/airflow/example_dags/tutorial.py for tasks to queue
[2023-07-27T02:02:24.521+0000] {logging_mixin.py:150} INFO - [2023-07-27T02:02:24.521+0000] {dagbag.py:541} INFO - Filling up the DagBag from /home/airflow/.local/lib/python3.7/site-packages/airflow/example_dags/tutorial.py
[2023-07-27T02:02:24.530+0000] {processor.py:836} INFO - DAG(s) dict_keys(['tutorial']) retrieved from /home/airflow/.local/lib/python3.7/site-packages/airflow/example_dags/tutorial.py
[2023-07-27T02:02:24.554+0000] {logging_mixin.py:150} INFO - [2023-07-27T02:02:24.554+0000] {dag.py:2742} INFO - Sync 1 DAGs
[2023-07-27T02:02:24.581+0000] {logging_mixin.py:150} INFO - [2023-07-27T02:02:24.580+0000] {dag.py:3508} INFO - Setting next_dagrun for tutorial to 2023-07-26T02:02:24.580588+00:00, run_after=2023-07-27T02:02:24.580588+00:00
[2023-07-27T02:02:24.603+0000] {processor.py:179} INFO - Processing /home/airflow/.local/lib/python3.7/site-packages/airflow/example_dags/tutorial.py took 0.088 seconds
[2023-07-27T02:02:54.801+0000] {processor.py:157} INFO - Started process (PID=5175) to work on /home/airflow/.local/lib/python3.7/site-packages/airflow/example_dags/tutorial.py
[2023-07-27T02:02:54.803+0000] {processor.py:826} INFO - Processing file /home/airflow/.local/lib/python3.7/site-packages/airflow/example_dags/tutorial.py for tasks to queue
[2023-07-27T02:02:54.804+0000] {logging_mixin.py:150} INFO - [2023-07-27T02:02:54.804+0000] {dagbag.py:541} INFO - Filling up the DagBag from /home/airflow/.local/lib/python3.7/site-packages/airflow/example_dags/tutorial.py
[2023-07-27T02:02:54.812+0000] {processor.py:836} INFO - DAG(s) dict_keys(['tutorial']) retrieved from /home/airflow/.local/lib/python3.7/site-packages/airflow/example_dags/tutorial.py
[2023-07-27T02:02:54.836+0000] {logging_mixin.py:150} INFO - [2023-07-27T02:02:54.836+0000] {dag.py:2742} INFO - Sync 1 DAGs
[2023-07-27T02:02:54.863+0000] {logging_mixin.py:150} INFO - [2023-07-27T02:02:54.862+0000] {dag.py:3508} INFO - Setting next_dagrun for tutorial to 2023-07-26T02:02:54.862643+00:00, run_after=2023-07-27T02:02:54.862643+00:00
[2023-07-27T02:02:54.913+0000] {processor.py:179} INFO - Processing /home/airflow/.local/lib/python3.7/site-packages/airflow/example_dags/tutorial.py took 0.115 seconds
[2023-07-27T02:03:25.069+0000] {processor.py:157} INFO - Started process (PID=5235) to work on /home/airflow/.local/lib/python3.7/site-packages/airflow/example_dags/tutorial.py
[2023-07-27T02:03:25.071+0000] {processor.py:826} INFO - Processing file /home/airflow/.local/lib/python3.7/site-packages/airflow/example_dags/tutorial.py for tasks to queue
[2023-07-27T02:03:25.072+0000] {logging_mixin.py:150} INFO - [2023-07-27T02:03:25.071+0000] {dagbag.py:541} INFO - Filling up the DagBag from /home/airflow/.local/lib/python3.7/site-packages/airflow/example_dags/tutorial.py
[2023-07-27T02:03:25.079+0000] {processor.py:836} INFO - DAG(s) dict_keys(['tutorial']) retrieved from /home/airflow/.local/lib/python3.7/site-packages/airflow/example_dags/tutorial.py
[2023-07-27T02:03:25.105+0000] {logging_mixin.py:150} INFO - [2023-07-27T02:03:25.105+0000] {dag.py:2742} INFO - Sync 1 DAGs
[2023-07-27T02:03:25.133+0000] {logging_mixin.py:150} INFO - [2023-07-27T02:03:25.133+0000] {dag.py:3508} INFO - Setting next_dagrun for tutorial to 2023-07-26T02:03:25.133461+00:00, run_after=2023-07-27T02:03:25.133461+00:00
[2023-07-27T02:03:25.158+0000] {processor.py:179} INFO - Processing /home/airflow/.local/lib/python3.7/site-packages/airflow/example_dags/tutorial.py took 0.092 seconds
[2023-07-27T02:03:55.949+0000] {processor.py:157} INFO - Started process (PID=5288) to work on /home/airflow/.local/lib/python3.7/site-packages/airflow/example_dags/tutorial.py
[2023-07-27T02:03:55.950+0000] {processor.py:826} INFO - Processing file /home/airflow/.local/lib/python3.7/site-packages/airflow/example_dags/tutorial.py for tasks to queue
[2023-07-27T02:03:55.951+0000] {logging_mixin.py:150} INFO - [2023-07-27T02:03:55.951+0000] {dagbag.py:541} INFO - Filling up the DagBag from /home/airflow/.local/lib/python3.7/site-packages/airflow/example_dags/tutorial.py
[2023-07-27T02:03:55.958+0000] {processor.py:836} INFO - DAG(s) dict_keys(['tutorial']) retrieved from /home/airflow/.local/lib/python3.7/site-packages/airflow/example_dags/tutorial.py
[2023-07-27T02:03:55.983+0000] {logging_mixin.py:150} INFO - [2023-07-27T02:03:55.983+0000] {dag.py:2742} INFO - Sync 1 DAGs
[2023-07-27T02:03:56.009+0000] {logging_mixin.py:150} INFO - [2023-07-27T02:03:56.009+0000] {dag.py:3508} INFO - Setting next_dagrun for tutorial to 2023-07-26T02:03:56.009052+00:00, run_after=2023-07-27T02:03:56.009052+00:00
[2023-07-27T02:03:56.032+0000] {processor.py:179} INFO - Processing /home/airflow/.local/lib/python3.7/site-packages/airflow/example_dags/tutorial.py took 0.087 seconds
[2023-07-27T02:04:26.246+0000] {processor.py:157} INFO - Started process (PID=5348) to work on /home/airflow/.local/lib/python3.7/site-packages/airflow/example_dags/tutorial.py
[2023-07-27T02:04:26.248+0000] {processor.py:826} INFO - Processing file /home/airflow/.local/lib/python3.7/site-packages/airflow/example_dags/tutorial.py for tasks to queue
[2023-07-27T02:04:26.249+0000] {logging_mixin.py:150} INFO - [2023-07-27T02:04:26.248+0000] {dagbag.py:541} INFO - Filling up the DagBag from /home/airflow/.local/lib/python3.7/site-packages/airflow/example_dags/tutorial.py
[2023-07-27T02:04:26.256+0000] {processor.py:836} INFO - DAG(s) dict_keys(['tutorial']) retrieved from /home/airflow/.local/lib/python3.7/site-packages/airflow/example_dags/tutorial.py
[2023-07-27T02:04:26.281+0000] {logging_mixin.py:150} INFO - [2023-07-27T02:04:26.280+0000] {dag.py:2742} INFO - Sync 1 DAGs
[2023-07-27T02:04:26.308+0000] {logging_mixin.py:150} INFO - [2023-07-27T02:04:26.308+0000] {dag.py:3508} INFO - Setting next_dagrun for tutorial to 2023-07-26T02:04:26.308297+00:00, run_after=2023-07-27T02:04:26.308297+00:00
[2023-07-27T02:04:26.330+0000] {processor.py:179} INFO - Processing /home/airflow/.local/lib/python3.7/site-packages/airflow/example_dags/tutorial.py took 0.088 seconds
[2023-07-27T02:04:56.965+0000] {processor.py:157} INFO - Started process (PID=5408) to work on /home/airflow/.local/lib/python3.7/site-packages/airflow/example_dags/tutorial.py
[2023-07-27T02:04:56.967+0000] {processor.py:826} INFO - Processing file /home/airflow/.local/lib/python3.7/site-packages/airflow/example_dags/tutorial.py for tasks to queue
[2023-07-27T02:04:56.968+0000] {logging_mixin.py:150} INFO - [2023-07-27T02:04:56.968+0000] {dagbag.py:541} INFO - Filling up the DagBag from /home/airflow/.local/lib/python3.7/site-packages/airflow/example_dags/tutorial.py
[2023-07-27T02:04:56.975+0000] {processor.py:836} INFO - DAG(s) dict_keys(['tutorial']) retrieved from /home/airflow/.local/lib/python3.7/site-packages/airflow/example_dags/tutorial.py
[2023-07-27T02:04:57.000+0000] {logging_mixin.py:150} INFO - [2023-07-27T02:04:57.000+0000] {dag.py:2742} INFO - Sync 1 DAGs
[2023-07-27T02:04:57.027+0000] {logging_mixin.py:150} INFO - [2023-07-27T02:04:57.027+0000] {dag.py:3508} INFO - Setting next_dagrun for tutorial to 2023-07-26T02:04:57.027414+00:00, run_after=2023-07-27T02:04:57.027414+00:00
[2023-07-27T02:04:57.162+0000] {processor.py:179} INFO - Processing /home/airflow/.local/lib/python3.7/site-packages/airflow/example_dags/tutorial.py took 0.199 seconds
[2023-07-27T02:05:28.036+0000] {processor.py:157} INFO - Started process (PID=5469) to work on /home/airflow/.local/lib/python3.7/site-packages/airflow/example_dags/tutorial.py
[2023-07-27T02:05:28.037+0000] {processor.py:826} INFO - Processing file /home/airflow/.local/lib/python3.7/site-packages/airflow/example_dags/tutorial.py for tasks to queue
[2023-07-27T02:05:28.038+0000] {logging_mixin.py:150} INFO - [2023-07-27T02:05:28.038+0000] {dagbag.py:541} INFO - Filling up the DagBag from /home/airflow/.local/lib/python3.7/site-packages/airflow/example_dags/tutorial.py
[2023-07-27T02:05:28.046+0000] {processor.py:836} INFO - DAG(s) dict_keys(['tutorial']) retrieved from /home/airflow/.local/lib/python3.7/site-packages/airflow/example_dags/tutorial.py
[2023-07-27T02:05:28.071+0000] {logging_mixin.py:150} INFO - [2023-07-27T02:05:28.071+0000] {dag.py:2742} INFO - Sync 1 DAGs
[2023-07-27T02:05:28.099+0000] {logging_mixin.py:150} INFO - [2023-07-27T02:05:28.098+0000] {dag.py:3508} INFO - Setting next_dagrun for tutorial to 2023-07-26T02:05:28.098633+00:00, run_after=2023-07-27T02:05:28.098633+00:00
[2023-07-27T02:05:28.122+0000] {processor.py:179} INFO - Processing /home/airflow/.local/lib/python3.7/site-packages/airflow/example_dags/tutorial.py took 0.090 seconds
[2023-07-27T02:05:58.590+0000] {processor.py:157} INFO - Started process (PID=5528) to work on /home/airflow/.local/lib/python3.7/site-packages/airflow/example_dags/tutorial.py
[2023-07-27T02:05:58.591+0000] {processor.py:826} INFO - Processing file /home/airflow/.local/lib/python3.7/site-packages/airflow/example_dags/tutorial.py for tasks to queue
[2023-07-27T02:05:58.592+0000] {logging_mixin.py:150} INFO - [2023-07-27T02:05:58.592+0000] {dagbag.py:541} INFO - Filling up the DagBag from /home/airflow/.local/lib/python3.7/site-packages/airflow/example_dags/tutorial.py
[2023-07-27T02:05:58.599+0000] {processor.py:836} INFO - DAG(s) dict_keys(['tutorial']) retrieved from /home/airflow/.local/lib/python3.7/site-packages/airflow/example_dags/tutorial.py
[2023-07-27T02:05:58.625+0000] {logging_mixin.py:150} INFO - [2023-07-27T02:05:58.625+0000] {dag.py:2742} INFO - Sync 1 DAGs
[2023-07-27T02:05:58.653+0000] {logging_mixin.py:150} INFO - [2023-07-27T02:05:58.653+0000] {dag.py:3508} INFO - Setting next_dagrun for tutorial to 2023-07-26T02:05:58.653270+00:00, run_after=2023-07-27T02:05:58.653270+00:00
[2023-07-27T02:05:58.678+0000] {processor.py:179} INFO - Processing /home/airflow/.local/lib/python3.7/site-packages/airflow/example_dags/tutorial.py took 0.092 seconds
[2023-07-27T02:06:29.202+0000] {processor.py:157} INFO - Started process (PID=5588) to work on /home/airflow/.local/lib/python3.7/site-packages/airflow/example_dags/tutorial.py
[2023-07-27T02:06:29.204+0000] {processor.py:826} INFO - Processing file /home/airflow/.local/lib/python3.7/site-packages/airflow/example_dags/tutorial.py for tasks to queue
[2023-07-27T02:06:29.205+0000] {logging_mixin.py:150} INFO - [2023-07-27T02:06:29.204+0000] {dagbag.py:541} INFO - Filling up the DagBag from /home/airflow/.local/lib/python3.7/site-packages/airflow/example_dags/tutorial.py
[2023-07-27T02:06:29.212+0000] {processor.py:836} INFO - DAG(s) dict_keys(['tutorial']) retrieved from /home/airflow/.local/lib/python3.7/site-packages/airflow/example_dags/tutorial.py
[2023-07-27T02:06:29.238+0000] {logging_mixin.py:150} INFO - [2023-07-27T02:06:29.238+0000] {dag.py:2742} INFO - Sync 1 DAGs
[2023-07-27T02:06:29.266+0000] {logging_mixin.py:150} INFO - [2023-07-27T02:06:29.266+0000] {dag.py:3508} INFO - Setting next_dagrun for tutorial to 2023-07-26T02:06:29.266376+00:00, run_after=2023-07-27T02:06:29.266376+00:00
[2023-07-27T02:06:29.296+0000] {processor.py:179} INFO - Processing /home/airflow/.local/lib/python3.7/site-packages/airflow/example_dags/tutorial.py took 0.098 seconds
[2023-07-27T02:07:00.041+0000] {processor.py:157} INFO - Started process (PID=5648) to work on /home/airflow/.local/lib/python3.7/site-packages/airflow/example_dags/tutorial.py
[2023-07-27T02:07:00.043+0000] {processor.py:826} INFO - Processing file /home/airflow/.local/lib/python3.7/site-packages/airflow/example_dags/tutorial.py for tasks to queue
[2023-07-27T02:07:00.044+0000] {logging_mixin.py:150} INFO - [2023-07-27T02:07:00.044+0000] {dagbag.py:541} INFO - Filling up the DagBag from /home/airflow/.local/lib/python3.7/site-packages/airflow/example_dags/tutorial.py
[2023-07-27T02:07:00.053+0000] {processor.py:836} INFO - DAG(s) dict_keys(['tutorial']) retrieved from /home/airflow/.local/lib/python3.7/site-packages/airflow/example_dags/tutorial.py
[2023-07-27T02:07:00.082+0000] {logging_mixin.py:150} INFO - [2023-07-27T02:07:00.081+0000] {dag.py:2742} INFO - Sync 1 DAGs
[2023-07-27T02:07:00.111+0000] {logging_mixin.py:150} INFO - [2023-07-27T02:07:00.110+0000] {dag.py:3508} INFO - Setting next_dagrun for tutorial to 2023-07-26T02:07:00.110544+00:00, run_after=2023-07-27T02:07:00.110544+00:00
[2023-07-27T02:07:00.251+0000] {processor.py:179} INFO - Processing /home/airflow/.local/lib/python3.7/site-packages/airflow/example_dags/tutorial.py took 0.215 seconds
[2023-07-27T02:07:30.446+0000] {processor.py:157} INFO - Started process (PID=5708) to work on /home/airflow/.local/lib/python3.7/site-packages/airflow/example_dags/tutorial.py
[2023-07-27T02:07:30.447+0000] {processor.py:826} INFO - Processing file /home/airflow/.local/lib/python3.7/site-packages/airflow/example_dags/tutorial.py for tasks to queue
[2023-07-27T02:07:30.449+0000] {logging_mixin.py:150} INFO - [2023-07-27T02:07:30.448+0000] {dagbag.py:541} INFO - Filling up the DagBag from /home/airflow/.local/lib/python3.7/site-packages/airflow/example_dags/tutorial.py
[2023-07-27T02:07:30.458+0000] {processor.py:836} INFO - DAG(s) dict_keys(['tutorial']) retrieved from /home/airflow/.local/lib/python3.7/site-packages/airflow/example_dags/tutorial.py
[2023-07-27T02:07:30.484+0000] {logging_mixin.py:150} INFO - [2023-07-27T02:07:30.484+0000] {dag.py:2742} INFO - Sync 1 DAGs
[2023-07-27T02:07:30.512+0000] {logging_mixin.py:150} INFO - [2023-07-27T02:07:30.511+0000] {dag.py:3508} INFO - Setting next_dagrun for tutorial to 2023-07-26T02:07:30.511542+00:00, run_after=2023-07-27T02:07:30.511542+00:00
[2023-07-27T02:07:30.535+0000] {processor.py:179} INFO - Processing /home/airflow/.local/lib/python3.7/site-packages/airflow/example_dags/tutorial.py took 0.093 seconds
[2023-07-27T02:08:01.324+0000] {processor.py:157} INFO - Started process (PID=5768) to work on /home/airflow/.local/lib/python3.7/site-packages/airflow/example_dags/tutorial.py
[2023-07-27T02:08:01.325+0000] {processor.py:826} INFO - Processing file /home/airflow/.local/lib/python3.7/site-packages/airflow/example_dags/tutorial.py for tasks to queue
[2023-07-27T02:08:01.327+0000] {logging_mixin.py:150} INFO - [2023-07-27T02:08:01.326+0000] {dagbag.py:541} INFO - Filling up the DagBag from /home/airflow/.local/lib/python3.7/site-packages/airflow/example_dags/tutorial.py
[2023-07-27T02:08:01.334+0000] {processor.py:836} INFO - DAG(s) dict_keys(['tutorial']) retrieved from /home/airflow/.local/lib/python3.7/site-packages/airflow/example_dags/tutorial.py
[2023-07-27T02:08:01.374+0000] {logging_mixin.py:150} INFO - [2023-07-27T02:08:01.374+0000] {dag.py:2742} INFO - Sync 1 DAGs
[2023-07-27T02:08:01.421+0000] {logging_mixin.py:150} INFO - [2023-07-27T02:08:01.421+0000] {dag.py:3508} INFO - Setting next_dagrun for tutorial to 2023-07-26T02:08:01.420909+00:00, run_after=2023-07-27T02:08:01.420909+00:00
[2023-07-27T02:08:01.471+0000] {processor.py:179} INFO - Processing /home/airflow/.local/lib/python3.7/site-packages/airflow/example_dags/tutorial.py took 0.156 seconds
[2023-07-27T02:08:32.308+0000] {processor.py:157} INFO - Started process (PID=5829) to work on /home/airflow/.local/lib/python3.7/site-packages/airflow/example_dags/tutorial.py
[2023-07-27T02:08:32.310+0000] {processor.py:826} INFO - Processing file /home/airflow/.local/lib/python3.7/site-packages/airflow/example_dags/tutorial.py for tasks to queue
[2023-07-27T02:08:32.311+0000] {logging_mixin.py:150} INFO - [2023-07-27T02:08:32.311+0000] {dagbag.py:541} INFO - Filling up the DagBag from /home/airflow/.local/lib/python3.7/site-packages/airflow/example_dags/tutorial.py
[2023-07-27T02:08:32.319+0000] {processor.py:836} INFO - DAG(s) dict_keys(['tutorial']) retrieved from /home/airflow/.local/lib/python3.7/site-packages/airflow/example_dags/tutorial.py
[2023-07-27T02:08:32.346+0000] {logging_mixin.py:150} INFO - [2023-07-27T02:08:32.346+0000] {dag.py:2742} INFO - Sync 1 DAGs
[2023-07-27T02:08:32.495+0000] {logging_mixin.py:150} INFO - [2023-07-27T02:08:32.494+0000] {dag.py:3508} INFO - Setting next_dagrun for tutorial to 2023-07-26T02:08:32.494804+00:00, run_after=2023-07-27T02:08:32.494804+00:00
[2023-07-27T02:08:32.522+0000] {processor.py:179} INFO - Processing /home/airflow/.local/lib/python3.7/site-packages/airflow/example_dags/tutorial.py took 0.217 seconds
[2023-07-27T02:09:02.682+0000] {processor.py:157} INFO - Started process (PID=5889) to work on /home/airflow/.local/lib/python3.7/site-packages/airflow/example_dags/tutorial.py
[2023-07-27T02:09:02.683+0000] {processor.py:826} INFO - Processing file /home/airflow/.local/lib/python3.7/site-packages/airflow/example_dags/tutorial.py for tasks to queue
[2023-07-27T02:09:02.684+0000] {logging_mixin.py:150} INFO - [2023-07-27T02:09:02.684+0000] {dagbag.py:541} INFO - Filling up the DagBag from /home/airflow/.local/lib/python3.7/site-packages/airflow/example_dags/tutorial.py
[2023-07-27T02:09:02.692+0000] {processor.py:836} INFO - DAG(s) dict_keys(['tutorial']) retrieved from /home/airflow/.local/lib/python3.7/site-packages/airflow/example_dags/tutorial.py
[2023-07-27T02:09:02.722+0000] {logging_mixin.py:150} INFO - [2023-07-27T02:09:02.721+0000] {dag.py:2742} INFO - Sync 1 DAGs
[2023-07-27T02:09:02.752+0000] {logging_mixin.py:150} INFO - [2023-07-27T02:09:02.752+0000] {dag.py:3508} INFO - Setting next_dagrun for tutorial to 2023-07-26T02:09:02.752029+00:00, run_after=2023-07-27T02:09:02.752029+00:00
[2023-07-27T02:09:02.804+0000] {processor.py:179} INFO - Processing /home/airflow/.local/lib/python3.7/site-packages/airflow/example_dags/tutorial.py took 0.126 seconds
[2023-07-27T02:09:32.853+0000] {processor.py:157} INFO - Started process (PID=5948) to work on /home/airflow/.local/lib/python3.7/site-packages/airflow/example_dags/tutorial.py
[2023-07-27T02:09:32.855+0000] {processor.py:826} INFO - Processing file /home/airflow/.local/lib/python3.7/site-packages/airflow/example_dags/tutorial.py for tasks to queue
[2023-07-27T02:09:32.856+0000] {logging_mixin.py:150} INFO - [2023-07-27T02:09:32.855+0000] {dagbag.py:541} INFO - Filling up the DagBag from /home/airflow/.local/lib/python3.7/site-packages/airflow/example_dags/tutorial.py
[2023-07-27T02:09:32.863+0000] {processor.py:836} INFO - DAG(s) dict_keys(['tutorial']) retrieved from /home/airflow/.local/lib/python3.7/site-packages/airflow/example_dags/tutorial.py
[2023-07-27T02:09:32.888+0000] {logging_mixin.py:150} INFO - [2023-07-27T02:09:32.887+0000] {dag.py:2742} INFO - Sync 1 DAGs
[2023-07-27T02:09:32.916+0000] {logging_mixin.py:150} INFO - [2023-07-27T02:09:32.916+0000] {dag.py:3508} INFO - Setting next_dagrun for tutorial to 2023-07-26T02:09:32.916402+00:00, run_after=2023-07-27T02:09:32.916402+00:00
[2023-07-27T02:09:32.940+0000] {processor.py:179} INFO - Processing /home/airflow/.local/lib/python3.7/site-packages/airflow/example_dags/tutorial.py took 0.090 seconds
[2023-07-27T02:10:03.546+0000] {processor.py:157} INFO - Started process (PID=6009) to work on /home/airflow/.local/lib/python3.7/site-packages/airflow/example_dags/tutorial.py
[2023-07-27T02:10:03.548+0000] {processor.py:826} INFO - Processing file /home/airflow/.local/lib/python3.7/site-packages/airflow/example_dags/tutorial.py for tasks to queue
[2023-07-27T02:10:03.549+0000] {logging_mixin.py:150} INFO - [2023-07-27T02:10:03.549+0000] {dagbag.py:541} INFO - Filling up the DagBag from /home/airflow/.local/lib/python3.7/site-packages/airflow/example_dags/tutorial.py
[2023-07-27T02:10:03.559+0000] {processor.py:836} INFO - DAG(s) dict_keys(['tutorial']) retrieved from /home/airflow/.local/lib/python3.7/site-packages/airflow/example_dags/tutorial.py
[2023-07-27T02:10:03.592+0000] {logging_mixin.py:150} INFO - [2023-07-27T02:10:03.592+0000] {dag.py:2742} INFO - Sync 1 DAGs
[2023-07-27T02:10:03.746+0000] {logging_mixin.py:150} INFO - [2023-07-27T02:10:03.746+0000] {dag.py:3508} INFO - Setting next_dagrun for tutorial to 2023-07-26T02:10:03.746325+00:00, run_after=2023-07-27T02:10:03.746325+00:00
[2023-07-27T02:10:03.773+0000] {processor.py:179} INFO - Processing /home/airflow/.local/lib/python3.7/site-packages/airflow/example_dags/tutorial.py took 0.231 seconds
[2023-07-27T02:10:34.233+0000] {processor.py:157} INFO - Started process (PID=6070) to work on /home/airflow/.local/lib/python3.7/site-packages/airflow/example_dags/tutorial.py
[2023-07-27T02:10:34.235+0000] {processor.py:826} INFO - Processing file /home/airflow/.local/lib/python3.7/site-packages/airflow/example_dags/tutorial.py for tasks to queue
[2023-07-27T02:10:34.236+0000] {logging_mixin.py:150} INFO - [2023-07-27T02:10:34.235+0000] {dagbag.py:541} INFO - Filling up the DagBag from /home/airflow/.local/lib/python3.7/site-packages/airflow/example_dags/tutorial.py
[2023-07-27T02:10:34.244+0000] {processor.py:836} INFO - DAG(s) dict_keys(['tutorial']) retrieved from /home/airflow/.local/lib/python3.7/site-packages/airflow/example_dags/tutorial.py
[2023-07-27T02:10:34.274+0000] {logging_mixin.py:150} INFO - [2023-07-27T02:10:34.273+0000] {dag.py:2742} INFO - Sync 1 DAGs
[2023-07-27T02:10:34.303+0000] {logging_mixin.py:150} INFO - [2023-07-27T02:10:34.303+0000] {dag.py:3508} INFO - Setting next_dagrun for tutorial to 2023-07-26T02:10:34.302800+00:00, run_after=2023-07-27T02:10:34.302800+00:00
[2023-07-27T02:10:34.328+0000] {processor.py:179} INFO - Processing /home/airflow/.local/lib/python3.7/site-packages/airflow/example_dags/tutorial.py took 0.099 seconds
