[2023-07-26T21:23:50.958+0000] {taskinstance.py:1103} INFO - Dependencies all met for dep_context=non-requeueable deps ti=<TaskInstance: empower_to_ggdrive.cleaning scheduled__2023-07-12T00:00:00+00:00 [queued]>
[2023-07-26T21:23:51.052+0000] {taskinstance.py:1103} INFO - Dependencies all met for dep_context=requeueable deps ti=<TaskInstance: empower_to_ggdrive.cleaning scheduled__2023-07-12T00:00:00+00:00 [queued]>
[2023-07-26T21:23:51.074+0000] {taskinstance.py:1308} INFO - Starting attempt 1 of 2
[2023-07-26T21:23:51.147+0000] {taskinstance.py:1327} INFO - Executing <Task(PythonOperator): cleaning> on 2023-07-12 00:00:00+00:00
[2023-07-26T21:23:51.194+0000] {standard_task_runner.py:57} INFO - Started process 176 to run task
[2023-07-26T21:23:51.202+0000] {standard_task_runner.py:84} INFO - Running: ['***', 'tasks', 'run', 'empower_to_ggdrive', 'cleaning', 'scheduled__2023-07-12T00:00:00+00:00', '--job-id', '91', '--raw', '--subdir', 'DAGS_FOLDER/empower_to_ggdrive.py', '--cfg-path', '/tmp/tmpu3ir2zu5']
[2023-07-26T21:23:51.220+0000] {standard_task_runner.py:85} INFO - Job 91: Subtask cleaning
[2023-07-26T21:23:51.390+0000] {task_command.py:410} INFO - Running <TaskInstance: empower_to_ggdrive.cleaning scheduled__2023-07-12T00:00:00+00:00 [running]> on host 4139e27af0e6
[2023-07-26T21:23:51.533+0000] {taskinstance.py:1547} INFO - Exporting env vars: AIRFLOW_CTX_DAG_OWNER='***' AIRFLOW_CTX_DAG_ID='empower_to_ggdrive' AIRFLOW_CTX_TASK_ID='cleaning' AIRFLOW_CTX_EXECUTION_DATE='2023-07-12T00:00:00+00:00' AIRFLOW_CTX_TRY_NUMBER='1' AIRFLOW_CTX_DAG_RUN_ID='scheduled__2023-07-12T00:00:00+00:00'
[2023-07-26T21:23:51.690+0000] {python.py:183} INFO - Done. Returned value was: None
[2023-07-26T21:23:51.712+0000] {taskinstance.py:1350} INFO - Marking task as SUCCESS. dag_id=empower_to_ggdrive, task_id=cleaning, execution_date=20230712T000000, start_date=20230726T212350, end_date=20230726T212351
[2023-07-26T21:23:51.749+0000] {local_task_job_runner.py:225} INFO - Task exited with return code 0
[2023-07-26T21:23:51.776+0000] {taskinstance.py:2653} INFO - 0 downstream tasks scheduled from follow-on schedule check
[2023-07-26T21:58:16.462+0000] {taskinstance.py:1103} INFO - Dependencies all met for dep_context=non-requeueable deps ti=<TaskInstance: empower_to_ggdrive.cleaning scheduled__2023-07-12T00:00:00+00:00 [queued]>
[2023-07-26T21:58:16.497+0000] {taskinstance.py:1103} INFO - Dependencies all met for dep_context=requeueable deps ti=<TaskInstance: empower_to_ggdrive.cleaning scheduled__2023-07-12T00:00:00+00:00 [queued]>
[2023-07-26T21:58:16.554+0000] {taskinstance.py:1308} INFO - Starting attempt 1 of 2
[2023-07-26T21:58:16.630+0000] {taskinstance.py:1327} INFO - Executing <Task(PythonOperator): cleaning> on 2023-07-12 00:00:00+00:00
[2023-07-26T21:58:16.637+0000] {standard_task_runner.py:57} INFO - Started process 153 to run task
[2023-07-26T21:58:16.700+0000] {standard_task_runner.py:84} INFO - Running: ['***', 'tasks', 'run', 'empower_to_ggdrive', 'cleaning', 'scheduled__2023-07-12T00:00:00+00:00', '--job-id', '160', '--raw', '--subdir', 'DAGS_FOLDER/empower_to_ggdrive.py', '--cfg-path', '/tmp/tmpmuvmjfle']
[2023-07-26T21:58:16.745+0000] {standard_task_runner.py:85} INFO - Job 160: Subtask cleaning
[2023-07-26T21:58:17.234+0000] {task_command.py:410} INFO - Running <TaskInstance: empower_to_ggdrive.cleaning scheduled__2023-07-12T00:00:00+00:00 [running]> on host bdafa43ae894
[2023-07-26T21:58:17.542+0000] {taskinstance.py:1547} INFO - Exporting env vars: AIRFLOW_CTX_DAG_OWNER='***' AIRFLOW_CTX_DAG_ID='empower_to_ggdrive' AIRFLOW_CTX_TASK_ID='cleaning' AIRFLOW_CTX_EXECUTION_DATE='2023-07-12T00:00:00+00:00' AIRFLOW_CTX_TRY_NUMBER='1' AIRFLOW_CTX_DAG_RUN_ID='scheduled__2023-07-12T00:00:00+00:00'
[2023-07-26T21:58:21.267+0000] {python.py:183} INFO - Done. Returned value was: None
[2023-07-26T21:58:21.293+0000] {taskinstance.py:1350} INFO - Marking task as SUCCESS. dag_id=empower_to_ggdrive, task_id=cleaning, execution_date=20230712T000000, start_date=20230726T215816, end_date=20230726T215821
[2023-07-26T21:58:21.427+0000] {local_task_job_runner.py:225} INFO - Task exited with return code 0
[2023-07-26T21:58:21.463+0000] {taskinstance.py:2653} INFO - 0 downstream tasks scheduled from follow-on schedule check
