[2023-07-26T21:24:02.383+0000] {taskinstance.py:1103} INFO - Dependencies all met for dep_context=non-requeueable deps ti=<TaskInstance: empower_to_ggdrive.cleaning scheduled__2023-07-19T00:00:00+00:00 [queued]>
[2023-07-26T21:24:02.423+0000] {taskinstance.py:1103} INFO - Dependencies all met for dep_context=requeueable deps ti=<TaskInstance: empower_to_ggdrive.cleaning scheduled__2023-07-19T00:00:00+00:00 [queued]>
[2023-07-26T21:24:02.424+0000] {taskinstance.py:1308} INFO - Starting attempt 1 of 2
[2023-07-26T21:24:02.517+0000] {taskinstance.py:1327} INFO - Executing <Task(PythonOperator): cleaning> on 2023-07-19 00:00:00+00:00
[2023-07-26T21:24:02.544+0000] {standard_task_runner.py:57} INFO - Started process 264 to run task
[2023-07-26T21:24:02.559+0000] {standard_task_runner.py:84} INFO - Running: ['***', 'tasks', 'run', 'empower_to_ggdrive', 'cleaning', 'scheduled__2023-07-19T00:00:00+00:00', '--job-id', '111', '--raw', '--subdir', 'DAGS_FOLDER/empower_to_ggdrive.py', '--cfg-path', '/tmp/tmpufpt5lmv']
[2023-07-26T21:24:02.577+0000] {standard_task_runner.py:85} INFO - Job 111: Subtask cleaning
[2023-07-26T21:24:02.725+0000] {task_command.py:410} INFO - Running <TaskInstance: empower_to_ggdrive.cleaning scheduled__2023-07-19T00:00:00+00:00 [running]> on host 4139e27af0e6
[2023-07-26T21:24:03.001+0000] {taskinstance.py:1547} INFO - Exporting env vars: AIRFLOW_CTX_DAG_OWNER='***' AIRFLOW_CTX_DAG_ID='empower_to_ggdrive' AIRFLOW_CTX_TASK_ID='cleaning' AIRFLOW_CTX_EXECUTION_DATE='2023-07-19T00:00:00+00:00' AIRFLOW_CTX_TRY_NUMBER='1' AIRFLOW_CTX_DAG_RUN_ID='scheduled__2023-07-19T00:00:00+00:00'
[2023-07-26T21:24:03.240+0000] {python.py:183} INFO - Done. Returned value was: None
[2023-07-26T21:24:03.267+0000] {taskinstance.py:1350} INFO - Marking task as SUCCESS. dag_id=empower_to_ggdrive, task_id=cleaning, execution_date=20230719T000000, start_date=20230726T212402, end_date=20230726T212403
[2023-07-26T21:24:03.330+0000] {local_task_job_runner.py:225} INFO - Task exited with return code 0
[2023-07-26T21:24:03.368+0000] {taskinstance.py:2653} INFO - 0 downstream tasks scheduled from follow-on schedule check
[2023-07-26T21:58:38.646+0000] {taskinstance.py:1103} INFO - Dependencies all met for dep_context=non-requeueable deps ti=<TaskInstance: empower_to_ggdrive.cleaning scheduled__2023-07-19T00:00:00+00:00 [queued]>
[2023-07-26T21:58:38.714+0000] {taskinstance.py:1103} INFO - Dependencies all met for dep_context=requeueable deps ti=<TaskInstance: empower_to_ggdrive.cleaning scheduled__2023-07-19T00:00:00+00:00 [queued]>
[2023-07-26T21:58:38.715+0000] {taskinstance.py:1308} INFO - Starting attempt 1 of 2
[2023-07-26T21:58:38.827+0000] {taskinstance.py:1327} INFO - Executing <Task(PythonOperator): cleaning> on 2023-07-19 00:00:00+00:00
[2023-07-26T21:58:38.836+0000] {standard_task_runner.py:57} INFO - Started process 400 to run task
[2023-07-26T21:58:38.854+0000] {standard_task_runner.py:84} INFO - Running: ['***', 'tasks', 'run', 'empower_to_ggdrive', 'cleaning', 'scheduled__2023-07-19T00:00:00+00:00', '--job-id', '190', '--raw', '--subdir', 'DAGS_FOLDER/empower_to_ggdrive.py', '--cfg-path', '/tmp/tmpkq2i1u5f']
[2023-07-26T21:58:38.864+0000] {standard_task_runner.py:85} INFO - Job 190: Subtask cleaning
[2023-07-26T21:58:38.988+0000] {task_command.py:410} INFO - Running <TaskInstance: empower_to_ggdrive.cleaning scheduled__2023-07-19T00:00:00+00:00 [running]> on host bdafa43ae894
[2023-07-26T21:58:39.150+0000] {taskinstance.py:1547} INFO - Exporting env vars: AIRFLOW_CTX_DAG_OWNER='***' AIRFLOW_CTX_DAG_ID='empower_to_ggdrive' AIRFLOW_CTX_TASK_ID='cleaning' AIRFLOW_CTX_EXECUTION_DATE='2023-07-19T00:00:00+00:00' AIRFLOW_CTX_TRY_NUMBER='1' AIRFLOW_CTX_DAG_RUN_ID='scheduled__2023-07-19T00:00:00+00:00'
[2023-07-26T21:58:40.653+0000] {python.py:183} INFO - Done. Returned value was: None
[2023-07-26T21:58:40.667+0000] {taskinstance.py:1350} INFO - Marking task as SUCCESS. dag_id=empower_to_ggdrive, task_id=cleaning, execution_date=20230719T000000, start_date=20230726T215838, end_date=20230726T215840
[2023-07-26T21:58:40.703+0000] {local_task_job_runner.py:225} INFO - Task exited with return code 0
[2023-07-26T21:58:40.723+0000] {taskinstance.py:2653} INFO - 0 downstream tasks scheduled from follow-on schedule check
