[2023-07-26T21:23:52.242+0000] {taskinstance.py:1103} INFO - Dependencies all met for dep_context=non-requeueable deps ti=<TaskInstance: empower_to_ggdrive.cleaning scheduled__2023-07-15T00:00:00+00:00 [queued]>
[2023-07-26T21:23:52.252+0000] {taskinstance.py:1103} INFO - Dependencies all met for dep_context=requeueable deps ti=<TaskInstance: empower_to_ggdrive.cleaning scheduled__2023-07-15T00:00:00+00:00 [queued]>
[2023-07-26T21:23:52.254+0000] {taskinstance.py:1308} INFO - Starting attempt 1 of 2
[2023-07-26T21:23:52.275+0000] {taskinstance.py:1327} INFO - Executing <Task(PythonOperator): cleaning> on 2023-07-15 00:00:00+00:00
[2023-07-26T21:23:52.281+0000] {standard_task_runner.py:57} INFO - Started process 187 to run task
[2023-07-26T21:23:52.286+0000] {standard_task_runner.py:84} INFO - Running: ['***', 'tasks', 'run', 'empower_to_ggdrive', 'cleaning', 'scheduled__2023-07-15T00:00:00+00:00', '--job-id', '95', '--raw', '--subdir', 'DAGS_FOLDER/empower_to_ggdrive.py', '--cfg-path', '/tmp/tmptigdynqt']
[2023-07-26T21:23:52.289+0000] {standard_task_runner.py:85} INFO - Job 95: Subtask cleaning
[2023-07-26T21:23:52.343+0000] {task_command.py:410} INFO - Running <TaskInstance: empower_to_ggdrive.cleaning scheduled__2023-07-15T00:00:00+00:00 [running]> on host 4139e27af0e6
[2023-07-26T21:23:52.445+0000] {taskinstance.py:1547} INFO - Exporting env vars: AIRFLOW_CTX_DAG_OWNER='***' AIRFLOW_CTX_DAG_ID='empower_to_ggdrive' AIRFLOW_CTX_TASK_ID='cleaning' AIRFLOW_CTX_EXECUTION_DATE='2023-07-15T00:00:00+00:00' AIRFLOW_CTX_TRY_NUMBER='1' AIRFLOW_CTX_DAG_RUN_ID='scheduled__2023-07-15T00:00:00+00:00'
[2023-07-26T21:23:52.553+0000] {python.py:183} INFO - Done. Returned value was: None
[2023-07-26T21:23:52.568+0000] {taskinstance.py:1350} INFO - Marking task as SUCCESS. dag_id=empower_to_ggdrive, task_id=cleaning, execution_date=20230715T000000, start_date=20230726T212352, end_date=20230726T212352
[2023-07-26T21:23:52.618+0000] {local_task_job_runner.py:225} INFO - Task exited with return code 0
[2023-07-26T21:23:52.637+0000] {taskinstance.py:2653} INFO - 0 downstream tasks scheduled from follow-on schedule check
[2023-07-26T21:58:16.326+0000] {taskinstance.py:1103} INFO - Dependencies all met for dep_context=non-requeueable deps ti=<TaskInstance: empower_to_ggdrive.cleaning scheduled__2023-07-15T00:00:00+00:00 [queued]>
[2023-07-26T21:58:16.376+0000] {taskinstance.py:1103} INFO - Dependencies all met for dep_context=requeueable deps ti=<TaskInstance: empower_to_ggdrive.cleaning scheduled__2023-07-15T00:00:00+00:00 [queued]>
[2023-07-26T21:58:16.394+0000] {taskinstance.py:1308} INFO - Starting attempt 1 of 2
[2023-07-26T21:58:16.580+0000] {taskinstance.py:1327} INFO - Executing <Task(PythonOperator): cleaning> on 2023-07-15 00:00:00+00:00
[2023-07-26T21:58:16.592+0000] {standard_task_runner.py:57} INFO - Started process 151 to run task
[2023-07-26T21:58:16.643+0000] {standard_task_runner.py:84} INFO - Running: ['***', 'tasks', 'run', 'empower_to_ggdrive', 'cleaning', 'scheduled__2023-07-15T00:00:00+00:00', '--job-id', '162', '--raw', '--subdir', 'DAGS_FOLDER/empower_to_ggdrive.py', '--cfg-path', '/tmp/tmpdkazpgev']
[2023-07-26T21:58:16.666+0000] {standard_task_runner.py:85} INFO - Job 162: Subtask cleaning
[2023-07-26T21:58:17.075+0000] {task_command.py:410} INFO - Running <TaskInstance: empower_to_ggdrive.cleaning scheduled__2023-07-15T00:00:00+00:00 [running]> on host bdafa43ae894
[2023-07-26T21:58:17.424+0000] {taskinstance.py:1547} INFO - Exporting env vars: AIRFLOW_CTX_DAG_OWNER='***' AIRFLOW_CTX_DAG_ID='empower_to_ggdrive' AIRFLOW_CTX_TASK_ID='cleaning' AIRFLOW_CTX_EXECUTION_DATE='2023-07-15T00:00:00+00:00' AIRFLOW_CTX_TRY_NUMBER='1' AIRFLOW_CTX_DAG_RUN_ID='scheduled__2023-07-15T00:00:00+00:00'
[2023-07-26T21:58:21.471+0000] {python.py:183} INFO - Done. Returned value was: None
[2023-07-26T21:58:21.508+0000] {taskinstance.py:1350} INFO - Marking task as SUCCESS. dag_id=empower_to_ggdrive, task_id=cleaning, execution_date=20230715T000000, start_date=20230726T215816, end_date=20230726T215821
[2023-07-26T21:58:21.602+0000] {local_task_job_runner.py:225} INFO - Task exited with return code 0
[2023-07-26T21:58:21.652+0000] {taskinstance.py:2653} INFO - 0 downstream tasks scheduled from follow-on schedule check
