[2023-07-26T21:24:03.266+0000] {taskinstance.py:1103} INFO - Dependencies all met for dep_context=non-requeueable deps ti=<TaskInstance: empower_to_ggdrive.cleaning scheduled__2023-07-24T00:00:00+00:00 [queued]>
[2023-07-26T21:24:03.293+0000] {taskinstance.py:1103} INFO - Dependencies all met for dep_context=requeueable deps ti=<TaskInstance: empower_to_ggdrive.cleaning scheduled__2023-07-24T00:00:00+00:00 [queued]>
[2023-07-26T21:24:03.296+0000] {taskinstance.py:1308} INFO - Starting attempt 1 of 2
[2023-07-26T21:24:03.330+0000] {taskinstance.py:1327} INFO - Executing <Task(PythonOperator): cleaning> on 2023-07-24 00:00:00+00:00
[2023-07-26T21:24:03.339+0000] {standard_task_runner.py:57} INFO - Started process 271 to run task
[2023-07-26T21:24:03.346+0000] {standard_task_runner.py:84} INFO - Running: ['***', 'tasks', 'run', 'empower_to_ggdrive', 'cleaning', 'scheduled__2023-07-24T00:00:00+00:00', '--job-id', '114', '--raw', '--subdir', 'DAGS_FOLDER/empower_to_ggdrive.py', '--cfg-path', '/tmp/tmpaw4bxidc']
[2023-07-26T21:24:03.354+0000] {standard_task_runner.py:85} INFO - Job 114: Subtask cleaning
[2023-07-26T21:24:03.479+0000] {task_command.py:410} INFO - Running <TaskInstance: empower_to_ggdrive.cleaning scheduled__2023-07-24T00:00:00+00:00 [running]> on host 4139e27af0e6
[2023-07-26T21:24:03.627+0000] {taskinstance.py:1547} INFO - Exporting env vars: AIRFLOW_CTX_DAG_OWNER='***' AIRFLOW_CTX_DAG_ID='empower_to_ggdrive' AIRFLOW_CTX_TASK_ID='cleaning' AIRFLOW_CTX_EXECUTION_DATE='2023-07-24T00:00:00+00:00' AIRFLOW_CTX_TRY_NUMBER='1' AIRFLOW_CTX_DAG_RUN_ID='scheduled__2023-07-24T00:00:00+00:00'
[2023-07-26T21:24:03.752+0000] {python.py:183} INFO - Done. Returned value was: None
[2023-07-26T21:24:03.773+0000] {taskinstance.py:1350} INFO - Marking task as SUCCESS. dag_id=empower_to_ggdrive, task_id=cleaning, execution_date=20230724T000000, start_date=20230726T212403, end_date=20230726T212403
[2023-07-26T21:24:03.809+0000] {local_task_job_runner.py:225} INFO - Task exited with return code 0
[2023-07-26T21:24:03.831+0000] {taskinstance.py:2653} INFO - 0 downstream tasks scheduled from follow-on schedule check
[2023-07-26T21:58:38.905+0000] {taskinstance.py:1103} INFO - Dependencies all met for dep_context=non-requeueable deps ti=<TaskInstance: empower_to_ggdrive.cleaning scheduled__2023-07-24T00:00:00+00:00 [queued]>
[2023-07-26T21:58:38.917+0000] {taskinstance.py:1103} INFO - Dependencies all met for dep_context=requeueable deps ti=<TaskInstance: empower_to_ggdrive.cleaning scheduled__2023-07-24T00:00:00+00:00 [queued]>
[2023-07-26T21:58:38.918+0000] {taskinstance.py:1308} INFO - Starting attempt 1 of 2
[2023-07-26T21:58:38.940+0000] {taskinstance.py:1327} INFO - Executing <Task(PythonOperator): cleaning> on 2023-07-24 00:00:00+00:00
[2023-07-26T21:58:38.950+0000] {standard_task_runner.py:57} INFO - Started process 403 to run task
[2023-07-26T21:58:38.962+0000] {standard_task_runner.py:84} INFO - Running: ['***', 'tasks', 'run', 'empower_to_ggdrive', 'cleaning', 'scheduled__2023-07-24T00:00:00+00:00', '--job-id', '191', '--raw', '--subdir', 'DAGS_FOLDER/empower_to_ggdrive.py', '--cfg-path', '/tmp/tmpy_dnpttp']
[2023-07-26T21:58:38.968+0000] {standard_task_runner.py:85} INFO - Job 191: Subtask cleaning
[2023-07-26T21:58:39.074+0000] {task_command.py:410} INFO - Running <TaskInstance: empower_to_ggdrive.cleaning scheduled__2023-07-24T00:00:00+00:00 [running]> on host bdafa43ae894
[2023-07-26T21:58:39.258+0000] {taskinstance.py:1547} INFO - Exporting env vars: AIRFLOW_CTX_DAG_OWNER='***' AIRFLOW_CTX_DAG_ID='empower_to_ggdrive' AIRFLOW_CTX_TASK_ID='cleaning' AIRFLOW_CTX_EXECUTION_DATE='2023-07-24T00:00:00+00:00' AIRFLOW_CTX_TRY_NUMBER='1' AIRFLOW_CTX_DAG_RUN_ID='scheduled__2023-07-24T00:00:00+00:00'
[2023-07-26T21:58:40.642+0000] {python.py:183} INFO - Done. Returned value was: None
[2023-07-26T21:58:40.657+0000] {taskinstance.py:1350} INFO - Marking task as SUCCESS. dag_id=empower_to_ggdrive, task_id=cleaning, execution_date=20230724T000000, start_date=20230726T215838, end_date=20230726T215840
[2023-07-26T21:58:40.712+0000] {local_task_job_runner.py:225} INFO - Task exited with return code 0
[2023-07-26T21:58:40.734+0000] {taskinstance.py:2653} INFO - 0 downstream tasks scheduled from follow-on schedule check
