[2023-07-26T21:23:59.360+0000] {taskinstance.py:1103} INFO - Dependencies all met for dep_context=non-requeueable deps ti=<TaskInstance: empower_to_ggdrive.cleaning scheduled__2023-07-16T00:00:00+00:00 [queued]>
[2023-07-26T21:23:59.391+0000] {taskinstance.py:1103} INFO - Dependencies all met for dep_context=requeueable deps ti=<TaskInstance: empower_to_ggdrive.cleaning scheduled__2023-07-16T00:00:00+00:00 [queued]>
[2023-07-26T21:23:59.393+0000] {taskinstance.py:1308} INFO - Starting attempt 1 of 2
[2023-07-26T21:23:59.425+0000] {taskinstance.py:1327} INFO - Executing <Task(PythonOperator): cleaning> on 2023-07-16 00:00:00+00:00
[2023-07-26T21:23:59.432+0000] {standard_task_runner.py:57} INFO - Started process 233 to run task
[2023-07-26T21:23:59.443+0000] {standard_task_runner.py:84} INFO - Running: ['***', 'tasks', 'run', 'empower_to_ggdrive', 'cleaning', 'scheduled__2023-07-16T00:00:00+00:00', '--job-id', '105', '--raw', '--subdir', 'DAGS_FOLDER/empower_to_ggdrive.py', '--cfg-path', '/tmp/tmpyz1dn5ne']
[2023-07-26T21:23:59.447+0000] {standard_task_runner.py:85} INFO - Job 105: Subtask cleaning
[2023-07-26T21:23:59.654+0000] {task_command.py:410} INFO - Running <TaskInstance: empower_to_ggdrive.cleaning scheduled__2023-07-16T00:00:00+00:00 [running]> on host 4139e27af0e6
[2023-07-26T21:23:59.880+0000] {taskinstance.py:1547} INFO - Exporting env vars: AIRFLOW_CTX_DAG_OWNER='***' AIRFLOW_CTX_DAG_ID='empower_to_ggdrive' AIRFLOW_CTX_TASK_ID='cleaning' AIRFLOW_CTX_EXECUTION_DATE='2023-07-16T00:00:00+00:00' AIRFLOW_CTX_TRY_NUMBER='1' AIRFLOW_CTX_DAG_RUN_ID='scheduled__2023-07-16T00:00:00+00:00'
[2023-07-26T21:24:00.154+0000] {python.py:183} INFO - Done. Returned value was: None
[2023-07-26T21:24:00.177+0000] {taskinstance.py:1350} INFO - Marking task as SUCCESS. dag_id=empower_to_ggdrive, task_id=cleaning, execution_date=20230716T000000, start_date=20230726T212359, end_date=20230726T212400
[2023-07-26T21:24:00.269+0000] {local_task_job_runner.py:225} INFO - Task exited with return code 0
[2023-07-26T21:24:00.300+0000] {taskinstance.py:2653} INFO - 0 downstream tasks scheduled from follow-on schedule check
[2023-07-26T21:58:16.819+0000] {taskinstance.py:1103} INFO - Dependencies all met for dep_context=non-requeueable deps ti=<TaskInstance: empower_to_ggdrive.cleaning scheduled__2023-07-16T00:00:00+00:00 [queued]>
[2023-07-26T21:58:16.873+0000] {taskinstance.py:1103} INFO - Dependencies all met for dep_context=requeueable deps ti=<TaskInstance: empower_to_ggdrive.cleaning scheduled__2023-07-16T00:00:00+00:00 [queued]>
[2023-07-26T21:58:16.877+0000] {taskinstance.py:1308} INFO - Starting attempt 1 of 2
[2023-07-26T21:58:16.946+0000] {taskinstance.py:1327} INFO - Executing <Task(PythonOperator): cleaning> on 2023-07-16 00:00:00+00:00
[2023-07-26T21:58:16.960+0000] {standard_task_runner.py:57} INFO - Started process 158 to run task
[2023-07-26T21:58:17.102+0000] {standard_task_runner.py:84} INFO - Running: ['***', 'tasks', 'run', 'empower_to_ggdrive', 'cleaning', 'scheduled__2023-07-16T00:00:00+00:00', '--job-id', '168', '--raw', '--subdir', 'DAGS_FOLDER/empower_to_ggdrive.py', '--cfg-path', '/tmp/tmp1w5oloy6']
[2023-07-26T21:58:17.110+0000] {standard_task_runner.py:85} INFO - Job 168: Subtask cleaning
[2023-07-26T21:58:17.488+0000] {task_command.py:410} INFO - Running <TaskInstance: empower_to_ggdrive.cleaning scheduled__2023-07-16T00:00:00+00:00 [running]> on host bdafa43ae894
[2023-07-26T21:58:17.759+0000] {taskinstance.py:1547} INFO - Exporting env vars: AIRFLOW_CTX_DAG_OWNER='***' AIRFLOW_CTX_DAG_ID='empower_to_ggdrive' AIRFLOW_CTX_TASK_ID='cleaning' AIRFLOW_CTX_EXECUTION_DATE='2023-07-16T00:00:00+00:00' AIRFLOW_CTX_TRY_NUMBER='1' AIRFLOW_CTX_DAG_RUN_ID='scheduled__2023-07-16T00:00:00+00:00'
[2023-07-26T21:58:21.389+0000] {python.py:183} INFO - Done. Returned value was: None
[2023-07-26T21:58:21.416+0000] {taskinstance.py:1350} INFO - Marking task as SUCCESS. dag_id=empower_to_ggdrive, task_id=cleaning, execution_date=20230716T000000, start_date=20230726T215816, end_date=20230726T215821
[2023-07-26T21:58:21.537+0000] {local_task_job_runner.py:225} INFO - Task exited with return code 0
[2023-07-26T21:58:21.618+0000] {taskinstance.py:2653} INFO - 0 downstream tasks scheduled from follow-on schedule check
