[2023-07-26T21:23:39.811+0000] {taskinstance.py:1103} INFO - Dependencies all met for dep_context=non-requeueable deps ti=<TaskInstance: empower_to_ggdrive.scraping scheduled__2023-07-03T00:00:00+00:00 [queued]>
[2023-07-26T21:23:39.845+0000] {taskinstance.py:1103} INFO - Dependencies all met for dep_context=requeueable deps ti=<TaskInstance: empower_to_ggdrive.scraping scheduled__2023-07-03T00:00:00+00:00 [queued]>
[2023-07-26T21:23:39.856+0000] {taskinstance.py:1308} INFO - Starting attempt 1 of 2
[2023-07-26T21:23:39.957+0000] {taskinstance.py:1327} INFO - Executing <Task(PythonOperator): scraping> on 2023-07-03 00:00:00+00:00
[2023-07-26T21:23:39.981+0000] {standard_task_runner.py:57} INFO - Started process 85 to run task
[2023-07-26T21:23:40.010+0000] {standard_task_runner.py:84} INFO - Running: ['***', 'tasks', 'run', 'empower_to_ggdrive', 'scraping', 'scheduled__2023-07-03T00:00:00+00:00', '--job-id', '66', '--raw', '--subdir', 'DAGS_FOLDER/empower_to_ggdrive.py', '--cfg-path', '/tmp/tmpwisqhjcv']
[2023-07-26T21:23:40.051+0000] {standard_task_runner.py:85} INFO - Job 66: Subtask scraping
[2023-07-26T21:23:40.327+0000] {task_command.py:410} INFO - Running <TaskInstance: empower_to_ggdrive.scraping scheduled__2023-07-03T00:00:00+00:00 [running]> on host 4139e27af0e6
[2023-07-26T21:23:40.669+0000] {taskinstance.py:1547} INFO - Exporting env vars: AIRFLOW_CTX_DAG_OWNER='***' AIRFLOW_CTX_DAG_ID='empower_to_ggdrive' AIRFLOW_CTX_TASK_ID='scraping' AIRFLOW_CTX_EXECUTION_DATE='2023-07-03T00:00:00+00:00' AIRFLOW_CTX_TRY_NUMBER='1' AIRFLOW_CTX_DAG_RUN_ID='scheduled__2023-07-03T00:00:00+00:00'
[2023-07-26T21:23:41.210+0000] {python.py:183} INFO - Done. Returned value was: None
[2023-07-26T21:23:41.273+0000] {taskinstance.py:1350} INFO - Marking task as SUCCESS. dag_id=empower_to_ggdrive, task_id=scraping, execution_date=20230703T000000, start_date=20230726T212339, end_date=20230726T212341
[2023-07-26T21:23:41.417+0000] {local_task_job_runner.py:225} INFO - Task exited with return code 0
[2023-07-26T21:23:41.498+0000] {taskinstance.py:2653} INFO - 1 downstream tasks scheduled from follow-on schedule check
[2023-07-26T21:58:09.620+0000] {taskinstance.py:1103} INFO - Dependencies all met for dep_context=non-requeueable deps ti=<TaskInstance: empower_to_ggdrive.scraping scheduled__2023-07-03T00:00:00+00:00 [queued]>
[2023-07-26T21:58:09.663+0000] {taskinstance.py:1103} INFO - Dependencies all met for dep_context=requeueable deps ti=<TaskInstance: empower_to_ggdrive.scraping scheduled__2023-07-03T00:00:00+00:00 [queued]>
[2023-07-26T21:58:09.670+0000] {taskinstance.py:1308} INFO - Starting attempt 1 of 2
[2023-07-26T21:58:09.778+0000] {taskinstance.py:1327} INFO - Executing <Task(PythonOperator): scraping> on 2023-07-03 00:00:00+00:00
[2023-07-26T21:58:09.790+0000] {standard_task_runner.py:57} INFO - Started process 85 to run task
[2023-07-26T21:58:09.809+0000] {standard_task_runner.py:84} INFO - Running: ['***', 'tasks', 'run', 'empower_to_ggdrive', 'scraping', 'scheduled__2023-07-03T00:00:00+00:00', '--job-id', '158', '--raw', '--subdir', 'DAGS_FOLDER/empower_to_ggdrive.py', '--cfg-path', '/tmp/tmpwkj0ogyz']
[2023-07-26T21:58:09.839+0000] {standard_task_runner.py:85} INFO - Job 158: Subtask scraping
[2023-07-26T21:58:09.997+0000] {task_command.py:410} INFO - Running <TaskInstance: empower_to_ggdrive.scraping scheduled__2023-07-03T00:00:00+00:00 [running]> on host bdafa43ae894
[2023-07-26T21:58:10.336+0000] {taskinstance.py:1547} INFO - Exporting env vars: AIRFLOW_CTX_DAG_OWNER='***' AIRFLOW_CTX_DAG_ID='empower_to_ggdrive' AIRFLOW_CTX_TASK_ID='scraping' AIRFLOW_CTX_EXECUTION_DATE='2023-07-03T00:00:00+00:00' AIRFLOW_CTX_TRY_NUMBER='1' AIRFLOW_CTX_DAG_RUN_ID='scheduled__2023-07-03T00:00:00+00:00'
[2023-07-26T21:58:10.870+0000] {logging_mixin.py:150} INFO - current dir/opt/***
[2023-07-26T21:58:10.871+0000] {python.py:183} INFO - Done. Returned value was: None
[2023-07-26T21:58:10.944+0000] {taskinstance.py:1350} INFO - Marking task as SUCCESS. dag_id=empower_to_ggdrive, task_id=scraping, execution_date=20230703T000000, start_date=20230726T215809, end_date=20230726T215810
[2023-07-26T21:58:11.096+0000] {local_task_job_runner.py:225} INFO - Task exited with return code 0
[2023-07-26T21:58:11.190+0000] {taskinstance.py:2653} INFO - 1 downstream tasks scheduled from follow-on schedule check
