[2023-07-26T21:23:51.893+0000] {taskinstance.py:1103} INFO - Dependencies all met for dep_context=non-requeueable deps ti=<TaskInstance: empower_to_ggdrive.cleaning scheduled__2023-07-14T00:00:00+00:00 [queued]>
[2023-07-26T21:23:51.904+0000] {taskinstance.py:1103} INFO - Dependencies all met for dep_context=requeueable deps ti=<TaskInstance: empower_to_ggdrive.cleaning scheduled__2023-07-14T00:00:00+00:00 [queued]>
[2023-07-26T21:23:51.904+0000] {taskinstance.py:1308} INFO - Starting attempt 1 of 2
[2023-07-26T21:23:51.923+0000] {taskinstance.py:1327} INFO - Executing <Task(PythonOperator): cleaning> on 2023-07-14 00:00:00+00:00
[2023-07-26T21:23:51.929+0000] {standard_task_runner.py:57} INFO - Started process 185 to run task
[2023-07-26T21:23:51.933+0000] {standard_task_runner.py:84} INFO - Running: ['***', 'tasks', 'run', 'empower_to_ggdrive', 'cleaning', 'scheduled__2023-07-14T00:00:00+00:00', '--job-id', '94', '--raw', '--subdir', 'DAGS_FOLDER/empower_to_ggdrive.py', '--cfg-path', '/tmp/tmpyhq56jj9']
[2023-07-26T21:23:51.937+0000] {standard_task_runner.py:85} INFO - Job 94: Subtask cleaning
[2023-07-26T21:23:51.992+0000] {task_command.py:410} INFO - Running <TaskInstance: empower_to_ggdrive.cleaning scheduled__2023-07-14T00:00:00+00:00 [running]> on host 4139e27af0e6
[2023-07-26T21:23:52.096+0000] {taskinstance.py:1547} INFO - Exporting env vars: AIRFLOW_CTX_DAG_OWNER='***' AIRFLOW_CTX_DAG_ID='empower_to_ggdrive' AIRFLOW_CTX_TASK_ID='cleaning' AIRFLOW_CTX_EXECUTION_DATE='2023-07-14T00:00:00+00:00' AIRFLOW_CTX_TRY_NUMBER='1' AIRFLOW_CTX_DAG_RUN_ID='scheduled__2023-07-14T00:00:00+00:00'
[2023-07-26T21:23:52.223+0000] {python.py:183} INFO - Done. Returned value was: None
[2023-07-26T21:23:52.237+0000] {taskinstance.py:1350} INFO - Marking task as SUCCESS. dag_id=empower_to_ggdrive, task_id=cleaning, execution_date=20230714T000000, start_date=20230726T212351, end_date=20230726T212352
[2023-07-26T21:23:52.265+0000] {local_task_job_runner.py:225} INFO - Task exited with return code 0
[2023-07-26T21:23:52.286+0000] {taskinstance.py:2653} INFO - 0 downstream tasks scheduled from follow-on schedule check
[2023-07-26T21:58:17.807+0000] {taskinstance.py:1103} INFO - Dependencies all met for dep_context=non-requeueable deps ti=<TaskInstance: empower_to_ggdrive.cleaning scheduled__2023-07-14T00:00:00+00:00 [queued]>
[2023-07-26T21:58:17.829+0000] {taskinstance.py:1103} INFO - Dependencies all met for dep_context=requeueable deps ti=<TaskInstance: empower_to_ggdrive.cleaning scheduled__2023-07-14T00:00:00+00:00 [queued]>
[2023-07-26T21:58:17.830+0000] {taskinstance.py:1308} INFO - Starting attempt 1 of 2
[2023-07-26T21:58:17.937+0000] {taskinstance.py:1327} INFO - Executing <Task(PythonOperator): cleaning> on 2023-07-14 00:00:00+00:00
[2023-07-26T21:58:17.951+0000] {standard_task_runner.py:57} INFO - Started process 185 to run task
[2023-07-26T21:58:17.972+0000] {standard_task_runner.py:84} INFO - Running: ['***', 'tasks', 'run', 'empower_to_ggdrive', 'cleaning', 'scheduled__2023-07-14T00:00:00+00:00', '--job-id', '174', '--raw', '--subdir', 'DAGS_FOLDER/empower_to_ggdrive.py', '--cfg-path', '/tmp/tmpj2mhjwn1']
[2023-07-26T21:58:18.038+0000] {standard_task_runner.py:85} INFO - Job 174: Subtask cleaning
[2023-07-26T21:58:18.441+0000] {task_command.py:410} INFO - Running <TaskInstance: empower_to_ggdrive.cleaning scheduled__2023-07-14T00:00:00+00:00 [running]> on host bdafa43ae894
[2023-07-26T21:58:18.817+0000] {taskinstance.py:1547} INFO - Exporting env vars: AIRFLOW_CTX_DAG_OWNER='***' AIRFLOW_CTX_DAG_ID='empower_to_ggdrive' AIRFLOW_CTX_TASK_ID='cleaning' AIRFLOW_CTX_EXECUTION_DATE='2023-07-14T00:00:00+00:00' AIRFLOW_CTX_TRY_NUMBER='1' AIRFLOW_CTX_DAG_RUN_ID='scheduled__2023-07-14T00:00:00+00:00'
[2023-07-26T21:58:22.002+0000] {python.py:183} INFO - Done. Returned value was: None
[2023-07-26T21:58:22.029+0000] {taskinstance.py:1350} INFO - Marking task as SUCCESS. dag_id=empower_to_ggdrive, task_id=cleaning, execution_date=20230714T000000, start_date=20230726T215817, end_date=20230726T215822
[2023-07-26T21:58:22.094+0000] {local_task_job_runner.py:225} INFO - Task exited with return code 0
[2023-07-26T21:58:22.124+0000] {taskinstance.py:2653} INFO - 0 downstream tasks scheduled from follow-on schedule check
