[2023-07-26T21:24:00.120+0000] {taskinstance.py:1103} INFO - Dependencies all met for dep_context=non-requeueable deps ti=<TaskInstance: empower_to_ggdrive.cleaning scheduled__2023-07-18T00:00:00+00:00 [queued]>
[2023-07-26T21:24:00.170+0000] {taskinstance.py:1103} INFO - Dependencies all met for dep_context=requeueable deps ti=<TaskInstance: empower_to_ggdrive.cleaning scheduled__2023-07-18T00:00:00+00:00 [queued]>
[2023-07-26T21:24:00.172+0000] {taskinstance.py:1308} INFO - Starting attempt 1 of 2
[2023-07-26T21:24:00.260+0000] {taskinstance.py:1327} INFO - Executing <Task(PythonOperator): cleaning> on 2023-07-18 00:00:00+00:00
[2023-07-26T21:24:00.281+0000] {standard_task_runner.py:57} INFO - Started process 250 to run task
[2023-07-26T21:24:00.286+0000] {standard_task_runner.py:84} INFO - Running: ['***', 'tasks', 'run', 'empower_to_ggdrive', 'cleaning', 'scheduled__2023-07-18T00:00:00+00:00', '--job-id', '107', '--raw', '--subdir', 'DAGS_FOLDER/empower_to_ggdrive.py', '--cfg-path', '/tmp/tmpg2ql65ta']
[2023-07-26T21:24:00.289+0000] {standard_task_runner.py:85} INFO - Job 107: Subtask cleaning
[2023-07-26T21:24:00.363+0000] {task_command.py:410} INFO - Running <TaskInstance: empower_to_ggdrive.cleaning scheduled__2023-07-18T00:00:00+00:00 [running]> on host 4139e27af0e6
[2023-07-26T21:24:00.516+0000] {taskinstance.py:1547} INFO - Exporting env vars: AIRFLOW_CTX_DAG_OWNER='***' AIRFLOW_CTX_DAG_ID='empower_to_ggdrive' AIRFLOW_CTX_TASK_ID='cleaning' AIRFLOW_CTX_EXECUTION_DATE='2023-07-18T00:00:00+00:00' AIRFLOW_CTX_TRY_NUMBER='1' AIRFLOW_CTX_DAG_RUN_ID='scheduled__2023-07-18T00:00:00+00:00'
[2023-07-26T21:24:00.811+0000] {python.py:183} INFO - Done. Returned value was: None
[2023-07-26T21:24:00.832+0000] {taskinstance.py:1350} INFO - Marking task as SUCCESS. dag_id=empower_to_ggdrive, task_id=cleaning, execution_date=20230718T000000, start_date=20230726T212400, end_date=20230726T212400
[2023-07-26T21:24:00.939+0000] {local_task_job_runner.py:225} INFO - Task exited with return code 0
[2023-07-26T21:24:00.983+0000] {taskinstance.py:2653} INFO - 0 downstream tasks scheduled from follow-on schedule check
[2023-07-26T21:58:37.907+0000] {taskinstance.py:1103} INFO - Dependencies all met for dep_context=non-requeueable deps ti=<TaskInstance: empower_to_ggdrive.cleaning scheduled__2023-07-18T00:00:00+00:00 [queued]>
[2023-07-26T21:58:37.926+0000] {taskinstance.py:1103} INFO - Dependencies all met for dep_context=requeueable deps ti=<TaskInstance: empower_to_ggdrive.cleaning scheduled__2023-07-18T00:00:00+00:00 [queued]>
[2023-07-26T21:58:37.936+0000] {taskinstance.py:1308} INFO - Starting attempt 1 of 2
[2023-07-26T21:58:37.962+0000] {taskinstance.py:1327} INFO - Executing <Task(PythonOperator): cleaning> on 2023-07-18 00:00:00+00:00
[2023-07-26T21:58:37.974+0000] {standard_task_runner.py:57} INFO - Started process 373 to run task
[2023-07-26T21:58:37.976+0000] {standard_task_runner.py:84} INFO - Running: ['***', 'tasks', 'run', 'empower_to_ggdrive', 'cleaning', 'scheduled__2023-07-18T00:00:00+00:00', '--job-id', '186', '--raw', '--subdir', 'DAGS_FOLDER/empower_to_ggdrive.py', '--cfg-path', '/tmp/tmpk4dago9s']
[2023-07-26T21:58:37.980+0000] {standard_task_runner.py:85} INFO - Job 186: Subtask cleaning
[2023-07-26T21:58:38.121+0000] {task_command.py:410} INFO - Running <TaskInstance: empower_to_ggdrive.cleaning scheduled__2023-07-18T00:00:00+00:00 [running]> on host bdafa43ae894
[2023-07-26T21:58:38.392+0000] {taskinstance.py:1547} INFO - Exporting env vars: AIRFLOW_CTX_DAG_OWNER='***' AIRFLOW_CTX_DAG_ID='empower_to_ggdrive' AIRFLOW_CTX_TASK_ID='cleaning' AIRFLOW_CTX_EXECUTION_DATE='2023-07-18T00:00:00+00:00' AIRFLOW_CTX_TRY_NUMBER='1' AIRFLOW_CTX_DAG_RUN_ID='scheduled__2023-07-18T00:00:00+00:00'
[2023-07-26T21:58:40.079+0000] {python.py:183} INFO - Done. Returned value was: None
[2023-07-26T21:58:40.111+0000] {taskinstance.py:1350} INFO - Marking task as SUCCESS. dag_id=empower_to_ggdrive, task_id=cleaning, execution_date=20230718T000000, start_date=20230726T215837, end_date=20230726T215840
[2023-07-26T21:58:40.180+0000] {local_task_job_runner.py:225} INFO - Task exited with return code 0
[2023-07-26T21:58:40.204+0000] {taskinstance.py:2653} INFO - 0 downstream tasks scheduled from follow-on schedule check
