[2023-07-26T21:23:48.420+0000] {taskinstance.py:1103} INFO - Dependencies all met for dep_context=non-requeueable deps ti=<TaskInstance: empower_to_ggdrive.cleaning scheduled__2023-07-05T00:00:00+00:00 [queued]>
[2023-07-26T21:23:48.530+0000] {taskinstance.py:1103} INFO - Dependencies all met for dep_context=requeueable deps ti=<TaskInstance: empower_to_ggdrive.cleaning scheduled__2023-07-05T00:00:00+00:00 [queued]>
[2023-07-26T21:23:48.541+0000] {taskinstance.py:1308} INFO - Starting attempt 1 of 2
[2023-07-26T21:23:48.619+0000] {taskinstance.py:1327} INFO - Executing <Task(PythonOperator): cleaning> on 2023-07-05 00:00:00+00:00
[2023-07-26T21:23:48.629+0000] {standard_task_runner.py:57} INFO - Started process 157 to run task
[2023-07-26T21:23:48.656+0000] {standard_task_runner.py:84} INFO - Running: ['***', 'tasks', 'run', 'empower_to_ggdrive', 'cleaning', 'scheduled__2023-07-05T00:00:00+00:00', '--job-id', '84', '--raw', '--subdir', 'DAGS_FOLDER/empower_to_ggdrive.py', '--cfg-path', '/tmp/tmpatmd4ru5']
[2023-07-26T21:23:48.679+0000] {standard_task_runner.py:85} INFO - Job 84: Subtask cleaning
[2023-07-26T21:23:48.971+0000] {task_command.py:410} INFO - Running <TaskInstance: empower_to_ggdrive.cleaning scheduled__2023-07-05T00:00:00+00:00 [running]> on host 4139e27af0e6
[2023-07-26T21:23:49.427+0000] {taskinstance.py:1547} INFO - Exporting env vars: AIRFLOW_CTX_DAG_OWNER='***' AIRFLOW_CTX_DAG_ID='empower_to_ggdrive' AIRFLOW_CTX_TASK_ID='cleaning' AIRFLOW_CTX_EXECUTION_DATE='2023-07-05T00:00:00+00:00' AIRFLOW_CTX_TRY_NUMBER='1' AIRFLOW_CTX_DAG_RUN_ID='scheduled__2023-07-05T00:00:00+00:00'
[2023-07-26T21:23:49.814+0000] {python.py:183} INFO - Done. Returned value was: None
[2023-07-26T21:23:49.861+0000] {taskinstance.py:1350} INFO - Marking task as SUCCESS. dag_id=empower_to_ggdrive, task_id=cleaning, execution_date=20230705T000000, start_date=20230726T212348, end_date=20230726T212349
[2023-07-26T21:23:49.925+0000] {local_task_job_runner.py:225} INFO - Task exited with return code 0
[2023-07-26T21:23:49.950+0000] {taskinstance.py:2653} INFO - 0 downstream tasks scheduled from follow-on schedule check
[2023-07-26T21:58:16.536+0000] {taskinstance.py:1103} INFO - Dependencies all met for dep_context=non-requeueable deps ti=<TaskInstance: empower_to_ggdrive.cleaning scheduled__2023-07-05T00:00:00+00:00 [queued]>
[2023-07-26T21:58:16.576+0000] {taskinstance.py:1103} INFO - Dependencies all met for dep_context=requeueable deps ti=<TaskInstance: empower_to_ggdrive.cleaning scheduled__2023-07-05T00:00:00+00:00 [queued]>
[2023-07-26T21:58:16.591+0000] {taskinstance.py:1308} INFO - Starting attempt 1 of 2
[2023-07-26T21:58:16.668+0000] {taskinstance.py:1327} INFO - Executing <Task(PythonOperator): cleaning> on 2023-07-05 00:00:00+00:00
[2023-07-26T21:58:16.677+0000] {standard_task_runner.py:57} INFO - Started process 154 to run task
[2023-07-26T21:58:16.725+0000] {standard_task_runner.py:84} INFO - Running: ['***', 'tasks', 'run', 'empower_to_ggdrive', 'cleaning', 'scheduled__2023-07-05T00:00:00+00:00', '--job-id', '167', '--raw', '--subdir', 'DAGS_FOLDER/empower_to_ggdrive.py', '--cfg-path', '/tmp/tmpdaq9qivd']
[2023-07-26T21:58:16.762+0000] {standard_task_runner.py:85} INFO - Job 167: Subtask cleaning
[2023-07-26T21:58:17.309+0000] {task_command.py:410} INFO - Running <TaskInstance: empower_to_ggdrive.cleaning scheduled__2023-07-05T00:00:00+00:00 [running]> on host bdafa43ae894
[2023-07-26T21:58:17.707+0000] {taskinstance.py:1547} INFO - Exporting env vars: AIRFLOW_CTX_DAG_OWNER='***' AIRFLOW_CTX_DAG_ID='empower_to_ggdrive' AIRFLOW_CTX_TASK_ID='cleaning' AIRFLOW_CTX_EXECUTION_DATE='2023-07-05T00:00:00+00:00' AIRFLOW_CTX_TRY_NUMBER='1' AIRFLOW_CTX_DAG_RUN_ID='scheduled__2023-07-05T00:00:00+00:00'
[2023-07-26T21:58:21.534+0000] {python.py:183} INFO - Done. Returned value was: None
[2023-07-26T21:58:21.606+0000] {taskinstance.py:1350} INFO - Marking task as SUCCESS. dag_id=empower_to_ggdrive, task_id=cleaning, execution_date=20230705T000000, start_date=20230726T215816, end_date=20230726T215821
[2023-07-26T21:58:21.682+0000] {local_task_job_runner.py:225} INFO - Task exited with return code 0
[2023-07-26T21:58:21.713+0000] {taskinstance.py:2653} INFO - 0 downstream tasks scheduled from follow-on schedule check
