[2023-07-26T21:24:02.271+0000] {taskinstance.py:1103} INFO - Dependencies all met for dep_context=non-requeueable deps ti=<TaskInstance: empower_to_ggdrive.cleaning scheduled__2023-07-20T00:00:00+00:00 [queued]>
[2023-07-26T21:24:02.341+0000] {taskinstance.py:1103} INFO - Dependencies all met for dep_context=requeueable deps ti=<TaskInstance: empower_to_ggdrive.cleaning scheduled__2023-07-20T00:00:00+00:00 [queued]>
[2023-07-26T21:24:02.346+0000] {taskinstance.py:1308} INFO - Starting attempt 1 of 2
[2023-07-26T21:24:02.407+0000] {taskinstance.py:1327} INFO - Executing <Task(PythonOperator): cleaning> on 2023-07-20 00:00:00+00:00
[2023-07-26T21:24:02.417+0000] {standard_task_runner.py:57} INFO - Started process 263 to run task
[2023-07-26T21:24:02.424+0000] {standard_task_runner.py:84} INFO - Running: ['***', 'tasks', 'run', 'empower_to_ggdrive', 'cleaning', 'scheduled__2023-07-20T00:00:00+00:00', '--job-id', '110', '--raw', '--subdir', 'DAGS_FOLDER/empower_to_ggdrive.py', '--cfg-path', '/tmp/tmpyb4uh302']
[2023-07-26T21:24:02.442+0000] {standard_task_runner.py:85} INFO - Job 110: Subtask cleaning
[2023-07-26T21:24:02.590+0000] {task_command.py:410} INFO - Running <TaskInstance: empower_to_ggdrive.cleaning scheduled__2023-07-20T00:00:00+00:00 [running]> on host 4139e27af0e6
[2023-07-26T21:24:02.935+0000] {taskinstance.py:1547} INFO - Exporting env vars: AIRFLOW_CTX_DAG_OWNER='***' AIRFLOW_CTX_DAG_ID='empower_to_ggdrive' AIRFLOW_CTX_TASK_ID='cleaning' AIRFLOW_CTX_EXECUTION_DATE='2023-07-20T00:00:00+00:00' AIRFLOW_CTX_TRY_NUMBER='1' AIRFLOW_CTX_DAG_RUN_ID='scheduled__2023-07-20T00:00:00+00:00'
[2023-07-26T21:24:03.165+0000] {python.py:183} INFO - Done. Returned value was: None
[2023-07-26T21:24:03.192+0000] {taskinstance.py:1350} INFO - Marking task as SUCCESS. dag_id=empower_to_ggdrive, task_id=cleaning, execution_date=20230720T000000, start_date=20230726T212402, end_date=20230726T212403
[2023-07-26T21:24:03.310+0000] {local_task_job_runner.py:225} INFO - Task exited with return code 0
[2023-07-26T21:24:03.338+0000] {taskinstance.py:2653} INFO - 0 downstream tasks scheduled from follow-on schedule check
[2023-07-26T21:58:37.508+0000] {taskinstance.py:1103} INFO - Dependencies all met for dep_context=non-requeueable deps ti=<TaskInstance: empower_to_ggdrive.cleaning scheduled__2023-07-20T00:00:00+00:00 [queued]>
[2023-07-26T21:58:37.536+0000] {taskinstance.py:1103} INFO - Dependencies all met for dep_context=requeueable deps ti=<TaskInstance: empower_to_ggdrive.cleaning scheduled__2023-07-20T00:00:00+00:00 [queued]>
[2023-07-26T21:58:37.539+0000] {taskinstance.py:1308} INFO - Starting attempt 1 of 2
[2023-07-26T21:58:37.591+0000] {taskinstance.py:1327} INFO - Executing <Task(PythonOperator): cleaning> on 2023-07-20 00:00:00+00:00
[2023-07-26T21:58:37.601+0000] {standard_task_runner.py:57} INFO - Started process 367 to run task
[2023-07-26T21:58:37.619+0000] {standard_task_runner.py:84} INFO - Running: ['***', 'tasks', 'run', 'empower_to_ggdrive', 'cleaning', 'scheduled__2023-07-20T00:00:00+00:00', '--job-id', '184', '--raw', '--subdir', 'DAGS_FOLDER/empower_to_ggdrive.py', '--cfg-path', '/tmp/tmp471agldn']
[2023-07-26T21:58:37.627+0000] {standard_task_runner.py:85} INFO - Job 184: Subtask cleaning
[2023-07-26T21:58:37.750+0000] {task_command.py:410} INFO - Running <TaskInstance: empower_to_ggdrive.cleaning scheduled__2023-07-20T00:00:00+00:00 [running]> on host bdafa43ae894
[2023-07-26T21:58:37.904+0000] {taskinstance.py:1547} INFO - Exporting env vars: AIRFLOW_CTX_DAG_OWNER='***' AIRFLOW_CTX_DAG_ID='empower_to_ggdrive' AIRFLOW_CTX_TASK_ID='cleaning' AIRFLOW_CTX_EXECUTION_DATE='2023-07-20T00:00:00+00:00' AIRFLOW_CTX_TRY_NUMBER='1' AIRFLOW_CTX_DAG_RUN_ID='scheduled__2023-07-20T00:00:00+00:00'
[2023-07-26T21:58:39.578+0000] {python.py:183} INFO - Done. Returned value was: None
[2023-07-26T21:58:39.595+0000] {taskinstance.py:1350} INFO - Marking task as SUCCESS. dag_id=empower_to_ggdrive, task_id=cleaning, execution_date=20230720T000000, start_date=20230726T215837, end_date=20230726T215839
[2023-07-26T21:58:39.650+0000] {local_task_job_runner.py:225} INFO - Task exited with return code 0
[2023-07-26T21:58:39.672+0000] {taskinstance.py:2653} INFO - 0 downstream tasks scheduled from follow-on schedule check
