[2023-07-26T21:23:40.710+0000] {taskinstance.py:1103} INFO - Dependencies all met for dep_context=non-requeueable deps ti=<TaskInstance: empower_to_ggdrive.scraping scheduled__2023-07-06T00:00:00+00:00 [queued]>
[2023-07-26T21:23:40.768+0000] {taskinstance.py:1103} INFO - Dependencies all met for dep_context=requeueable deps ti=<TaskInstance: empower_to_ggdrive.scraping scheduled__2023-07-06T00:00:00+00:00 [queued]>
[2023-07-26T21:23:40.773+0000] {taskinstance.py:1308} INFO - Starting attempt 1 of 2
[2023-07-26T21:23:40.901+0000] {taskinstance.py:1327} INFO - Executing <Task(PythonOperator): scraping> on 2023-07-06 00:00:00+00:00
[2023-07-26T21:23:40.914+0000] {standard_task_runner.py:57} INFO - Started process 95 to run task
[2023-07-26T21:23:40.924+0000] {standard_task_runner.py:84} INFO - Running: ['***', 'tasks', 'run', 'empower_to_ggdrive', 'scraping', 'scheduled__2023-07-06T00:00:00+00:00', '--job-id', '70', '--raw', '--subdir', 'DAGS_FOLDER/empower_to_ggdrive.py', '--cfg-path', '/tmp/tmpelv1io4n']
[2023-07-26T21:23:40.955+0000] {standard_task_runner.py:85} INFO - Job 70: Subtask scraping
[2023-07-26T21:23:41.153+0000] {task_command.py:410} INFO - Running <TaskInstance: empower_to_ggdrive.scraping scheduled__2023-07-06T00:00:00+00:00 [running]> on host 4139e27af0e6
[2023-07-26T21:23:41.454+0000] {taskinstance.py:1547} INFO - Exporting env vars: AIRFLOW_CTX_DAG_OWNER='***' AIRFLOW_CTX_DAG_ID='empower_to_ggdrive' AIRFLOW_CTX_TASK_ID='scraping' AIRFLOW_CTX_EXECUTION_DATE='2023-07-06T00:00:00+00:00' AIRFLOW_CTX_TRY_NUMBER='1' AIRFLOW_CTX_DAG_RUN_ID='scheduled__2023-07-06T00:00:00+00:00'
[2023-07-26T21:23:41.725+0000] {python.py:183} INFO - Done. Returned value was: None
[2023-07-26T21:23:41.750+0000] {taskinstance.py:1350} INFO - Marking task as SUCCESS. dag_id=empower_to_ggdrive, task_id=scraping, execution_date=20230706T000000, start_date=20230726T212340, end_date=20230726T212341
[2023-07-26T21:23:41.849+0000] {local_task_job_runner.py:225} INFO - Task exited with return code 0
[2023-07-26T21:23:41.945+0000] {taskinstance.py:2653} INFO - 1 downstream tasks scheduled from follow-on schedule check
[2023-07-26T21:58:09.958+0000] {taskinstance.py:1103} INFO - Dependencies all met for dep_context=non-requeueable deps ti=<TaskInstance: empower_to_ggdrive.scraping scheduled__2023-07-06T00:00:00+00:00 [queued]>
[2023-07-26T21:58:10.006+0000] {taskinstance.py:1103} INFO - Dependencies all met for dep_context=requeueable deps ti=<TaskInstance: empower_to_ggdrive.scraping scheduled__2023-07-06T00:00:00+00:00 [queued]>
[2023-07-26T21:58:10.013+0000] {taskinstance.py:1308} INFO - Starting attempt 1 of 2
[2023-07-26T21:58:10.062+0000] {taskinstance.py:1327} INFO - Executing <Task(PythonOperator): scraping> on 2023-07-06 00:00:00+00:00
[2023-07-26T21:58:10.069+0000] {standard_task_runner.py:57} INFO - Started process 89 to run task
[2023-07-26T21:58:10.080+0000] {standard_task_runner.py:84} INFO - Running: ['***', 'tasks', 'run', 'empower_to_ggdrive', 'scraping', 'scheduled__2023-07-06T00:00:00+00:00', '--job-id', '147', '--raw', '--subdir', 'DAGS_FOLDER/empower_to_ggdrive.py', '--cfg-path', '/tmp/tmpkwlvesfk']
[2023-07-26T21:58:10.118+0000] {standard_task_runner.py:85} INFO - Job 147: Subtask scraping
[2023-07-26T21:58:10.386+0000] {task_command.py:410} INFO - Running <TaskInstance: empower_to_ggdrive.scraping scheduled__2023-07-06T00:00:00+00:00 [running]> on host bdafa43ae894
[2023-07-26T21:58:10.755+0000] {taskinstance.py:1547} INFO - Exporting env vars: AIRFLOW_CTX_DAG_OWNER='***' AIRFLOW_CTX_DAG_ID='empower_to_ggdrive' AIRFLOW_CTX_TASK_ID='scraping' AIRFLOW_CTX_EXECUTION_DATE='2023-07-06T00:00:00+00:00' AIRFLOW_CTX_TRY_NUMBER='1' AIRFLOW_CTX_DAG_RUN_ID='scheduled__2023-07-06T00:00:00+00:00'
[2023-07-26T21:58:11.563+0000] {logging_mixin.py:150} INFO - current dir/opt/***
[2023-07-26T21:58:11.564+0000] {python.py:183} INFO - Done. Returned value was: None
[2023-07-26T21:58:11.604+0000] {taskinstance.py:1350} INFO - Marking task as SUCCESS. dag_id=empower_to_ggdrive, task_id=scraping, execution_date=20230706T000000, start_date=20230726T215809, end_date=20230726T215811
[2023-07-26T21:58:11.740+0000] {local_task_job_runner.py:225} INFO - Task exited with return code 0
[2023-07-26T21:58:11.781+0000] {taskinstance.py:2653} INFO - 1 downstream tasks scheduled from follow-on schedule check
