[2023-07-26T21:23:58.220+0000] {taskinstance.py:1103} INFO - Dependencies all met for dep_context=non-requeueable deps ti=<TaskInstance: empower_to_ggdrive.scraping scheduled__2023-07-21T00:00:00+00:00 [queued]>
[2023-07-26T21:23:58.234+0000] {taskinstance.py:1103} INFO - Dependencies all met for dep_context=requeueable deps ti=<TaskInstance: empower_to_ggdrive.scraping scheduled__2023-07-21T00:00:00+00:00 [queued]>
[2023-07-26T21:23:58.237+0000] {taskinstance.py:1308} INFO - Starting attempt 1 of 2
[2023-07-26T21:23:58.360+0000] {taskinstance.py:1327} INFO - Executing <Task(PythonOperator): scraping> on 2023-07-21 00:00:00+00:00
[2023-07-26T21:23:58.370+0000] {standard_task_runner.py:57} INFO - Started process 221 to run task
[2023-07-26T21:23:58.424+0000] {standard_task_runner.py:84} INFO - Running: ['***', 'tasks', 'run', 'empower_to_ggdrive', 'scraping', 'scheduled__2023-07-21T00:00:00+00:00', '--job-id', '101', '--raw', '--subdir', 'DAGS_FOLDER/empower_to_ggdrive.py', '--cfg-path', '/tmp/tmpibkq19dh']
[2023-07-26T21:23:58.444+0000] {standard_task_runner.py:85} INFO - Job 101: Subtask scraping
[2023-07-26T21:23:58.578+0000] {task_command.py:410} INFO - Running <TaskInstance: empower_to_ggdrive.scraping scheduled__2023-07-21T00:00:00+00:00 [running]> on host 4139e27af0e6
[2023-07-26T21:23:58.836+0000] {taskinstance.py:1547} INFO - Exporting env vars: AIRFLOW_CTX_DAG_OWNER='***' AIRFLOW_CTX_DAG_ID='empower_to_ggdrive' AIRFLOW_CTX_TASK_ID='scraping' AIRFLOW_CTX_EXECUTION_DATE='2023-07-21T00:00:00+00:00' AIRFLOW_CTX_TRY_NUMBER='1' AIRFLOW_CTX_DAG_RUN_ID='scheduled__2023-07-21T00:00:00+00:00'
[2023-07-26T21:23:58.989+0000] {python.py:183} INFO - Done. Returned value was: None
[2023-07-26T21:23:59.014+0000] {taskinstance.py:1350} INFO - Marking task as SUCCESS. dag_id=empower_to_ggdrive, task_id=scraping, execution_date=20230721T000000, start_date=20230726T212358, end_date=20230726T212359
[2023-07-26T21:23:59.081+0000] {local_task_job_runner.py:225} INFO - Task exited with return code 0
[2023-07-26T21:23:59.119+0000] {taskinstance.py:2653} INFO - 1 downstream tasks scheduled from follow-on schedule check
[2023-07-26T21:58:34.497+0000] {taskinstance.py:1103} INFO - Dependencies all met for dep_context=non-requeueable deps ti=<TaskInstance: empower_to_ggdrive.scraping scheduled__2023-07-21T00:00:00+00:00 [queued]>
[2023-07-26T21:58:34.530+0000] {taskinstance.py:1103} INFO - Dependencies all met for dep_context=requeueable deps ti=<TaskInstance: empower_to_ggdrive.scraping scheduled__2023-07-21T00:00:00+00:00 [queued]>
[2023-07-26T21:58:34.531+0000] {taskinstance.py:1308} INFO - Starting attempt 1 of 2
[2023-07-26T21:58:34.570+0000] {taskinstance.py:1327} INFO - Executing <Task(PythonOperator): scraping> on 2023-07-21 00:00:00+00:00
[2023-07-26T21:58:34.578+0000] {standard_task_runner.py:57} INFO - Started process 340 to run task
[2023-07-26T21:58:34.590+0000] {standard_task_runner.py:84} INFO - Running: ['***', 'tasks', 'run', 'empower_to_ggdrive', 'scraping', 'scheduled__2023-07-21T00:00:00+00:00', '--job-id', '178', '--raw', '--subdir', 'DAGS_FOLDER/empower_to_ggdrive.py', '--cfg-path', '/tmp/tmptsrlvgkn']
[2023-07-26T21:58:34.596+0000] {standard_task_runner.py:85} INFO - Job 178: Subtask scraping
[2023-07-26T21:58:34.713+0000] {task_command.py:410} INFO - Running <TaskInstance: empower_to_ggdrive.scraping scheduled__2023-07-21T00:00:00+00:00 [running]> on host bdafa43ae894
[2023-07-26T21:58:34.967+0000] {taskinstance.py:1547} INFO - Exporting env vars: AIRFLOW_CTX_DAG_OWNER='***' AIRFLOW_CTX_DAG_ID='empower_to_ggdrive' AIRFLOW_CTX_TASK_ID='scraping' AIRFLOW_CTX_EXECUTION_DATE='2023-07-21T00:00:00+00:00' AIRFLOW_CTX_TRY_NUMBER='1' AIRFLOW_CTX_DAG_RUN_ID='scheduled__2023-07-21T00:00:00+00:00'
[2023-07-26T21:58:35.208+0000] {logging_mixin.py:150} INFO - current dir/opt/***
[2023-07-26T21:58:35.209+0000] {python.py:183} INFO - Done. Returned value was: None
[2023-07-26T21:58:35.229+0000] {taskinstance.py:1350} INFO - Marking task as SUCCESS. dag_id=empower_to_ggdrive, task_id=scraping, execution_date=20230721T000000, start_date=20230726T215834, end_date=20230726T215835
[2023-07-26T21:58:35.280+0000] {local_task_job_runner.py:225} INFO - Task exited with return code 0
[2023-07-26T21:58:35.374+0000] {taskinstance.py:2653} INFO - 1 downstream tasks scheduled from follow-on schedule check
