[2023-07-26T21:23:45.771+0000] {taskinstance.py:1103} INFO - Dependencies all met for dep_context=non-requeueable deps ti=<TaskInstance: empower_to_ggdrive.scraping scheduled__2023-07-12T00:00:00+00:00 [queued]>
[2023-07-26T21:23:45.803+0000] {taskinstance.py:1103} INFO - Dependencies all met for dep_context=requeueable deps ti=<TaskInstance: empower_to_ggdrive.scraping scheduled__2023-07-12T00:00:00+00:00 [queued]>
[2023-07-26T21:23:45.811+0000] {taskinstance.py:1308} INFO - Starting attempt 1 of 2
[2023-07-26T21:23:45.914+0000] {taskinstance.py:1327} INFO - Executing <Task(PythonOperator): scraping> on 2023-07-12 00:00:00+00:00
[2023-07-26T21:23:45.926+0000] {standard_task_runner.py:57} INFO - Started process 131 to run task
[2023-07-26T21:23:45.944+0000] {standard_task_runner.py:84} INFO - Running: ['***', 'tasks', 'run', 'empower_to_ggdrive', 'scraping', 'scheduled__2023-07-12T00:00:00+00:00', '--job-id', '77', '--raw', '--subdir', 'DAGS_FOLDER/empower_to_ggdrive.py', '--cfg-path', '/tmp/tmpgxlkmjmr']
[2023-07-26T21:23:45.959+0000] {standard_task_runner.py:85} INFO - Job 77: Subtask scraping
[2023-07-26T21:23:46.171+0000] {task_command.py:410} INFO - Running <TaskInstance: empower_to_ggdrive.scraping scheduled__2023-07-12T00:00:00+00:00 [running]> on host 4139e27af0e6
[2023-07-26T21:23:46.466+0000] {taskinstance.py:1547} INFO - Exporting env vars: AIRFLOW_CTX_DAG_OWNER='***' AIRFLOW_CTX_DAG_ID='empower_to_ggdrive' AIRFLOW_CTX_TASK_ID='scraping' AIRFLOW_CTX_EXECUTION_DATE='2023-07-12T00:00:00+00:00' AIRFLOW_CTX_TRY_NUMBER='1' AIRFLOW_CTX_DAG_RUN_ID='scheduled__2023-07-12T00:00:00+00:00'
[2023-07-26T21:23:46.680+0000] {python.py:183} INFO - Done. Returned value was: None
[2023-07-26T21:23:46.708+0000] {taskinstance.py:1350} INFO - Marking task as SUCCESS. dag_id=empower_to_ggdrive, task_id=scraping, execution_date=20230712T000000, start_date=20230726T212345, end_date=20230726T212346
[2023-07-26T21:23:46.812+0000] {local_task_job_runner.py:225} INFO - Task exited with return code 0
[2023-07-26T21:23:47.088+0000] {taskinstance.py:2653} INFO - 0 downstream tasks scheduled from follow-on schedule check
[2023-07-26T21:58:10.133+0000] {taskinstance.py:1103} INFO - Dependencies all met for dep_context=non-requeueable deps ti=<TaskInstance: empower_to_ggdrive.scraping scheduled__2023-07-12T00:00:00+00:00 [queued]>
[2023-07-26T21:58:10.159+0000] {taskinstance.py:1103} INFO - Dependencies all met for dep_context=requeueable deps ti=<TaskInstance: empower_to_ggdrive.scraping scheduled__2023-07-12T00:00:00+00:00 [queued]>
[2023-07-26T21:58:10.164+0000] {taskinstance.py:1308} INFO - Starting attempt 1 of 2
[2023-07-26T21:58:10.216+0000] {taskinstance.py:1327} INFO - Executing <Task(PythonOperator): scraping> on 2023-07-12 00:00:00+00:00
[2023-07-26T21:58:10.223+0000] {standard_task_runner.py:57} INFO - Started process 95 to run task
[2023-07-26T21:58:10.249+0000] {standard_task_runner.py:84} INFO - Running: ['***', 'tasks', 'run', 'empower_to_ggdrive', 'scraping', 'scheduled__2023-07-12T00:00:00+00:00', '--job-id', '151', '--raw', '--subdir', 'DAGS_FOLDER/empower_to_ggdrive.py', '--cfg-path', '/tmp/tmpdqy4_z4i']
[2023-07-26T21:58:10.275+0000] {standard_task_runner.py:85} INFO - Job 151: Subtask scraping
[2023-07-26T21:58:10.562+0000] {task_command.py:410} INFO - Running <TaskInstance: empower_to_ggdrive.scraping scheduled__2023-07-12T00:00:00+00:00 [running]> on host bdafa43ae894
[2023-07-26T21:58:11.021+0000] {taskinstance.py:1547} INFO - Exporting env vars: AIRFLOW_CTX_DAG_OWNER='***' AIRFLOW_CTX_DAG_ID='empower_to_ggdrive' AIRFLOW_CTX_TASK_ID='scraping' AIRFLOW_CTX_EXECUTION_DATE='2023-07-12T00:00:00+00:00' AIRFLOW_CTX_TRY_NUMBER='1' AIRFLOW_CTX_DAG_RUN_ID='scheduled__2023-07-12T00:00:00+00:00'
[2023-07-26T21:58:11.477+0000] {logging_mixin.py:150} INFO - current dir/opt/***
[2023-07-26T21:58:11.489+0000] {python.py:183} INFO - Done. Returned value was: None
[2023-07-26T21:58:11.585+0000] {taskinstance.py:1350} INFO - Marking task as SUCCESS. dag_id=empower_to_ggdrive, task_id=scraping, execution_date=20230712T000000, start_date=20230726T215810, end_date=20230726T215811
[2023-07-26T21:58:11.707+0000] {local_task_job_runner.py:225} INFO - Task exited with return code 0
[2023-07-26T21:58:11.808+0000] {taskinstance.py:2653} INFO - 1 downstream tasks scheduled from follow-on schedule check
