[2023-07-26T21:23:51.213+0000] {taskinstance.py:1103} INFO - Dependencies all met for dep_context=non-requeueable deps ti=<TaskInstance: empower_to_ggdrive.cleaning scheduled__2023-07-10T00:00:00+00:00 [queued]>
[2023-07-26T21:23:51.259+0000] {taskinstance.py:1103} INFO - Dependencies all met for dep_context=requeueable deps ti=<TaskInstance: empower_to_ggdrive.cleaning scheduled__2023-07-10T00:00:00+00:00 [queued]>
[2023-07-26T21:23:51.262+0000] {taskinstance.py:1308} INFO - Starting attempt 1 of 2
[2023-07-26T21:23:51.308+0000] {taskinstance.py:1327} INFO - Executing <Task(PythonOperator): cleaning> on 2023-07-10 00:00:00+00:00
[2023-07-26T21:23:51.317+0000] {standard_task_runner.py:57} INFO - Started process 179 to run task
[2023-07-26T21:23:51.322+0000] {standard_task_runner.py:84} INFO - Running: ['***', 'tasks', 'run', 'empower_to_ggdrive', 'cleaning', 'scheduled__2023-07-10T00:00:00+00:00', '--job-id', '90', '--raw', '--subdir', 'DAGS_FOLDER/empower_to_ggdrive.py', '--cfg-path', '/tmp/tmp39ojwvci']
[2023-07-26T21:23:51.326+0000] {standard_task_runner.py:85} INFO - Job 90: Subtask cleaning
[2023-07-26T21:23:51.427+0000] {task_command.py:410} INFO - Running <TaskInstance: empower_to_ggdrive.cleaning scheduled__2023-07-10T00:00:00+00:00 [running]> on host 4139e27af0e6
[2023-07-26T21:23:51.573+0000] {taskinstance.py:1547} INFO - Exporting env vars: AIRFLOW_CTX_DAG_OWNER='***' AIRFLOW_CTX_DAG_ID='empower_to_ggdrive' AIRFLOW_CTX_TASK_ID='cleaning' AIRFLOW_CTX_EXECUTION_DATE='2023-07-10T00:00:00+00:00' AIRFLOW_CTX_TRY_NUMBER='1' AIRFLOW_CTX_DAG_RUN_ID='scheduled__2023-07-10T00:00:00+00:00'
[2023-07-26T21:23:51.731+0000] {python.py:183} INFO - Done. Returned value was: None
[2023-07-26T21:23:51.748+0000] {taskinstance.py:1350} INFO - Marking task as SUCCESS. dag_id=empower_to_ggdrive, task_id=cleaning, execution_date=20230710T000000, start_date=20230726T212351, end_date=20230726T212351
[2023-07-26T21:23:51.790+0000] {local_task_job_runner.py:225} INFO - Task exited with return code 0
[2023-07-26T21:23:51.826+0000] {taskinstance.py:2653} INFO - 0 downstream tasks scheduled from follow-on schedule check
[2023-07-26T21:58:16.045+0000] {taskinstance.py:1103} INFO - Dependencies all met for dep_context=non-requeueable deps ti=<TaskInstance: empower_to_ggdrive.cleaning scheduled__2023-07-10T00:00:00+00:00 [queued]>
[2023-07-26T21:58:16.095+0000] {taskinstance.py:1103} INFO - Dependencies all met for dep_context=requeueable deps ti=<TaskInstance: empower_to_ggdrive.cleaning scheduled__2023-07-10T00:00:00+00:00 [queued]>
[2023-07-26T21:58:16.105+0000] {taskinstance.py:1308} INFO - Starting attempt 1 of 2
[2023-07-26T21:58:16.152+0000] {taskinstance.py:1327} INFO - Executing <Task(PythonOperator): cleaning> on 2023-07-10 00:00:00+00:00
[2023-07-26T21:58:16.161+0000] {standard_task_runner.py:57} INFO - Started process 149 to run task
[2023-07-26T21:58:16.179+0000] {standard_task_runner.py:84} INFO - Running: ['***', 'tasks', 'run', 'empower_to_ggdrive', 'cleaning', 'scheduled__2023-07-10T00:00:00+00:00', '--job-id', '159', '--raw', '--subdir', 'DAGS_FOLDER/empower_to_ggdrive.py', '--cfg-path', '/tmp/tmpm2oj1nt_']
[2023-07-26T21:58:16.222+0000] {standard_task_runner.py:85} INFO - Job 159: Subtask cleaning
[2023-07-26T21:58:16.543+0000] {task_command.py:410} INFO - Running <TaskInstance: empower_to_ggdrive.cleaning scheduled__2023-07-10T00:00:00+00:00 [running]> on host bdafa43ae894
[2023-07-26T21:58:16.946+0000] {taskinstance.py:1547} INFO - Exporting env vars: AIRFLOW_CTX_DAG_OWNER='***' AIRFLOW_CTX_DAG_ID='empower_to_ggdrive' AIRFLOW_CTX_TASK_ID='cleaning' AIRFLOW_CTX_EXECUTION_DATE='2023-07-10T00:00:00+00:00' AIRFLOW_CTX_TRY_NUMBER='1' AIRFLOW_CTX_DAG_RUN_ID='scheduled__2023-07-10T00:00:00+00:00'
[2023-07-26T21:58:20.529+0000] {python.py:183} INFO - Done. Returned value was: None
[2023-07-26T21:58:20.557+0000] {taskinstance.py:1350} INFO - Marking task as SUCCESS. dag_id=empower_to_ggdrive, task_id=cleaning, execution_date=20230710T000000, start_date=20230726T215816, end_date=20230726T215820
[2023-07-26T21:58:20.692+0000] {local_task_job_runner.py:225} INFO - Task exited with return code 0
[2023-07-26T21:58:20.776+0000] {taskinstance.py:2653} INFO - 0 downstream tasks scheduled from follow-on schedule check
