[2023-07-26T21:23:48.536+0000] {taskinstance.py:1103} INFO - Dependencies all met for dep_context=non-requeueable deps ti=<TaskInstance: empower_to_ggdrive.scraping scheduled__2023-07-15T00:00:00+00:00 [queued]>
[2023-07-26T21:23:48.564+0000] {taskinstance.py:1103} INFO - Dependencies all met for dep_context=requeueable deps ti=<TaskInstance: empower_to_ggdrive.scraping scheduled__2023-07-15T00:00:00+00:00 [queued]>
[2023-07-26T21:23:48.569+0000] {taskinstance.py:1308} INFO - Starting attempt 1 of 2
[2023-07-26T21:23:48.633+0000] {taskinstance.py:1327} INFO - Executing <Task(PythonOperator): scraping> on 2023-07-15 00:00:00+00:00
[2023-07-26T21:23:48.650+0000] {standard_task_runner.py:57} INFO - Started process 159 to run task
[2023-07-26T21:23:48.696+0000] {standard_task_runner.py:84} INFO - Running: ['***', 'tasks', 'run', 'empower_to_ggdrive', 'scraping', 'scheduled__2023-07-15T00:00:00+00:00', '--job-id', '86', '--raw', '--subdir', 'DAGS_FOLDER/empower_to_ggdrive.py', '--cfg-path', '/tmp/tmp5fzey6ro']
[2023-07-26T21:23:48.720+0000] {standard_task_runner.py:85} INFO - Job 86: Subtask scraping
[2023-07-26T21:23:48.967+0000] {task_command.py:410} INFO - Running <TaskInstance: empower_to_ggdrive.scraping scheduled__2023-07-15T00:00:00+00:00 [running]> on host 4139e27af0e6
[2023-07-26T21:23:49.407+0000] {taskinstance.py:1547} INFO - Exporting env vars: AIRFLOW_CTX_DAG_OWNER='***' AIRFLOW_CTX_DAG_ID='empower_to_ggdrive' AIRFLOW_CTX_TASK_ID='scraping' AIRFLOW_CTX_EXECUTION_DATE='2023-07-15T00:00:00+00:00' AIRFLOW_CTX_TRY_NUMBER='1' AIRFLOW_CTX_DAG_RUN_ID='scheduled__2023-07-15T00:00:00+00:00'
[2023-07-26T21:23:49.790+0000] {python.py:183} INFO - Done. Returned value was: None
[2023-07-26T21:23:49.819+0000] {taskinstance.py:1350} INFO - Marking task as SUCCESS. dag_id=empower_to_ggdrive, task_id=scraping, execution_date=20230715T000000, start_date=20230726T212348, end_date=20230726T212349
[2023-07-26T21:23:50.014+0000] {local_task_job_runner.py:225} INFO - Task exited with return code 0
[2023-07-26T21:23:50.118+0000] {taskinstance.py:2653} INFO - 1 downstream tasks scheduled from follow-on schedule check
[2023-07-26T21:58:10.039+0000] {taskinstance.py:1103} INFO - Dependencies all met for dep_context=non-requeueable deps ti=<TaskInstance: empower_to_ggdrive.scraping scheduled__2023-07-15T00:00:00+00:00 [queued]>
[2023-07-26T21:58:10.065+0000] {taskinstance.py:1103} INFO - Dependencies all met for dep_context=requeueable deps ti=<TaskInstance: empower_to_ggdrive.scraping scheduled__2023-07-15T00:00:00+00:00 [queued]>
[2023-07-26T21:58:10.074+0000] {taskinstance.py:1308} INFO - Starting attempt 1 of 2
[2023-07-26T21:58:10.141+0000] {taskinstance.py:1327} INFO - Executing <Task(PythonOperator): scraping> on 2023-07-15 00:00:00+00:00
[2023-07-26T21:58:10.157+0000] {standard_task_runner.py:57} INFO - Started process 92 to run task
[2023-07-26T21:58:10.196+0000] {standard_task_runner.py:84} INFO - Running: ['***', 'tasks', 'run', 'empower_to_ggdrive', 'scraping', 'scheduled__2023-07-15T00:00:00+00:00', '--job-id', '145', '--raw', '--subdir', 'DAGS_FOLDER/empower_to_ggdrive.py', '--cfg-path', '/tmp/tmpjj0etu37']
[2023-07-26T21:58:10.209+0000] {standard_task_runner.py:85} INFO - Job 145: Subtask scraping
[2023-07-26T21:58:10.408+0000] {task_command.py:410} INFO - Running <TaskInstance: empower_to_ggdrive.scraping scheduled__2023-07-15T00:00:00+00:00 [running]> on host bdafa43ae894
[2023-07-26T21:58:10.655+0000] {taskinstance.py:1547} INFO - Exporting env vars: AIRFLOW_CTX_DAG_OWNER='***' AIRFLOW_CTX_DAG_ID='empower_to_ggdrive' AIRFLOW_CTX_TASK_ID='scraping' AIRFLOW_CTX_EXECUTION_DATE='2023-07-15T00:00:00+00:00' AIRFLOW_CTX_TRY_NUMBER='1' AIRFLOW_CTX_DAG_RUN_ID='scheduled__2023-07-15T00:00:00+00:00'
[2023-07-26T21:58:11.354+0000] {logging_mixin.py:150} INFO - current dir/opt/***
[2023-07-26T21:58:11.410+0000] {python.py:183} INFO - Done. Returned value was: None
[2023-07-26T21:58:11.448+0000] {taskinstance.py:1350} INFO - Marking task as SUCCESS. dag_id=empower_to_ggdrive, task_id=scraping, execution_date=20230715T000000, start_date=20230726T215810, end_date=20230726T215811
[2023-07-26T21:58:11.602+0000] {local_task_job_runner.py:225} INFO - Task exited with return code 0
[2023-07-26T21:58:11.670+0000] {taskinstance.py:2653} INFO - 1 downstream tasks scheduled from follow-on schedule check
