[2023-07-26T21:23:56.622+0000] {taskinstance.py:1103} INFO - Dependencies all met for dep_context=non-requeueable deps ti=<TaskInstance: empower_to_ggdrive.scraping scheduled__2023-07-18T00:00:00+00:00 [queued]>
[2023-07-26T21:23:56.636+0000] {taskinstance.py:1103} INFO - Dependencies all met for dep_context=requeueable deps ti=<TaskInstance: empower_to_ggdrive.scraping scheduled__2023-07-18T00:00:00+00:00 [queued]>
[2023-07-26T21:23:56.639+0000] {taskinstance.py:1308} INFO - Starting attempt 1 of 2
[2023-07-26T21:23:56.720+0000] {taskinstance.py:1327} INFO - Executing <Task(PythonOperator): scraping> on 2023-07-18 00:00:00+00:00
[2023-07-26T21:23:56.730+0000] {standard_task_runner.py:57} INFO - Started process 205 to run task
[2023-07-26T21:23:56.741+0000] {standard_task_runner.py:84} INFO - Running: ['***', 'tasks', 'run', 'empower_to_ggdrive', 'scraping', 'scheduled__2023-07-18T00:00:00+00:00', '--job-id', '98', '--raw', '--subdir', 'DAGS_FOLDER/empower_to_ggdrive.py', '--cfg-path', '/tmp/tmpp83z4bnr']
[2023-07-26T21:23:56.745+0000] {standard_task_runner.py:85} INFO - Job 98: Subtask scraping
[2023-07-26T21:23:56.911+0000] {task_command.py:410} INFO - Running <TaskInstance: empower_to_ggdrive.scraping scheduled__2023-07-18T00:00:00+00:00 [running]> on host 4139e27af0e6
[2023-07-26T21:23:57.226+0000] {taskinstance.py:1547} INFO - Exporting env vars: AIRFLOW_CTX_DAG_OWNER='***' AIRFLOW_CTX_DAG_ID='empower_to_ggdrive' AIRFLOW_CTX_TASK_ID='scraping' AIRFLOW_CTX_EXECUTION_DATE='2023-07-18T00:00:00+00:00' AIRFLOW_CTX_TRY_NUMBER='1' AIRFLOW_CTX_DAG_RUN_ID='scheduled__2023-07-18T00:00:00+00:00'
[2023-07-26T21:23:57.489+0000] {python.py:183} INFO - Done. Returned value was: None
[2023-07-26T21:23:57.513+0000] {taskinstance.py:1350} INFO - Marking task as SUCCESS. dag_id=empower_to_ggdrive, task_id=scraping, execution_date=20230718T000000, start_date=20230726T212356, end_date=20230726T212357
[2023-07-26T21:23:57.590+0000] {local_task_job_runner.py:225} INFO - Task exited with return code 0
[2023-07-26T21:23:57.627+0000] {taskinstance.py:2653} INFO - 1 downstream tasks scheduled from follow-on schedule check
[2023-07-26T21:58:32.891+0000] {taskinstance.py:1103} INFO - Dependencies all met for dep_context=non-requeueable deps ti=<TaskInstance: empower_to_ggdrive.scraping scheduled__2023-07-18T00:00:00+00:00 [queued]>
[2023-07-26T21:58:32.935+0000] {taskinstance.py:1103} INFO - Dependencies all met for dep_context=requeueable deps ti=<TaskInstance: empower_to_ggdrive.scraping scheduled__2023-07-18T00:00:00+00:00 [queued]>
[2023-07-26T21:58:32.939+0000] {taskinstance.py:1308} INFO - Starting attempt 1 of 2
[2023-07-26T21:58:33.020+0000] {taskinstance.py:1327} INFO - Executing <Task(PythonOperator): scraping> on 2023-07-18 00:00:00+00:00
[2023-07-26T21:58:33.039+0000] {standard_task_runner.py:57} INFO - Started process 330 to run task
[2023-07-26T21:58:33.058+0000] {standard_task_runner.py:84} INFO - Running: ['***', 'tasks', 'run', 'empower_to_ggdrive', 'scraping', 'scheduled__2023-07-18T00:00:00+00:00', '--job-id', '176', '--raw', '--subdir', 'DAGS_FOLDER/empower_to_ggdrive.py', '--cfg-path', '/tmp/tmpoeb2v5qh']
[2023-07-26T21:58:33.069+0000] {standard_task_runner.py:85} INFO - Job 176: Subtask scraping
[2023-07-26T21:58:33.223+0000] {task_command.py:410} INFO - Running <TaskInstance: empower_to_ggdrive.scraping scheduled__2023-07-18T00:00:00+00:00 [running]> on host bdafa43ae894
[2023-07-26T21:58:33.516+0000] {taskinstance.py:1547} INFO - Exporting env vars: AIRFLOW_CTX_DAG_OWNER='***' AIRFLOW_CTX_DAG_ID='empower_to_ggdrive' AIRFLOW_CTX_TASK_ID='scraping' AIRFLOW_CTX_EXECUTION_DATE='2023-07-18T00:00:00+00:00' AIRFLOW_CTX_TRY_NUMBER='1' AIRFLOW_CTX_DAG_RUN_ID='scheduled__2023-07-18T00:00:00+00:00'
[2023-07-26T21:58:33.927+0000] {logging_mixin.py:150} INFO - current dir/opt/***
[2023-07-26T21:58:33.928+0000] {python.py:183} INFO - Done. Returned value was: None
[2023-07-26T21:58:33.961+0000] {taskinstance.py:1350} INFO - Marking task as SUCCESS. dag_id=empower_to_ggdrive, task_id=scraping, execution_date=20230718T000000, start_date=20230726T215832, end_date=20230726T215833
[2023-07-26T21:58:34.107+0000] {local_task_job_runner.py:225} INFO - Task exited with return code 0
[2023-07-26T21:58:34.215+0000] {taskinstance.py:2653} INFO - 1 downstream tasks scheduled from follow-on schedule check
