[2023-07-26T21:24:03.096+0000] {taskinstance.py:1103} INFO - Dependencies all met for dep_context=non-requeueable deps ti=<TaskInstance: empower_to_ggdrive.cleaning scheduled__2023-07-23T00:00:00+00:00 [queued]>
[2023-07-26T21:24:03.134+0000] {taskinstance.py:1103} INFO - Dependencies all met for dep_context=requeueable deps ti=<TaskInstance: empower_to_ggdrive.cleaning scheduled__2023-07-23T00:00:00+00:00 [queued]>
[2023-07-26T21:24:03.138+0000] {taskinstance.py:1308} INFO - Starting attempt 1 of 2
[2023-07-26T21:24:03.193+0000] {taskinstance.py:1327} INFO - Executing <Task(PythonOperator): cleaning> on 2023-07-23 00:00:00+00:00
[2023-07-26T21:24:03.200+0000] {standard_task_runner.py:57} INFO - Started process 269 to run task
[2023-07-26T21:24:03.220+0000] {standard_task_runner.py:84} INFO - Running: ['***', 'tasks', 'run', 'empower_to_ggdrive', 'cleaning', 'scheduled__2023-07-23T00:00:00+00:00', '--job-id', '112', '--raw', '--subdir', 'DAGS_FOLDER/empower_to_ggdrive.py', '--cfg-path', '/tmp/tmpbue730nl']
[2023-07-26T21:24:03.225+0000] {standard_task_runner.py:85} INFO - Job 112: Subtask cleaning
[2023-07-26T21:24:03.353+0000] {task_command.py:410} INFO - Running <TaskInstance: empower_to_ggdrive.cleaning scheduled__2023-07-23T00:00:00+00:00 [running]> on host 4139e27af0e6
[2023-07-26T21:24:03.550+0000] {taskinstance.py:1547} INFO - Exporting env vars: AIRFLOW_CTX_DAG_OWNER='***' AIRFLOW_CTX_DAG_ID='empower_to_ggdrive' AIRFLOW_CTX_TASK_ID='cleaning' AIRFLOW_CTX_EXECUTION_DATE='2023-07-23T00:00:00+00:00' AIRFLOW_CTX_TRY_NUMBER='1' AIRFLOW_CTX_DAG_RUN_ID='scheduled__2023-07-23T00:00:00+00:00'
[2023-07-26T21:24:03.673+0000] {python.py:183} INFO - Done. Returned value was: None
[2023-07-26T21:24:03.687+0000] {taskinstance.py:1350} INFO - Marking task as SUCCESS. dag_id=empower_to_ggdrive, task_id=cleaning, execution_date=20230723T000000, start_date=20230726T212403, end_date=20230726T212403
[2023-07-26T21:24:03.725+0000] {local_task_job_runner.py:225} INFO - Task exited with return code 0
[2023-07-26T21:24:03.747+0000] {taskinstance.py:2653} INFO - 0 downstream tasks scheduled from follow-on schedule check
[2023-07-26T21:58:38.770+0000] {taskinstance.py:1103} INFO - Dependencies all met for dep_context=non-requeueable deps ti=<TaskInstance: empower_to_ggdrive.cleaning scheduled__2023-07-23T00:00:00+00:00 [queued]>
[2023-07-26T21:58:38.785+0000] {taskinstance.py:1103} INFO - Dependencies all met for dep_context=requeueable deps ti=<TaskInstance: empower_to_ggdrive.cleaning scheduled__2023-07-23T00:00:00+00:00 [queued]>
[2023-07-26T21:58:38.787+0000] {taskinstance.py:1308} INFO - Starting attempt 1 of 2
[2023-07-26T21:58:38.842+0000] {taskinstance.py:1327} INFO - Executing <Task(PythonOperator): cleaning> on 2023-07-23 00:00:00+00:00
[2023-07-26T21:58:38.850+0000] {standard_task_runner.py:57} INFO - Started process 401 to run task
[2023-07-26T21:58:38.871+0000] {standard_task_runner.py:84} INFO - Running: ['***', 'tasks', 'run', 'empower_to_ggdrive', 'cleaning', 'scheduled__2023-07-23T00:00:00+00:00', '--job-id', '189', '--raw', '--subdir', 'DAGS_FOLDER/empower_to_ggdrive.py', '--cfg-path', '/tmp/tmpfiez5eu6']
[2023-07-26T21:58:38.878+0000] {standard_task_runner.py:85} INFO - Job 189: Subtask cleaning
[2023-07-26T21:58:38.948+0000] {task_command.py:410} INFO - Running <TaskInstance: empower_to_ggdrive.cleaning scheduled__2023-07-23T00:00:00+00:00 [running]> on host bdafa43ae894
[2023-07-26T21:58:39.131+0000] {taskinstance.py:1547} INFO - Exporting env vars: AIRFLOW_CTX_DAG_OWNER='***' AIRFLOW_CTX_DAG_ID='empower_to_ggdrive' AIRFLOW_CTX_TASK_ID='cleaning' AIRFLOW_CTX_EXECUTION_DATE='2023-07-23T00:00:00+00:00' AIRFLOW_CTX_TRY_NUMBER='1' AIRFLOW_CTX_DAG_RUN_ID='scheduled__2023-07-23T00:00:00+00:00'
[2023-07-26T21:58:40.607+0000] {python.py:183} INFO - Done. Returned value was: None
[2023-07-26T21:58:40.632+0000] {taskinstance.py:1350} INFO - Marking task as SUCCESS. dag_id=empower_to_ggdrive, task_id=cleaning, execution_date=20230723T000000, start_date=20230726T215838, end_date=20230726T215840
[2023-07-26T21:58:40.684+0000] {local_task_job_runner.py:225} INFO - Task exited with return code 0
[2023-07-26T21:58:40.703+0000] {taskinstance.py:2653} INFO - 0 downstream tasks scheduled from follow-on schedule check
