[2023-07-26T21:23:45.930+0000] {taskinstance.py:1103} INFO - Dependencies all met for dep_context=non-requeueable deps ti=<TaskInstance: empower_to_ggdrive.cleaning scheduled__2023-07-02T00:00:00+00:00 [queued]>
[2023-07-26T21:23:45.986+0000] {taskinstance.py:1103} INFO - Dependencies all met for dep_context=requeueable deps ti=<TaskInstance: empower_to_ggdrive.cleaning scheduled__2023-07-02T00:00:00+00:00 [queued]>
[2023-07-26T21:23:45.988+0000] {taskinstance.py:1308} INFO - Starting attempt 1 of 2
[2023-07-26T21:23:46.062+0000] {taskinstance.py:1327} INFO - Executing <Task(PythonOperator): cleaning> on 2023-07-02 00:00:00+00:00
[2023-07-26T21:23:46.086+0000] {standard_task_runner.py:57} INFO - Started process 132 to run task
[2023-07-26T21:23:46.101+0000] {standard_task_runner.py:84} INFO - Running: ['***', 'tasks', 'run', 'empower_to_ggdrive', 'cleaning', 'scheduled__2023-07-02T00:00:00+00:00', '--job-id', '76', '--raw', '--subdir', 'DAGS_FOLDER/empower_to_ggdrive.py', '--cfg-path', '/tmp/tmpu_c0_769']
[2023-07-26T21:23:46.132+0000] {standard_task_runner.py:85} INFO - Job 76: Subtask cleaning
[2023-07-26T21:23:46.316+0000] {task_command.py:410} INFO - Running <TaskInstance: empower_to_ggdrive.cleaning scheduled__2023-07-02T00:00:00+00:00 [running]> on host 4139e27af0e6
[2023-07-26T21:23:46.574+0000] {taskinstance.py:1547} INFO - Exporting env vars: AIRFLOW_CTX_DAG_OWNER='***' AIRFLOW_CTX_DAG_ID='empower_to_ggdrive' AIRFLOW_CTX_TASK_ID='cleaning' AIRFLOW_CTX_EXECUTION_DATE='2023-07-02T00:00:00+00:00' AIRFLOW_CTX_TRY_NUMBER='1' AIRFLOW_CTX_DAG_RUN_ID='scheduled__2023-07-02T00:00:00+00:00'
[2023-07-26T21:23:46.880+0000] {python.py:183} INFO - Done. Returned value was: None
[2023-07-26T21:23:46.942+0000] {taskinstance.py:1350} INFO - Marking task as SUCCESS. dag_id=empower_to_ggdrive, task_id=cleaning, execution_date=20230702T000000, start_date=20230726T212345, end_date=20230726T212346
[2023-07-26T21:23:47.102+0000] {local_task_job_runner.py:225} INFO - Task exited with return code 0
[2023-07-26T21:23:47.146+0000] {taskinstance.py:2653} INFO - 0 downstream tasks scheduled from follow-on schedule check
[2023-07-26T21:58:16.040+0000] {taskinstance.py:1103} INFO - Dependencies all met for dep_context=non-requeueable deps ti=<TaskInstance: empower_to_ggdrive.cleaning scheduled__2023-07-02T00:00:00+00:00 [queued]>
[2023-07-26T21:58:16.095+0000] {taskinstance.py:1103} INFO - Dependencies all met for dep_context=requeueable deps ti=<TaskInstance: empower_to_ggdrive.cleaning scheduled__2023-07-02T00:00:00+00:00 [queued]>
[2023-07-26T21:58:16.096+0000] {taskinstance.py:1308} INFO - Starting attempt 1 of 2
[2023-07-26T21:58:16.167+0000] {taskinstance.py:1327} INFO - Executing <Task(PythonOperator): cleaning> on 2023-07-02 00:00:00+00:00
[2023-07-26T21:58:16.181+0000] {standard_task_runner.py:57} INFO - Started process 150 to run task
[2023-07-26T21:58:16.192+0000] {standard_task_runner.py:84} INFO - Running: ['***', 'tasks', 'run', 'empower_to_ggdrive', 'cleaning', 'scheduled__2023-07-02T00:00:00+00:00', '--job-id', '164', '--raw', '--subdir', 'DAGS_FOLDER/empower_to_ggdrive.py', '--cfg-path', '/tmp/tmpbskc2p2d']
[2023-07-26T21:58:16.234+0000] {standard_task_runner.py:85} INFO - Job 164: Subtask cleaning
[2023-07-26T21:58:16.613+0000] {task_command.py:410} INFO - Running <TaskInstance: empower_to_ggdrive.cleaning scheduled__2023-07-02T00:00:00+00:00 [running]> on host bdafa43ae894
[2023-07-26T21:58:17.169+0000] {taskinstance.py:1547} INFO - Exporting env vars: AIRFLOW_CTX_DAG_OWNER='***' AIRFLOW_CTX_DAG_ID='empower_to_ggdrive' AIRFLOW_CTX_TASK_ID='cleaning' AIRFLOW_CTX_EXECUTION_DATE='2023-07-02T00:00:00+00:00' AIRFLOW_CTX_TRY_NUMBER='1' AIRFLOW_CTX_DAG_RUN_ID='scheduled__2023-07-02T00:00:00+00:00'
[2023-07-26T21:58:20.560+0000] {python.py:183} INFO - Done. Returned value was: None
[2023-07-26T21:58:20.578+0000] {taskinstance.py:1350} INFO - Marking task as SUCCESS. dag_id=empower_to_ggdrive, task_id=cleaning, execution_date=20230702T000000, start_date=20230726T215816, end_date=20230726T215820
[2023-07-26T21:58:20.652+0000] {local_task_job_runner.py:225} INFO - Task exited with return code 0
[2023-07-26T21:58:20.774+0000] {taskinstance.py:2653} INFO - 0 downstream tasks scheduled from follow-on schedule check
