[2023-07-26T21:23:39.169+0000] {taskinstance.py:1103} INFO - Dependencies all met for dep_context=non-requeueable deps ti=<TaskInstance: empower_to_ggdrive.scraping scheduled__2023-07-02T00:00:00+00:00 [queued]>
[2023-07-26T21:23:39.196+0000] {taskinstance.py:1103} INFO - Dependencies all met for dep_context=requeueable deps ti=<TaskInstance: empower_to_ggdrive.scraping scheduled__2023-07-02T00:00:00+00:00 [queued]>
[2023-07-26T21:23:39.197+0000] {taskinstance.py:1308} INFO - Starting attempt 1 of 2
[2023-07-26T21:23:39.273+0000] {taskinstance.py:1327} INFO - Executing <Task(PythonOperator): scraping> on 2023-07-02 00:00:00+00:00
[2023-07-26T21:23:39.283+0000] {standard_task_runner.py:57} INFO - Started process 78 to run task
[2023-07-26T21:23:39.305+0000] {standard_task_runner.py:84} INFO - Running: ['***', 'tasks', 'run', 'empower_to_ggdrive', 'scraping', 'scheduled__2023-07-02T00:00:00+00:00', '--job-id', '68', '--raw', '--subdir', 'DAGS_FOLDER/empower_to_ggdrive.py', '--cfg-path', '/tmp/tmpqv0xt_mm']
[2023-07-26T21:23:39.350+0000] {standard_task_runner.py:85} INFO - Job 68: Subtask scraping
[2023-07-26T21:23:39.686+0000] {task_command.py:410} INFO - Running <TaskInstance: empower_to_ggdrive.scraping scheduled__2023-07-02T00:00:00+00:00 [running]> on host 4139e27af0e6
[2023-07-26T21:23:40.009+0000] {taskinstance.py:1547} INFO - Exporting env vars: AIRFLOW_CTX_DAG_OWNER='***' AIRFLOW_CTX_DAG_ID='empower_to_ggdrive' AIRFLOW_CTX_TASK_ID='scraping' AIRFLOW_CTX_EXECUTION_DATE='2023-07-02T00:00:00+00:00' AIRFLOW_CTX_TRY_NUMBER='1' AIRFLOW_CTX_DAG_RUN_ID='scheduled__2023-07-02T00:00:00+00:00'
[2023-07-26T21:23:40.387+0000] {python.py:183} INFO - Done. Returned value was: None
[2023-07-26T21:23:40.438+0000] {taskinstance.py:1350} INFO - Marking task as SUCCESS. dag_id=empower_to_ggdrive, task_id=scraping, execution_date=20230702T000000, start_date=20230726T212339, end_date=20230726T212340
[2023-07-26T21:23:40.557+0000] {local_task_job_runner.py:225} INFO - Task exited with return code 0
[2023-07-26T21:23:40.914+0000] {taskinstance.py:2653} INFO - 0 downstream tasks scheduled from follow-on schedule check
[2023-07-26T21:58:09.949+0000] {taskinstance.py:1103} INFO - Dependencies all met for dep_context=non-requeueable deps ti=<TaskInstance: empower_to_ggdrive.scraping scheduled__2023-07-02T00:00:00+00:00 [queued]>
[2023-07-26T21:58:09.979+0000] {taskinstance.py:1103} INFO - Dependencies all met for dep_context=requeueable deps ti=<TaskInstance: empower_to_ggdrive.scraping scheduled__2023-07-02T00:00:00+00:00 [queued]>
[2023-07-26T21:58:09.983+0000] {taskinstance.py:1308} INFO - Starting attempt 1 of 2
[2023-07-26T21:58:10.033+0000] {taskinstance.py:1327} INFO - Executing <Task(PythonOperator): scraping> on 2023-07-02 00:00:00+00:00
[2023-07-26T21:58:10.043+0000] {standard_task_runner.py:57} INFO - Started process 88 to run task
[2023-07-26T21:58:10.077+0000] {standard_task_runner.py:84} INFO - Running: ['***', 'tasks', 'run', 'empower_to_ggdrive', 'scraping', 'scheduled__2023-07-02T00:00:00+00:00', '--job-id', '152', '--raw', '--subdir', 'DAGS_FOLDER/empower_to_ggdrive.py', '--cfg-path', '/tmp/tmp36bnxzch']
[2023-07-26T21:58:10.094+0000] {standard_task_runner.py:85} INFO - Job 152: Subtask scraping
[2023-07-26T21:58:10.343+0000] {task_command.py:410} INFO - Running <TaskInstance: empower_to_ggdrive.scraping scheduled__2023-07-02T00:00:00+00:00 [running]> on host bdafa43ae894
[2023-07-26T21:58:10.624+0000] {taskinstance.py:1547} INFO - Exporting env vars: AIRFLOW_CTX_DAG_OWNER='***' AIRFLOW_CTX_DAG_ID='empower_to_ggdrive' AIRFLOW_CTX_TASK_ID='scraping' AIRFLOW_CTX_EXECUTION_DATE='2023-07-02T00:00:00+00:00' AIRFLOW_CTX_TRY_NUMBER='1' AIRFLOW_CTX_DAG_RUN_ID='scheduled__2023-07-02T00:00:00+00:00'
[2023-07-26T21:58:11.230+0000] {logging_mixin.py:150} INFO - current dir/opt/***
[2023-07-26T21:58:11.232+0000] {python.py:183} INFO - Done. Returned value was: None
[2023-07-26T21:58:11.283+0000] {taskinstance.py:1350} INFO - Marking task as SUCCESS. dag_id=empower_to_ggdrive, task_id=scraping, execution_date=20230702T000000, start_date=20230726T215809, end_date=20230726T215811
[2023-07-26T21:58:11.523+0000] {local_task_job_runner.py:225} INFO - Task exited with return code 0
[2023-07-26T21:58:11.694+0000] {taskinstance.py:2653} INFO - 1 downstream tasks scheduled from follow-on schedule check
