[2023-07-26T21:23:44.008+0000] {taskinstance.py:1103} INFO - Dependencies all met for dep_context=non-requeueable deps ti=<TaskInstance: empower_to_ggdrive.scraping scheduled__2023-07-10T00:00:00+00:00 [queued]>
[2023-07-26T21:23:44.040+0000] {taskinstance.py:1103} INFO - Dependencies all met for dep_context=requeueable deps ti=<TaskInstance: empower_to_ggdrive.scraping scheduled__2023-07-10T00:00:00+00:00 [queued]>
[2023-07-26T21:23:44.042+0000] {taskinstance.py:1308} INFO - Starting attempt 1 of 2
[2023-07-26T21:23:44.125+0000] {taskinstance.py:1327} INFO - Executing <Task(PythonOperator): scraping> on 2023-07-10 00:00:00+00:00
[2023-07-26T21:23:44.135+0000] {standard_task_runner.py:57} INFO - Started process 120 to run task
[2023-07-26T21:23:44.165+0000] {standard_task_runner.py:84} INFO - Running: ['***', 'tasks', 'run', 'empower_to_ggdrive', 'scraping', 'scheduled__2023-07-10T00:00:00+00:00', '--job-id', '74', '--raw', '--subdir', 'DAGS_FOLDER/empower_to_ggdrive.py', '--cfg-path', '/tmp/tmpjgtnof65']
[2023-07-26T21:23:44.194+0000] {standard_task_runner.py:85} INFO - Job 74: Subtask scraping
[2023-07-26T21:23:44.433+0000] {task_command.py:410} INFO - Running <TaskInstance: empower_to_ggdrive.scraping scheduled__2023-07-10T00:00:00+00:00 [running]> on host 4139e27af0e6
[2023-07-26T21:23:44.931+0000] {taskinstance.py:1547} INFO - Exporting env vars: AIRFLOW_CTX_DAG_OWNER='***' AIRFLOW_CTX_DAG_ID='empower_to_ggdrive' AIRFLOW_CTX_TASK_ID='scraping' AIRFLOW_CTX_EXECUTION_DATE='2023-07-10T00:00:00+00:00' AIRFLOW_CTX_TRY_NUMBER='1' AIRFLOW_CTX_DAG_RUN_ID='scheduled__2023-07-10T00:00:00+00:00'
[2023-07-26T21:23:45.356+0000] {python.py:183} INFO - Done. Returned value was: None
[2023-07-26T21:23:45.422+0000] {taskinstance.py:1350} INFO - Marking task as SUCCESS. dag_id=empower_to_ggdrive, task_id=scraping, execution_date=20230710T000000, start_date=20230726T212344, end_date=20230726T212345
[2023-07-26T21:23:45.690+0000] {local_task_job_runner.py:225} INFO - Task exited with return code 0
[2023-07-26T21:23:45.764+0000] {taskinstance.py:2653} INFO - 1 downstream tasks scheduled from follow-on schedule check
[2023-07-26T21:58:10.096+0000] {taskinstance.py:1103} INFO - Dependencies all met for dep_context=non-requeueable deps ti=<TaskInstance: empower_to_ggdrive.scraping scheduled__2023-07-10T00:00:00+00:00 [queued]>
[2023-07-26T21:58:10.128+0000] {taskinstance.py:1103} INFO - Dependencies all met for dep_context=requeueable deps ti=<TaskInstance: empower_to_ggdrive.scraping scheduled__2023-07-10T00:00:00+00:00 [queued]>
[2023-07-26T21:58:10.131+0000] {taskinstance.py:1308} INFO - Starting attempt 1 of 2
[2023-07-26T21:58:10.207+0000] {taskinstance.py:1327} INFO - Executing <Task(PythonOperator): scraping> on 2023-07-10 00:00:00+00:00
[2023-07-26T21:58:10.214+0000] {standard_task_runner.py:57} INFO - Started process 93 to run task
[2023-07-26T21:58:10.259+0000] {standard_task_runner.py:84} INFO - Running: ['***', 'tasks', 'run', 'empower_to_ggdrive', 'scraping', 'scheduled__2023-07-10T00:00:00+00:00', '--job-id', '155', '--raw', '--subdir', 'DAGS_FOLDER/empower_to_ggdrive.py', '--cfg-path', '/tmp/tmp5nokleqo']
[2023-07-26T21:58:10.296+0000] {standard_task_runner.py:85} INFO - Job 155: Subtask scraping
[2023-07-26T21:58:10.484+0000] {task_command.py:410} INFO - Running <TaskInstance: empower_to_ggdrive.scraping scheduled__2023-07-10T00:00:00+00:00 [running]> on host bdafa43ae894
[2023-07-26T21:58:10.909+0000] {taskinstance.py:1547} INFO - Exporting env vars: AIRFLOW_CTX_DAG_OWNER='***' AIRFLOW_CTX_DAG_ID='empower_to_ggdrive' AIRFLOW_CTX_TASK_ID='scraping' AIRFLOW_CTX_EXECUTION_DATE='2023-07-10T00:00:00+00:00' AIRFLOW_CTX_TRY_NUMBER='1' AIRFLOW_CTX_DAG_RUN_ID='scheduled__2023-07-10T00:00:00+00:00'
[2023-07-26T21:58:11.316+0000] {logging_mixin.py:150} INFO - current dir/opt/***
[2023-07-26T21:58:11.332+0000] {python.py:183} INFO - Done. Returned value was: None
[2023-07-26T21:58:11.458+0000] {taskinstance.py:1350} INFO - Marking task as SUCCESS. dag_id=empower_to_ggdrive, task_id=scraping, execution_date=20230710T000000, start_date=20230726T215810, end_date=20230726T215811
[2023-07-26T21:58:11.617+0000] {local_task_job_runner.py:225} INFO - Task exited with return code 0
[2023-07-26T21:58:11.680+0000] {taskinstance.py:2653} INFO - 1 downstream tasks scheduled from follow-on schedule check
