[2023-07-26T21:23:46.947+0000] {taskinstance.py:1103} INFO - Dependencies all met for dep_context=non-requeueable deps ti=<TaskInstance: empower_to_ggdrive.cleaning scheduled__2023-07-04T00:00:00+00:00 [queued]>
[2023-07-26T21:23:47.030+0000] {taskinstance.py:1103} INFO - Dependencies all met for dep_context=requeueable deps ti=<TaskInstance: empower_to_ggdrive.cleaning scheduled__2023-07-04T00:00:00+00:00 [queued]>
[2023-07-26T21:23:47.039+0000] {taskinstance.py:1308} INFO - Starting attempt 1 of 2
[2023-07-26T21:23:47.119+0000] {taskinstance.py:1327} INFO - Executing <Task(PythonOperator): cleaning> on 2023-07-04 00:00:00+00:00
[2023-07-26T21:23:47.132+0000] {standard_task_runner.py:57} INFO - Started process 143 to run task
[2023-07-26T21:23:47.153+0000] {standard_task_runner.py:84} INFO - Running: ['***', 'tasks', 'run', 'empower_to_ggdrive', 'cleaning', 'scheduled__2023-07-04T00:00:00+00:00', '--job-id', '80', '--raw', '--subdir', 'DAGS_FOLDER/empower_to_ggdrive.py', '--cfg-path', '/tmp/tmpw_iv8edi']
[2023-07-26T21:23:47.225+0000] {standard_task_runner.py:85} INFO - Job 80: Subtask cleaning
[2023-07-26T21:23:47.634+0000] {task_command.py:410} INFO - Running <TaskInstance: empower_to_ggdrive.cleaning scheduled__2023-07-04T00:00:00+00:00 [running]> on host 4139e27af0e6
[2023-07-26T21:23:48.170+0000] {taskinstance.py:1547} INFO - Exporting env vars: AIRFLOW_CTX_DAG_OWNER='***' AIRFLOW_CTX_DAG_ID='empower_to_ggdrive' AIRFLOW_CTX_TASK_ID='cleaning' AIRFLOW_CTX_EXECUTION_DATE='2023-07-04T00:00:00+00:00' AIRFLOW_CTX_TRY_NUMBER='1' AIRFLOW_CTX_DAG_RUN_ID='scheduled__2023-07-04T00:00:00+00:00'
[2023-07-26T21:23:48.717+0000] {python.py:183} INFO - Done. Returned value was: None
[2023-07-26T21:23:48.769+0000] {taskinstance.py:1350} INFO - Marking task as SUCCESS. dag_id=empower_to_ggdrive, task_id=cleaning, execution_date=20230704T000000, start_date=20230726T212346, end_date=20230726T212348
[2023-07-26T21:23:49.110+0000] {local_task_job_runner.py:225} INFO - Task exited with return code 0
[2023-07-26T21:23:49.165+0000] {taskinstance.py:2653} INFO - 0 downstream tasks scheduled from follow-on schedule check
[2023-07-26T21:58:17.098+0000] {taskinstance.py:1103} INFO - Dependencies all met for dep_context=non-requeueable deps ti=<TaskInstance: empower_to_ggdrive.cleaning scheduled__2023-07-04T00:00:00+00:00 [queued]>
[2023-07-26T21:58:17.126+0000] {taskinstance.py:1103} INFO - Dependencies all met for dep_context=requeueable deps ti=<TaskInstance: empower_to_ggdrive.cleaning scheduled__2023-07-04T00:00:00+00:00 [queued]>
[2023-07-26T21:58:17.144+0000] {taskinstance.py:1308} INFO - Starting attempt 1 of 2
[2023-07-26T21:58:17.383+0000] {taskinstance.py:1327} INFO - Executing <Task(PythonOperator): cleaning> on 2023-07-04 00:00:00+00:00
[2023-07-26T21:58:17.390+0000] {standard_task_runner.py:57} INFO - Started process 162 to run task
[2023-07-26T21:58:17.437+0000] {standard_task_runner.py:84} INFO - Running: ['***', 'tasks', 'run', 'empower_to_ggdrive', 'cleaning', 'scheduled__2023-07-04T00:00:00+00:00', '--job-id', '170', '--raw', '--subdir', 'DAGS_FOLDER/empower_to_ggdrive.py', '--cfg-path', '/tmp/tmpsjs6_q46']
[2023-07-26T21:58:17.447+0000] {standard_task_runner.py:85} INFO - Job 170: Subtask cleaning
[2023-07-26T21:58:17.636+0000] {task_command.py:410} INFO - Running <TaskInstance: empower_to_ggdrive.cleaning scheduled__2023-07-04T00:00:00+00:00 [running]> on host bdafa43ae894
[2023-07-26T21:58:17.864+0000] {taskinstance.py:1547} INFO - Exporting env vars: AIRFLOW_CTX_DAG_OWNER='***' AIRFLOW_CTX_DAG_ID='empower_to_ggdrive' AIRFLOW_CTX_TASK_ID='cleaning' AIRFLOW_CTX_EXECUTION_DATE='2023-07-04T00:00:00+00:00' AIRFLOW_CTX_TRY_NUMBER='1' AIRFLOW_CTX_DAG_RUN_ID='scheduled__2023-07-04T00:00:00+00:00'
[2023-07-26T21:58:21.385+0000] {python.py:183} INFO - Done. Returned value was: None
[2023-07-26T21:58:21.408+0000] {taskinstance.py:1350} INFO - Marking task as SUCCESS. dag_id=empower_to_ggdrive, task_id=cleaning, execution_date=20230704T000000, start_date=20230726T215817, end_date=20230726T215821
[2023-07-26T21:58:21.560+0000] {local_task_job_runner.py:225} INFO - Task exited with return code 0
[2023-07-26T21:58:21.606+0000] {taskinstance.py:2653} INFO - 0 downstream tasks scheduled from follow-on schedule check
