[2023-07-26T21:23:57.753+0000] {taskinstance.py:1103} INFO - Dependencies all met for dep_context=non-requeueable deps ti=<TaskInstance: empower_to_ggdrive.scraping scheduled__2023-07-20T00:00:00+00:00 [queued]>
[2023-07-26T21:23:57.790+0000] {taskinstance.py:1103} INFO - Dependencies all met for dep_context=requeueable deps ti=<TaskInstance: empower_to_ggdrive.scraping scheduled__2023-07-20T00:00:00+00:00 [queued]>
[2023-07-26T21:23:57.792+0000] {taskinstance.py:1308} INFO - Starting attempt 1 of 2
[2023-07-26T21:23:57.874+0000] {taskinstance.py:1327} INFO - Executing <Task(PythonOperator): scraping> on 2023-07-20 00:00:00+00:00
[2023-07-26T21:23:57.881+0000] {standard_task_runner.py:57} INFO - Started process 218 to run task
[2023-07-26T21:23:57.900+0000] {standard_task_runner.py:84} INFO - Running: ['***', 'tasks', 'run', 'empower_to_ggdrive', 'scraping', 'scheduled__2023-07-20T00:00:00+00:00', '--job-id', '100', '--raw', '--subdir', 'DAGS_FOLDER/empower_to_ggdrive.py', '--cfg-path', '/tmp/tmp4952hen4']
[2023-07-26T21:23:57.904+0000] {standard_task_runner.py:85} INFO - Job 100: Subtask scraping
[2023-07-26T21:23:58.028+0000] {task_command.py:410} INFO - Running <TaskInstance: empower_to_ggdrive.scraping scheduled__2023-07-20T00:00:00+00:00 [running]> on host 4139e27af0e6
[2023-07-26T21:23:58.187+0000] {taskinstance.py:1547} INFO - Exporting env vars: AIRFLOW_CTX_DAG_OWNER='***' AIRFLOW_CTX_DAG_ID='empower_to_ggdrive' AIRFLOW_CTX_TASK_ID='scraping' AIRFLOW_CTX_EXECUTION_DATE='2023-07-20T00:00:00+00:00' AIRFLOW_CTX_TRY_NUMBER='1' AIRFLOW_CTX_DAG_RUN_ID='scheduled__2023-07-20T00:00:00+00:00'
[2023-07-26T21:23:58.397+0000] {python.py:183} INFO - Done. Returned value was: None
[2023-07-26T21:23:58.471+0000] {taskinstance.py:1350} INFO - Marking task as SUCCESS. dag_id=empower_to_ggdrive, task_id=scraping, execution_date=20230720T000000, start_date=20230726T212357, end_date=20230726T212358
[2023-07-26T21:23:58.555+0000] {local_task_job_runner.py:225} INFO - Task exited with return code 0
[2023-07-26T21:23:58.594+0000] {taskinstance.py:2653} INFO - 1 downstream tasks scheduled from follow-on schedule check
[2023-07-26T21:58:34.002+0000] {taskinstance.py:1103} INFO - Dependencies all met for dep_context=non-requeueable deps ti=<TaskInstance: empower_to_ggdrive.scraping scheduled__2023-07-20T00:00:00+00:00 [queued]>
[2023-07-26T21:58:34.024+0000] {taskinstance.py:1103} INFO - Dependencies all met for dep_context=requeueable deps ti=<TaskInstance: empower_to_ggdrive.scraping scheduled__2023-07-20T00:00:00+00:00 [queued]>
[2023-07-26T21:58:34.030+0000] {taskinstance.py:1308} INFO - Starting attempt 1 of 2
[2023-07-26T21:58:34.081+0000] {taskinstance.py:1327} INFO - Executing <Task(PythonOperator): scraping> on 2023-07-20 00:00:00+00:00
[2023-07-26T21:58:34.097+0000] {standard_task_runner.py:57} INFO - Started process 338 to run task
[2023-07-26T21:58:34.123+0000] {standard_task_runner.py:84} INFO - Running: ['***', 'tasks', 'run', 'empower_to_ggdrive', 'scraping', 'scheduled__2023-07-20T00:00:00+00:00', '--job-id', '177', '--raw', '--subdir', 'DAGS_FOLDER/empower_to_ggdrive.py', '--cfg-path', '/tmp/tmpewij_66u']
[2023-07-26T21:58:34.154+0000] {standard_task_runner.py:85} INFO - Job 177: Subtask scraping
[2023-07-26T21:58:34.322+0000] {task_command.py:410} INFO - Running <TaskInstance: empower_to_ggdrive.scraping scheduled__2023-07-20T00:00:00+00:00 [running]> on host bdafa43ae894
[2023-07-26T21:58:34.588+0000] {taskinstance.py:1547} INFO - Exporting env vars: AIRFLOW_CTX_DAG_OWNER='***' AIRFLOW_CTX_DAG_ID='empower_to_ggdrive' AIRFLOW_CTX_TASK_ID='scraping' AIRFLOW_CTX_EXECUTION_DATE='2023-07-20T00:00:00+00:00' AIRFLOW_CTX_TRY_NUMBER='1' AIRFLOW_CTX_DAG_RUN_ID='scheduled__2023-07-20T00:00:00+00:00'
[2023-07-26T21:58:34.845+0000] {logging_mixin.py:150} INFO - current dir/opt/***
[2023-07-26T21:58:34.848+0000] {python.py:183} INFO - Done. Returned value was: None
[2023-07-26T21:58:34.883+0000] {taskinstance.py:1350} INFO - Marking task as SUCCESS. dag_id=empower_to_ggdrive, task_id=scraping, execution_date=20230720T000000, start_date=20230726T215834, end_date=20230726T215834
[2023-07-26T21:58:34.966+0000] {local_task_job_runner.py:225} INFO - Task exited with return code 0
[2023-07-26T21:58:35.009+0000] {taskinstance.py:2653} INFO - 1 downstream tasks scheduled from follow-on schedule check
