[2023-07-26T21:23:42.050+0000] {taskinstance.py:1103} INFO - Dependencies all met for dep_context=non-requeueable deps ti=<TaskInstance: empower_to_ggdrive.scraping scheduled__2023-07-08T00:00:00+00:00 [queued]>
[2023-07-26T21:23:42.133+0000] {taskinstance.py:1103} INFO - Dependencies all met for dep_context=requeueable deps ti=<TaskInstance: empower_to_ggdrive.scraping scheduled__2023-07-08T00:00:00+00:00 [queued]>
[2023-07-26T21:23:42.147+0000] {taskinstance.py:1308} INFO - Starting attempt 1 of 2
[2023-07-26T21:23:42.314+0000] {taskinstance.py:1327} INFO - Executing <Task(PythonOperator): scraping> on 2023-07-08 00:00:00+00:00
[2023-07-26T21:23:42.326+0000] {standard_task_runner.py:57} INFO - Started process 107 to run task
[2023-07-26T21:23:42.333+0000] {standard_task_runner.py:84} INFO - Running: ['***', 'tasks', 'run', 'empower_to_ggdrive', 'scraping', 'scheduled__2023-07-08T00:00:00+00:00', '--job-id', '72', '--raw', '--subdir', 'DAGS_FOLDER/empower_to_ggdrive.py', '--cfg-path', '/tmp/tmpp61opnlz']
[2023-07-26T21:23:42.357+0000] {standard_task_runner.py:85} INFO - Job 72: Subtask scraping
[2023-07-26T21:23:42.607+0000] {task_command.py:410} INFO - Running <TaskInstance: empower_to_ggdrive.scraping scheduled__2023-07-08T00:00:00+00:00 [running]> on host 4139e27af0e6
[2023-07-26T21:23:43.034+0000] {taskinstance.py:1547} INFO - Exporting env vars: AIRFLOW_CTX_DAG_OWNER='***' AIRFLOW_CTX_DAG_ID='empower_to_ggdrive' AIRFLOW_CTX_TASK_ID='scraping' AIRFLOW_CTX_EXECUTION_DATE='2023-07-08T00:00:00+00:00' AIRFLOW_CTX_TRY_NUMBER='1' AIRFLOW_CTX_DAG_RUN_ID='scheduled__2023-07-08T00:00:00+00:00'
[2023-07-26T21:23:43.327+0000] {python.py:183} INFO - Done. Returned value was: None
[2023-07-26T21:23:43.357+0000] {taskinstance.py:1350} INFO - Marking task as SUCCESS. dag_id=empower_to_ggdrive, task_id=scraping, execution_date=20230708T000000, start_date=20230726T212342, end_date=20230726T212343
[2023-07-26T21:23:43.489+0000] {local_task_job_runner.py:225} INFO - Task exited with return code 0
[2023-07-26T21:23:43.597+0000] {taskinstance.py:2653} INFO - 1 downstream tasks scheduled from follow-on schedule check
[2023-07-26T21:58:10.053+0000] {taskinstance.py:1103} INFO - Dependencies all met for dep_context=non-requeueable deps ti=<TaskInstance: empower_to_ggdrive.scraping scheduled__2023-07-08T00:00:00+00:00 [queued]>
[2023-07-26T21:58:10.077+0000] {taskinstance.py:1103} INFO - Dependencies all met for dep_context=requeueable deps ti=<TaskInstance: empower_to_ggdrive.scraping scheduled__2023-07-08T00:00:00+00:00 [queued]>
[2023-07-26T21:58:10.078+0000] {taskinstance.py:1308} INFO - Starting attempt 1 of 2
[2023-07-26T21:58:10.141+0000] {taskinstance.py:1327} INFO - Executing <Task(PythonOperator): scraping> on 2023-07-08 00:00:00+00:00
[2023-07-26T21:58:10.150+0000] {standard_task_runner.py:57} INFO - Started process 91 to run task
[2023-07-26T21:58:10.167+0000] {standard_task_runner.py:84} INFO - Running: ['***', 'tasks', 'run', 'empower_to_ggdrive', 'scraping', 'scheduled__2023-07-08T00:00:00+00:00', '--job-id', '144', '--raw', '--subdir', 'DAGS_FOLDER/empower_to_ggdrive.py', '--cfg-path', '/tmp/tmpa5gtmhw_']
[2023-07-26T21:58:10.175+0000] {standard_task_runner.py:85} INFO - Job 144: Subtask scraping
[2023-07-26T21:58:10.419+0000] {task_command.py:410} INFO - Running <TaskInstance: empower_to_ggdrive.scraping scheduled__2023-07-08T00:00:00+00:00 [running]> on host bdafa43ae894
[2023-07-26T21:58:10.712+0000] {taskinstance.py:1547} INFO - Exporting env vars: AIRFLOW_CTX_DAG_OWNER='***' AIRFLOW_CTX_DAG_ID='empower_to_ggdrive' AIRFLOW_CTX_TASK_ID='scraping' AIRFLOW_CTX_EXECUTION_DATE='2023-07-08T00:00:00+00:00' AIRFLOW_CTX_TRY_NUMBER='1' AIRFLOW_CTX_DAG_RUN_ID='scheduled__2023-07-08T00:00:00+00:00'
[2023-07-26T21:58:11.081+0000] {logging_mixin.py:150} INFO - current dir/opt/***
[2023-07-26T21:58:11.082+0000] {python.py:183} INFO - Done. Returned value was: None
[2023-07-26T21:58:11.131+0000] {taskinstance.py:1350} INFO - Marking task as SUCCESS. dag_id=empower_to_ggdrive, task_id=scraping, execution_date=20230708T000000, start_date=20230726T215810, end_date=20230726T215811
[2023-07-26T21:58:11.233+0000] {local_task_job_runner.py:225} INFO - Task exited with return code 0
[2023-07-26T21:58:11.329+0000] {taskinstance.py:2653} INFO - 1 downstream tasks scheduled from follow-on schedule check
