[2023-07-26T21:23:56.236+0000] {taskinstance.py:1103} INFO - Dependencies all met for dep_context=non-requeueable deps ti=<TaskInstance: empower_to_ggdrive.scraping scheduled__2023-07-16T00:00:00+00:00 [queued]>
[2023-07-26T21:23:56.289+0000] {taskinstance.py:1103} INFO - Dependencies all met for dep_context=requeueable deps ti=<TaskInstance: empower_to_ggdrive.scraping scheduled__2023-07-16T00:00:00+00:00 [queued]>
[2023-07-26T21:23:56.289+0000] {taskinstance.py:1308} INFO - Starting attempt 1 of 2
[2023-07-26T21:23:56.344+0000] {taskinstance.py:1327} INFO - Executing <Task(PythonOperator): scraping> on 2023-07-16 00:00:00+00:00
[2023-07-26T21:23:56.353+0000] {standard_task_runner.py:57} INFO - Started process 200 to run task
[2023-07-26T21:23:56.370+0000] {standard_task_runner.py:84} INFO - Running: ['***', 'tasks', 'run', 'empower_to_ggdrive', 'scraping', 'scheduled__2023-07-16T00:00:00+00:00', '--job-id', '96', '--raw', '--subdir', 'DAGS_FOLDER/empower_to_ggdrive.py', '--cfg-path', '/tmp/tmpumtr9xx8']
[2023-07-26T21:23:56.389+0000] {standard_task_runner.py:85} INFO - Job 96: Subtask scraping
[2023-07-26T21:23:56.595+0000] {task_command.py:410} INFO - Running <TaskInstance: empower_to_ggdrive.scraping scheduled__2023-07-16T00:00:00+00:00 [running]> on host 4139e27af0e6
[2023-07-26T21:23:56.820+0000] {taskinstance.py:1547} INFO - Exporting env vars: AIRFLOW_CTX_DAG_OWNER='***' AIRFLOW_CTX_DAG_ID='empower_to_ggdrive' AIRFLOW_CTX_TASK_ID='scraping' AIRFLOW_CTX_EXECUTION_DATE='2023-07-16T00:00:00+00:00' AIRFLOW_CTX_TRY_NUMBER='1' AIRFLOW_CTX_DAG_RUN_ID='scheduled__2023-07-16T00:00:00+00:00'
[2023-07-26T21:23:57.078+0000] {python.py:183} INFO - Done. Returned value was: None
[2023-07-26T21:23:57.118+0000] {taskinstance.py:1350} INFO - Marking task as SUCCESS. dag_id=empower_to_ggdrive, task_id=scraping, execution_date=20230716T000000, start_date=20230726T212356, end_date=20230726T212357
[2023-07-26T21:23:57.203+0000] {local_task_job_runner.py:225} INFO - Task exited with return code 0
[2023-07-26T21:23:57.251+0000] {taskinstance.py:2653} INFO - 1 downstream tasks scheduled from follow-on schedule check
[2023-07-26T21:58:09.862+0000] {taskinstance.py:1103} INFO - Dependencies all met for dep_context=non-requeueable deps ti=<TaskInstance: empower_to_ggdrive.scraping scheduled__2023-07-16T00:00:00+00:00 [queued]>
[2023-07-26T21:58:09.912+0000] {taskinstance.py:1103} INFO - Dependencies all met for dep_context=requeueable deps ti=<TaskInstance: empower_to_ggdrive.scraping scheduled__2023-07-16T00:00:00+00:00 [queued]>
[2023-07-26T21:58:09.918+0000] {taskinstance.py:1308} INFO - Starting attempt 1 of 2
[2023-07-26T21:58:10.004+0000] {taskinstance.py:1327} INFO - Executing <Task(PythonOperator): scraping> on 2023-07-16 00:00:00+00:00
[2023-07-26T21:58:10.011+0000] {standard_task_runner.py:57} INFO - Started process 87 to run task
[2023-07-26T21:58:10.041+0000] {standard_task_runner.py:84} INFO - Running: ['***', 'tasks', 'run', 'empower_to_ggdrive', 'scraping', 'scheduled__2023-07-16T00:00:00+00:00', '--job-id', '156', '--raw', '--subdir', 'DAGS_FOLDER/empower_to_ggdrive.py', '--cfg-path', '/tmp/tmp2io7qtug']
[2023-07-26T21:58:10.071+0000] {standard_task_runner.py:85} INFO - Job 156: Subtask scraping
[2023-07-26T21:58:10.310+0000] {task_command.py:410} INFO - Running <TaskInstance: empower_to_ggdrive.scraping scheduled__2023-07-16T00:00:00+00:00 [running]> on host bdafa43ae894
[2023-07-26T21:58:10.633+0000] {taskinstance.py:1547} INFO - Exporting env vars: AIRFLOW_CTX_DAG_OWNER='***' AIRFLOW_CTX_DAG_ID='empower_to_ggdrive' AIRFLOW_CTX_TASK_ID='scraping' AIRFLOW_CTX_EXECUTION_DATE='2023-07-16T00:00:00+00:00' AIRFLOW_CTX_TRY_NUMBER='1' AIRFLOW_CTX_DAG_RUN_ID='scheduled__2023-07-16T00:00:00+00:00'
[2023-07-26T21:58:11.226+0000] {logging_mixin.py:150} INFO - current dir/opt/***
[2023-07-26T21:58:11.229+0000] {python.py:183} INFO - Done. Returned value was: None
[2023-07-26T21:58:11.287+0000] {taskinstance.py:1350} INFO - Marking task as SUCCESS. dag_id=empower_to_ggdrive, task_id=scraping, execution_date=20230716T000000, start_date=20230726T215809, end_date=20230726T215811
[2023-07-26T21:58:11.450+0000] {local_task_job_runner.py:225} INFO - Task exited with return code 0
[2023-07-26T21:58:11.570+0000] {taskinstance.py:2653} INFO - 1 downstream tasks scheduled from follow-on schedule check
