[2023-07-26T21:23:42.991+0000] {taskinstance.py:1103} INFO - Dependencies all met for dep_context=non-requeueable deps ti=<TaskInstance: empower_to_ggdrive.scraping scheduled__2023-07-09T00:00:00+00:00 [queued]>
[2023-07-26T21:23:43.055+0000] {taskinstance.py:1103} INFO - Dependencies all met for dep_context=requeueable deps ti=<TaskInstance: empower_to_ggdrive.scraping scheduled__2023-07-09T00:00:00+00:00 [queued]>
[2023-07-26T21:23:43.056+0000] {taskinstance.py:1308} INFO - Starting attempt 1 of 2
[2023-07-26T21:23:43.213+0000] {taskinstance.py:1327} INFO - Executing <Task(PythonOperator): scraping> on 2023-07-09 00:00:00+00:00
[2023-07-26T21:23:43.218+0000] {standard_task_runner.py:57} INFO - Started process 112 to run task
[2023-07-26T21:23:43.236+0000] {standard_task_runner.py:84} INFO - Running: ['***', 'tasks', 'run', 'empower_to_ggdrive', 'scraping', 'scheduled__2023-07-09T00:00:00+00:00', '--job-id', '73', '--raw', '--subdir', 'DAGS_FOLDER/empower_to_ggdrive.py', '--cfg-path', '/tmp/tmptl5llus9']
[2023-07-26T21:23:43.273+0000] {standard_task_runner.py:85} INFO - Job 73: Subtask scraping
[2023-07-26T21:23:43.575+0000] {task_command.py:410} INFO - Running <TaskInstance: empower_to_ggdrive.scraping scheduled__2023-07-09T00:00:00+00:00 [running]> on host 4139e27af0e6
[2023-07-26T21:23:43.965+0000] {taskinstance.py:1547} INFO - Exporting env vars: AIRFLOW_CTX_DAG_OWNER='***' AIRFLOW_CTX_DAG_ID='empower_to_ggdrive' AIRFLOW_CTX_TASK_ID='scraping' AIRFLOW_CTX_EXECUTION_DATE='2023-07-09T00:00:00+00:00' AIRFLOW_CTX_TRY_NUMBER='1' AIRFLOW_CTX_DAG_RUN_ID='scheduled__2023-07-09T00:00:00+00:00'
[2023-07-26T21:23:44.654+0000] {python.py:183} INFO - Done. Returned value was: None
[2023-07-26T21:23:44.697+0000] {taskinstance.py:1350} INFO - Marking task as SUCCESS. dag_id=empower_to_ggdrive, task_id=scraping, execution_date=20230709T000000, start_date=20230726T212342, end_date=20230726T212344
[2023-07-26T21:23:44.783+0000] {local_task_job_runner.py:225} INFO - Task exited with return code 0
[2023-07-26T21:23:44.878+0000] {taskinstance.py:2653} INFO - 1 downstream tasks scheduled from follow-on schedule check
[2023-07-26T21:58:10.299+0000] {taskinstance.py:1103} INFO - Dependencies all met for dep_context=non-requeueable deps ti=<TaskInstance: empower_to_ggdrive.scraping scheduled__2023-07-09T00:00:00+00:00 [queued]>
[2023-07-26T21:58:10.328+0000] {taskinstance.py:1103} INFO - Dependencies all met for dep_context=requeueable deps ti=<TaskInstance: empower_to_ggdrive.scraping scheduled__2023-07-09T00:00:00+00:00 [queued]>
[2023-07-26T21:58:10.329+0000] {taskinstance.py:1308} INFO - Starting attempt 1 of 2
[2023-07-26T21:58:10.373+0000] {taskinstance.py:1327} INFO - Executing <Task(PythonOperator): scraping> on 2023-07-09 00:00:00+00:00
[2023-07-26T21:58:10.396+0000] {standard_task_runner.py:57} INFO - Started process 98 to run task
[2023-07-26T21:58:10.423+0000] {standard_task_runner.py:84} INFO - Running: ['***', 'tasks', 'run', 'empower_to_ggdrive', 'scraping', 'scheduled__2023-07-09T00:00:00+00:00', '--job-id', '157', '--raw', '--subdir', 'DAGS_FOLDER/empower_to_ggdrive.py', '--cfg-path', '/tmp/tmpxmp09vs_']
[2023-07-26T21:58:10.466+0000] {standard_task_runner.py:85} INFO - Job 157: Subtask scraping
[2023-07-26T21:58:10.771+0000] {task_command.py:410} INFO - Running <TaskInstance: empower_to_ggdrive.scraping scheduled__2023-07-09T00:00:00+00:00 [running]> on host bdafa43ae894
[2023-07-26T21:58:11.266+0000] {taskinstance.py:1547} INFO - Exporting env vars: AIRFLOW_CTX_DAG_OWNER='***' AIRFLOW_CTX_DAG_ID='empower_to_ggdrive' AIRFLOW_CTX_TASK_ID='scraping' AIRFLOW_CTX_EXECUTION_DATE='2023-07-09T00:00:00+00:00' AIRFLOW_CTX_TRY_NUMBER='1' AIRFLOW_CTX_DAG_RUN_ID='scheduled__2023-07-09T00:00:00+00:00'
[2023-07-26T21:58:11.782+0000] {logging_mixin.py:150} INFO - current dir/opt/***
[2023-07-26T21:58:11.797+0000] {python.py:183} INFO - Done. Returned value was: None
[2023-07-26T21:58:11.861+0000] {taskinstance.py:1350} INFO - Marking task as SUCCESS. dag_id=empower_to_ggdrive, task_id=scraping, execution_date=20230709T000000, start_date=20230726T215810, end_date=20230726T215811
[2023-07-26T21:58:11.959+0000] {local_task_job_runner.py:225} INFO - Task exited with return code 0
[2023-07-26T21:58:11.987+0000] {taskinstance.py:2653} INFO - 1 downstream tasks scheduled from follow-on schedule check
