[2023-07-26T21:24:00.223+0000] {taskinstance.py:1103} INFO - Dependencies all met for dep_context=non-requeueable deps ti=<TaskInstance: empower_to_ggdrive.cleaning scheduled__2023-07-17T00:00:00+00:00 [queued]>
[2023-07-26T21:24:00.249+0000] {taskinstance.py:1103} INFO - Dependencies all met for dep_context=requeueable deps ti=<TaskInstance: empower_to_ggdrive.cleaning scheduled__2023-07-17T00:00:00+00:00 [queued]>
[2023-07-26T21:24:00.251+0000] {taskinstance.py:1308} INFO - Starting attempt 1 of 2
[2023-07-26T21:24:00.278+0000] {taskinstance.py:1327} INFO - Executing <Task(PythonOperator): cleaning> on 2023-07-17 00:00:00+00:00
[2023-07-26T21:24:00.287+0000] {standard_task_runner.py:57} INFO - Started process 251 to run task
[2023-07-26T21:24:00.299+0000] {standard_task_runner.py:84} INFO - Running: ['***', 'tasks', 'run', 'empower_to_ggdrive', 'cleaning', 'scheduled__2023-07-17T00:00:00+00:00', '--job-id', '108', '--raw', '--subdir', 'DAGS_FOLDER/empower_to_ggdrive.py', '--cfg-path', '/tmp/tmpwcttxx3h']
[2023-07-26T21:24:00.305+0000] {standard_task_runner.py:85} INFO - Job 108: Subtask cleaning
[2023-07-26T21:24:00.388+0000] {task_command.py:410} INFO - Running <TaskInstance: empower_to_ggdrive.cleaning scheduled__2023-07-17T00:00:00+00:00 [running]> on host 4139e27af0e6
[2023-07-26T21:24:00.615+0000] {taskinstance.py:1547} INFO - Exporting env vars: AIRFLOW_CTX_DAG_OWNER='***' AIRFLOW_CTX_DAG_ID='empower_to_ggdrive' AIRFLOW_CTX_TASK_ID='cleaning' AIRFLOW_CTX_EXECUTION_DATE='2023-07-17T00:00:00+00:00' AIRFLOW_CTX_TRY_NUMBER='1' AIRFLOW_CTX_DAG_RUN_ID='scheduled__2023-07-17T00:00:00+00:00'
[2023-07-26T21:24:00.898+0000] {python.py:183} INFO - Done. Returned value was: None
[2023-07-26T21:24:00.927+0000] {taskinstance.py:1350} INFO - Marking task as SUCCESS. dag_id=empower_to_ggdrive, task_id=cleaning, execution_date=20230717T000000, start_date=20230726T212400, end_date=20230726T212400
[2023-07-26T21:24:01.045+0000] {local_task_job_runner.py:225} INFO - Task exited with return code 0
[2023-07-26T21:24:01.179+0000] {taskinstance.py:2653} INFO - 0 downstream tasks scheduled from follow-on schedule check
[2023-07-26T21:58:37.742+0000] {taskinstance.py:1103} INFO - Dependencies all met for dep_context=non-requeueable deps ti=<TaskInstance: empower_to_ggdrive.cleaning scheduled__2023-07-17T00:00:00+00:00 [queued]>
[2023-07-26T21:58:37.753+0000] {taskinstance.py:1103} INFO - Dependencies all met for dep_context=requeueable deps ti=<TaskInstance: empower_to_ggdrive.cleaning scheduled__2023-07-17T00:00:00+00:00 [queued]>
[2023-07-26T21:58:37.754+0000] {taskinstance.py:1308} INFO - Starting attempt 1 of 2
[2023-07-26T21:58:37.804+0000] {taskinstance.py:1327} INFO - Executing <Task(PythonOperator): cleaning> on 2023-07-17 00:00:00+00:00
[2023-07-26T21:58:37.823+0000] {standard_task_runner.py:57} INFO - Started process 368 to run task
[2023-07-26T21:58:37.836+0000] {standard_task_runner.py:84} INFO - Running: ['***', 'tasks', 'run', 'empower_to_ggdrive', 'cleaning', 'scheduled__2023-07-17T00:00:00+00:00', '--job-id', '185', '--raw', '--subdir', 'DAGS_FOLDER/empower_to_ggdrive.py', '--cfg-path', '/tmp/tmpmahuq9ce']
[2023-07-26T21:58:37.843+0000] {standard_task_runner.py:85} INFO - Job 185: Subtask cleaning
[2023-07-26T21:58:37.961+0000] {task_command.py:410} INFO - Running <TaskInstance: empower_to_ggdrive.cleaning scheduled__2023-07-17T00:00:00+00:00 [running]> on host bdafa43ae894
[2023-07-26T21:58:38.164+0000] {taskinstance.py:1547} INFO - Exporting env vars: AIRFLOW_CTX_DAG_OWNER='***' AIRFLOW_CTX_DAG_ID='empower_to_ggdrive' AIRFLOW_CTX_TASK_ID='cleaning' AIRFLOW_CTX_EXECUTION_DATE='2023-07-17T00:00:00+00:00' AIRFLOW_CTX_TRY_NUMBER='1' AIRFLOW_CTX_DAG_RUN_ID='scheduled__2023-07-17T00:00:00+00:00'
[2023-07-26T21:58:39.939+0000] {python.py:183} INFO - Done. Returned value was: None
[2023-07-26T21:58:39.956+0000] {taskinstance.py:1350} INFO - Marking task as SUCCESS. dag_id=empower_to_ggdrive, task_id=cleaning, execution_date=20230717T000000, start_date=20230726T215837, end_date=20230726T215839
[2023-07-26T21:58:40.032+0000] {local_task_job_runner.py:225} INFO - Task exited with return code 0
[2023-07-26T21:58:40.066+0000] {taskinstance.py:2653} INFO - 0 downstream tasks scheduled from follow-on schedule check
