[2023-07-26T21:23:44.191+0000] {taskinstance.py:1103} INFO - Dependencies all met for dep_context=non-requeueable deps ti=<TaskInstance: empower_to_ggdrive.scraping scheduled__2023-07-11T00:00:00+00:00 [queued]>
[2023-07-26T21:23:44.263+0000] {taskinstance.py:1103} INFO - Dependencies all met for dep_context=requeueable deps ti=<TaskInstance: empower_to_ggdrive.scraping scheduled__2023-07-11T00:00:00+00:00 [queued]>
[2023-07-26T21:23:44.267+0000] {taskinstance.py:1308} INFO - Starting attempt 1 of 2
[2023-07-26T21:23:44.440+0000] {taskinstance.py:1327} INFO - Executing <Task(PythonOperator): scraping> on 2023-07-11 00:00:00+00:00
[2023-07-26T21:23:44.447+0000] {standard_task_runner.py:57} INFO - Started process 123 to run task
[2023-07-26T21:23:44.480+0000] {standard_task_runner.py:84} INFO - Running: ['***', 'tasks', 'run', 'empower_to_ggdrive', 'scraping', 'scheduled__2023-07-11T00:00:00+00:00', '--job-id', '75', '--raw', '--subdir', 'DAGS_FOLDER/empower_to_ggdrive.py', '--cfg-path', '/tmp/tmpnzcd6hv_']
[2023-07-26T21:23:44.500+0000] {standard_task_runner.py:85} INFO - Job 75: Subtask scraping
[2023-07-26T21:23:44.710+0000] {task_command.py:410} INFO - Running <TaskInstance: empower_to_ggdrive.scraping scheduled__2023-07-11T00:00:00+00:00 [running]> on host 4139e27af0e6
[2023-07-26T21:23:45.220+0000] {taskinstance.py:1547} INFO - Exporting env vars: AIRFLOW_CTX_DAG_OWNER='***' AIRFLOW_CTX_DAG_ID='empower_to_ggdrive' AIRFLOW_CTX_TASK_ID='scraping' AIRFLOW_CTX_EXECUTION_DATE='2023-07-11T00:00:00+00:00' AIRFLOW_CTX_TRY_NUMBER='1' AIRFLOW_CTX_DAG_RUN_ID='scheduled__2023-07-11T00:00:00+00:00'
[2023-07-26T21:23:45.576+0000] {python.py:183} INFO - Done. Returned value was: None
[2023-07-26T21:23:45.615+0000] {taskinstance.py:1350} INFO - Marking task as SUCCESS. dag_id=empower_to_ggdrive, task_id=scraping, execution_date=20230711T000000, start_date=20230726T212344, end_date=20230726T212345
[2023-07-26T21:23:45.792+0000] {local_task_job_runner.py:225} INFO - Task exited with return code 0
[2023-07-26T21:23:45.885+0000] {taskinstance.py:2653} INFO - 1 downstream tasks scheduled from follow-on schedule check
[2023-07-26T21:58:09.724+0000] {taskinstance.py:1103} INFO - Dependencies all met for dep_context=non-requeueable deps ti=<TaskInstance: empower_to_ggdrive.scraping scheduled__2023-07-11T00:00:00+00:00 [queued]>
[2023-07-26T21:58:09.774+0000] {taskinstance.py:1103} INFO - Dependencies all met for dep_context=requeueable deps ti=<TaskInstance: empower_to_ggdrive.scraping scheduled__2023-07-11T00:00:00+00:00 [queued]>
[2023-07-26T21:58:09.775+0000] {taskinstance.py:1308} INFO - Starting attempt 1 of 2
[2023-07-26T21:58:09.852+0000] {taskinstance.py:1327} INFO - Executing <Task(PythonOperator): scraping> on 2023-07-11 00:00:00+00:00
[2023-07-26T21:58:09.869+0000] {standard_task_runner.py:57} INFO - Started process 86 to run task
[2023-07-26T21:58:09.870+0000] {standard_task_runner.py:84} INFO - Running: ['***', 'tasks', 'run', 'empower_to_ggdrive', 'scraping', 'scheduled__2023-07-11T00:00:00+00:00', '--job-id', '143', '--raw', '--subdir', 'DAGS_FOLDER/empower_to_ggdrive.py', '--cfg-path', '/tmp/tmpz2vv5gcd']
[2023-07-26T21:58:09.894+0000] {standard_task_runner.py:85} INFO - Job 143: Subtask scraping
[2023-07-26T21:58:10.003+0000] {task_command.py:410} INFO - Running <TaskInstance: empower_to_ggdrive.scraping scheduled__2023-07-11T00:00:00+00:00 [running]> on host bdafa43ae894
[2023-07-26T21:58:10.390+0000] {taskinstance.py:1547} INFO - Exporting env vars: AIRFLOW_CTX_DAG_OWNER='***' AIRFLOW_CTX_DAG_ID='empower_to_ggdrive' AIRFLOW_CTX_TASK_ID='scraping' AIRFLOW_CTX_EXECUTION_DATE='2023-07-11T00:00:00+00:00' AIRFLOW_CTX_TRY_NUMBER='1' AIRFLOW_CTX_DAG_RUN_ID='scheduled__2023-07-11T00:00:00+00:00'
[2023-07-26T21:58:10.970+0000] {logging_mixin.py:150} INFO - current dir/opt/***
[2023-07-26T21:58:10.972+0000] {python.py:183} INFO - Done. Returned value was: None
[2023-07-26T21:58:11.022+0000] {taskinstance.py:1350} INFO - Marking task as SUCCESS. dag_id=empower_to_ggdrive, task_id=scraping, execution_date=20230711T000000, start_date=20230726T215809, end_date=20230726T215811
[2023-07-26T21:58:11.177+0000] {local_task_job_runner.py:225} INFO - Task exited with return code 0
[2023-07-26T21:58:11.285+0000] {taskinstance.py:2653} INFO - 1 downstream tasks scheduled from follow-on schedule check
