[2023-07-26T21:23:46.375+0000] {taskinstance.py:1103} INFO - Dependencies all met for dep_context=non-requeueable deps ti=<TaskInstance: empower_to_ggdrive.scraping scheduled__2023-07-13T00:00:00+00:00 [queued]>
[2023-07-26T21:23:46.406+0000] {taskinstance.py:1103} INFO - Dependencies all met for dep_context=requeueable deps ti=<TaskInstance: empower_to_ggdrive.scraping scheduled__2023-07-13T00:00:00+00:00 [queued]>
[2023-07-26T21:23:46.416+0000] {taskinstance.py:1308} INFO - Starting attempt 1 of 2
[2023-07-26T21:23:46.526+0000] {taskinstance.py:1327} INFO - Executing <Task(PythonOperator): scraping> on 2023-07-13 00:00:00+00:00
[2023-07-26T21:23:46.534+0000] {standard_task_runner.py:57} INFO - Started process 137 to run task
[2023-07-26T21:23:46.549+0000] {standard_task_runner.py:84} INFO - Running: ['***', 'tasks', 'run', 'empower_to_ggdrive', 'scraping', 'scheduled__2023-07-13T00:00:00+00:00', '--job-id', '78', '--raw', '--subdir', 'DAGS_FOLDER/empower_to_ggdrive.py', '--cfg-path', '/tmp/tmpux9_t8fx']
[2023-07-26T21:23:46.558+0000] {standard_task_runner.py:85} INFO - Job 78: Subtask scraping
[2023-07-26T21:23:46.862+0000] {task_command.py:410} INFO - Running <TaskInstance: empower_to_ggdrive.scraping scheduled__2023-07-13T00:00:00+00:00 [running]> on host 4139e27af0e6
[2023-07-26T21:23:47.243+0000] {taskinstance.py:1547} INFO - Exporting env vars: AIRFLOW_CTX_DAG_OWNER='***' AIRFLOW_CTX_DAG_ID='empower_to_ggdrive' AIRFLOW_CTX_TASK_ID='scraping' AIRFLOW_CTX_EXECUTION_DATE='2023-07-13T00:00:00+00:00' AIRFLOW_CTX_TRY_NUMBER='1' AIRFLOW_CTX_DAG_RUN_ID='scheduled__2023-07-13T00:00:00+00:00'
[2023-07-26T21:23:47.821+0000] {python.py:183} INFO - Done. Returned value was: None
[2023-07-26T21:23:47.893+0000] {taskinstance.py:1350} INFO - Marking task as SUCCESS. dag_id=empower_to_ggdrive, task_id=scraping, execution_date=20230713T000000, start_date=20230726T212346, end_date=20230726T212347
[2023-07-26T21:23:47.976+0000] {local_task_job_runner.py:225} INFO - Task exited with return code 0
[2023-07-26T21:23:48.058+0000] {taskinstance.py:2653} INFO - 1 downstream tasks scheduled from follow-on schedule check
[2023-07-26T21:58:10.231+0000] {taskinstance.py:1103} INFO - Dependencies all met for dep_context=non-requeueable deps ti=<TaskInstance: empower_to_ggdrive.scraping scheduled__2023-07-13T00:00:00+00:00 [queued]>
[2023-07-26T21:58:10.262+0000] {taskinstance.py:1103} INFO - Dependencies all met for dep_context=requeueable deps ti=<TaskInstance: empower_to_ggdrive.scraping scheduled__2023-07-13T00:00:00+00:00 [queued]>
[2023-07-26T21:58:10.264+0000] {taskinstance.py:1308} INFO - Starting attempt 1 of 2
[2023-07-26T21:58:10.335+0000] {taskinstance.py:1327} INFO - Executing <Task(PythonOperator): scraping> on 2023-07-13 00:00:00+00:00
[2023-07-26T21:58:10.355+0000] {standard_task_runner.py:57} INFO - Started process 97 to run task
[2023-07-26T21:58:10.389+0000] {standard_task_runner.py:84} INFO - Running: ['***', 'tasks', 'run', 'empower_to_ggdrive', 'scraping', 'scheduled__2023-07-13T00:00:00+00:00', '--job-id', '146', '--raw', '--subdir', 'DAGS_FOLDER/empower_to_ggdrive.py', '--cfg-path', '/tmp/tmp_4_2h9og']
[2023-07-26T21:58:10.419+0000] {standard_task_runner.py:85} INFO - Job 146: Subtask scraping
[2023-07-26T21:58:10.656+0000] {task_command.py:410} INFO - Running <TaskInstance: empower_to_ggdrive.scraping scheduled__2023-07-13T00:00:00+00:00 [running]> on host bdafa43ae894
[2023-07-26T21:58:11.095+0000] {taskinstance.py:1547} INFO - Exporting env vars: AIRFLOW_CTX_DAG_OWNER='***' AIRFLOW_CTX_DAG_ID='empower_to_ggdrive' AIRFLOW_CTX_TASK_ID='scraping' AIRFLOW_CTX_EXECUTION_DATE='2023-07-13T00:00:00+00:00' AIRFLOW_CTX_TRY_NUMBER='1' AIRFLOW_CTX_DAG_RUN_ID='scheduled__2023-07-13T00:00:00+00:00'
[2023-07-26T21:58:11.521+0000] {logging_mixin.py:150} INFO - current dir/opt/***
[2023-07-26T21:58:11.526+0000] {python.py:183} INFO - Done. Returned value was: None
[2023-07-26T21:58:11.591+0000] {taskinstance.py:1350} INFO - Marking task as SUCCESS. dag_id=empower_to_ggdrive, task_id=scraping, execution_date=20230713T000000, start_date=20230726T215810, end_date=20230726T215811
[2023-07-26T21:58:11.707+0000] {local_task_job_runner.py:225} INFO - Task exited with return code 0
[2023-07-26T21:58:11.761+0000] {taskinstance.py:2653} INFO - 1 downstream tasks scheduled from follow-on schedule check
