[2023-07-26T21:23:50.056+0000] {taskinstance.py:1103} INFO - Dependencies all met for dep_context=non-requeueable deps ti=<TaskInstance: empower_to_ggdrive.cleaning scheduled__2023-07-09T00:00:00+00:00 [queued]>
[2023-07-26T21:23:50.172+0000] {taskinstance.py:1103} INFO - Dependencies all met for dep_context=requeueable deps ti=<TaskInstance: empower_to_ggdrive.cleaning scheduled__2023-07-09T00:00:00+00:00 [queued]>
[2023-07-26T21:23:50.185+0000] {taskinstance.py:1308} INFO - Starting attempt 1 of 2
[2023-07-26T21:23:50.262+0000] {taskinstance.py:1327} INFO - Executing <Task(PythonOperator): cleaning> on 2023-07-09 00:00:00+00:00
[2023-07-26T21:23:50.271+0000] {standard_task_runner.py:57} INFO - Started process 172 to run task
[2023-07-26T21:23:50.306+0000] {standard_task_runner.py:84} INFO - Running: ['***', 'tasks', 'run', 'empower_to_ggdrive', 'cleaning', 'scheduled__2023-07-09T00:00:00+00:00', '--job-id', '89', '--raw', '--subdir', 'DAGS_FOLDER/empower_to_ggdrive.py', '--cfg-path', '/tmp/tmp2zljg1ug']
[2023-07-26T21:23:50.313+0000] {standard_task_runner.py:85} INFO - Job 89: Subtask cleaning
[2023-07-26T21:23:50.442+0000] {task_command.py:410} INFO - Running <TaskInstance: empower_to_ggdrive.cleaning scheduled__2023-07-09T00:00:00+00:00 [running]> on host 4139e27af0e6
[2023-07-26T21:23:50.679+0000] {taskinstance.py:1547} INFO - Exporting env vars: AIRFLOW_CTX_DAG_OWNER='***' AIRFLOW_CTX_DAG_ID='empower_to_ggdrive' AIRFLOW_CTX_TASK_ID='cleaning' AIRFLOW_CTX_EXECUTION_DATE='2023-07-09T00:00:00+00:00' AIRFLOW_CTX_TRY_NUMBER='1' AIRFLOW_CTX_DAG_RUN_ID='scheduled__2023-07-09T00:00:00+00:00'
[2023-07-26T21:23:50.870+0000] {python.py:183} INFO - Done. Returned value was: None
[2023-07-26T21:23:50.924+0000] {taskinstance.py:1350} INFO - Marking task as SUCCESS. dag_id=empower_to_ggdrive, task_id=cleaning, execution_date=20230709T000000, start_date=20230726T212350, end_date=20230726T212350
[2023-07-26T21:23:51.145+0000] {local_task_job_runner.py:225} INFO - Task exited with return code 0
[2023-07-26T21:23:51.248+0000] {taskinstance.py:2653} INFO - 0 downstream tasks scheduled from follow-on schedule check
[2023-07-26T21:58:16.527+0000] {taskinstance.py:1103} INFO - Dependencies all met for dep_context=non-requeueable deps ti=<TaskInstance: empower_to_ggdrive.cleaning scheduled__2023-07-09T00:00:00+00:00 [queued]>
[2023-07-26T21:58:16.592+0000] {taskinstance.py:1103} INFO - Dependencies all met for dep_context=requeueable deps ti=<TaskInstance: empower_to_ggdrive.cleaning scheduled__2023-07-09T00:00:00+00:00 [queued]>
[2023-07-26T21:58:16.599+0000] {taskinstance.py:1308} INFO - Starting attempt 1 of 2
[2023-07-26T21:58:16.683+0000] {taskinstance.py:1327} INFO - Executing <Task(PythonOperator): cleaning> on 2023-07-09 00:00:00+00:00
[2023-07-26T21:58:16.707+0000] {standard_task_runner.py:57} INFO - Started process 155 to run task
[2023-07-26T21:58:16.716+0000] {standard_task_runner.py:84} INFO - Running: ['***', 'tasks', 'run', 'empower_to_ggdrive', 'cleaning', 'scheduled__2023-07-09T00:00:00+00:00', '--job-id', '161', '--raw', '--subdir', 'DAGS_FOLDER/empower_to_ggdrive.py', '--cfg-path', '/tmp/tmpb6uxnct5']
[2023-07-26T21:58:16.786+0000] {standard_task_runner.py:85} INFO - Job 161: Subtask cleaning
[2023-07-26T21:58:17.374+0000] {task_command.py:410} INFO - Running <TaskInstance: empower_to_ggdrive.cleaning scheduled__2023-07-09T00:00:00+00:00 [running]> on host bdafa43ae894
[2023-07-26T21:58:17.755+0000] {taskinstance.py:1547} INFO - Exporting env vars: AIRFLOW_CTX_DAG_OWNER='***' AIRFLOW_CTX_DAG_ID='empower_to_ggdrive' AIRFLOW_CTX_TASK_ID='cleaning' AIRFLOW_CTX_EXECUTION_DATE='2023-07-09T00:00:00+00:00' AIRFLOW_CTX_TRY_NUMBER='1' AIRFLOW_CTX_DAG_RUN_ID='scheduled__2023-07-09T00:00:00+00:00'
[2023-07-26T21:58:21.576+0000] {python.py:183} INFO - Done. Returned value was: None
[2023-07-26T21:58:21.614+0000] {taskinstance.py:1350} INFO - Marking task as SUCCESS. dag_id=empower_to_ggdrive, task_id=cleaning, execution_date=20230709T000000, start_date=20230726T215816, end_date=20230726T215821
[2023-07-26T21:58:21.722+0000] {local_task_job_runner.py:225} INFO - Task exited with return code 0
[2023-07-26T21:58:21.763+0000] {taskinstance.py:2653} INFO - 0 downstream tasks scheduled from follow-on schedule check
