[2023-07-27T01:39:00.247+0000] {processor.py:157} INFO - Started process (PID=2332) to work on /opt/airflow/dags/empower_to_ggdrive.py
[2023-07-27T01:39:00.255+0000] {processor.py:826} INFO - Processing file /opt/airflow/dags/empower_to_ggdrive.py for tasks to queue
[2023-07-27T01:39:00.262+0000] {logging_mixin.py:150} INFO - [2023-07-27T01:39:00.262+0000] {dagbag.py:541} INFO - Filling up the DagBag from /opt/airflow/dags/empower_to_ggdrive.py
[2023-07-27T01:39:00.475+0000] {processor.py:836} INFO - DAG(s) dict_keys(['empower_to_ggdrive']) retrieved from /opt/airflow/dags/empower_to_ggdrive.py
[2023-07-27T01:39:00.543+0000] {logging_mixin.py:150} INFO - [2023-07-27T01:39:00.543+0000] {dag.py:2742} INFO - Sync 1 DAGs
[2023-07-27T01:39:00.677+0000] {logging_mixin.py:150} INFO - [2023-07-27T01:39:00.677+0000] {dag.py:3508} INFO - Setting next_dagrun for empower_to_ggdrive to 2023-07-27T00:00:00+00:00, run_after=2023-07-28T00:00:00+00:00
[2023-07-27T01:39:01.049+0000] {processor.py:179} INFO - Processing /opt/airflow/dags/empower_to_ggdrive.py took 0.805 seconds
[2023-07-27T01:39:31.208+0000] {processor.py:157} INFO - Started process (PID=2391) to work on /opt/airflow/dags/empower_to_ggdrive.py
[2023-07-27T01:39:31.209+0000] {processor.py:826} INFO - Processing file /opt/airflow/dags/empower_to_ggdrive.py for tasks to queue
[2023-07-27T01:39:31.210+0000] {logging_mixin.py:150} INFO - [2023-07-27T01:39:31.210+0000] {dagbag.py:541} INFO - Filling up the DagBag from /opt/airflow/dags/empower_to_ggdrive.py
[2023-07-27T01:39:31.243+0000] {processor.py:836} INFO - DAG(s) dict_keys(['empower_to_ggdrive']) retrieved from /opt/airflow/dags/empower_to_ggdrive.py
[2023-07-27T01:39:31.270+0000] {logging_mixin.py:150} INFO - [2023-07-27T01:39:31.270+0000] {dag.py:2742} INFO - Sync 1 DAGs
[2023-07-27T01:39:31.302+0000] {logging_mixin.py:150} INFO - [2023-07-27T01:39:31.302+0000] {dag.py:3508} INFO - Setting next_dagrun for empower_to_ggdrive to 2023-07-27T00:00:00+00:00, run_after=2023-07-28T00:00:00+00:00
[2023-07-27T01:39:31.329+0000] {processor.py:179} INFO - Processing /opt/airflow/dags/empower_to_ggdrive.py took 0.125 seconds
[2023-07-27T01:40:01.953+0000] {processor.py:157} INFO - Started process (PID=2451) to work on /opt/airflow/dags/empower_to_ggdrive.py
[2023-07-27T01:40:01.955+0000] {processor.py:826} INFO - Processing file /opt/airflow/dags/empower_to_ggdrive.py for tasks to queue
[2023-07-27T01:40:01.957+0000] {logging_mixin.py:150} INFO - [2023-07-27T01:40:01.956+0000] {dagbag.py:541} INFO - Filling up the DagBag from /opt/airflow/dags/empower_to_ggdrive.py
[2023-07-27T01:40:02.075+0000] {processor.py:836} INFO - DAG(s) dict_keys(['empower_to_ggdrive']) retrieved from /opt/airflow/dags/empower_to_ggdrive.py
[2023-07-27T01:40:02.129+0000] {logging_mixin.py:150} INFO - [2023-07-27T01:40:02.129+0000] {dag.py:2742} INFO - Sync 1 DAGs
[2023-07-27T01:40:02.208+0000] {logging_mixin.py:150} INFO - [2023-07-27T01:40:02.207+0000] {dag.py:3508} INFO - Setting next_dagrun for empower_to_ggdrive to 2023-07-27T00:00:00+00:00, run_after=2023-07-28T00:00:00+00:00
[2023-07-27T01:40:02.288+0000] {processor.py:179} INFO - Processing /opt/airflow/dags/empower_to_ggdrive.py took 0.339 seconds
[2023-07-27T01:40:32.823+0000] {processor.py:157} INFO - Started process (PID=2512) to work on /opt/airflow/dags/empower_to_ggdrive.py
[2023-07-27T01:40:32.824+0000] {processor.py:826} INFO - Processing file /opt/airflow/dags/empower_to_ggdrive.py for tasks to queue
[2023-07-27T01:40:32.825+0000] {logging_mixin.py:150} INFO - [2023-07-27T01:40:32.825+0000] {dagbag.py:541} INFO - Filling up the DagBag from /opt/airflow/dags/empower_to_ggdrive.py
[2023-07-27T01:40:32.858+0000] {processor.py:836} INFO - DAG(s) dict_keys(['empower_to_ggdrive']) retrieved from /opt/airflow/dags/empower_to_ggdrive.py
[2023-07-27T01:40:32.883+0000] {logging_mixin.py:150} INFO - [2023-07-27T01:40:32.883+0000] {dag.py:2742} INFO - Sync 1 DAGs
[2023-07-27T01:40:32.911+0000] {logging_mixin.py:150} INFO - [2023-07-27T01:40:32.911+0000] {dag.py:3508} INFO - Setting next_dagrun for empower_to_ggdrive to 2023-07-27T00:00:00+00:00, run_after=2023-07-28T00:00:00+00:00
[2023-07-27T01:40:32.936+0000] {processor.py:179} INFO - Processing /opt/airflow/dags/empower_to_ggdrive.py took 0.116 seconds
[2023-07-27T01:41:03.027+0000] {processor.py:157} INFO - Started process (PID=2572) to work on /opt/airflow/dags/empower_to_ggdrive.py
[2023-07-27T01:41:03.029+0000] {processor.py:826} INFO - Processing file /opt/airflow/dags/empower_to_ggdrive.py for tasks to queue
[2023-07-27T01:41:03.030+0000] {logging_mixin.py:150} INFO - [2023-07-27T01:41:03.030+0000] {dagbag.py:541} INFO - Filling up the DagBag from /opt/airflow/dags/empower_to_ggdrive.py
[2023-07-27T01:41:03.063+0000] {processor.py:836} INFO - DAG(s) dict_keys(['empower_to_ggdrive']) retrieved from /opt/airflow/dags/empower_to_ggdrive.py
[2023-07-27T01:41:03.087+0000] {logging_mixin.py:150} INFO - [2023-07-27T01:41:03.087+0000] {dag.py:2742} INFO - Sync 1 DAGs
[2023-07-27T01:41:03.115+0000] {logging_mixin.py:150} INFO - [2023-07-27T01:41:03.115+0000] {dag.py:3508} INFO - Setting next_dagrun for empower_to_ggdrive to 2023-07-27T00:00:00+00:00, run_after=2023-07-28T00:00:00+00:00
[2023-07-27T01:41:03.137+0000] {processor.py:179} INFO - Processing /opt/airflow/dags/empower_to_ggdrive.py took 0.113 seconds
[2023-07-27T01:41:34.154+0000] {processor.py:157} INFO - Started process (PID=2632) to work on /opt/airflow/dags/empower_to_ggdrive.py
[2023-07-27T01:41:34.155+0000] {processor.py:826} INFO - Processing file /opt/airflow/dags/empower_to_ggdrive.py for tasks to queue
[2023-07-27T01:41:34.157+0000] {logging_mixin.py:150} INFO - [2023-07-27T01:41:34.157+0000] {dagbag.py:541} INFO - Filling up the DagBag from /opt/airflow/dags/empower_to_ggdrive.py
[2023-07-27T01:41:34.191+0000] {processor.py:836} INFO - DAG(s) dict_keys(['empower_to_ggdrive']) retrieved from /opt/airflow/dags/empower_to_ggdrive.py
[2023-07-27T01:41:34.216+0000] {logging_mixin.py:150} INFO - [2023-07-27T01:41:34.216+0000] {dag.py:2742} INFO - Sync 1 DAGs
[2023-07-27T01:41:34.246+0000] {logging_mixin.py:150} INFO - [2023-07-27T01:41:34.246+0000] {dag.py:3508} INFO - Setting next_dagrun for empower_to_ggdrive to 2023-07-27T00:00:00+00:00, run_after=2023-07-28T00:00:00+00:00
[2023-07-27T01:41:34.270+0000] {processor.py:179} INFO - Processing /opt/airflow/dags/empower_to_ggdrive.py took 0.119 seconds
[2023-07-27T01:42:04.489+0000] {processor.py:157} INFO - Started process (PID=2692) to work on /opt/airflow/dags/empower_to_ggdrive.py
[2023-07-27T01:42:04.490+0000] {processor.py:826} INFO - Processing file /opt/airflow/dags/empower_to_ggdrive.py for tasks to queue
[2023-07-27T01:42:04.492+0000] {logging_mixin.py:150} INFO - [2023-07-27T01:42:04.491+0000] {dagbag.py:541} INFO - Filling up the DagBag from /opt/airflow/dags/empower_to_ggdrive.py
[2023-07-27T01:42:04.527+0000] {processor.py:836} INFO - DAG(s) dict_keys(['empower_to_ggdrive']) retrieved from /opt/airflow/dags/empower_to_ggdrive.py
[2023-07-27T01:42:04.554+0000] {logging_mixin.py:150} INFO - [2023-07-27T01:42:04.554+0000] {dag.py:2742} INFO - Sync 1 DAGs
[2023-07-27T01:42:04.585+0000] {logging_mixin.py:150} INFO - [2023-07-27T01:42:04.585+0000] {dag.py:3508} INFO - Setting next_dagrun for empower_to_ggdrive to 2023-07-27T00:00:00+00:00, run_after=2023-07-28T00:00:00+00:00
[2023-07-27T01:42:04.610+0000] {processor.py:179} INFO - Processing /opt/airflow/dags/empower_to_ggdrive.py took 0.125 seconds
[2023-07-27T01:42:35.246+0000] {processor.py:157} INFO - Started process (PID=2753) to work on /opt/airflow/dags/empower_to_ggdrive.py
[2023-07-27T01:42:35.247+0000] {processor.py:826} INFO - Processing file /opt/airflow/dags/empower_to_ggdrive.py for tasks to queue
[2023-07-27T01:42:35.249+0000] {logging_mixin.py:150} INFO - [2023-07-27T01:42:35.248+0000] {dagbag.py:541} INFO - Filling up the DagBag from /opt/airflow/dags/empower_to_ggdrive.py
[2023-07-27T01:42:35.285+0000] {processor.py:836} INFO - DAG(s) dict_keys(['empower_to_ggdrive']) retrieved from /opt/airflow/dags/empower_to_ggdrive.py
[2023-07-27T01:42:35.309+0000] {logging_mixin.py:150} INFO - [2023-07-27T01:42:35.309+0000] {dag.py:2742} INFO - Sync 1 DAGs
[2023-07-27T01:42:35.338+0000] {logging_mixin.py:150} INFO - [2023-07-27T01:42:35.338+0000] {dag.py:3508} INFO - Setting next_dagrun for empower_to_ggdrive to 2023-07-27T00:00:00+00:00, run_after=2023-07-28T00:00:00+00:00
[2023-07-27T01:42:35.364+0000] {processor.py:179} INFO - Processing /opt/airflow/dags/empower_to_ggdrive.py took 0.121 seconds
[2023-07-27T01:43:06.055+0000] {processor.py:157} INFO - Started process (PID=2814) to work on /opt/airflow/dags/empower_to_ggdrive.py
[2023-07-27T01:43:06.056+0000] {processor.py:826} INFO - Processing file /opt/airflow/dags/empower_to_ggdrive.py for tasks to queue
[2023-07-27T01:43:06.057+0000] {logging_mixin.py:150} INFO - [2023-07-27T01:43:06.057+0000] {dagbag.py:541} INFO - Filling up the DagBag from /opt/airflow/dags/empower_to_ggdrive.py
[2023-07-27T01:43:06.091+0000] {processor.py:836} INFO - DAG(s) dict_keys(['empower_to_ggdrive']) retrieved from /opt/airflow/dags/empower_to_ggdrive.py
[2023-07-27T01:43:06.114+0000] {logging_mixin.py:150} INFO - [2023-07-27T01:43:06.114+0000] {dag.py:2742} INFO - Sync 1 DAGs
[2023-07-27T01:43:06.143+0000] {logging_mixin.py:150} INFO - [2023-07-27T01:43:06.142+0000] {dag.py:3508} INFO - Setting next_dagrun for empower_to_ggdrive to 2023-07-27T00:00:00+00:00, run_after=2023-07-28T00:00:00+00:00
[2023-07-27T01:43:06.169+0000] {processor.py:179} INFO - Processing /opt/airflow/dags/empower_to_ggdrive.py took 0.118 seconds
[2023-07-27T01:43:36.581+0000] {processor.py:157} INFO - Started process (PID=2874) to work on /opt/airflow/dags/empower_to_ggdrive.py
[2023-07-27T01:43:36.583+0000] {processor.py:826} INFO - Processing file /opt/airflow/dags/empower_to_ggdrive.py for tasks to queue
[2023-07-27T01:43:36.584+0000] {logging_mixin.py:150} INFO - [2023-07-27T01:43:36.584+0000] {dagbag.py:541} INFO - Filling up the DagBag from /opt/airflow/dags/empower_to_ggdrive.py
[2023-07-27T01:43:36.619+0000] {processor.py:836} INFO - DAG(s) dict_keys(['empower_to_ggdrive']) retrieved from /opt/airflow/dags/empower_to_ggdrive.py
[2023-07-27T01:43:36.643+0000] {logging_mixin.py:150} INFO - [2023-07-27T01:43:36.643+0000] {dag.py:2742} INFO - Sync 1 DAGs
[2023-07-27T01:43:36.673+0000] {logging_mixin.py:150} INFO - [2023-07-27T01:43:36.672+0000] {dag.py:3508} INFO - Setting next_dagrun for empower_to_ggdrive to 2023-07-27T00:00:00+00:00, run_after=2023-07-28T00:00:00+00:00
[2023-07-27T01:43:36.699+0000] {processor.py:179} INFO - Processing /opt/airflow/dags/empower_to_ggdrive.py took 0.122 seconds
[2023-07-27T01:44:06.925+0000] {processor.py:157} INFO - Started process (PID=2934) to work on /opt/airflow/dags/empower_to_ggdrive.py
[2023-07-27T01:44:06.926+0000] {processor.py:826} INFO - Processing file /opt/airflow/dags/empower_to_ggdrive.py for tasks to queue
[2023-07-27T01:44:06.928+0000] {logging_mixin.py:150} INFO - [2023-07-27T01:44:06.927+0000] {dagbag.py:541} INFO - Filling up the DagBag from /opt/airflow/dags/empower_to_ggdrive.py
[2023-07-27T01:44:06.962+0000] {processor.py:836} INFO - DAG(s) dict_keys(['empower_to_ggdrive']) retrieved from /opt/airflow/dags/empower_to_ggdrive.py
[2023-07-27T01:44:06.987+0000] {logging_mixin.py:150} INFO - [2023-07-27T01:44:06.987+0000] {dag.py:2742} INFO - Sync 1 DAGs
[2023-07-27T01:44:07.017+0000] {logging_mixin.py:150} INFO - [2023-07-27T01:44:07.016+0000] {dag.py:3508} INFO - Setting next_dagrun for empower_to_ggdrive to 2023-07-27T00:00:00+00:00, run_after=2023-07-28T00:00:00+00:00
[2023-07-27T01:44:07.042+0000] {processor.py:179} INFO - Processing /opt/airflow/dags/empower_to_ggdrive.py took 0.122 seconds
[2023-07-27T01:44:37.638+0000] {processor.py:157} INFO - Started process (PID=2994) to work on /opt/airflow/dags/empower_to_ggdrive.py
[2023-07-27T01:44:37.639+0000] {processor.py:826} INFO - Processing file /opt/airflow/dags/empower_to_ggdrive.py for tasks to queue
[2023-07-27T01:44:37.640+0000] {logging_mixin.py:150} INFO - [2023-07-27T01:44:37.640+0000] {dagbag.py:541} INFO - Filling up the DagBag from /opt/airflow/dags/empower_to_ggdrive.py
[2023-07-27T01:44:37.674+0000] {processor.py:836} INFO - DAG(s) dict_keys(['empower_to_ggdrive']) retrieved from /opt/airflow/dags/empower_to_ggdrive.py
[2023-07-27T01:44:37.697+0000] {logging_mixin.py:150} INFO - [2023-07-27T01:44:37.697+0000] {dag.py:2742} INFO - Sync 1 DAGs
[2023-07-27T01:44:37.725+0000] {logging_mixin.py:150} INFO - [2023-07-27T01:44:37.725+0000] {dag.py:3508} INFO - Setting next_dagrun for empower_to_ggdrive to 2023-07-27T00:00:00+00:00, run_after=2023-07-28T00:00:00+00:00
[2023-07-27T01:44:37.752+0000] {processor.py:179} INFO - Processing /opt/airflow/dags/empower_to_ggdrive.py took 0.117 seconds
[2023-07-27T01:45:08.166+0000] {processor.py:157} INFO - Started process (PID=3054) to work on /opt/airflow/dags/empower_to_ggdrive.py
[2023-07-27T01:45:08.167+0000] {processor.py:826} INFO - Processing file /opt/airflow/dags/empower_to_ggdrive.py for tasks to queue
[2023-07-27T01:45:08.169+0000] {logging_mixin.py:150} INFO - [2023-07-27T01:45:08.168+0000] {dagbag.py:541} INFO - Filling up the DagBag from /opt/airflow/dags/empower_to_ggdrive.py
[2023-07-27T01:45:08.201+0000] {processor.py:836} INFO - DAG(s) dict_keys(['empower_to_ggdrive']) retrieved from /opt/airflow/dags/empower_to_ggdrive.py
[2023-07-27T01:45:08.225+0000] {logging_mixin.py:150} INFO - [2023-07-27T01:45:08.225+0000] {dag.py:2742} INFO - Sync 1 DAGs
[2023-07-27T01:45:08.253+0000] {logging_mixin.py:150} INFO - [2023-07-27T01:45:08.253+0000] {dag.py:3508} INFO - Setting next_dagrun for empower_to_ggdrive to 2023-07-27T00:00:00+00:00, run_after=2023-07-28T00:00:00+00:00
[2023-07-27T01:45:08.278+0000] {processor.py:179} INFO - Processing /opt/airflow/dags/empower_to_ggdrive.py took 0.116 seconds
[2023-07-27T01:45:38.461+0000] {processor.py:157} INFO - Started process (PID=3115) to work on /opt/airflow/dags/empower_to_ggdrive.py
[2023-07-27T01:45:38.462+0000] {processor.py:826} INFO - Processing file /opt/airflow/dags/empower_to_ggdrive.py for tasks to queue
[2023-07-27T01:45:38.464+0000] {logging_mixin.py:150} INFO - [2023-07-27T01:45:38.463+0000] {dagbag.py:541} INFO - Filling up the DagBag from /opt/airflow/dags/empower_to_ggdrive.py
[2023-07-27T01:45:38.495+0000] {processor.py:836} INFO - DAG(s) dict_keys(['empower_to_ggdrive']) retrieved from /opt/airflow/dags/empower_to_ggdrive.py
[2023-07-27T01:45:38.520+0000] {logging_mixin.py:150} INFO - [2023-07-27T01:45:38.520+0000] {dag.py:2742} INFO - Sync 1 DAGs
[2023-07-27T01:45:38.549+0000] {logging_mixin.py:150} INFO - [2023-07-27T01:45:38.549+0000] {dag.py:3508} INFO - Setting next_dagrun for empower_to_ggdrive to 2023-07-27T00:00:00+00:00, run_after=2023-07-28T00:00:00+00:00
[2023-07-27T01:45:38.575+0000] {processor.py:179} INFO - Processing /opt/airflow/dags/empower_to_ggdrive.py took 0.117 seconds
[2023-07-27T01:46:09.531+0000] {processor.py:157} INFO - Started process (PID=3175) to work on /opt/airflow/dags/empower_to_ggdrive.py
[2023-07-27T01:46:09.532+0000] {processor.py:826} INFO - Processing file /opt/airflow/dags/empower_to_ggdrive.py for tasks to queue
[2023-07-27T01:46:09.533+0000] {logging_mixin.py:150} INFO - [2023-07-27T01:46:09.533+0000] {dagbag.py:541} INFO - Filling up the DagBag from /opt/airflow/dags/empower_to_ggdrive.py
[2023-07-27T01:46:09.567+0000] {processor.py:836} INFO - DAG(s) dict_keys(['empower_to_ggdrive']) retrieved from /opt/airflow/dags/empower_to_ggdrive.py
[2023-07-27T01:46:09.591+0000] {logging_mixin.py:150} INFO - [2023-07-27T01:46:09.591+0000] {dag.py:2742} INFO - Sync 1 DAGs
[2023-07-27T01:46:09.622+0000] {logging_mixin.py:150} INFO - [2023-07-27T01:46:09.622+0000] {dag.py:3508} INFO - Setting next_dagrun for empower_to_ggdrive to 2023-07-27T00:00:00+00:00, run_after=2023-07-28T00:00:00+00:00
[2023-07-27T01:46:09.647+0000] {processor.py:179} INFO - Processing /opt/airflow/dags/empower_to_ggdrive.py took 0.120 seconds
[2023-07-27T01:46:39.986+0000] {processor.py:157} INFO - Started process (PID=3235) to work on /opt/airflow/dags/empower_to_ggdrive.py
[2023-07-27T01:46:39.987+0000] {processor.py:826} INFO - Processing file /opt/airflow/dags/empower_to_ggdrive.py for tasks to queue
[2023-07-27T01:46:39.989+0000] {logging_mixin.py:150} INFO - [2023-07-27T01:46:39.988+0000] {dagbag.py:541} INFO - Filling up the DagBag from /opt/airflow/dags/empower_to_ggdrive.py
[2023-07-27T01:46:40.023+0000] {processor.py:836} INFO - DAG(s) dict_keys(['empower_to_ggdrive']) retrieved from /opt/airflow/dags/empower_to_ggdrive.py
[2023-07-27T01:46:40.048+0000] {logging_mixin.py:150} INFO - [2023-07-27T01:46:40.048+0000] {dag.py:2742} INFO - Sync 1 DAGs
[2023-07-27T01:46:40.078+0000] {logging_mixin.py:150} INFO - [2023-07-27T01:46:40.077+0000] {dag.py:3508} INFO - Setting next_dagrun for empower_to_ggdrive to 2023-07-27T00:00:00+00:00, run_after=2023-07-28T00:00:00+00:00
[2023-07-27T01:46:40.107+0000] {processor.py:179} INFO - Processing /opt/airflow/dags/empower_to_ggdrive.py took 0.125 seconds
[2023-07-27T01:47:10.247+0000] {processor.py:157} INFO - Started process (PID=3296) to work on /opt/airflow/dags/empower_to_ggdrive.py
[2023-07-27T01:47:10.248+0000] {processor.py:826} INFO - Processing file /opt/airflow/dags/empower_to_ggdrive.py for tasks to queue
[2023-07-27T01:47:10.250+0000] {logging_mixin.py:150} INFO - [2023-07-27T01:47:10.249+0000] {dagbag.py:541} INFO - Filling up the DagBag from /opt/airflow/dags/empower_to_ggdrive.py
[2023-07-27T01:47:10.284+0000] {processor.py:836} INFO - DAG(s) dict_keys(['empower_to_ggdrive']) retrieved from /opt/airflow/dags/empower_to_ggdrive.py
[2023-07-27T01:47:10.309+0000] {logging_mixin.py:150} INFO - [2023-07-27T01:47:10.309+0000] {dag.py:2742} INFO - Sync 1 DAGs
[2023-07-27T01:47:10.340+0000] {logging_mixin.py:150} INFO - [2023-07-27T01:47:10.340+0000] {dag.py:3508} INFO - Setting next_dagrun for empower_to_ggdrive to 2023-07-27T00:00:00+00:00, run_after=2023-07-28T00:00:00+00:00
[2023-07-27T01:47:10.366+0000] {processor.py:179} INFO - Processing /opt/airflow/dags/empower_to_ggdrive.py took 0.122 seconds
[2023-07-27T01:47:40.557+0000] {processor.py:157} INFO - Started process (PID=3355) to work on /opt/airflow/dags/empower_to_ggdrive.py
[2023-07-27T01:47:40.558+0000] {processor.py:826} INFO - Processing file /opt/airflow/dags/empower_to_ggdrive.py for tasks to queue
[2023-07-27T01:47:40.559+0000] {logging_mixin.py:150} INFO - [2023-07-27T01:47:40.559+0000] {dagbag.py:541} INFO - Filling up the DagBag from /opt/airflow/dags/empower_to_ggdrive.py
[2023-07-27T01:47:40.589+0000] {processor.py:836} INFO - DAG(s) dict_keys(['empower_to_ggdrive']) retrieved from /opt/airflow/dags/empower_to_ggdrive.py
[2023-07-27T01:47:40.618+0000] {logging_mixin.py:150} INFO - [2023-07-27T01:47:40.618+0000] {dag.py:2742} INFO - Sync 1 DAGs
[2023-07-27T01:47:40.648+0000] {logging_mixin.py:150} INFO - [2023-07-27T01:47:40.648+0000] {dag.py:3508} INFO - Setting next_dagrun for empower_to_ggdrive to 2023-07-27T00:00:00+00:00, run_after=2023-07-28T00:00:00+00:00
[2023-07-27T01:47:40.674+0000] {processor.py:179} INFO - Processing /opt/airflow/dags/empower_to_ggdrive.py took 0.120 seconds
[2023-07-27T01:48:10.864+0000] {processor.py:157} INFO - Started process (PID=3415) to work on /opt/airflow/dags/empower_to_ggdrive.py
[2023-07-27T01:48:10.865+0000] {processor.py:826} INFO - Processing file /opt/airflow/dags/empower_to_ggdrive.py for tasks to queue
[2023-07-27T01:48:10.866+0000] {logging_mixin.py:150} INFO - [2023-07-27T01:48:10.866+0000] {dagbag.py:541} INFO - Filling up the DagBag from /opt/airflow/dags/empower_to_ggdrive.py
[2023-07-27T01:48:10.899+0000] {processor.py:836} INFO - DAG(s) dict_keys(['empower_to_ggdrive']) retrieved from /opt/airflow/dags/empower_to_ggdrive.py
[2023-07-27T01:48:10.924+0000] {logging_mixin.py:150} INFO - [2023-07-27T01:48:10.924+0000] {dag.py:2742} INFO - Sync 1 DAGs
[2023-07-27T01:48:10.953+0000] {logging_mixin.py:150} INFO - [2023-07-27T01:48:10.953+0000] {dag.py:3508} INFO - Setting next_dagrun for empower_to_ggdrive to 2023-07-27T00:00:00+00:00, run_after=2023-07-28T00:00:00+00:00
[2023-07-27T01:48:10.978+0000] {processor.py:179} INFO - Processing /opt/airflow/dags/empower_to_ggdrive.py took 0.117 seconds
[2023-07-27T01:48:41.324+0000] {processor.py:157} INFO - Started process (PID=3475) to work on /opt/airflow/dags/empower_to_ggdrive.py
[2023-07-27T01:48:41.325+0000] {processor.py:826} INFO - Processing file /opt/airflow/dags/empower_to_ggdrive.py for tasks to queue
[2023-07-27T01:48:41.327+0000] {logging_mixin.py:150} INFO - [2023-07-27T01:48:41.326+0000] {dagbag.py:541} INFO - Filling up the DagBag from /opt/airflow/dags/empower_to_ggdrive.py
[2023-07-27T01:48:41.361+0000] {processor.py:836} INFO - DAG(s) dict_keys(['empower_to_ggdrive']) retrieved from /opt/airflow/dags/empower_to_ggdrive.py
[2023-07-27T01:48:41.386+0000] {logging_mixin.py:150} INFO - [2023-07-27T01:48:41.386+0000] {dag.py:2742} INFO - Sync 1 DAGs
[2023-07-27T01:48:41.415+0000] {logging_mixin.py:150} INFO - [2023-07-27T01:48:41.415+0000] {dag.py:3508} INFO - Setting next_dagrun for empower_to_ggdrive to 2023-07-27T00:00:00+00:00, run_after=2023-07-28T00:00:00+00:00
[2023-07-27T01:48:41.440+0000] {processor.py:179} INFO - Processing /opt/airflow/dags/empower_to_ggdrive.py took 0.120 seconds
[2023-07-27T01:49:11.738+0000] {processor.py:157} INFO - Started process (PID=3535) to work on /opt/airflow/dags/empower_to_ggdrive.py
[2023-07-27T01:49:11.739+0000] {processor.py:826} INFO - Processing file /opt/airflow/dags/empower_to_ggdrive.py for tasks to queue
[2023-07-27T01:49:11.740+0000] {logging_mixin.py:150} INFO - [2023-07-27T01:49:11.740+0000] {dagbag.py:541} INFO - Filling up the DagBag from /opt/airflow/dags/empower_to_ggdrive.py
[2023-07-27T01:49:11.774+0000] {processor.py:836} INFO - DAG(s) dict_keys(['empower_to_ggdrive']) retrieved from /opt/airflow/dags/empower_to_ggdrive.py
[2023-07-27T01:49:11.802+0000] {logging_mixin.py:150} INFO - [2023-07-27T01:49:11.801+0000] {dag.py:2742} INFO - Sync 1 DAGs
[2023-07-27T01:49:11.834+0000] {logging_mixin.py:150} INFO - [2023-07-27T01:49:11.834+0000] {dag.py:3508} INFO - Setting next_dagrun for empower_to_ggdrive to 2023-07-27T00:00:00+00:00, run_after=2023-07-28T00:00:00+00:00
[2023-07-27T01:49:11.863+0000] {processor.py:179} INFO - Processing /opt/airflow/dags/empower_to_ggdrive.py took 0.131 seconds
[2023-07-27T01:49:42.143+0000] {processor.py:157} INFO - Started process (PID=3596) to work on /opt/airflow/dags/empower_to_ggdrive.py
[2023-07-27T01:49:42.145+0000] {processor.py:826} INFO - Processing file /opt/airflow/dags/empower_to_ggdrive.py for tasks to queue
[2023-07-27T01:49:42.146+0000] {logging_mixin.py:150} INFO - [2023-07-27T01:49:42.146+0000] {dagbag.py:541} INFO - Filling up the DagBag from /opt/airflow/dags/empower_to_ggdrive.py
[2023-07-27T01:49:42.180+0000] {processor.py:836} INFO - DAG(s) dict_keys(['empower_to_ggdrive']) retrieved from /opt/airflow/dags/empower_to_ggdrive.py
[2023-07-27T01:49:42.206+0000] {logging_mixin.py:150} INFO - [2023-07-27T01:49:42.206+0000] {dag.py:2742} INFO - Sync 1 DAGs
[2023-07-27T01:49:42.235+0000] {logging_mixin.py:150} INFO - [2023-07-27T01:49:42.235+0000] {dag.py:3508} INFO - Setting next_dagrun for empower_to_ggdrive to 2023-07-27T00:00:00+00:00, run_after=2023-07-28T00:00:00+00:00
[2023-07-27T01:49:42.262+0000] {processor.py:179} INFO - Processing /opt/airflow/dags/empower_to_ggdrive.py took 0.123 seconds
[2023-07-27T01:50:12.561+0000] {processor.py:157} INFO - Started process (PID=3656) to work on /opt/airflow/dags/empower_to_ggdrive.py
[2023-07-27T01:50:12.562+0000] {processor.py:826} INFO - Processing file /opt/airflow/dags/empower_to_ggdrive.py for tasks to queue
[2023-07-27T01:50:12.563+0000] {logging_mixin.py:150} INFO - [2023-07-27T01:50:12.563+0000] {dagbag.py:541} INFO - Filling up the DagBag from /opt/airflow/dags/empower_to_ggdrive.py
[2023-07-27T01:50:12.597+0000] {processor.py:836} INFO - DAG(s) dict_keys(['empower_to_ggdrive']) retrieved from /opt/airflow/dags/empower_to_ggdrive.py
[2023-07-27T01:50:12.622+0000] {logging_mixin.py:150} INFO - [2023-07-27T01:50:12.622+0000] {dag.py:2742} INFO - Sync 1 DAGs
[2023-07-27T01:50:12.651+0000] {logging_mixin.py:150} INFO - [2023-07-27T01:50:12.651+0000] {dag.py:3508} INFO - Setting next_dagrun for empower_to_ggdrive to 2023-07-27T00:00:00+00:00, run_after=2023-07-28T00:00:00+00:00
[2023-07-27T01:50:12.677+0000] {processor.py:179} INFO - Processing /opt/airflow/dags/empower_to_ggdrive.py took 0.120 seconds
[2023-07-27T01:50:42.765+0000] {processor.py:157} INFO - Started process (PID=3716) to work on /opt/airflow/dags/empower_to_ggdrive.py
[2023-07-27T01:50:42.766+0000] {processor.py:826} INFO - Processing file /opt/airflow/dags/empower_to_ggdrive.py for tasks to queue
[2023-07-27T01:50:42.768+0000] {logging_mixin.py:150} INFO - [2023-07-27T01:50:42.767+0000] {dagbag.py:541} INFO - Filling up the DagBag from /opt/airflow/dags/empower_to_ggdrive.py
[2023-07-27T01:50:42.801+0000] {processor.py:836} INFO - DAG(s) dict_keys(['empower_to_ggdrive']) retrieved from /opt/airflow/dags/empower_to_ggdrive.py
[2023-07-27T01:50:42.827+0000] {logging_mixin.py:150} INFO - [2023-07-27T01:50:42.826+0000] {dag.py:2742} INFO - Sync 1 DAGs
[2023-07-27T01:50:42.856+0000] {logging_mixin.py:150} INFO - [2023-07-27T01:50:42.856+0000] {dag.py:3508} INFO - Setting next_dagrun for empower_to_ggdrive to 2023-07-27T00:00:00+00:00, run_after=2023-07-28T00:00:00+00:00
[2023-07-27T01:50:42.881+0000] {processor.py:179} INFO - Processing /opt/airflow/dags/empower_to_ggdrive.py took 0.120 seconds
[2023-07-27T01:51:13.337+0000] {processor.py:157} INFO - Started process (PID=3776) to work on /opt/airflow/dags/empower_to_ggdrive.py
[2023-07-27T01:51:13.338+0000] {processor.py:826} INFO - Processing file /opt/airflow/dags/empower_to_ggdrive.py for tasks to queue
[2023-07-27T01:51:13.339+0000] {logging_mixin.py:150} INFO - [2023-07-27T01:51:13.339+0000] {dagbag.py:541} INFO - Filling up the DagBag from /opt/airflow/dags/empower_to_ggdrive.py
[2023-07-27T01:51:13.370+0000] {processor.py:836} INFO - DAG(s) dict_keys(['empower_to_ggdrive']) retrieved from /opt/airflow/dags/empower_to_ggdrive.py
[2023-07-27T01:51:13.396+0000] {logging_mixin.py:150} INFO - [2023-07-27T01:51:13.396+0000] {dag.py:2742} INFO - Sync 1 DAGs
[2023-07-27T01:51:13.428+0000] {logging_mixin.py:150} INFO - [2023-07-27T01:51:13.427+0000] {dag.py:3508} INFO - Setting next_dagrun for empower_to_ggdrive to 2023-07-27T00:00:00+00:00, run_after=2023-07-28T00:00:00+00:00
[2023-07-27T01:51:13.484+0000] {processor.py:179} INFO - Processing /opt/airflow/dags/empower_to_ggdrive.py took 0.151 seconds
[2023-07-27T01:51:43.631+0000] {processor.py:157} INFO - Started process (PID=3836) to work on /opt/airflow/dags/empower_to_ggdrive.py
[2023-07-27T01:51:43.633+0000] {processor.py:826} INFO - Processing file /opt/airflow/dags/empower_to_ggdrive.py for tasks to queue
[2023-07-27T01:51:43.634+0000] {logging_mixin.py:150} INFO - [2023-07-27T01:51:43.634+0000] {dagbag.py:541} INFO - Filling up the DagBag from /opt/airflow/dags/empower_to_ggdrive.py
[2023-07-27T01:51:43.669+0000] {processor.py:836} INFO - DAG(s) dict_keys(['empower_to_ggdrive']) retrieved from /opt/airflow/dags/empower_to_ggdrive.py
[2023-07-27T01:51:43.697+0000] {logging_mixin.py:150} INFO - [2023-07-27T01:51:43.697+0000] {dag.py:2742} INFO - Sync 1 DAGs
[2023-07-27T01:51:43.729+0000] {logging_mixin.py:150} INFO - [2023-07-27T01:51:43.729+0000] {dag.py:3508} INFO - Setting next_dagrun for empower_to_ggdrive to 2023-07-27T00:00:00+00:00, run_after=2023-07-28T00:00:00+00:00
[2023-07-27T01:51:43.752+0000] {processor.py:179} INFO - Processing /opt/airflow/dags/empower_to_ggdrive.py took 0.127 seconds
[2023-07-27T01:52:14.381+0000] {processor.py:157} INFO - Started process (PID=3896) to work on /opt/airflow/dags/empower_to_ggdrive.py
[2023-07-27T01:52:14.382+0000] {processor.py:826} INFO - Processing file /opt/airflow/dags/empower_to_ggdrive.py for tasks to queue
[2023-07-27T01:52:14.383+0000] {logging_mixin.py:150} INFO - [2023-07-27T01:52:14.383+0000] {dagbag.py:541} INFO - Filling up the DagBag from /opt/airflow/dags/empower_to_ggdrive.py
[2023-07-27T01:52:14.419+0000] {processor.py:836} INFO - DAG(s) dict_keys(['empower_to_ggdrive']) retrieved from /opt/airflow/dags/empower_to_ggdrive.py
[2023-07-27T01:52:14.444+0000] {logging_mixin.py:150} INFO - [2023-07-27T01:52:14.443+0000] {dag.py:2742} INFO - Sync 1 DAGs
[2023-07-27T01:52:14.473+0000] {logging_mixin.py:150} INFO - [2023-07-27T01:52:14.473+0000] {dag.py:3508} INFO - Setting next_dagrun for empower_to_ggdrive to 2023-07-27T00:00:00+00:00, run_after=2023-07-28T00:00:00+00:00
[2023-07-27T01:52:14.497+0000] {processor.py:179} INFO - Processing /opt/airflow/dags/empower_to_ggdrive.py took 0.121 seconds
[2023-07-27T01:52:44.935+0000] {processor.py:157} INFO - Started process (PID=3955) to work on /opt/airflow/dags/empower_to_ggdrive.py
[2023-07-27T01:52:44.937+0000] {processor.py:826} INFO - Processing file /opt/airflow/dags/empower_to_ggdrive.py for tasks to queue
[2023-07-27T01:52:44.938+0000] {logging_mixin.py:150} INFO - [2023-07-27T01:52:44.938+0000] {dagbag.py:541} INFO - Filling up the DagBag from /opt/airflow/dags/empower_to_ggdrive.py
[2023-07-27T01:52:44.974+0000] {processor.py:836} INFO - DAG(s) dict_keys(['empower_to_ggdrive']) retrieved from /opt/airflow/dags/empower_to_ggdrive.py
[2023-07-27T01:52:44.999+0000] {logging_mixin.py:150} INFO - [2023-07-27T01:52:44.999+0000] {dag.py:2742} INFO - Sync 1 DAGs
[2023-07-27T01:52:45.028+0000] {logging_mixin.py:150} INFO - [2023-07-27T01:52:45.028+0000] {dag.py:3508} INFO - Setting next_dagrun for empower_to_ggdrive to 2023-07-27T00:00:00+00:00, run_after=2023-07-28T00:00:00+00:00
[2023-07-27T01:52:45.053+0000] {processor.py:179} INFO - Processing /opt/airflow/dags/empower_to_ggdrive.py took 0.122 seconds
[2023-07-27T01:53:15.260+0000] {processor.py:157} INFO - Started process (PID=4016) to work on /opt/airflow/dags/empower_to_ggdrive.py
[2023-07-27T01:53:15.261+0000] {processor.py:826} INFO - Processing file /opt/airflow/dags/empower_to_ggdrive.py for tasks to queue
[2023-07-27T01:53:15.263+0000] {logging_mixin.py:150} INFO - [2023-07-27T01:53:15.263+0000] {dagbag.py:541} INFO - Filling up the DagBag from /opt/airflow/dags/empower_to_ggdrive.py
[2023-07-27T01:53:15.298+0000] {processor.py:836} INFO - DAG(s) dict_keys(['empower_to_ggdrive']) retrieved from /opt/airflow/dags/empower_to_ggdrive.py
[2023-07-27T01:53:15.323+0000] {logging_mixin.py:150} INFO - [2023-07-27T01:53:15.323+0000] {dag.py:2742} INFO - Sync 1 DAGs
[2023-07-27T01:53:15.351+0000] {logging_mixin.py:150} INFO - [2023-07-27T01:53:15.350+0000] {dag.py:3508} INFO - Setting next_dagrun for empower_to_ggdrive to 2023-07-27T00:00:00+00:00, run_after=2023-07-28T00:00:00+00:00
[2023-07-27T01:53:15.373+0000] {processor.py:179} INFO - Processing /opt/airflow/dags/empower_to_ggdrive.py took 0.117 seconds
[2023-07-27T01:53:45.442+0000] {processor.py:157} INFO - Started process (PID=4076) to work on /opt/airflow/dags/empower_to_ggdrive.py
[2023-07-27T01:53:45.443+0000] {processor.py:826} INFO - Processing file /opt/airflow/dags/empower_to_ggdrive.py for tasks to queue
[2023-07-27T01:53:45.444+0000] {logging_mixin.py:150} INFO - [2023-07-27T01:53:45.444+0000] {dagbag.py:541} INFO - Filling up the DagBag from /opt/airflow/dags/empower_to_ggdrive.py
[2023-07-27T01:53:45.478+0000] {processor.py:836} INFO - DAG(s) dict_keys(['empower_to_ggdrive']) retrieved from /opt/airflow/dags/empower_to_ggdrive.py
[2023-07-27T01:53:45.503+0000] {logging_mixin.py:150} INFO - [2023-07-27T01:53:45.503+0000] {dag.py:2742} INFO - Sync 1 DAGs
[2023-07-27T01:53:45.531+0000] {logging_mixin.py:150} INFO - [2023-07-27T01:53:45.531+0000] {dag.py:3508} INFO - Setting next_dagrun for empower_to_ggdrive to 2023-07-27T00:00:00+00:00, run_after=2023-07-28T00:00:00+00:00
[2023-07-27T01:53:45.555+0000] {processor.py:179} INFO - Processing /opt/airflow/dags/empower_to_ggdrive.py took 0.117 seconds
[2023-07-27T01:54:15.666+0000] {processor.py:157} INFO - Started process (PID=4135) to work on /opt/airflow/dags/empower_to_ggdrive.py
[2023-07-27T01:54:15.667+0000] {processor.py:826} INFO - Processing file /opt/airflow/dags/empower_to_ggdrive.py for tasks to queue
[2023-07-27T01:54:15.669+0000] {logging_mixin.py:150} INFO - [2023-07-27T01:54:15.668+0000] {dagbag.py:541} INFO - Filling up the DagBag from /opt/airflow/dags/empower_to_ggdrive.py
[2023-07-27T01:54:15.704+0000] {processor.py:836} INFO - DAG(s) dict_keys(['empower_to_ggdrive']) retrieved from /opt/airflow/dags/empower_to_ggdrive.py
[2023-07-27T01:54:15.732+0000] {logging_mixin.py:150} INFO - [2023-07-27T01:54:15.731+0000] {dag.py:2742} INFO - Sync 1 DAGs
[2023-07-27T01:54:15.763+0000] {logging_mixin.py:150} INFO - [2023-07-27T01:54:15.763+0000] {dag.py:3508} INFO - Setting next_dagrun for empower_to_ggdrive to 2023-07-27T00:00:00+00:00, run_after=2023-07-28T00:00:00+00:00
[2023-07-27T01:54:15.789+0000] {processor.py:179} INFO - Processing /opt/airflow/dags/empower_to_ggdrive.py took 0.128 seconds
[2023-07-27T01:54:46.120+0000] {processor.py:157} INFO - Started process (PID=4195) to work on /opt/airflow/dags/empower_to_ggdrive.py
[2023-07-27T01:54:46.121+0000] {processor.py:826} INFO - Processing file /opt/airflow/dags/empower_to_ggdrive.py for tasks to queue
[2023-07-27T01:54:46.123+0000] {logging_mixin.py:150} INFO - [2023-07-27T01:54:46.122+0000] {dagbag.py:541} INFO - Filling up the DagBag from /opt/airflow/dags/empower_to_ggdrive.py
[2023-07-27T01:54:46.156+0000] {processor.py:836} INFO - DAG(s) dict_keys(['empower_to_ggdrive']) retrieved from /opt/airflow/dags/empower_to_ggdrive.py
[2023-07-27T01:54:46.182+0000] {logging_mixin.py:150} INFO - [2023-07-27T01:54:46.182+0000] {dag.py:2742} INFO - Sync 1 DAGs
[2023-07-27T01:54:46.213+0000] {logging_mixin.py:150} INFO - [2023-07-27T01:54:46.213+0000] {dag.py:3508} INFO - Setting next_dagrun for empower_to_ggdrive to 2023-07-27T00:00:00+00:00, run_after=2023-07-28T00:00:00+00:00
[2023-07-27T01:54:46.240+0000] {processor.py:179} INFO - Processing /opt/airflow/dags/empower_to_ggdrive.py took 0.124 seconds
[2023-07-27T01:55:16.581+0000] {processor.py:157} INFO - Started process (PID=4255) to work on /opt/airflow/dags/empower_to_ggdrive.py
[2023-07-27T01:55:16.582+0000] {processor.py:826} INFO - Processing file /opt/airflow/dags/empower_to_ggdrive.py for tasks to queue
[2023-07-27T01:55:16.584+0000] {logging_mixin.py:150} INFO - [2023-07-27T01:55:16.583+0000] {dagbag.py:541} INFO - Filling up the DagBag from /opt/airflow/dags/empower_to_ggdrive.py
[2023-07-27T01:55:16.619+0000] {processor.py:836} INFO - DAG(s) dict_keys(['empower_to_ggdrive']) retrieved from /opt/airflow/dags/empower_to_ggdrive.py
[2023-07-27T01:55:16.645+0000] {logging_mixin.py:150} INFO - [2023-07-27T01:55:16.644+0000] {dag.py:2742} INFO - Sync 1 DAGs
[2023-07-27T01:55:16.674+0000] {logging_mixin.py:150} INFO - [2023-07-27T01:55:16.674+0000] {dag.py:3508} INFO - Setting next_dagrun for empower_to_ggdrive to 2023-07-27T00:00:00+00:00, run_after=2023-07-28T00:00:00+00:00
[2023-07-27T01:55:16.700+0000] {processor.py:179} INFO - Processing /opt/airflow/dags/empower_to_ggdrive.py took 0.124 seconds
[2023-07-27T01:55:46.833+0000] {processor.py:157} INFO - Started process (PID=4315) to work on /opt/airflow/dags/empower_to_ggdrive.py
[2023-07-27T01:55:46.834+0000] {processor.py:826} INFO - Processing file /opt/airflow/dags/empower_to_ggdrive.py for tasks to queue
[2023-07-27T01:55:46.836+0000] {logging_mixin.py:150} INFO - [2023-07-27T01:55:46.835+0000] {dagbag.py:541} INFO - Filling up the DagBag from /opt/airflow/dags/empower_to_ggdrive.py
[2023-07-27T01:55:46.870+0000] {processor.py:836} INFO - DAG(s) dict_keys(['empower_to_ggdrive']) retrieved from /opt/airflow/dags/empower_to_ggdrive.py
[2023-07-27T01:55:46.895+0000] {logging_mixin.py:150} INFO - [2023-07-27T01:55:46.895+0000] {dag.py:2742} INFO - Sync 1 DAGs
[2023-07-27T01:55:46.923+0000] {logging_mixin.py:150} INFO - [2023-07-27T01:55:46.923+0000] {dag.py:3508} INFO - Setting next_dagrun for empower_to_ggdrive to 2023-07-27T00:00:00+00:00, run_after=2023-07-28T00:00:00+00:00
[2023-07-27T01:55:46.947+0000] {processor.py:179} INFO - Processing /opt/airflow/dags/empower_to_ggdrive.py took 0.118 seconds
[2023-07-27T01:56:17.308+0000] {processor.py:157} INFO - Started process (PID=4374) to work on /opt/airflow/dags/empower_to_ggdrive.py
[2023-07-27T01:56:17.310+0000] {processor.py:826} INFO - Processing file /opt/airflow/dags/empower_to_ggdrive.py for tasks to queue
[2023-07-27T01:56:17.311+0000] {logging_mixin.py:150} INFO - [2023-07-27T01:56:17.311+0000] {dagbag.py:541} INFO - Filling up the DagBag from /opt/airflow/dags/empower_to_ggdrive.py
[2023-07-27T01:56:17.392+0000] {processor.py:836} INFO - DAG(s) dict_keys(['empower_to_ggdrive']) retrieved from /opt/airflow/dags/empower_to_ggdrive.py
[2023-07-27T01:56:17.434+0000] {logging_mixin.py:150} INFO - [2023-07-27T01:56:17.433+0000] {dag.py:2742} INFO - Sync 1 DAGs
[2023-07-27T01:56:17.482+0000] {logging_mixin.py:150} INFO - [2023-07-27T01:56:17.482+0000] {dag.py:3508} INFO - Setting next_dagrun for empower_to_ggdrive to 2023-07-27T00:00:00+00:00, run_after=2023-07-28T00:00:00+00:00
[2023-07-27T01:56:17.512+0000] {processor.py:179} INFO - Processing /opt/airflow/dags/empower_to_ggdrive.py took 0.208 seconds
[2023-07-27T01:56:47.644+0000] {processor.py:157} INFO - Started process (PID=4443) to work on /opt/airflow/dags/empower_to_ggdrive.py
[2023-07-27T01:56:47.645+0000] {processor.py:826} INFO - Processing file /opt/airflow/dags/empower_to_ggdrive.py for tasks to queue
[2023-07-27T01:56:47.647+0000] {logging_mixin.py:150} INFO - [2023-07-27T01:56:47.646+0000] {dagbag.py:541} INFO - Filling up the DagBag from /opt/airflow/dags/empower_to_ggdrive.py
[2023-07-27T01:56:47.680+0000] {processor.py:836} INFO - DAG(s) dict_keys(['empower_to_ggdrive']) retrieved from /opt/airflow/dags/empower_to_ggdrive.py
[2023-07-27T01:56:47.706+0000] {logging_mixin.py:150} INFO - [2023-07-27T01:56:47.706+0000] {dag.py:2742} INFO - Sync 1 DAGs
[2023-07-27T01:56:47.735+0000] {logging_mixin.py:150} INFO - [2023-07-27T01:56:47.735+0000] {dag.py:3508} INFO - Setting next_dagrun for empower_to_ggdrive to 2023-07-27T00:00:00+00:00, run_after=2023-07-28T00:00:00+00:00
[2023-07-27T01:56:47.774+0000] {processor.py:179} INFO - Processing /opt/airflow/dags/empower_to_ggdrive.py took 0.135 seconds
[2023-07-27T01:57:17.837+0000] {processor.py:157} INFO - Started process (PID=4504) to work on /opt/airflow/dags/empower_to_ggdrive.py
[2023-07-27T01:57:17.839+0000] {processor.py:826} INFO - Processing file /opt/airflow/dags/empower_to_ggdrive.py for tasks to queue
[2023-07-27T01:57:17.841+0000] {logging_mixin.py:150} INFO - [2023-07-27T01:57:17.841+0000] {dagbag.py:541} INFO - Filling up the DagBag from /opt/airflow/dags/empower_to_ggdrive.py
[2023-07-27T01:57:17.871+0000] {processor.py:836} INFO - DAG(s) dict_keys(['empower_to_ggdrive']) retrieved from /opt/airflow/dags/empower_to_ggdrive.py
[2023-07-27T01:57:17.895+0000] {logging_mixin.py:150} INFO - [2023-07-27T01:57:17.895+0000] {dag.py:2742} INFO - Sync 1 DAGs
[2023-07-27T01:57:17.924+0000] {logging_mixin.py:150} INFO - [2023-07-27T01:57:17.924+0000] {dag.py:3508} INFO - Setting next_dagrun for empower_to_ggdrive to 2023-07-27T00:00:00+00:00, run_after=2023-07-28T00:00:00+00:00
[2023-07-27T01:57:17.948+0000] {processor.py:179} INFO - Processing /opt/airflow/dags/empower_to_ggdrive.py took 0.118 seconds
[2023-07-27T01:57:48.189+0000] {processor.py:157} INFO - Started process (PID=4564) to work on /opt/airflow/dags/empower_to_ggdrive.py
[2023-07-27T01:57:48.191+0000] {processor.py:826} INFO - Processing file /opt/airflow/dags/empower_to_ggdrive.py for tasks to queue
[2023-07-27T01:57:48.192+0000] {logging_mixin.py:150} INFO - [2023-07-27T01:57:48.192+0000] {dagbag.py:541} INFO - Filling up the DagBag from /opt/airflow/dags/empower_to_ggdrive.py
[2023-07-27T01:57:48.225+0000] {processor.py:836} INFO - DAG(s) dict_keys(['empower_to_ggdrive']) retrieved from /opt/airflow/dags/empower_to_ggdrive.py
[2023-07-27T01:57:48.251+0000] {logging_mixin.py:150} INFO - [2023-07-27T01:57:48.251+0000] {dag.py:2742} INFO - Sync 1 DAGs
[2023-07-27T01:57:48.281+0000] {logging_mixin.py:150} INFO - [2023-07-27T01:57:48.280+0000] {dag.py:3508} INFO - Setting next_dagrun for empower_to_ggdrive to 2023-07-27T00:00:00+00:00, run_after=2023-07-28T00:00:00+00:00
[2023-07-27T01:57:48.307+0000] {processor.py:179} INFO - Processing /opt/airflow/dags/empower_to_ggdrive.py took 0.121 seconds
[2023-07-27T01:58:18.650+0000] {processor.py:157} INFO - Started process (PID=4624) to work on /opt/airflow/dags/empower_to_ggdrive.py
[2023-07-27T01:58:18.651+0000] {processor.py:826} INFO - Processing file /opt/airflow/dags/empower_to_ggdrive.py for tasks to queue
[2023-07-27T01:58:18.653+0000] {logging_mixin.py:150} INFO - [2023-07-27T01:58:18.652+0000] {dagbag.py:541} INFO - Filling up the DagBag from /opt/airflow/dags/empower_to_ggdrive.py
[2023-07-27T01:58:18.688+0000] {processor.py:836} INFO - DAG(s) dict_keys(['empower_to_ggdrive']) retrieved from /opt/airflow/dags/empower_to_ggdrive.py
[2023-07-27T01:58:18.713+0000] {logging_mixin.py:150} INFO - [2023-07-27T01:58:18.713+0000] {dag.py:2742} INFO - Sync 1 DAGs
[2023-07-27T01:58:18.742+0000] {logging_mixin.py:150} INFO - [2023-07-27T01:58:18.742+0000] {dag.py:3508} INFO - Setting next_dagrun for empower_to_ggdrive to 2023-07-27T00:00:00+00:00, run_after=2023-07-28T00:00:00+00:00
[2023-07-27T01:58:18.769+0000] {processor.py:179} INFO - Processing /opt/airflow/dags/empower_to_ggdrive.py took 0.123 seconds
[2023-07-27T01:58:48.864+0000] {processor.py:157} INFO - Started process (PID=4684) to work on /opt/airflow/dags/empower_to_ggdrive.py
[2023-07-27T01:58:48.865+0000] {processor.py:826} INFO - Processing file /opt/airflow/dags/empower_to_ggdrive.py for tasks to queue
[2023-07-27T01:58:48.867+0000] {logging_mixin.py:150} INFO - [2023-07-27T01:58:48.866+0000] {dagbag.py:541} INFO - Filling up the DagBag from /opt/airflow/dags/empower_to_ggdrive.py
[2023-07-27T01:58:48.898+0000] {processor.py:836} INFO - DAG(s) dict_keys(['empower_to_ggdrive']) retrieved from /opt/airflow/dags/empower_to_ggdrive.py
[2023-07-27T01:58:48.924+0000] {logging_mixin.py:150} INFO - [2023-07-27T01:58:48.923+0000] {dag.py:2742} INFO - Sync 1 DAGs
[2023-07-27T01:58:48.952+0000] {logging_mixin.py:150} INFO - [2023-07-27T01:58:48.952+0000] {dag.py:3508} INFO - Setting next_dagrun for empower_to_ggdrive to 2023-07-27T00:00:00+00:00, run_after=2023-07-28T00:00:00+00:00
[2023-07-27T01:58:48.977+0000] {processor.py:179} INFO - Processing /opt/airflow/dags/empower_to_ggdrive.py took 0.117 seconds
[2023-07-27T01:59:19.320+0000] {processor.py:157} INFO - Started process (PID=4744) to work on /opt/airflow/dags/empower_to_ggdrive.py
[2023-07-27T01:59:19.321+0000] {processor.py:826} INFO - Processing file /opt/airflow/dags/empower_to_ggdrive.py for tasks to queue
[2023-07-27T01:59:19.323+0000] {logging_mixin.py:150} INFO - [2023-07-27T01:59:19.322+0000] {dagbag.py:541} INFO - Filling up the DagBag from /opt/airflow/dags/empower_to_ggdrive.py
[2023-07-27T01:59:19.356+0000] {processor.py:836} INFO - DAG(s) dict_keys(['empower_to_ggdrive']) retrieved from /opt/airflow/dags/empower_to_ggdrive.py
[2023-07-27T01:59:19.381+0000] {logging_mixin.py:150} INFO - [2023-07-27T01:59:19.381+0000] {dag.py:2742} INFO - Sync 1 DAGs
[2023-07-27T01:59:19.411+0000] {logging_mixin.py:150} INFO - [2023-07-27T01:59:19.411+0000] {dag.py:3508} INFO - Setting next_dagrun for empower_to_ggdrive to 2023-07-27T00:00:00+00:00, run_after=2023-07-28T00:00:00+00:00
[2023-07-27T01:59:19.438+0000] {processor.py:179} INFO - Processing /opt/airflow/dags/empower_to_ggdrive.py took 0.121 seconds
[2023-07-27T01:59:49.538+0000] {processor.py:157} INFO - Started process (PID=4804) to work on /opt/airflow/dags/empower_to_ggdrive.py
[2023-07-27T01:59:49.540+0000] {processor.py:826} INFO - Processing file /opt/airflow/dags/empower_to_ggdrive.py for tasks to queue
[2023-07-27T01:59:49.541+0000] {logging_mixin.py:150} INFO - [2023-07-27T01:59:49.541+0000] {dagbag.py:541} INFO - Filling up the DagBag from /opt/airflow/dags/empower_to_ggdrive.py
[2023-07-27T01:59:49.575+0000] {processor.py:836} INFO - DAG(s) dict_keys(['empower_to_ggdrive']) retrieved from /opt/airflow/dags/empower_to_ggdrive.py
[2023-07-27T01:59:49.603+0000] {logging_mixin.py:150} INFO - [2023-07-27T01:59:49.603+0000] {dag.py:2742} INFO - Sync 1 DAGs
[2023-07-27T01:59:49.638+0000] {logging_mixin.py:150} INFO - [2023-07-27T01:59:49.638+0000] {dag.py:3508} INFO - Setting next_dagrun for empower_to_ggdrive to 2023-07-27T00:00:00+00:00, run_after=2023-07-28T00:00:00+00:00
[2023-07-27T01:59:49.664+0000] {processor.py:179} INFO - Processing /opt/airflow/dags/empower_to_ggdrive.py took 0.130 seconds
[2023-07-27T02:00:19.783+0000] {processor.py:157} INFO - Started process (PID=4864) to work on /opt/airflow/dags/empower_to_ggdrive.py
[2023-07-27T02:00:19.784+0000] {processor.py:826} INFO - Processing file /opt/airflow/dags/empower_to_ggdrive.py for tasks to queue
[2023-07-27T02:00:19.785+0000] {logging_mixin.py:150} INFO - [2023-07-27T02:00:19.785+0000] {dagbag.py:541} INFO - Filling up the DagBag from /opt/airflow/dags/empower_to_ggdrive.py
[2023-07-27T02:00:19.819+0000] {processor.py:836} INFO - DAG(s) dict_keys(['empower_to_ggdrive']) retrieved from /opt/airflow/dags/empower_to_ggdrive.py
[2023-07-27T02:00:19.846+0000] {logging_mixin.py:150} INFO - [2023-07-27T02:00:19.846+0000] {dag.py:2742} INFO - Sync 1 DAGs
[2023-07-27T02:00:19.874+0000] {logging_mixin.py:150} INFO - [2023-07-27T02:00:19.874+0000] {dag.py:3508} INFO - Setting next_dagrun for empower_to_ggdrive to 2023-07-27T00:00:00+00:00, run_after=2023-07-28T00:00:00+00:00
[2023-07-27T02:00:19.900+0000] {processor.py:179} INFO - Processing /opt/airflow/dags/empower_to_ggdrive.py took 0.121 seconds
[2023-07-27T02:00:50.098+0000] {processor.py:157} INFO - Started process (PID=4924) to work on /opt/airflow/dags/empower_to_ggdrive.py
[2023-07-27T02:00:50.099+0000] {processor.py:826} INFO - Processing file /opt/airflow/dags/empower_to_ggdrive.py for tasks to queue
[2023-07-27T02:00:50.100+0000] {logging_mixin.py:150} INFO - [2023-07-27T02:00:50.100+0000] {dagbag.py:541} INFO - Filling up the DagBag from /opt/airflow/dags/empower_to_ggdrive.py
[2023-07-27T02:00:50.135+0000] {processor.py:836} INFO - DAG(s) dict_keys(['empower_to_ggdrive']) retrieved from /opt/airflow/dags/empower_to_ggdrive.py
[2023-07-27T02:00:50.160+0000] {logging_mixin.py:150} INFO - [2023-07-27T02:00:50.160+0000] {dag.py:2742} INFO - Sync 1 DAGs
[2023-07-27T02:00:50.190+0000] {logging_mixin.py:150} INFO - [2023-07-27T02:00:50.190+0000] {dag.py:3508} INFO - Setting next_dagrun for empower_to_ggdrive to 2023-07-27T00:00:00+00:00, run_after=2023-07-28T00:00:00+00:00
[2023-07-27T02:00:50.215+0000] {processor.py:179} INFO - Processing /opt/airflow/dags/empower_to_ggdrive.py took 0.121 seconds
[2023-07-27T02:01:20.326+0000] {processor.py:157} INFO - Started process (PID=4984) to work on /opt/airflow/dags/empower_to_ggdrive.py
[2023-07-27T02:01:20.327+0000] {processor.py:826} INFO - Processing file /opt/airflow/dags/empower_to_ggdrive.py for tasks to queue
[2023-07-27T02:01:20.328+0000] {logging_mixin.py:150} INFO - [2023-07-27T02:01:20.328+0000] {dagbag.py:541} INFO - Filling up the DagBag from /opt/airflow/dags/empower_to_ggdrive.py
[2023-07-27T02:01:20.362+0000] {processor.py:836} INFO - DAG(s) dict_keys(['empower_to_ggdrive']) retrieved from /opt/airflow/dags/empower_to_ggdrive.py
[2023-07-27T02:01:20.387+0000] {logging_mixin.py:150} INFO - [2023-07-27T02:01:20.387+0000] {dag.py:2742} INFO - Sync 1 DAGs
[2023-07-27T02:01:20.416+0000] {logging_mixin.py:150} INFO - [2023-07-27T02:01:20.416+0000] {dag.py:3508} INFO - Setting next_dagrun for empower_to_ggdrive to 2023-07-27T00:00:00+00:00, run_after=2023-07-28T00:00:00+00:00
[2023-07-27T02:01:20.441+0000] {processor.py:179} INFO - Processing /opt/airflow/dags/empower_to_ggdrive.py took 0.118 seconds
[2023-07-27T02:01:50.773+0000] {processor.py:157} INFO - Started process (PID=5044) to work on /opt/airflow/dags/empower_to_ggdrive.py
[2023-07-27T02:01:50.774+0000] {processor.py:826} INFO - Processing file /opt/airflow/dags/empower_to_ggdrive.py for tasks to queue
[2023-07-27T02:01:50.775+0000] {logging_mixin.py:150} INFO - [2023-07-27T02:01:50.775+0000] {dagbag.py:541} INFO - Filling up the DagBag from /opt/airflow/dags/empower_to_ggdrive.py
[2023-07-27T02:01:50.807+0000] {processor.py:836} INFO - DAG(s) dict_keys(['empower_to_ggdrive']) retrieved from /opt/airflow/dags/empower_to_ggdrive.py
[2023-07-27T02:01:50.833+0000] {logging_mixin.py:150} INFO - [2023-07-27T02:01:50.833+0000] {dag.py:2742} INFO - Sync 1 DAGs
[2023-07-27T02:01:50.861+0000] {logging_mixin.py:150} INFO - [2023-07-27T02:01:50.861+0000] {dag.py:3508} INFO - Setting next_dagrun for empower_to_ggdrive to 2023-07-27T00:00:00+00:00, run_after=2023-07-28T00:00:00+00:00
[2023-07-27T02:01:50.885+0000] {processor.py:179} INFO - Processing /opt/airflow/dags/empower_to_ggdrive.py took 0.116 seconds
[2023-07-27T02:02:21.479+0000] {processor.py:157} INFO - Started process (PID=5098) to work on /opt/airflow/dags/empower_to_ggdrive.py
[2023-07-27T02:02:21.480+0000] {processor.py:826} INFO - Processing file /opt/airflow/dags/empower_to_ggdrive.py for tasks to queue
[2023-07-27T02:02:21.481+0000] {logging_mixin.py:150} INFO - [2023-07-27T02:02:21.481+0000] {dagbag.py:541} INFO - Filling up the DagBag from /opt/airflow/dags/empower_to_ggdrive.py
[2023-07-27T02:02:21.516+0000] {processor.py:836} INFO - DAG(s) dict_keys(['empower_to_ggdrive']) retrieved from /opt/airflow/dags/empower_to_ggdrive.py
[2023-07-27T02:02:21.541+0000] {logging_mixin.py:150} INFO - [2023-07-27T02:02:21.540+0000] {dag.py:2742} INFO - Sync 1 DAGs
[2023-07-27T02:02:21.569+0000] {logging_mixin.py:150} INFO - [2023-07-27T02:02:21.569+0000] {dag.py:3508} INFO - Setting next_dagrun for empower_to_ggdrive to 2023-07-27T00:00:00+00:00, run_after=2023-07-28T00:00:00+00:00
[2023-07-27T02:02:21.593+0000] {processor.py:179} INFO - Processing /opt/airflow/dags/empower_to_ggdrive.py took 0.118 seconds
[2023-07-27T02:02:52.552+0000] {processor.py:157} INFO - Started process (PID=5158) to work on /opt/airflow/dags/empower_to_ggdrive.py
[2023-07-27T02:02:52.553+0000] {processor.py:826} INFO - Processing file /opt/airflow/dags/empower_to_ggdrive.py for tasks to queue
[2023-07-27T02:02:52.554+0000] {logging_mixin.py:150} INFO - [2023-07-27T02:02:52.554+0000] {dagbag.py:541} INFO - Filling up the DagBag from /opt/airflow/dags/empower_to_ggdrive.py
[2023-07-27T02:02:52.586+0000] {processor.py:836} INFO - DAG(s) dict_keys(['empower_to_ggdrive']) retrieved from /opt/airflow/dags/empower_to_ggdrive.py
[2023-07-27T02:02:52.611+0000] {logging_mixin.py:150} INFO - [2023-07-27T02:02:52.611+0000] {dag.py:2742} INFO - Sync 1 DAGs
[2023-07-27T02:02:52.643+0000] {logging_mixin.py:150} INFO - [2023-07-27T02:02:52.643+0000] {dag.py:3508} INFO - Setting next_dagrun for empower_to_ggdrive to 2023-07-27T00:00:00+00:00, run_after=2023-07-28T00:00:00+00:00
[2023-07-27T02:02:52.677+0000] {processor.py:179} INFO - Processing /opt/airflow/dags/empower_to_ggdrive.py took 0.130 seconds
[2023-07-27T02:03:22.882+0000] {processor.py:157} INFO - Started process (PID=5218) to work on /opt/airflow/dags/empower_to_ggdrive.py
[2023-07-27T02:03:22.884+0000] {processor.py:826} INFO - Processing file /opt/airflow/dags/empower_to_ggdrive.py for tasks to queue
[2023-07-27T02:03:22.885+0000] {logging_mixin.py:150} INFO - [2023-07-27T02:03:22.884+0000] {dagbag.py:541} INFO - Filling up the DagBag from /opt/airflow/dags/empower_to_ggdrive.py
[2023-07-27T02:03:22.916+0000] {processor.py:836} INFO - DAG(s) dict_keys(['empower_to_ggdrive']) retrieved from /opt/airflow/dags/empower_to_ggdrive.py
[2023-07-27T02:03:22.940+0000] {logging_mixin.py:150} INFO - [2023-07-27T02:03:22.939+0000] {dag.py:2742} INFO - Sync 1 DAGs
[2023-07-27T02:03:22.968+0000] {logging_mixin.py:150} INFO - [2023-07-27T02:03:22.968+0000] {dag.py:3508} INFO - Setting next_dagrun for empower_to_ggdrive to 2023-07-27T00:00:00+00:00, run_after=2023-07-28T00:00:00+00:00
[2023-07-27T02:03:22.994+0000] {processor.py:179} INFO - Processing /opt/airflow/dags/empower_to_ggdrive.py took 0.115 seconds
[2023-07-27T02:03:53.235+0000] {processor.py:157} INFO - Started process (PID=5278) to work on /opt/airflow/dags/empower_to_ggdrive.py
[2023-07-27T02:03:53.236+0000] {processor.py:826} INFO - Processing file /opt/airflow/dags/empower_to_ggdrive.py for tasks to queue
[2023-07-27T02:03:53.237+0000] {logging_mixin.py:150} INFO - [2023-07-27T02:03:53.237+0000] {dagbag.py:541} INFO - Filling up the DagBag from /opt/airflow/dags/empower_to_ggdrive.py
[2023-07-27T02:03:53.273+0000] {processor.py:836} INFO - DAG(s) dict_keys(['empower_to_ggdrive']) retrieved from /opt/airflow/dags/empower_to_ggdrive.py
[2023-07-27T02:03:53.298+0000] {logging_mixin.py:150} INFO - [2023-07-27T02:03:53.298+0000] {dag.py:2742} INFO - Sync 1 DAGs
[2023-07-27T02:03:53.327+0000] {logging_mixin.py:150} INFO - [2023-07-27T02:03:53.327+0000] {dag.py:3508} INFO - Setting next_dagrun for empower_to_ggdrive to 2023-07-27T00:00:00+00:00, run_after=2023-07-28T00:00:00+00:00
[2023-07-27T02:03:53.353+0000] {processor.py:179} INFO - Processing /opt/airflow/dags/empower_to_ggdrive.py took 0.122 seconds
[2023-07-27T02:04:23.530+0000] {processor.py:157} INFO - Started process (PID=5338) to work on /opt/airflow/dags/empower_to_ggdrive.py
[2023-07-27T02:04:23.532+0000] {processor.py:826} INFO - Processing file /opt/airflow/dags/empower_to_ggdrive.py for tasks to queue
[2023-07-27T02:04:23.533+0000] {logging_mixin.py:150} INFO - [2023-07-27T02:04:23.533+0000] {dagbag.py:541} INFO - Filling up the DagBag from /opt/airflow/dags/empower_to_ggdrive.py
[2023-07-27T02:04:23.567+0000] {processor.py:836} INFO - DAG(s) dict_keys(['empower_to_ggdrive']) retrieved from /opt/airflow/dags/empower_to_ggdrive.py
[2023-07-27T02:04:23.591+0000] {logging_mixin.py:150} INFO - [2023-07-27T02:04:23.591+0000] {dag.py:2742} INFO - Sync 1 DAGs
[2023-07-27T02:04:23.620+0000] {logging_mixin.py:150} INFO - [2023-07-27T02:04:23.620+0000] {dag.py:3508} INFO - Setting next_dagrun for empower_to_ggdrive to 2023-07-27T00:00:00+00:00, run_after=2023-07-28T00:00:00+00:00
[2023-07-27T02:04:23.645+0000] {processor.py:179} INFO - Processing /opt/airflow/dags/empower_to_ggdrive.py took 0.119 seconds
[2023-07-27T02:04:54.139+0000] {processor.py:157} INFO - Started process (PID=5398) to work on /opt/airflow/dags/empower_to_ggdrive.py
[2023-07-27T02:04:54.141+0000] {processor.py:826} INFO - Processing file /opt/airflow/dags/empower_to_ggdrive.py for tasks to queue
[2023-07-27T02:04:54.142+0000] {logging_mixin.py:150} INFO - [2023-07-27T02:04:54.142+0000] {dagbag.py:541} INFO - Filling up the DagBag from /opt/airflow/dags/empower_to_ggdrive.py
[2023-07-27T02:04:54.178+0000] {processor.py:836} INFO - DAG(s) dict_keys(['empower_to_ggdrive']) retrieved from /opt/airflow/dags/empower_to_ggdrive.py
[2023-07-27T02:04:54.202+0000] {logging_mixin.py:150} INFO - [2023-07-27T02:04:54.202+0000] {dag.py:2742} INFO - Sync 1 DAGs
[2023-07-27T02:04:54.231+0000] {logging_mixin.py:150} INFO - [2023-07-27T02:04:54.231+0000] {dag.py:3508} INFO - Setting next_dagrun for empower_to_ggdrive to 2023-07-27T00:00:00+00:00, run_after=2023-07-28T00:00:00+00:00
[2023-07-27T02:04:54.257+0000] {processor.py:179} INFO - Processing /opt/airflow/dags/empower_to_ggdrive.py took 0.122 seconds
[2023-07-27T02:05:24.368+0000] {processor.py:157} INFO - Started process (PID=5459) to work on /opt/airflow/dags/empower_to_ggdrive.py
[2023-07-27T02:05:24.370+0000] {processor.py:826} INFO - Processing file /opt/airflow/dags/empower_to_ggdrive.py for tasks to queue
[2023-07-27T02:05:24.371+0000] {logging_mixin.py:150} INFO - [2023-07-27T02:05:24.370+0000] {dagbag.py:541} INFO - Filling up the DagBag from /opt/airflow/dags/empower_to_ggdrive.py
[2023-07-27T02:05:24.402+0000] {processor.py:836} INFO - DAG(s) dict_keys(['empower_to_ggdrive']) retrieved from /opt/airflow/dags/empower_to_ggdrive.py
[2023-07-27T02:05:24.426+0000] {logging_mixin.py:150} INFO - [2023-07-27T02:05:24.426+0000] {dag.py:2742} INFO - Sync 1 DAGs
[2023-07-27T02:05:24.455+0000] {logging_mixin.py:150} INFO - [2023-07-27T02:05:24.455+0000] {dag.py:3508} INFO - Setting next_dagrun for empower_to_ggdrive to 2023-07-27T00:00:00+00:00, run_after=2023-07-28T00:00:00+00:00
[2023-07-27T02:05:24.481+0000] {processor.py:179} INFO - Processing /opt/airflow/dags/empower_to_ggdrive.py took 0.117 seconds
[2023-07-27T02:05:55.000+0000] {processor.py:157} INFO - Started process (PID=5518) to work on /opt/airflow/dags/empower_to_ggdrive.py
[2023-07-27T02:05:55.002+0000] {processor.py:826} INFO - Processing file /opt/airflow/dags/empower_to_ggdrive.py for tasks to queue
[2023-07-27T02:05:55.003+0000] {logging_mixin.py:150} INFO - [2023-07-27T02:05:55.003+0000] {dagbag.py:541} INFO - Filling up the DagBag from /opt/airflow/dags/empower_to_ggdrive.py
[2023-07-27T02:05:55.039+0000] {processor.py:836} INFO - DAG(s) dict_keys(['empower_to_ggdrive']) retrieved from /opt/airflow/dags/empower_to_ggdrive.py
[2023-07-27T02:05:55.064+0000] {logging_mixin.py:150} INFO - [2023-07-27T02:05:55.064+0000] {dag.py:2742} INFO - Sync 1 DAGs
[2023-07-27T02:05:55.094+0000] {logging_mixin.py:150} INFO - [2023-07-27T02:05:55.094+0000] {dag.py:3508} INFO - Setting next_dagrun for empower_to_ggdrive to 2023-07-27T00:00:00+00:00, run_after=2023-07-28T00:00:00+00:00
[2023-07-27T02:05:55.120+0000] {processor.py:179} INFO - Processing /opt/airflow/dags/empower_to_ggdrive.py took 0.124 seconds
[2023-07-27T02:06:25.648+0000] {processor.py:157} INFO - Started process (PID=5578) to work on /opt/airflow/dags/empower_to_ggdrive.py
[2023-07-27T02:06:25.649+0000] {processor.py:826} INFO - Processing file /opt/airflow/dags/empower_to_ggdrive.py for tasks to queue
[2023-07-27T02:06:25.651+0000] {logging_mixin.py:150} INFO - [2023-07-27T02:06:25.650+0000] {dagbag.py:541} INFO - Filling up the DagBag from /opt/airflow/dags/empower_to_ggdrive.py
[2023-07-27T02:06:25.685+0000] {processor.py:836} INFO - DAG(s) dict_keys(['empower_to_ggdrive']) retrieved from /opt/airflow/dags/empower_to_ggdrive.py
[2023-07-27T02:06:25.709+0000] {logging_mixin.py:150} INFO - [2023-07-27T02:06:25.708+0000] {dag.py:2742} INFO - Sync 1 DAGs
[2023-07-27T02:06:25.737+0000] {logging_mixin.py:150} INFO - [2023-07-27T02:06:25.737+0000] {dag.py:3508} INFO - Setting next_dagrun for empower_to_ggdrive to 2023-07-27T00:00:00+00:00, run_after=2023-07-28T00:00:00+00:00
[2023-07-27T02:06:25.769+0000] {processor.py:179} INFO - Processing /opt/airflow/dags/empower_to_ggdrive.py took 0.124 seconds
[2023-07-27T02:06:56.159+0000] {processor.py:157} INFO - Started process (PID=5638) to work on /opt/airflow/dags/empower_to_ggdrive.py
[2023-07-27T02:06:56.160+0000] {processor.py:826} INFO - Processing file /opt/airflow/dags/empower_to_ggdrive.py for tasks to queue
[2023-07-27T02:06:56.162+0000] {logging_mixin.py:150} INFO - [2023-07-27T02:06:56.161+0000] {dagbag.py:541} INFO - Filling up the DagBag from /opt/airflow/dags/empower_to_ggdrive.py
[2023-07-27T02:06:56.206+0000] {processor.py:836} INFO - DAG(s) dict_keys(['empower_to_ggdrive']) retrieved from /opt/airflow/dags/empower_to_ggdrive.py
[2023-07-27T02:06:56.238+0000] {logging_mixin.py:150} INFO - [2023-07-27T02:06:56.237+0000] {dag.py:2742} INFO - Sync 1 DAGs
[2023-07-27T02:06:56.273+0000] {logging_mixin.py:150} INFO - [2023-07-27T02:06:56.273+0000] {dag.py:3508} INFO - Setting next_dagrun for empower_to_ggdrive to 2023-07-27T00:00:00+00:00, run_after=2023-07-28T00:00:00+00:00
[2023-07-27T02:06:56.306+0000] {processor.py:179} INFO - Processing /opt/airflow/dags/empower_to_ggdrive.py took 0.152 seconds
[2023-07-27T02:07:26.880+0000] {processor.py:157} INFO - Started process (PID=5698) to work on /opt/airflow/dags/empower_to_ggdrive.py
[2023-07-27T02:07:26.881+0000] {processor.py:826} INFO - Processing file /opt/airflow/dags/empower_to_ggdrive.py for tasks to queue
[2023-07-27T02:07:26.883+0000] {logging_mixin.py:150} INFO - [2023-07-27T02:07:26.882+0000] {dagbag.py:541} INFO - Filling up the DagBag from /opt/airflow/dags/empower_to_ggdrive.py
[2023-07-27T02:07:26.918+0000] {processor.py:836} INFO - DAG(s) dict_keys(['empower_to_ggdrive']) retrieved from /opt/airflow/dags/empower_to_ggdrive.py
[2023-07-27T02:07:26.944+0000] {logging_mixin.py:150} INFO - [2023-07-27T02:07:26.944+0000] {dag.py:2742} INFO - Sync 1 DAGs
[2023-07-27T02:07:26.974+0000] {logging_mixin.py:150} INFO - [2023-07-27T02:07:26.974+0000] {dag.py:3508} INFO - Setting next_dagrun for empower_to_ggdrive to 2023-07-27T00:00:00+00:00, run_after=2023-07-28T00:00:00+00:00
[2023-07-27T02:07:27.000+0000] {processor.py:179} INFO - Processing /opt/airflow/dags/empower_to_ggdrive.py took 0.124 seconds
[2023-07-27T02:07:57.551+0000] {processor.py:157} INFO - Started process (PID=5758) to work on /opt/airflow/dags/empower_to_ggdrive.py
[2023-07-27T02:07:57.552+0000] {processor.py:826} INFO - Processing file /opt/airflow/dags/empower_to_ggdrive.py for tasks to queue
[2023-07-27T02:07:57.554+0000] {logging_mixin.py:150} INFO - [2023-07-27T02:07:57.553+0000] {dagbag.py:541} INFO - Filling up the DagBag from /opt/airflow/dags/empower_to_ggdrive.py
[2023-07-27T02:07:57.588+0000] {processor.py:836} INFO - DAG(s) dict_keys(['empower_to_ggdrive']) retrieved from /opt/airflow/dags/empower_to_ggdrive.py
[2023-07-27T02:07:57.626+0000] {logging_mixin.py:150} INFO - [2023-07-27T02:07:57.625+0000] {dag.py:2742} INFO - Sync 1 DAGs
[2023-07-27T02:07:57.673+0000] {logging_mixin.py:150} INFO - [2023-07-27T02:07:57.672+0000] {dag.py:3508} INFO - Setting next_dagrun for empower_to_ggdrive to 2023-07-27T00:00:00+00:00, run_after=2023-07-28T00:00:00+00:00
[2023-07-27T02:07:57.705+0000] {processor.py:179} INFO - Processing /opt/airflow/dags/empower_to_ggdrive.py took 0.158 seconds
[2023-07-27T02:08:28.180+0000] {processor.py:157} INFO - Started process (PID=5819) to work on /opt/airflow/dags/empower_to_ggdrive.py
[2023-07-27T02:08:28.182+0000] {processor.py:826} INFO - Processing file /opt/airflow/dags/empower_to_ggdrive.py for tasks to queue
[2023-07-27T02:08:28.188+0000] {logging_mixin.py:150} INFO - [2023-07-27T02:08:28.187+0000] {dagbag.py:541} INFO - Filling up the DagBag from /opt/airflow/dags/empower_to_ggdrive.py
[2023-07-27T02:08:28.237+0000] {processor.py:836} INFO - DAG(s) dict_keys(['empower_to_ggdrive']) retrieved from /opt/airflow/dags/empower_to_ggdrive.py
[2023-07-27T02:08:28.266+0000] {logging_mixin.py:150} INFO - [2023-07-27T02:08:28.266+0000] {dag.py:2742} INFO - Sync 1 DAGs
[2023-07-27T02:08:28.298+0000] {logging_mixin.py:150} INFO - [2023-07-27T02:08:28.298+0000] {dag.py:3508} INFO - Setting next_dagrun for empower_to_ggdrive to 2023-07-27T00:00:00+00:00, run_after=2023-07-28T00:00:00+00:00
[2023-07-27T02:08:28.456+0000] {processor.py:179} INFO - Processing /opt/airflow/dags/empower_to_ggdrive.py took 0.283 seconds
[2023-07-27T02:08:59.016+0000] {processor.py:157} INFO - Started process (PID=5879) to work on /opt/airflow/dags/empower_to_ggdrive.py
[2023-07-27T02:08:59.017+0000] {processor.py:826} INFO - Processing file /opt/airflow/dags/empower_to_ggdrive.py for tasks to queue
[2023-07-27T02:08:59.018+0000] {logging_mixin.py:150} INFO - [2023-07-27T02:08:59.018+0000] {dagbag.py:541} INFO - Filling up the DagBag from /opt/airflow/dags/empower_to_ggdrive.py
[2023-07-27T02:08:59.053+0000] {processor.py:836} INFO - DAG(s) dict_keys(['empower_to_ggdrive']) retrieved from /opt/airflow/dags/empower_to_ggdrive.py
[2023-07-27T02:08:59.077+0000] {logging_mixin.py:150} INFO - [2023-07-27T02:08:59.077+0000] {dag.py:2742} INFO - Sync 1 DAGs
[2023-07-27T02:08:59.106+0000] {logging_mixin.py:150} INFO - [2023-07-27T02:08:59.105+0000] {dag.py:3508} INFO - Setting next_dagrun for empower_to_ggdrive to 2023-07-27T00:00:00+00:00, run_after=2023-07-28T00:00:00+00:00
[2023-07-27T02:08:59.133+0000] {processor.py:179} INFO - Processing /opt/airflow/dags/empower_to_ggdrive.py took 0.120 seconds
[2023-07-27T02:09:29.301+0000] {processor.py:157} INFO - Started process (PID=5940) to work on /opt/airflow/dags/empower_to_ggdrive.py
[2023-07-27T02:09:29.302+0000] {processor.py:826} INFO - Processing file /opt/airflow/dags/empower_to_ggdrive.py for tasks to queue
[2023-07-27T02:09:29.303+0000] {logging_mixin.py:150} INFO - [2023-07-27T02:09:29.303+0000] {dagbag.py:541} INFO - Filling up the DagBag from /opt/airflow/dags/empower_to_ggdrive.py
[2023-07-27T02:09:29.336+0000] {processor.py:836} INFO - DAG(s) dict_keys(['empower_to_ggdrive']) retrieved from /opt/airflow/dags/empower_to_ggdrive.py
[2023-07-27T02:09:29.369+0000] {logging_mixin.py:150} INFO - [2023-07-27T02:09:29.369+0000] {dag.py:2742} INFO - Sync 1 DAGs
[2023-07-27T02:09:29.404+0000] {logging_mixin.py:150} INFO - [2023-07-27T02:09:29.404+0000] {dag.py:3508} INFO - Setting next_dagrun for empower_to_ggdrive to 2023-07-27T00:00:00+00:00, run_after=2023-07-28T00:00:00+00:00
[2023-07-27T02:09:29.431+0000] {processor.py:179} INFO - Processing /opt/airflow/dags/empower_to_ggdrive.py took 0.135 seconds
[2023-07-27T02:09:59.550+0000] {processor.py:157} INFO - Started process (PID=6000) to work on /opt/airflow/dags/empower_to_ggdrive.py
[2023-07-27T02:09:59.551+0000] {processor.py:826} INFO - Processing file /opt/airflow/dags/empower_to_ggdrive.py for tasks to queue
[2023-07-27T02:09:59.552+0000] {logging_mixin.py:150} INFO - [2023-07-27T02:09:59.552+0000] {dagbag.py:541} INFO - Filling up the DagBag from /opt/airflow/dags/empower_to_ggdrive.py
[2023-07-27T02:09:59.587+0000] {processor.py:836} INFO - DAG(s) dict_keys(['empower_to_ggdrive']) retrieved from /opt/airflow/dags/empower_to_ggdrive.py
[2023-07-27T02:09:59.613+0000] {logging_mixin.py:150} INFO - [2023-07-27T02:09:59.613+0000] {dag.py:2742} INFO - Sync 1 DAGs
[2023-07-27T02:09:59.813+0000] {logging_mixin.py:150} INFO - [2023-07-27T02:09:59.812+0000] {dag.py:3508} INFO - Setting next_dagrun for empower_to_ggdrive to 2023-07-27T00:00:00+00:00, run_after=2023-07-28T00:00:00+00:00
[2023-07-27T02:09:59.835+0000] {processor.py:179} INFO - Processing /opt/airflow/dags/empower_to_ggdrive.py took 0.289 seconds
[2023-07-27T02:10:30.361+0000] {processor.py:157} INFO - Started process (PID=6059) to work on /opt/airflow/dags/empower_to_ggdrive.py
[2023-07-27T02:10:30.363+0000] {processor.py:826} INFO - Processing file /opt/airflow/dags/empower_to_ggdrive.py for tasks to queue
[2023-07-27T02:10:30.364+0000] {logging_mixin.py:150} INFO - [2023-07-27T02:10:30.364+0000] {dagbag.py:541} INFO - Filling up the DagBag from /opt/airflow/dags/empower_to_ggdrive.py
[2023-07-27T02:10:30.424+0000] {processor.py:836} INFO - DAG(s) dict_keys(['empower_to_ggdrive']) retrieved from /opt/airflow/dags/empower_to_ggdrive.py
[2023-07-27T02:10:30.451+0000] {logging_mixin.py:150} INFO - [2023-07-27T02:10:30.450+0000] {dag.py:2742} INFO - Sync 1 DAGs
[2023-07-27T02:10:30.483+0000] {logging_mixin.py:150} INFO - [2023-07-27T02:10:30.482+0000] {dag.py:3508} INFO - Setting next_dagrun for empower_to_ggdrive to 2023-07-27T00:00:00+00:00, run_after=2023-07-28T00:00:00+00:00
[2023-07-27T02:10:30.511+0000] {processor.py:179} INFO - Processing /opt/airflow/dags/empower_to_ggdrive.py took 0.154 seconds
[2023-07-27T02:10:33.217+0000] {processor.py:157} INFO - Started process (PID=6068) to work on /opt/airflow/dags/empower_to_ggdrive.py
[2023-07-27T02:10:33.218+0000] {processor.py:826} INFO - Processing file /opt/airflow/dags/empower_to_ggdrive.py for tasks to queue
[2023-07-27T02:10:33.220+0000] {logging_mixin.py:150} INFO - [2023-07-27T02:10:33.219+0000] {dagbag.py:541} INFO - Filling up the DagBag from /opt/airflow/dags/empower_to_ggdrive.py
[2023-07-27T02:10:33.264+0000] {processor.py:836} INFO - DAG(s) dict_keys(['empower_to_ggdrive']) retrieved from /opt/airflow/dags/empower_to_ggdrive.py
[2023-07-27T02:10:33.291+0000] {logging_mixin.py:150} INFO - [2023-07-27T02:10:33.290+0000] {dag.py:2742} INFO - Sync 1 DAGs
[2023-07-27T02:10:33.322+0000] {logging_mixin.py:150} INFO - [2023-07-27T02:10:33.322+0000] {dag.py:3508} INFO - Setting next_dagrun for empower_to_ggdrive to 2023-07-27T00:00:00+00:00, run_after=2023-07-28T00:00:00+00:00
[2023-07-27T02:10:33.352+0000] {processor.py:179} INFO - Processing /opt/airflow/dags/empower_to_ggdrive.py took 0.139 seconds
