[2023-07-26T21:24:02.141+0000] {taskinstance.py:1103} INFO - Dependencies all met for dep_context=non-requeueable deps ti=<TaskInstance: empower_to_ggdrive.cleaning scheduled__2023-07-21T00:00:00+00:00 [queued]>
[2023-07-26T21:24:02.170+0000] {taskinstance.py:1103} INFO - Dependencies all met for dep_context=requeueable deps ti=<TaskInstance: empower_to_ggdrive.cleaning scheduled__2023-07-21T00:00:00+00:00 [queued]>
[2023-07-26T21:24:02.175+0000] {taskinstance.py:1308} INFO - Starting attempt 1 of 2
[2023-07-26T21:24:02.260+0000] {taskinstance.py:1327} INFO - Executing <Task(PythonOperator): cleaning> on 2023-07-21 00:00:00+00:00
[2023-07-26T21:24:02.268+0000] {standard_task_runner.py:57} INFO - Started process 262 to run task
[2023-07-26T21:24:02.296+0000] {standard_task_runner.py:84} INFO - Running: ['***', 'tasks', 'run', 'empower_to_ggdrive', 'cleaning', 'scheduled__2023-07-21T00:00:00+00:00', '--job-id', '109', '--raw', '--subdir', 'DAGS_FOLDER/empower_to_ggdrive.py', '--cfg-path', '/tmp/tmpv0dkuef7']
[2023-07-26T21:24:02.305+0000] {standard_task_runner.py:85} INFO - Job 109: Subtask cleaning
[2023-07-26T21:24:02.508+0000] {task_command.py:410} INFO - Running <TaskInstance: empower_to_ggdrive.cleaning scheduled__2023-07-21T00:00:00+00:00 [running]> on host 4139e27af0e6
[2023-07-26T21:24:02.737+0000] {taskinstance.py:1547} INFO - Exporting env vars: AIRFLOW_CTX_DAG_OWNER='***' AIRFLOW_CTX_DAG_ID='empower_to_ggdrive' AIRFLOW_CTX_TASK_ID='cleaning' AIRFLOW_CTX_EXECUTION_DATE='2023-07-21T00:00:00+00:00' AIRFLOW_CTX_TRY_NUMBER='1' AIRFLOW_CTX_DAG_RUN_ID='scheduled__2023-07-21T00:00:00+00:00'
[2023-07-26T21:24:03.014+0000] {python.py:183} INFO - Done. Returned value was: None
[2023-07-26T21:24:03.064+0000] {taskinstance.py:1350} INFO - Marking task as SUCCESS. dag_id=empower_to_ggdrive, task_id=cleaning, execution_date=20230721T000000, start_date=20230726T212402, end_date=20230726T212403
[2023-07-26T21:24:03.129+0000] {local_task_job_runner.py:225} INFO - Task exited with return code 0
[2023-07-26T21:24:03.175+0000] {taskinstance.py:2653} INFO - 0 downstream tasks scheduled from follow-on schedule check
[2023-07-26T21:58:38.349+0000] {taskinstance.py:1103} INFO - Dependencies all met for dep_context=non-requeueable deps ti=<TaskInstance: empower_to_ggdrive.cleaning scheduled__2023-07-21T00:00:00+00:00 [queued]>
[2023-07-26T21:58:38.378+0000] {taskinstance.py:1103} INFO - Dependencies all met for dep_context=requeueable deps ti=<TaskInstance: empower_to_ggdrive.cleaning scheduled__2023-07-21T00:00:00+00:00 [queued]>
[2023-07-26T21:58:38.379+0000] {taskinstance.py:1308} INFO - Starting attempt 1 of 2
[2023-07-26T21:58:38.430+0000] {taskinstance.py:1327} INFO - Executing <Task(PythonOperator): cleaning> on 2023-07-21 00:00:00+00:00
[2023-07-26T21:58:38.438+0000] {standard_task_runner.py:57} INFO - Started process 384 to run task
[2023-07-26T21:58:38.443+0000] {standard_task_runner.py:84} INFO - Running: ['***', 'tasks', 'run', 'empower_to_ggdrive', 'cleaning', 'scheduled__2023-07-21T00:00:00+00:00', '--job-id', '188', '--raw', '--subdir', 'DAGS_FOLDER/empower_to_ggdrive.py', '--cfg-path', '/tmp/tmpuuvo4bu7']
[2023-07-26T21:58:38.456+0000] {standard_task_runner.py:85} INFO - Job 188: Subtask cleaning
[2023-07-26T21:58:38.615+0000] {task_command.py:410} INFO - Running <TaskInstance: empower_to_ggdrive.cleaning scheduled__2023-07-21T00:00:00+00:00 [running]> on host bdafa43ae894
[2023-07-26T21:58:38.858+0000] {taskinstance.py:1547} INFO - Exporting env vars: AIRFLOW_CTX_DAG_OWNER='***' AIRFLOW_CTX_DAG_ID='empower_to_ggdrive' AIRFLOW_CTX_TASK_ID='cleaning' AIRFLOW_CTX_EXECUTION_DATE='2023-07-21T00:00:00+00:00' AIRFLOW_CTX_TRY_NUMBER='1' AIRFLOW_CTX_DAG_RUN_ID='scheduled__2023-07-21T00:00:00+00:00'
[2023-07-26T21:58:40.424+0000] {python.py:183} INFO - Done. Returned value was: None
[2023-07-26T21:58:40.442+0000] {taskinstance.py:1350} INFO - Marking task as SUCCESS. dag_id=empower_to_ggdrive, task_id=cleaning, execution_date=20230721T000000, start_date=20230726T215838, end_date=20230726T215840
[2023-07-26T21:58:40.510+0000] {local_task_job_runner.py:225} INFO - Task exited with return code 0
[2023-07-26T21:58:40.543+0000] {taskinstance.py:2653} INFO - 0 downstream tasks scheduled from follow-on schedule check
