[2023-07-26T21:23:51.143+0000] {taskinstance.py:1103} INFO - Dependencies all met for dep_context=non-requeueable deps ti=<TaskInstance: empower_to_ggdrive.cleaning scheduled__2023-07-13T00:00:00+00:00 [queued]>
[2023-07-26T21:23:51.164+0000] {taskinstance.py:1103} INFO - Dependencies all met for dep_context=requeueable deps ti=<TaskInstance: empower_to_ggdrive.cleaning scheduled__2023-07-13T00:00:00+00:00 [queued]>
[2023-07-26T21:23:51.165+0000] {taskinstance.py:1308} INFO - Starting attempt 1 of 2
[2023-07-26T21:23:51.222+0000] {taskinstance.py:1327} INFO - Executing <Task(PythonOperator): cleaning> on 2023-07-13 00:00:00+00:00
[2023-07-26T21:23:51.232+0000] {standard_task_runner.py:57} INFO - Started process 177 to run task
[2023-07-26T21:23:51.245+0000] {standard_task_runner.py:84} INFO - Running: ['***', 'tasks', 'run', 'empower_to_ggdrive', 'cleaning', 'scheduled__2023-07-13T00:00:00+00:00', '--job-id', '93', '--raw', '--subdir', 'DAGS_FOLDER/empower_to_ggdrive.py', '--cfg-path', '/tmp/tmpncxvkz4j']
[2023-07-26T21:23:51.263+0000] {standard_task_runner.py:85} INFO - Job 93: Subtask cleaning
[2023-07-26T21:23:51.360+0000] {task_command.py:410} INFO - Running <TaskInstance: empower_to_ggdrive.cleaning scheduled__2023-07-13T00:00:00+00:00 [running]> on host 4139e27af0e6
[2023-07-26T21:23:51.499+0000] {taskinstance.py:1547} INFO - Exporting env vars: AIRFLOW_CTX_DAG_OWNER='***' AIRFLOW_CTX_DAG_ID='empower_to_ggdrive' AIRFLOW_CTX_TASK_ID='cleaning' AIRFLOW_CTX_EXECUTION_DATE='2023-07-13T00:00:00+00:00' AIRFLOW_CTX_TRY_NUMBER='1' AIRFLOW_CTX_DAG_RUN_ID='scheduled__2023-07-13T00:00:00+00:00'
[2023-07-26T21:23:51.651+0000] {python.py:183} INFO - Done. Returned value was: None
[2023-07-26T21:23:51.667+0000] {taskinstance.py:1350} INFO - Marking task as SUCCESS. dag_id=empower_to_ggdrive, task_id=cleaning, execution_date=20230713T000000, start_date=20230726T212351, end_date=20230726T212351
[2023-07-26T21:23:51.708+0000] {local_task_job_runner.py:225} INFO - Task exited with return code 0
[2023-07-26T21:23:51.746+0000] {taskinstance.py:2653} INFO - 0 downstream tasks scheduled from follow-on schedule check
[2023-07-26T21:58:16.680+0000] {taskinstance.py:1103} INFO - Dependencies all met for dep_context=non-requeueable deps ti=<TaskInstance: empower_to_ggdrive.cleaning scheduled__2023-07-13T00:00:00+00:00 [queued]>
[2023-07-26T21:58:16.720+0000] {taskinstance.py:1103} INFO - Dependencies all met for dep_context=requeueable deps ti=<TaskInstance: empower_to_ggdrive.cleaning scheduled__2023-07-13T00:00:00+00:00 [queued]>
[2023-07-26T21:58:16.730+0000] {taskinstance.py:1308} INFO - Starting attempt 1 of 2
[2023-07-26T21:58:16.765+0000] {taskinstance.py:1327} INFO - Executing <Task(PythonOperator): cleaning> on 2023-07-13 00:00:00+00:00
[2023-07-26T21:58:16.781+0000] {standard_task_runner.py:57} INFO - Started process 156 to run task
[2023-07-26T21:58:16.855+0000] {standard_task_runner.py:84} INFO - Running: ['***', 'tasks', 'run', 'empower_to_ggdrive', 'cleaning', 'scheduled__2023-07-13T00:00:00+00:00', '--job-id', '166', '--raw', '--subdir', 'DAGS_FOLDER/empower_to_ggdrive.py', '--cfg-path', '/tmp/tmp4_y_ces5']
[2023-07-26T21:58:16.879+0000] {standard_task_runner.py:85} INFO - Job 166: Subtask cleaning
[2023-07-26T21:58:17.326+0000] {task_command.py:410} INFO - Running <TaskInstance: empower_to_ggdrive.cleaning scheduled__2023-07-13T00:00:00+00:00 [running]> on host bdafa43ae894
[2023-07-26T21:58:17.665+0000] {taskinstance.py:1547} INFO - Exporting env vars: AIRFLOW_CTX_DAG_OWNER='***' AIRFLOW_CTX_DAG_ID='empower_to_ggdrive' AIRFLOW_CTX_TASK_ID='cleaning' AIRFLOW_CTX_EXECUTION_DATE='2023-07-13T00:00:00+00:00' AIRFLOW_CTX_TRY_NUMBER='1' AIRFLOW_CTX_DAG_RUN_ID='scheduled__2023-07-13T00:00:00+00:00'
[2023-07-26T21:58:21.555+0000] {python.py:183} INFO - Done. Returned value was: None
[2023-07-26T21:58:21.579+0000] {taskinstance.py:1350} INFO - Marking task as SUCCESS. dag_id=empower_to_ggdrive, task_id=cleaning, execution_date=20230713T000000, start_date=20230726T215816, end_date=20230726T215821
[2023-07-26T21:58:21.637+0000] {local_task_job_runner.py:225} INFO - Task exited with return code 0
[2023-07-26T21:58:21.683+0000] {taskinstance.py:2653} INFO - 0 downstream tasks scheduled from follow-on schedule check
